[2022-12-04 15:00:26,186] {taskinstance.py:1032} INFO - Dependencies all met for <TaskInstance: dag1.get_data scheduled__2022-11-09T02:10:00+00:00 [queued]>
[2022-12-04 15:00:26,198] {taskinstance.py:1032} INFO - Dependencies all met for <TaskInstance: dag1.get_data scheduled__2022-11-09T02:10:00+00:00 [queued]>
[2022-12-04 15:00:26,199] {taskinstance.py:1238} INFO - 
--------------------------------------------------------------------------------
[2022-12-04 15:00:26,199] {taskinstance.py:1239} INFO - Starting attempt 1 of 2
[2022-12-04 15:00:26,200] {taskinstance.py:1240} INFO - 
--------------------------------------------------------------------------------
[2022-12-04 15:00:26,215] {taskinstance.py:1259} INFO - Executing <Task(PythonOperator): get_data> on 2022-11-09 02:10:00+00:00
[2022-12-04 15:00:26,219] {standard_task_runner.py:52} INFO - Started process 12893 to run task
[2022-12-04 15:00:26,223] {standard_task_runner.py:76} INFO - Running: ['***', 'tasks', 'run', 'dag1', 'get_data', 'scheduled__2022-11-09T02:10:00+00:00', '--job-id', '9407', '--raw', '--subdir', 'DAGS_FOLDER/AirflowClean2.py', '--cfg-path', '/tmp/tmpfbbq3u3g', '--error-file', '/tmp/tmp0q2w2zgs']
[2022-12-04 15:00:26,225] {standard_task_runner.py:77} INFO - Job 9407: Subtask get_data
[2022-12-04 15:00:26,291] {logging_mixin.py:109} INFO - Running <TaskInstance: dag1.get_data scheduled__2022-11-09T02:10:00+00:00 [running]> on host 7a020590adae
[2022-12-04 15:00:26,361] {taskinstance.py:1426} INFO - Exporting the following env vars:
AIRFLOW_CTX_DAG_OWNER=Fadlil
AIRFLOW_CTX_DAG_ID=dag1
AIRFLOW_CTX_TASK_ID=get_data
AIRFLOW_CTX_EXECUTION_DATE=2022-11-09T02:10:00+00:00
AIRFLOW_CTX_DAG_RUN_ID=scheduled__2022-11-09T02:10:00+00:00
[2022-12-04 15:00:27,173] {python.py:175} INFO - Done. Returned value was: None
[2022-12-04 15:00:27,225] {taskinstance.py:1277} INFO - Marking task as SUCCESS. dag_id=dag1, task_id=get_data, execution_date=20221109T021000, start_date=20221204T150026, end_date=20221204T150027
[2022-12-04 15:00:27,297] {local_task_job.py:154} INFO - Task exited with return code 0
[2022-12-04 15:00:27,907] {local_task_job.py:264} INFO - 0 downstream tasks scheduled from follow-on schedule check
