[2022-12-04 10:56:59,216] {taskinstance.py:1032} INFO - Dependencies all met for <TaskInstance: dag1.save_to_csv scheduled__2022-11-03T06:20:00+00:00 [queued]>
[2022-12-04 10:56:59,290] {taskinstance.py:1032} INFO - Dependencies all met for <TaskInstance: dag1.save_to_csv scheduled__2022-11-03T06:20:00+00:00 [queued]>
[2022-12-04 10:56:59,294] {taskinstance.py:1238} INFO - 
--------------------------------------------------------------------------------
[2022-12-04 10:56:59,303] {taskinstance.py:1239} INFO - Starting attempt 1 of 2
[2022-12-04 10:56:59,310] {taskinstance.py:1240} INFO - 
--------------------------------------------------------------------------------
[2022-12-04 10:56:59,436] {taskinstance.py:1259} INFO - Executing <Task(PythonOperator): save_to_csv> on 2022-11-03 06:20:00+00:00
[2022-12-04 10:56:59,478] {standard_task_runner.py:52} INFO - Started process 10700 to run task
[2022-12-04 10:56:59,510] {standard_task_runner.py:76} INFO - Running: ['***', 'tasks', 'run', 'dag1', 'save_to_csv', 'scheduled__2022-11-03T06:20:00+00:00', '--job-id', '4679', '--raw', '--subdir', 'DAGS_FOLDER/AirflowClean2.py', '--cfg-path', '/tmp/tmpsitzqi3s', '--error-file', '/tmp/tmprj_krrzr']
[2022-12-04 10:56:59,532] {standard_task_runner.py:77} INFO - Job 4679: Subtask save_to_csv
[2022-12-04 10:57:01,040] {logging_mixin.py:109} INFO - Running <TaskInstance: dag1.save_to_csv scheduled__2022-11-03T06:20:00+00:00 [running]> on host 9e44869ff3ef
[2022-12-04 10:57:02,697] {taskinstance.py:1426} INFO - Exporting the following env vars:
AIRFLOW_CTX_DAG_OWNER=Fadlil
AIRFLOW_CTX_DAG_ID=dag1
AIRFLOW_CTX_TASK_ID=save_to_csv
AIRFLOW_CTX_EXECUTION_DATE=2022-11-03T06:20:00+00:00
AIRFLOW_CTX_DAG_RUN_ID=scheduled__2022-11-03T06:20:00+00:00
[2022-12-04 10:57:02,777] {python.py:175} INFO - Done. Returned value was: None
[2022-12-04 10:57:03,739] {taskinstance.py:1277} INFO - Marking task as SUCCESS. dag_id=dag1, task_id=save_to_csv, execution_date=20221103T062000, start_date=20221204T105659, end_date=20221204T105703
[2022-12-04 10:57:03,944] {local_task_job.py:154} INFO - Task exited with return code 0
[2022-12-04 10:57:04,828] {local_task_job.py:264} INFO - 1 downstream tasks scheduled from follow-on schedule check
