[2022-12-04 17:48:07,056] {taskinstance.py:1032} INFO - Dependencies all met for <TaskInstance: dag1.save_to_parquet scheduled__2022-11-10T15:00:00+00:00 [queued]>
[2022-12-04 17:48:07,125] {taskinstance.py:1032} INFO - Dependencies all met for <TaskInstance: dag1.save_to_parquet scheduled__2022-11-10T15:00:00+00:00 [queued]>
[2022-12-04 17:48:07,126] {taskinstance.py:1238} INFO - 
--------------------------------------------------------------------------------
[2022-12-04 17:48:07,130] {taskinstance.py:1239} INFO - Starting attempt 2 of 2
[2022-12-04 17:48:07,131] {taskinstance.py:1240} INFO - 
--------------------------------------------------------------------------------
[2022-12-04 17:48:07,285] {taskinstance.py:1259} INFO - Executing <Task(PythonOperator): save_to_parquet> on 2022-11-10 15:00:00+00:00
[2022-12-04 17:48:07,295] {standard_task_runner.py:52} INFO - Started process 20173 to run task
[2022-12-04 17:48:07,311] {standard_task_runner.py:76} INFO - Running: ['***', 'tasks', 'run', 'dag1', 'save_to_parquet', 'scheduled__2022-11-10T15:00:00+00:00', '--job-id', '10920', '--raw', '--subdir', 'DAGS_FOLDER/AirflowClean2.py', '--cfg-path', '/tmp/tmpf9fgh4fs', '--error-file', '/tmp/tmpnan69fvx']
[2022-12-04 17:48:07,329] {standard_task_runner.py:77} INFO - Job 10920: Subtask save_to_parquet
[2022-12-04 17:48:07,570] {logging_mixin.py:109} INFO - Running <TaskInstance: dag1.save_to_parquet scheduled__2022-11-10T15:00:00+00:00 [running]> on host 7a020590adae
[2022-12-04 17:48:07,978] {taskinstance.py:1426} INFO - Exporting the following env vars:
AIRFLOW_CTX_DAG_OWNER=Fadlil
AIRFLOW_CTX_DAG_ID=dag1
AIRFLOW_CTX_TASK_ID=save_to_parquet
AIRFLOW_CTX_EXECUTION_DATE=2022-11-10T15:00:00+00:00
AIRFLOW_CTX_DAG_RUN_ID=scheduled__2022-11-10T15:00:00+00:00
[2022-12-04 17:48:08,117] {python.py:175} INFO - Done. Returned value was: None
[2022-12-04 17:48:08,163] {taskinstance.py:1277} INFO - Marking task as SUCCESS. dag_id=dag1, task_id=save_to_parquet, execution_date=20221110T150000, start_date=20221204T174807, end_date=20221204T174808
[2022-12-04 17:48:08,420] {local_task_job.py:154} INFO - Task exited with return code 0
[2022-12-04 17:48:09,390] {local_task_job.py:264} INFO - 0 downstream tasks scheduled from follow-on schedule check
