[2022-12-04 10:59:39,528] {taskinstance.py:1032} INFO - Dependencies all met for <TaskInstance: dag1.get_data scheduled__2022-11-03T13:50:00+00:00 [queued]>
[2022-12-04 10:59:40,834] {taskinstance.py:1032} INFO - Dependencies all met for <TaskInstance: dag1.get_data scheduled__2022-11-03T13:50:00+00:00 [queued]>
[2022-12-04 10:59:40,840] {taskinstance.py:1238} INFO - 
--------------------------------------------------------------------------------
[2022-12-04 10:59:40,846] {taskinstance.py:1239} INFO - Starting attempt 1 of 2
[2022-12-04 10:59:40,852] {taskinstance.py:1240} INFO - 
--------------------------------------------------------------------------------
[2022-12-04 10:59:41,083] {taskinstance.py:1259} INFO - Executing <Task(PythonOperator): get_data> on 2022-11-03 13:50:00+00:00
[2022-12-04 10:59:41,091] {standard_task_runner.py:52} INFO - Started process 11295 to run task
[2022-12-04 10:59:41,127] {standard_task_runner.py:76} INFO - Running: ['***', 'tasks', 'run', 'dag1', 'get_data', 'scheduled__2022-11-03T13:50:00+00:00', '--job-id', '4847', '--raw', '--subdir', 'DAGS_FOLDER/AirflowClean2.py', '--cfg-path', '/tmp/tmpfuh0lv_v', '--error-file', '/tmp/tmpvo63smhm']
[2022-12-04 10:59:41,170] {standard_task_runner.py:77} INFO - Job 4847: Subtask get_data
[2022-12-04 10:59:41,584] {logging_mixin.py:109} INFO - Running <TaskInstance: dag1.get_data scheduled__2022-11-03T13:50:00+00:00 [running]> on host 9e44869ff3ef
[2022-12-04 10:59:41,967] {taskinstance.py:1426} INFO - Exporting the following env vars:
AIRFLOW_CTX_DAG_OWNER=Fadlil
AIRFLOW_CTX_DAG_ID=dag1
AIRFLOW_CTX_TASK_ID=get_data
AIRFLOW_CTX_EXECUTION_DATE=2022-11-03T13:50:00+00:00
AIRFLOW_CTX_DAG_RUN_ID=scheduled__2022-11-03T13:50:00+00:00
[2022-12-04 10:59:42,816] {python.py:175} INFO - Done. Returned value was: None
[2022-12-04 10:59:43,685] {taskinstance.py:1277} INFO - Marking task as SUCCESS. dag_id=dag1, task_id=get_data, execution_date=20221103T135000, start_date=20221204T105939, end_date=20221204T105943
[2022-12-04 10:59:43,789] {local_task_job.py:154} INFO - Task exited with return code 0
[2022-12-04 10:59:43,895] {local_task_job.py:264} INFO - 1 downstream tasks scheduled from follow-on schedule check
