[2022-12-04 10:40:52,311] {taskinstance.py:1032} INFO - Dependencies all met for <TaskInstance: dag1.save_to_parquet scheduled__2022-11-01T14:00:00+00:00 [queued]>
[2022-12-04 10:40:52,349] {taskinstance.py:1032} INFO - Dependencies all met for <TaskInstance: dag1.save_to_parquet scheduled__2022-11-01T14:00:00+00:00 [queued]>
[2022-12-04 10:40:52,353] {taskinstance.py:1238} INFO - 
--------------------------------------------------------------------------------
[2022-12-04 10:40:52,361] {taskinstance.py:1239} INFO - Starting attempt 1 of 2
[2022-12-04 10:40:52,373] {taskinstance.py:1240} INFO - 
--------------------------------------------------------------------------------
[2022-12-04 10:40:52,458] {taskinstance.py:1259} INFO - Executing <Task(PythonOperator): save_to_parquet> on 2022-11-01 14:00:00+00:00
[2022-12-04 10:40:52,466] {standard_task_runner.py:52} INFO - Started process 7303 to run task
[2022-12-04 10:40:52,497] {standard_task_runner.py:76} INFO - Running: ['***', 'tasks', 'run', 'dag1', 'save_to_parquet', 'scheduled__2022-11-01T14:00:00+00:00', '--job-id', '3702', '--raw', '--subdir', 'DAGS_FOLDER/AirflowClean2.py', '--cfg-path', '/tmp/tmp06ulcgp4', '--error-file', '/tmp/tmpfgfq7y05']
[2022-12-04 10:40:52,502] {standard_task_runner.py:77} INFO - Job 3702: Subtask save_to_parquet
[2022-12-04 10:40:53,609] {logging_mixin.py:109} INFO - Running <TaskInstance: dag1.save_to_parquet scheduled__2022-11-01T14:00:00+00:00 [running]> on host 9e44869ff3ef
[2022-12-04 10:40:53,993] {taskinstance.py:1426} INFO - Exporting the following env vars:
AIRFLOW_CTX_DAG_OWNER=Fadlil
AIRFLOW_CTX_DAG_ID=dag1
AIRFLOW_CTX_TASK_ID=save_to_parquet
AIRFLOW_CTX_EXECUTION_DATE=2022-11-01T14:00:00+00:00
AIRFLOW_CTX_DAG_RUN_ID=scheduled__2022-11-01T14:00:00+00:00
[2022-12-04 10:40:54,117] {python.py:175} INFO - Done. Returned value was: None
[2022-12-04 10:40:54,176] {taskinstance.py:1277} INFO - Marking task as SUCCESS. dag_id=dag1, task_id=save_to_parquet, execution_date=20221101T140000, start_date=20221204T104052, end_date=20221204T104054
[2022-12-04 10:40:54,353] {local_task_job.py:154} INFO - Task exited with return code 0
[2022-12-04 10:40:54,531] {local_task_job.py:264} INFO - 1 downstream tasks scheduled from follow-on schedule check
