[2022-12-04 14:49:46,456] {taskinstance.py:1032} INFO - Dependencies all met for <TaskInstance: dag1.bigquery_external_table_task scheduled__2022-11-08T20:30:00+00:00 [queued]>
[2022-12-04 14:49:46,477] {taskinstance.py:1032} INFO - Dependencies all met for <TaskInstance: dag1.bigquery_external_table_task scheduled__2022-11-08T20:30:00+00:00 [queued]>
[2022-12-04 14:49:46,478] {taskinstance.py:1238} INFO - 
--------------------------------------------------------------------------------
[2022-12-04 14:49:46,479] {taskinstance.py:1239} INFO - Starting attempt 1 of 2
[2022-12-04 14:49:46,480] {taskinstance.py:1240} INFO - 
--------------------------------------------------------------------------------
[2022-12-04 14:49:46,513] {taskinstance.py:1259} INFO - Executing <Task(BigQueryCreateExternalTableOperator): bigquery_external_table_task> on 2022-11-08 20:30:00+00:00
[2022-12-04 14:49:46,536] {standard_task_runner.py:52} INFO - Started process 11897 to run task
[2022-12-04 14:49:46,542] {standard_task_runner.py:76} INFO - Running: ['***', 'tasks', 'run', 'dag1', 'bigquery_external_table_task', 'scheduled__2022-11-08T20:30:00+00:00', '--job-id', '9205', '--raw', '--subdir', 'DAGS_FOLDER/AirflowClean2.py', '--cfg-path', '/tmp/tmph9s3opyb', '--error-file', '/tmp/tmpz63xvz3e']
[2022-12-04 14:49:46,545] {standard_task_runner.py:77} INFO - Job 9205: Subtask bigquery_external_table_task
[2022-12-04 14:49:46,803] {logging_mixin.py:109} INFO - Running <TaskInstance: dag1.bigquery_external_table_task scheduled__2022-11-08T20:30:00+00:00 [running]> on host 7a020590adae
[2022-12-04 14:49:47,067] {taskinstance.py:1426} INFO - Exporting the following env vars:
AIRFLOW_CTX_DAG_OWNER=Fadlil
AIRFLOW_CTX_DAG_ID=dag1
AIRFLOW_CTX_TASK_ID=bigquery_external_table_task
AIRFLOW_CTX_EXECUTION_DATE=2022-11-08T20:30:00+00:00
AIRFLOW_CTX_DAG_RUN_ID=scheduled__2022-11-08T20:30:00+00:00
[2022-12-04 14:49:47,075] {crypto.py:82} WARNING - empty cryptography key - values will not be stored encrypted.
[2022-12-04 14:49:48,491] {taskinstance.py:1277} INFO - Marking task as SUCCESS. dag_id=dag1, task_id=bigquery_external_table_task, execution_date=20221108T203000, start_date=20221204T144946, end_date=20221204T144948
[2022-12-04 14:49:48,529] {local_task_job.py:154} INFO - Task exited with return code 0
[2022-12-04 14:49:48,582] {local_task_job.py:264} INFO - 1 downstream tasks scheduled from follow-on schedule check
