[2022-12-04 14:17:30,866] {taskinstance.py:1032} INFO - Dependencies all met for <TaskInstance: dag1.save_to_parquet scheduled__2022-11-08T02:40:00+00:00 [queued]>
[2022-12-04 14:17:30,886] {taskinstance.py:1032} INFO - Dependencies all met for <TaskInstance: dag1.save_to_parquet scheduled__2022-11-08T02:40:00+00:00 [queued]>
[2022-12-04 14:17:30,886] {taskinstance.py:1238} INFO - 
--------------------------------------------------------------------------------
[2022-12-04 14:17:30,887] {taskinstance.py:1239} INFO - Starting attempt 2 of 2
[2022-12-04 14:17:30,887] {taskinstance.py:1240} INFO - 
--------------------------------------------------------------------------------
[2022-12-04 14:17:30,920] {taskinstance.py:1259} INFO - Executing <Task(PythonOperator): save_to_parquet> on 2022-11-08 02:40:00+00:00
[2022-12-04 14:17:30,929] {standard_task_runner.py:52} INFO - Started process 9009 to run task
[2022-12-04 14:17:30,940] {standard_task_runner.py:76} INFO - Running: ['***', 'tasks', 'run', 'dag1', 'save_to_parquet', 'scheduled__2022-11-08T02:40:00+00:00', '--job-id', '8598', '--raw', '--subdir', 'DAGS_FOLDER/AirflowClean2.py', '--cfg-path', '/tmp/tmpf8qbd37b', '--error-file', '/tmp/tmp6d3i0g78']
[2022-12-04 14:17:30,942] {standard_task_runner.py:77} INFO - Job 8598: Subtask save_to_parquet
[2022-12-04 14:17:31,035] {logging_mixin.py:109} INFO - Running <TaskInstance: dag1.save_to_parquet scheduled__2022-11-08T02:40:00+00:00 [running]> on host 7a020590adae
[2022-12-04 14:17:31,127] {taskinstance.py:1426} INFO - Exporting the following env vars:
AIRFLOW_CTX_DAG_OWNER=Fadlil
AIRFLOW_CTX_DAG_ID=dag1
AIRFLOW_CTX_TASK_ID=save_to_parquet
AIRFLOW_CTX_EXECUTION_DATE=2022-11-08T02:40:00+00:00
AIRFLOW_CTX_DAG_RUN_ID=scheduled__2022-11-08T02:40:00+00:00
[2022-12-04 14:17:31,179] {python.py:175} INFO - Done. Returned value was: None
[2022-12-04 14:17:31,198] {taskinstance.py:1277} INFO - Marking task as SUCCESS. dag_id=dag1, task_id=save_to_parquet, execution_date=20221108T024000, start_date=20221204T141730, end_date=20221204T141731
[2022-12-04 14:17:31,269] {local_task_job.py:154} INFO - Task exited with return code 0
[2022-12-04 14:17:31,334] {local_task_job.py:264} INFO - 1 downstream tasks scheduled from follow-on schedule check
