[2022-12-04 09:26:52,942] {taskinstance.py:1032} INFO - Dependencies all met for <TaskInstance: dag1.save_to_csv scheduled__2022-10-29T20:40:00+00:00 [queued]>
[2022-12-04 09:26:53,000] {taskinstance.py:1032} INFO - Dependencies all met for <TaskInstance: dag1.save_to_csv scheduled__2022-10-29T20:40:00+00:00 [queued]>
[2022-12-04 09:26:53,001] {taskinstance.py:1238} INFO - 
--------------------------------------------------------------------------------
[2022-12-04 09:26:53,001] {taskinstance.py:1239} INFO - Starting attempt 1 of 2
[2022-12-04 09:26:53,002] {taskinstance.py:1240} INFO - 
--------------------------------------------------------------------------------
[2022-12-04 09:26:53,091] {taskinstance.py:1259} INFO - Executing <Task(PythonOperator): save_to_csv> on 2022-10-29 20:40:00+00:00
[2022-12-04 09:26:53,163] {standard_task_runner.py:76} INFO - Running: ['***', 'tasks', 'run', 'dag1', 'save_to_csv', 'scheduled__2022-10-29T20:40:00+00:00', '--job-id', '2268', '--raw', '--subdir', 'DAGS_FOLDER/AirflowClean2.py', '--cfg-path', '/tmp/tmp837s_fbf', '--error-file', '/tmp/tmpwhe5taxi']
[2022-12-04 09:26:53,098] {standard_task_runner.py:52} INFO - Started process 461 to run task
[2022-12-04 09:26:53,220] {standard_task_runner.py:77} INFO - Job 2268: Subtask save_to_csv
[2022-12-04 09:26:53,824] {logging_mixin.py:109} INFO - Running <TaskInstance: dag1.save_to_csv scheduled__2022-10-29T20:40:00+00:00 [running]> on host 9e44869ff3ef
[2022-12-04 09:26:54,265] {taskinstance.py:1426} INFO - Exporting the following env vars:
AIRFLOW_CTX_DAG_OWNER=Fadlil
AIRFLOW_CTX_DAG_ID=dag1
AIRFLOW_CTX_TASK_ID=save_to_csv
AIRFLOW_CTX_EXECUTION_DATE=2022-10-29T20:40:00+00:00
AIRFLOW_CTX_DAG_RUN_ID=scheduled__2022-10-29T20:40:00+00:00
[2022-12-04 09:26:54,418] {python.py:175} INFO - Done. Returned value was: None
[2022-12-04 09:26:54,915] {taskinstance.py:1277} INFO - Marking task as SUCCESS. dag_id=dag1, task_id=save_to_csv, execution_date=20221029T204000, start_date=20221204T092652, end_date=20221204T092654
[2022-12-04 09:26:55,293] {local_task_job.py:154} INFO - Task exited with return code 0
[2022-12-04 09:26:55,611] {local_task_job.py:264} INFO - 1 downstream tasks scheduled from follow-on schedule check
