[2022-12-04 09:26:52,511] {taskinstance.py:1032} INFO - Dependencies all met for <TaskInstance: dag1.save_to_parquet scheduled__2022-10-29T20:00:00+00:00 [queued]>
[2022-12-04 09:26:52,691] {taskinstance.py:1032} INFO - Dependencies all met for <TaskInstance: dag1.save_to_parquet scheduled__2022-10-29T20:00:00+00:00 [queued]>
[2022-12-04 09:26:52,692] {taskinstance.py:1238} INFO - 
--------------------------------------------------------------------------------
[2022-12-04 09:26:52,707] {taskinstance.py:1239} INFO - Starting attempt 1 of 2
[2022-12-04 09:26:52,708] {taskinstance.py:1240} INFO - 
--------------------------------------------------------------------------------
[2022-12-04 09:26:52,826] {taskinstance.py:1259} INFO - Executing <Task(PythonOperator): save_to_parquet> on 2022-10-29 20:00:00+00:00
[2022-12-04 09:26:52,835] {standard_task_runner.py:52} INFO - Started process 459 to run task
[2022-12-04 09:26:52,894] {standard_task_runner.py:76} INFO - Running: ['***', 'tasks', 'run', 'dag1', 'save_to_parquet', 'scheduled__2022-10-29T20:00:00+00:00', '--job-id', '2265', '--raw', '--subdir', 'DAGS_FOLDER/AirflowClean2.py', '--cfg-path', '/tmp/tmpm56n7t99', '--error-file', '/tmp/tmp3fe4f39l']
[2022-12-04 09:26:52,959] {standard_task_runner.py:77} INFO - Job 2265: Subtask save_to_parquet
[2022-12-04 09:26:53,576] {logging_mixin.py:109} INFO - Running <TaskInstance: dag1.save_to_parquet scheduled__2022-10-29T20:00:00+00:00 [running]> on host 9e44869ff3ef
[2022-12-04 09:26:53,967] {taskinstance.py:1426} INFO - Exporting the following env vars:
AIRFLOW_CTX_DAG_OWNER=Fadlil
AIRFLOW_CTX_DAG_ID=dag1
AIRFLOW_CTX_TASK_ID=save_to_parquet
AIRFLOW_CTX_EXECUTION_DATE=2022-10-29T20:00:00+00:00
AIRFLOW_CTX_DAG_RUN_ID=scheduled__2022-10-29T20:00:00+00:00
[2022-12-04 09:26:54,938] {python.py:175} INFO - Done. Returned value was: None
[2022-12-04 09:26:55,052] {taskinstance.py:1277} INFO - Marking task as SUCCESS. dag_id=dag1, task_id=save_to_parquet, execution_date=20221029T200000, start_date=20221204T092652, end_date=20221204T092655
[2022-12-04 09:26:55,345] {local_task_job.py:154} INFO - Task exited with return code 0
[2022-12-04 09:26:55,603] {local_task_job.py:264} INFO - 0 downstream tasks scheduled from follow-on schedule check
