[2022-12-04 09:54:04,281] {taskinstance.py:1032} INFO - Dependencies all met for <TaskInstance: dag1.get_data scheduled__2022-10-30T16:30:00+00:00 [queued]>
[2022-12-04 09:54:04,593] {taskinstance.py:1032} INFO - Dependencies all met for <TaskInstance: dag1.get_data scheduled__2022-10-30T16:30:00+00:00 [queued]>
[2022-12-04 09:54:04,597] {taskinstance.py:1238} INFO - 
--------------------------------------------------------------------------------
[2022-12-04 09:54:04,598] {taskinstance.py:1239} INFO - Starting attempt 1 of 2
[2022-12-04 09:54:04,600] {taskinstance.py:1240} INFO - 
--------------------------------------------------------------------------------
[2022-12-04 09:54:04,675] {taskinstance.py:1259} INFO - Executing <Task(PythonOperator): get_data> on 2022-10-30 16:30:00+00:00
[2022-12-04 09:54:04,690] {standard_task_runner.py:52} INFO - Started process 2506 to run task
[2022-12-04 09:54:04,704] {standard_task_runner.py:76} INFO - Running: ['***', 'tasks', 'run', 'dag1', 'get_data', 'scheduled__2022-10-30T16:30:00+00:00', '--job-id', '2622', '--raw', '--subdir', 'DAGS_FOLDER/AirflowClean2.py', '--cfg-path', '/tmp/tmppwirzo50', '--error-file', '/tmp/tmp5xeusssh']
[2022-12-04 09:54:04,709] {standard_task_runner.py:77} INFO - Job 2622: Subtask get_data
[2022-12-04 09:54:04,890] {logging_mixin.py:109} INFO - Running <TaskInstance: dag1.get_data scheduled__2022-10-30T16:30:00+00:00 [running]> on host 9e44869ff3ef
[2022-12-04 09:54:05,031] {taskinstance.py:1426} INFO - Exporting the following env vars:
AIRFLOW_CTX_DAG_OWNER=Fadlil
AIRFLOW_CTX_DAG_ID=dag1
AIRFLOW_CTX_TASK_ID=get_data
AIRFLOW_CTX_EXECUTION_DATE=2022-10-30T16:30:00+00:00
AIRFLOW_CTX_DAG_RUN_ID=scheduled__2022-10-30T16:30:00+00:00
[2022-12-04 09:54:05,805] {python.py:175} INFO - Done. Returned value was: None
[2022-12-04 09:54:06,216] {taskinstance.py:1277} INFO - Marking task as SUCCESS. dag_id=dag1, task_id=get_data, execution_date=20221030T163000, start_date=20221204T095404, end_date=20221204T095406
[2022-12-04 09:54:06,310] {local_task_job.py:154} INFO - Task exited with return code 0
[2022-12-04 09:54:06,475] {local_task_job.py:264} INFO - 1 downstream tasks scheduled from follow-on schedule check
