[2022-12-04 12:46:19,661] {taskinstance.py:1032} INFO - Dependencies all met for <TaskInstance: dag1.get_data scheduled__2022-11-06T07:30:00+00:00 [queued]>
[2022-12-04 12:46:19,679] {taskinstance.py:1032} INFO - Dependencies all met for <TaskInstance: dag1.get_data scheduled__2022-11-06T07:30:00+00:00 [queued]>
[2022-12-04 12:46:19,679] {taskinstance.py:1238} INFO - 
--------------------------------------------------------------------------------
[2022-12-04 12:46:19,680] {taskinstance.py:1239} INFO - Starting attempt 1 of 2
[2022-12-04 12:46:19,680] {taskinstance.py:1240} INFO - 
--------------------------------------------------------------------------------
[2022-12-04 12:46:19,705] {taskinstance.py:1259} INFO - Executing <Task(PythonOperator): get_data> on 2022-11-06 07:30:00+00:00
[2022-12-04 12:46:19,713] {standard_task_runner.py:52} INFO - Started process 773 to run task
[2022-12-04 12:46:19,719] {standard_task_runner.py:76} INFO - Running: ['***', 'tasks', 'run', 'dag1', 'get_data', 'scheduled__2022-11-06T07:30:00+00:00', '--job-id', '6860', '--raw', '--subdir', 'DAGS_FOLDER/AirflowClean2.py', '--cfg-path', '/tmp/tmpm5bnynwv', '--error-file', '/tmp/tmp10ii4giy']
[2022-12-04 12:46:19,727] {standard_task_runner.py:77} INFO - Job 6860: Subtask get_data
[2022-12-04 12:46:19,901] {logging_mixin.py:109} INFO - Running <TaskInstance: dag1.get_data scheduled__2022-11-06T07:30:00+00:00 [running]> on host 7a020590adae
[2022-12-04 12:46:20,202] {taskinstance.py:1426} INFO - Exporting the following env vars:
AIRFLOW_CTX_DAG_OWNER=Fadlil
AIRFLOW_CTX_DAG_ID=dag1
AIRFLOW_CTX_TASK_ID=get_data
AIRFLOW_CTX_EXECUTION_DATE=2022-11-06T07:30:00+00:00
AIRFLOW_CTX_DAG_RUN_ID=scheduled__2022-11-06T07:30:00+00:00
[2022-12-04 12:46:20,942] {python.py:175} INFO - Done. Returned value was: None
[2022-12-04 12:46:21,002] {taskinstance.py:1277} INFO - Marking task as SUCCESS. dag_id=dag1, task_id=get_data, execution_date=20221106T073000, start_date=20221204T124619, end_date=20221204T124621
[2022-12-04 12:46:21,143] {local_task_job.py:154} INFO - Task exited with return code 0
[2022-12-04 12:46:21,482] {local_task_job.py:264} INFO - 1 downstream tasks scheduled from follow-on schedule check
