[2022-12-04 09:28:20,017] {taskinstance.py:1032} INFO - Dependencies all met for <TaskInstance: dag1.save_to_parquet scheduled__2022-10-30T02:30:00+00:00 [queued]>
[2022-12-04 09:28:20,037] {taskinstance.py:1032} INFO - Dependencies all met for <TaskInstance: dag1.save_to_parquet scheduled__2022-10-30T02:30:00+00:00 [queued]>
[2022-12-04 09:28:20,038] {taskinstance.py:1238} INFO - 
--------------------------------------------------------------------------------
[2022-12-04 09:28:20,038] {taskinstance.py:1239} INFO - Starting attempt 1 of 2
[2022-12-04 09:28:20,040] {taskinstance.py:1240} INFO - 
--------------------------------------------------------------------------------
[2022-12-04 09:28:20,064] {taskinstance.py:1259} INFO - Executing <Task(PythonOperator): save_to_parquet> on 2022-10-30 02:30:00+00:00
[2022-12-04 09:28:20,072] {standard_task_runner.py:52} INFO - Started process 817 to run task
[2022-12-04 09:28:20,100] {standard_task_runner.py:76} INFO - Running: ['***', 'tasks', 'run', 'dag1', 'save_to_parquet', 'scheduled__2022-10-30T02:30:00+00:00', '--job-id', '2377', '--raw', '--subdir', 'DAGS_FOLDER/AirflowClean2.py', '--cfg-path', '/tmp/tmpky8_tzsd', '--error-file', '/tmp/tmpdbh_rfll']
[2022-12-04 09:28:20,101] {standard_task_runner.py:77} INFO - Job 2377: Subtask save_to_parquet
[2022-12-04 09:28:20,280] {logging_mixin.py:109} INFO - Running <TaskInstance: dag1.save_to_parquet scheduled__2022-10-30T02:30:00+00:00 [running]> on host 9e44869ff3ef
[2022-12-04 09:28:20,420] {taskinstance.py:1426} INFO - Exporting the following env vars:
AIRFLOW_CTX_DAG_OWNER=Fadlil
AIRFLOW_CTX_DAG_ID=dag1
AIRFLOW_CTX_TASK_ID=save_to_parquet
AIRFLOW_CTX_EXECUTION_DATE=2022-10-30T02:30:00+00:00
AIRFLOW_CTX_DAG_RUN_ID=scheduled__2022-10-30T02:30:00+00:00
[2022-12-04 09:28:20,480] {python.py:175} INFO - Done. Returned value was: None
[2022-12-04 09:28:20,502] {taskinstance.py:1277} INFO - Marking task as SUCCESS. dag_id=dag1, task_id=save_to_parquet, execution_date=20221030T023000, start_date=20221204T092820, end_date=20221204T092820
[2022-12-04 09:28:20,541] {local_task_job.py:154} INFO - Task exited with return code 0
[2022-12-04 09:28:20,604] {local_task_job.py:264} INFO - 0 downstream tasks scheduled from follow-on schedule check
