[2022-12-04 05:19:11,542] {taskinstance.py:1032} INFO - Dependencies all met for <TaskInstance: dag1.save_to_csv scheduled__2022-10-29T10:20:00+00:00 [queued]>
[2022-12-04 05:19:11,697] {taskinstance.py:1032} INFO - Dependencies all met for <TaskInstance: dag1.save_to_csv scheduled__2022-10-29T10:20:00+00:00 [queued]>
[2022-12-04 05:19:11,723] {taskinstance.py:1238} INFO - 
--------------------------------------------------------------------------------
[2022-12-04 05:19:11,729] {taskinstance.py:1239} INFO - Starting attempt 1 of 2
[2022-12-04 05:19:11,741] {taskinstance.py:1240} INFO - 
--------------------------------------------------------------------------------
[2022-12-04 05:19:11,910] {taskinstance.py:1259} INFO - Executing <Task(PythonOperator): save_to_csv> on 2022-10-29 10:20:00+00:00
[2022-12-04 05:19:11,924] {standard_task_runner.py:52} INFO - Started process 8239 to run task
[2022-12-04 05:19:11,955] {standard_task_runner.py:76} INFO - Running: ['***', 'tasks', 'run', 'dag1', 'save_to_csv', 'scheduled__2022-10-29T10:20:00+00:00', '--job-id', '1998', '--raw', '--subdir', 'DAGS_FOLDER/AirflowClean2.py', '--cfg-path', '/tmp/tmp89s2bda9', '--error-file', '/tmp/tmpxdmmwk_c']
[2022-12-04 05:19:11,962] {standard_task_runner.py:77} INFO - Job 1998: Subtask save_to_csv
[2022-12-04 05:19:12,299] {logging_mixin.py:109} INFO - Running <TaskInstance: dag1.save_to_csv scheduled__2022-10-29T10:20:00+00:00 [running]> on host 422c372562ce
[2022-12-04 05:19:12,866] {taskinstance.py:1426} INFO - Exporting the following env vars:
AIRFLOW_CTX_DAG_OWNER=Fadlil
AIRFLOW_CTX_DAG_ID=dag1
AIRFLOW_CTX_TASK_ID=save_to_csv
AIRFLOW_CTX_EXECUTION_DATE=2022-10-29T10:20:00+00:00
AIRFLOW_CTX_DAG_RUN_ID=scheduled__2022-10-29T10:20:00+00:00
[2022-12-04 05:19:13,515] {python.py:175} INFO - Done. Returned value was: None
[2022-12-04 05:19:14,763] {taskinstance.py:1277} INFO - Marking task as SUCCESS. dag_id=dag1, task_id=save_to_csv, execution_date=20221029T102000, start_date=20221204T051911, end_date=20221204T051914
[2022-12-04 05:19:14,895] {local_task_job.py:154} INFO - Task exited with return code 0
[2022-12-04 05:19:15,280] {local_task_job.py:264} INFO - 1 downstream tasks scheduled from follow-on schedule check
