[2022-12-04 10:47:47,594] {taskinstance.py:1032} INFO - Dependencies all met for <TaskInstance: dag1.save_to_csv scheduled__2022-11-02T06:00:00+00:00 [queued]>
[2022-12-04 10:47:48,224] {taskinstance.py:1032} INFO - Dependencies all met for <TaskInstance: dag1.save_to_csv scheduled__2022-11-02T06:00:00+00:00 [queued]>
[2022-12-04 10:47:48,227] {taskinstance.py:1238} INFO - 
--------------------------------------------------------------------------------
[2022-12-04 10:47:48,229] {taskinstance.py:1239} INFO - Starting attempt 1 of 2
[2022-12-04 10:47:48,230] {taskinstance.py:1240} INFO - 
--------------------------------------------------------------------------------
[2022-12-04 10:47:48,379] {taskinstance.py:1259} INFO - Executing <Task(PythonOperator): save_to_csv> on 2022-11-02 06:00:00+00:00
[2022-12-04 10:47:48,432] {standard_task_runner.py:52} INFO - Started process 8664 to run task
[2022-12-04 10:47:48,517] {standard_task_runner.py:76} INFO - Running: ['***', 'tasks', 'run', 'dag1', 'save_to_csv', 'scheduled__2022-11-02T06:00:00+00:00', '--job-id', '4088', '--raw', '--subdir', 'DAGS_FOLDER/AirflowClean2.py', '--cfg-path', '/tmp/tmpha0m6r1b', '--error-file', '/tmp/tmpl2hai1o4']
[2022-12-04 10:47:48,527] {standard_task_runner.py:77} INFO - Job 4088: Subtask save_to_csv
[2022-12-04 10:47:48,815] {logging_mixin.py:109} INFO - Running <TaskInstance: dag1.save_to_csv scheduled__2022-11-02T06:00:00+00:00 [running]> on host 9e44869ff3ef
[2022-12-04 10:47:49,127] {taskinstance.py:1426} INFO - Exporting the following env vars:
AIRFLOW_CTX_DAG_OWNER=Fadlil
AIRFLOW_CTX_DAG_ID=dag1
AIRFLOW_CTX_TASK_ID=save_to_csv
AIRFLOW_CTX_EXECUTION_DATE=2022-11-02T06:00:00+00:00
AIRFLOW_CTX_DAG_RUN_ID=scheduled__2022-11-02T06:00:00+00:00
[2022-12-04 10:47:49,222] {python.py:175} INFO - Done. Returned value was: None
[2022-12-04 10:47:49,392] {taskinstance.py:1277} INFO - Marking task as SUCCESS. dag_id=dag1, task_id=save_to_csv, execution_date=20221102T060000, start_date=20221204T104747, end_date=20221204T104749
[2022-12-04 10:47:49,560] {local_task_job.py:154} INFO - Task exited with return code 0
[2022-12-04 10:47:50,083] {local_task_job.py:264} INFO - 1 downstream tasks scheduled from follow-on schedule check
