[2022-12-04 17:05:44,190] {taskinstance.py:1032} INFO - Dependencies all met for <TaskInstance: dag1.delete_local_file scheduled__2022-11-09T20:50:00+00:00 [queued]>
[2022-12-04 17:05:44,203] {taskinstance.py:1032} INFO - Dependencies all met for <TaskInstance: dag1.delete_local_file scheduled__2022-11-09T20:50:00+00:00 [queued]>
[2022-12-04 17:05:44,204] {taskinstance.py:1238} INFO - 
--------------------------------------------------------------------------------
[2022-12-04 17:05:44,205] {taskinstance.py:1239} INFO - Starting attempt 1 of 2
[2022-12-04 17:05:44,205] {taskinstance.py:1240} INFO - 
--------------------------------------------------------------------------------
[2022-12-04 17:05:44,220] {taskinstance.py:1259} INFO - Executing <Task(PythonOperator): delete_local_file> on 2022-11-09 20:50:00+00:00
[2022-12-04 17:05:44,226] {standard_task_runner.py:52} INFO - Started process 16436 to run task
[2022-12-04 17:05:44,230] {standard_task_runner.py:76} INFO - Running: ['***', 'tasks', 'run', 'dag1', 'delete_local_file', 'scheduled__2022-11-09T20:50:00+00:00', '--job-id', '10140', '--raw', '--subdir', 'DAGS_FOLDER/AirflowClean2.py', '--cfg-path', '/tmp/tmpc5z3978s', '--error-file', '/tmp/tmppbax6n3p']
[2022-12-04 17:05:44,232] {standard_task_runner.py:77} INFO - Job 10140: Subtask delete_local_file
[2022-12-04 17:05:44,301] {logging_mixin.py:109} INFO - Running <TaskInstance: dag1.delete_local_file scheduled__2022-11-09T20:50:00+00:00 [running]> on host 7a020590adae
[2022-12-04 17:05:44,368] {taskinstance.py:1426} INFO - Exporting the following env vars:
AIRFLOW_CTX_DAG_OWNER=Fadlil
AIRFLOW_CTX_DAG_ID=dag1
AIRFLOW_CTX_TASK_ID=delete_local_file
AIRFLOW_CTX_EXECUTION_DATE=2022-11-09T20:50:00+00:00
AIRFLOW_CTX_DAG_RUN_ID=scheduled__2022-11-09T20:50:00+00:00
[2022-12-04 17:05:44,373] {python.py:175} INFO - Done. Returned value was: None
[2022-12-04 17:05:44,385] {taskinstance.py:1277} INFO - Marking task as SUCCESS. dag_id=dag1, task_id=delete_local_file, execution_date=20221109T205000, start_date=20221204T170544, end_date=20221204T170544
[2022-12-04 17:05:44,443] {local_task_job.py:154} INFO - Task exited with return code 0
[2022-12-04 17:05:44,480] {local_task_job.py:264} INFO - 0 downstream tasks scheduled from follow-on schedule check
