[2022-12-04 11:07:08,984] {taskinstance.py:1032} INFO - Dependencies all met for <TaskInstance: dag1.get_data scheduled__2022-11-04T09:00:00+00:00 [queued]>
[2022-12-04 11:07:09,043] {taskinstance.py:1032} INFO - Dependencies all met for <TaskInstance: dag1.get_data scheduled__2022-11-04T09:00:00+00:00 [queued]>
[2022-12-04 11:07:09,047] {taskinstance.py:1238} INFO - 
--------------------------------------------------------------------------------
[2022-12-04 11:07:09,049] {taskinstance.py:1239} INFO - Starting attempt 1 of 2
[2022-12-04 11:07:09,050] {taskinstance.py:1240} INFO - 
--------------------------------------------------------------------------------
[2022-12-04 11:07:09,129] {taskinstance.py:1259} INFO - Executing <Task(PythonOperator): get_data> on 2022-11-04 09:00:00+00:00
[2022-12-04 11:07:09,151] {standard_task_runner.py:52} INFO - Started process 12887 to run task
[2022-12-04 11:07:09,179] {standard_task_runner.py:76} INFO - Running: ['***', 'tasks', 'run', 'dag1', 'get_data', 'scheduled__2022-11-04T09:00:00+00:00', '--job-id', '5317', '--raw', '--subdir', 'DAGS_FOLDER/AirflowClean2.py', '--cfg-path', '/tmp/tmprpdcpii4', '--error-file', '/tmp/tmp4ccolku4']
[2022-12-04 11:07:09,188] {standard_task_runner.py:77} INFO - Job 5317: Subtask get_data
[2022-12-04 11:07:09,446] {logging_mixin.py:109} INFO - Running <TaskInstance: dag1.get_data scheduled__2022-11-04T09:00:00+00:00 [running]> on host 9e44869ff3ef
[2022-12-04 11:07:09,703] {taskinstance.py:1426} INFO - Exporting the following env vars:
AIRFLOW_CTX_DAG_OWNER=Fadlil
AIRFLOW_CTX_DAG_ID=dag1
AIRFLOW_CTX_TASK_ID=get_data
AIRFLOW_CTX_EXECUTION_DATE=2022-11-04T09:00:00+00:00
AIRFLOW_CTX_DAG_RUN_ID=scheduled__2022-11-04T09:00:00+00:00
[2022-12-04 11:07:10,492] {python.py:175} INFO - Done. Returned value was: None
[2022-12-04 11:07:10,523] {taskinstance.py:1277} INFO - Marking task as SUCCESS. dag_id=dag1, task_id=get_data, execution_date=20221104T090000, start_date=20221204T110708, end_date=20221204T110710
[2022-12-04 11:07:10,596] {local_task_job.py:154} INFO - Task exited with return code 0
[2022-12-04 11:07:10,674] {local_task_job.py:264} INFO - 1 downstream tasks scheduled from follow-on schedule check
