[2022-12-04 17:16:09,672] {taskinstance.py:1032} INFO - Dependencies all met for <TaskInstance: dag1.save_to_csv scheduled__2022-11-10T02:40:00+00:00 [queued]>
[2022-12-04 17:16:09,721] {taskinstance.py:1032} INFO - Dependencies all met for <TaskInstance: dag1.save_to_csv scheduled__2022-11-10T02:40:00+00:00 [queued]>
[2022-12-04 17:16:09,724] {taskinstance.py:1238} INFO - 
--------------------------------------------------------------------------------
[2022-12-04 17:16:09,725] {taskinstance.py:1239} INFO - Starting attempt 1 of 2
[2022-12-04 17:16:09,725] {taskinstance.py:1240} INFO - 
--------------------------------------------------------------------------------
[2022-12-04 17:16:09,887] {taskinstance.py:1259} INFO - Executing <Task(PythonOperator): save_to_csv> on 2022-11-10 02:40:00+00:00
[2022-12-04 17:16:09,917] {standard_task_runner.py:76} INFO - Running: ['***', 'tasks', 'run', 'dag1', 'save_to_csv', 'scheduled__2022-11-10T02:40:00+00:00', '--job-id', '10335', '--raw', '--subdir', 'DAGS_FOLDER/AirflowClean2.py', '--cfg-path', '/tmp/tmp3d_4a008', '--error-file', '/tmp/tmpyp2s2n33']
[2022-12-04 17:16:09,930] {standard_task_runner.py:77} INFO - Job 10335: Subtask save_to_csv
[2022-12-04 17:16:09,907] {standard_task_runner.py:52} INFO - Started process 17375 to run task
[2022-12-04 17:16:10,362] {logging_mixin.py:109} INFO - Running <TaskInstance: dag1.save_to_csv scheduled__2022-11-10T02:40:00+00:00 [running]> on host 7a020590adae
[2022-12-04 17:16:10,534] {taskinstance.py:1426} INFO - Exporting the following env vars:
AIRFLOW_CTX_DAG_OWNER=Fadlil
AIRFLOW_CTX_DAG_ID=dag1
AIRFLOW_CTX_TASK_ID=save_to_csv
AIRFLOW_CTX_EXECUTION_DATE=2022-11-10T02:40:00+00:00
AIRFLOW_CTX_DAG_RUN_ID=scheduled__2022-11-10T02:40:00+00:00
[2022-12-04 17:16:10,697] {python.py:175} INFO - Done. Returned value was: None
[2022-12-04 17:16:10,947] {taskinstance.py:1277} INFO - Marking task as SUCCESS. dag_id=dag1, task_id=save_to_csv, execution_date=20221110T024000, start_date=20221204T171609, end_date=20221204T171610
[2022-12-04 17:16:11,208] {local_task_job.py:154} INFO - Task exited with return code 0
[2022-12-04 17:16:11,421] {local_task_job.py:264} INFO - 1 downstream tasks scheduled from follow-on schedule check
