[2022-12-04 12:45:15,415] {taskinstance.py:1032} INFO - Dependencies all met for <TaskInstance: dag1.save_to_csv scheduled__2022-11-06T06:40:00+00:00 [queued]>
[2022-12-04 12:45:15,458] {taskinstance.py:1032} INFO - Dependencies all met for <TaskInstance: dag1.save_to_csv scheduled__2022-11-06T06:40:00+00:00 [queued]>
[2022-12-04 12:45:15,475] {taskinstance.py:1238} INFO - 
--------------------------------------------------------------------------------
[2022-12-04 12:45:15,475] {taskinstance.py:1239} INFO - Starting attempt 1 of 2
[2022-12-04 12:45:15,476] {taskinstance.py:1240} INFO - 
--------------------------------------------------------------------------------
[2022-12-04 12:45:15,508] {taskinstance.py:1259} INFO - Executing <Task(PythonOperator): save_to_csv> on 2022-11-06 06:40:00+00:00
[2022-12-04 12:45:15,518] {standard_task_runner.py:52} INFO - Started process 658 to run task
[2022-12-04 12:45:15,540] {standard_task_runner.py:76} INFO - Running: ['***', 'tasks', 'run', 'dag1', 'save_to_csv', 'scheduled__2022-11-06T06:40:00+00:00', '--job-id', '6831', '--raw', '--subdir', 'DAGS_FOLDER/AirflowClean2.py', '--cfg-path', '/tmp/tmp9cmv7umz', '--error-file', '/tmp/tmp8cb3411f']
[2022-12-04 12:45:15,545] {standard_task_runner.py:77} INFO - Job 6831: Subtask save_to_csv
[2022-12-04 12:45:15,702] {logging_mixin.py:109} INFO - Running <TaskInstance: dag1.save_to_csv scheduled__2022-11-06T06:40:00+00:00 [running]> on host 7a020590adae
[2022-12-04 12:45:15,828] {taskinstance.py:1426} INFO - Exporting the following env vars:
AIRFLOW_CTX_DAG_OWNER=Fadlil
AIRFLOW_CTX_DAG_ID=dag1
AIRFLOW_CTX_TASK_ID=save_to_csv
AIRFLOW_CTX_EXECUTION_DATE=2022-11-06T06:40:00+00:00
AIRFLOW_CTX_DAG_RUN_ID=scheduled__2022-11-06T06:40:00+00:00
[2022-12-04 12:45:15,933] {python.py:175} INFO - Done. Returned value was: None
[2022-12-04 12:45:15,955] {taskinstance.py:1277} INFO - Marking task as SUCCESS. dag_id=dag1, task_id=save_to_csv, execution_date=20221106T064000, start_date=20221204T124515, end_date=20221204T124515
[2022-12-04 12:45:16,022] {local_task_job.py:154} INFO - Task exited with return code 0
[2022-12-04 12:45:16,111] {local_task_job.py:264} INFO - 1 downstream tasks scheduled from follow-on schedule check
