[2022-12-04 10:41:20,512] {taskinstance.py:1032} INFO - Dependencies all met for <TaskInstance: dag1.save_to_csv scheduled__2022-11-01T14:40:00+00:00 [queued]>
[2022-12-04 10:41:20,598] {taskinstance.py:1032} INFO - Dependencies all met for <TaskInstance: dag1.save_to_csv scheduled__2022-11-01T14:40:00+00:00 [queued]>
[2022-12-04 10:41:20,603] {taskinstance.py:1238} INFO - 
--------------------------------------------------------------------------------
[2022-12-04 10:41:20,604] {taskinstance.py:1239} INFO - Starting attempt 1 of 2
[2022-12-04 10:41:20,604] {taskinstance.py:1240} INFO - 
--------------------------------------------------------------------------------
[2022-12-04 10:41:20,696] {taskinstance.py:1259} INFO - Executing <Task(PythonOperator): save_to_csv> on 2022-11-01 14:40:00+00:00
[2022-12-04 10:41:20,722] {standard_task_runner.py:52} INFO - Started process 7375 to run task
[2022-12-04 10:41:20,781] {standard_task_runner.py:76} INFO - Running: ['***', 'tasks', 'run', 'dag1', 'save_to_csv', 'scheduled__2022-11-01T14:40:00+00:00', '--job-id', '3723', '--raw', '--subdir', 'DAGS_FOLDER/AirflowClean2.py', '--cfg-path', '/tmp/tmpvx4j8qmy', '--error-file', '/tmp/tmpwv5lnrct']
[2022-12-04 10:41:20,789] {standard_task_runner.py:77} INFO - Job 3723: Subtask save_to_csv
[2022-12-04 10:41:21,245] {logging_mixin.py:109} INFO - Running <TaskInstance: dag1.save_to_csv scheduled__2022-11-01T14:40:00+00:00 [running]> on host 9e44869ff3ef
[2022-12-04 10:41:22,048] {taskinstance.py:1426} INFO - Exporting the following env vars:
AIRFLOW_CTX_DAG_OWNER=Fadlil
AIRFLOW_CTX_DAG_ID=dag1
AIRFLOW_CTX_TASK_ID=save_to_csv
AIRFLOW_CTX_EXECUTION_DATE=2022-11-01T14:40:00+00:00
AIRFLOW_CTX_DAG_RUN_ID=scheduled__2022-11-01T14:40:00+00:00
[2022-12-04 10:41:22,432] {python.py:175} INFO - Done. Returned value was: None
[2022-12-04 10:41:24,028] {taskinstance.py:1277} INFO - Marking task as SUCCESS. dag_id=dag1, task_id=save_to_csv, execution_date=20221101T144000, start_date=20221204T104120, end_date=20221204T104124
[2022-12-04 10:41:24,277] {local_task_job.py:154} INFO - Task exited with return code 0
[2022-12-04 10:41:24,761] {local_task_job.py:264} INFO - 1 downstream tasks scheduled from follow-on schedule check
