[2022-12-04 12:04:17,933] {taskinstance.py:1032} INFO - Dependencies all met for <TaskInstance: dag1.local_to_gcs_task scheduled__2022-11-05T14:40:00+00:00 [queued]>
[2022-12-04 12:04:18,180] {taskinstance.py:1032} INFO - Dependencies all met for <TaskInstance: dag1.local_to_gcs_task scheduled__2022-11-05T14:40:00+00:00 [queued]>
[2022-12-04 12:04:18,182] {taskinstance.py:1238} INFO - 
--------------------------------------------------------------------------------
[2022-12-04 12:04:18,183] {taskinstance.py:1239} INFO - Starting attempt 1 of 2
[2022-12-04 12:04:18,203] {taskinstance.py:1240} INFO - 
--------------------------------------------------------------------------------
[2022-12-04 12:04:18,583] {taskinstance.py:1259} INFO - Executing <Task(PythonOperator): local_to_gcs_task> on 2022-11-05 14:40:00+00:00
[2022-12-04 12:04:18,734] {standard_task_runner.py:52} INFO - Started process 16795 to run task
[2022-12-04 12:04:18,762] {standard_task_runner.py:76} INFO - Running: ['***', 'tasks', 'run', 'dag1', 'local_to_gcs_task', 'scheduled__2022-11-05T14:40:00+00:00', '--job-id', '6225', '--raw', '--subdir', 'DAGS_FOLDER/AirflowClean2.py', '--cfg-path', '/tmp/tmpl3wnp8x9', '--error-file', '/tmp/tmpt1jbod90']
[2022-12-04 12:04:18,783] {standard_task_runner.py:77} INFO - Job 6225: Subtask local_to_gcs_task
[2022-12-04 12:04:19,230] {logging_mixin.py:109} INFO - Running <TaskInstance: dag1.local_to_gcs_task scheduled__2022-11-05T14:40:00+00:00 [running]> on host 9e44869ff3ef
[2022-12-04 12:04:20,000] {taskinstance.py:1426} INFO - Exporting the following env vars:
AIRFLOW_CTX_DAG_OWNER=Fadlil
AIRFLOW_CTX_DAG_ID=dag1
AIRFLOW_CTX_TASK_ID=local_to_gcs_task
AIRFLOW_CTX_EXECUTION_DATE=2022-11-05T14:40:00+00:00
AIRFLOW_CTX_DAG_RUN_ID=scheduled__2022-11-05T14:40:00+00:00
[2022-12-04 12:04:21,557] {python.py:175} INFO - Done. Returned value was: None
[2022-12-04 12:04:21,699] {taskinstance.py:1277} INFO - Marking task as SUCCESS. dag_id=dag1, task_id=local_to_gcs_task, execution_date=20221105T144000, start_date=20221204T120417, end_date=20221204T120421
[2022-12-04 12:04:21,956] {local_task_job.py:154} INFO - Task exited with return code 0
[2022-12-04 12:04:23,824] {local_task_job.py:264} INFO - 0 downstream tasks scheduled from follow-on schedule check
