[2022-12-04 14:04:48,372] {taskinstance.py:1032} INFO - Dependencies all met for <TaskInstance: dag1.get_data scheduled__2022-11-07T22:50:00+00:00 [queued]>
[2022-12-04 14:04:48,395] {taskinstance.py:1032} INFO - Dependencies all met for <TaskInstance: dag1.get_data scheduled__2022-11-07T22:50:00+00:00 [queued]>
[2022-12-04 14:04:48,396] {taskinstance.py:1238} INFO - 
--------------------------------------------------------------------------------
[2022-12-04 14:04:48,397] {taskinstance.py:1239} INFO - Starting attempt 1 of 2
[2022-12-04 14:04:48,397] {taskinstance.py:1240} INFO - 
--------------------------------------------------------------------------------
[2022-12-04 14:04:48,436] {taskinstance.py:1259} INFO - Executing <Task(PythonOperator): get_data> on 2022-11-07 22:50:00+00:00
[2022-12-04 14:04:48,445] {standard_task_runner.py:52} INFO - Started process 7910 to run task
[2022-12-04 14:04:48,451] {standard_task_runner.py:76} INFO - Running: ['***', 'tasks', 'run', 'dag1', 'get_data', 'scheduled__2022-11-07T22:50:00+00:00', '--job-id', '8375', '--raw', '--subdir', 'DAGS_FOLDER/AirflowClean2.py', '--cfg-path', '/tmp/tmpio0s1hqh', '--error-file', '/tmp/tmpu9yupsqx']
[2022-12-04 14:04:48,456] {standard_task_runner.py:77} INFO - Job 8375: Subtask get_data
[2022-12-04 14:04:48,643] {logging_mixin.py:109} INFO - Running <TaskInstance: dag1.get_data scheduled__2022-11-07T22:50:00+00:00 [running]> on host 7a020590adae
[2022-12-04 14:04:48,765] {taskinstance.py:1426} INFO - Exporting the following env vars:
AIRFLOW_CTX_DAG_OWNER=Fadlil
AIRFLOW_CTX_DAG_ID=dag1
AIRFLOW_CTX_TASK_ID=get_data
AIRFLOW_CTX_EXECUTION_DATE=2022-11-07T22:50:00+00:00
AIRFLOW_CTX_DAG_RUN_ID=scheduled__2022-11-07T22:50:00+00:00
[2022-12-04 14:04:49,431] {python.py:175} INFO - Done. Returned value was: None
[2022-12-04 14:04:49,445] {taskinstance.py:1277} INFO - Marking task as SUCCESS. dag_id=dag1, task_id=get_data, execution_date=20221107T225000, start_date=20221204T140448, end_date=20221204T140449
[2022-12-04 14:04:49,475] {local_task_job.py:154} INFO - Task exited with return code 0
[2022-12-04 14:04:49,538] {local_task_job.py:264} INFO - 1 downstream tasks scheduled from follow-on schedule check
