[2022-12-04 11:47:43,787] {taskinstance.py:1032} INFO - Dependencies all met for <TaskInstance: dag1.save_to_parquet scheduled__2022-11-05T03:40:00+00:00 [queued]>
[2022-12-04 11:47:44,288] {taskinstance.py:1032} INFO - Dependencies all met for <TaskInstance: dag1.save_to_parquet scheduled__2022-11-05T03:40:00+00:00 [queued]>
[2022-12-04 11:47:44,355] {taskinstance.py:1238} INFO - 
--------------------------------------------------------------------------------
[2022-12-04 11:47:44,403] {taskinstance.py:1239} INFO - Starting attempt 1 of 2
[2022-12-04 11:47:44,423] {taskinstance.py:1240} INFO - 
--------------------------------------------------------------------------------
[2022-12-04 11:47:44,882] {taskinstance.py:1259} INFO - Executing <Task(PythonOperator): save_to_parquet> on 2022-11-05 03:40:00+00:00
[2022-12-04 11:47:45,045] {standard_task_runner.py:52} INFO - Started process 15185 to run task
[2022-12-04 11:47:45,003] {standard_task_runner.py:76} INFO - Running: ['***', 'tasks', 'run', 'dag1', 'save_to_parquet', 'scheduled__2022-11-05T03:40:00+00:00', '--job-id', '5877', '--raw', '--subdir', 'DAGS_FOLDER/AirflowClean2.py', '--cfg-path', '/tmp/tmp4j1fo8hl', '--error-file', '/tmp/tmpqz3_2ouo']
[2022-12-04 11:47:45,205] {standard_task_runner.py:77} INFO - Job 5877: Subtask save_to_parquet
[2022-12-04 11:47:46,498] {logging_mixin.py:109} INFO - Running <TaskInstance: dag1.save_to_parquet scheduled__2022-11-05T03:40:00+00:00 [running]> on host 9e44869ff3ef
[2022-12-04 11:47:47,307] {taskinstance.py:1426} INFO - Exporting the following env vars:
AIRFLOW_CTX_DAG_OWNER=Fadlil
AIRFLOW_CTX_DAG_ID=dag1
AIRFLOW_CTX_TASK_ID=save_to_parquet
AIRFLOW_CTX_EXECUTION_DATE=2022-11-05T03:40:00+00:00
AIRFLOW_CTX_DAG_RUN_ID=scheduled__2022-11-05T03:40:00+00:00
[2022-12-04 11:47:47,954] {python.py:175} INFO - Done. Returned value was: None
[2022-12-04 11:47:48,093] {taskinstance.py:1277} INFO - Marking task as SUCCESS. dag_id=dag1, task_id=save_to_parquet, execution_date=20221105T034000, start_date=20221204T114743, end_date=20221204T114748
[2022-12-04 11:47:48,621] {local_task_job.py:154} INFO - Task exited with return code 0
[2022-12-04 11:47:48,849] {local_task_job.py:264} INFO - 1 downstream tasks scheduled from follow-on schedule check
