[2022-12-04 14:20:47,752] {taskinstance.py:1032} INFO - Dependencies all met for <TaskInstance: dag1.save_to_csv scheduled__2022-11-08T06:20:00+00:00 [queued]>
[2022-12-04 14:20:47,765] {taskinstance.py:1032} INFO - Dependencies all met for <TaskInstance: dag1.save_to_csv scheduled__2022-11-08T06:20:00+00:00 [queued]>
[2022-12-04 14:20:47,765] {taskinstance.py:1238} INFO - 
--------------------------------------------------------------------------------
[2022-12-04 14:20:47,766] {taskinstance.py:1239} INFO - Starting attempt 1 of 2
[2022-12-04 14:20:47,766] {taskinstance.py:1240} INFO - 
--------------------------------------------------------------------------------
[2022-12-04 14:20:47,786] {taskinstance.py:1259} INFO - Executing <Task(PythonOperator): save_to_csv> on 2022-11-08 06:20:00+00:00
[2022-12-04 14:20:47,796] {standard_task_runner.py:52} INFO - Started process 9275 to run task
[2022-12-04 14:20:47,802] {standard_task_runner.py:76} INFO - Running: ['***', 'tasks', 'run', 'dag1', 'save_to_csv', 'scheduled__2022-11-08T06:20:00+00:00', '--job-id', '8655', '--raw', '--subdir', 'DAGS_FOLDER/AirflowClean2.py', '--cfg-path', '/tmp/tmp4dmigdlm', '--error-file', '/tmp/tmpyfpcza_z']
[2022-12-04 14:20:47,803] {standard_task_runner.py:77} INFO - Job 8655: Subtask save_to_csv
[2022-12-04 14:20:47,874] {logging_mixin.py:109} INFO - Running <TaskInstance: dag1.save_to_csv scheduled__2022-11-08T06:20:00+00:00 [running]> on host 7a020590adae
[2022-12-04 14:20:47,950] {taskinstance.py:1426} INFO - Exporting the following env vars:
AIRFLOW_CTX_DAG_OWNER=Fadlil
AIRFLOW_CTX_DAG_ID=dag1
AIRFLOW_CTX_TASK_ID=save_to_csv
AIRFLOW_CTX_EXECUTION_DATE=2022-11-08T06:20:00+00:00
AIRFLOW_CTX_DAG_RUN_ID=scheduled__2022-11-08T06:20:00+00:00
[2022-12-04 14:20:47,986] {python.py:175} INFO - Done. Returned value was: None
[2022-12-04 14:20:47,999] {taskinstance.py:1277} INFO - Marking task as SUCCESS. dag_id=dag1, task_id=save_to_csv, execution_date=20221108T062000, start_date=20221204T142047, end_date=20221204T142047
[2022-12-04 14:20:48,055] {local_task_job.py:154} INFO - Task exited with return code 0
[2022-12-04 14:20:48,104] {local_task_job.py:264} INFO - 1 downstream tasks scheduled from follow-on schedule check
