[2022-12-04 10:53:54,979] {taskinstance.py:1032} INFO - Dependencies all met for <TaskInstance: dag1.save_to_parquet scheduled__2022-11-02T22:10:00+00:00 [queued]>
[2022-12-04 10:53:55,014] {taskinstance.py:1032} INFO - Dependencies all met for <TaskInstance: dag1.save_to_parquet scheduled__2022-11-02T22:10:00+00:00 [queued]>
[2022-12-04 10:53:55,015] {taskinstance.py:1238} INFO - 
--------------------------------------------------------------------------------
[2022-12-04 10:53:55,015] {taskinstance.py:1239} INFO - Starting attempt 1 of 2
[2022-12-04 10:53:55,016] {taskinstance.py:1240} INFO - 
--------------------------------------------------------------------------------
[2022-12-04 10:53:55,067] {taskinstance.py:1259} INFO - Executing <Task(PythonOperator): save_to_parquet> on 2022-11-02 22:10:00+00:00
[2022-12-04 10:53:55,074] {standard_task_runner.py:52} INFO - Started process 10034 to run task
[2022-12-04 10:53:55,095] {standard_task_runner.py:76} INFO - Running: ['***', 'tasks', 'run', 'dag1', 'save_to_parquet', 'scheduled__2022-11-02T22:10:00+00:00', '--job-id', '4486', '--raw', '--subdir', 'DAGS_FOLDER/AirflowClean2.py', '--cfg-path', '/tmp/tmpb0lcq85h', '--error-file', '/tmp/tmpdhuzdjyw']
[2022-12-04 10:53:55,105] {standard_task_runner.py:77} INFO - Job 4486: Subtask save_to_parquet
[2022-12-04 10:53:55,448] {logging_mixin.py:109} INFO - Running <TaskInstance: dag1.save_to_parquet scheduled__2022-11-02T22:10:00+00:00 [running]> on host 9e44869ff3ef
[2022-12-04 10:53:55,690] {taskinstance.py:1426} INFO - Exporting the following env vars:
AIRFLOW_CTX_DAG_OWNER=Fadlil
AIRFLOW_CTX_DAG_ID=dag1
AIRFLOW_CTX_TASK_ID=save_to_parquet
AIRFLOW_CTX_EXECUTION_DATE=2022-11-02T22:10:00+00:00
AIRFLOW_CTX_DAG_RUN_ID=scheduled__2022-11-02T22:10:00+00:00
[2022-12-04 10:53:55,765] {python.py:175} INFO - Done. Returned value was: None
[2022-12-04 10:53:56,006] {taskinstance.py:1277} INFO - Marking task as SUCCESS. dag_id=dag1, task_id=save_to_parquet, execution_date=20221102T221000, start_date=20221204T105354, end_date=20221204T105356
[2022-12-04 10:53:56,110] {local_task_job.py:154} INFO - Task exited with return code 0
[2022-12-04 10:53:56,178] {local_task_job.py:264} INFO - 1 downstream tasks scheduled from follow-on schedule check
