[2022-12-04 17:19:38,886] {taskinstance.py:1032} INFO - Dependencies all met for <TaskInstance: dag1.save_to_parquet scheduled__2022-11-10T03:50:00+00:00 [queued]>
[2022-12-04 17:19:38,923] {taskinstance.py:1032} INFO - Dependencies all met for <TaskInstance: dag1.save_to_parquet scheduled__2022-11-10T03:50:00+00:00 [queued]>
[2022-12-04 17:19:38,925] {taskinstance.py:1238} INFO - 
--------------------------------------------------------------------------------
[2022-12-04 17:19:38,926] {taskinstance.py:1239} INFO - Starting attempt 1 of 2
[2022-12-04 17:19:38,927] {taskinstance.py:1240} INFO - 
--------------------------------------------------------------------------------
[2022-12-04 17:19:38,947] {taskinstance.py:1259} INFO - Executing <Task(PythonOperator): save_to_parquet> on 2022-11-10 03:50:00+00:00
[2022-12-04 17:19:38,955] {standard_task_runner.py:52} INFO - Started process 17685 to run task
[2022-12-04 17:19:38,963] {standard_task_runner.py:76} INFO - Running: ['***', 'tasks', 'run', 'dag1', 'save_to_parquet', 'scheduled__2022-11-10T03:50:00+00:00', '--job-id', '10398', '--raw', '--subdir', 'DAGS_FOLDER/AirflowClean2.py', '--cfg-path', '/tmp/tmpn5_fbj6v', '--error-file', '/tmp/tmp0w0lcp1d']
[2022-12-04 17:19:38,965] {standard_task_runner.py:77} INFO - Job 10398: Subtask save_to_parquet
[2022-12-04 17:19:39,086] {logging_mixin.py:109} INFO - Running <TaskInstance: dag1.save_to_parquet scheduled__2022-11-10T03:50:00+00:00 [running]> on host 7a020590adae
[2022-12-04 17:19:39,231] {taskinstance.py:1426} INFO - Exporting the following env vars:
AIRFLOW_CTX_DAG_OWNER=Fadlil
AIRFLOW_CTX_DAG_ID=dag1
AIRFLOW_CTX_TASK_ID=save_to_parquet
AIRFLOW_CTX_EXECUTION_DATE=2022-11-10T03:50:00+00:00
AIRFLOW_CTX_DAG_RUN_ID=scheduled__2022-11-10T03:50:00+00:00
[2022-12-04 17:19:39,284] {python.py:175} INFO - Done. Returned value was: None
[2022-12-04 17:19:39,680] {taskinstance.py:1277} INFO - Marking task as SUCCESS. dag_id=dag1, task_id=save_to_parquet, execution_date=20221110T035000, start_date=20221204T171938, end_date=20221204T171939
[2022-12-04 17:19:39,790] {local_task_job.py:154} INFO - Task exited with return code 0
[2022-12-04 17:19:39,961] {local_task_job.py:264} INFO - 1 downstream tasks scheduled from follow-on schedule check
