[2022-12-04 11:06:38,811] {taskinstance.py:1032} INFO - Dependencies all met for <TaskInstance: dag1.get_data scheduled__2022-11-04T08:10:00+00:00 [queued]>
[2022-12-04 11:06:38,865] {taskinstance.py:1032} INFO - Dependencies all met for <TaskInstance: dag1.get_data scheduled__2022-11-04T08:10:00+00:00 [queued]>
[2022-12-04 11:06:38,877] {taskinstance.py:1238} INFO - 
--------------------------------------------------------------------------------
[2022-12-04 11:06:38,881] {taskinstance.py:1239} INFO - Starting attempt 1 of 2
[2022-12-04 11:06:38,881] {taskinstance.py:1240} INFO - 
--------------------------------------------------------------------------------
[2022-12-04 11:06:38,967] {taskinstance.py:1259} INFO - Executing <Task(PythonOperator): get_data> on 2022-11-04 08:10:00+00:00
[2022-12-04 11:06:38,973] {standard_task_runner.py:52} INFO - Started process 12786 to run task
[2022-12-04 11:06:39,001] {standard_task_runner.py:76} INFO - Running: ['***', 'tasks', 'run', 'dag1', 'get_data', 'scheduled__2022-11-04T08:10:00+00:00', '--job-id', '5284', '--raw', '--subdir', 'DAGS_FOLDER/AirflowClean2.py', '--cfg-path', '/tmp/tmpiqzspyg0', '--error-file', '/tmp/tmp0xtwu910']
[2022-12-04 11:06:39,012] {standard_task_runner.py:77} INFO - Job 5284: Subtask get_data
[2022-12-04 11:06:39,212] {logging_mixin.py:109} INFO - Running <TaskInstance: dag1.get_data scheduled__2022-11-04T08:10:00+00:00 [running]> on host 9e44869ff3ef
[2022-12-04 11:06:39,527] {taskinstance.py:1426} INFO - Exporting the following env vars:
AIRFLOW_CTX_DAG_OWNER=Fadlil
AIRFLOW_CTX_DAG_ID=dag1
AIRFLOW_CTX_TASK_ID=get_data
AIRFLOW_CTX_EXECUTION_DATE=2022-11-04T08:10:00+00:00
AIRFLOW_CTX_DAG_RUN_ID=scheduled__2022-11-04T08:10:00+00:00
[2022-12-04 11:06:40,362] {python.py:175} INFO - Done. Returned value was: None
[2022-12-04 11:06:40,513] {taskinstance.py:1277} INFO - Marking task as SUCCESS. dag_id=dag1, task_id=get_data, execution_date=20221104T081000, start_date=20221204T110638, end_date=20221204T110640
[2022-12-04 11:06:40,692] {local_task_job.py:154} INFO - Task exited with return code 0
[2022-12-04 11:06:41,571] {local_task_job.py:264} INFO - 0 downstream tasks scheduled from follow-on schedule check
