[2022-12-04 17:00:46,410] {taskinstance.py:1032} INFO - Dependencies all met for <TaskInstance: dag1.save_to_parquet scheduled__2022-11-09T18:10:00+00:00 [queued]>
[2022-12-04 17:00:46,426] {taskinstance.py:1032} INFO - Dependencies all met for <TaskInstance: dag1.save_to_parquet scheduled__2022-11-09T18:10:00+00:00 [queued]>
[2022-12-04 17:00:46,427] {taskinstance.py:1238} INFO - 
--------------------------------------------------------------------------------
[2022-12-04 17:00:46,427] {taskinstance.py:1239} INFO - Starting attempt 1 of 2
[2022-12-04 17:00:46,428] {taskinstance.py:1240} INFO - 
--------------------------------------------------------------------------------
[2022-12-04 17:00:46,446] {taskinstance.py:1259} INFO - Executing <Task(PythonOperator): save_to_parquet> on 2022-11-09 18:10:00+00:00
[2022-12-04 17:00:46,453] {standard_task_runner.py:52} INFO - Started process 15931 to run task
[2022-12-04 17:00:46,458] {standard_task_runner.py:76} INFO - Running: ['***', 'tasks', 'run', 'dag1', 'save_to_parquet', 'scheduled__2022-11-09T18:10:00+00:00', '--job-id', '10031', '--raw', '--subdir', 'DAGS_FOLDER/AirflowClean2.py', '--cfg-path', '/tmp/tmp1epsob0l', '--error-file', '/tmp/tmplq_am0cj']
[2022-12-04 17:00:46,459] {standard_task_runner.py:77} INFO - Job 10031: Subtask save_to_parquet
[2022-12-04 17:00:46,547] {logging_mixin.py:109} INFO - Running <TaskInstance: dag1.save_to_parquet scheduled__2022-11-09T18:10:00+00:00 [running]> on host 7a020590adae
[2022-12-04 17:00:46,630] {taskinstance.py:1426} INFO - Exporting the following env vars:
AIRFLOW_CTX_DAG_OWNER=Fadlil
AIRFLOW_CTX_DAG_ID=dag1
AIRFLOW_CTX_TASK_ID=save_to_parquet
AIRFLOW_CTX_EXECUTION_DATE=2022-11-09T18:10:00+00:00
AIRFLOW_CTX_DAG_RUN_ID=scheduled__2022-11-09T18:10:00+00:00
[2022-12-04 17:00:46,660] {python.py:175} INFO - Done. Returned value was: None
[2022-12-04 17:00:46,684] {taskinstance.py:1277} INFO - Marking task as SUCCESS. dag_id=dag1, task_id=save_to_parquet, execution_date=20221109T181000, start_date=20221204T170046, end_date=20221204T170046
[2022-12-04 17:00:46,752] {local_task_job.py:154} INFO - Task exited with return code 0
[2022-12-04 17:00:46,856] {local_task_job.py:264} INFO - 1 downstream tasks scheduled from follow-on schedule check
