[2022-12-04 10:50:52,634] {taskinstance.py:1032} INFO - Dependencies all met for <TaskInstance: dag1.local_to_gcs_task scheduled__2022-11-02T13:10:00+00:00 [queued]>
[2022-12-04 10:50:53,490] {taskinstance.py:1032} INFO - Dependencies all met for <TaskInstance: dag1.local_to_gcs_task scheduled__2022-11-02T13:10:00+00:00 [queued]>
[2022-12-04 10:50:53,500] {taskinstance.py:1238} INFO - 
--------------------------------------------------------------------------------
[2022-12-04 10:50:53,501] {taskinstance.py:1239} INFO - Starting attempt 1 of 2
[2022-12-04 10:50:53,501] {taskinstance.py:1240} INFO - 
--------------------------------------------------------------------------------
[2022-12-04 10:50:53,555] {taskinstance.py:1259} INFO - Executing <Task(PythonOperator): local_to_gcs_task> on 2022-11-02 13:10:00+00:00
[2022-12-04 10:50:53,582] {standard_task_runner.py:52} INFO - Started process 9339 to run task
[2022-12-04 10:50:53,613] {standard_task_runner.py:76} INFO - Running: ['***', 'tasks', 'run', 'dag1', 'local_to_gcs_task', 'scheduled__2022-11-02T13:10:00+00:00', '--job-id', '4281', '--raw', '--subdir', 'DAGS_FOLDER/AirflowClean2.py', '--cfg-path', '/tmp/tmpxpfdndhk', '--error-file', '/tmp/tmp22wq_0sv']
[2022-12-04 10:50:53,649] {standard_task_runner.py:77} INFO - Job 4281: Subtask local_to_gcs_task
[2022-12-04 10:50:54,038] {logging_mixin.py:109} INFO - Running <TaskInstance: dag1.local_to_gcs_task scheduled__2022-11-02T13:10:00+00:00 [running]> on host 9e44869ff3ef
[2022-12-04 10:50:54,633] {taskinstance.py:1426} INFO - Exporting the following env vars:
AIRFLOW_CTX_DAG_OWNER=Fadlil
AIRFLOW_CTX_DAG_ID=dag1
AIRFLOW_CTX_TASK_ID=local_to_gcs_task
AIRFLOW_CTX_EXECUTION_DATE=2022-11-02T13:10:00+00:00
AIRFLOW_CTX_DAG_RUN_ID=scheduled__2022-11-02T13:10:00+00:00
[2022-12-04 10:50:55,735] {python.py:175} INFO - Done. Returned value was: None
[2022-12-04 10:50:55,817] {taskinstance.py:1277} INFO - Marking task as SUCCESS. dag_id=dag1, task_id=local_to_gcs_task, execution_date=20221102T131000, start_date=20221204T105052, end_date=20221204T105055
[2022-12-04 10:50:55,994] {local_task_job.py:154} INFO - Task exited with return code 0
[2022-12-04 10:50:56,129] {local_task_job.py:264} INFO - 0 downstream tasks scheduled from follow-on schedule check
