[2022-12-04 15:08:27,755] {taskinstance.py:1032} INFO - Dependencies all met for <TaskInstance: dag1.save_to_parquet scheduled__2022-11-09T06:00:00+00:00 [queued]>
[2022-12-04 15:08:27,800] {taskinstance.py:1032} INFO - Dependencies all met for <TaskInstance: dag1.save_to_parquet scheduled__2022-11-09T06:00:00+00:00 [queued]>
[2022-12-04 15:08:27,801] {taskinstance.py:1238} INFO - 
--------------------------------------------------------------------------------
[2022-12-04 15:08:27,802] {taskinstance.py:1239} INFO - Starting attempt 1 of 2
[2022-12-04 15:08:27,802] {taskinstance.py:1240} INFO - 
--------------------------------------------------------------------------------
[2022-12-04 15:08:27,839] {taskinstance.py:1259} INFO - Executing <Task(PythonOperator): save_to_parquet> on 2022-11-09 06:00:00+00:00
[2022-12-04 15:08:27,850] {standard_task_runner.py:52} INFO - Started process 13695 to run task
[2022-12-04 15:08:27,855] {standard_task_runner.py:76} INFO - Running: ['***', 'tasks', 'run', 'dag1', 'save_to_parquet', 'scheduled__2022-11-09T06:00:00+00:00', '--job-id', '9577', '--raw', '--subdir', 'DAGS_FOLDER/AirflowClean2.py', '--cfg-path', '/tmp/tmpguvnxgup', '--error-file', '/tmp/tmpzzvitp_z']
[2022-12-04 15:08:27,857] {standard_task_runner.py:77} INFO - Job 9577: Subtask save_to_parquet
[2022-12-04 15:08:27,944] {logging_mixin.py:109} INFO - Running <TaskInstance: dag1.save_to_parquet scheduled__2022-11-09T06:00:00+00:00 [running]> on host 7a020590adae
[2022-12-04 15:08:28,032] {taskinstance.py:1426} INFO - Exporting the following env vars:
AIRFLOW_CTX_DAG_OWNER=Fadlil
AIRFLOW_CTX_DAG_ID=dag1
AIRFLOW_CTX_TASK_ID=save_to_parquet
AIRFLOW_CTX_EXECUTION_DATE=2022-11-09T06:00:00+00:00
AIRFLOW_CTX_DAG_RUN_ID=scheduled__2022-11-09T06:00:00+00:00
[2022-12-04 15:08:28,075] {python.py:175} INFO - Done. Returned value was: None
[2022-12-04 15:08:28,093] {taskinstance.py:1277} INFO - Marking task as SUCCESS. dag_id=dag1, task_id=save_to_parquet, execution_date=20221109T060000, start_date=20221204T150827, end_date=20221204T150828
[2022-12-04 15:08:28,147] {local_task_job.py:154} INFO - Task exited with return code 0
[2022-12-04 15:08:28,209] {local_task_job.py:264} INFO - 1 downstream tasks scheduled from follow-on schedule check
