[2022-12-04 09:28:56,135] {taskinstance.py:1032} INFO - Dependencies all met for <TaskInstance: dag1.get_data scheduled__2022-10-30T05:30:00+00:00 [queued]>
[2022-12-04 09:28:56,196] {taskinstance.py:1032} INFO - Dependencies all met for <TaskInstance: dag1.get_data scheduled__2022-10-30T05:30:00+00:00 [queued]>
[2022-12-04 09:28:56,199] {taskinstance.py:1238} INFO - 
--------------------------------------------------------------------------------
[2022-12-04 09:28:56,202] {taskinstance.py:1239} INFO - Starting attempt 1 of 2
[2022-12-04 09:28:56,203] {taskinstance.py:1240} INFO - 
--------------------------------------------------------------------------------
[2022-12-04 09:28:56,289] {taskinstance.py:1259} INFO - Executing <Task(PythonOperator): get_data> on 2022-10-30 05:30:00+00:00
[2022-12-04 09:28:56,323] {standard_task_runner.py:52} INFO - Started process 968 to run task
[2022-12-04 09:28:56,340] {standard_task_runner.py:76} INFO - Running: ['***', 'tasks', 'run', 'dag1', 'get_data', 'scheduled__2022-10-30T05:30:00+00:00', '--job-id', '2418', '--raw', '--subdir', 'DAGS_FOLDER/AirflowClean2.py', '--cfg-path', '/tmp/tmpia0yny4k', '--error-file', '/tmp/tmpzutd5gd0']
[2022-12-04 09:28:56,355] {standard_task_runner.py:77} INFO - Job 2418: Subtask get_data
[2022-12-04 09:28:56,930] {logging_mixin.py:109} INFO - Running <TaskInstance: dag1.get_data scheduled__2022-10-30T05:30:00+00:00 [running]> on host 9e44869ff3ef
[2022-12-04 09:28:57,353] {taskinstance.py:1426} INFO - Exporting the following env vars:
AIRFLOW_CTX_DAG_OWNER=Fadlil
AIRFLOW_CTX_DAG_ID=dag1
AIRFLOW_CTX_TASK_ID=get_data
AIRFLOW_CTX_EXECUTION_DATE=2022-10-30T05:30:00+00:00
AIRFLOW_CTX_DAG_RUN_ID=scheduled__2022-10-30T05:30:00+00:00
[2022-12-04 09:28:58,152] {python.py:175} INFO - Done. Returned value was: None
[2022-12-04 09:28:58,723] {taskinstance.py:1277} INFO - Marking task as SUCCESS. dag_id=dag1, task_id=get_data, execution_date=20221030T053000, start_date=20221204T092856, end_date=20221204T092858
[2022-12-04 09:28:58,864] {local_task_job.py:154} INFO - Task exited with return code 0
[2022-12-04 09:28:59,013] {local_task_job.py:264} INFO - 1 downstream tasks scheduled from follow-on schedule check
