[2022-12-04 16:58:14,154] {taskinstance.py:1032} INFO - Dependencies all met for <TaskInstance: dag1.local_to_gcs_task scheduled__2022-11-09T17:20:00+00:00 [queued]>
[2022-12-04 16:58:14,169] {taskinstance.py:1032} INFO - Dependencies all met for <TaskInstance: dag1.local_to_gcs_task scheduled__2022-11-09T17:20:00+00:00 [queued]>
[2022-12-04 16:58:14,170] {taskinstance.py:1238} INFO - 
--------------------------------------------------------------------------------
[2022-12-04 16:58:14,170] {taskinstance.py:1239} INFO - Starting attempt 1 of 2
[2022-12-04 16:58:14,171] {taskinstance.py:1240} INFO - 
--------------------------------------------------------------------------------
[2022-12-04 16:58:14,186] {taskinstance.py:1259} INFO - Executing <Task(PythonOperator): local_to_gcs_task> on 2022-11-09 17:20:00+00:00
[2022-12-04 16:58:14,192] {standard_task_runner.py:52} INFO - Started process 15740 to run task
[2022-12-04 16:58:14,196] {standard_task_runner.py:76} INFO - Running: ['***', 'tasks', 'run', 'dag1', 'local_to_gcs_task', 'scheduled__2022-11-09T17:20:00+00:00', '--job-id', '10002', '--raw', '--subdir', 'DAGS_FOLDER/AirflowClean2.py', '--cfg-path', '/tmp/tmpkz02qfcf', '--error-file', '/tmp/tmp7xyn5b4w']
[2022-12-04 16:58:14,197] {standard_task_runner.py:77} INFO - Job 10002: Subtask local_to_gcs_task
[2022-12-04 16:58:14,265] {logging_mixin.py:109} INFO - Running <TaskInstance: dag1.local_to_gcs_task scheduled__2022-11-09T17:20:00+00:00 [running]> on host 7a020590adae
[2022-12-04 16:58:14,336] {taskinstance.py:1426} INFO - Exporting the following env vars:
AIRFLOW_CTX_DAG_OWNER=Fadlil
AIRFLOW_CTX_DAG_ID=dag1
AIRFLOW_CTX_TASK_ID=local_to_gcs_task
AIRFLOW_CTX_EXECUTION_DATE=2022-11-09T17:20:00+00:00
AIRFLOW_CTX_DAG_RUN_ID=scheduled__2022-11-09T17:20:00+00:00
[2022-12-04 16:58:14,997] {python.py:175} INFO - Done. Returned value was: None
[2022-12-04 16:58:15,327] {taskinstance.py:1277} INFO - Marking task as SUCCESS. dag_id=dag1, task_id=local_to_gcs_task, execution_date=20221109T172000, start_date=20221204T165814, end_date=20221204T165815
[2022-12-04 16:58:15,377] {local_task_job.py:154} INFO - Task exited with return code 0
[2022-12-04 16:58:15,428] {local_task_job.py:264} INFO - 1 downstream tasks scheduled from follow-on schedule check
