[2022-12-04 13:07:10,576] {taskinstance.py:1032} INFO - Dependencies all met for <TaskInstance: dag1.save_to_parquet scheduled__2022-11-06T17:30:00+00:00 [queued]>
[2022-12-04 13:07:10,598] {taskinstance.py:1032} INFO - Dependencies all met for <TaskInstance: dag1.save_to_parquet scheduled__2022-11-06T17:30:00+00:00 [queued]>
[2022-12-04 13:07:10,599] {taskinstance.py:1238} INFO - 
--------------------------------------------------------------------------------
[2022-12-04 13:07:10,599] {taskinstance.py:1239} INFO - Starting attempt 1 of 2
[2022-12-04 13:07:10,600] {taskinstance.py:1240} INFO - 
--------------------------------------------------------------------------------
[2022-12-04 13:07:10,622] {taskinstance.py:1259} INFO - Executing <Task(PythonOperator): save_to_parquet> on 2022-11-06 17:30:00+00:00
[2022-12-04 13:07:10,630] {standard_task_runner.py:52} INFO - Started process 2604 to run task
[2022-12-04 13:07:10,635] {standard_task_runner.py:76} INFO - Running: ['***', 'tasks', 'run', 'dag1', 'save_to_parquet', 'scheduled__2022-11-06T17:30:00+00:00', '--job-id', '7247', '--raw', '--subdir', 'DAGS_FOLDER/AirflowClean2.py', '--cfg-path', '/tmp/tmpfr3c9udk', '--error-file', '/tmp/tmpo2i7t8ur']
[2022-12-04 13:07:10,642] {standard_task_runner.py:77} INFO - Job 7247: Subtask save_to_parquet
[2022-12-04 13:07:10,737] {logging_mixin.py:109} INFO - Running <TaskInstance: dag1.save_to_parquet scheduled__2022-11-06T17:30:00+00:00 [running]> on host 7a020590adae
[2022-12-04 13:07:10,966] {taskinstance.py:1426} INFO - Exporting the following env vars:
AIRFLOW_CTX_DAG_OWNER=Fadlil
AIRFLOW_CTX_DAG_ID=dag1
AIRFLOW_CTX_TASK_ID=save_to_parquet
AIRFLOW_CTX_EXECUTION_DATE=2022-11-06T17:30:00+00:00
AIRFLOW_CTX_DAG_RUN_ID=scheduled__2022-11-06T17:30:00+00:00
[2022-12-04 13:07:11,018] {python.py:175} INFO - Done. Returned value was: None
[2022-12-04 13:07:11,040] {taskinstance.py:1277} INFO - Marking task as SUCCESS. dag_id=dag1, task_id=save_to_parquet, execution_date=20221106T173000, start_date=20221204T130710, end_date=20221204T130711
[2022-12-04 13:07:11,096] {local_task_job.py:154} INFO - Task exited with return code 0
[2022-12-04 13:07:11,182] {local_task_job.py:264} INFO - 1 downstream tasks scheduled from follow-on schedule check
