[2022-12-04 17:16:24,258] {taskinstance.py:1032} INFO - Dependencies all met for <TaskInstance: dag1.local_to_gcs_task scheduled__2022-11-10T02:30:00+00:00 [queued]>
[2022-12-04 17:16:24,342] {taskinstance.py:1032} INFO - Dependencies all met for <TaskInstance: dag1.local_to_gcs_task scheduled__2022-11-10T02:30:00+00:00 [queued]>
[2022-12-04 17:16:24,360] {taskinstance.py:1238} INFO - 
--------------------------------------------------------------------------------
[2022-12-04 17:16:24,361] {taskinstance.py:1239} INFO - Starting attempt 1 of 2
[2022-12-04 17:16:24,375] {taskinstance.py:1240} INFO - 
--------------------------------------------------------------------------------
[2022-12-04 17:16:24,566] {taskinstance.py:1259} INFO - Executing <Task(PythonOperator): local_to_gcs_task> on 2022-11-10 02:30:00+00:00
[2022-12-04 17:16:24,574] {standard_task_runner.py:52} INFO - Started process 17417 to run task
[2022-12-04 17:16:24,611] {standard_task_runner.py:76} INFO - Running: ['***', 'tasks', 'run', 'dag1', 'local_to_gcs_task', 'scheduled__2022-11-10T02:30:00+00:00', '--job-id', '10346', '--raw', '--subdir', 'DAGS_FOLDER/AirflowClean2.py', '--cfg-path', '/tmp/tmpwz4qogj9', '--error-file', '/tmp/tmpd34h6iwf']
[2022-12-04 17:16:24,617] {standard_task_runner.py:77} INFO - Job 10346: Subtask local_to_gcs_task
[2022-12-04 17:16:25,201] {logging_mixin.py:109} INFO - Running <TaskInstance: dag1.local_to_gcs_task scheduled__2022-11-10T02:30:00+00:00 [running]> on host 7a020590adae
[2022-12-04 17:16:25,651] {taskinstance.py:1426} INFO - Exporting the following env vars:
AIRFLOW_CTX_DAG_OWNER=Fadlil
AIRFLOW_CTX_DAG_ID=dag1
AIRFLOW_CTX_TASK_ID=local_to_gcs_task
AIRFLOW_CTX_EXECUTION_DATE=2022-11-10T02:30:00+00:00
AIRFLOW_CTX_DAG_RUN_ID=scheduled__2022-11-10T02:30:00+00:00
[2022-12-04 17:16:26,959] {python.py:175} INFO - Done. Returned value was: None
[2022-12-04 17:16:27,572] {taskinstance.py:1277} INFO - Marking task as SUCCESS. dag_id=dag1, task_id=local_to_gcs_task, execution_date=20221110T023000, start_date=20221204T171624, end_date=20221204T171627
[2022-12-04 17:16:27,943] {local_task_job.py:154} INFO - Task exited with return code 0
[2022-12-04 17:16:28,405] {local_task_job.py:264} INFO - 1 downstream tasks scheduled from follow-on schedule check
