[2022-12-04 10:25:07,850] {taskinstance.py:1032} INFO - Dependencies all met for <TaskInstance: dag1.get_data scheduled__2022-10-31T12:40:00+00:00 [queued]>
[2022-12-04 10:25:07,875] {taskinstance.py:1032} INFO - Dependencies all met for <TaskInstance: dag1.get_data scheduled__2022-10-31T12:40:00+00:00 [queued]>
[2022-12-04 10:25:07,876] {taskinstance.py:1238} INFO - 
--------------------------------------------------------------------------------
[2022-12-04 10:25:07,876] {taskinstance.py:1239} INFO - Starting attempt 1 of 2
[2022-12-04 10:25:07,877] {taskinstance.py:1240} INFO - 
--------------------------------------------------------------------------------
[2022-12-04 10:25:07,919] {taskinstance.py:1259} INFO - Executing <Task(PythonOperator): get_data> on 2022-10-31 12:40:00+00:00
[2022-12-04 10:25:07,932] {standard_task_runner.py:52} INFO - Started process 4952 to run task
[2022-12-04 10:25:07,939] {standard_task_runner.py:76} INFO - Running: ['***', 'tasks', 'run', 'dag1', 'get_data', 'scheduled__2022-10-31T12:40:00+00:00', '--job-id', '3083', '--raw', '--subdir', 'DAGS_FOLDER/AirflowClean2.py', '--cfg-path', '/tmp/tmpkewr535h', '--error-file', '/tmp/tmp0df4x7ix']
[2022-12-04 10:25:07,963] {standard_task_runner.py:77} INFO - Job 3083: Subtask get_data
[2022-12-04 10:25:08,111] {logging_mixin.py:109} INFO - Running <TaskInstance: dag1.get_data scheduled__2022-10-31T12:40:00+00:00 [running]> on host 9e44869ff3ef
[2022-12-04 10:25:08,320] {taskinstance.py:1426} INFO - Exporting the following env vars:
AIRFLOW_CTX_DAG_OWNER=Fadlil
AIRFLOW_CTX_DAG_ID=dag1
AIRFLOW_CTX_TASK_ID=get_data
AIRFLOW_CTX_EXECUTION_DATE=2022-10-31T12:40:00+00:00
AIRFLOW_CTX_DAG_RUN_ID=scheduled__2022-10-31T12:40:00+00:00
[2022-12-04 10:25:09,098] {python.py:175} INFO - Done. Returned value was: None
[2022-12-04 10:25:09,119] {taskinstance.py:1277} INFO - Marking task as SUCCESS. dag_id=dag1, task_id=get_data, execution_date=20221031T124000, start_date=20221204T102507, end_date=20221204T102509
[2022-12-04 10:25:09,209] {local_task_job.py:154} INFO - Task exited with return code 0
[2022-12-04 10:25:09,330] {local_task_job.py:264} INFO - 1 downstream tasks scheduled from follow-on schedule check
