[2022-12-04 13:47:46,192] {taskinstance.py:1032} INFO - Dependencies all met for <TaskInstance: dag1.get_data scheduled__2022-11-07T14:30:00+00:00 [queued]>
[2022-12-04 13:47:46,206] {taskinstance.py:1032} INFO - Dependencies all met for <TaskInstance: dag1.get_data scheduled__2022-11-07T14:30:00+00:00 [queued]>
[2022-12-04 13:47:46,207] {taskinstance.py:1238} INFO - 
--------------------------------------------------------------------------------
[2022-12-04 13:47:46,207] {taskinstance.py:1239} INFO - Starting attempt 1 of 2
[2022-12-04 13:47:46,207] {taskinstance.py:1240} INFO - 
--------------------------------------------------------------------------------
[2022-12-04 13:47:46,225] {taskinstance.py:1259} INFO - Executing <Task(PythonOperator): get_data> on 2022-11-07 14:30:00+00:00
[2022-12-04 13:47:46,231] {standard_task_runner.py:52} INFO - Started process 6325 to run task
[2022-12-04 13:47:46,236] {standard_task_runner.py:76} INFO - Running: ['***', 'tasks', 'run', 'dag1', 'get_data', 'scheduled__2022-11-07T14:30:00+00:00', '--job-id', '8046', '--raw', '--subdir', 'DAGS_FOLDER/AirflowClean2.py', '--cfg-path', '/tmp/tmpa9dut_3m', '--error-file', '/tmp/tmpats0z9vx']
[2022-12-04 13:47:46,238] {standard_task_runner.py:77} INFO - Job 8046: Subtask get_data
[2022-12-04 13:47:46,322] {logging_mixin.py:109} INFO - Running <TaskInstance: dag1.get_data scheduled__2022-11-07T14:30:00+00:00 [running]> on host 7a020590adae
[2022-12-04 13:47:46,428] {taskinstance.py:1426} INFO - Exporting the following env vars:
AIRFLOW_CTX_DAG_OWNER=Fadlil
AIRFLOW_CTX_DAG_ID=dag1
AIRFLOW_CTX_TASK_ID=get_data
AIRFLOW_CTX_EXECUTION_DATE=2022-11-07T14:30:00+00:00
AIRFLOW_CTX_DAG_RUN_ID=scheduled__2022-11-07T14:30:00+00:00
[2022-12-04 13:47:47,135] {python.py:175} INFO - Done. Returned value was: None
[2022-12-04 13:47:47,167] {taskinstance.py:1277} INFO - Marking task as SUCCESS. dag_id=dag1, task_id=get_data, execution_date=20221107T143000, start_date=20221204T134746, end_date=20221204T134747
[2022-12-04 13:47:47,253] {local_task_job.py:154} INFO - Task exited with return code 0
[2022-12-04 13:47:47,311] {local_task_job.py:264} INFO - 1 downstream tasks scheduled from follow-on schedule check
