[2022-12-04 10:58:05,568] {taskinstance.py:1032} INFO - Dependencies all met for <TaskInstance: dag1.local_to_gcs_task scheduled__2022-11-03T08:50:00+00:00 [queued]>
[2022-12-04 10:58:05,584] {taskinstance.py:1032} INFO - Dependencies all met for <TaskInstance: dag1.local_to_gcs_task scheduled__2022-11-03T08:50:00+00:00 [queued]>
[2022-12-04 10:58:05,584] {taskinstance.py:1238} INFO - 
--------------------------------------------------------------------------------
[2022-12-04 10:58:05,585] {taskinstance.py:1239} INFO - Starting attempt 1 of 2
[2022-12-04 10:58:05,585] {taskinstance.py:1240} INFO - 
--------------------------------------------------------------------------------
[2022-12-04 10:58:05,604] {taskinstance.py:1259} INFO - Executing <Task(PythonOperator): local_to_gcs_task> on 2022-11-03 08:50:00+00:00
[2022-12-04 10:58:05,613] {standard_task_runner.py:52} INFO - Started process 10934 to run task
[2022-12-04 10:58:05,617] {standard_task_runner.py:76} INFO - Running: ['***', 'tasks', 'run', 'dag1', 'local_to_gcs_task', 'scheduled__2022-11-03T08:50:00+00:00', '--job-id', '4749', '--raw', '--subdir', 'DAGS_FOLDER/AirflowClean2.py', '--cfg-path', '/tmp/tmpr99a1mnj', '--error-file', '/tmp/tmpsmw61grt']
[2022-12-04 10:58:05,618] {standard_task_runner.py:77} INFO - Job 4749: Subtask local_to_gcs_task
[2022-12-04 10:58:05,979] {logging_mixin.py:109} INFO - Running <TaskInstance: dag1.local_to_gcs_task scheduled__2022-11-03T08:50:00+00:00 [running]> on host 9e44869ff3ef
[2022-12-04 10:58:06,100] {taskinstance.py:1426} INFO - Exporting the following env vars:
AIRFLOW_CTX_DAG_OWNER=Fadlil
AIRFLOW_CTX_DAG_ID=dag1
AIRFLOW_CTX_TASK_ID=local_to_gcs_task
AIRFLOW_CTX_EXECUTION_DATE=2022-11-03T08:50:00+00:00
AIRFLOW_CTX_DAG_RUN_ID=scheduled__2022-11-03T08:50:00+00:00
[2022-12-04 10:58:06,754] {python.py:175} INFO - Done. Returned value was: None
[2022-12-04 10:58:06,773] {taskinstance.py:1277} INFO - Marking task as SUCCESS. dag_id=dag1, task_id=local_to_gcs_task, execution_date=20221103T085000, start_date=20221204T105805, end_date=20221204T105806
[2022-12-04 10:58:06,857] {local_task_job.py:154} INFO - Task exited with return code 0
[2022-12-04 10:58:07,468] {local_task_job.py:264} INFO - 0 downstream tasks scheduled from follow-on schedule check
