[2022-12-04 10:51:55,083] {taskinstance.py:1032} INFO - Dependencies all met for <TaskInstance: dag1.local_to_gcs_task scheduled__2022-11-02T16:20:00+00:00 [queued]>
[2022-12-04 10:51:55,124] {taskinstance.py:1032} INFO - Dependencies all met for <TaskInstance: dag1.local_to_gcs_task scheduled__2022-11-02T16:20:00+00:00 [queued]>
[2022-12-04 10:51:55,131] {taskinstance.py:1238} INFO - 
--------------------------------------------------------------------------------
[2022-12-04 10:51:55,148] {taskinstance.py:1239} INFO - Starting attempt 1 of 2
[2022-12-04 10:51:55,149] {taskinstance.py:1240} INFO - 
--------------------------------------------------------------------------------
[2022-12-04 10:51:55,266] {taskinstance.py:1259} INFO - Executing <Task(PythonOperator): local_to_gcs_task> on 2022-11-02 16:20:00+00:00
[2022-12-04 10:51:55,286] {standard_task_runner.py:52} INFO - Started process 9572 to run task
[2022-12-04 10:51:55,335] {standard_task_runner.py:76} INFO - Running: ['***', 'tasks', 'run', 'dag1', 'local_to_gcs_task', 'scheduled__2022-11-02T16:20:00+00:00', '--job-id', '4351', '--raw', '--subdir', 'DAGS_FOLDER/AirflowClean2.py', '--cfg-path', '/tmp/tmp4hm6jsr6', '--error-file', '/tmp/tmpq2qh3wzd']
[2022-12-04 10:51:55,337] {standard_task_runner.py:77} INFO - Job 4351: Subtask local_to_gcs_task
[2022-12-04 10:51:55,635] {logging_mixin.py:109} INFO - Running <TaskInstance: dag1.local_to_gcs_task scheduled__2022-11-02T16:20:00+00:00 [running]> on host 9e44869ff3ef
[2022-12-04 10:51:55,839] {taskinstance.py:1426} INFO - Exporting the following env vars:
AIRFLOW_CTX_DAG_OWNER=Fadlil
AIRFLOW_CTX_DAG_ID=dag1
AIRFLOW_CTX_TASK_ID=local_to_gcs_task
AIRFLOW_CTX_EXECUTION_DATE=2022-11-02T16:20:00+00:00
AIRFLOW_CTX_DAG_RUN_ID=scheduled__2022-11-02T16:20:00+00:00
[2022-12-04 10:51:56,515] {python.py:175} INFO - Done. Returned value was: None
[2022-12-04 10:51:56,669] {taskinstance.py:1277} INFO - Marking task as SUCCESS. dag_id=dag1, task_id=local_to_gcs_task, execution_date=20221102T162000, start_date=20221204T105155, end_date=20221204T105156
[2022-12-04 10:51:56,748] {local_task_job.py:154} INFO - Task exited with return code 0
[2022-12-04 10:51:56,886] {local_task_job.py:264} INFO - 0 downstream tasks scheduled from follow-on schedule check
