[2022-12-04 04:10:45,492] {taskinstance.py:1032} INFO - Dependencies all met for <TaskInstance: dag1.get_data scheduled__2022-10-28T04:40:00+00:00 [queued]>
[2022-12-04 04:10:45,743] {taskinstance.py:1032} INFO - Dependencies all met for <TaskInstance: dag1.get_data scheduled__2022-10-28T04:40:00+00:00 [queued]>
[2022-12-04 04:10:45,767] {taskinstance.py:1238} INFO - 
--------------------------------------------------------------------------------
[2022-12-04 04:10:45,772] {taskinstance.py:1239} INFO - Starting attempt 1 of 2
[2022-12-04 04:10:45,773] {taskinstance.py:1240} INFO - 
--------------------------------------------------------------------------------
[2022-12-04 04:10:45,949] {taskinstance.py:1259} INFO - Executing <Task(PythonOperator): get_data> on 2022-10-28 04:40:00+00:00
[2022-12-04 04:10:45,964] {standard_task_runner.py:52} INFO - Started process 4246 to run task
[2022-12-04 04:10:45,988] {standard_task_runner.py:76} INFO - Running: ['***', 'tasks', 'run', 'dag1', 'get_data', 'scheduled__2022-10-28T04:40:00+00:00', '--job-id', '1282', '--raw', '--subdir', 'DAGS_FOLDER/AirflowClean2.py', '--cfg-path', '/tmp/tmptcohdm_6', '--error-file', '/tmp/tmp9nbwefhb']
[2022-12-04 04:10:46,021] {standard_task_runner.py:77} INFO - Job 1282: Subtask get_data
[2022-12-04 04:10:46,513] {logging_mixin.py:109} INFO - Running <TaskInstance: dag1.get_data scheduled__2022-10-28T04:40:00+00:00 [running]> on host 422c372562ce
[2022-12-04 04:10:47,024] {taskinstance.py:1426} INFO - Exporting the following env vars:
AIRFLOW_CTX_DAG_OWNER=Fadlil
AIRFLOW_CTX_DAG_ID=dag1
AIRFLOW_CTX_TASK_ID=get_data
AIRFLOW_CTX_EXECUTION_DATE=2022-10-28T04:40:00+00:00
AIRFLOW_CTX_DAG_RUN_ID=scheduled__2022-10-28T04:40:00+00:00
[2022-12-04 04:10:48,180] {python.py:175} INFO - Done. Returned value was: None
[2022-12-04 04:10:48,374] {taskinstance.py:1277} INFO - Marking task as SUCCESS. dag_id=dag1, task_id=get_data, execution_date=20221028T044000, start_date=20221204T041045, end_date=20221204T041048
[2022-12-04 04:10:48,671] {local_task_job.py:154} INFO - Task exited with return code 0
[2022-12-04 04:10:49,025] {local_task_job.py:264} INFO - 1 downstream tasks scheduled from follow-on schedule check
