[2022-12-04 14:33:12,373] {taskinstance.py:1032} INFO - Dependencies all met for <TaskInstance: dag1.local_to_gcs_task scheduled__2022-11-08T12:30:00+00:00 [queued]>
[2022-12-04 14:33:12,414] {taskinstance.py:1032} INFO - Dependencies all met for <TaskInstance: dag1.local_to_gcs_task scheduled__2022-11-08T12:30:00+00:00 [queued]>
[2022-12-04 14:33:12,417] {taskinstance.py:1238} INFO - 
--------------------------------------------------------------------------------
[2022-12-04 14:33:12,418] {taskinstance.py:1239} INFO - Starting attempt 1 of 2
[2022-12-04 14:33:12,420] {taskinstance.py:1240} INFO - 
--------------------------------------------------------------------------------
[2022-12-04 14:33:12,460] {taskinstance.py:1259} INFO - Executing <Task(PythonOperator): local_to_gcs_task> on 2022-11-08 12:30:00+00:00
[2022-12-04 14:33:12,467] {standard_task_runner.py:52} INFO - Started process 10468 to run task
[2022-12-04 14:33:12,496] {standard_task_runner.py:76} INFO - Running: ['***', 'tasks', 'run', 'dag1', 'local_to_gcs_task', 'scheduled__2022-11-08T12:30:00+00:00', '--job-id', '8907', '--raw', '--subdir', 'DAGS_FOLDER/AirflowClean2.py', '--cfg-path', '/tmp/tmpt1686b81', '--error-file', '/tmp/tmp1s88q_k_']
[2022-12-04 14:33:12,500] {standard_task_runner.py:77} INFO - Job 8907: Subtask local_to_gcs_task
[2022-12-04 14:33:12,746] {logging_mixin.py:109} INFO - Running <TaskInstance: dag1.local_to_gcs_task scheduled__2022-11-08T12:30:00+00:00 [running]> on host 7a020590adae
[2022-12-04 14:33:12,939] {taskinstance.py:1426} INFO - Exporting the following env vars:
AIRFLOW_CTX_DAG_OWNER=Fadlil
AIRFLOW_CTX_DAG_ID=dag1
AIRFLOW_CTX_TASK_ID=local_to_gcs_task
AIRFLOW_CTX_EXECUTION_DATE=2022-11-08T12:30:00+00:00
AIRFLOW_CTX_DAG_RUN_ID=scheduled__2022-11-08T12:30:00+00:00
[2022-12-04 14:33:14,137] {python.py:175} INFO - Done. Returned value was: None
[2022-12-04 14:33:14,314] {taskinstance.py:1277} INFO - Marking task as SUCCESS. dag_id=dag1, task_id=local_to_gcs_task, execution_date=20221108T123000, start_date=20221204T143312, end_date=20221204T143314
[2022-12-04 14:33:14,462] {local_task_job.py:154} INFO - Task exited with return code 0
[2022-12-04 14:33:14,545] {local_task_job.py:264} INFO - 1 downstream tasks scheduled from follow-on schedule check
