[2022-12-04 15:16:16,017] {taskinstance.py:1032} INFO - Dependencies all met for <TaskInstance: dag1.get_data scheduled__2022-11-09T10:30:00+00:00 [queued]>
[2022-12-04 15:16:16,030] {taskinstance.py:1032} INFO - Dependencies all met for <TaskInstance: dag1.get_data scheduled__2022-11-09T10:30:00+00:00 [queued]>
[2022-12-04 15:16:16,030] {taskinstance.py:1238} INFO - 
--------------------------------------------------------------------------------
[2022-12-04 15:16:16,030] {taskinstance.py:1239} INFO - Starting attempt 1 of 2
[2022-12-04 15:16:16,031] {taskinstance.py:1240} INFO - 
--------------------------------------------------------------------------------
[2022-12-04 15:16:16,045] {taskinstance.py:1259} INFO - Executing <Task(PythonOperator): get_data> on 2022-11-09 10:30:00+00:00
[2022-12-04 15:16:16,052] {standard_task_runner.py:52} INFO - Started process 14435 to run task
[2022-12-04 15:16:16,056] {standard_task_runner.py:76} INFO - Running: ['***', 'tasks', 'run', 'dag1', 'get_data', 'scheduled__2022-11-09T10:30:00+00:00', '--job-id', '9729', '--raw', '--subdir', 'DAGS_FOLDER/AirflowClean2.py', '--cfg-path', '/tmp/tmph_tcsx69', '--error-file', '/tmp/tmp9lcvm2cm']
[2022-12-04 15:16:16,057] {standard_task_runner.py:77} INFO - Job 9729: Subtask get_data
[2022-12-04 15:16:16,126] {logging_mixin.py:109} INFO - Running <TaskInstance: dag1.get_data scheduled__2022-11-09T10:30:00+00:00 [running]> on host 7a020590adae
[2022-12-04 15:16:16,201] {taskinstance.py:1426} INFO - Exporting the following env vars:
AIRFLOW_CTX_DAG_OWNER=Fadlil
AIRFLOW_CTX_DAG_ID=dag1
AIRFLOW_CTX_TASK_ID=get_data
AIRFLOW_CTX_EXECUTION_DATE=2022-11-09T10:30:00+00:00
AIRFLOW_CTX_DAG_RUN_ID=scheduled__2022-11-09T10:30:00+00:00
[2022-12-04 15:16:16,885] {python.py:175} INFO - Done. Returned value was: None
[2022-12-04 15:16:17,305] {taskinstance.py:1277} INFO - Marking task as SUCCESS. dag_id=dag1, task_id=get_data, execution_date=20221109T103000, start_date=20221204T151616, end_date=20221204T151617
[2022-12-04 15:16:17,356] {local_task_job.py:154} INFO - Task exited with return code 0
[2022-12-04 15:16:17,449] {local_task_job.py:264} INFO - 1 downstream tasks scheduled from follow-on schedule check
