[2022-12-04 09:52:38,065] {taskinstance.py:1032} INFO - Dependencies all met for <TaskInstance: dag1.save_to_csv scheduled__2022-10-30T11:40:00+00:00 [queued]>
[2022-12-04 09:52:38,202] {taskinstance.py:1032} INFO - Dependencies all met for <TaskInstance: dag1.save_to_csv scheduled__2022-10-30T11:40:00+00:00 [queued]>
[2022-12-04 09:52:38,223] {taskinstance.py:1238} INFO - 
--------------------------------------------------------------------------------
[2022-12-04 09:52:38,230] {taskinstance.py:1239} INFO - Starting attempt 1 of 2
[2022-12-04 09:52:38,231] {taskinstance.py:1240} INFO - 
--------------------------------------------------------------------------------
[2022-12-04 09:52:38,295] {taskinstance.py:1259} INFO - Executing <Task(PythonOperator): save_to_csv> on 2022-10-30 11:40:00+00:00
[2022-12-04 09:52:38,317] {standard_task_runner.py:52} INFO - Started process 2225 to run task
[2022-12-04 09:52:38,392] {standard_task_runner.py:76} INFO - Running: ['***', 'tasks', 'run', 'dag1', 'save_to_csv', 'scheduled__2022-10-30T11:40:00+00:00', '--job-id', '2541', '--raw', '--subdir', 'DAGS_FOLDER/AirflowClean2.py', '--cfg-path', '/tmp/tmpoh8lo2x6', '--error-file', '/tmp/tmpgrj8_clt']
[2022-12-04 09:52:38,426] {standard_task_runner.py:77} INFO - Job 2541: Subtask save_to_csv
[2022-12-04 09:52:38,773] {logging_mixin.py:109} INFO - Running <TaskInstance: dag1.save_to_csv scheduled__2022-10-30T11:40:00+00:00 [running]> on host 9e44869ff3ef
[2022-12-04 09:52:39,069] {taskinstance.py:1426} INFO - Exporting the following env vars:
AIRFLOW_CTX_DAG_OWNER=Fadlil
AIRFLOW_CTX_DAG_ID=dag1
AIRFLOW_CTX_TASK_ID=save_to_csv
AIRFLOW_CTX_EXECUTION_DATE=2022-10-30T11:40:00+00:00
AIRFLOW_CTX_DAG_RUN_ID=scheduled__2022-10-30T11:40:00+00:00
[2022-12-04 09:52:39,319] {python.py:175} INFO - Done. Returned value was: None
[2022-12-04 09:52:39,401] {taskinstance.py:1277} INFO - Marking task as SUCCESS. dag_id=dag1, task_id=save_to_csv, execution_date=20221030T114000, start_date=20221204T095238, end_date=20221204T095239
[2022-12-04 09:52:39,493] {local_task_job.py:154} INFO - Task exited with return code 0
[2022-12-04 09:52:40,719] {local_task_job.py:264} INFO - 0 downstream tasks scheduled from follow-on schedule check
