[2022-12-04 12:25:14,706] {taskinstance.py:1032} INFO - Dependencies all met for <TaskInstance: dag1.delete_local_file scheduled__2022-11-05T23:30:00+00:00 [queued]>
[2022-12-04 12:25:14,755] {taskinstance.py:1032} INFO - Dependencies all met for <TaskInstance: dag1.delete_local_file scheduled__2022-11-05T23:30:00+00:00 [queued]>
[2022-12-04 12:25:14,755] {taskinstance.py:1238} INFO - 
--------------------------------------------------------------------------------
[2022-12-04 12:25:14,756] {taskinstance.py:1239} INFO - Starting attempt 1 of 2
[2022-12-04 12:25:14,756] {taskinstance.py:1240} INFO - 
--------------------------------------------------------------------------------
[2022-12-04 12:25:14,802] {taskinstance.py:1259} INFO - Executing <Task(PythonOperator): delete_local_file> on 2022-11-05 23:30:00+00:00
[2022-12-04 12:25:14,811] {standard_task_runner.py:52} INFO - Started process 18525 to run task
[2022-12-04 12:25:14,867] {standard_task_runner.py:76} INFO - Running: ['***', 'tasks', 'run', 'dag1', 'delete_local_file', 'scheduled__2022-11-05T23:30:00+00:00', '--job-id', '6582', '--raw', '--subdir', 'DAGS_FOLDER/AirflowClean2.py', '--cfg-path', '/tmp/tmp9czfrwok', '--error-file', '/tmp/tmpn64a2f6v']
[2022-12-04 12:25:14,874] {standard_task_runner.py:77} INFO - Job 6582: Subtask delete_local_file
[2022-12-04 12:25:15,098] {logging_mixin.py:109} INFO - Running <TaskInstance: dag1.delete_local_file scheduled__2022-11-05T23:30:00+00:00 [running]> on host 9e44869ff3ef
[2022-12-04 12:25:15,397] {taskinstance.py:1426} INFO - Exporting the following env vars:
AIRFLOW_CTX_DAG_OWNER=Fadlil
AIRFLOW_CTX_DAG_ID=dag1
AIRFLOW_CTX_TASK_ID=delete_local_file
AIRFLOW_CTX_EXECUTION_DATE=2022-11-05T23:30:00+00:00
AIRFLOW_CTX_DAG_RUN_ID=scheduled__2022-11-05T23:30:00+00:00
[2022-12-04 12:25:15,431] {python.py:175} INFO - Done. Returned value was: None
[2022-12-04 12:25:15,972] {taskinstance.py:1277} INFO - Marking task as SUCCESS. dag_id=dag1, task_id=delete_local_file, execution_date=20221105T233000, start_date=20221204T122514, end_date=20221204T122515
[2022-12-04 12:25:16,046] {local_task_job.py:154} INFO - Task exited with return code 0
[2022-12-04 12:25:16,098] {local_task_job.py:264} INFO - 0 downstream tasks scheduled from follow-on schedule check
