[2022-12-02 17:24:07,122] {taskinstance.py:1032} INFO - Dependencies all met for <TaskInstance: dag1.get_data scheduled__2022-10-26T00:50:00+00:00 [queued]>
[2022-12-02 17:24:07,816] {taskinstance.py:1032} INFO - Dependencies all met for <TaskInstance: dag1.get_data scheduled__2022-10-26T00:50:00+00:00 [queued]>
[2022-12-02 17:24:08,480] {taskinstance.py:1238} INFO - 
--------------------------------------------------------------------------------
[2022-12-02 17:24:08,483] {taskinstance.py:1239} INFO - Starting attempt 1 of 2
[2022-12-02 17:24:08,527] {taskinstance.py:1240} INFO - 
--------------------------------------------------------------------------------
[2022-12-02 17:24:23,078] {taskinstance.py:1259} INFO - Executing <Task(PythonOperator): get_data> on 2022-10-26 00:50:00+00:00
[2022-12-02 17:24:31,326] {standard_task_runner.py:52} INFO - Started process 142 to run task
[2022-12-02 17:24:32,840] {standard_task_runner.py:76} INFO - Running: ['***', 'tasks', 'run', 'dag1', 'get_data', 'scheduled__2022-10-26T00:50:00+00:00', '--job-id', '16', '--raw', '--subdir', 'DAGS_FOLDER/AirflowClean2.py', '--cfg-path', '/tmp/tmpuu7vv69y', '--error-file', '/tmp/tmpsoao9apz']
[2022-12-02 17:24:32,892] {standard_task_runner.py:77} INFO - Job 16: Subtask get_data
[2022-12-02 17:24:35,148] {logging_mixin.py:109} INFO - Running <TaskInstance: dag1.get_data scheduled__2022-10-26T00:50:00+00:00 [running]> on host 422c372562ce
[2022-12-02 17:24:36,838] {taskinstance.py:1426} INFO - Exporting the following env vars:
AIRFLOW_CTX_DAG_OWNER=Fadlil
AIRFLOW_CTX_DAG_ID=dag1
AIRFLOW_CTX_TASK_ID=get_data
AIRFLOW_CTX_EXECUTION_DATE=2022-10-26T00:50:00+00:00
AIRFLOW_CTX_DAG_RUN_ID=scheduled__2022-10-26T00:50:00+00:00
[2022-12-02 17:24:38,066] {python.py:175} INFO - Done. Returned value was: None
[2022-12-02 17:24:38,170] {taskinstance.py:1277} INFO - Marking task as SUCCESS. dag_id=dag1, task_id=get_data, execution_date=20221026T005000, start_date=20221202T172407, end_date=20221202T172438
[2022-12-02 17:24:38,427] {local_task_job.py:154} INFO - Task exited with return code 0
[2022-12-02 17:24:40,141] {local_task_job.py:264} INFO - 1 downstream tasks scheduled from follow-on schedule check
