[2022-12-03 17:53:14,229] {taskinstance.py:1032} INFO - Dependencies all met for <TaskInstance: dag1.get_data scheduled__2022-10-26T16:10:00+00:00 [queued]>
[2022-12-03 17:53:14,445] {taskinstance.py:1032} INFO - Dependencies all met for <TaskInstance: dag1.get_data scheduled__2022-10-26T16:10:00+00:00 [queued]>
[2022-12-03 17:53:14,501] {taskinstance.py:1238} INFO - 
--------------------------------------------------------------------------------
[2022-12-03 17:53:14,555] {taskinstance.py:1239} INFO - Starting attempt 1 of 2
[2022-12-03 17:53:14,568] {taskinstance.py:1240} INFO - 
--------------------------------------------------------------------------------
[2022-12-03 17:53:14,710] {taskinstance.py:1259} INFO - Executing <Task(PythonOperator): get_data> on 2022-10-26 16:10:00+00:00
[2022-12-03 17:53:14,737] {standard_task_runner.py:52} INFO - Started process 962 to run task
[2022-12-03 17:53:14,815] {standard_task_runner.py:76} INFO - Running: ['***', 'tasks', 'run', 'dag1', 'get_data', 'scheduled__2022-10-26T16:10:00+00:00', '--job-id', '376', '--raw', '--subdir', 'DAGS_FOLDER/AirflowClean2.py', '--cfg-path', '/tmp/tmpsnzy2t_k', '--error-file', '/tmp/tmp7khusicf']
[2022-12-03 17:53:14,819] {standard_task_runner.py:77} INFO - Job 376: Subtask get_data
[2022-12-03 17:53:15,420] {logging_mixin.py:109} INFO - Running <TaskInstance: dag1.get_data scheduled__2022-10-26T16:10:00+00:00 [running]> on host 422c372562ce
[2022-12-03 17:53:15,681] {taskinstance.py:1426} INFO - Exporting the following env vars:
AIRFLOW_CTX_DAG_OWNER=Fadlil
AIRFLOW_CTX_DAG_ID=dag1
AIRFLOW_CTX_TASK_ID=get_data
AIRFLOW_CTX_EXECUTION_DATE=2022-10-26T16:10:00+00:00
AIRFLOW_CTX_DAG_RUN_ID=scheduled__2022-10-26T16:10:00+00:00
[2022-12-03 17:53:16,452] {python.py:175} INFO - Done. Returned value was: None
[2022-12-03 17:53:17,003] {taskinstance.py:1277} INFO - Marking task as SUCCESS. dag_id=dag1, task_id=get_data, execution_date=20221026T161000, start_date=20221203T175314, end_date=20221203T175317
[2022-12-03 17:53:17,196] {local_task_job.py:154} INFO - Task exited with return code 0
[2022-12-03 17:53:17,422] {local_task_job.py:264} INFO - 1 downstream tasks scheduled from follow-on schedule check
