[2022-12-04 04:36:10,770] {taskinstance.py:1032} INFO - Dependencies all met for <TaskInstance: dag1.save_to_csv scheduled__2022-10-28T16:30:00+00:00 [queued]>
[2022-12-04 04:36:10,793] {taskinstance.py:1032} INFO - Dependencies all met for <TaskInstance: dag1.save_to_csv scheduled__2022-10-28T16:30:00+00:00 [queued]>
[2022-12-04 04:36:10,795] {taskinstance.py:1238} INFO - 
--------------------------------------------------------------------------------
[2022-12-04 04:36:10,795] {taskinstance.py:1239} INFO - Starting attempt 1 of 2
[2022-12-04 04:36:10,798] {taskinstance.py:1240} INFO - 
--------------------------------------------------------------------------------
[2022-12-04 04:36:10,831] {taskinstance.py:1259} INFO - Executing <Task(PythonOperator): save_to_csv> on 2022-10-28 16:30:00+00:00
[2022-12-04 04:36:10,839] {standard_task_runner.py:52} INFO - Started process 5841 to run task
[2022-12-04 04:36:10,844] {standard_task_runner.py:76} INFO - Running: ['***', 'tasks', 'run', 'dag1', 'save_to_csv', 'scheduled__2022-10-28T16:30:00+00:00', '--job-id', '1570', '--raw', '--subdir', 'DAGS_FOLDER/AirflowClean2.py', '--cfg-path', '/tmp/tmpjzjq94xm', '--error-file', '/tmp/tmpdpk5rprt']
[2022-12-04 04:36:10,846] {standard_task_runner.py:77} INFO - Job 1570: Subtask save_to_csv
[2022-12-04 04:36:10,991] {logging_mixin.py:109} INFO - Running <TaskInstance: dag1.save_to_csv scheduled__2022-10-28T16:30:00+00:00 [running]> on host 422c372562ce
[2022-12-04 04:36:11,213] {taskinstance.py:1426} INFO - Exporting the following env vars:
AIRFLOW_CTX_DAG_OWNER=Fadlil
AIRFLOW_CTX_DAG_ID=dag1
AIRFLOW_CTX_TASK_ID=save_to_csv
AIRFLOW_CTX_EXECUTION_DATE=2022-10-28T16:30:00+00:00
AIRFLOW_CTX_DAG_RUN_ID=scheduled__2022-10-28T16:30:00+00:00
[2022-12-04 04:36:11,290] {python.py:175} INFO - Done. Returned value was: None
[2022-12-04 04:36:11,316] {taskinstance.py:1277} INFO - Marking task as SUCCESS. dag_id=dag1, task_id=save_to_csv, execution_date=20221028T163000, start_date=20221204T043610, end_date=20221204T043611
[2022-12-04 04:36:11,388] {local_task_job.py:154} INFO - Task exited with return code 0
[2022-12-04 04:36:11,467] {local_task_job.py:264} INFO - 1 downstream tasks scheduled from follow-on schedule check
