[2022-12-04 04:41:29,153] {taskinstance.py:1032} INFO - Dependencies all met for <TaskInstance: dag1.get_data scheduled__2022-10-28T19:10:00+00:00 [queued]>
[2022-12-04 04:41:29,257] {taskinstance.py:1032} INFO - Dependencies all met for <TaskInstance: dag1.get_data scheduled__2022-10-28T19:10:00+00:00 [queued]>
[2022-12-04 04:41:29,257] {taskinstance.py:1238} INFO - 
--------------------------------------------------------------------------------
[2022-12-04 04:41:29,258] {taskinstance.py:1239} INFO - Starting attempt 1 of 2
[2022-12-04 04:41:29,258] {taskinstance.py:1240} INFO - 
--------------------------------------------------------------------------------
[2022-12-04 04:41:29,439] {taskinstance.py:1259} INFO - Executing <Task(PythonOperator): get_data> on 2022-10-28 19:10:00+00:00
[2022-12-04 04:41:29,530] {standard_task_runner.py:52} INFO - Started process 6159 to run task
[2022-12-04 04:41:29,540] {standard_task_runner.py:76} INFO - Running: ['***', 'tasks', 'run', 'dag1', 'get_data', 'scheduled__2022-10-28T19:10:00+00:00', '--job-id', '1629', '--raw', '--subdir', 'DAGS_FOLDER/AirflowClean2.py', '--cfg-path', '/tmp/tmp_b0c09hy', '--error-file', '/tmp/tmpm9rzljfb']
[2022-12-04 04:41:29,599] {standard_task_runner.py:77} INFO - Job 1629: Subtask get_data
[2022-12-04 04:41:30,423] {logging_mixin.py:109} INFO - Running <TaskInstance: dag1.get_data scheduled__2022-10-28T19:10:00+00:00 [running]> on host 422c372562ce
[2022-12-04 04:41:31,283] {taskinstance.py:1426} INFO - Exporting the following env vars:
AIRFLOW_CTX_DAG_OWNER=Fadlil
AIRFLOW_CTX_DAG_ID=dag1
AIRFLOW_CTX_TASK_ID=get_data
AIRFLOW_CTX_EXECUTION_DATE=2022-10-28T19:10:00+00:00
AIRFLOW_CTX_DAG_RUN_ID=scheduled__2022-10-28T19:10:00+00:00
[2022-12-04 04:41:32,398] {python.py:175} INFO - Done. Returned value was: None
[2022-12-04 04:41:32,512] {taskinstance.py:1277} INFO - Marking task as SUCCESS. dag_id=dag1, task_id=get_data, execution_date=20221028T191000, start_date=20221204T044129, end_date=20221204T044132
[2022-12-04 04:41:32,719] {local_task_job.py:154} INFO - Task exited with return code 0
[2022-12-04 04:41:34,733] {local_task_job.py:264} INFO - 0 downstream tasks scheduled from follow-on schedule check
