[2022-12-04 11:07:43,794] {taskinstance.py:1032} INFO - Dependencies all met for <TaskInstance: dag1.get_data scheduled__2022-11-04T11:00:00+00:00 [queued]>
[2022-12-04 11:07:43,910] {taskinstance.py:1032} INFO - Dependencies all met for <TaskInstance: dag1.get_data scheduled__2022-11-04T11:00:00+00:00 [queued]>
[2022-12-04 11:07:43,911] {taskinstance.py:1238} INFO - 
--------------------------------------------------------------------------------
[2022-12-04 11:07:43,928] {taskinstance.py:1239} INFO - Starting attempt 1 of 2
[2022-12-04 11:07:43,933] {taskinstance.py:1240} INFO - 
--------------------------------------------------------------------------------
[2022-12-04 11:07:44,026] {taskinstance.py:1259} INFO - Executing <Task(PythonOperator): get_data> on 2022-11-04 11:00:00+00:00
[2022-12-04 11:07:44,057] {standard_task_runner.py:52} INFO - Started process 13013 to run task
[2022-12-04 11:07:44,139] {standard_task_runner.py:76} INFO - Running: ['***', 'tasks', 'run', 'dag1', 'get_data', 'scheduled__2022-11-04T11:00:00+00:00', '--job-id', '5351', '--raw', '--subdir', 'DAGS_FOLDER/AirflowClean2.py', '--cfg-path', '/tmp/tmpx6a_4qwb', '--error-file', '/tmp/tmpyo16ni91']
[2022-12-04 11:07:44,178] {standard_task_runner.py:77} INFO - Job 5351: Subtask get_data
[2022-12-04 11:07:44,800] {logging_mixin.py:109} INFO - Running <TaskInstance: dag1.get_data scheduled__2022-11-04T11:00:00+00:00 [running]> on host 9e44869ff3ef
[2022-12-04 11:07:45,193] {taskinstance.py:1426} INFO - Exporting the following env vars:
AIRFLOW_CTX_DAG_OWNER=Fadlil
AIRFLOW_CTX_DAG_ID=dag1
AIRFLOW_CTX_TASK_ID=get_data
AIRFLOW_CTX_EXECUTION_DATE=2022-11-04T11:00:00+00:00
AIRFLOW_CTX_DAG_RUN_ID=scheduled__2022-11-04T11:00:00+00:00
[2022-12-04 11:07:46,779] {python.py:175} INFO - Done. Returned value was: None
[2022-12-04 11:07:47,227] {taskinstance.py:1277} INFO - Marking task as SUCCESS. dag_id=dag1, task_id=get_data, execution_date=20221104T110000, start_date=20221204T110743, end_date=20221204T110747
[2022-12-04 11:07:47,431] {local_task_job.py:154} INFO - Task exited with return code 0
[2022-12-04 11:07:47,690] {local_task_job.py:264} INFO - 1 downstream tasks scheduled from follow-on schedule check
