[2022-12-04 10:46:40,685] {taskinstance.py:1032} INFO - Dependencies all met for <TaskInstance: dag1.save_to_csv scheduled__2022-11-02T03:20:00+00:00 [queued]>
[2022-12-04 10:46:40,755] {taskinstance.py:1032} INFO - Dependencies all met for <TaskInstance: dag1.save_to_csv scheduled__2022-11-02T03:20:00+00:00 [queued]>
[2022-12-04 10:46:40,755] {taskinstance.py:1238} INFO - 
--------------------------------------------------------------------------------
[2022-12-04 10:46:40,756] {taskinstance.py:1239} INFO - Starting attempt 1 of 2
[2022-12-04 10:46:40,756] {taskinstance.py:1240} INFO - 
--------------------------------------------------------------------------------
[2022-12-04 10:46:40,865] {taskinstance.py:1259} INFO - Executing <Task(PythonOperator): save_to_csv> on 2022-11-02 03:20:00+00:00
[2022-12-04 10:46:40,882] {standard_task_runner.py:52} INFO - Started process 8430 to run task
[2022-12-04 10:46:40,955] {standard_task_runner.py:76} INFO - Running: ['***', 'tasks', 'run', 'dag1', 'save_to_csv', 'scheduled__2022-11-02T03:20:00+00:00', '--job-id', '4022', '--raw', '--subdir', 'DAGS_FOLDER/AirflowClean2.py', '--cfg-path', '/tmp/tmpsma3flr6', '--error-file', '/tmp/tmpsvsh8gbv']
[2022-12-04 10:46:40,976] {standard_task_runner.py:77} INFO - Job 4022: Subtask save_to_csv
[2022-12-04 10:46:41,621] {logging_mixin.py:109} INFO - Running <TaskInstance: dag1.save_to_csv scheduled__2022-11-02T03:20:00+00:00 [running]> on host 9e44869ff3ef
[2022-12-04 10:46:42,426] {taskinstance.py:1426} INFO - Exporting the following env vars:
AIRFLOW_CTX_DAG_OWNER=Fadlil
AIRFLOW_CTX_DAG_ID=dag1
AIRFLOW_CTX_TASK_ID=save_to_csv
AIRFLOW_CTX_EXECUTION_DATE=2022-11-02T03:20:00+00:00
AIRFLOW_CTX_DAG_RUN_ID=scheduled__2022-11-02T03:20:00+00:00
[2022-12-04 10:46:43,295] {python.py:175} INFO - Done. Returned value was: None
[2022-12-04 10:46:44,276] {taskinstance.py:1277} INFO - Marking task as SUCCESS. dag_id=dag1, task_id=save_to_csv, execution_date=20221102T032000, start_date=20221204T104640, end_date=20221204T104644
[2022-12-04 10:46:44,436] {local_task_job.py:154} INFO - Task exited with return code 0
[2022-12-04 10:46:44,748] {local_task_job.py:264} INFO - 1 downstream tasks scheduled from follow-on schedule check
