[2022-12-04 04:22:37,795] {taskinstance.py:1032} INFO - Dependencies all met for <TaskInstance: dag1.get_data scheduled__2022-10-28T09:30:00+00:00 [queued]>
[2022-12-04 04:22:37,876] {taskinstance.py:1032} INFO - Dependencies all met for <TaskInstance: dag1.get_data scheduled__2022-10-28T09:30:00+00:00 [queued]>
[2022-12-04 04:22:37,877] {taskinstance.py:1238} INFO - 
--------------------------------------------------------------------------------
[2022-12-04 04:22:37,878] {taskinstance.py:1239} INFO - Starting attempt 1 of 2
[2022-12-04 04:22:37,878] {taskinstance.py:1240} INFO - 
--------------------------------------------------------------------------------
[2022-12-04 04:22:37,949] {taskinstance.py:1259} INFO - Executing <Task(PythonOperator): get_data> on 2022-10-28 09:30:00+00:00
[2022-12-04 04:22:37,959] {standard_task_runner.py:52} INFO - Started process 4971 to run task
[2022-12-04 04:22:37,984] {standard_task_runner.py:76} INFO - Running: ['***', 'tasks', 'run', 'dag1', 'get_data', 'scheduled__2022-10-28T09:30:00+00:00', '--job-id', '1407', '--raw', '--subdir', 'DAGS_FOLDER/AirflowClean2.py', '--cfg-path', '/tmp/tmp0cnj08ob', '--error-file', '/tmp/tmpw4a7epx8']
[2022-12-04 04:22:37,986] {standard_task_runner.py:77} INFO - Job 1407: Subtask get_data
[2022-12-04 04:22:38,150] {logging_mixin.py:109} INFO - Running <TaskInstance: dag1.get_data scheduled__2022-10-28T09:30:00+00:00 [running]> on host 422c372562ce
[2022-12-04 04:22:38,462] {taskinstance.py:1426} INFO - Exporting the following env vars:
AIRFLOW_CTX_DAG_OWNER=Fadlil
AIRFLOW_CTX_DAG_ID=dag1
AIRFLOW_CTX_TASK_ID=get_data
AIRFLOW_CTX_EXECUTION_DATE=2022-10-28T09:30:00+00:00
AIRFLOW_CTX_DAG_RUN_ID=scheduled__2022-10-28T09:30:00+00:00
[2022-12-04 04:22:39,178] {python.py:175} INFO - Done. Returned value was: None
[2022-12-04 04:22:39,652] {taskinstance.py:1277} INFO - Marking task as SUCCESS. dag_id=dag1, task_id=get_data, execution_date=20221028T093000, start_date=20221204T042237, end_date=20221204T042239
[2022-12-04 04:22:39,731] {local_task_job.py:154} INFO - Task exited with return code 0
[2022-12-04 04:22:39,911] {local_task_job.py:264} INFO - 1 downstream tasks scheduled from follow-on schedule check
