[2022-12-04 10:57:43,952] {taskinstance.py:1032} INFO - Dependencies all met for <TaskInstance: dag1.save_to_parquet scheduled__2022-11-03T07:50:00+00:00 [queued]>
[2022-12-04 10:57:44,049] {taskinstance.py:1032} INFO - Dependencies all met for <TaskInstance: dag1.save_to_parquet scheduled__2022-11-03T07:50:00+00:00 [queued]>
[2022-12-04 10:57:44,063] {taskinstance.py:1238} INFO - 
--------------------------------------------------------------------------------
[2022-12-04 10:57:44,073] {taskinstance.py:1239} INFO - Starting attempt 1 of 2
[2022-12-04 10:57:44,087] {taskinstance.py:1240} INFO - 
--------------------------------------------------------------------------------
[2022-12-04 10:57:44,213] {taskinstance.py:1259} INFO - Executing <Task(PythonOperator): save_to_parquet> on 2022-11-03 07:50:00+00:00
[2022-12-04 10:57:44,229] {standard_task_runner.py:52} INFO - Started process 10867 to run task
[2022-12-04 10:57:44,294] {standard_task_runner.py:76} INFO - Running: ['***', 'tasks', 'run', 'dag1', 'save_to_parquet', 'scheduled__2022-11-03T07:50:00+00:00', '--job-id', '4726', '--raw', '--subdir', 'DAGS_FOLDER/AirflowClean2.py', '--cfg-path', '/tmp/tmpopp80vhr', '--error-file', '/tmp/tmpf7au0_lv']
[2022-12-04 10:57:44,334] {standard_task_runner.py:77} INFO - Job 4726: Subtask save_to_parquet
[2022-12-04 10:57:44,786] {logging_mixin.py:109} INFO - Running <TaskInstance: dag1.save_to_parquet scheduled__2022-11-03T07:50:00+00:00 [running]> on host 9e44869ff3ef
[2022-12-04 10:57:45,163] {taskinstance.py:1426} INFO - Exporting the following env vars:
AIRFLOW_CTX_DAG_OWNER=Fadlil
AIRFLOW_CTX_DAG_ID=dag1
AIRFLOW_CTX_TASK_ID=save_to_parquet
AIRFLOW_CTX_EXECUTION_DATE=2022-11-03T07:50:00+00:00
AIRFLOW_CTX_DAG_RUN_ID=scheduled__2022-11-03T07:50:00+00:00
[2022-12-04 10:57:45,413] {python.py:175} INFO - Done. Returned value was: None
[2022-12-04 10:57:45,829] {taskinstance.py:1277} INFO - Marking task as SUCCESS. dag_id=dag1, task_id=save_to_parquet, execution_date=20221103T075000, start_date=20221204T105743, end_date=20221204T105745
[2022-12-04 10:57:46,006] {local_task_job.py:154} INFO - Task exited with return code 0
[2022-12-04 10:57:46,154] {local_task_job.py:264} INFO - 1 downstream tasks scheduled from follow-on schedule check
