[2022-12-04 15:19:38,388] {taskinstance.py:1032} INFO - Dependencies all met for <TaskInstance: dag1.local_to_gcs_task scheduled__2022-11-09T12:00:00+00:00 [queued]>
[2022-12-04 15:19:38,411] {taskinstance.py:1032} INFO - Dependencies all met for <TaskInstance: dag1.local_to_gcs_task scheduled__2022-11-09T12:00:00+00:00 [queued]>
[2022-12-04 15:19:38,412] {taskinstance.py:1238} INFO - 
--------------------------------------------------------------------------------
[2022-12-04 15:19:38,412] {taskinstance.py:1239} INFO - Starting attempt 1 of 2
[2022-12-04 15:19:38,413] {taskinstance.py:1240} INFO - 
--------------------------------------------------------------------------------
[2022-12-04 15:19:38,446] {taskinstance.py:1259} INFO - Executing <Task(PythonOperator): local_to_gcs_task> on 2022-11-09 12:00:00+00:00
[2022-12-04 15:19:38,453] {standard_task_runner.py:52} INFO - Started process 14769 to run task
[2022-12-04 15:19:38,460] {standard_task_runner.py:76} INFO - Running: ['***', 'tasks', 'run', 'dag1', 'local_to_gcs_task', 'scheduled__2022-11-09T12:00:00+00:00', '--job-id', '9796', '--raw', '--subdir', 'DAGS_FOLDER/AirflowClean2.py', '--cfg-path', '/tmp/tmpb0xa0skl', '--error-file', '/tmp/tmpq9e1ibaz']
[2022-12-04 15:19:38,461] {standard_task_runner.py:77} INFO - Job 9796: Subtask local_to_gcs_task
[2022-12-04 15:19:38,551] {logging_mixin.py:109} INFO - Running <TaskInstance: dag1.local_to_gcs_task scheduled__2022-11-09T12:00:00+00:00 [running]> on host 7a020590adae
[2022-12-04 15:19:38,639] {taskinstance.py:1426} INFO - Exporting the following env vars:
AIRFLOW_CTX_DAG_OWNER=Fadlil
AIRFLOW_CTX_DAG_ID=dag1
AIRFLOW_CTX_TASK_ID=local_to_gcs_task
AIRFLOW_CTX_EXECUTION_DATE=2022-11-09T12:00:00+00:00
AIRFLOW_CTX_DAG_RUN_ID=scheduled__2022-11-09T12:00:00+00:00
[2022-12-04 15:19:39,529] {python.py:175} INFO - Done. Returned value was: None
[2022-12-04 15:19:39,546] {taskinstance.py:1277} INFO - Marking task as SUCCESS. dag_id=dag1, task_id=local_to_gcs_task, execution_date=20221109T120000, start_date=20221204T151938, end_date=20221204T151939
[2022-12-04 15:19:39,594] {local_task_job.py:154} INFO - Task exited with return code 0
[2022-12-04 15:19:39,649] {local_task_job.py:264} INFO - 1 downstream tasks scheduled from follow-on schedule check
