[2022-12-04 09:53:05,437] {taskinstance.py:1032} INFO - Dependencies all met for <TaskInstance: dag1.get_data scheduled__2022-10-30T13:50:00+00:00 [queued]>
[2022-12-04 09:53:05,495] {taskinstance.py:1032} INFO - Dependencies all met for <TaskInstance: dag1.get_data scheduled__2022-10-30T13:50:00+00:00 [queued]>
[2022-12-04 09:53:05,496] {taskinstance.py:1238} INFO - 
--------------------------------------------------------------------------------
[2022-12-04 09:53:05,502] {taskinstance.py:1239} INFO - Starting attempt 1 of 2
[2022-12-04 09:53:05,503] {taskinstance.py:1240} INFO - 
--------------------------------------------------------------------------------
[2022-12-04 09:53:05,600] {taskinstance.py:1259} INFO - Executing <Task(PythonOperator): get_data> on 2022-10-30 13:50:00+00:00
[2022-12-04 09:53:05,616] {standard_task_runner.py:52} INFO - Started process 2309 to run task
[2022-12-04 09:53:05,630] {standard_task_runner.py:76} INFO - Running: ['***', 'tasks', 'run', 'dag1', 'get_data', 'scheduled__2022-10-30T13:50:00+00:00', '--job-id', '2567', '--raw', '--subdir', 'DAGS_FOLDER/AirflowClean2.py', '--cfg-path', '/tmp/tmpgq4pglq_', '--error-file', '/tmp/tmpzh8s2ve_']
[2022-12-04 09:53:05,644] {standard_task_runner.py:77} INFO - Job 2567: Subtask get_data
[2022-12-04 09:53:06,415] {logging_mixin.py:109} INFO - Running <TaskInstance: dag1.get_data scheduled__2022-10-30T13:50:00+00:00 [running]> on host 9e44869ff3ef
[2022-12-04 09:53:06,669] {taskinstance.py:1426} INFO - Exporting the following env vars:
AIRFLOW_CTX_DAG_OWNER=Fadlil
AIRFLOW_CTX_DAG_ID=dag1
AIRFLOW_CTX_TASK_ID=get_data
AIRFLOW_CTX_EXECUTION_DATE=2022-10-30T13:50:00+00:00
AIRFLOW_CTX_DAG_RUN_ID=scheduled__2022-10-30T13:50:00+00:00
[2022-12-04 09:53:07,502] {python.py:175} INFO - Done. Returned value was: None
[2022-12-04 09:53:07,543] {taskinstance.py:1277} INFO - Marking task as SUCCESS. dag_id=dag1, task_id=get_data, execution_date=20221030T135000, start_date=20221204T095305, end_date=20221204T095307
[2022-12-04 09:53:07,686] {local_task_job.py:154} INFO - Task exited with return code 0
[2022-12-04 09:53:08,997] {local_task_job.py:264} INFO - 0 downstream tasks scheduled from follow-on schedule check
