[2022-12-04 04:33:14,425] {taskinstance.py:1032} INFO - Dependencies all met for <TaskInstance: dag1.get_data scheduled__2022-10-28T14:00:00+00:00 [queued]>
[2022-12-04 04:33:14,499] {taskinstance.py:1032} INFO - Dependencies all met for <TaskInstance: dag1.get_data scheduled__2022-10-28T14:00:00+00:00 [queued]>
[2022-12-04 04:33:14,501] {taskinstance.py:1238} INFO - 
--------------------------------------------------------------------------------
[2022-12-04 04:33:14,503] {taskinstance.py:1239} INFO - Starting attempt 1 of 2
[2022-12-04 04:33:14,508] {taskinstance.py:1240} INFO - 
--------------------------------------------------------------------------------
[2022-12-04 04:33:14,579] {taskinstance.py:1259} INFO - Executing <Task(PythonOperator): get_data> on 2022-10-28 14:00:00+00:00
[2022-12-04 04:33:14,604] {standard_task_runner.py:52} INFO - Started process 5599 to run task
[2022-12-04 04:33:14,620] {standard_task_runner.py:76} INFO - Running: ['***', 'tasks', 'run', 'dag1', 'get_data', 'scheduled__2022-10-28T14:00:00+00:00', '--job-id', '1513', '--raw', '--subdir', 'DAGS_FOLDER/AirflowClean2.py', '--cfg-path', '/tmp/tmpn34trs2o', '--error-file', '/tmp/tmpjtpi_8q2']
[2022-12-04 04:33:14,666] {standard_task_runner.py:77} INFO - Job 1513: Subtask get_data
[2022-12-04 04:33:15,181] {logging_mixin.py:109} INFO - Running <TaskInstance: dag1.get_data scheduled__2022-10-28T14:00:00+00:00 [running]> on host 422c372562ce
[2022-12-04 04:33:15,566] {taskinstance.py:1426} INFO - Exporting the following env vars:
AIRFLOW_CTX_DAG_OWNER=Fadlil
AIRFLOW_CTX_DAG_ID=dag1
AIRFLOW_CTX_TASK_ID=get_data
AIRFLOW_CTX_EXECUTION_DATE=2022-10-28T14:00:00+00:00
AIRFLOW_CTX_DAG_RUN_ID=scheduled__2022-10-28T14:00:00+00:00
[2022-12-04 04:33:16,488] {python.py:175} INFO - Done. Returned value was: None
[2022-12-04 04:33:16,583] {taskinstance.py:1277} INFO - Marking task as SUCCESS. dag_id=dag1, task_id=get_data, execution_date=20221028T140000, start_date=20221204T043314, end_date=20221204T043316
[2022-12-04 04:33:17,022] {local_task_job.py:154} INFO - Task exited with return code 0
[2022-12-04 04:33:17,315] {local_task_job.py:264} INFO - 1 downstream tasks scheduled from follow-on schedule check
