[2022-12-04 11:01:18,044] {taskinstance.py:1032} INFO - Dependencies all met for <TaskInstance: dag1.save_to_parquet scheduled__2022-11-03T17:00:00+00:00 [queued]>
[2022-12-04 11:01:18,105] {taskinstance.py:1032} INFO - Dependencies all met for <TaskInstance: dag1.save_to_parquet scheduled__2022-11-03T17:00:00+00:00 [queued]>
[2022-12-04 11:01:18,111] {taskinstance.py:1238} INFO - 
--------------------------------------------------------------------------------
[2022-12-04 11:01:18,112] {taskinstance.py:1239} INFO - Starting attempt 1 of 2
[2022-12-04 11:01:18,113] {taskinstance.py:1240} INFO - 
--------------------------------------------------------------------------------
[2022-12-04 11:01:18,164] {taskinstance.py:1259} INFO - Executing <Task(PythonOperator): save_to_parquet> on 2022-11-03 17:00:00+00:00
[2022-12-04 11:01:18,188] {standard_task_runner.py:52} INFO - Started process 11652 to run task
[2022-12-04 11:01:18,257] {standard_task_runner.py:76} INFO - Running: ['***', 'tasks', 'run', 'dag1', 'save_to_parquet', 'scheduled__2022-11-03T17:00:00+00:00', '--job-id', '4955', '--raw', '--subdir', 'DAGS_FOLDER/AirflowClean2.py', '--cfg-path', '/tmp/tmps2qn5fbh', '--error-file', '/tmp/tmpzjj1obb6']
[2022-12-04 11:01:18,291] {standard_task_runner.py:77} INFO - Job 4955: Subtask save_to_parquet
[2022-12-04 11:01:19,202] {logging_mixin.py:109} INFO - Running <TaskInstance: dag1.save_to_parquet scheduled__2022-11-03T17:00:00+00:00 [running]> on host 9e44869ff3ef
[2022-12-04 11:01:19,676] {taskinstance.py:1426} INFO - Exporting the following env vars:
AIRFLOW_CTX_DAG_OWNER=Fadlil
AIRFLOW_CTX_DAG_ID=dag1
AIRFLOW_CTX_TASK_ID=save_to_parquet
AIRFLOW_CTX_EXECUTION_DATE=2022-11-03T17:00:00+00:00
AIRFLOW_CTX_DAG_RUN_ID=scheduled__2022-11-03T17:00:00+00:00
[2022-12-04 11:01:19,873] {python.py:175} INFO - Done. Returned value was: None
[2022-12-04 11:01:20,775] {taskinstance.py:1277} INFO - Marking task as SUCCESS. dag_id=dag1, task_id=save_to_parquet, execution_date=20221103T170000, start_date=20221204T110118, end_date=20221204T110120
[2022-12-04 11:01:20,921] {local_task_job.py:154} INFO - Task exited with return code 0
[2022-12-04 11:01:22,338] {local_task_job.py:264} INFO - 0 downstream tasks scheduled from follow-on schedule check
