[2022-12-04 11:50:46,976] {taskinstance.py:1032} INFO - Dependencies all met for <TaskInstance: dag1.local_to_gcs_task scheduled__2022-11-05T07:30:00+00:00 [queued]>
[2022-12-04 11:50:47,091] {taskinstance.py:1032} INFO - Dependencies all met for <TaskInstance: dag1.local_to_gcs_task scheduled__2022-11-05T07:30:00+00:00 [queued]>
[2022-12-04 11:50:47,101] {taskinstance.py:1238} INFO - 
--------------------------------------------------------------------------------
[2022-12-04 11:50:47,112] {taskinstance.py:1239} INFO - Starting attempt 1 of 2
[2022-12-04 11:50:47,122] {taskinstance.py:1240} INFO - 
--------------------------------------------------------------------------------
[2022-12-04 11:50:47,303] {taskinstance.py:1259} INFO - Executing <Task(PythonOperator): local_to_gcs_task> on 2022-11-05 07:30:00+00:00
[2022-12-04 11:50:47,367] {standard_task_runner.py:52} INFO - Started process 15625 to run task
[2022-12-04 11:50:47,388] {standard_task_runner.py:76} INFO - Running: ['***', 'tasks', 'run', 'dag1', 'local_to_gcs_task', 'scheduled__2022-11-05T07:30:00+00:00', '--job-id', '5997', '--raw', '--subdir', 'DAGS_FOLDER/AirflowClean2.py', '--cfg-path', '/tmp/tmpad2e0ap9', '--error-file', '/tmp/tmpz33g2xzt']
[2022-12-04 11:50:47,429] {standard_task_runner.py:77} INFO - Job 5997: Subtask local_to_gcs_task
[2022-12-04 11:50:47,946] {logging_mixin.py:109} INFO - Running <TaskInstance: dag1.local_to_gcs_task scheduled__2022-11-05T07:30:00+00:00 [running]> on host 9e44869ff3ef
[2022-12-04 11:50:48,907] {taskinstance.py:1426} INFO - Exporting the following env vars:
AIRFLOW_CTX_DAG_OWNER=Fadlil
AIRFLOW_CTX_DAG_ID=dag1
AIRFLOW_CTX_TASK_ID=local_to_gcs_task
AIRFLOW_CTX_EXECUTION_DATE=2022-11-05T07:30:00+00:00
AIRFLOW_CTX_DAG_RUN_ID=scheduled__2022-11-05T07:30:00+00:00
[2022-12-04 11:50:50,740] {python.py:175} INFO - Done. Returned value was: None
[2022-12-04 11:50:50,793] {taskinstance.py:1277} INFO - Marking task as SUCCESS. dag_id=dag1, task_id=local_to_gcs_task, execution_date=20221105T073000, start_date=20221204T115047, end_date=20221204T115050
[2022-12-04 11:50:51,010] {local_task_job.py:154} INFO - Task exited with return code 0
[2022-12-04 11:50:51,785] {local_task_job.py:264} INFO - 1 downstream tasks scheduled from follow-on schedule check
