[2022-12-04 10:57:28,806] {taskinstance.py:1032} INFO - Dependencies all met for <TaskInstance: dag1.get_data scheduled__2022-11-03T08:00:00+00:00 [queued]>
[2022-12-04 10:57:28,831] {taskinstance.py:1032} INFO - Dependencies all met for <TaskInstance: dag1.get_data scheduled__2022-11-03T08:00:00+00:00 [queued]>
[2022-12-04 10:57:28,832] {taskinstance.py:1238} INFO - 
--------------------------------------------------------------------------------
[2022-12-04 10:57:28,833] {taskinstance.py:1239} INFO - Starting attempt 1 of 2
[2022-12-04 10:57:28,834] {taskinstance.py:1240} INFO - 
--------------------------------------------------------------------------------
[2022-12-04 10:57:28,875] {taskinstance.py:1259} INFO - Executing <Task(PythonOperator): get_data> on 2022-11-03 08:00:00+00:00
[2022-12-04 10:57:28,901] {standard_task_runner.py:52} INFO - Started process 10802 to run task
[2022-12-04 10:57:28,917] {standard_task_runner.py:76} INFO - Running: ['***', 'tasks', 'run', 'dag1', 'get_data', 'scheduled__2022-11-03T08:00:00+00:00', '--job-id', '4709', '--raw', '--subdir', 'DAGS_FOLDER/AirflowClean2.py', '--cfg-path', '/tmp/tmph1fdw_em', '--error-file', '/tmp/tmpzpl4nuk6']
[2022-12-04 10:57:28,921] {standard_task_runner.py:77} INFO - Job 4709: Subtask get_data
[2022-12-04 10:57:29,144] {logging_mixin.py:109} INFO - Running <TaskInstance: dag1.get_data scheduled__2022-11-03T08:00:00+00:00 [running]> on host 9e44869ff3ef
[2022-12-04 10:57:29,297] {taskinstance.py:1426} INFO - Exporting the following env vars:
AIRFLOW_CTX_DAG_OWNER=Fadlil
AIRFLOW_CTX_DAG_ID=dag1
AIRFLOW_CTX_TASK_ID=get_data
AIRFLOW_CTX_EXECUTION_DATE=2022-11-03T08:00:00+00:00
AIRFLOW_CTX_DAG_RUN_ID=scheduled__2022-11-03T08:00:00+00:00
[2022-12-04 10:57:30,417] {python.py:175} INFO - Done. Returned value was: None
[2022-12-04 10:57:30,538] {taskinstance.py:1277} INFO - Marking task as SUCCESS. dag_id=dag1, task_id=get_data, execution_date=20221103T080000, start_date=20221204T105728, end_date=20221204T105730
[2022-12-04 10:57:30,688] {local_task_job.py:154} INFO - Task exited with return code 0
[2022-12-04 10:57:30,877] {local_task_job.py:264} INFO - 1 downstream tasks scheduled from follow-on schedule check
