[2022-12-04 04:57:37,134] {taskinstance.py:1032} INFO - Dependencies all met for <TaskInstance: dag1.get_data scheduled__2022-10-29T01:00:00+00:00 [queued]>
[2022-12-04 04:57:37,307] {taskinstance.py:1032} INFO - Dependencies all met for <TaskInstance: dag1.get_data scheduled__2022-10-29T01:00:00+00:00 [queued]>
[2022-12-04 04:57:37,334] {taskinstance.py:1238} INFO - 
--------------------------------------------------------------------------------
[2022-12-04 04:57:37,339] {taskinstance.py:1239} INFO - Starting attempt 1 of 2
[2022-12-04 04:57:37,340] {taskinstance.py:1240} INFO - 
--------------------------------------------------------------------------------
[2022-12-04 04:57:37,575] {taskinstance.py:1259} INFO - Executing <Task(PythonOperator): get_data> on 2022-10-29 01:00:00+00:00
[2022-12-04 04:57:37,586] {standard_task_runner.py:52} INFO - Started process 7059 to run task
[2022-12-04 04:57:37,632] {standard_task_runner.py:76} INFO - Running: ['***', 'tasks', 'run', 'dag1', 'get_data', 'scheduled__2022-10-29T01:00:00+00:00', '--job-id', '1774', '--raw', '--subdir', 'DAGS_FOLDER/AirflowClean2.py', '--cfg-path', '/tmp/tmpajq7xmfb', '--error-file', '/tmp/tmp372dx2_b']
[2022-12-04 04:57:37,644] {standard_task_runner.py:77} INFO - Job 1774: Subtask get_data
[2022-12-04 04:57:38,617] {logging_mixin.py:109} INFO - Running <TaskInstance: dag1.get_data scheduled__2022-10-29T01:00:00+00:00 [running]> on host 422c372562ce
[2022-12-04 04:57:39,310] {taskinstance.py:1426} INFO - Exporting the following env vars:
AIRFLOW_CTX_DAG_OWNER=Fadlil
AIRFLOW_CTX_DAG_ID=dag1
AIRFLOW_CTX_TASK_ID=get_data
AIRFLOW_CTX_EXECUTION_DATE=2022-10-29T01:00:00+00:00
AIRFLOW_CTX_DAG_RUN_ID=scheduled__2022-10-29T01:00:00+00:00
[2022-12-04 04:57:40,239] {python.py:175} INFO - Done. Returned value was: None
[2022-12-04 04:57:40,561] {taskinstance.py:1277} INFO - Marking task as SUCCESS. dag_id=dag1, task_id=get_data, execution_date=20221029T010000, start_date=20221204T045737, end_date=20221204T045740
[2022-12-04 04:57:40,684] {local_task_job.py:154} INFO - Task exited with return code 0
[2022-12-04 04:57:41,036] {local_task_job.py:264} INFO - 1 downstream tasks scheduled from follow-on schedule check
