[2022-12-04 13:45:11,677] {taskinstance.py:1032} INFO - Dependencies all met for <TaskInstance: dag1.delete_local_file scheduled__2022-11-07T12:40:00+00:00 [queued]>
[2022-12-04 13:45:11,728] {taskinstance.py:1032} INFO - Dependencies all met for <TaskInstance: dag1.delete_local_file scheduled__2022-11-07T12:40:00+00:00 [queued]>
[2022-12-04 13:45:11,745] {taskinstance.py:1238} INFO - 
--------------------------------------------------------------------------------
[2022-12-04 13:45:11,767] {taskinstance.py:1239} INFO - Starting attempt 1 of 2
[2022-12-04 13:45:11,768] {taskinstance.py:1240} INFO - 
--------------------------------------------------------------------------------
[2022-12-04 13:45:11,822] {taskinstance.py:1259} INFO - Executing <Task(PythonOperator): delete_local_file> on 2022-11-07 12:40:00+00:00
[2022-12-04 13:45:11,840] {standard_task_runner.py:52} INFO - Started process 6077 to run task
[2022-12-04 13:45:11,857] {standard_task_runner.py:76} INFO - Running: ['***', 'tasks', 'run', 'dag1', 'delete_local_file', 'scheduled__2022-11-07T12:40:00+00:00', '--job-id', '7990', '--raw', '--subdir', 'DAGS_FOLDER/AirflowClean2.py', '--cfg-path', '/tmp/tmp9wwq5ew9', '--error-file', '/tmp/tmpkbonivc9']
[2022-12-04 13:45:11,885] {standard_task_runner.py:77} INFO - Job 7990: Subtask delete_local_file
[2022-12-04 13:45:12,356] {logging_mixin.py:109} INFO - Running <TaskInstance: dag1.delete_local_file scheduled__2022-11-07T12:40:00+00:00 [running]> on host 7a020590adae
[2022-12-04 13:45:14,470] {taskinstance.py:1426} INFO - Exporting the following env vars:
AIRFLOW_CTX_DAG_OWNER=Fadlil
AIRFLOW_CTX_DAG_ID=dag1
AIRFLOW_CTX_TASK_ID=delete_local_file
AIRFLOW_CTX_EXECUTION_DATE=2022-11-07T12:40:00+00:00
AIRFLOW_CTX_DAG_RUN_ID=scheduled__2022-11-07T12:40:00+00:00
[2022-12-04 13:45:14,477] {python.py:175} INFO - Done. Returned value was: None
[2022-12-04 13:45:14,497] {taskinstance.py:1277} INFO - Marking task as SUCCESS. dag_id=dag1, task_id=delete_local_file, execution_date=20221107T124000, start_date=20221204T134511, end_date=20221204T134514
[2022-12-04 13:45:14,983] {local_task_job.py:154} INFO - Task exited with return code 0
[2022-12-04 13:45:15,246] {local_task_job.py:264} INFO - 0 downstream tasks scheduled from follow-on schedule check
