[2022-12-04 09:53:50,991] {taskinstance.py:1032} INFO - Dependencies all met for <TaskInstance: dag1.save_to_csv scheduled__2022-10-30T15:40:00+00:00 [queued]>
[2022-12-04 09:53:51,074] {taskinstance.py:1032} INFO - Dependencies all met for <TaskInstance: dag1.save_to_csv scheduled__2022-10-30T15:40:00+00:00 [queued]>
[2022-12-04 09:53:51,075] {taskinstance.py:1238} INFO - 
--------------------------------------------------------------------------------
[2022-12-04 09:53:51,075] {taskinstance.py:1239} INFO - Starting attempt 1 of 2
[2022-12-04 09:53:51,076] {taskinstance.py:1240} INFO - 
--------------------------------------------------------------------------------
[2022-12-04 09:53:51,111] {taskinstance.py:1259} INFO - Executing <Task(PythonOperator): save_to_csv> on 2022-10-30 15:40:00+00:00
[2022-12-04 09:53:51,122] {standard_task_runner.py:52} INFO - Started process 2468 to run task
[2022-12-04 09:53:51,143] {standard_task_runner.py:76} INFO - Running: ['***', 'tasks', 'run', 'dag1', 'save_to_csv', 'scheduled__2022-10-30T15:40:00+00:00', '--job-id', '2610', '--raw', '--subdir', 'DAGS_FOLDER/AirflowClean2.py', '--cfg-path', '/tmp/tmpwh7h8mxr', '--error-file', '/tmp/tmpmr_jsb6j']
[2022-12-04 09:53:51,150] {standard_task_runner.py:77} INFO - Job 2610: Subtask save_to_csv
[2022-12-04 09:53:52,442] {logging_mixin.py:109} INFO - Running <TaskInstance: dag1.save_to_csv scheduled__2022-10-30T15:40:00+00:00 [running]> on host 9e44869ff3ef
[2022-12-04 09:53:52,623] {taskinstance.py:1426} INFO - Exporting the following env vars:
AIRFLOW_CTX_DAG_OWNER=Fadlil
AIRFLOW_CTX_DAG_ID=dag1
AIRFLOW_CTX_TASK_ID=save_to_csv
AIRFLOW_CTX_EXECUTION_DATE=2022-10-30T15:40:00+00:00
AIRFLOW_CTX_DAG_RUN_ID=scheduled__2022-10-30T15:40:00+00:00
[2022-12-04 09:53:52,730] {python.py:175} INFO - Done. Returned value was: None
[2022-12-04 09:53:52,795] {taskinstance.py:1277} INFO - Marking task as SUCCESS. dag_id=dag1, task_id=save_to_csv, execution_date=20221030T154000, start_date=20221204T095350, end_date=20221204T095352
[2022-12-04 09:53:52,903] {local_task_job.py:154} INFO - Task exited with return code 0
[2022-12-04 09:53:54,052] {local_task_job.py:264} INFO - 0 downstream tasks scheduled from follow-on schedule check
