[2022-12-04 02:59:24,692] {taskinstance.py:1032} INFO - Dependencies all met for <TaskInstance: dag1.get_data scheduled__2022-10-27T04:40:00+00:00 [queued]>
[2022-12-04 02:59:24,753] {taskinstance.py:1032} INFO - Dependencies all met for <TaskInstance: dag1.get_data scheduled__2022-10-27T04:40:00+00:00 [queued]>
[2022-12-04 02:59:24,754] {taskinstance.py:1238} INFO - 
--------------------------------------------------------------------------------
[2022-12-04 02:59:24,754] {taskinstance.py:1239} INFO - Starting attempt 1 of 2
[2022-12-04 02:59:24,755] {taskinstance.py:1240} INFO - 
--------------------------------------------------------------------------------
[2022-12-04 02:59:24,813] {taskinstance.py:1259} INFO - Executing <Task(PythonOperator): get_data> on 2022-10-27 04:40:00+00:00
[2022-12-04 02:59:24,819] {standard_task_runner.py:52} INFO - Started process 882 to run task
[2022-12-04 02:59:24,840] {standard_task_runner.py:76} INFO - Running: ['***', 'tasks', 'run', 'dag1', 'get_data', 'scheduled__2022-10-27T04:40:00+00:00', '--job-id', '718', '--raw', '--subdir', 'DAGS_FOLDER/AirflowClean2.py', '--cfg-path', '/tmp/tmphscw5qz9', '--error-file', '/tmp/tmp0lc7_xx7']
[2022-12-04 02:59:24,850] {standard_task_runner.py:77} INFO - Job 718: Subtask get_data
[2022-12-04 02:59:25,028] {logging_mixin.py:109} INFO - Running <TaskInstance: dag1.get_data scheduled__2022-10-27T04:40:00+00:00 [running]> on host 422c372562ce
[2022-12-04 02:59:25,301] {taskinstance.py:1426} INFO - Exporting the following env vars:
AIRFLOW_CTX_DAG_OWNER=Fadlil
AIRFLOW_CTX_DAG_ID=dag1
AIRFLOW_CTX_TASK_ID=get_data
AIRFLOW_CTX_EXECUTION_DATE=2022-10-27T04:40:00+00:00
AIRFLOW_CTX_DAG_RUN_ID=scheduled__2022-10-27T04:40:00+00:00
[2022-12-04 02:59:26,127] {python.py:175} INFO - Done. Returned value was: None
[2022-12-04 02:59:26,159] {taskinstance.py:1277} INFO - Marking task as SUCCESS. dag_id=dag1, task_id=get_data, execution_date=20221027T044000, start_date=20221204T025924, end_date=20221204T025926
[2022-12-04 02:59:26,319] {local_task_job.py:154} INFO - Task exited with return code 0
[2022-12-04 02:59:26,663] {local_task_job.py:264} INFO - 1 downstream tasks scheduled from follow-on schedule check
