[2022-12-04 09:53:34,657] {taskinstance.py:1032} INFO - Dependencies all met for <TaskInstance: dag1.get_data scheduled__2022-10-30T15:10:00+00:00 [queued]>
[2022-12-04 09:53:34,689] {taskinstance.py:1032} INFO - Dependencies all met for <TaskInstance: dag1.get_data scheduled__2022-10-30T15:10:00+00:00 [queued]>
[2022-12-04 09:53:34,701] {taskinstance.py:1238} INFO - 
--------------------------------------------------------------------------------
[2022-12-04 09:53:34,704] {taskinstance.py:1239} INFO - Starting attempt 1 of 2
[2022-12-04 09:53:34,705] {taskinstance.py:1240} INFO - 
--------------------------------------------------------------------------------
[2022-12-04 09:53:34,764] {taskinstance.py:1259} INFO - Executing <Task(PythonOperator): get_data> on 2022-10-30 15:10:00+00:00
[2022-12-04 09:53:34,773] {standard_task_runner.py:52} INFO - Started process 2403 to run task
[2022-12-04 09:53:34,778] {standard_task_runner.py:76} INFO - Running: ['***', 'tasks', 'run', 'dag1', 'get_data', 'scheduled__2022-10-30T15:10:00+00:00', '--job-id', '2594', '--raw', '--subdir', 'DAGS_FOLDER/AirflowClean2.py', '--cfg-path', '/tmp/tmp2m51lqjk', '--error-file', '/tmp/tmp28aoo7u7']
[2022-12-04 09:53:34,780] {standard_task_runner.py:77} INFO - Job 2594: Subtask get_data
[2022-12-04 09:53:34,969] {logging_mixin.py:109} INFO - Running <TaskInstance: dag1.get_data scheduled__2022-10-30T15:10:00+00:00 [running]> on host 9e44869ff3ef
[2022-12-04 09:53:35,210] {taskinstance.py:1426} INFO - Exporting the following env vars:
AIRFLOW_CTX_DAG_OWNER=Fadlil
AIRFLOW_CTX_DAG_ID=dag1
AIRFLOW_CTX_TASK_ID=get_data
AIRFLOW_CTX_EXECUTION_DATE=2022-10-30T15:10:00+00:00
AIRFLOW_CTX_DAG_RUN_ID=scheduled__2022-10-30T15:10:00+00:00
[2022-12-04 09:53:36,326] {python.py:175} INFO - Done. Returned value was: None
[2022-12-04 09:53:36,651] {taskinstance.py:1277} INFO - Marking task as SUCCESS. dag_id=dag1, task_id=get_data, execution_date=20221030T151000, start_date=20221204T095334, end_date=20221204T095336
[2022-12-04 09:53:36,787] {local_task_job.py:154} INFO - Task exited with return code 0
[2022-12-04 09:53:37,007] {local_task_job.py:264} INFO - 1 downstream tasks scheduled from follow-on schedule check
