[2022-12-04 14:10:45,185] {taskinstance.py:1032} INFO - Dependencies all met for <TaskInstance: dag1.save_to_csv scheduled__2022-11-08T02:00:00+00:00 [queued]>
[2022-12-04 14:10:45,408] {taskinstance.py:1032} INFO - Dependencies all met for <TaskInstance: dag1.save_to_csv scheduled__2022-11-08T02:00:00+00:00 [queued]>
[2022-12-04 14:10:45,443] {taskinstance.py:1238} INFO - 
--------------------------------------------------------------------------------
[2022-12-04 14:10:45,456] {taskinstance.py:1239} INFO - Starting attempt 1 of 2
[2022-12-04 14:10:45,458] {taskinstance.py:1240} INFO - 
--------------------------------------------------------------------------------
[2022-12-04 14:10:45,574] {taskinstance.py:1259} INFO - Executing <Task(PythonOperator): save_to_csv> on 2022-11-08 02:00:00+00:00
[2022-12-04 14:10:45,583] {standard_task_runner.py:52} INFO - Started process 8459 to run task
[2022-12-04 14:10:45,593] {standard_task_runner.py:76} INFO - Running: ['***', 'tasks', 'run', 'dag1', 'save_to_csv', 'scheduled__2022-11-08T02:00:00+00:00', '--job-id', '8490', '--raw', '--subdir', 'DAGS_FOLDER/AirflowClean2.py', '--cfg-path', '/tmp/tmp_qvdzsxx', '--error-file', '/tmp/tmp5k6kiuc7']
[2022-12-04 14:10:45,595] {standard_task_runner.py:77} INFO - Job 8490: Subtask save_to_csv
[2022-12-04 14:10:45,757] {logging_mixin.py:109} INFO - Running <TaskInstance: dag1.save_to_csv scheduled__2022-11-08T02:00:00+00:00 [running]> on host 7a020590adae
[2022-12-04 14:10:45,884] {taskinstance.py:1426} INFO - Exporting the following env vars:
AIRFLOW_CTX_DAG_OWNER=Fadlil
AIRFLOW_CTX_DAG_ID=dag1
AIRFLOW_CTX_TASK_ID=save_to_csv
AIRFLOW_CTX_EXECUTION_DATE=2022-11-08T02:00:00+00:00
AIRFLOW_CTX_DAG_RUN_ID=scheduled__2022-11-08T02:00:00+00:00
[2022-12-04 14:10:45,970] {python.py:175} INFO - Done. Returned value was: None
[2022-12-04 14:10:46,010] {taskinstance.py:1277} INFO - Marking task as SUCCESS. dag_id=dag1, task_id=save_to_csv, execution_date=20221108T020000, start_date=20221204T141045, end_date=20221204T141046
[2022-12-04 14:10:46,072] {local_task_job.py:154} INFO - Task exited with return code 0
[2022-12-04 14:10:46,191] {local_task_job.py:264} INFO - 1 downstream tasks scheduled from follow-on schedule check
