[2022-12-04 12:18:06,863] {taskinstance.py:1032} INFO - Dependencies all met for <TaskInstance: dag1.save_to_parquet scheduled__2022-11-05T20:00:00+00:00 [queued]>
[2022-12-04 12:18:06,899] {taskinstance.py:1032} INFO - Dependencies all met for <TaskInstance: dag1.save_to_parquet scheduled__2022-11-05T20:00:00+00:00 [queued]>
[2022-12-04 12:18:06,901] {taskinstance.py:1238} INFO - 
--------------------------------------------------------------------------------
[2022-12-04 12:18:06,902] {taskinstance.py:1239} INFO - Starting attempt 1 of 2
[2022-12-04 12:18:06,914] {taskinstance.py:1240} INFO - 
--------------------------------------------------------------------------------
[2022-12-04 12:18:07,010] {taskinstance.py:1259} INFO - Executing <Task(PythonOperator): save_to_parquet> on 2022-11-05 20:00:00+00:00
[2022-12-04 12:18:07,025] {standard_task_runner.py:52} INFO - Started process 17877 to run task
[2022-12-04 12:18:07,059] {standard_task_runner.py:76} INFO - Running: ['***', 'tasks', 'run', 'dag1', 'save_to_parquet', 'scheduled__2022-11-05T20:00:00+00:00', '--job-id', '6442', '--raw', '--subdir', 'DAGS_FOLDER/AirflowClean2.py', '--cfg-path', '/tmp/tmp52tro12j', '--error-file', '/tmp/tmpcc96_3yo']
[2022-12-04 12:18:07,070] {standard_task_runner.py:77} INFO - Job 6442: Subtask save_to_parquet
[2022-12-04 12:18:07,457] {logging_mixin.py:109} INFO - Running <TaskInstance: dag1.save_to_parquet scheduled__2022-11-05T20:00:00+00:00 [running]> on host 9e44869ff3ef
[2022-12-04 12:18:07,649] {taskinstance.py:1426} INFO - Exporting the following env vars:
AIRFLOW_CTX_DAG_OWNER=Fadlil
AIRFLOW_CTX_DAG_ID=dag1
AIRFLOW_CTX_TASK_ID=save_to_parquet
AIRFLOW_CTX_EXECUTION_DATE=2022-11-05T20:00:00+00:00
AIRFLOW_CTX_DAG_RUN_ID=scheduled__2022-11-05T20:00:00+00:00
[2022-12-04 12:18:07,741] {python.py:175} INFO - Done. Returned value was: None
[2022-12-04 12:18:07,794] {taskinstance.py:1277} INFO - Marking task as SUCCESS. dag_id=dag1, task_id=save_to_parquet, execution_date=20221105T200000, start_date=20221204T121806, end_date=20221204T121807
[2022-12-04 12:18:07,942] {local_task_job.py:154} INFO - Task exited with return code 0
[2022-12-04 12:18:08,097] {local_task_job.py:264} INFO - 1 downstream tasks scheduled from follow-on schedule check
