[2022-12-04 11:05:27,159] {taskinstance.py:1032} INFO - Dependencies all met for <TaskInstance: dag1.local_to_gcs_task scheduled__2022-11-04T03:40:00+00:00 [queued]>
[2022-12-04 11:05:27,285] {taskinstance.py:1032} INFO - Dependencies all met for <TaskInstance: dag1.local_to_gcs_task scheduled__2022-11-04T03:40:00+00:00 [queued]>
[2022-12-04 11:05:27,286] {taskinstance.py:1238} INFO - 
--------------------------------------------------------------------------------
[2022-12-04 11:05:27,292] {taskinstance.py:1239} INFO - Starting attempt 1 of 2
[2022-12-04 11:05:27,296] {taskinstance.py:1240} INFO - 
--------------------------------------------------------------------------------
[2022-12-04 11:05:27,446] {taskinstance.py:1259} INFO - Executing <Task(PythonOperator): local_to_gcs_task> on 2022-11-04 03:40:00+00:00
[2022-12-04 11:05:27,597] {standard_task_runner.py:52} INFO - Started process 12529 to run task
[2022-12-04 11:05:27,665] {standard_task_runner.py:76} INFO - Running: ['***', 'tasks', 'run', 'dag1', 'local_to_gcs_task', 'scheduled__2022-11-04T03:40:00+00:00', '--job-id', '5211', '--raw', '--subdir', 'DAGS_FOLDER/AirflowClean2.py', '--cfg-path', '/tmp/tmp63y79ja9', '--error-file', '/tmp/tmpanb6k4gk']
[2022-12-04 11:05:27,692] {standard_task_runner.py:77} INFO - Job 5211: Subtask local_to_gcs_task
[2022-12-04 11:05:28,052] {logging_mixin.py:109} INFO - Running <TaskInstance: dag1.local_to_gcs_task scheduled__2022-11-04T03:40:00+00:00 [running]> on host 9e44869ff3ef
[2022-12-04 11:05:28,542] {taskinstance.py:1426} INFO - Exporting the following env vars:
AIRFLOW_CTX_DAG_OWNER=Fadlil
AIRFLOW_CTX_DAG_ID=dag1
AIRFLOW_CTX_TASK_ID=local_to_gcs_task
AIRFLOW_CTX_EXECUTION_DATE=2022-11-04T03:40:00+00:00
AIRFLOW_CTX_DAG_RUN_ID=scheduled__2022-11-04T03:40:00+00:00
[2022-12-04 11:05:29,321] {python.py:175} INFO - Done. Returned value was: None
[2022-12-04 11:05:29,997] {taskinstance.py:1277} INFO - Marking task as SUCCESS. dag_id=dag1, task_id=local_to_gcs_task, execution_date=20221104T034000, start_date=20221204T110527, end_date=20221204T110529
[2022-12-04 11:05:30,163] {local_task_job.py:154} INFO - Task exited with return code 0
[2022-12-04 11:05:30,349] {local_task_job.py:264} INFO - 0 downstream tasks scheduled from follow-on schedule check
