[2022-12-04 10:35:02,384] {taskinstance.py:1032} INFO - Dependencies all met for <TaskInstance: dag1.get_data scheduled__2022-11-01T00:20:00+00:00 [queued]>
[2022-12-04 10:35:02,456] {taskinstance.py:1032} INFO - Dependencies all met for <TaskInstance: dag1.get_data scheduled__2022-11-01T00:20:00+00:00 [queued]>
[2022-12-04 10:35:02,461] {taskinstance.py:1238} INFO - 
--------------------------------------------------------------------------------
[2022-12-04 10:35:02,471] {taskinstance.py:1239} INFO - Starting attempt 1 of 2
[2022-12-04 10:35:02,473] {taskinstance.py:1240} INFO - 
--------------------------------------------------------------------------------
[2022-12-04 10:35:02,566] {taskinstance.py:1259} INFO - Executing <Task(PythonOperator): get_data> on 2022-11-01 00:20:00+00:00
[2022-12-04 10:35:02,579] {standard_task_runner.py:52} INFO - Started process 6116 to run task
[2022-12-04 10:35:02,646] {standard_task_runner.py:76} INFO - Running: ['***', 'tasks', 'run', 'dag1', 'get_data', 'scheduled__2022-11-01T00:20:00+00:00', '--job-id', '3362', '--raw', '--subdir', 'DAGS_FOLDER/AirflowClean2.py', '--cfg-path', '/tmp/tmpg3qpoe5d', '--error-file', '/tmp/tmpi8gz2nnc']
[2022-12-04 10:35:02,661] {standard_task_runner.py:77} INFO - Job 3362: Subtask get_data
[2022-12-04 10:35:03,336] {logging_mixin.py:109} INFO - Running <TaskInstance: dag1.get_data scheduled__2022-11-01T00:20:00+00:00 [running]> on host 9e44869ff3ef
[2022-12-04 10:35:04,410] {taskinstance.py:1426} INFO - Exporting the following env vars:
AIRFLOW_CTX_DAG_OWNER=Fadlil
AIRFLOW_CTX_DAG_ID=dag1
AIRFLOW_CTX_TASK_ID=get_data
AIRFLOW_CTX_EXECUTION_DATE=2022-11-01T00:20:00+00:00
AIRFLOW_CTX_DAG_RUN_ID=scheduled__2022-11-01T00:20:00+00:00
[2022-12-04 10:35:05,147] {python.py:175} INFO - Done. Returned value was: None
[2022-12-04 10:35:05,530] {taskinstance.py:1277} INFO - Marking task as SUCCESS. dag_id=dag1, task_id=get_data, execution_date=20221101T002000, start_date=20221204T103502, end_date=20221204T103505
[2022-12-04 10:35:05,676] {local_task_job.py:154} INFO - Task exited with return code 0
[2022-12-04 10:35:05,905] {local_task_job.py:264} INFO - 1 downstream tasks scheduled from follow-on schedule check
