[2022-12-04 12:10:54,664] {taskinstance.py:1032} INFO - Dependencies all met for <TaskInstance: dag1.save_to_csv scheduled__2022-11-05T17:20:00+00:00 [queued]>
[2022-12-04 12:10:54,743] {taskinstance.py:1032} INFO - Dependencies all met for <TaskInstance: dag1.save_to_csv scheduled__2022-11-05T17:20:00+00:00 [queued]>
[2022-12-04 12:10:54,772] {taskinstance.py:1238} INFO - 
--------------------------------------------------------------------------------
[2022-12-04 12:10:54,784] {taskinstance.py:1239} INFO - Starting attempt 1 of 2
[2022-12-04 12:10:54,790] {taskinstance.py:1240} INFO - 
--------------------------------------------------------------------------------
[2022-12-04 12:10:54,867] {taskinstance.py:1259} INFO - Executing <Task(PythonOperator): save_to_csv> on 2022-11-05 17:20:00+00:00
[2022-12-04 12:10:54,887] {standard_task_runner.py:52} INFO - Started process 17345 to run task
[2022-12-04 12:10:54,927] {standard_task_runner.py:76} INFO - Running: ['***', 'tasks', 'run', 'dag1', 'save_to_csv', 'scheduled__2022-11-05T17:20:00+00:00', '--job-id', '6339', '--raw', '--subdir', 'DAGS_FOLDER/AirflowClean2.py', '--cfg-path', '/tmp/tmpxmdsluru', '--error-file', '/tmp/tmp4pkff0mt']
[2022-12-04 12:10:54,938] {standard_task_runner.py:77} INFO - Job 6339: Subtask save_to_csv
[2022-12-04 12:10:55,265] {logging_mixin.py:109} INFO - Running <TaskInstance: dag1.save_to_csv scheduled__2022-11-05T17:20:00+00:00 [running]> on host 9e44869ff3ef
[2022-12-04 12:10:55,754] {taskinstance.py:1426} INFO - Exporting the following env vars:
AIRFLOW_CTX_DAG_OWNER=Fadlil
AIRFLOW_CTX_DAG_ID=dag1
AIRFLOW_CTX_TASK_ID=save_to_csv
AIRFLOW_CTX_EXECUTION_DATE=2022-11-05T17:20:00+00:00
AIRFLOW_CTX_DAG_RUN_ID=scheduled__2022-11-05T17:20:00+00:00
[2022-12-04 12:10:55,909] {python.py:175} INFO - Done. Returned value was: None
[2022-12-04 12:10:55,982] {taskinstance.py:1277} INFO - Marking task as SUCCESS. dag_id=dag1, task_id=save_to_csv, execution_date=20221105T172000, start_date=20221204T121054, end_date=20221204T121055
[2022-12-04 12:10:56,089] {local_task_job.py:154} INFO - Task exited with return code 0
[2022-12-04 12:10:56,229] {local_task_job.py:264} INFO - 1 downstream tasks scheduled from follow-on schedule check
