[2022-12-04 12:44:57,693] {taskinstance.py:1032} INFO - Dependencies all met for <TaskInstance: dag1.local_to_gcs_task scheduled__2022-11-06T06:30:00+00:00 [queued]>
[2022-12-04 12:44:57,710] {taskinstance.py:1032} INFO - Dependencies all met for <TaskInstance: dag1.local_to_gcs_task scheduled__2022-11-06T06:30:00+00:00 [queued]>
[2022-12-04 12:44:57,711] {taskinstance.py:1238} INFO - 
--------------------------------------------------------------------------------
[2022-12-04 12:44:57,711] {taskinstance.py:1239} INFO - Starting attempt 1 of 2
[2022-12-04 12:44:57,712] {taskinstance.py:1240} INFO - 
--------------------------------------------------------------------------------
[2022-12-04 12:44:57,731] {taskinstance.py:1259} INFO - Executing <Task(PythonOperator): local_to_gcs_task> on 2022-11-06 06:30:00+00:00
[2022-12-04 12:44:57,739] {standard_task_runner.py:52} INFO - Started process 619 to run task
[2022-12-04 12:44:57,743] {standard_task_runner.py:76} INFO - Running: ['***', 'tasks', 'run', 'dag1', 'local_to_gcs_task', 'scheduled__2022-11-06T06:30:00+00:00', '--job-id', '6825', '--raw', '--subdir', 'DAGS_FOLDER/AirflowClean2.py', '--cfg-path', '/tmp/tmp_j3mlm0m', '--error-file', '/tmp/tmpyx4x2u6a']
[2022-12-04 12:44:57,745] {standard_task_runner.py:77} INFO - Job 6825: Subtask local_to_gcs_task
[2022-12-04 12:44:57,826] {logging_mixin.py:109} INFO - Running <TaskInstance: dag1.local_to_gcs_task scheduled__2022-11-06T06:30:00+00:00 [running]> on host 7a020590adae
[2022-12-04 12:44:57,906] {taskinstance.py:1426} INFO - Exporting the following env vars:
AIRFLOW_CTX_DAG_OWNER=Fadlil
AIRFLOW_CTX_DAG_ID=dag1
AIRFLOW_CTX_TASK_ID=local_to_gcs_task
AIRFLOW_CTX_EXECUTION_DATE=2022-11-06T06:30:00+00:00
AIRFLOW_CTX_DAG_RUN_ID=scheduled__2022-11-06T06:30:00+00:00
[2022-12-04 12:44:58,620] {python.py:175} INFO - Done. Returned value was: None
[2022-12-04 12:44:58,764] {taskinstance.py:1277} INFO - Marking task as SUCCESS. dag_id=dag1, task_id=local_to_gcs_task, execution_date=20221106T063000, start_date=20221204T124457, end_date=20221204T124458
[2022-12-04 12:44:58,801] {local_task_job.py:154} INFO - Task exited with return code 0
[2022-12-04 12:44:58,875] {local_task_job.py:264} INFO - 1 downstream tasks scheduled from follow-on schedule check
