[2022-12-03 14:09:10,936] {taskinstance.py:1032} INFO - Dependencies all met for <TaskInstance: dag1.save_to_csv scheduled__2022-10-26T06:10:00+00:00 [queued]>
[2022-12-03 14:09:11,057] {taskinstance.py:1032} INFO - Dependencies all met for <TaskInstance: dag1.save_to_csv scheduled__2022-10-26T06:10:00+00:00 [queued]>
[2022-12-03 14:09:11,058] {taskinstance.py:1238} INFO - 
--------------------------------------------------------------------------------
[2022-12-03 14:09:11,058] {taskinstance.py:1239} INFO - Starting attempt 1 of 2
[2022-12-03 14:09:11,058] {taskinstance.py:1240} INFO - 
--------------------------------------------------------------------------------
[2022-12-03 14:09:11,177] {taskinstance.py:1259} INFO - Executing <Task(PythonOperator): save_to_csv> on 2022-10-26 06:10:00+00:00
[2022-12-03 14:09:11,199] {standard_task_runner.py:52} INFO - Started process 262 to run task
[2022-12-03 14:09:11,231] {standard_task_runner.py:76} INFO - Running: ['***', 'tasks', 'run', 'dag1', 'save_to_csv', 'scheduled__2022-10-26T06:10:00+00:00', '--job-id', '141', '--raw', '--subdir', 'DAGS_FOLDER/AirflowClean2.py', '--cfg-path', '/tmp/tmp4ejztetk', '--error-file', '/tmp/tmpu66x5aii']
[2022-12-03 14:09:11,279] {standard_task_runner.py:77} INFO - Job 141: Subtask save_to_csv
[2022-12-03 14:09:11,705] {logging_mixin.py:109} INFO - Running <TaskInstance: dag1.save_to_csv scheduled__2022-10-26T06:10:00+00:00 [running]> on host 422c372562ce
[2022-12-03 14:09:12,412] {taskinstance.py:1426} INFO - Exporting the following env vars:
AIRFLOW_CTX_DAG_OWNER=Fadlil
AIRFLOW_CTX_DAG_ID=dag1
AIRFLOW_CTX_TASK_ID=save_to_csv
AIRFLOW_CTX_EXECUTION_DATE=2022-10-26T06:10:00+00:00
AIRFLOW_CTX_DAG_RUN_ID=scheduled__2022-10-26T06:10:00+00:00
[2022-12-03 14:09:12,659] {python.py:175} INFO - Done. Returned value was: None
[2022-12-03 14:09:12,999] {taskinstance.py:1277} INFO - Marking task as SUCCESS. dag_id=dag1, task_id=save_to_csv, execution_date=20221026T061000, start_date=20221203T140910, end_date=20221203T140912
[2022-12-03 14:09:13,417] {local_task_job.py:154} INFO - Task exited with return code 0
[2022-12-03 14:09:13,668] {local_task_job.py:264} INFO - 1 downstream tasks scheduled from follow-on schedule check
