[2022-12-04 10:43:45,476] {taskinstance.py:1032} INFO - Dependencies all met for <TaskInstance: dag1.local_to_gcs_task scheduled__2022-11-01T19:50:00+00:00 [queued]>
[2022-12-04 10:43:45,556] {taskinstance.py:1032} INFO - Dependencies all met for <TaskInstance: dag1.local_to_gcs_task scheduled__2022-11-01T19:50:00+00:00 [queued]>
[2022-12-04 10:43:45,558] {taskinstance.py:1238} INFO - 
--------------------------------------------------------------------------------
[2022-12-04 10:43:45,558] {taskinstance.py:1239} INFO - Starting attempt 1 of 2
[2022-12-04 10:43:45,559] {taskinstance.py:1240} INFO - 
--------------------------------------------------------------------------------
[2022-12-04 10:43:45,685] {taskinstance.py:1259} INFO - Executing <Task(PythonOperator): local_to_gcs_task> on 2022-11-01 19:50:00+00:00
[2022-12-04 10:43:45,715] {standard_task_runner.py:52} INFO - Started process 7856 to run task
[2022-12-04 10:43:45,766] {standard_task_runner.py:76} INFO - Running: ['***', 'tasks', 'run', 'dag1', 'local_to_gcs_task', 'scheduled__2022-11-01T19:50:00+00:00', '--job-id', '3858', '--raw', '--subdir', 'DAGS_FOLDER/AirflowClean2.py', '--cfg-path', '/tmp/tmpbu0crl71', '--error-file', '/tmp/tmp9k16owrn']
[2022-12-04 10:43:45,774] {standard_task_runner.py:77} INFO - Job 3858: Subtask local_to_gcs_task
[2022-12-04 10:43:46,167] {logging_mixin.py:109} INFO - Running <TaskInstance: dag1.local_to_gcs_task scheduled__2022-11-01T19:50:00+00:00 [running]> on host 9e44869ff3ef
[2022-12-04 10:43:46,567] {taskinstance.py:1426} INFO - Exporting the following env vars:
AIRFLOW_CTX_DAG_OWNER=Fadlil
AIRFLOW_CTX_DAG_ID=dag1
AIRFLOW_CTX_TASK_ID=local_to_gcs_task
AIRFLOW_CTX_EXECUTION_DATE=2022-11-01T19:50:00+00:00
AIRFLOW_CTX_DAG_RUN_ID=scheduled__2022-11-01T19:50:00+00:00
[2022-12-04 10:43:47,430] {python.py:175} INFO - Done. Returned value was: None
[2022-12-04 10:43:47,467] {taskinstance.py:1277} INFO - Marking task as SUCCESS. dag_id=dag1, task_id=local_to_gcs_task, execution_date=20221101T195000, start_date=20221204T104345, end_date=20221204T104347
[2022-12-04 10:43:47,609] {local_task_job.py:154} INFO - Task exited with return code 0
[2022-12-04 10:43:47,762] {local_task_job.py:264} INFO - 0 downstream tasks scheduled from follow-on schedule check
