[2022-12-04 14:43:21,120] {taskinstance.py:1032} INFO - Dependencies all met for <TaskInstance: dag1.save_to_parquet scheduled__2022-11-08T17:30:00+00:00 [queued]>
[2022-12-04 14:43:21,155] {taskinstance.py:1032} INFO - Dependencies all met for <TaskInstance: dag1.save_to_parquet scheduled__2022-11-08T17:30:00+00:00 [queued]>
[2022-12-04 14:43:21,157] {taskinstance.py:1238} INFO - 
--------------------------------------------------------------------------------
[2022-12-04 14:43:21,159] {taskinstance.py:1239} INFO - Starting attempt 1 of 2
[2022-12-04 14:43:21,163] {taskinstance.py:1240} INFO - 
--------------------------------------------------------------------------------
[2022-12-04 14:43:21,221] {taskinstance.py:1259} INFO - Executing <Task(PythonOperator): save_to_parquet> on 2022-11-08 17:30:00+00:00
[2022-12-04 14:43:21,270] {standard_task_runner.py:52} INFO - Started process 11353 to run task
[2022-12-04 14:43:21,289] {standard_task_runner.py:76} INFO - Running: ['***', 'tasks', 'run', 'dag1', 'save_to_parquet', 'scheduled__2022-11-08T17:30:00+00:00', '--job-id', '9091', '--raw', '--subdir', 'DAGS_FOLDER/AirflowClean2.py', '--cfg-path', '/tmp/tmpumhvuk4b', '--error-file', '/tmp/tmpjux0ptj7']
[2022-12-04 14:43:21,297] {standard_task_runner.py:77} INFO - Job 9091: Subtask save_to_parquet
[2022-12-04 14:43:21,563] {logging_mixin.py:109} INFO - Running <TaskInstance: dag1.save_to_parquet scheduled__2022-11-08T17:30:00+00:00 [running]> on host 7a020590adae
[2022-12-04 14:43:22,258] {taskinstance.py:1426} INFO - Exporting the following env vars:
AIRFLOW_CTX_DAG_OWNER=Fadlil
AIRFLOW_CTX_DAG_ID=dag1
AIRFLOW_CTX_TASK_ID=save_to_parquet
AIRFLOW_CTX_EXECUTION_DATE=2022-11-08T17:30:00+00:00
AIRFLOW_CTX_DAG_RUN_ID=scheduled__2022-11-08T17:30:00+00:00
[2022-12-04 14:43:22,445] {python.py:175} INFO - Done. Returned value was: None
[2022-12-04 14:43:23,250] {taskinstance.py:1277} INFO - Marking task as SUCCESS. dag_id=dag1, task_id=save_to_parquet, execution_date=20221108T173000, start_date=20221204T144321, end_date=20221204T144323
[2022-12-04 14:43:23,402] {local_task_job.py:154} INFO - Task exited with return code 0
[2022-12-04 14:43:23,714] {local_task_job.py:264} INFO - 1 downstream tasks scheduled from follow-on schedule check
