[2022-12-04 12:10:15,755] {taskinstance.py:1032} INFO - Dependencies all met for <TaskInstance: dag1.save_to_parquet scheduled__2022-11-05T16:50:00+00:00 [queued]>
[2022-12-04 12:10:15,783] {taskinstance.py:1032} INFO - Dependencies all met for <TaskInstance: dag1.save_to_parquet scheduled__2022-11-05T16:50:00+00:00 [queued]>
[2022-12-04 12:10:15,783] {taskinstance.py:1238} INFO - 
--------------------------------------------------------------------------------
[2022-12-04 12:10:15,784] {taskinstance.py:1239} INFO - Starting attempt 1 of 2
[2022-12-04 12:10:15,784] {taskinstance.py:1240} INFO - 
--------------------------------------------------------------------------------
[2022-12-04 12:10:15,813] {taskinstance.py:1259} INFO - Executing <Task(PythonOperator): save_to_parquet> on 2022-11-05 16:50:00+00:00
[2022-12-04 12:10:15,834] {standard_task_runner.py:52} INFO - Started process 17259 to run task
[2022-12-04 12:10:15,843] {standard_task_runner.py:76} INFO - Running: ['***', 'tasks', 'run', 'dag1', 'save_to_parquet', 'scheduled__2022-11-05T16:50:00+00:00', '--job-id', '6319', '--raw', '--subdir', 'DAGS_FOLDER/AirflowClean2.py', '--cfg-path', '/tmp/tmpynkb02gv', '--error-file', '/tmp/tmpav7k0yik']
[2022-12-04 12:10:15,844] {standard_task_runner.py:77} INFO - Job 6319: Subtask save_to_parquet
[2022-12-04 12:10:16,092] {logging_mixin.py:109} INFO - Running <TaskInstance: dag1.save_to_parquet scheduled__2022-11-05T16:50:00+00:00 [running]> on host 9e44869ff3ef
[2022-12-04 12:10:16,319] {taskinstance.py:1426} INFO - Exporting the following env vars:
AIRFLOW_CTX_DAG_OWNER=Fadlil
AIRFLOW_CTX_DAG_ID=dag1
AIRFLOW_CTX_TASK_ID=save_to_parquet
AIRFLOW_CTX_EXECUTION_DATE=2022-11-05T16:50:00+00:00
AIRFLOW_CTX_DAG_RUN_ID=scheduled__2022-11-05T16:50:00+00:00
[2022-12-04 12:10:16,457] {python.py:175} INFO - Done. Returned value was: None
[2022-12-04 12:10:17,603] {taskinstance.py:1277} INFO - Marking task as SUCCESS. dag_id=dag1, task_id=save_to_parquet, execution_date=20221105T165000, start_date=20221204T121015, end_date=20221204T121017
[2022-12-04 12:10:17,726] {local_task_job.py:154} INFO - Task exited with return code 0
[2022-12-04 12:10:17,875] {local_task_job.py:264} INFO - 1 downstream tasks scheduled from follow-on schedule check
