[2022-12-04 11:43:37,404] {taskinstance.py:1032} INFO - Dependencies all met for <TaskInstance: dag1.local_to_gcs_task scheduled__2022-11-04T20:20:00+00:00 [queued]>
[2022-12-04 11:43:37,467] {taskinstance.py:1032} INFO - Dependencies all met for <TaskInstance: dag1.local_to_gcs_task scheduled__2022-11-04T20:20:00+00:00 [queued]>
[2022-12-04 11:43:37,469] {taskinstance.py:1238} INFO - 
--------------------------------------------------------------------------------
[2022-12-04 11:43:37,471] {taskinstance.py:1239} INFO - Starting attempt 1 of 2
[2022-12-04 11:43:37,474] {taskinstance.py:1240} INFO - 
--------------------------------------------------------------------------------
[2022-12-04 11:43:37,672] {taskinstance.py:1259} INFO - Executing <Task(PythonOperator): local_to_gcs_task> on 2022-11-04 20:20:00+00:00
[2022-12-04 11:43:37,720] {standard_task_runner.py:52} INFO - Started process 14394 to run task
[2022-12-04 11:43:37,770] {standard_task_runner.py:76} INFO - Running: ['***', 'tasks', 'run', 'dag1', 'local_to_gcs_task', 'scheduled__2022-11-04T20:20:00+00:00', '--job-id', '5653', '--raw', '--subdir', 'DAGS_FOLDER/AirflowClean2.py', '--cfg-path', '/tmp/tmpohd9tskx', '--error-file', '/tmp/tmp__077b8z']
[2022-12-04 11:43:37,772] {standard_task_runner.py:77} INFO - Job 5653: Subtask local_to_gcs_task
[2022-12-04 11:43:38,109] {logging_mixin.py:109} INFO - Running <TaskInstance: dag1.local_to_gcs_task scheduled__2022-11-04T20:20:00+00:00 [running]> on host 9e44869ff3ef
[2022-12-04 11:43:38,490] {taskinstance.py:1426} INFO - Exporting the following env vars:
AIRFLOW_CTX_DAG_OWNER=Fadlil
AIRFLOW_CTX_DAG_ID=dag1
AIRFLOW_CTX_TASK_ID=local_to_gcs_task
AIRFLOW_CTX_EXECUTION_DATE=2022-11-04T20:20:00+00:00
AIRFLOW_CTX_DAG_RUN_ID=scheduled__2022-11-04T20:20:00+00:00
[2022-12-04 11:43:39,587] {python.py:175} INFO - Done. Returned value was: None
[2022-12-04 11:43:40,073] {taskinstance.py:1277} INFO - Marking task as SUCCESS. dag_id=dag1, task_id=local_to_gcs_task, execution_date=20221104T202000, start_date=20221204T114337, end_date=20221204T114340
[2022-12-04 11:43:40,267] {local_task_job.py:154} INFO - Task exited with return code 0
[2022-12-04 11:43:40,543] {local_task_job.py:264} INFO - 1 downstream tasks scheduled from follow-on schedule check
