[2022-12-04 10:34:18,181] {taskinstance.py:1032} INFO - Dependencies all met for <TaskInstance: dag1.get_data scheduled__2022-10-31T22:00:00+00:00 [queued]>
[2022-12-04 10:34:18,213] {taskinstance.py:1032} INFO - Dependencies all met for <TaskInstance: dag1.get_data scheduled__2022-10-31T22:00:00+00:00 [queued]>
[2022-12-04 10:34:18,223] {taskinstance.py:1238} INFO - 
--------------------------------------------------------------------------------
[2022-12-04 10:34:18,224] {taskinstance.py:1239} INFO - Starting attempt 1 of 2
[2022-12-04 10:34:18,225] {taskinstance.py:1240} INFO - 
--------------------------------------------------------------------------------
[2022-12-04 10:34:18,294] {taskinstance.py:1259} INFO - Executing <Task(PythonOperator): get_data> on 2022-10-31 22:00:00+00:00
[2022-12-04 10:34:18,307] {standard_task_runner.py:52} INFO - Started process 5970 to run task
[2022-12-04 10:34:18,325] {standard_task_runner.py:76} INFO - Running: ['***', 'tasks', 'run', 'dag1', 'get_data', 'scheduled__2022-10-31T22:00:00+00:00', '--job-id', '3321', '--raw', '--subdir', 'DAGS_FOLDER/AirflowClean2.py', '--cfg-path', '/tmp/tmpn92m44zp', '--error-file', '/tmp/tmpii1d0eja']
[2022-12-04 10:34:18,331] {standard_task_runner.py:77} INFO - Job 3321: Subtask get_data
[2022-12-04 10:34:18,508] {logging_mixin.py:109} INFO - Running <TaskInstance: dag1.get_data scheduled__2022-10-31T22:00:00+00:00 [running]> on host 9e44869ff3ef
[2022-12-04 10:34:18,637] {taskinstance.py:1426} INFO - Exporting the following env vars:
AIRFLOW_CTX_DAG_OWNER=Fadlil
AIRFLOW_CTX_DAG_ID=dag1
AIRFLOW_CTX_TASK_ID=get_data
AIRFLOW_CTX_EXECUTION_DATE=2022-10-31T22:00:00+00:00
AIRFLOW_CTX_DAG_RUN_ID=scheduled__2022-10-31T22:00:00+00:00
[2022-12-04 10:34:19,689] {python.py:175} INFO - Done. Returned value was: None
[2022-12-04 10:34:19,955] {taskinstance.py:1277} INFO - Marking task as SUCCESS. dag_id=dag1, task_id=get_data, execution_date=20221031T220000, start_date=20221204T103418, end_date=20221204T103419
[2022-12-04 10:34:20,083] {local_task_job.py:154} INFO - Task exited with return code 0
[2022-12-04 10:34:20,215] {local_task_job.py:264} INFO - 1 downstream tasks scheduled from follow-on schedule check
