[2022-12-04 10:58:28,601] {taskinstance.py:1032} INFO - Dependencies all met for <TaskInstance: dag1.get_data scheduled__2022-11-03T10:50:00+00:00 [queued]>
[2022-12-04 10:58:28,629] {taskinstance.py:1032} INFO - Dependencies all met for <TaskInstance: dag1.get_data scheduled__2022-11-03T10:50:00+00:00 [queued]>
[2022-12-04 10:58:28,631] {taskinstance.py:1238} INFO - 
--------------------------------------------------------------------------------
[2022-12-04 10:58:28,631] {taskinstance.py:1239} INFO - Starting attempt 1 of 2
[2022-12-04 10:58:28,632] {taskinstance.py:1240} INFO - 
--------------------------------------------------------------------------------
[2022-12-04 10:58:28,758] {taskinstance.py:1259} INFO - Executing <Task(PythonOperator): get_data> on 2022-11-03 10:50:00+00:00
[2022-12-04 10:58:28,788] {standard_task_runner.py:76} INFO - Running: ['***', 'tasks', 'run', 'dag1', 'get_data', 'scheduled__2022-11-03T10:50:00+00:00', '--job-id', '4771', '--raw', '--subdir', 'DAGS_FOLDER/AirflowClean2.py', '--cfg-path', '/tmp/tmpqkz1pb55', '--error-file', '/tmp/tmp4sfzym0z']
[2022-12-04 10:58:28,810] {standard_task_runner.py:77} INFO - Job 4771: Subtask get_data
[2022-12-04 10:58:28,793] {standard_task_runner.py:52} INFO - Started process 11021 to run task
[2022-12-04 10:58:29,048] {logging_mixin.py:109} INFO - Running <TaskInstance: dag1.get_data scheduled__2022-11-03T10:50:00+00:00 [running]> on host 9e44869ff3ef
[2022-12-04 10:58:29,233] {taskinstance.py:1426} INFO - Exporting the following env vars:
AIRFLOW_CTX_DAG_OWNER=Fadlil
AIRFLOW_CTX_DAG_ID=dag1
AIRFLOW_CTX_TASK_ID=get_data
AIRFLOW_CTX_EXECUTION_DATE=2022-11-03T10:50:00+00:00
AIRFLOW_CTX_DAG_RUN_ID=scheduled__2022-11-03T10:50:00+00:00
[2022-12-04 10:58:30,053] {python.py:175} INFO - Done. Returned value was: None
[2022-12-04 10:58:30,097] {taskinstance.py:1277} INFO - Marking task as SUCCESS. dag_id=dag1, task_id=get_data, execution_date=20221103T105000, start_date=20221204T105828, end_date=20221204T105830
[2022-12-04 10:58:30,161] {local_task_job.py:154} INFO - Task exited with return code 0
[2022-12-04 10:58:31,038] {local_task_job.py:264} INFO - 0 downstream tasks scheduled from follow-on schedule check
