[2022-12-04 17:16:28,346] {taskinstance.py:1032} INFO - Dependencies all met for <TaskInstance: dag1.local_to_gcs_task scheduled__2022-11-10T02:40:00+00:00 [queued]>
[2022-12-04 17:16:28,543] {taskinstance.py:1032} INFO - Dependencies all met for <TaskInstance: dag1.local_to_gcs_task scheduled__2022-11-10T02:40:00+00:00 [queued]>
[2022-12-04 17:16:28,556] {taskinstance.py:1238} INFO - 
--------------------------------------------------------------------------------
[2022-12-04 17:16:28,558] {taskinstance.py:1239} INFO - Starting attempt 1 of 2
[2022-12-04 17:16:28,572] {taskinstance.py:1240} INFO - 
--------------------------------------------------------------------------------
[2022-12-04 17:16:28,714] {taskinstance.py:1259} INFO - Executing <Task(PythonOperator): local_to_gcs_task> on 2022-11-10 02:40:00+00:00
[2022-12-04 17:16:28,736] {standard_task_runner.py:52} INFO - Started process 17421 to run task
[2022-12-04 17:16:28,807] {standard_task_runner.py:76} INFO - Running: ['***', 'tasks', 'run', 'dag1', 'local_to_gcs_task', 'scheduled__2022-11-10T02:40:00+00:00', '--job-id', '10350', '--raw', '--subdir', 'DAGS_FOLDER/AirflowClean2.py', '--cfg-path', '/tmp/tmpegw7tx44', '--error-file', '/tmp/tmphmchf6j5']
[2022-12-04 17:16:28,837] {standard_task_runner.py:77} INFO - Job 10350: Subtask local_to_gcs_task
[2022-12-04 17:16:29,478] {logging_mixin.py:109} INFO - Running <TaskInstance: dag1.local_to_gcs_task scheduled__2022-11-10T02:40:00+00:00 [running]> on host 7a020590adae
[2022-12-04 17:16:30,064] {taskinstance.py:1426} INFO - Exporting the following env vars:
AIRFLOW_CTX_DAG_OWNER=Fadlil
AIRFLOW_CTX_DAG_ID=dag1
AIRFLOW_CTX_TASK_ID=local_to_gcs_task
AIRFLOW_CTX_EXECUTION_DATE=2022-11-10T02:40:00+00:00
AIRFLOW_CTX_DAG_RUN_ID=scheduled__2022-11-10T02:40:00+00:00
[2022-12-04 17:16:31,026] {python.py:175} INFO - Done. Returned value was: None
[2022-12-04 17:16:31,398] {taskinstance.py:1277} INFO - Marking task as SUCCESS. dag_id=dag1, task_id=local_to_gcs_task, execution_date=20221110T024000, start_date=20221204T171628, end_date=20221204T171631
[2022-12-04 17:16:31,498] {local_task_job.py:154} INFO - Task exited with return code 0
[2022-12-04 17:16:31,694] {local_task_job.py:264} INFO - 1 downstream tasks scheduled from follow-on schedule check
