[2022-12-04 14:32:51,888] {taskinstance.py:1032} INFO - Dependencies all met for <TaskInstance: dag1.get_data scheduled__2022-11-08T12:40:00+00:00 [queued]>
[2022-12-04 14:32:51,955] {taskinstance.py:1032} INFO - Dependencies all met for <TaskInstance: dag1.get_data scheduled__2022-11-08T12:40:00+00:00 [queued]>
[2022-12-04 14:32:51,957] {taskinstance.py:1238} INFO - 
--------------------------------------------------------------------------------
[2022-12-04 14:32:51,958] {taskinstance.py:1239} INFO - Starting attempt 1 of 2
[2022-12-04 14:32:51,958] {taskinstance.py:1240} INFO - 
--------------------------------------------------------------------------------
[2022-12-04 14:32:52,013] {taskinstance.py:1259} INFO - Executing <Task(PythonOperator): get_data> on 2022-11-08 12:40:00+00:00
[2022-12-04 14:32:52,029] {standard_task_runner.py:52} INFO - Started process 10441 to run task
[2022-12-04 14:32:52,047] {standard_task_runner.py:76} INFO - Running: ['***', 'tasks', 'run', 'dag1', 'get_data', 'scheduled__2022-11-08T12:40:00+00:00', '--job-id', '8902', '--raw', '--subdir', 'DAGS_FOLDER/AirflowClean2.py', '--cfg-path', '/tmp/tmpkw52ig7l', '--error-file', '/tmp/tmpffdiyyet']
[2022-12-04 14:32:52,049] {standard_task_runner.py:77} INFO - Job 8902: Subtask get_data
[2022-12-04 14:32:52,453] {logging_mixin.py:109} INFO - Running <TaskInstance: dag1.get_data scheduled__2022-11-08T12:40:00+00:00 [running]> on host 7a020590adae
[2022-12-04 14:32:52,688] {taskinstance.py:1426} INFO - Exporting the following env vars:
AIRFLOW_CTX_DAG_OWNER=Fadlil
AIRFLOW_CTX_DAG_ID=dag1
AIRFLOW_CTX_TASK_ID=get_data
AIRFLOW_CTX_EXECUTION_DATE=2022-11-08T12:40:00+00:00
AIRFLOW_CTX_DAG_RUN_ID=scheduled__2022-11-08T12:40:00+00:00
[2022-12-04 14:32:53,572] {python.py:175} INFO - Done. Returned value was: None
[2022-12-04 14:32:55,468] {taskinstance.py:1277} INFO - Marking task as SUCCESS. dag_id=dag1, task_id=get_data, execution_date=20221108T124000, start_date=20221204T143251, end_date=20221204T143255
[2022-12-04 14:32:55,634] {local_task_job.py:154} INFO - Task exited with return code 0
[2022-12-04 14:32:55,976] {local_task_job.py:264} INFO - 1 downstream tasks scheduled from follow-on schedule check
