[2022-12-04 12:06:25,408] {taskinstance.py:1032} INFO - Dependencies all met for <TaskInstance: dag1.delete_local_file scheduled__2022-11-05T15:30:00+00:00 [queued]>
[2022-12-04 12:06:25,431] {taskinstance.py:1032} INFO - Dependencies all met for <TaskInstance: dag1.delete_local_file scheduled__2022-11-05T15:30:00+00:00 [queued]>
[2022-12-04 12:06:25,433] {taskinstance.py:1238} INFO - 
--------------------------------------------------------------------------------
[2022-12-04 12:06:25,435] {taskinstance.py:1239} INFO - Starting attempt 1 of 2
[2022-12-04 12:06:25,437] {taskinstance.py:1240} INFO - 
--------------------------------------------------------------------------------
[2022-12-04 12:06:25,464] {taskinstance.py:1259} INFO - Executing <Task(PythonOperator): delete_local_file> on 2022-11-05 15:30:00+00:00
[2022-12-04 12:06:25,477] {standard_task_runner.py:52} INFO - Started process 16965 to run task
[2022-12-04 12:06:25,484] {standard_task_runner.py:76} INFO - Running: ['***', 'tasks', 'run', 'dag1', 'delete_local_file', 'scheduled__2022-11-05T15:30:00+00:00', '--job-id', '6262', '--raw', '--subdir', 'DAGS_FOLDER/AirflowClean2.py', '--cfg-path', '/tmp/tmpg3gssmn0', '--error-file', '/tmp/tmphphewhve']
[2022-12-04 12:06:25,486] {standard_task_runner.py:77} INFO - Job 6262: Subtask delete_local_file
[2022-12-04 12:06:25,605] {logging_mixin.py:109} INFO - Running <TaskInstance: dag1.delete_local_file scheduled__2022-11-05T15:30:00+00:00 [running]> on host 9e44869ff3ef
[2022-12-04 12:06:25,827] {taskinstance.py:1426} INFO - Exporting the following env vars:
AIRFLOW_CTX_DAG_OWNER=Fadlil
AIRFLOW_CTX_DAG_ID=dag1
AIRFLOW_CTX_TASK_ID=delete_local_file
AIRFLOW_CTX_EXECUTION_DATE=2022-11-05T15:30:00+00:00
AIRFLOW_CTX_DAG_RUN_ID=scheduled__2022-11-05T15:30:00+00:00
[2022-12-04 12:06:25,856] {python.py:175} INFO - Done. Returned value was: None
[2022-12-04 12:06:25,903] {taskinstance.py:1277} INFO - Marking task as SUCCESS. dag_id=dag1, task_id=delete_local_file, execution_date=20221105T153000, start_date=20221204T120625, end_date=20221204T120625
[2022-12-04 12:06:25,978] {local_task_job.py:154} INFO - Task exited with return code 0
[2022-12-04 12:06:26,083] {local_task_job.py:264} INFO - 0 downstream tasks scheduled from follow-on schedule check
