[2022-12-04 11:30:40,394] {taskinstance.py:1032} INFO - Dependencies all met for <TaskInstance: dag1.local_to_gcs_task scheduled__2022-11-04T12:40:00+00:00 [queued]>
[2022-12-04 11:30:40,655] {taskinstance.py:1032} INFO - Dependencies all met for <TaskInstance: dag1.local_to_gcs_task scheduled__2022-11-04T12:40:00+00:00 [queued]>
[2022-12-04 11:30:40,675] {taskinstance.py:1238} INFO - 
--------------------------------------------------------------------------------
[2022-12-04 11:30:40,676] {taskinstance.py:1239} INFO - Starting attempt 1 of 2
[2022-12-04 11:30:40,676] {taskinstance.py:1240} INFO - 
--------------------------------------------------------------------------------
[2022-12-04 11:30:40,846] {taskinstance.py:1259} INFO - Executing <Task(PythonOperator): local_to_gcs_task> on 2022-11-04 12:40:00+00:00
[2022-12-04 11:30:40,886] {standard_task_runner.py:52} INFO - Started process 13244 to run task
[2022-12-04 11:30:40,960] {standard_task_runner.py:76} INFO - Running: ['***', 'tasks', 'run', 'dag1', 'local_to_gcs_task', 'scheduled__2022-11-04T12:40:00+00:00', '--job-id', '5415', '--raw', '--subdir', 'DAGS_FOLDER/AirflowClean2.py', '--cfg-path', '/tmp/tmpwyrzke75', '--error-file', '/tmp/tmpghsxvn6d']
[2022-12-04 11:30:40,975] {standard_task_runner.py:77} INFO - Job 5415: Subtask local_to_gcs_task
[2022-12-04 11:30:45,475] {logging_mixin.py:109} INFO - Running <TaskInstance: dag1.local_to_gcs_task scheduled__2022-11-04T12:40:00+00:00 [running]> on host 9e44869ff3ef
[2022-12-04 11:30:46,522] {taskinstance.py:1426} INFO - Exporting the following env vars:
AIRFLOW_CTX_DAG_OWNER=Fadlil
AIRFLOW_CTX_DAG_ID=dag1
AIRFLOW_CTX_TASK_ID=local_to_gcs_task
AIRFLOW_CTX_EXECUTION_DATE=2022-11-04T12:40:00+00:00
AIRFLOW_CTX_DAG_RUN_ID=scheduled__2022-11-04T12:40:00+00:00
[2022-12-04 11:30:48,217] {python.py:175} INFO - Done. Returned value was: None
[2022-12-04 11:30:48,330] {taskinstance.py:1277} INFO - Marking task as SUCCESS. dag_id=dag1, task_id=local_to_gcs_task, execution_date=20221104T124000, start_date=20221204T113040, end_date=20221204T113048
[2022-12-04 11:30:50,417] {local_task_job.py:154} INFO - Task exited with return code 0
[2022-12-04 11:30:50,718] {local_task_job.py:264} INFO - 0 downstream tasks scheduled from follow-on schedule check
