[2022-12-04 11:07:26,682] {taskinstance.py:1032} INFO - Dependencies all met for <TaskInstance: dag1.get_data scheduled__2022-11-04T09:20:00+00:00 [queued]>
[2022-12-04 11:07:26,696] {taskinstance.py:1032} INFO - Dependencies all met for <TaskInstance: dag1.get_data scheduled__2022-11-04T09:20:00+00:00 [queued]>
[2022-12-04 11:07:26,696] {taskinstance.py:1238} INFO - 
--------------------------------------------------------------------------------
[2022-12-04 11:07:26,697] {taskinstance.py:1239} INFO - Starting attempt 1 of 2
[2022-12-04 11:07:26,697] {taskinstance.py:1240} INFO - 
--------------------------------------------------------------------------------
[2022-12-04 11:07:26,712] {taskinstance.py:1259} INFO - Executing <Task(PythonOperator): get_data> on 2022-11-04 09:20:00+00:00
[2022-12-04 11:07:26,719] {standard_task_runner.py:52} INFO - Started process 12942 to run task
[2022-12-04 11:07:26,723] {standard_task_runner.py:76} INFO - Running: ['***', 'tasks', 'run', 'dag1', 'get_data', 'scheduled__2022-11-04T09:20:00+00:00', '--job-id', '5333', '--raw', '--subdir', 'DAGS_FOLDER/AirflowClean2.py', '--cfg-path', '/tmp/tmp1ow6a4u7', '--error-file', '/tmp/tmp86nxrm44']
[2022-12-04 11:07:26,724] {standard_task_runner.py:77} INFO - Job 5333: Subtask get_data
[2022-12-04 11:07:26,792] {logging_mixin.py:109} INFO - Running <TaskInstance: dag1.get_data scheduled__2022-11-04T09:20:00+00:00 [running]> on host 9e44869ff3ef
[2022-12-04 11:07:26,864] {taskinstance.py:1426} INFO - Exporting the following env vars:
AIRFLOW_CTX_DAG_OWNER=Fadlil
AIRFLOW_CTX_DAG_ID=dag1
AIRFLOW_CTX_TASK_ID=get_data
AIRFLOW_CTX_EXECUTION_DATE=2022-11-04T09:20:00+00:00
AIRFLOW_CTX_DAG_RUN_ID=scheduled__2022-11-04T09:20:00+00:00
[2022-12-04 11:07:27,569] {python.py:175} INFO - Done. Returned value was: None
[2022-12-04 11:07:27,595] {taskinstance.py:1277} INFO - Marking task as SUCCESS. dag_id=dag1, task_id=get_data, execution_date=20221104T092000, start_date=20221204T110726, end_date=20221204T110727
[2022-12-04 11:07:27,659] {local_task_job.py:154} INFO - Task exited with return code 0
[2022-12-04 11:07:27,870] {local_task_job.py:264} INFO - 0 downstream tasks scheduled from follow-on schedule check
