[2022-12-04 11:49:59,410] {taskinstance.py:1032} INFO - Dependencies all met for <TaskInstance: dag1.get_data scheduled__2022-11-05T08:10:00+00:00 [queued]>
[2022-12-04 11:49:59,501] {taskinstance.py:1032} INFO - Dependencies all met for <TaskInstance: dag1.get_data scheduled__2022-11-05T08:10:00+00:00 [queued]>
[2022-12-04 11:49:59,502] {taskinstance.py:1238} INFO - 
--------------------------------------------------------------------------------
[2022-12-04 11:49:59,514] {taskinstance.py:1239} INFO - Starting attempt 1 of 2
[2022-12-04 11:49:59,515] {taskinstance.py:1240} INFO - 
--------------------------------------------------------------------------------
[2022-12-04 11:49:59,589] {taskinstance.py:1259} INFO - Executing <Task(PythonOperator): get_data> on 2022-11-05 08:10:00+00:00
[2022-12-04 11:49:59,603] {standard_task_runner.py:52} INFO - Started process 15528 to run task
[2022-12-04 11:49:59,653] {standard_task_runner.py:76} INFO - Running: ['***', 'tasks', 'run', 'dag1', 'get_data', 'scheduled__2022-11-05T08:10:00+00:00', '--job-id', '5973', '--raw', '--subdir', 'DAGS_FOLDER/AirflowClean2.py', '--cfg-path', '/tmp/tmpx2cpncbl', '--error-file', '/tmp/tmpr6o6gp_w']
[2022-12-04 11:49:59,690] {standard_task_runner.py:77} INFO - Job 5973: Subtask get_data
[2022-12-04 11:50:00,152] {logging_mixin.py:109} INFO - Running <TaskInstance: dag1.get_data scheduled__2022-11-05T08:10:00+00:00 [running]> on host 9e44869ff3ef
[2022-12-04 11:50:00,551] {taskinstance.py:1426} INFO - Exporting the following env vars:
AIRFLOW_CTX_DAG_OWNER=Fadlil
AIRFLOW_CTX_DAG_ID=dag1
AIRFLOW_CTX_TASK_ID=get_data
AIRFLOW_CTX_EXECUTION_DATE=2022-11-05T08:10:00+00:00
AIRFLOW_CTX_DAG_RUN_ID=scheduled__2022-11-05T08:10:00+00:00
[2022-12-04 11:50:01,373] {python.py:175} INFO - Done. Returned value was: None
[2022-12-04 11:50:01,527] {taskinstance.py:1277} INFO - Marking task as SUCCESS. dag_id=dag1, task_id=get_data, execution_date=20221105T081000, start_date=20221204T114959, end_date=20221204T115001
[2022-12-04 11:50:01,850] {local_task_job.py:154} INFO - Task exited with return code 0
[2022-12-04 11:50:03,160] {local_task_job.py:264} INFO - 0 downstream tasks scheduled from follow-on schedule check
