[2022-12-04 11:55:48,445] {taskinstance.py:1032} INFO - Dependencies all met for <TaskInstance: dag1.bigquery_external_table_task scheduled__2022-11-05T11:10:00+00:00 [queued]>
[2022-12-04 11:55:48,467] {taskinstance.py:1032} INFO - Dependencies all met for <TaskInstance: dag1.bigquery_external_table_task scheduled__2022-11-05T11:10:00+00:00 [queued]>
[2022-12-04 11:55:48,468] {taskinstance.py:1238} INFO - 
--------------------------------------------------------------------------------
[2022-12-04 11:55:48,468] {taskinstance.py:1239} INFO - Starting attempt 1 of 2
[2022-12-04 11:55:48,469] {taskinstance.py:1240} INFO - 
--------------------------------------------------------------------------------
[2022-12-04 11:55:48,500] {taskinstance.py:1259} INFO - Executing <Task(BigQueryCreateExternalTableOperator): bigquery_external_table_task> on 2022-11-05 11:10:00+00:00
[2022-12-04 11:55:48,507] {standard_task_runner.py:52} INFO - Started process 16056 to run task
[2022-12-04 11:55:48,512] {standard_task_runner.py:76} INFO - Running: ['***', 'tasks', 'run', 'dag1', 'bigquery_external_table_task', 'scheduled__2022-11-05T11:10:00+00:00', '--job-id', '6071', '--raw', '--subdir', 'DAGS_FOLDER/AirflowClean2.py', '--cfg-path', '/tmp/tmpc6tcqp6w', '--error-file', '/tmp/tmp0txp_dif']
[2022-12-04 11:55:48,513] {standard_task_runner.py:77} INFO - Job 6071: Subtask bigquery_external_table_task
[2022-12-04 11:55:48,597] {logging_mixin.py:109} INFO - Running <TaskInstance: dag1.bigquery_external_table_task scheduled__2022-11-05T11:10:00+00:00 [running]> on host 9e44869ff3ef
[2022-12-04 11:55:48,736] {taskinstance.py:1426} INFO - Exporting the following env vars:
AIRFLOW_CTX_DAG_OWNER=Fadlil
AIRFLOW_CTX_DAG_ID=dag1
AIRFLOW_CTX_TASK_ID=bigquery_external_table_task
AIRFLOW_CTX_EXECUTION_DATE=2022-11-05T11:10:00+00:00
AIRFLOW_CTX_DAG_RUN_ID=scheduled__2022-11-05T11:10:00+00:00
[2022-12-04 11:55:48,738] {crypto.py:82} WARNING - empty cryptography key - values will not be stored encrypted.
[2022-12-04 11:55:50,801] {taskinstance.py:1277} INFO - Marking task as SUCCESS. dag_id=dag1, task_id=bigquery_external_table_task, execution_date=20221105T111000, start_date=20221204T115548, end_date=20221204T115550
[2022-12-04 11:55:50,951] {local_task_job.py:154} INFO - Task exited with return code 0
[2022-12-04 11:55:51,157] {local_task_job.py:264} INFO - 1 downstream tasks scheduled from follow-on schedule check
