[2022-12-03 17:59:09,597] {taskinstance.py:1032} INFO - Dependencies all met for <TaskInstance: dag1.save_to_csv scheduled__2022-10-26T19:00:00+00:00 [queued]>
[2022-12-03 17:59:09,734] {taskinstance.py:1032} INFO - Dependencies all met for <TaskInstance: dag1.save_to_csv scheduled__2022-10-26T19:00:00+00:00 [queued]>
[2022-12-03 17:59:09,800] {taskinstance.py:1238} INFO - 
--------------------------------------------------------------------------------
[2022-12-03 17:59:09,800] {taskinstance.py:1239} INFO - Starting attempt 1 of 2
[2022-12-03 17:59:09,801] {taskinstance.py:1240} INFO - 
--------------------------------------------------------------------------------
[2022-12-03 17:59:10,261] {taskinstance.py:1259} INFO - Executing <Task(PythonOperator): save_to_csv> on 2022-10-26 19:00:00+00:00
[2022-12-03 17:59:10,324] {standard_task_runner.py:52} INFO - Started process 1419 to run task
[2022-12-03 17:59:10,347] {standard_task_runner.py:76} INFO - Running: ['***', 'tasks', 'run', 'dag1', 'save_to_csv', 'scheduled__2022-10-26T19:00:00+00:00', '--job-id', '456', '--raw', '--subdir', 'DAGS_FOLDER/AirflowClean2.py', '--cfg-path', '/tmp/tmprvmpq4iw', '--error-file', '/tmp/tmps4ovduuu']
[2022-12-03 17:59:10,410] {standard_task_runner.py:77} INFO - Job 456: Subtask save_to_csv
[2022-12-03 17:59:10,800] {logging_mixin.py:109} INFO - Running <TaskInstance: dag1.save_to_csv scheduled__2022-10-26T19:00:00+00:00 [running]> on host 422c372562ce
[2022-12-03 17:59:11,696] {taskinstance.py:1426} INFO - Exporting the following env vars:
AIRFLOW_CTX_DAG_OWNER=Fadlil
AIRFLOW_CTX_DAG_ID=dag1
AIRFLOW_CTX_TASK_ID=save_to_csv
AIRFLOW_CTX_EXECUTION_DATE=2022-10-26T19:00:00+00:00
AIRFLOW_CTX_DAG_RUN_ID=scheduled__2022-10-26T19:00:00+00:00
[2022-12-03 17:59:12,186] {python.py:175} INFO - Done. Returned value was: None
[2022-12-03 17:59:12,503] {taskinstance.py:1277} INFO - Marking task as SUCCESS. dag_id=dag1, task_id=save_to_csv, execution_date=20221026T190000, start_date=20221203T175909, end_date=20221203T175912
[2022-12-03 17:59:12,680] {local_task_job.py:154} INFO - Task exited with return code 0
[2022-12-03 17:59:12,903] {local_task_job.py:264} INFO - 1 downstream tasks scheduled from follow-on schedule check
