[2022-12-04 13:51:49,247] {taskinstance.py:1032} INFO - Dependencies all met for <TaskInstance: dag1.save_to_parquet scheduled__2022-11-07T14:00:00+00:00 [queued]>
[2022-12-04 13:51:49,274] {taskinstance.py:1032} INFO - Dependencies all met for <TaskInstance: dag1.save_to_parquet scheduled__2022-11-07T14:00:00+00:00 [queued]>
[2022-12-04 13:51:49,275] {taskinstance.py:1238} INFO - 
--------------------------------------------------------------------------------
[2022-12-04 13:51:49,275] {taskinstance.py:1239} INFO - Starting attempt 2 of 2
[2022-12-04 13:51:49,276] {taskinstance.py:1240} INFO - 
--------------------------------------------------------------------------------
[2022-12-04 13:51:49,310] {taskinstance.py:1259} INFO - Executing <Task(PythonOperator): save_to_parquet> on 2022-11-07 14:00:00+00:00
[2022-12-04 13:51:49,316] {standard_task_runner.py:52} INFO - Started process 6719 to run task
[2022-12-04 13:51:49,331] {standard_task_runner.py:76} INFO - Running: ['***', 'tasks', 'run', 'dag1', 'save_to_parquet', 'scheduled__2022-11-07T14:00:00+00:00', '--job-id', '8129', '--raw', '--subdir', 'DAGS_FOLDER/AirflowClean2.py', '--cfg-path', '/tmp/tmpau3jgcmm', '--error-file', '/tmp/tmpijl1kknt']
[2022-12-04 13:51:49,346] {standard_task_runner.py:77} INFO - Job 8129: Subtask save_to_parquet
[2022-12-04 13:51:49,468] {logging_mixin.py:109} INFO - Running <TaskInstance: dag1.save_to_parquet scheduled__2022-11-07T14:00:00+00:00 [running]> on host 7a020590adae
[2022-12-04 13:51:49,606] {taskinstance.py:1426} INFO - Exporting the following env vars:
AIRFLOW_CTX_DAG_OWNER=Fadlil
AIRFLOW_CTX_DAG_ID=dag1
AIRFLOW_CTX_TASK_ID=save_to_parquet
AIRFLOW_CTX_EXECUTION_DATE=2022-11-07T14:00:00+00:00
AIRFLOW_CTX_DAG_RUN_ID=scheduled__2022-11-07T14:00:00+00:00
[2022-12-04 13:51:49,683] {python.py:175} INFO - Done. Returned value was: None
[2022-12-04 13:51:49,714] {taskinstance.py:1277} INFO - Marking task as SUCCESS. dag_id=dag1, task_id=save_to_parquet, execution_date=20221107T140000, start_date=20221204T135149, end_date=20221204T135149
[2022-12-04 13:51:49,800] {local_task_job.py:154} INFO - Task exited with return code 0
[2022-12-04 13:51:49,910] {local_task_job.py:264} INFO - 1 downstream tasks scheduled from follow-on schedule check
