[2022-12-04 10:35:08,767] {taskinstance.py:1032} INFO - Dependencies all met for <TaskInstance: dag1.save_to_parquet scheduled__2022-10-31T23:30:00+00:00 [queued]>
[2022-12-04 10:35:08,853] {taskinstance.py:1032} INFO - Dependencies all met for <TaskInstance: dag1.save_to_parquet scheduled__2022-10-31T23:30:00+00:00 [queued]>
[2022-12-04 10:35:08,861] {taskinstance.py:1238} INFO - 
--------------------------------------------------------------------------------
[2022-12-04 10:35:08,863] {taskinstance.py:1239} INFO - Starting attempt 1 of 2
[2022-12-04 10:35:08,864] {taskinstance.py:1240} INFO - 
--------------------------------------------------------------------------------
[2022-12-04 10:35:08,939] {taskinstance.py:1259} INFO - Executing <Task(PythonOperator): save_to_parquet> on 2022-10-31 23:30:00+00:00
[2022-12-04 10:35:08,996] {standard_task_runner.py:52} INFO - Started process 6152 to run task
[2022-12-04 10:35:09,031] {standard_task_runner.py:76} INFO - Running: ['***', 'tasks', 'run', 'dag1', 'save_to_parquet', 'scheduled__2022-10-31T23:30:00+00:00', '--job-id', '3371', '--raw', '--subdir', 'DAGS_FOLDER/AirflowClean2.py', '--cfg-path', '/tmp/tmps5dbp93x', '--error-file', '/tmp/tmpveb90_47']
[2022-12-04 10:35:09,033] {standard_task_runner.py:77} INFO - Job 3371: Subtask save_to_parquet
[2022-12-04 10:35:09,381] {logging_mixin.py:109} INFO - Running <TaskInstance: dag1.save_to_parquet scheduled__2022-10-31T23:30:00+00:00 [running]> on host 9e44869ff3ef
[2022-12-04 10:35:09,824] {taskinstance.py:1426} INFO - Exporting the following env vars:
AIRFLOW_CTX_DAG_OWNER=Fadlil
AIRFLOW_CTX_DAG_ID=dag1
AIRFLOW_CTX_TASK_ID=save_to_parquet
AIRFLOW_CTX_EXECUTION_DATE=2022-10-31T23:30:00+00:00
AIRFLOW_CTX_DAG_RUN_ID=scheduled__2022-10-31T23:30:00+00:00
[2022-12-04 10:35:10,245] {python.py:175} INFO - Done. Returned value was: None
[2022-12-04 10:35:10,721] {taskinstance.py:1277} INFO - Marking task as SUCCESS. dag_id=dag1, task_id=save_to_parquet, execution_date=20221031T233000, start_date=20221204T103508, end_date=20221204T103510
[2022-12-04 10:35:10,881] {local_task_job.py:154} INFO - Task exited with return code 0
[2022-12-04 10:35:11,083] {local_task_job.py:264} INFO - 1 downstream tasks scheduled from follow-on schedule check
