[2022-12-04 11:43:15,500] {taskinstance.py:1032} INFO - Dependencies all met for <TaskInstance: dag1.local_to_gcs_task scheduled__2022-11-04T20:00:00+00:00 [queued]>
[2022-12-04 11:43:15,566] {taskinstance.py:1032} INFO - Dependencies all met for <TaskInstance: dag1.local_to_gcs_task scheduled__2022-11-04T20:00:00+00:00 [queued]>
[2022-12-04 11:43:15,568] {taskinstance.py:1238} INFO - 
--------------------------------------------------------------------------------
[2022-12-04 11:43:15,569] {taskinstance.py:1239} INFO - Starting attempt 1 of 2
[2022-12-04 11:43:15,570] {taskinstance.py:1240} INFO - 
--------------------------------------------------------------------------------
[2022-12-04 11:43:15,667] {taskinstance.py:1259} INFO - Executing <Task(PythonOperator): local_to_gcs_task> on 2022-11-04 20:00:00+00:00
[2022-12-04 11:43:15,686] {standard_task_runner.py:52} INFO - Started process 14320 to run task
[2022-12-04 11:43:15,691] {standard_task_runner.py:76} INFO - Running: ['***', 'tasks', 'run', 'dag1', 'local_to_gcs_task', 'scheduled__2022-11-04T20:00:00+00:00', '--job-id', '5635', '--raw', '--subdir', 'DAGS_FOLDER/AirflowClean2.py', '--cfg-path', '/tmp/tmpqzclr6ea', '--error-file', '/tmp/tmp8kdlbtt0']
[2022-12-04 11:43:15,743] {standard_task_runner.py:77} INFO - Job 5635: Subtask local_to_gcs_task
[2022-12-04 11:43:15,980] {logging_mixin.py:109} INFO - Running <TaskInstance: dag1.local_to_gcs_task scheduled__2022-11-04T20:00:00+00:00 [running]> on host 9e44869ff3ef
[2022-12-04 11:43:16,241] {taskinstance.py:1426} INFO - Exporting the following env vars:
AIRFLOW_CTX_DAG_OWNER=Fadlil
AIRFLOW_CTX_DAG_ID=dag1
AIRFLOW_CTX_TASK_ID=local_to_gcs_task
AIRFLOW_CTX_EXECUTION_DATE=2022-11-04T20:00:00+00:00
AIRFLOW_CTX_DAG_RUN_ID=scheduled__2022-11-04T20:00:00+00:00
[2022-12-04 11:43:17,739] {python.py:175} INFO - Done. Returned value was: None
[2022-12-04 11:43:18,038] {taskinstance.py:1277} INFO - Marking task as SUCCESS. dag_id=dag1, task_id=local_to_gcs_task, execution_date=20221104T200000, start_date=20221204T114315, end_date=20221204T114318
[2022-12-04 11:43:18,127] {local_task_job.py:154} INFO - Task exited with return code 0
[2022-12-04 11:43:18,268] {local_task_job.py:264} INFO - 1 downstream tasks scheduled from follow-on schedule check
