[2022-12-04 12:03:58,249] {taskinstance.py:1032} INFO - Dependencies all met for <TaskInstance: dag1.local_to_gcs_task scheduled__2022-11-05T13:30:00+00:00 [queued]>
[2022-12-04 12:03:58,568] {taskinstance.py:1032} INFO - Dependencies all met for <TaskInstance: dag1.local_to_gcs_task scheduled__2022-11-05T13:30:00+00:00 [queued]>
[2022-12-04 12:03:58,578] {taskinstance.py:1238} INFO - 
--------------------------------------------------------------------------------
[2022-12-04 12:03:58,578] {taskinstance.py:1239} INFO - Starting attempt 1 of 2
[2022-12-04 12:03:58,579] {taskinstance.py:1240} INFO - 
--------------------------------------------------------------------------------
[2022-12-04 12:03:58,778] {taskinstance.py:1259} INFO - Executing <Task(PythonOperator): local_to_gcs_task> on 2022-11-05 13:30:00+00:00
[2022-12-04 12:03:58,846] {standard_task_runner.py:52} INFO - Started process 16758 to run task
[2022-12-04 12:03:58,859] {standard_task_runner.py:76} INFO - Running: ['***', 'tasks', 'run', 'dag1', 'local_to_gcs_task', 'scheduled__2022-11-05T13:30:00+00:00', '--job-id', '6214', '--raw', '--subdir', 'DAGS_FOLDER/AirflowClean2.py', '--cfg-path', '/tmp/tmpydgxrba2', '--error-file', '/tmp/tmpgbmj27s3']
[2022-12-04 12:03:58,878] {standard_task_runner.py:77} INFO - Job 6214: Subtask local_to_gcs_task
[2022-12-04 12:03:59,420] {logging_mixin.py:109} INFO - Running <TaskInstance: dag1.local_to_gcs_task scheduled__2022-11-05T13:30:00+00:00 [running]> on host 9e44869ff3ef
[2022-12-04 12:04:00,102] {taskinstance.py:1426} INFO - Exporting the following env vars:
AIRFLOW_CTX_DAG_OWNER=Fadlil
AIRFLOW_CTX_DAG_ID=dag1
AIRFLOW_CTX_TASK_ID=local_to_gcs_task
AIRFLOW_CTX_EXECUTION_DATE=2022-11-05T13:30:00+00:00
AIRFLOW_CTX_DAG_RUN_ID=scheduled__2022-11-05T13:30:00+00:00
[2022-12-04 12:04:01,730] {python.py:175} INFO - Done. Returned value was: None
[2022-12-04 12:04:02,193] {taskinstance.py:1277} INFO - Marking task as SUCCESS. dag_id=dag1, task_id=local_to_gcs_task, execution_date=20221105T133000, start_date=20221204T120358, end_date=20221204T120402
[2022-12-04 12:04:02,571] {local_task_job.py:154} INFO - Task exited with return code 0
[2022-12-04 12:04:02,833] {local_task_job.py:264} INFO - 1 downstream tasks scheduled from follow-on schedule check
