[2022-12-04 10:58:47,111] {taskinstance.py:1032} INFO - Dependencies all met for <TaskInstance: dag1.local_to_gcs_task scheduled__2022-11-03T10:50:00+00:00 [queued]>
[2022-12-04 10:58:47,181] {taskinstance.py:1032} INFO - Dependencies all met for <TaskInstance: dag1.local_to_gcs_task scheduled__2022-11-03T10:50:00+00:00 [queued]>
[2022-12-04 10:58:47,182] {taskinstance.py:1238} INFO - 
--------------------------------------------------------------------------------
[2022-12-04 10:58:47,182] {taskinstance.py:1239} INFO - Starting attempt 1 of 2
[2022-12-04 10:58:47,183] {taskinstance.py:1240} INFO - 
--------------------------------------------------------------------------------
[2022-12-04 10:58:47,229] {taskinstance.py:1259} INFO - Executing <Task(PythonOperator): local_to_gcs_task> on 2022-11-03 10:50:00+00:00
[2022-12-04 10:58:47,237] {standard_task_runner.py:52} INFO - Started process 11097 to run task
[2022-12-04 10:58:47,243] {standard_task_runner.py:76} INFO - Running: ['***', 'tasks', 'run', 'dag1', 'local_to_gcs_task', 'scheduled__2022-11-03T10:50:00+00:00', '--job-id', '4795', '--raw', '--subdir', 'DAGS_FOLDER/AirflowClean2.py', '--cfg-path', '/tmp/tmph489scuo', '--error-file', '/tmp/tmpoci90cef']
[2022-12-04 10:58:47,245] {standard_task_runner.py:77} INFO - Job 4795: Subtask local_to_gcs_task
[2022-12-04 10:58:47,353] {logging_mixin.py:109} INFO - Running <TaskInstance: dag1.local_to_gcs_task scheduled__2022-11-03T10:50:00+00:00 [running]> on host 9e44869ff3ef
[2022-12-04 10:58:47,577] {taskinstance.py:1426} INFO - Exporting the following env vars:
AIRFLOW_CTX_DAG_OWNER=Fadlil
AIRFLOW_CTX_DAG_ID=dag1
AIRFLOW_CTX_TASK_ID=local_to_gcs_task
AIRFLOW_CTX_EXECUTION_DATE=2022-11-03T10:50:00+00:00
AIRFLOW_CTX_DAG_RUN_ID=scheduled__2022-11-03T10:50:00+00:00
[2022-12-04 10:58:48,222] {python.py:175} INFO - Done. Returned value was: None
[2022-12-04 10:58:48,250] {taskinstance.py:1277} INFO - Marking task as SUCCESS. dag_id=dag1, task_id=local_to_gcs_task, execution_date=20221103T105000, start_date=20221204T105847, end_date=20221204T105848
[2022-12-04 10:58:48,353] {local_task_job.py:154} INFO - Task exited with return code 0
[2022-12-04 10:58:48,392] {local_task_job.py:264} INFO - 0 downstream tasks scheduled from follow-on schedule check
