[2022-12-04 12:21:42,794] {taskinstance.py:1032} INFO - Dependencies all met for <TaskInstance: dag1.save_to_csv scheduled__2022-11-05T22:10:00+00:00 [queued]>
[2022-12-04 12:21:42,818] {taskinstance.py:1032} INFO - Dependencies all met for <TaskInstance: dag1.save_to_csv scheduled__2022-11-05T22:10:00+00:00 [queued]>
[2022-12-04 12:21:42,820] {taskinstance.py:1238} INFO - 
--------------------------------------------------------------------------------
[2022-12-04 12:21:42,822] {taskinstance.py:1239} INFO - Starting attempt 1 of 2
[2022-12-04 12:21:42,823] {taskinstance.py:1240} INFO - 
--------------------------------------------------------------------------------
[2022-12-04 12:21:42,857] {taskinstance.py:1259} INFO - Executing <Task(PythonOperator): save_to_csv> on 2022-11-05 22:10:00+00:00
[2022-12-04 12:21:42,869] {standard_task_runner.py:52} INFO - Started process 18208 to run task
[2022-12-04 12:21:42,875] {standard_task_runner.py:76} INFO - Running: ['***', 'tasks', 'run', 'dag1', 'save_to_csv', 'scheduled__2022-11-05T22:10:00+00:00', '--job-id', '6512', '--raw', '--subdir', 'DAGS_FOLDER/AirflowClean2.py', '--cfg-path', '/tmp/tmpzvlilz9x', '--error-file', '/tmp/tmp3yieekmh']
[2022-12-04 12:21:42,877] {standard_task_runner.py:77} INFO - Job 6512: Subtask save_to_csv
[2022-12-04 12:21:42,978] {logging_mixin.py:109} INFO - Running <TaskInstance: dag1.save_to_csv scheduled__2022-11-05T22:10:00+00:00 [running]> on host 9e44869ff3ef
[2022-12-04 12:21:43,079] {taskinstance.py:1426} INFO - Exporting the following env vars:
AIRFLOW_CTX_DAG_OWNER=Fadlil
AIRFLOW_CTX_DAG_ID=dag1
AIRFLOW_CTX_TASK_ID=save_to_csv
AIRFLOW_CTX_EXECUTION_DATE=2022-11-05T22:10:00+00:00
AIRFLOW_CTX_DAG_RUN_ID=scheduled__2022-11-05T22:10:00+00:00
[2022-12-04 12:21:43,127] {python.py:175} INFO - Done. Returned value was: None
[2022-12-04 12:21:43,149] {taskinstance.py:1277} INFO - Marking task as SUCCESS. dag_id=dag1, task_id=save_to_csv, execution_date=20221105T221000, start_date=20221204T122142, end_date=20221204T122143
[2022-12-04 12:21:43,213] {local_task_job.py:154} INFO - Task exited with return code 0
[2022-12-04 12:21:43,293] {local_task_job.py:264} INFO - 1 downstream tasks scheduled from follow-on schedule check
