[2022-12-04 17:36:44,498] {taskinstance.py:1032} INFO - Dependencies all met for <TaskInstance: dag1.delete_local_file scheduled__2022-11-10T11:50:00+00:00 [queued]>
[2022-12-04 17:36:44,515] {taskinstance.py:1032} INFO - Dependencies all met for <TaskInstance: dag1.delete_local_file scheduled__2022-11-10T11:50:00+00:00 [queued]>
[2022-12-04 17:36:44,516] {taskinstance.py:1238} INFO - 
--------------------------------------------------------------------------------
[2022-12-04 17:36:44,517] {taskinstance.py:1239} INFO - Starting attempt 1 of 2
[2022-12-04 17:36:44,517] {taskinstance.py:1240} INFO - 
--------------------------------------------------------------------------------
[2022-12-04 17:36:44,535] {taskinstance.py:1259} INFO - Executing <Task(PythonOperator): delete_local_file> on 2022-11-10 11:50:00+00:00
[2022-12-04 17:36:44,542] {standard_task_runner.py:52} INFO - Started process 19176 to run task
[2022-12-04 17:36:44,547] {standard_task_runner.py:76} INFO - Running: ['***', 'tasks', 'run', 'dag1', 'delete_local_file', 'scheduled__2022-11-10T11:50:00+00:00', '--job-id', '10711', '--raw', '--subdir', 'DAGS_FOLDER/AirflowClean2.py', '--cfg-path', '/tmp/tmpego4f48f', '--error-file', '/tmp/tmpvf1g10by']
[2022-12-04 17:36:44,548] {standard_task_runner.py:77} INFO - Job 10711: Subtask delete_local_file
[2022-12-04 17:36:44,631] {logging_mixin.py:109} INFO - Running <TaskInstance: dag1.delete_local_file scheduled__2022-11-10T11:50:00+00:00 [running]> on host 7a020590adae
[2022-12-04 17:36:44,710] {taskinstance.py:1426} INFO - Exporting the following env vars:
AIRFLOW_CTX_DAG_OWNER=Fadlil
AIRFLOW_CTX_DAG_ID=dag1
AIRFLOW_CTX_TASK_ID=delete_local_file
AIRFLOW_CTX_EXECUTION_DATE=2022-11-10T11:50:00+00:00
AIRFLOW_CTX_DAG_RUN_ID=scheduled__2022-11-10T11:50:00+00:00
[2022-12-04 17:36:44,718] {python.py:175} INFO - Done. Returned value was: None
[2022-12-04 17:36:45,128] {taskinstance.py:1277} INFO - Marking task as SUCCESS. dag_id=dag1, task_id=delete_local_file, execution_date=20221110T115000, start_date=20221204T173644, end_date=20221204T173645
[2022-12-04 17:36:45,159] {local_task_job.py:154} INFO - Task exited with return code 0
[2022-12-04 17:36:45,212] {local_task_job.py:264} INFO - 0 downstream tasks scheduled from follow-on schedule check
