[2022-12-04 13:24:55,893] {taskinstance.py:1032} INFO - Dependencies all met for <TaskInstance: dag1.get_data scheduled__2022-11-07T02:30:00+00:00 [queued]>
[2022-12-04 13:24:55,966] {taskinstance.py:1032} INFO - Dependencies all met for <TaskInstance: dag1.get_data scheduled__2022-11-07T02:30:00+00:00 [queued]>
[2022-12-04 13:24:55,979] {taskinstance.py:1238} INFO - 
--------------------------------------------------------------------------------
[2022-12-04 13:24:55,981] {taskinstance.py:1239} INFO - Starting attempt 1 of 2
[2022-12-04 13:24:55,981] {taskinstance.py:1240} INFO - 
--------------------------------------------------------------------------------
[2022-12-04 13:24:56,029] {taskinstance.py:1259} INFO - Executing <Task(PythonOperator): get_data> on 2022-11-07 02:30:00+00:00
[2022-12-04 13:24:56,044] {standard_task_runner.py:52} INFO - Started process 4229 to run task
[2022-12-04 13:24:56,069] {standard_task_runner.py:76} INFO - Running: ['***', 'tasks', 'run', 'dag1', 'get_data', 'scheduled__2022-11-07T02:30:00+00:00', '--job-id', '7595', '--raw', '--subdir', 'DAGS_FOLDER/AirflowClean2.py', '--cfg-path', '/tmp/tmpgzsnkz0t', '--error-file', '/tmp/tmpsgxl4q65']
[2022-12-04 13:24:56,079] {standard_task_runner.py:77} INFO - Job 7595: Subtask get_data
[2022-12-04 13:24:56,258] {logging_mixin.py:109} INFO - Running <TaskInstance: dag1.get_data scheduled__2022-11-07T02:30:00+00:00 [running]> on host 7a020590adae
[2022-12-04 13:24:56,492] {taskinstance.py:1426} INFO - Exporting the following env vars:
AIRFLOW_CTX_DAG_OWNER=Fadlil
AIRFLOW_CTX_DAG_ID=dag1
AIRFLOW_CTX_TASK_ID=get_data
AIRFLOW_CTX_EXECUTION_DATE=2022-11-07T02:30:00+00:00
AIRFLOW_CTX_DAG_RUN_ID=scheduled__2022-11-07T02:30:00+00:00
[2022-12-04 13:24:57,483] {python.py:175} INFO - Done. Returned value was: None
[2022-12-04 13:24:58,560] {taskinstance.py:1277} INFO - Marking task as SUCCESS. dag_id=dag1, task_id=get_data, execution_date=20221107T023000, start_date=20221204T132455, end_date=20221204T132458
[2022-12-04 13:24:58,757] {local_task_job.py:154} INFO - Task exited with return code 0
[2022-12-04 13:24:58,966] {local_task_job.py:264} INFO - 1 downstream tasks scheduled from follow-on schedule check
