[2022-12-03 17:47:40,592] {taskinstance.py:1032} INFO - Dependencies all met for <TaskInstance: dag1.get_data scheduled__2022-10-26T14:20:00+00:00 [queued]>
[2022-12-03 17:47:40,748] {taskinstance.py:1032} INFO - Dependencies all met for <TaskInstance: dag1.get_data scheduled__2022-10-26T14:20:00+00:00 [queued]>
[2022-12-03 17:47:40,749] {taskinstance.py:1238} INFO - 
--------------------------------------------------------------------------------
[2022-12-03 17:47:40,750] {taskinstance.py:1239} INFO - Starting attempt 1 of 2
[2022-12-03 17:47:40,757] {taskinstance.py:1240} INFO - 
--------------------------------------------------------------------------------
[2022-12-03 17:47:40,936] {taskinstance.py:1259} INFO - Executing <Task(PythonOperator): get_data> on 2022-10-26 14:20:00+00:00
[2022-12-03 17:47:41,019] {standard_task_runner.py:52} INFO - Started process 606 to run task
[2022-12-03 17:47:41,093] {standard_task_runner.py:76} INFO - Running: ['***', 'tasks', 'run', 'dag1', 'get_data', 'scheduled__2022-10-26T14:20:00+00:00', '--job-id', '325', '--raw', '--subdir', 'DAGS_FOLDER/AirflowClean2.py', '--cfg-path', '/tmp/tmpy3gq2b_h', '--error-file', '/tmp/tmpkydkzc8l']
[2022-12-03 17:47:41,117] {standard_task_runner.py:77} INFO - Job 325: Subtask get_data
[2022-12-03 17:47:41,495] {logging_mixin.py:109} INFO - Running <TaskInstance: dag1.get_data scheduled__2022-10-26T14:20:00+00:00 [running]> on host 422c372562ce
[2022-12-03 17:47:41,863] {taskinstance.py:1426} INFO - Exporting the following env vars:
AIRFLOW_CTX_DAG_OWNER=Fadlil
AIRFLOW_CTX_DAG_ID=dag1
AIRFLOW_CTX_TASK_ID=get_data
AIRFLOW_CTX_EXECUTION_DATE=2022-10-26T14:20:00+00:00
AIRFLOW_CTX_DAG_RUN_ID=scheduled__2022-10-26T14:20:00+00:00
[2022-12-03 17:47:42,686] {python.py:175} INFO - Done. Returned value was: None
[2022-12-03 17:47:43,572] {taskinstance.py:1277} INFO - Marking task as SUCCESS. dag_id=dag1, task_id=get_data, execution_date=20221026T142000, start_date=20221203T174740, end_date=20221203T174743
[2022-12-03 17:47:43,852] {local_task_job.py:154} INFO - Task exited with return code 0
[2022-12-03 17:47:44,134] {local_task_job.py:264} INFO - 1 downstream tasks scheduled from follow-on schedule check
