[2022-12-04 10:40:23,021] {taskinstance.py:1032} INFO - Dependencies all met for <TaskInstance: dag1.local_to_gcs_task scheduled__2022-11-01T12:20:00+00:00 [queued]>
[2022-12-04 10:40:23,052] {taskinstance.py:1032} INFO - Dependencies all met for <TaskInstance: dag1.local_to_gcs_task scheduled__2022-11-01T12:20:00+00:00 [queued]>
[2022-12-04 10:40:23,053] {taskinstance.py:1238} INFO - 
--------------------------------------------------------------------------------
[2022-12-04 10:40:23,053] {taskinstance.py:1239} INFO - Starting attempt 1 of 2
[2022-12-04 10:40:23,054] {taskinstance.py:1240} INFO - 
--------------------------------------------------------------------------------
[2022-12-04 10:40:23,084] {taskinstance.py:1259} INFO - Executing <Task(PythonOperator): local_to_gcs_task> on 2022-11-01 12:20:00+00:00
[2022-12-04 10:40:23,092] {standard_task_runner.py:52} INFO - Started process 7194 to run task
[2022-12-04 10:40:23,098] {standard_task_runner.py:76} INFO - Running: ['***', 'tasks', 'run', 'dag1', 'local_to_gcs_task', 'scheduled__2022-11-01T12:20:00+00:00', '--job-id', '3673', '--raw', '--subdir', 'DAGS_FOLDER/AirflowClean2.py', '--cfg-path', '/tmp/tmprazdm4ij', '--error-file', '/tmp/tmp907cy88f']
[2022-12-04 10:40:23,100] {standard_task_runner.py:77} INFO - Job 3673: Subtask local_to_gcs_task
[2022-12-04 10:40:23,245] {logging_mixin.py:109} INFO - Running <TaskInstance: dag1.local_to_gcs_task scheduled__2022-11-01T12:20:00+00:00 [running]> on host 9e44869ff3ef
[2022-12-04 10:40:23,511] {taskinstance.py:1426} INFO - Exporting the following env vars:
AIRFLOW_CTX_DAG_OWNER=Fadlil
AIRFLOW_CTX_DAG_ID=dag1
AIRFLOW_CTX_TASK_ID=local_to_gcs_task
AIRFLOW_CTX_EXECUTION_DATE=2022-11-01T12:20:00+00:00
AIRFLOW_CTX_DAG_RUN_ID=scheduled__2022-11-01T12:20:00+00:00
[2022-12-04 10:40:24,424] {python.py:175} INFO - Done. Returned value was: None
[2022-12-04 10:40:24,569] {taskinstance.py:1277} INFO - Marking task as SUCCESS. dag_id=dag1, task_id=local_to_gcs_task, execution_date=20221101T122000, start_date=20221204T104023, end_date=20221204T104024
[2022-12-04 10:40:24,664] {local_task_job.py:154} INFO - Task exited with return code 0
[2022-12-04 10:40:24,865] {local_task_job.py:264} INFO - 0 downstream tasks scheduled from follow-on schedule check
