[2022-12-03 01:44:04,559] {taskinstance.py:1032} INFO - Dependencies all met for <TaskInstance: dag1.save_to_csv scheduled__2022-10-26T04:30:00+00:00 [queued]>
[2022-12-03 01:44:06,044] {taskinstance.py:1032} INFO - Dependencies all met for <TaskInstance: dag1.save_to_csv scheduled__2022-10-26T04:30:00+00:00 [queued]>
[2022-12-03 01:44:06,072] {taskinstance.py:1238} INFO - 
--------------------------------------------------------------------------------
[2022-12-03 01:44:06,103] {taskinstance.py:1239} INFO - Starting attempt 1 of 2
[2022-12-03 01:44:06,230] {taskinstance.py:1240} INFO - 
--------------------------------------------------------------------------------
[2022-12-03 01:44:07,262] {taskinstance.py:1259} INFO - Executing <Task(PythonOperator): save_to_csv> on 2022-10-26 04:30:00+00:00
[2022-12-03 01:44:07,435] {standard_task_runner.py:52} INFO - Started process 344 to run task
[2022-12-03 01:44:07,595] {standard_task_runner.py:76} INFO - Running: ['***', 'tasks', 'run', 'dag1', 'save_to_csv', 'scheduled__2022-10-26T04:30:00+00:00', '--job-id', '84', '--raw', '--subdir', 'DAGS_FOLDER/AirflowClean2.py', '--cfg-path', '/tmp/tmprj568hj2', '--error-file', '/tmp/tmps6pkvunm']
[2022-12-03 01:44:07,598] {standard_task_runner.py:77} INFO - Job 84: Subtask save_to_csv
[2022-12-03 01:44:11,051] {logging_mixin.py:109} INFO - Running <TaskInstance: dag1.save_to_csv scheduled__2022-10-26T04:30:00+00:00 [running]> on host 422c372562ce
[2022-12-03 01:44:19,874] {taskinstance.py:1426} INFO - Exporting the following env vars:
AIRFLOW_CTX_DAG_OWNER=Fadlil
AIRFLOW_CTX_DAG_ID=dag1
AIRFLOW_CTX_TASK_ID=save_to_csv
AIRFLOW_CTX_EXECUTION_DATE=2022-10-26T04:30:00+00:00
AIRFLOW_CTX_DAG_RUN_ID=scheduled__2022-10-26T04:30:00+00:00
[2022-12-03 01:44:20,391] {python.py:175} INFO - Done. Returned value was: None
[2022-12-03 01:44:21,036] {taskinstance.py:1277} INFO - Marking task as SUCCESS. dag_id=dag1, task_id=save_to_csv, execution_date=20221026T043000, start_date=20221203T014404, end_date=20221203T014421
[2022-12-03 01:44:21,219] {local_task_job.py:154} INFO - Task exited with return code 0
[2022-12-03 01:44:21,471] {local_task_job.py:264} INFO - 1 downstream tasks scheduled from follow-on schedule check
