[2022-12-04 04:10:52,251] {taskinstance.py:1032} INFO - Dependencies all met for <TaskInstance: dag1.get_data scheduled__2022-10-28T04:50:00+00:00 [queued]>
[2022-12-04 04:10:52,335] {taskinstance.py:1032} INFO - Dependencies all met for <TaskInstance: dag1.get_data scheduled__2022-10-28T04:50:00+00:00 [queued]>
[2022-12-04 04:10:52,339] {taskinstance.py:1238} INFO - 
--------------------------------------------------------------------------------
[2022-12-04 04:10:52,339] {taskinstance.py:1239} INFO - Starting attempt 1 of 2
[2022-12-04 04:10:52,340] {taskinstance.py:1240} INFO - 
--------------------------------------------------------------------------------
[2022-12-04 04:10:52,480] {taskinstance.py:1259} INFO - Executing <Task(PythonOperator): get_data> on 2022-10-28 04:50:00+00:00
[2022-12-04 04:10:52,512] {standard_task_runner.py:76} INFO - Running: ['***', 'tasks', 'run', 'dag1', 'get_data', 'scheduled__2022-10-28T04:50:00+00:00', '--job-id', '1284', '--raw', '--subdir', 'DAGS_FOLDER/AirflowClean2.py', '--cfg-path', '/tmp/tmppb3a3mf4', '--error-file', '/tmp/tmpn33qblus']
[2022-12-04 04:10:52,518] {standard_task_runner.py:77} INFO - Job 1284: Subtask get_data
[2022-12-04 04:10:52,495] {standard_task_runner.py:52} INFO - Started process 4254 to run task
[2022-12-04 04:10:53,444] {logging_mixin.py:109} INFO - Running <TaskInstance: dag1.get_data scheduled__2022-10-28T04:50:00+00:00 [running]> on host 422c372562ce
[2022-12-04 04:10:53,793] {taskinstance.py:1426} INFO - Exporting the following env vars:
AIRFLOW_CTX_DAG_OWNER=Fadlil
AIRFLOW_CTX_DAG_ID=dag1
AIRFLOW_CTX_TASK_ID=get_data
AIRFLOW_CTX_EXECUTION_DATE=2022-10-28T04:50:00+00:00
AIRFLOW_CTX_DAG_RUN_ID=scheduled__2022-10-28T04:50:00+00:00
[2022-12-04 04:10:54,600] {python.py:175} INFO - Done. Returned value was: None
[2022-12-04 04:10:55,581] {taskinstance.py:1277} INFO - Marking task as SUCCESS. dag_id=dag1, task_id=get_data, execution_date=20221028T045000, start_date=20221204T041052, end_date=20221204T041055
[2022-12-04 04:10:55,875] {local_task_job.py:154} INFO - Task exited with return code 0
[2022-12-04 04:10:56,176] {local_task_job.py:264} INFO - 1 downstream tasks scheduled from follow-on schedule check
