[2022-12-04 10:32:22,284] {taskinstance.py:1032} INFO - Dependencies all met for <TaskInstance: dag1.local_to_gcs_task scheduled__2022-10-31T17:30:00+00:00 [queued]>
[2022-12-04 10:32:22,321] {taskinstance.py:1032} INFO - Dependencies all met for <TaskInstance: dag1.local_to_gcs_task scheduled__2022-10-31T17:30:00+00:00 [queued]>
[2022-12-04 10:32:22,328] {taskinstance.py:1238} INFO - 
--------------------------------------------------------------------------------
[2022-12-04 10:32:22,333] {taskinstance.py:1239} INFO - Starting attempt 1 of 2
[2022-12-04 10:32:22,334] {taskinstance.py:1240} INFO - 
--------------------------------------------------------------------------------
[2022-12-04 10:32:22,396] {taskinstance.py:1259} INFO - Executing <Task(PythonOperator): local_to_gcs_task> on 2022-10-31 17:30:00+00:00
[2022-12-04 10:32:22,405] {standard_task_runner.py:52} INFO - Started process 5617 to run task
[2022-12-04 10:32:22,416] {standard_task_runner.py:76} INFO - Running: ['***', 'tasks', 'run', 'dag1', 'local_to_gcs_task', 'scheduled__2022-10-31T17:30:00+00:00', '--job-id', '3221', '--raw', '--subdir', 'DAGS_FOLDER/AirflowClean2.py', '--cfg-path', '/tmp/tmposegoyvv', '--error-file', '/tmp/tmpz6ee1icr']
[2022-12-04 10:32:22,418] {standard_task_runner.py:77} INFO - Job 3221: Subtask local_to_gcs_task
[2022-12-04 10:32:22,569] {logging_mixin.py:109} INFO - Running <TaskInstance: dag1.local_to_gcs_task scheduled__2022-10-31T17:30:00+00:00 [running]> on host 9e44869ff3ef
[2022-12-04 10:32:22,697] {taskinstance.py:1426} INFO - Exporting the following env vars:
AIRFLOW_CTX_DAG_OWNER=Fadlil
AIRFLOW_CTX_DAG_ID=dag1
AIRFLOW_CTX_TASK_ID=local_to_gcs_task
AIRFLOW_CTX_EXECUTION_DATE=2022-10-31T17:30:00+00:00
AIRFLOW_CTX_DAG_RUN_ID=scheduled__2022-10-31T17:30:00+00:00
[2022-12-04 10:32:23,372] {python.py:175} INFO - Done. Returned value was: None
[2022-12-04 10:32:23,415] {taskinstance.py:1277} INFO - Marking task as SUCCESS. dag_id=dag1, task_id=local_to_gcs_task, execution_date=20221031T173000, start_date=20221204T103222, end_date=20221204T103223
[2022-12-04 10:32:23,568] {local_task_job.py:154} INFO - Task exited with return code 0
[2022-12-04 10:32:24,156] {local_task_job.py:264} INFO - 0 downstream tasks scheduled from follow-on schedule check
