[2022-12-04 10:42:54,540] {taskinstance.py:1032} INFO - Dependencies all met for <TaskInstance: dag1.local_to_gcs_task scheduled__2022-11-01T18:20:00+00:00 [queued]>
[2022-12-04 10:42:54,573] {taskinstance.py:1032} INFO - Dependencies all met for <TaskInstance: dag1.local_to_gcs_task scheduled__2022-11-01T18:20:00+00:00 [queued]>
[2022-12-04 10:42:54,575] {taskinstance.py:1238} INFO - 
--------------------------------------------------------------------------------
[2022-12-04 10:42:54,577] {taskinstance.py:1239} INFO - Starting attempt 1 of 2
[2022-12-04 10:42:54,579] {taskinstance.py:1240} INFO - 
--------------------------------------------------------------------------------
[2022-12-04 10:42:54,883] {taskinstance.py:1259} INFO - Executing <Task(PythonOperator): local_to_gcs_task> on 2022-11-01 18:20:00+00:00
[2022-12-04 10:42:54,954] {standard_task_runner.py:52} INFO - Started process 7685 to run task
[2022-12-04 10:42:54,968] {standard_task_runner.py:76} INFO - Running: ['***', 'tasks', 'run', 'dag1', 'local_to_gcs_task', 'scheduled__2022-11-01T18:20:00+00:00', '--job-id', '3812', '--raw', '--subdir', 'DAGS_FOLDER/AirflowClean2.py', '--cfg-path', '/tmp/tmpqag3oqsv', '--error-file', '/tmp/tmpjjjvq5ny']
[2022-12-04 10:42:54,972] {standard_task_runner.py:77} INFO - Job 3812: Subtask local_to_gcs_task
[2022-12-04 10:42:55,170] {logging_mixin.py:109} INFO - Running <TaskInstance: dag1.local_to_gcs_task scheduled__2022-11-01T18:20:00+00:00 [running]> on host 9e44869ff3ef
[2022-12-04 10:42:55,369] {taskinstance.py:1426} INFO - Exporting the following env vars:
AIRFLOW_CTX_DAG_OWNER=Fadlil
AIRFLOW_CTX_DAG_ID=dag1
AIRFLOW_CTX_TASK_ID=local_to_gcs_task
AIRFLOW_CTX_EXECUTION_DATE=2022-11-01T18:20:00+00:00
AIRFLOW_CTX_DAG_RUN_ID=scheduled__2022-11-01T18:20:00+00:00
[2022-12-04 10:42:56,054] {python.py:175} INFO - Done. Returned value was: None
[2022-12-04 10:42:56,447] {taskinstance.py:1277} INFO - Marking task as SUCCESS. dag_id=dag1, task_id=local_to_gcs_task, execution_date=20221101T182000, start_date=20221204T104254, end_date=20221204T104256
[2022-12-04 10:42:56,530] {local_task_job.py:154} INFO - Task exited with return code 0
[2022-12-04 10:42:56,670] {local_task_job.py:264} INFO - 0 downstream tasks scheduled from follow-on schedule check
