[2022-12-04 09:03:36,771] {taskinstance.py:1032} INFO - Dependencies all met for <TaskInstance: dag1.save_to_csv scheduled__2022-10-29T16:50:00+00:00 [queued]>
[2022-12-04 09:03:36,915] {taskinstance.py:1032} INFO - Dependencies all met for <TaskInstance: dag1.save_to_csv scheduled__2022-10-29T16:50:00+00:00 [queued]>
[2022-12-04 09:03:36,917] {taskinstance.py:1238} INFO - 
--------------------------------------------------------------------------------
[2022-12-04 09:03:36,921] {taskinstance.py:1239} INFO - Starting attempt 1 of 2
[2022-12-04 09:03:36,927] {taskinstance.py:1240} INFO - 
--------------------------------------------------------------------------------
[2022-12-04 09:03:38,403] {taskinstance.py:1259} INFO - Executing <Task(PythonOperator): save_to_csv> on 2022-10-29 16:50:00+00:00
[2022-12-04 09:03:38,453] {standard_task_runner.py:52} INFO - Started process 137 to run task
[2022-12-04 09:03:38,524] {standard_task_runner.py:76} INFO - Running: ['***', 'tasks', 'run', 'dag1', 'save_to_csv', 'scheduled__2022-10-29T16:50:00+00:00', '--job-id', '2169', '--raw', '--subdir', 'DAGS_FOLDER/AirflowClean2.py', '--cfg-path', '/tmp/tmprnkicbn7', '--error-file', '/tmp/tmpvkpxtyvk']
[2022-12-04 09:03:38,533] {standard_task_runner.py:77} INFO - Job 2169: Subtask save_to_csv
[2022-12-04 09:03:39,950] {logging_mixin.py:109} INFO - Running <TaskInstance: dag1.save_to_csv scheduled__2022-10-29T16:50:00+00:00 [running]> on host 422c372562ce
[2022-12-04 09:03:41,511] {taskinstance.py:1426} INFO - Exporting the following env vars:
AIRFLOW_CTX_DAG_OWNER=Fadlil
AIRFLOW_CTX_DAG_ID=dag1
AIRFLOW_CTX_TASK_ID=save_to_csv
AIRFLOW_CTX_EXECUTION_DATE=2022-10-29T16:50:00+00:00
AIRFLOW_CTX_DAG_RUN_ID=scheduled__2022-10-29T16:50:00+00:00
[2022-12-04 09:03:42,306] {python.py:175} INFO - Done. Returned value was: None
[2022-12-04 09:03:42,560] {taskinstance.py:1277} INFO - Marking task as SUCCESS. dag_id=dag1, task_id=save_to_csv, execution_date=20221029T165000, start_date=20221204T090336, end_date=20221204T090342
[2022-12-04 09:03:42,782] {local_task_job.py:154} INFO - Task exited with return code 0
[2022-12-04 09:03:43,330] {local_task_job.py:264} INFO - 0 downstream tasks scheduled from follow-on schedule check
