[2022-12-03 17:42:17,129] {taskinstance.py:1032} INFO - Dependencies all met for <TaskInstance: dag1.save_to_csv scheduled__2022-10-26T12:20:00+00:00 [queued]>
[2022-12-03 17:42:17,302] {taskinstance.py:1032} INFO - Dependencies all met for <TaskInstance: dag1.save_to_csv scheduled__2022-10-26T12:20:00+00:00 [queued]>
[2022-12-03 17:42:17,312] {taskinstance.py:1238} INFO - 
--------------------------------------------------------------------------------
[2022-12-03 17:42:17,315] {taskinstance.py:1239} INFO - Starting attempt 1 of 2
[2022-12-03 17:42:17,318] {taskinstance.py:1240} INFO - 
--------------------------------------------------------------------------------
[2022-12-03 17:42:17,525] {taskinstance.py:1259} INFO - Executing <Task(PythonOperator): save_to_csv> on 2022-10-26 12:20:00+00:00
[2022-12-03 17:42:17,603] {standard_task_runner.py:52} INFO - Started process 282 to run task
[2022-12-03 17:42:17,654] {standard_task_runner.py:76} INFO - Running: ['***', 'tasks', 'run', 'dag1', 'save_to_csv', 'scheduled__2022-10-26T12:20:00+00:00', '--job-id', '285', '--raw', '--subdir', 'DAGS_FOLDER/AirflowClean2.py', '--cfg-path', '/tmp/tmpo8nlvzvq', '--error-file', '/tmp/tmps8osd1c9']
[2022-12-03 17:42:17,662] {standard_task_runner.py:77} INFO - Job 285: Subtask save_to_csv
[2022-12-03 17:42:18,256] {logging_mixin.py:109} INFO - Running <TaskInstance: dag1.save_to_csv scheduled__2022-10-26T12:20:00+00:00 [running]> on host 422c372562ce
[2022-12-03 17:42:18,460] {taskinstance.py:1426} INFO - Exporting the following env vars:
AIRFLOW_CTX_DAG_OWNER=Fadlil
AIRFLOW_CTX_DAG_ID=dag1
AIRFLOW_CTX_TASK_ID=save_to_csv
AIRFLOW_CTX_EXECUTION_DATE=2022-10-26T12:20:00+00:00
AIRFLOW_CTX_DAG_RUN_ID=scheduled__2022-10-26T12:20:00+00:00
[2022-12-03 17:42:18,635] {python.py:175} INFO - Done. Returned value was: None
[2022-12-03 17:42:18,949] {taskinstance.py:1277} INFO - Marking task as SUCCESS. dag_id=dag1, task_id=save_to_csv, execution_date=20221026T122000, start_date=20221203T174217, end_date=20221203T174218
[2022-12-03 17:42:19,150] {local_task_job.py:154} INFO - Task exited with return code 0
[2022-12-03 17:42:19,264] {local_task_job.py:264} INFO - 1 downstream tasks scheduled from follow-on schedule check
