[2022-12-04 11:01:26,121] {taskinstance.py:1032} INFO - Dependencies all met for <TaskInstance: dag1.local_to_gcs_task scheduled__2022-11-03T17:10:00+00:00 [queued]>
[2022-12-04 11:01:26,226] {taskinstance.py:1032} INFO - Dependencies all met for <TaskInstance: dag1.local_to_gcs_task scheduled__2022-11-03T17:10:00+00:00 [queued]>
[2022-12-04 11:01:26,247] {taskinstance.py:1238} INFO - 
--------------------------------------------------------------------------------
[2022-12-04 11:01:26,248] {taskinstance.py:1239} INFO - Starting attempt 1 of 2
[2022-12-04 11:01:26,249] {taskinstance.py:1240} INFO - 
--------------------------------------------------------------------------------
[2022-12-04 11:01:26,374] {taskinstance.py:1259} INFO - Executing <Task(PythonOperator): local_to_gcs_task> on 2022-11-03 17:10:00+00:00
[2022-12-04 11:01:26,383] {standard_task_runner.py:52} INFO - Started process 11691 to run task
[2022-12-04 11:01:26,407] {standard_task_runner.py:76} INFO - Running: ['***', 'tasks', 'run', 'dag1', 'local_to_gcs_task', 'scheduled__2022-11-03T17:10:00+00:00', '--job-id', '4965', '--raw', '--subdir', 'DAGS_FOLDER/AirflowClean2.py', '--cfg-path', '/tmp/tmppnvu4bma', '--error-file', '/tmp/tmp28iv3u7s']
[2022-12-04 11:01:26,419] {standard_task_runner.py:77} INFO - Job 4965: Subtask local_to_gcs_task
[2022-12-04 11:01:26,723] {logging_mixin.py:109} INFO - Running <TaskInstance: dag1.local_to_gcs_task scheduled__2022-11-03T17:10:00+00:00 [running]> on host 9e44869ff3ef
[2022-12-04 11:01:27,319] {taskinstance.py:1426} INFO - Exporting the following env vars:
AIRFLOW_CTX_DAG_OWNER=Fadlil
AIRFLOW_CTX_DAG_ID=dag1
AIRFLOW_CTX_TASK_ID=local_to_gcs_task
AIRFLOW_CTX_EXECUTION_DATE=2022-11-03T17:10:00+00:00
AIRFLOW_CTX_DAG_RUN_ID=scheduled__2022-11-03T17:10:00+00:00
[2022-12-04 11:01:28,282] {python.py:175} INFO - Done. Returned value was: None
[2022-12-04 11:01:29,057] {taskinstance.py:1277} INFO - Marking task as SUCCESS. dag_id=dag1, task_id=local_to_gcs_task, execution_date=20221103T171000, start_date=20221204T110126, end_date=20221204T110129
[2022-12-04 11:01:29,253] {local_task_job.py:154} INFO - Task exited with return code 0
[2022-12-04 11:01:29,539] {local_task_job.py:264} INFO - 0 downstream tasks scheduled from follow-on schedule check
