[2022-12-04 15:16:23,182] {taskinstance.py:1032} INFO - Dependencies all met for <TaskInstance: dag1.save_to_parquet scheduled__2022-11-09T10:20:00+00:00 [queued]>
[2022-12-04 15:16:23,203] {taskinstance.py:1032} INFO - Dependencies all met for <TaskInstance: dag1.save_to_parquet scheduled__2022-11-09T10:20:00+00:00 [queued]>
[2022-12-04 15:16:23,203] {taskinstance.py:1238} INFO - 
--------------------------------------------------------------------------------
[2022-12-04 15:16:23,204] {taskinstance.py:1239} INFO - Starting attempt 1 of 2
[2022-12-04 15:16:23,204] {taskinstance.py:1240} INFO - 
--------------------------------------------------------------------------------
[2022-12-04 15:16:23,231] {taskinstance.py:1259} INFO - Executing <Task(PythonOperator): save_to_parquet> on 2022-11-09 10:20:00+00:00
[2022-12-04 15:16:23,240] {standard_task_runner.py:52} INFO - Started process 14455 to run task
[2022-12-04 15:16:23,247] {standard_task_runner.py:76} INFO - Running: ['***', 'tasks', 'run', 'dag1', 'save_to_parquet', 'scheduled__2022-11-09T10:20:00+00:00', '--job-id', '9732', '--raw', '--subdir', 'DAGS_FOLDER/AirflowClean2.py', '--cfg-path', '/tmp/tmpsb31nr8z', '--error-file', '/tmp/tmp3_84dba6']
[2022-12-04 15:16:23,249] {standard_task_runner.py:77} INFO - Job 9732: Subtask save_to_parquet
[2022-12-04 15:16:23,355] {logging_mixin.py:109} INFO - Running <TaskInstance: dag1.save_to_parquet scheduled__2022-11-09T10:20:00+00:00 [running]> on host 7a020590adae
[2022-12-04 15:16:23,577] {taskinstance.py:1426} INFO - Exporting the following env vars:
AIRFLOW_CTX_DAG_OWNER=Fadlil
AIRFLOW_CTX_DAG_ID=dag1
AIRFLOW_CTX_TASK_ID=save_to_parquet
AIRFLOW_CTX_EXECUTION_DATE=2022-11-09T10:20:00+00:00
AIRFLOW_CTX_DAG_RUN_ID=scheduled__2022-11-09T10:20:00+00:00
[2022-12-04 15:16:23,644] {python.py:175} INFO - Done. Returned value was: None
[2022-12-04 15:16:23,671] {taskinstance.py:1277} INFO - Marking task as SUCCESS. dag_id=dag1, task_id=save_to_parquet, execution_date=20221109T102000, start_date=20221204T151623, end_date=20221204T151623
[2022-12-04 15:16:23,753] {local_task_job.py:154} INFO - Task exited with return code 0
[2022-12-04 15:16:24,335] {local_task_job.py:264} INFO - 0 downstream tasks scheduled from follow-on schedule check
