[2022-12-04 11:00:58,936] {taskinstance.py:1032} INFO - Dependencies all met for <TaskInstance: dag1.get_data scheduled__2022-11-03T17:00:00+00:00 [queued]>
[2022-12-04 11:00:58,959] {taskinstance.py:1032} INFO - Dependencies all met for <TaskInstance: dag1.get_data scheduled__2022-11-03T17:00:00+00:00 [queued]>
[2022-12-04 11:00:58,960] {taskinstance.py:1238} INFO - 
--------------------------------------------------------------------------------
[2022-12-04 11:00:58,960] {taskinstance.py:1239} INFO - Starting attempt 1 of 2
[2022-12-04 11:00:58,961] {taskinstance.py:1240} INFO - 
--------------------------------------------------------------------------------
[2022-12-04 11:00:59,004] {taskinstance.py:1259} INFO - Executing <Task(PythonOperator): get_data> on 2022-11-03 17:00:00+00:00
[2022-12-04 11:00:59,011] {standard_task_runner.py:52} INFO - Started process 11568 to run task
[2022-12-04 11:00:59,033] {standard_task_runner.py:76} INFO - Running: ['***', 'tasks', 'run', 'dag1', 'get_data', 'scheduled__2022-11-03T17:00:00+00:00', '--job-id', '4934', '--raw', '--subdir', 'DAGS_FOLDER/AirflowClean2.py', '--cfg-path', '/tmp/tmpyc1ig3f5', '--error-file', '/tmp/tmp2mvy0mh7']
[2022-12-04 11:00:59,035] {standard_task_runner.py:77} INFO - Job 4934: Subtask get_data
[2022-12-04 11:00:59,276] {logging_mixin.py:109} INFO - Running <TaskInstance: dag1.get_data scheduled__2022-11-03T17:00:00+00:00 [running]> on host 9e44869ff3ef
[2022-12-04 11:00:59,491] {taskinstance.py:1426} INFO - Exporting the following env vars:
AIRFLOW_CTX_DAG_OWNER=Fadlil
AIRFLOW_CTX_DAG_ID=dag1
AIRFLOW_CTX_TASK_ID=get_data
AIRFLOW_CTX_EXECUTION_DATE=2022-11-03T17:00:00+00:00
AIRFLOW_CTX_DAG_RUN_ID=scheduled__2022-11-03T17:00:00+00:00
[2022-12-04 11:01:00,781] {python.py:175} INFO - Done. Returned value was: None
[2022-12-04 11:01:00,976] {taskinstance.py:1277} INFO - Marking task as SUCCESS. dag_id=dag1, task_id=get_data, execution_date=20221103T170000, start_date=20221204T110058, end_date=20221204T110100
[2022-12-04 11:01:01,144] {local_task_job.py:154} INFO - Task exited with return code 0
[2022-12-04 11:01:01,383] {local_task_job.py:264} INFO - 1 downstream tasks scheduled from follow-on schedule check
