[2022-12-04 10:43:57,506] {taskinstance.py:1032} INFO - Dependencies all met for <TaskInstance: dag1.get_data scheduled__2022-11-01T20:50:00+00:00 [queued]>
[2022-12-04 10:43:57,519] {taskinstance.py:1032} INFO - Dependencies all met for <TaskInstance: dag1.get_data scheduled__2022-11-01T20:50:00+00:00 [queued]>
[2022-12-04 10:43:57,519] {taskinstance.py:1238} INFO - 
--------------------------------------------------------------------------------
[2022-12-04 10:43:57,520] {taskinstance.py:1239} INFO - Starting attempt 1 of 2
[2022-12-04 10:43:57,521] {taskinstance.py:1240} INFO - 
--------------------------------------------------------------------------------
[2022-12-04 10:43:57,537] {taskinstance.py:1259} INFO - Executing <Task(PythonOperator): get_data> on 2022-11-01 20:50:00+00:00
[2022-12-04 10:43:57,543] {standard_task_runner.py:52} INFO - Started process 7884 to run task
[2022-12-04 10:43:57,547] {standard_task_runner.py:76} INFO - Running: ['***', 'tasks', 'run', 'dag1', 'get_data', 'scheduled__2022-11-01T20:50:00+00:00', '--job-id', '3869', '--raw', '--subdir', 'DAGS_FOLDER/AirflowClean2.py', '--cfg-path', '/tmp/tmp_potjv5u', '--error-file', '/tmp/tmp532la_fy']
[2022-12-04 10:43:57,549] {standard_task_runner.py:77} INFO - Job 3869: Subtask get_data
[2022-12-04 10:43:57,620] {logging_mixin.py:109} INFO - Running <TaskInstance: dag1.get_data scheduled__2022-11-01T20:50:00+00:00 [running]> on host 9e44869ff3ef
[2022-12-04 10:43:57,692] {taskinstance.py:1426} INFO - Exporting the following env vars:
AIRFLOW_CTX_DAG_OWNER=Fadlil
AIRFLOW_CTX_DAG_ID=dag1
AIRFLOW_CTX_TASK_ID=get_data
AIRFLOW_CTX_EXECUTION_DATE=2022-11-01T20:50:00+00:00
AIRFLOW_CTX_DAG_RUN_ID=scheduled__2022-11-01T20:50:00+00:00
[2022-12-04 10:43:58,369] {python.py:175} INFO - Done. Returned value was: None
[2022-12-04 10:43:58,633] {taskinstance.py:1277} INFO - Marking task as SUCCESS. dag_id=dag1, task_id=get_data, execution_date=20221101T205000, start_date=20221204T104357, end_date=20221204T104358
[2022-12-04 10:43:58,688] {local_task_job.py:154} INFO - Task exited with return code 0
[2022-12-04 10:43:58,771] {local_task_job.py:264} INFO - 1 downstream tasks scheduled from follow-on schedule check
