[2022-12-04 11:06:38,866] {taskinstance.py:1032} INFO - Dependencies all met for <TaskInstance: dag1.save_to_parquet scheduled__2022-11-04T06:50:00+00:00 [queued]>
[2022-12-04 11:06:39,045] {taskinstance.py:1032} INFO - Dependencies all met for <TaskInstance: dag1.save_to_parquet scheduled__2022-11-04T06:50:00+00:00 [queued]>
[2022-12-04 11:06:39,053] {taskinstance.py:1238} INFO - 
--------------------------------------------------------------------------------
[2022-12-04 11:06:39,055] {taskinstance.py:1239} INFO - Starting attempt 1 of 2
[2022-12-04 11:06:39,056] {taskinstance.py:1240} INFO - 
--------------------------------------------------------------------------------
[2022-12-04 11:06:39,145] {taskinstance.py:1259} INFO - Executing <Task(PythonOperator): save_to_parquet> on 2022-11-04 06:50:00+00:00
[2022-12-04 11:06:39,152] {standard_task_runner.py:52} INFO - Started process 12787 to run task
[2022-12-04 11:06:39,162] {standard_task_runner.py:76} INFO - Running: ['***', 'tasks', 'run', 'dag1', 'save_to_parquet', 'scheduled__2022-11-04T06:50:00+00:00', '--job-id', '5285', '--raw', '--subdir', 'DAGS_FOLDER/AirflowClean2.py', '--cfg-path', '/tmp/tmpb09kk5yz', '--error-file', '/tmp/tmpvt_qnzwc']
[2022-12-04 11:06:39,195] {standard_task_runner.py:77} INFO - Job 5285: Subtask save_to_parquet
[2022-12-04 11:06:40,245] {logging_mixin.py:109} INFO - Running <TaskInstance: dag1.save_to_parquet scheduled__2022-11-04T06:50:00+00:00 [running]> on host 9e44869ff3ef
[2022-12-04 11:06:40,469] {taskinstance.py:1426} INFO - Exporting the following env vars:
AIRFLOW_CTX_DAG_OWNER=Fadlil
AIRFLOW_CTX_DAG_ID=dag1
AIRFLOW_CTX_TASK_ID=save_to_parquet
AIRFLOW_CTX_EXECUTION_DATE=2022-11-04T06:50:00+00:00
AIRFLOW_CTX_DAG_RUN_ID=scheduled__2022-11-04T06:50:00+00:00
[2022-12-04 11:06:40,633] {python.py:175} INFO - Done. Returned value was: None
[2022-12-04 11:06:40,668] {taskinstance.py:1277} INFO - Marking task as SUCCESS. dag_id=dag1, task_id=save_to_parquet, execution_date=20221104T065000, start_date=20221204T110638, end_date=20221204T110640
[2022-12-04 11:06:40,858] {local_task_job.py:154} INFO - Task exited with return code 0
[2022-12-04 11:06:41,527] {local_task_job.py:264} INFO - 0 downstream tasks scheduled from follow-on schedule check
