[2022-12-04 17:22:17,526] {taskinstance.py:1032} INFO - Dependencies all met for <TaskInstance: dag1.get_data scheduled__2022-11-10T05:10:00+00:00 [queued]>
[2022-12-04 17:22:17,560] {taskinstance.py:1032} INFO - Dependencies all met for <TaskInstance: dag1.get_data scheduled__2022-11-10T05:10:00+00:00 [queued]>
[2022-12-04 17:22:17,560] {taskinstance.py:1238} INFO - 
--------------------------------------------------------------------------------
[2022-12-04 17:22:17,561] {taskinstance.py:1239} INFO - Starting attempt 1 of 2
[2022-12-04 17:22:17,567] {taskinstance.py:1240} INFO - 
--------------------------------------------------------------------------------
[2022-12-04 17:22:17,600] {taskinstance.py:1259} INFO - Executing <Task(PythonOperator): get_data> on 2022-11-10 05:10:00+00:00
[2022-12-04 17:22:17,608] {standard_task_runner.py:52} INFO - Started process 17919 to run task
[2022-12-04 17:22:17,619] {standard_task_runner.py:76} INFO - Running: ['***', 'tasks', 'run', 'dag1', 'get_data', 'scheduled__2022-11-10T05:10:00+00:00', '--job-id', '10447', '--raw', '--subdir', 'DAGS_FOLDER/AirflowClean2.py', '--cfg-path', '/tmp/tmpd0iw0yba', '--error-file', '/tmp/tmpjzc1b5ba']
[2022-12-04 17:22:17,620] {standard_task_runner.py:77} INFO - Job 10447: Subtask get_data
[2022-12-04 17:22:17,743] {logging_mixin.py:109} INFO - Running <TaskInstance: dag1.get_data scheduled__2022-11-10T05:10:00+00:00 [running]> on host 7a020590adae
[2022-12-04 17:22:17,850] {taskinstance.py:1426} INFO - Exporting the following env vars:
AIRFLOW_CTX_DAG_OWNER=Fadlil
AIRFLOW_CTX_DAG_ID=dag1
AIRFLOW_CTX_TASK_ID=get_data
AIRFLOW_CTX_EXECUTION_DATE=2022-11-10T05:10:00+00:00
AIRFLOW_CTX_DAG_RUN_ID=scheduled__2022-11-10T05:10:00+00:00
[2022-12-04 17:22:18,695] {python.py:175} INFO - Done. Returned value was: None
[2022-12-04 17:22:18,763] {taskinstance.py:1277} INFO - Marking task as SUCCESS. dag_id=dag1, task_id=get_data, execution_date=20221110T051000, start_date=20221204T172217, end_date=20221204T172218
[2022-12-04 17:22:18,862] {local_task_job.py:154} INFO - Task exited with return code 0
[2022-12-04 17:22:18,949] {local_task_job.py:264} INFO - 1 downstream tasks scheduled from follow-on schedule check
