[2022-12-04 11:47:41,028] {taskinstance.py:1032} INFO - Dependencies all met for <TaskInstance: dag1.local_to_gcs_task scheduled__2022-11-05T03:00:00+00:00 [queued]>
[2022-12-04 11:47:41,095] {taskinstance.py:1032} INFO - Dependencies all met for <TaskInstance: dag1.local_to_gcs_task scheduled__2022-11-05T03:00:00+00:00 [queued]>
[2022-12-04 11:47:41,103] {taskinstance.py:1238} INFO - 
--------------------------------------------------------------------------------
[2022-12-04 11:47:41,106] {taskinstance.py:1239} INFO - Starting attempt 1 of 2
[2022-12-04 11:47:41,107] {taskinstance.py:1240} INFO - 
--------------------------------------------------------------------------------
[2022-12-04 11:47:41,324] {taskinstance.py:1259} INFO - Executing <Task(PythonOperator): local_to_gcs_task> on 2022-11-05 03:00:00+00:00
[2022-12-04 11:47:41,386] {standard_task_runner.py:52} INFO - Started process 15179 to run task
[2022-12-04 11:47:41,444] {standard_task_runner.py:76} INFO - Running: ['***', 'tasks', 'run', 'dag1', 'local_to_gcs_task', 'scheduled__2022-11-05T03:00:00+00:00', '--job-id', '5872', '--raw', '--subdir', 'DAGS_FOLDER/AirflowClean2.py', '--cfg-path', '/tmp/tmpu6wuxuhv', '--error-file', '/tmp/tmpqil0j06p']
[2022-12-04 11:47:41,463] {standard_task_runner.py:77} INFO - Job 5872: Subtask local_to_gcs_task
[2022-12-04 11:47:42,259] {logging_mixin.py:109} INFO - Running <TaskInstance: dag1.local_to_gcs_task scheduled__2022-11-05T03:00:00+00:00 [running]> on host 9e44869ff3ef
[2022-12-04 11:47:42,756] {taskinstance.py:1426} INFO - Exporting the following env vars:
AIRFLOW_CTX_DAG_OWNER=Fadlil
AIRFLOW_CTX_DAG_ID=dag1
AIRFLOW_CTX_TASK_ID=local_to_gcs_task
AIRFLOW_CTX_EXECUTION_DATE=2022-11-05T03:00:00+00:00
AIRFLOW_CTX_DAG_RUN_ID=scheduled__2022-11-05T03:00:00+00:00
[2022-12-04 11:47:43,689] {python.py:175} INFO - Done. Returned value was: None
[2022-12-04 11:47:43,785] {taskinstance.py:1277} INFO - Marking task as SUCCESS. dag_id=dag1, task_id=local_to_gcs_task, execution_date=20221105T030000, start_date=20221204T114741, end_date=20221204T114743
[2022-12-04 11:47:43,965] {local_task_job.py:154} INFO - Task exited with return code 0
[2022-12-04 11:47:44,829] {local_task_job.py:264} INFO - 1 downstream tasks scheduled from follow-on schedule check
