[2022-12-04 02:48:07,496] {taskinstance.py:1032} INFO - Dependencies all met for <TaskInstance: dag1.save_to_csv scheduled__2022-10-27T00:30:00+00:00 [queued]>
[2022-12-04 02:48:08,271] {taskinstance.py:1032} INFO - Dependencies all met for <TaskInstance: dag1.save_to_csv scheduled__2022-10-27T00:30:00+00:00 [queued]>
[2022-12-04 02:48:08,281] {taskinstance.py:1238} INFO - 
--------------------------------------------------------------------------------
[2022-12-04 02:48:08,283] {taskinstance.py:1239} INFO - Starting attempt 1 of 2
[2022-12-04 02:48:08,654] {taskinstance.py:1240} INFO - 
--------------------------------------------------------------------------------
[2022-12-04 02:48:08,996] {taskinstance.py:1259} INFO - Executing <Task(PythonOperator): save_to_csv> on 2022-10-27 00:30:00+00:00
[2022-12-04 02:48:09,266] {standard_task_runner.py:76} INFO - Running: ['***', 'tasks', 'run', 'dag1', 'save_to_csv', 'scheduled__2022-10-27T00:30:00+00:00', '--job-id', '616', '--raw', '--subdir', 'DAGS_FOLDER/AirflowClean2.py', '--cfg-path', '/tmp/tmpm2v_rsy9', '--error-file', '/tmp/tmpmamch9un']
[2022-12-04 02:48:09,238] {standard_task_runner.py:52} INFO - Started process 200 to run task
[2022-12-04 02:48:09,412] {standard_task_runner.py:77} INFO - Job 616: Subtask save_to_csv
[2022-12-04 02:48:10,605] {logging_mixin.py:109} INFO - Running <TaskInstance: dag1.save_to_csv scheduled__2022-10-27T00:30:00+00:00 [running]> on host 422c372562ce
[2022-12-04 02:48:12,980] {taskinstance.py:1426} INFO - Exporting the following env vars:
AIRFLOW_CTX_DAG_OWNER=Fadlil
AIRFLOW_CTX_DAG_ID=dag1
AIRFLOW_CTX_TASK_ID=save_to_csv
AIRFLOW_CTX_EXECUTION_DATE=2022-10-27T00:30:00+00:00
AIRFLOW_CTX_DAG_RUN_ID=scheduled__2022-10-27T00:30:00+00:00
[2022-12-04 02:48:13,681] {python.py:175} INFO - Done. Returned value was: None
[2022-12-04 02:48:13,817] {taskinstance.py:1277} INFO - Marking task as SUCCESS. dag_id=dag1, task_id=save_to_csv, execution_date=20221027T003000, start_date=20221204T024808, end_date=20221204T024813
[2022-12-04 02:48:14,914] {local_task_job.py:154} INFO - Task exited with return code 0
[2022-12-04 02:48:16,155] {local_task_job.py:264} INFO - 0 downstream tasks scheduled from follow-on schedule check
