[2022-12-04 13:22:25,034] {taskinstance.py:1032} INFO - Dependencies all met for <TaskInstance: dag1.save_to_csv scheduled__2022-11-07T01:20:00+00:00 [queued]>
[2022-12-04 13:22:25,083] {taskinstance.py:1032} INFO - Dependencies all met for <TaskInstance: dag1.save_to_csv scheduled__2022-11-07T01:20:00+00:00 [queued]>
[2022-12-04 13:22:25,084] {taskinstance.py:1238} INFO - 
--------------------------------------------------------------------------------
[2022-12-04 13:22:25,084] {taskinstance.py:1239} INFO - Starting attempt 1 of 2
[2022-12-04 13:22:25,085] {taskinstance.py:1240} INFO - 
--------------------------------------------------------------------------------
[2022-12-04 13:22:25,158] {taskinstance.py:1259} INFO - Executing <Task(PythonOperator): save_to_csv> on 2022-11-07 01:20:00+00:00
[2022-12-04 13:22:25,176] {standard_task_runner.py:52} INFO - Started process 3999 to run task
[2022-12-04 13:22:25,197] {standard_task_runner.py:76} INFO - Running: ['***', 'tasks', 'run', 'dag1', 'save_to_csv', 'scheduled__2022-11-07T01:20:00+00:00', '--job-id', '7541', '--raw', '--subdir', 'DAGS_FOLDER/AirflowClean2.py', '--cfg-path', '/tmp/tmpraqbr_d8', '--error-file', '/tmp/tmp6oiatbly']
[2022-12-04 13:22:25,202] {standard_task_runner.py:77} INFO - Job 7541: Subtask save_to_csv
[2022-12-04 13:22:25,462] {logging_mixin.py:109} INFO - Running <TaskInstance: dag1.save_to_csv scheduled__2022-11-07T01:20:00+00:00 [running]> on host 7a020590adae
[2022-12-04 13:22:25,763] {taskinstance.py:1426} INFO - Exporting the following env vars:
AIRFLOW_CTX_DAG_OWNER=Fadlil
AIRFLOW_CTX_DAG_ID=dag1
AIRFLOW_CTX_TASK_ID=save_to_csv
AIRFLOW_CTX_EXECUTION_DATE=2022-11-07T01:20:00+00:00
AIRFLOW_CTX_DAG_RUN_ID=scheduled__2022-11-07T01:20:00+00:00
[2022-12-04 13:22:25,875] {python.py:175} INFO - Done. Returned value was: None
[2022-12-04 13:22:25,925] {taskinstance.py:1277} INFO - Marking task as SUCCESS. dag_id=dag1, task_id=save_to_csv, execution_date=20221107T012000, start_date=20221204T132225, end_date=20221204T132225
[2022-12-04 13:22:26,024] {local_task_job.py:154} INFO - Task exited with return code 0
[2022-12-04 13:22:26,171] {local_task_job.py:264} INFO - 1 downstream tasks scheduled from follow-on schedule check
