[2022-12-04 11:07:39,371] {taskinstance.py:1032} INFO - Dependencies all met for <TaskInstance: dag1.save_to_csv scheduled__2022-11-04T10:00:00+00:00 [queued]>
[2022-12-04 11:07:39,466] {taskinstance.py:1032} INFO - Dependencies all met for <TaskInstance: dag1.save_to_csv scheduled__2022-11-04T10:00:00+00:00 [queued]>
[2022-12-04 11:07:39,473] {taskinstance.py:1238} INFO - 
--------------------------------------------------------------------------------
[2022-12-04 11:07:39,476] {taskinstance.py:1239} INFO - Starting attempt 1 of 2
[2022-12-04 11:07:39,479] {taskinstance.py:1240} INFO - 
--------------------------------------------------------------------------------
[2022-12-04 11:07:39,565] {taskinstance.py:1259} INFO - Executing <Task(PythonOperator): save_to_csv> on 2022-11-04 10:00:00+00:00
[2022-12-04 11:07:39,599] {standard_task_runner.py:52} INFO - Started process 12999 to run task
[2022-12-04 11:07:39,652] {standard_task_runner.py:76} INFO - Running: ['***', 'tasks', 'run', 'dag1', 'save_to_csv', 'scheduled__2022-11-04T10:00:00+00:00', '--job-id', '5346', '--raw', '--subdir', 'DAGS_FOLDER/AirflowClean2.py', '--cfg-path', '/tmp/tmpzci0fkae', '--error-file', '/tmp/tmptl0ipoow']
[2022-12-04 11:07:39,683] {standard_task_runner.py:77} INFO - Job 5346: Subtask save_to_csv
[2022-12-04 11:07:40,175] {logging_mixin.py:109} INFO - Running <TaskInstance: dag1.save_to_csv scheduled__2022-11-04T10:00:00+00:00 [running]> on host 9e44869ff3ef
[2022-12-04 11:07:40,532] {taskinstance.py:1426} INFO - Exporting the following env vars:
AIRFLOW_CTX_DAG_OWNER=Fadlil
AIRFLOW_CTX_DAG_ID=dag1
AIRFLOW_CTX_TASK_ID=save_to_csv
AIRFLOW_CTX_EXECUTION_DATE=2022-11-04T10:00:00+00:00
AIRFLOW_CTX_DAG_RUN_ID=scheduled__2022-11-04T10:00:00+00:00
[2022-12-04 11:07:41,611] {python.py:175} INFO - Done. Returned value was: None
[2022-12-04 11:07:42,511] {taskinstance.py:1277} INFO - Marking task as SUCCESS. dag_id=dag1, task_id=save_to_csv, execution_date=20221104T100000, start_date=20221204T110739, end_date=20221204T110742
[2022-12-04 11:07:42,785] {local_task_job.py:154} INFO - Task exited with return code 0
[2022-12-04 11:07:43,899] {local_task_job.py:264} INFO - 0 downstream tasks scheduled from follow-on schedule check
