[2022-12-04 14:20:43,520] {taskinstance.py:1032} INFO - Dependencies all met for <TaskInstance: dag1.get_data scheduled__2022-11-08T06:20:00+00:00 [queued]>
[2022-12-04 14:20:43,541] {taskinstance.py:1032} INFO - Dependencies all met for <TaskInstance: dag1.get_data scheduled__2022-11-08T06:20:00+00:00 [queued]>
[2022-12-04 14:20:43,541] {taskinstance.py:1238} INFO - 
--------------------------------------------------------------------------------
[2022-12-04 14:20:43,542] {taskinstance.py:1239} INFO - Starting attempt 1 of 2
[2022-12-04 14:20:43,542] {taskinstance.py:1240} INFO - 
--------------------------------------------------------------------------------
[2022-12-04 14:20:43,563] {taskinstance.py:1259} INFO - Executing <Task(PythonOperator): get_data> on 2022-11-08 06:20:00+00:00
[2022-12-04 14:20:43,573] {standard_task_runner.py:52} INFO - Started process 9272 to run task
[2022-12-04 14:20:43,578] {standard_task_runner.py:76} INFO - Running: ['***', 'tasks', 'run', 'dag1', 'get_data', 'scheduled__2022-11-08T06:20:00+00:00', '--job-id', '8654', '--raw', '--subdir', 'DAGS_FOLDER/AirflowClean2.py', '--cfg-path', '/tmp/tmpis5t0vh_', '--error-file', '/tmp/tmpfosbalq1']
[2022-12-04 14:20:43,580] {standard_task_runner.py:77} INFO - Job 8654: Subtask get_data
[2022-12-04 14:20:43,699] {logging_mixin.py:109} INFO - Running <TaskInstance: dag1.get_data scheduled__2022-11-08T06:20:00+00:00 [running]> on host 7a020590adae
[2022-12-04 14:20:43,781] {taskinstance.py:1426} INFO - Exporting the following env vars:
AIRFLOW_CTX_DAG_OWNER=Fadlil
AIRFLOW_CTX_DAG_ID=dag1
AIRFLOW_CTX_TASK_ID=get_data
AIRFLOW_CTX_EXECUTION_DATE=2022-11-08T06:20:00+00:00
AIRFLOW_CTX_DAG_RUN_ID=scheduled__2022-11-08T06:20:00+00:00
[2022-12-04 14:20:44,749] {python.py:175} INFO - Done. Returned value was: None
[2022-12-04 14:20:45,082] {taskinstance.py:1277} INFO - Marking task as SUCCESS. dag_id=dag1, task_id=get_data, execution_date=20221108T062000, start_date=20221204T142043, end_date=20221204T142045
[2022-12-04 14:20:45,120] {local_task_job.py:154} INFO - Task exited with return code 0
[2022-12-04 14:20:45,180] {local_task_job.py:264} INFO - 1 downstream tasks scheduled from follow-on schedule check
