[2022-12-04 09:03:39,024] {taskinstance.py:1032} INFO - Dependencies all met for <TaskInstance: dag1.save_to_csv scheduled__2022-10-29T16:30:00+00:00 [queued]>
[2022-12-04 09:03:39,061] {taskinstance.py:1032} INFO - Dependencies all met for <TaskInstance: dag1.save_to_csv scheduled__2022-10-29T16:30:00+00:00 [queued]>
[2022-12-04 09:03:39,061] {taskinstance.py:1238} INFO - 
--------------------------------------------------------------------------------
[2022-12-04 09:03:39,062] {taskinstance.py:1239} INFO - Starting attempt 1 of 2
[2022-12-04 09:03:39,062] {taskinstance.py:1240} INFO - 
--------------------------------------------------------------------------------
[2022-12-04 09:03:39,780] {taskinstance.py:1259} INFO - Executing <Task(PythonOperator): save_to_csv> on 2022-10-29 16:30:00+00:00
[2022-12-04 09:03:39,819] {standard_task_runner.py:52} INFO - Started process 140 to run task
[2022-12-04 09:03:39,844] {standard_task_runner.py:76} INFO - Running: ['***', 'tasks', 'run', 'dag1', 'save_to_csv', 'scheduled__2022-10-29T16:30:00+00:00', '--job-id', '2176', '--raw', '--subdir', 'DAGS_FOLDER/AirflowClean2.py', '--cfg-path', '/tmp/tmpej9t_5dt', '--error-file', '/tmp/tmpex580m49']
[2022-12-04 09:03:39,850] {standard_task_runner.py:77} INFO - Job 2176: Subtask save_to_csv
[2022-12-04 09:03:40,277] {logging_mixin.py:109} INFO - Running <TaskInstance: dag1.save_to_csv scheduled__2022-10-29T16:30:00+00:00 [running]> on host 422c372562ce
[2022-12-04 09:03:42,320] {taskinstance.py:1426} INFO - Exporting the following env vars:
AIRFLOW_CTX_DAG_OWNER=Fadlil
AIRFLOW_CTX_DAG_ID=dag1
AIRFLOW_CTX_TASK_ID=save_to_csv
AIRFLOW_CTX_EXECUTION_DATE=2022-10-29T16:30:00+00:00
AIRFLOW_CTX_DAG_RUN_ID=scheduled__2022-10-29T16:30:00+00:00
[2022-12-04 09:03:42,829] {python.py:175} INFO - Done. Returned value was: None
[2022-12-04 09:03:43,258] {taskinstance.py:1277} INFO - Marking task as SUCCESS. dag_id=dag1, task_id=save_to_csv, execution_date=20221029T163000, start_date=20221204T090339, end_date=20221204T090343
[2022-12-04 09:03:43,370] {local_task_job.py:154} INFO - Task exited with return code 0
[2022-12-04 09:03:43,830] {local_task_job.py:264} INFO - 1 downstream tasks scheduled from follow-on schedule check
