[2022-12-04 11:30:19,269] {taskinstance.py:1032} INFO - Dependencies all met for <TaskInstance: dag1.save_to_csv scheduled__2022-11-04T12:30:00+00:00 [queued]>
[2022-12-04 11:30:19,353] {taskinstance.py:1032} INFO - Dependencies all met for <TaskInstance: dag1.save_to_csv scheduled__2022-11-04T12:30:00+00:00 [queued]>
[2022-12-04 11:30:19,354] {taskinstance.py:1238} INFO - 
--------------------------------------------------------------------------------
[2022-12-04 11:30:19,355] {taskinstance.py:1239} INFO - Starting attempt 1 of 2
[2022-12-04 11:30:19,356] {taskinstance.py:1240} INFO - 
--------------------------------------------------------------------------------
[2022-12-04 11:30:19,971] {taskinstance.py:1259} INFO - Executing <Task(PythonOperator): save_to_csv> on 2022-11-04 12:30:00+00:00
[2022-12-04 11:30:19,980] {standard_task_runner.py:52} INFO - Started process 13210 to run task
[2022-12-04 11:30:19,997] {standard_task_runner.py:76} INFO - Running: ['***', 'tasks', 'run', 'dag1', 'save_to_csv', 'scheduled__2022-11-04T12:30:00+00:00', '--job-id', '5404', '--raw', '--subdir', 'DAGS_FOLDER/AirflowClean2.py', '--cfg-path', '/tmp/tmpvq1shal8', '--error-file', '/tmp/tmpoz60h1q6']
[2022-12-04 11:30:20,052] {standard_task_runner.py:77} INFO - Job 5404: Subtask save_to_csv
[2022-12-04 11:30:20,613] {logging_mixin.py:109} INFO - Running <TaskInstance: dag1.save_to_csv scheduled__2022-11-04T12:30:00+00:00 [running]> on host 9e44869ff3ef
[2022-12-04 11:30:21,087] {taskinstance.py:1426} INFO - Exporting the following env vars:
AIRFLOW_CTX_DAG_OWNER=Fadlil
AIRFLOW_CTX_DAG_ID=dag1
AIRFLOW_CTX_TASK_ID=save_to_csv
AIRFLOW_CTX_EXECUTION_DATE=2022-11-04T12:30:00+00:00
AIRFLOW_CTX_DAG_RUN_ID=scheduled__2022-11-04T12:30:00+00:00
[2022-12-04 11:30:21,315] {python.py:175} INFO - Done. Returned value was: None
[2022-12-04 11:30:21,838] {taskinstance.py:1277} INFO - Marking task as SUCCESS. dag_id=dag1, task_id=save_to_csv, execution_date=20221104T123000, start_date=20221204T113019, end_date=20221204T113021
[2022-12-04 11:30:22,186] {local_task_job.py:154} INFO - Task exited with return code 0
[2022-12-04 11:30:22,700] {local_task_job.py:264} INFO - 1 downstream tasks scheduled from follow-on schedule check
