[2022-12-04 10:32:22,276] {taskinstance.py:1032} INFO - Dependencies all met for <TaskInstance: dag1.save_to_parquet scheduled__2022-10-31T18:00:00+00:00 [queued]>
[2022-12-04 10:32:22,320] {taskinstance.py:1032} INFO - Dependencies all met for <TaskInstance: dag1.save_to_parquet scheduled__2022-10-31T18:00:00+00:00 [queued]>
[2022-12-04 10:32:22,321] {taskinstance.py:1238} INFO - 
--------------------------------------------------------------------------------
[2022-12-04 10:32:22,323] {taskinstance.py:1239} INFO - Starting attempt 1 of 2
[2022-12-04 10:32:22,327] {taskinstance.py:1240} INFO - 
--------------------------------------------------------------------------------
[2022-12-04 10:32:22,381] {taskinstance.py:1259} INFO - Executing <Task(PythonOperator): save_to_parquet> on 2022-10-31 18:00:00+00:00
[2022-12-04 10:32:22,396] {standard_task_runner.py:52} INFO - Started process 5616 to run task
[2022-12-04 10:32:22,406] {standard_task_runner.py:76} INFO - Running: ['***', 'tasks', 'run', 'dag1', 'save_to_parquet', 'scheduled__2022-10-31T18:00:00+00:00', '--job-id', '3222', '--raw', '--subdir', 'DAGS_FOLDER/AirflowClean2.py', '--cfg-path', '/tmp/tmp7ar1ar7a', '--error-file', '/tmp/tmpy_rwe2at']
[2022-12-04 10:32:22,408] {standard_task_runner.py:77} INFO - Job 3222: Subtask save_to_parquet
[2022-12-04 10:32:22,568] {logging_mixin.py:109} INFO - Running <TaskInstance: dag1.save_to_parquet scheduled__2022-10-31T18:00:00+00:00 [running]> on host 9e44869ff3ef
[2022-12-04 10:32:22,668] {taskinstance.py:1426} INFO - Exporting the following env vars:
AIRFLOW_CTX_DAG_OWNER=Fadlil
AIRFLOW_CTX_DAG_ID=dag1
AIRFLOW_CTX_TASK_ID=save_to_parquet
AIRFLOW_CTX_EXECUTION_DATE=2022-10-31T18:00:00+00:00
AIRFLOW_CTX_DAG_RUN_ID=scheduled__2022-10-31T18:00:00+00:00
[2022-12-04 10:32:22,712] {python.py:175} INFO - Done. Returned value was: None
[2022-12-04 10:32:22,734] {taskinstance.py:1277} INFO - Marking task as SUCCESS. dag_id=dag1, task_id=save_to_parquet, execution_date=20221031T180000, start_date=20221204T103222, end_date=20221204T103222
[2022-12-04 10:32:22,786] {local_task_job.py:154} INFO - Task exited with return code 0
[2022-12-04 10:32:22,842] {local_task_job.py:264} INFO - 1 downstream tasks scheduled from follow-on schedule check
