[2022-12-04 11:45:08,350] {taskinstance.py:1032} INFO - Dependencies all met for <TaskInstance: dag1.local_to_gcs_task scheduled__2022-11-04T23:20:00+00:00 [queued]>
[2022-12-04 11:45:08,500] {taskinstance.py:1032} INFO - Dependencies all met for <TaskInstance: dag1.local_to_gcs_task scheduled__2022-11-04T23:20:00+00:00 [queued]>
[2022-12-04 11:45:08,505] {taskinstance.py:1238} INFO - 
--------------------------------------------------------------------------------
[2022-12-04 11:45:08,508] {taskinstance.py:1239} INFO - Starting attempt 1 of 2
[2022-12-04 11:45:08,509] {taskinstance.py:1240} INFO - 
--------------------------------------------------------------------------------
[2022-12-04 11:45:08,557] {taskinstance.py:1259} INFO - Executing <Task(PythonOperator): local_to_gcs_task> on 2022-11-04 23:20:00+00:00
[2022-12-04 11:45:08,588] {standard_task_runner.py:52} INFO - Started process 14683 to run task
[2022-12-04 11:45:08,619] {standard_task_runner.py:76} INFO - Running: ['***', 'tasks', 'run', 'dag1', 'local_to_gcs_task', 'scheduled__2022-11-04T23:20:00+00:00', '--job-id', '5738', '--raw', '--subdir', 'DAGS_FOLDER/AirflowClean2.py', '--cfg-path', '/tmp/tmplxq2spr3', '--error-file', '/tmp/tmptkgvws3l']
[2022-12-04 11:45:08,635] {standard_task_runner.py:77} INFO - Job 5738: Subtask local_to_gcs_task
[2022-12-04 11:45:09,075] {logging_mixin.py:109} INFO - Running <TaskInstance: dag1.local_to_gcs_task scheduled__2022-11-04T23:20:00+00:00 [running]> on host 9e44869ff3ef
[2022-12-04 11:45:09,601] {taskinstance.py:1426} INFO - Exporting the following env vars:
AIRFLOW_CTX_DAG_OWNER=Fadlil
AIRFLOW_CTX_DAG_ID=dag1
AIRFLOW_CTX_TASK_ID=local_to_gcs_task
AIRFLOW_CTX_EXECUTION_DATE=2022-11-04T23:20:00+00:00
AIRFLOW_CTX_DAG_RUN_ID=scheduled__2022-11-04T23:20:00+00:00
[2022-12-04 11:45:11,340] {python.py:175} INFO - Done. Returned value was: None
[2022-12-04 11:45:11,366] {taskinstance.py:1277} INFO - Marking task as SUCCESS. dag_id=dag1, task_id=local_to_gcs_task, execution_date=20221104T232000, start_date=20221204T114508, end_date=20221204T114511
[2022-12-04 11:45:11,423] {local_task_job.py:154} INFO - Task exited with return code 0
[2022-12-04 11:45:11,499] {local_task_job.py:264} INFO - 1 downstream tasks scheduled from follow-on schedule check
