[2022-12-04 04:52:39,555] {taskinstance.py:1032} INFO - Dependencies all met for <TaskInstance: dag1.get_data scheduled__2022-10-28T23:10:00+00:00 [queued]>
[2022-12-04 04:52:39,642] {taskinstance.py:1032} INFO - Dependencies all met for <TaskInstance: dag1.get_data scheduled__2022-10-28T23:10:00+00:00 [queued]>
[2022-12-04 04:52:39,650] {taskinstance.py:1238} INFO - 
--------------------------------------------------------------------------------
[2022-12-04 04:52:39,670] {taskinstance.py:1239} INFO - Starting attempt 1 of 2
[2022-12-04 04:52:39,673] {taskinstance.py:1240} INFO - 
--------------------------------------------------------------------------------
[2022-12-04 04:52:39,813] {taskinstance.py:1259} INFO - Executing <Task(PythonOperator): get_data> on 2022-10-28 23:10:00+00:00
[2022-12-04 04:52:39,837] {standard_task_runner.py:52} INFO - Started process 6787 to run task
[2022-12-04 04:52:39,861] {standard_task_runner.py:76} INFO - Running: ['***', 'tasks', 'run', 'dag1', 'get_data', 'scheduled__2022-10-28T23:10:00+00:00', '--job-id', '1732', '--raw', '--subdir', 'DAGS_FOLDER/AirflowClean2.py', '--cfg-path', '/tmp/tmpim7rs8y9', '--error-file', '/tmp/tmprxou8iui']
[2022-12-04 04:52:39,878] {standard_task_runner.py:77} INFO - Job 1732: Subtask get_data
[2022-12-04 04:52:40,306] {logging_mixin.py:109} INFO - Running <TaskInstance: dag1.get_data scheduled__2022-10-28T23:10:00+00:00 [running]> on host 422c372562ce
[2022-12-04 04:52:40,726] {taskinstance.py:1426} INFO - Exporting the following env vars:
AIRFLOW_CTX_DAG_OWNER=Fadlil
AIRFLOW_CTX_DAG_ID=dag1
AIRFLOW_CTX_TASK_ID=get_data
AIRFLOW_CTX_EXECUTION_DATE=2022-10-28T23:10:00+00:00
AIRFLOW_CTX_DAG_RUN_ID=scheduled__2022-10-28T23:10:00+00:00
[2022-12-04 04:52:41,778] {python.py:175} INFO - Done. Returned value was: None
[2022-12-04 04:52:41,895] {taskinstance.py:1277} INFO - Marking task as SUCCESS. dag_id=dag1, task_id=get_data, execution_date=20221028T231000, start_date=20221204T045239, end_date=20221204T045241
[2022-12-04 04:52:42,182] {local_task_job.py:154} INFO - Task exited with return code 0
[2022-12-04 04:52:42,466] {local_task_job.py:264} INFO - 1 downstream tasks scheduled from follow-on schedule check
