[2022-12-04 10:13:54,995] {taskinstance.py:1032} INFO - Dependencies all met for <TaskInstance: dag1.save_to_csv scheduled__2022-10-31T09:20:00+00:00 [queued]>
[2022-12-04 10:13:55,013] {taskinstance.py:1032} INFO - Dependencies all met for <TaskInstance: dag1.save_to_csv scheduled__2022-10-31T09:20:00+00:00 [queued]>
[2022-12-04 10:13:55,014] {taskinstance.py:1238} INFO - 
--------------------------------------------------------------------------------
[2022-12-04 10:13:55,015] {taskinstance.py:1239} INFO - Starting attempt 1 of 2
[2022-12-04 10:13:55,015] {taskinstance.py:1240} INFO - 
--------------------------------------------------------------------------------
[2022-12-04 10:13:55,058] {taskinstance.py:1259} INFO - Executing <Task(PythonOperator): save_to_csv> on 2022-10-31 09:20:00+00:00
[2022-12-04 10:13:55,073] {standard_task_runner.py:52} INFO - Started process 4233 to run task
[2022-12-04 10:13:55,082] {standard_task_runner.py:76} INFO - Running: ['***', 'tasks', 'run', 'dag1', 'save_to_csv', 'scheduled__2022-10-31T09:20:00+00:00', '--job-id', '2979', '--raw', '--subdir', 'DAGS_FOLDER/AirflowClean2.py', '--cfg-path', '/tmp/tmpzd6l_5z9', '--error-file', '/tmp/tmpd7hn_8z8']
[2022-12-04 10:13:55,094] {standard_task_runner.py:77} INFO - Job 2979: Subtask save_to_csv
[2022-12-04 10:13:55,352] {logging_mixin.py:109} INFO - Running <TaskInstance: dag1.save_to_csv scheduled__2022-10-31T09:20:00+00:00 [running]> on host 9e44869ff3ef
[2022-12-04 10:13:55,544] {taskinstance.py:1426} INFO - Exporting the following env vars:
AIRFLOW_CTX_DAG_OWNER=Fadlil
AIRFLOW_CTX_DAG_ID=dag1
AIRFLOW_CTX_TASK_ID=save_to_csv
AIRFLOW_CTX_EXECUTION_DATE=2022-10-31T09:20:00+00:00
AIRFLOW_CTX_DAG_RUN_ID=scheduled__2022-10-31T09:20:00+00:00
[2022-12-04 10:13:55,882] {python.py:175} INFO - Done. Returned value was: None
[2022-12-04 10:13:56,124] {taskinstance.py:1277} INFO - Marking task as SUCCESS. dag_id=dag1, task_id=save_to_csv, execution_date=20221031T092000, start_date=20221204T101354, end_date=20221204T101356
[2022-12-04 10:13:56,204] {local_task_job.py:154} INFO - Task exited with return code 0
[2022-12-04 10:13:56,339] {local_task_job.py:264} INFO - 1 downstream tasks scheduled from follow-on schedule check
