[2022-12-04 12:11:42,894] {taskinstance.py:1032} INFO - Dependencies all met for <TaskInstance: dag1.bigquery_external_table_task scheduled__2022-11-05T18:10:00+00:00 [queued]>
[2022-12-04 12:11:42,918] {taskinstance.py:1032} INFO - Dependencies all met for <TaskInstance: dag1.bigquery_external_table_task scheduled__2022-11-05T18:10:00+00:00 [queued]>
[2022-12-04 12:11:42,919] {taskinstance.py:1238} INFO - 
--------------------------------------------------------------------------------
[2022-12-04 12:11:42,919] {taskinstance.py:1239} INFO - Starting attempt 1 of 2
[2022-12-04 12:11:42,920] {taskinstance.py:1240} INFO - 
--------------------------------------------------------------------------------
[2022-12-04 12:11:42,949] {taskinstance.py:1259} INFO - Executing <Task(BigQueryCreateExternalTableOperator): bigquery_external_table_task> on 2022-11-05 18:10:00+00:00
[2022-12-04 12:11:42,956] {standard_task_runner.py:52} INFO - Started process 17442 to run task
[2022-12-04 12:11:42,964] {standard_task_runner.py:76} INFO - Running: ['***', 'tasks', 'run', 'dag1', 'bigquery_external_table_task', 'scheduled__2022-11-05T18:10:00+00:00', '--job-id', '6364', '--raw', '--subdir', 'DAGS_FOLDER/AirflowClean2.py', '--cfg-path', '/tmp/tmp2igxqskl', '--error-file', '/tmp/tmpx1rw15y_']
[2022-12-04 12:11:42,966] {standard_task_runner.py:77} INFO - Job 6364: Subtask bigquery_external_table_task
[2022-12-04 12:11:43,073] {logging_mixin.py:109} INFO - Running <TaskInstance: dag1.bigquery_external_table_task scheduled__2022-11-05T18:10:00+00:00 [running]> on host 9e44869ff3ef
[2022-12-04 12:11:43,179] {taskinstance.py:1426} INFO - Exporting the following env vars:
AIRFLOW_CTX_DAG_OWNER=Fadlil
AIRFLOW_CTX_DAG_ID=dag1
AIRFLOW_CTX_TASK_ID=bigquery_external_table_task
AIRFLOW_CTX_EXECUTION_DATE=2022-11-05T18:10:00+00:00
AIRFLOW_CTX_DAG_RUN_ID=scheduled__2022-11-05T18:10:00+00:00
[2022-12-04 12:11:43,181] {crypto.py:82} WARNING - empty cryptography key - values will not be stored encrypted.
[2022-12-04 12:11:44,679] {taskinstance.py:1277} INFO - Marking task as SUCCESS. dag_id=dag1, task_id=bigquery_external_table_task, execution_date=20221105T181000, start_date=20221204T121142, end_date=20221204T121144
[2022-12-04 12:11:44,725] {local_task_job.py:154} INFO - Task exited with return code 0
[2022-12-04 12:11:44,787] {local_task_job.py:264} INFO - 1 downstream tasks scheduled from follow-on schedule check
