[2022-12-04 03:17:02,006] {taskinstance.py:1032} INFO - Dependencies all met for <TaskInstance: dag1.get_data scheduled__2022-10-27T14:50:00+00:00 [queued]>
[2022-12-04 03:17:02,120] {taskinstance.py:1032} INFO - Dependencies all met for <TaskInstance: dag1.get_data scheduled__2022-10-27T14:50:00+00:00 [queued]>
[2022-12-04 03:17:02,123] {taskinstance.py:1238} INFO - 
--------------------------------------------------------------------------------
[2022-12-04 03:17:02,123] {taskinstance.py:1239} INFO - Starting attempt 1 of 2
[2022-12-04 03:17:02,126] {taskinstance.py:1240} INFO - 
--------------------------------------------------------------------------------
[2022-12-04 03:17:02,189] {taskinstance.py:1259} INFO - Executing <Task(PythonOperator): get_data> on 2022-10-27 14:50:00+00:00
[2022-12-04 03:17:02,198] {standard_task_runner.py:52} INFO - Started process 2215 to run task
[2022-12-04 03:17:02,207] {standard_task_runner.py:76} INFO - Running: ['***', 'tasks', 'run', 'dag1', 'get_data', 'scheduled__2022-10-27T14:50:00+00:00', '--job-id', '946', '--raw', '--subdir', 'DAGS_FOLDER/AirflowClean2.py', '--cfg-path', '/tmp/tmpizvkw0ok', '--error-file', '/tmp/tmp889a5j0b']
[2022-12-04 03:17:02,209] {standard_task_runner.py:77} INFO - Job 946: Subtask get_data
[2022-12-04 03:17:02,375] {logging_mixin.py:109} INFO - Running <TaskInstance: dag1.get_data scheduled__2022-10-27T14:50:00+00:00 [running]> on host 422c372562ce
[2022-12-04 03:17:02,688] {taskinstance.py:1426} INFO - Exporting the following env vars:
AIRFLOW_CTX_DAG_OWNER=Fadlil
AIRFLOW_CTX_DAG_ID=dag1
AIRFLOW_CTX_TASK_ID=get_data
AIRFLOW_CTX_EXECUTION_DATE=2022-10-27T14:50:00+00:00
AIRFLOW_CTX_DAG_RUN_ID=scheduled__2022-10-27T14:50:00+00:00
[2022-12-04 03:17:03,599] {python.py:175} INFO - Done. Returned value was: None
[2022-12-04 03:17:03,663] {taskinstance.py:1277} INFO - Marking task as SUCCESS. dag_id=dag1, task_id=get_data, execution_date=20221027T145000, start_date=20221204T031702, end_date=20221204T031703
[2022-12-04 03:17:03,844] {local_task_job.py:154} INFO - Task exited with return code 0
[2022-12-04 03:17:04,083] {local_task_job.py:264} INFO - 1 downstream tasks scheduled from follow-on schedule check
