[2022-12-04 10:40:15,657] {taskinstance.py:1032} INFO - Dependencies all met for <TaskInstance: dag1.local_to_gcs_task scheduled__2022-11-01T12:00:00+00:00 [queued]>
[2022-12-04 10:40:15,679] {taskinstance.py:1032} INFO - Dependencies all met for <TaskInstance: dag1.local_to_gcs_task scheduled__2022-11-01T12:00:00+00:00 [queued]>
[2022-12-04 10:40:15,680] {taskinstance.py:1238} INFO - 
--------------------------------------------------------------------------------
[2022-12-04 10:40:15,681] {taskinstance.py:1239} INFO - Starting attempt 1 of 2
[2022-12-04 10:40:15,686] {taskinstance.py:1240} INFO - 
--------------------------------------------------------------------------------
[2022-12-04 10:40:15,713] {taskinstance.py:1259} INFO - Executing <Task(PythonOperator): local_to_gcs_task> on 2022-11-01 12:00:00+00:00
[2022-12-04 10:40:15,724] {standard_task_runner.py:52} INFO - Started process 7176 to run task
[2022-12-04 10:40:15,731] {standard_task_runner.py:76} INFO - Running: ['***', 'tasks', 'run', 'dag1', 'local_to_gcs_task', 'scheduled__2022-11-01T12:00:00+00:00', '--job-id', '3666', '--raw', '--subdir', 'DAGS_FOLDER/AirflowClean2.py', '--cfg-path', '/tmp/tmprao52zxi', '--error-file', '/tmp/tmpnu05t2b7']
[2022-12-04 10:40:15,732] {standard_task_runner.py:77} INFO - Job 3666: Subtask local_to_gcs_task
[2022-12-04 10:40:15,887] {logging_mixin.py:109} INFO - Running <TaskInstance: dag1.local_to_gcs_task scheduled__2022-11-01T12:00:00+00:00 [running]> on host 9e44869ff3ef
[2022-12-04 10:40:16,068] {taskinstance.py:1426} INFO - Exporting the following env vars:
AIRFLOW_CTX_DAG_OWNER=Fadlil
AIRFLOW_CTX_DAG_ID=dag1
AIRFLOW_CTX_TASK_ID=local_to_gcs_task
AIRFLOW_CTX_EXECUTION_DATE=2022-11-01T12:00:00+00:00
AIRFLOW_CTX_DAG_RUN_ID=scheduled__2022-11-01T12:00:00+00:00
[2022-12-04 10:40:16,763] {python.py:175} INFO - Done. Returned value was: None
[2022-12-04 10:40:17,163] {taskinstance.py:1277} INFO - Marking task as SUCCESS. dag_id=dag1, task_id=local_to_gcs_task, execution_date=20221101T120000, start_date=20221204T104015, end_date=20221204T104017
[2022-12-04 10:40:17,333] {local_task_job.py:154} INFO - Task exited with return code 0
[2022-12-04 10:40:17,431] {local_task_job.py:264} INFO - 0 downstream tasks scheduled from follow-on schedule check
