[2022-12-04 12:01:01,545] {taskinstance.py:1032} INFO - Dependencies all met for <TaskInstance: dag1.local_to_gcs_task scheduled__2022-11-05T12:50:00+00:00 [queued]>
[2022-12-04 12:01:01,564] {taskinstance.py:1032} INFO - Dependencies all met for <TaskInstance: dag1.local_to_gcs_task scheduled__2022-11-05T12:50:00+00:00 [queued]>
[2022-12-04 12:01:01,565] {taskinstance.py:1238} INFO - 
--------------------------------------------------------------------------------
[2022-12-04 12:01:01,565] {taskinstance.py:1239} INFO - Starting attempt 1 of 2
[2022-12-04 12:01:01,566] {taskinstance.py:1240} INFO - 
--------------------------------------------------------------------------------
[2022-12-04 12:01:01,585] {taskinstance.py:1259} INFO - Executing <Task(PythonOperator): local_to_gcs_task> on 2022-11-05 12:50:00+00:00
[2022-12-04 12:01:01,593] {standard_task_runner.py:52} INFO - Started process 16509 to run task
[2022-12-04 12:01:01,599] {standard_task_runner.py:76} INFO - Running: ['***', 'tasks', 'run', 'dag1', 'local_to_gcs_task', 'scheduled__2022-11-05T12:50:00+00:00', '--job-id', '6162', '--raw', '--subdir', 'DAGS_FOLDER/AirflowClean2.py', '--cfg-path', '/tmp/tmp2vgum9i7', '--error-file', '/tmp/tmptt25mnmd']
[2022-12-04 12:01:01,604] {standard_task_runner.py:77} INFO - Job 6162: Subtask local_to_gcs_task
[2022-12-04 12:01:01,734] {logging_mixin.py:109} INFO - Running <TaskInstance: dag1.local_to_gcs_task scheduled__2022-11-05T12:50:00+00:00 [running]> on host 9e44869ff3ef
[2022-12-04 12:01:01,878] {taskinstance.py:1426} INFO - Exporting the following env vars:
AIRFLOW_CTX_DAG_OWNER=Fadlil
AIRFLOW_CTX_DAG_ID=dag1
AIRFLOW_CTX_TASK_ID=local_to_gcs_task
AIRFLOW_CTX_EXECUTION_DATE=2022-11-05T12:50:00+00:00
AIRFLOW_CTX_DAG_RUN_ID=scheduled__2022-11-05T12:50:00+00:00
[2022-12-04 12:01:02,582] {python.py:175} INFO - Done. Returned value was: None
[2022-12-04 12:01:02,926] {taskinstance.py:1277} INFO - Marking task as SUCCESS. dag_id=dag1, task_id=local_to_gcs_task, execution_date=20221105T125000, start_date=20221204T120101, end_date=20221204T120102
[2022-12-04 12:01:02,982] {local_task_job.py:154} INFO - Task exited with return code 0
[2022-12-04 12:01:03,132] {local_task_job.py:264} INFO - 1 downstream tasks scheduled from follow-on schedule check
