[2022-12-04 17:09:31,500] {taskinstance.py:1032} INFO - Dependencies all met for <TaskInstance: dag1.get_data scheduled__2022-11-09T23:00:00+00:00 [queued]>
[2022-12-04 17:09:31,523] {taskinstance.py:1032} INFO - Dependencies all met for <TaskInstance: dag1.get_data scheduled__2022-11-09T23:00:00+00:00 [queued]>
[2022-12-04 17:09:31,534] {taskinstance.py:1238} INFO - 
--------------------------------------------------------------------------------
[2022-12-04 17:09:31,534] {taskinstance.py:1239} INFO - Starting attempt 1 of 2
[2022-12-04 17:09:31,535] {taskinstance.py:1240} INFO - 
--------------------------------------------------------------------------------
[2022-12-04 17:09:31,614] {taskinstance.py:1259} INFO - Executing <Task(PythonOperator): get_data> on 2022-11-09 23:00:00+00:00
[2022-12-04 17:09:31,623] {standard_task_runner.py:52} INFO - Started process 16785 to run task
[2022-12-04 17:09:31,634] {standard_task_runner.py:76} INFO - Running: ['***', 'tasks', 'run', 'dag1', 'get_data', 'scheduled__2022-11-09T23:00:00+00:00', '--job-id', '10209', '--raw', '--subdir', 'DAGS_FOLDER/AirflowClean2.py', '--cfg-path', '/tmp/tmpzaxsb4ko', '--error-file', '/tmp/tmpf6osn3aq']
[2022-12-04 17:09:31,635] {standard_task_runner.py:77} INFO - Job 10209: Subtask get_data
[2022-12-04 17:09:31,874] {logging_mixin.py:109} INFO - Running <TaskInstance: dag1.get_data scheduled__2022-11-09T23:00:00+00:00 [running]> on host 7a020590adae
[2022-12-04 17:09:32,101] {taskinstance.py:1426} INFO - Exporting the following env vars:
AIRFLOW_CTX_DAG_OWNER=Fadlil
AIRFLOW_CTX_DAG_ID=dag1
AIRFLOW_CTX_TASK_ID=get_data
AIRFLOW_CTX_EXECUTION_DATE=2022-11-09T23:00:00+00:00
AIRFLOW_CTX_DAG_RUN_ID=scheduled__2022-11-09T23:00:00+00:00
[2022-12-04 17:09:32,892] {python.py:175} INFO - Done. Returned value was: None
[2022-12-04 17:09:33,254] {taskinstance.py:1277} INFO - Marking task as SUCCESS. dag_id=dag1, task_id=get_data, execution_date=20221109T230000, start_date=20221204T170931, end_date=20221204T170933
[2022-12-04 17:09:33,341] {local_task_job.py:154} INFO - Task exited with return code 0
[2022-12-04 17:09:33,500] {local_task_job.py:264} INFO - 1 downstream tasks scheduled from follow-on schedule check
