[2022-12-04 17:16:15,549] {taskinstance.py:1032} INFO - Dependencies all met for <TaskInstance: dag1.save_to_parquet scheduled__2022-11-10T02:30:00+00:00 [queued]>
[2022-12-04 17:16:15,639] {taskinstance.py:1032} INFO - Dependencies all met for <TaskInstance: dag1.save_to_parquet scheduled__2022-11-10T02:30:00+00:00 [queued]>
[2022-12-04 17:16:15,640] {taskinstance.py:1238} INFO - 
--------------------------------------------------------------------------------
[2022-12-04 17:16:15,640] {taskinstance.py:1239} INFO - Starting attempt 1 of 2
[2022-12-04 17:16:15,641] {taskinstance.py:1240} INFO - 
--------------------------------------------------------------------------------
[2022-12-04 17:16:15,749] {taskinstance.py:1259} INFO - Executing <Task(PythonOperator): save_to_parquet> on 2022-11-10 02:30:00+00:00
[2022-12-04 17:16:15,758] {standard_task_runner.py:52} INFO - Started process 17399 to run task
[2022-12-04 17:16:15,776] {standard_task_runner.py:76} INFO - Running: ['***', 'tasks', 'run', 'dag1', 'save_to_parquet', 'scheduled__2022-11-10T02:30:00+00:00', '--job-id', '10340', '--raw', '--subdir', 'DAGS_FOLDER/AirflowClean2.py', '--cfg-path', '/tmp/tmp4z4q6st4', '--error-file', '/tmp/tmp0xtorx0r']
[2022-12-04 17:16:15,801] {standard_task_runner.py:77} INFO - Job 10340: Subtask save_to_parquet
[2022-12-04 17:16:15,986] {logging_mixin.py:109} INFO - Running <TaskInstance: dag1.save_to_parquet scheduled__2022-11-10T02:30:00+00:00 [running]> on host 7a020590adae
[2022-12-04 17:16:16,311] {taskinstance.py:1426} INFO - Exporting the following env vars:
AIRFLOW_CTX_DAG_OWNER=Fadlil
AIRFLOW_CTX_DAG_ID=dag1
AIRFLOW_CTX_TASK_ID=save_to_parquet
AIRFLOW_CTX_EXECUTION_DATE=2022-11-10T02:30:00+00:00
AIRFLOW_CTX_DAG_RUN_ID=scheduled__2022-11-10T02:30:00+00:00
[2022-12-04 17:16:16,412] {python.py:175} INFO - Done. Returned value was: None
[2022-12-04 17:16:17,749] {taskinstance.py:1277} INFO - Marking task as SUCCESS. dag_id=dag1, task_id=save_to_parquet, execution_date=20221110T023000, start_date=20221204T171615, end_date=20221204T171617
[2022-12-04 17:16:17,837] {local_task_job.py:154} INFO - Task exited with return code 0
[2022-12-04 17:16:18,048] {local_task_job.py:264} INFO - 1 downstream tasks scheduled from follow-on schedule check
