[2022-12-04 10:41:37,493] {taskinstance.py:1032} INFO - Dependencies all met for <TaskInstance: dag1.save_to_csv scheduled__2022-11-01T15:30:00+00:00 [queued]>
[2022-12-04 10:41:37,573] {taskinstance.py:1032} INFO - Dependencies all met for <TaskInstance: dag1.save_to_csv scheduled__2022-11-01T15:30:00+00:00 [queued]>
[2022-12-04 10:41:37,583] {taskinstance.py:1238} INFO - 
--------------------------------------------------------------------------------
[2022-12-04 10:41:37,589] {taskinstance.py:1239} INFO - Starting attempt 1 of 2
[2022-12-04 10:41:37,590] {taskinstance.py:1240} INFO - 
--------------------------------------------------------------------------------
[2022-12-04 10:41:37,789] {taskinstance.py:1259} INFO - Executing <Task(PythonOperator): save_to_csv> on 2022-11-01 15:30:00+00:00
[2022-12-04 10:41:37,804] {standard_task_runner.py:52} INFO - Started process 7427 to run task
[2022-12-04 10:41:37,853] {standard_task_runner.py:76} INFO - Running: ['***', 'tasks', 'run', 'dag1', 'save_to_csv', 'scheduled__2022-11-01T15:30:00+00:00', '--job-id', '3735', '--raw', '--subdir', 'DAGS_FOLDER/AirflowClean2.py', '--cfg-path', '/tmp/tmpm03v8t3q', '--error-file', '/tmp/tmpk0p8sk3e']
[2022-12-04 10:41:37,936] {standard_task_runner.py:77} INFO - Job 3735: Subtask save_to_csv
[2022-12-04 10:41:38,338] {logging_mixin.py:109} INFO - Running <TaskInstance: dag1.save_to_csv scheduled__2022-11-01T15:30:00+00:00 [running]> on host 9e44869ff3ef
[2022-12-04 10:41:39,061] {taskinstance.py:1426} INFO - Exporting the following env vars:
AIRFLOW_CTX_DAG_OWNER=Fadlil
AIRFLOW_CTX_DAG_ID=dag1
AIRFLOW_CTX_TASK_ID=save_to_csv
AIRFLOW_CTX_EXECUTION_DATE=2022-11-01T15:30:00+00:00
AIRFLOW_CTX_DAG_RUN_ID=scheduled__2022-11-01T15:30:00+00:00
[2022-12-04 10:41:40,589] {python.py:175} INFO - Done. Returned value was: None
[2022-12-04 10:41:40,847] {taskinstance.py:1277} INFO - Marking task as SUCCESS. dag_id=dag1, task_id=save_to_csv, execution_date=20221101T153000, start_date=20221204T104137, end_date=20221204T104140
[2022-12-04 10:41:40,937] {local_task_job.py:154} INFO - Task exited with return code 0
[2022-12-04 10:41:41,223] {local_task_job.py:264} INFO - 1 downstream tasks scheduled from follow-on schedule check
