[2022-12-04 10:42:37,456] {taskinstance.py:1032} INFO - Dependencies all met for <TaskInstance: dag1.save_to_csv scheduled__2022-11-01T17:30:00+00:00 [queued]>
[2022-12-04 10:42:37,735] {taskinstance.py:1032} INFO - Dependencies all met for <TaskInstance: dag1.save_to_csv scheduled__2022-11-01T17:30:00+00:00 [queued]>
[2022-12-04 10:42:37,736] {taskinstance.py:1238} INFO - 
--------------------------------------------------------------------------------
[2022-12-04 10:42:37,741] {taskinstance.py:1239} INFO - Starting attempt 1 of 2
[2022-12-04 10:42:37,741] {taskinstance.py:1240} INFO - 
--------------------------------------------------------------------------------
[2022-12-04 10:42:37,798] {taskinstance.py:1259} INFO - Executing <Task(PythonOperator): save_to_csv> on 2022-11-01 17:30:00+00:00
[2022-12-04 10:42:37,807] {standard_task_runner.py:52} INFO - Started process 7620 to run task
[2022-12-04 10:42:37,826] {standard_task_runner.py:76} INFO - Running: ['***', 'tasks', 'run', 'dag1', 'save_to_csv', 'scheduled__2022-11-01T17:30:00+00:00', '--job-id', '3792', '--raw', '--subdir', 'DAGS_FOLDER/AirflowClean2.py', '--cfg-path', '/tmp/tmpf6hgfysz', '--error-file', '/tmp/tmpm_bbbk0a']
[2022-12-04 10:42:37,829] {standard_task_runner.py:77} INFO - Job 3792: Subtask save_to_csv
[2022-12-04 10:42:38,039] {logging_mixin.py:109} INFO - Running <TaskInstance: dag1.save_to_csv scheduled__2022-11-01T17:30:00+00:00 [running]> on host 9e44869ff3ef
[2022-12-04 10:42:38,280] {taskinstance.py:1426} INFO - Exporting the following env vars:
AIRFLOW_CTX_DAG_OWNER=Fadlil
AIRFLOW_CTX_DAG_ID=dag1
AIRFLOW_CTX_TASK_ID=save_to_csv
AIRFLOW_CTX_EXECUTION_DATE=2022-11-01T17:30:00+00:00
AIRFLOW_CTX_DAG_RUN_ID=scheduled__2022-11-01T17:30:00+00:00
[2022-12-04 10:42:38,516] {python.py:175} INFO - Done. Returned value was: None
[2022-12-04 10:42:39,075] {taskinstance.py:1277} INFO - Marking task as SUCCESS. dag_id=dag1, task_id=save_to_csv, execution_date=20221101T173000, start_date=20221204T104237, end_date=20221204T104239
[2022-12-04 10:42:39,193] {local_task_job.py:154} INFO - Task exited with return code 0
[2022-12-04 10:42:39,394] {local_task_job.py:264} INFO - 1 downstream tasks scheduled from follow-on schedule check
