[2022-12-04 13:52:35,631] {taskinstance.py:1032} INFO - Dependencies all met for <TaskInstance: dag1.local_to_gcs_task scheduled__2022-11-07T16:50:00+00:00 [queued]>
[2022-12-04 13:52:35,649] {taskinstance.py:1032} INFO - Dependencies all met for <TaskInstance: dag1.local_to_gcs_task scheduled__2022-11-07T16:50:00+00:00 [queued]>
[2022-12-04 13:52:35,649] {taskinstance.py:1238} INFO - 
--------------------------------------------------------------------------------
[2022-12-04 13:52:35,650] {taskinstance.py:1239} INFO - Starting attempt 1 of 2
[2022-12-04 13:52:35,650] {taskinstance.py:1240} INFO - 
--------------------------------------------------------------------------------
[2022-12-04 13:52:35,670] {taskinstance.py:1259} INFO - Executing <Task(PythonOperator): local_to_gcs_task> on 2022-11-07 16:50:00+00:00
[2022-12-04 13:52:35,679] {standard_task_runner.py:52} INFO - Started process 6794 to run task
[2022-12-04 13:52:35,684] {standard_task_runner.py:76} INFO - Running: ['***', 'tasks', 'run', 'dag1', 'local_to_gcs_task', 'scheduled__2022-11-07T16:50:00+00:00', '--job-id', '8145', '--raw', '--subdir', 'DAGS_FOLDER/AirflowClean2.py', '--cfg-path', '/tmp/tmplrndbzlw', '--error-file', '/tmp/tmppi4wby6h']
[2022-12-04 13:52:35,686] {standard_task_runner.py:77} INFO - Job 8145: Subtask local_to_gcs_task
[2022-12-04 13:52:35,773] {logging_mixin.py:109} INFO - Running <TaskInstance: dag1.local_to_gcs_task scheduled__2022-11-07T16:50:00+00:00 [running]> on host 7a020590adae
[2022-12-04 13:52:35,875] {taskinstance.py:1426} INFO - Exporting the following env vars:
AIRFLOW_CTX_DAG_OWNER=Fadlil
AIRFLOW_CTX_DAG_ID=dag1
AIRFLOW_CTX_TASK_ID=local_to_gcs_task
AIRFLOW_CTX_EXECUTION_DATE=2022-11-07T16:50:00+00:00
AIRFLOW_CTX_DAG_RUN_ID=scheduled__2022-11-07T16:50:00+00:00
[2022-12-04 13:52:36,768] {python.py:175} INFO - Done. Returned value was: None
[2022-12-04 13:52:37,334] {taskinstance.py:1277} INFO - Marking task as SUCCESS. dag_id=dag1, task_id=local_to_gcs_task, execution_date=20221107T165000, start_date=20221204T135235, end_date=20221204T135237
[2022-12-04 13:52:37,389] {local_task_job.py:154} INFO - Task exited with return code 0
[2022-12-04 13:52:37,515] {local_task_job.py:264} INFO - 1 downstream tasks scheduled from follow-on schedule check
