[2022-12-04 10:45:11,031] {taskinstance.py:1032} INFO - Dependencies all met for <TaskInstance: dag1.save_to_parquet scheduled__2022-11-01T23:10:00+00:00 [queued]>
[2022-12-04 10:45:11,198] {taskinstance.py:1032} INFO - Dependencies all met for <TaskInstance: dag1.save_to_parquet scheduled__2022-11-01T23:10:00+00:00 [queued]>
[2022-12-04 10:45:11,203] {taskinstance.py:1238} INFO - 
--------------------------------------------------------------------------------
[2022-12-04 10:45:11,207] {taskinstance.py:1239} INFO - Starting attempt 1 of 2
[2022-12-04 10:45:11,213] {taskinstance.py:1240} INFO - 
--------------------------------------------------------------------------------
[2022-12-04 10:45:11,356] {taskinstance.py:1259} INFO - Executing <Task(PythonOperator): save_to_parquet> on 2022-11-01 23:10:00+00:00
[2022-12-04 10:45:11,370] {standard_task_runner.py:52} INFO - Started process 8139 to run task
[2022-12-04 10:45:11,428] {standard_task_runner.py:76} INFO - Running: ['***', 'tasks', 'run', 'dag1', 'save_to_parquet', 'scheduled__2022-11-01T23:10:00+00:00', '--job-id', '3939', '--raw', '--subdir', 'DAGS_FOLDER/AirflowClean2.py', '--cfg-path', '/tmp/tmpk_1hi88n', '--error-file', '/tmp/tmpbhd5q58a']
[2022-12-04 10:45:11,431] {standard_task_runner.py:77} INFO - Job 3939: Subtask save_to_parquet
[2022-12-04 10:45:12,685] {logging_mixin.py:109} INFO - Running <TaskInstance: dag1.save_to_parquet scheduled__2022-11-01T23:10:00+00:00 [running]> on host 9e44869ff3ef
[2022-12-04 10:45:12,929] {taskinstance.py:1426} INFO - Exporting the following env vars:
AIRFLOW_CTX_DAG_OWNER=Fadlil
AIRFLOW_CTX_DAG_ID=dag1
AIRFLOW_CTX_TASK_ID=save_to_parquet
AIRFLOW_CTX_EXECUTION_DATE=2022-11-01T23:10:00+00:00
AIRFLOW_CTX_DAG_RUN_ID=scheduled__2022-11-01T23:10:00+00:00
[2022-12-04 10:45:13,009] {python.py:175} INFO - Done. Returned value was: None
[2022-12-04 10:45:13,245] {taskinstance.py:1277} INFO - Marking task as SUCCESS. dag_id=dag1, task_id=save_to_parquet, execution_date=20221101T231000, start_date=20221204T104511, end_date=20221204T104513
[2022-12-04 10:45:13,524] {local_task_job.py:154} INFO - Task exited with return code 0
[2022-12-04 10:45:13,620] {local_task_job.py:264} INFO - 1 downstream tasks scheduled from follow-on schedule check
