[2022-12-04 11:47:55,777] {taskinstance.py:1032} INFO - Dependencies all met for <TaskInstance: dag1.bigquery_external_table_task scheduled__2022-11-05T03:00:00+00:00 [queued]>
[2022-12-04 11:47:55,882] {taskinstance.py:1032} INFO - Dependencies all met for <TaskInstance: dag1.bigquery_external_table_task scheduled__2022-11-05T03:00:00+00:00 [queued]>
[2022-12-04 11:47:55,903] {taskinstance.py:1238} INFO - 
--------------------------------------------------------------------------------
[2022-12-04 11:47:55,911] {taskinstance.py:1239} INFO - Starting attempt 1 of 2
[2022-12-04 11:47:55,912] {taskinstance.py:1240} INFO - 
--------------------------------------------------------------------------------
[2022-12-04 11:47:55,978] {taskinstance.py:1259} INFO - Executing <Task(BigQueryCreateExternalTableOperator): bigquery_external_table_task> on 2022-11-05 03:00:00+00:00
[2022-12-04 11:47:55,987] {standard_task_runner.py:52} INFO - Started process 15214 to run task
[2022-12-04 11:47:56,031] {standard_task_runner.py:76} INFO - Running: ['***', 'tasks', 'run', 'dag1', 'bigquery_external_table_task', 'scheduled__2022-11-05T03:00:00+00:00', '--job-id', '5884', '--raw', '--subdir', 'DAGS_FOLDER/AirflowClean2.py', '--cfg-path', '/tmp/tmp2vyzdvlj', '--error-file', '/tmp/tmpv61it64m']
[2022-12-04 11:47:56,033] {standard_task_runner.py:77} INFO - Job 5884: Subtask bigquery_external_table_task
[2022-12-04 11:47:56,390] {logging_mixin.py:109} INFO - Running <TaskInstance: dag1.bigquery_external_table_task scheduled__2022-11-05T03:00:00+00:00 [running]> on host 9e44869ff3ef
[2022-12-04 11:47:57,124] {taskinstance.py:1426} INFO - Exporting the following env vars:
AIRFLOW_CTX_DAG_OWNER=Fadlil
AIRFLOW_CTX_DAG_ID=dag1
AIRFLOW_CTX_TASK_ID=bigquery_external_table_task
AIRFLOW_CTX_EXECUTION_DATE=2022-11-05T03:00:00+00:00
AIRFLOW_CTX_DAG_RUN_ID=scheduled__2022-11-05T03:00:00+00:00
[2022-12-04 11:47:57,142] {crypto.py:82} WARNING - empty cryptography key - values will not be stored encrypted.
[2022-12-04 11:47:59,377] {taskinstance.py:1277} INFO - Marking task as SUCCESS. dag_id=dag1, task_id=bigquery_external_table_task, execution_date=20221105T030000, start_date=20221204T114755, end_date=20221204T114759
[2022-12-04 11:47:59,489] {local_task_job.py:154} INFO - Task exited with return code 0
[2022-12-04 11:47:59,593] {local_task_job.py:264} INFO - 0 downstream tasks scheduled from follow-on schedule check
