[2022-12-04 16:56:58,408] {taskinstance.py:1032} INFO - Dependencies all met for <TaskInstance: dag1.get_data scheduled__2022-11-09T16:50:00+00:00 [queued]>
[2022-12-04 16:56:58,433] {taskinstance.py:1032} INFO - Dependencies all met for <TaskInstance: dag1.get_data scheduled__2022-11-09T16:50:00+00:00 [queued]>
[2022-12-04 16:56:58,433] {taskinstance.py:1238} INFO - 
--------------------------------------------------------------------------------
[2022-12-04 16:56:58,434] {taskinstance.py:1239} INFO - Starting attempt 1 of 2
[2022-12-04 16:56:58,435] {taskinstance.py:1240} INFO - 
--------------------------------------------------------------------------------
[2022-12-04 16:56:58,469] {taskinstance.py:1259} INFO - Executing <Task(PythonOperator): get_data> on 2022-11-09 16:50:00+00:00
[2022-12-04 16:56:58,477] {standard_task_runner.py:52} INFO - Started process 15557 to run task
[2022-12-04 16:56:58,503] {standard_task_runner.py:76} INFO - Running: ['***', 'tasks', 'run', 'dag1', 'get_data', 'scheduled__2022-11-09T16:50:00+00:00', '--job-id', '9953', '--raw', '--subdir', 'DAGS_FOLDER/AirflowClean2.py', '--cfg-path', '/tmp/tmpao_jw_an', '--error-file', '/tmp/tmpexo4omgq']
[2022-12-04 16:56:58,505] {standard_task_runner.py:77} INFO - Job 9953: Subtask get_data
[2022-12-04 16:56:58,681] {logging_mixin.py:109} INFO - Running <TaskInstance: dag1.get_data scheduled__2022-11-09T16:50:00+00:00 [running]> on host 7a020590adae
[2022-12-04 16:56:58,768] {taskinstance.py:1426} INFO - Exporting the following env vars:
AIRFLOW_CTX_DAG_OWNER=Fadlil
AIRFLOW_CTX_DAG_ID=dag1
AIRFLOW_CTX_TASK_ID=get_data
AIRFLOW_CTX_EXECUTION_DATE=2022-11-09T16:50:00+00:00
AIRFLOW_CTX_DAG_RUN_ID=scheduled__2022-11-09T16:50:00+00:00
[2022-12-04 16:56:59,436] {python.py:175} INFO - Done. Returned value was: None
[2022-12-04 16:56:59,766] {taskinstance.py:1277} INFO - Marking task as SUCCESS. dag_id=dag1, task_id=get_data, execution_date=20221109T165000, start_date=20221204T165658, end_date=20221204T165659
[2022-12-04 16:56:59,815] {local_task_job.py:154} INFO - Task exited with return code 0
[2022-12-04 16:56:59,864] {local_task_job.py:264} INFO - 1 downstream tasks scheduled from follow-on schedule check
