[2022-12-04 11:06:15,176] {taskinstance.py:1032} INFO - Dependencies all met for <TaskInstance: dag1.local_to_gcs_task scheduled__2022-11-04T05:40:00+00:00 [queued]>
[2022-12-04 11:06:15,242] {taskinstance.py:1032} INFO - Dependencies all met for <TaskInstance: dag1.local_to_gcs_task scheduled__2022-11-04T05:40:00+00:00 [queued]>
[2022-12-04 11:06:15,246] {taskinstance.py:1238} INFO - 
--------------------------------------------------------------------------------
[2022-12-04 11:06:15,250] {taskinstance.py:1239} INFO - Starting attempt 1 of 2
[2022-12-04 11:06:15,254] {taskinstance.py:1240} INFO - 
--------------------------------------------------------------------------------
[2022-12-04 11:06:15,305] {taskinstance.py:1259} INFO - Executing <Task(PythonOperator): local_to_gcs_task> on 2022-11-04 05:40:00+00:00
[2022-12-04 11:06:15,314] {standard_task_runner.py:52} INFO - Started process 12706 to run task
[2022-12-04 11:06:15,358] {standard_task_runner.py:76} INFO - Running: ['***', 'tasks', 'run', 'dag1', 'local_to_gcs_task', 'scheduled__2022-11-04T05:40:00+00:00', '--job-id', '5261', '--raw', '--subdir', 'DAGS_FOLDER/AirflowClean2.py', '--cfg-path', '/tmp/tmpeevsam29', '--error-file', '/tmp/tmp_kbpzf6g']
[2022-12-04 11:06:15,363] {standard_task_runner.py:77} INFO - Job 5261: Subtask local_to_gcs_task
[2022-12-04 11:06:15,658] {logging_mixin.py:109} INFO - Running <TaskInstance: dag1.local_to_gcs_task scheduled__2022-11-04T05:40:00+00:00 [running]> on host 9e44869ff3ef
[2022-12-04 11:06:15,932] {taskinstance.py:1426} INFO - Exporting the following env vars:
AIRFLOW_CTX_DAG_OWNER=Fadlil
AIRFLOW_CTX_DAG_ID=dag1
AIRFLOW_CTX_TASK_ID=local_to_gcs_task
AIRFLOW_CTX_EXECUTION_DATE=2022-11-04T05:40:00+00:00
AIRFLOW_CTX_DAG_RUN_ID=scheduled__2022-11-04T05:40:00+00:00
[2022-12-04 11:06:16,784] {python.py:175} INFO - Done. Returned value was: None
[2022-12-04 11:06:17,058] {taskinstance.py:1277} INFO - Marking task as SUCCESS. dag_id=dag1, task_id=local_to_gcs_task, execution_date=20221104T054000, start_date=20221204T110615, end_date=20221204T110617
[2022-12-04 11:06:17,353] {local_task_job.py:154} INFO - Task exited with return code 0
[2022-12-04 11:06:17,489] {local_task_job.py:264} INFO - 0 downstream tasks scheduled from follow-on schedule check
