[2022-12-04 11:50:20,941] {taskinstance.py:1032} INFO - Dependencies all met for <TaskInstance: dag1.save_to_parquet scheduled__2022-11-05T07:20:00+00:00 [queued]>
[2022-12-04 11:50:21,228] {taskinstance.py:1032} INFO - Dependencies all met for <TaskInstance: dag1.save_to_parquet scheduled__2022-11-05T07:20:00+00:00 [queued]>
[2022-12-04 11:50:21,261] {taskinstance.py:1238} INFO - 
--------------------------------------------------------------------------------
[2022-12-04 11:50:21,277] {taskinstance.py:1239} INFO - Starting attempt 1 of 2
[2022-12-04 11:50:21,323] {taskinstance.py:1240} INFO - 
--------------------------------------------------------------------------------
[2022-12-04 11:50:22,326] {taskinstance.py:1259} INFO - Executing <Task(PythonOperator): save_to_parquet> on 2022-11-05 07:20:00+00:00
[2022-12-04 11:50:22,409] {standard_task_runner.py:52} INFO - Started process 15584 to run task
[2022-12-04 11:50:22,548] {standard_task_runner.py:76} INFO - Running: ['***', 'tasks', 'run', 'dag1', 'save_to_parquet', 'scheduled__2022-11-05T07:20:00+00:00', '--job-id', '5987', '--raw', '--subdir', 'DAGS_FOLDER/AirflowClean2.py', '--cfg-path', '/tmp/tmpfbk816k8', '--error-file', '/tmp/tmpg_opxbca']
[2022-12-04 11:50:22,591] {standard_task_runner.py:77} INFO - Job 5987: Subtask save_to_parquet
[2022-12-04 11:50:23,851] {logging_mixin.py:109} INFO - Running <TaskInstance: dag1.save_to_parquet scheduled__2022-11-05T07:20:00+00:00 [running]> on host 9e44869ff3ef
[2022-12-04 11:50:25,163] {taskinstance.py:1426} INFO - Exporting the following env vars:
AIRFLOW_CTX_DAG_OWNER=Fadlil
AIRFLOW_CTX_DAG_ID=dag1
AIRFLOW_CTX_TASK_ID=save_to_parquet
AIRFLOW_CTX_EXECUTION_DATE=2022-11-05T07:20:00+00:00
AIRFLOW_CTX_DAG_RUN_ID=scheduled__2022-11-05T07:20:00+00:00
[2022-12-04 11:50:25,424] {python.py:175} INFO - Done. Returned value was: None
[2022-12-04 11:50:25,892] {taskinstance.py:1277} INFO - Marking task as SUCCESS. dag_id=dag1, task_id=save_to_parquet, execution_date=20221105T072000, start_date=20221204T115020, end_date=20221204T115025
[2022-12-04 11:50:26,497] {local_task_job.py:154} INFO - Task exited with return code 0
[2022-12-04 11:50:27,480] {local_task_job.py:264} INFO - 1 downstream tasks scheduled from follow-on schedule check
