[2022-12-04 02:59:25,920] {taskinstance.py:1032} INFO - Dependencies all met for <TaskInstance: dag1.get_data scheduled__2022-10-27T04:50:00+00:00 [queued]>
[2022-12-04 02:59:26,002] {taskinstance.py:1032} INFO - Dependencies all met for <TaskInstance: dag1.get_data scheduled__2022-10-27T04:50:00+00:00 [queued]>
[2022-12-04 02:59:26,003] {taskinstance.py:1238} INFO - 
--------------------------------------------------------------------------------
[2022-12-04 02:59:26,003] {taskinstance.py:1239} INFO - Starting attempt 1 of 2
[2022-12-04 02:59:26,004] {taskinstance.py:1240} INFO - 
--------------------------------------------------------------------------------
[2022-12-04 02:59:26,066] {taskinstance.py:1259} INFO - Executing <Task(PythonOperator): get_data> on 2022-10-27 04:50:00+00:00
[2022-12-04 02:59:26,073] {standard_task_runner.py:52} INFO - Started process 887 to run task
[2022-12-04 02:59:26,116] {standard_task_runner.py:76} INFO - Running: ['***', 'tasks', 'run', 'dag1', 'get_data', 'scheduled__2022-10-27T04:50:00+00:00', '--job-id', '719', '--raw', '--subdir', 'DAGS_FOLDER/AirflowClean2.py', '--cfg-path', '/tmp/tmpd_gw5lvh', '--error-file', '/tmp/tmpvghcg_j_']
[2022-12-04 02:59:26,126] {standard_task_runner.py:77} INFO - Job 719: Subtask get_data
[2022-12-04 02:59:26,541] {logging_mixin.py:109} INFO - Running <TaskInstance: dag1.get_data scheduled__2022-10-27T04:50:00+00:00 [running]> on host 422c372562ce
[2022-12-04 02:59:26,920] {taskinstance.py:1426} INFO - Exporting the following env vars:
AIRFLOW_CTX_DAG_OWNER=Fadlil
AIRFLOW_CTX_DAG_ID=dag1
AIRFLOW_CTX_TASK_ID=get_data
AIRFLOW_CTX_EXECUTION_DATE=2022-10-27T04:50:00+00:00
AIRFLOW_CTX_DAG_RUN_ID=scheduled__2022-10-27T04:50:00+00:00
[2022-12-04 02:59:27,922] {python.py:175} INFO - Done. Returned value was: None
[2022-12-04 02:59:27,983] {taskinstance.py:1277} INFO - Marking task as SUCCESS. dag_id=dag1, task_id=get_data, execution_date=20221027T045000, start_date=20221204T025925, end_date=20221204T025927
[2022-12-04 02:59:28,048] {local_task_job.py:154} INFO - Task exited with return code 0
[2022-12-04 02:59:28,369] {local_task_job.py:264} INFO - 1 downstream tasks scheduled from follow-on schedule check
