[2022-12-04 04:34:54,893] {taskinstance.py:1032} INFO - Dependencies all met for <TaskInstance: dag1.save_to_csv scheduled__2022-10-28T16:00:00+00:00 [queued]>
[2022-12-04 04:34:55,205] {taskinstance.py:1032} INFO - Dependencies all met for <TaskInstance: dag1.save_to_csv scheduled__2022-10-28T16:00:00+00:00 [queued]>
[2022-12-04 04:34:55,212] {taskinstance.py:1238} INFO - 
--------------------------------------------------------------------------------
[2022-12-04 04:34:55,212] {taskinstance.py:1239} INFO - Starting attempt 1 of 2
[2022-12-04 04:34:55,220] {taskinstance.py:1240} INFO - 
--------------------------------------------------------------------------------
[2022-12-04 04:34:55,366] {taskinstance.py:1259} INFO - Executing <Task(PythonOperator): save_to_csv> on 2022-10-28 16:00:00+00:00
[2022-12-04 04:34:55,374] {standard_task_runner.py:52} INFO - Started process 5778 to run task
[2022-12-04 04:34:55,390] {standard_task_runner.py:76} INFO - Running: ['***', 'tasks', 'run', 'dag1', 'save_to_csv', 'scheduled__2022-10-28T16:00:00+00:00', '--job-id', '1556', '--raw', '--subdir', 'DAGS_FOLDER/AirflowClean2.py', '--cfg-path', '/tmp/tmpgo0_3c7j', '--error-file', '/tmp/tmpqt3hjnrv']
[2022-12-04 04:34:55,488] {standard_task_runner.py:77} INFO - Job 1556: Subtask save_to_csv
[2022-12-04 04:34:56,299] {logging_mixin.py:109} INFO - Running <TaskInstance: dag1.save_to_csv scheduled__2022-10-28T16:00:00+00:00 [running]> on host 422c372562ce
[2022-12-04 04:34:57,054] {taskinstance.py:1426} INFO - Exporting the following env vars:
AIRFLOW_CTX_DAG_OWNER=Fadlil
AIRFLOW_CTX_DAG_ID=dag1
AIRFLOW_CTX_TASK_ID=save_to_csv
AIRFLOW_CTX_EXECUTION_DATE=2022-10-28T16:00:00+00:00
AIRFLOW_CTX_DAG_RUN_ID=scheduled__2022-10-28T16:00:00+00:00
[2022-12-04 04:34:57,390] {python.py:175} INFO - Done. Returned value was: None
[2022-12-04 04:34:57,859] {taskinstance.py:1277} INFO - Marking task as SUCCESS. dag_id=dag1, task_id=save_to_csv, execution_date=20221028T160000, start_date=20221204T043454, end_date=20221204T043457
[2022-12-04 04:34:58,098] {local_task_job.py:154} INFO - Task exited with return code 0
[2022-12-04 04:34:58,798] {local_task_job.py:264} INFO - 1 downstream tasks scheduled from follow-on schedule check
