[2022-12-04 02:47:33,108] {taskinstance.py:1032} INFO - Dependencies all met for <TaskInstance: dag1.get_data scheduled__2022-10-26T23:50:00+00:00 [queued]>
[2022-12-04 02:47:33,600] {taskinstance.py:1032} INFO - Dependencies all met for <TaskInstance: dag1.get_data scheduled__2022-10-26T23:50:00+00:00 [queued]>
[2022-12-04 02:47:33,647] {taskinstance.py:1238} INFO - 
--------------------------------------------------------------------------------
[2022-12-04 02:47:33,672] {taskinstance.py:1239} INFO - Starting attempt 1 of 2
[2022-12-04 02:47:33,689] {taskinstance.py:1240} INFO - 
--------------------------------------------------------------------------------
[2022-12-04 02:47:34,431] {taskinstance.py:1259} INFO - Executing <Task(PythonOperator): get_data> on 2022-10-26 23:50:00+00:00
[2022-12-04 02:47:34,652] {standard_task_runner.py:76} INFO - Running: ['***', 'tasks', 'run', 'dag1', 'get_data', 'scheduled__2022-10-26T23:50:00+00:00', '--job-id', '604', '--raw', '--subdir', 'DAGS_FOLDER/AirflowClean2.py', '--cfg-path', '/tmp/tmp__2e9ky_', '--error-file', '/tmp/tmpw8jf7oop']
[2022-12-04 02:47:34,700] {standard_task_runner.py:52} INFO - Started process 149 to run task
[2022-12-04 02:47:35,180] {standard_task_runner.py:77} INFO - Job 604: Subtask get_data
[2022-12-04 02:47:36,762] {logging_mixin.py:109} INFO - Running <TaskInstance: dag1.get_data scheduled__2022-10-26T23:50:00+00:00 [running]> on host 422c372562ce
[2022-12-04 02:47:39,256] {taskinstance.py:1426} INFO - Exporting the following env vars:
AIRFLOW_CTX_DAG_OWNER=Fadlil
AIRFLOW_CTX_DAG_ID=dag1
AIRFLOW_CTX_TASK_ID=get_data
AIRFLOW_CTX_EXECUTION_DATE=2022-10-26T23:50:00+00:00
AIRFLOW_CTX_DAG_RUN_ID=scheduled__2022-10-26T23:50:00+00:00
[2022-12-04 02:47:41,965] {python.py:175} INFO - Done. Returned value was: None
[2022-12-04 02:47:42,408] {taskinstance.py:1277} INFO - Marking task as SUCCESS. dag_id=dag1, task_id=get_data, execution_date=20221026T235000, start_date=20221204T024733, end_date=20221204T024742
[2022-12-04 02:47:42,935] {local_task_job.py:154} INFO - Task exited with return code 0
[2022-12-04 02:47:44,153] {local_task_job.py:264} INFO - 1 downstream tasks scheduled from follow-on schedule check
