[2022-12-04 12:08:54,184] {taskinstance.py:1032} INFO - Dependencies all met for <TaskInstance: dag1.save_to_parquet scheduled__2022-11-05T16:10:00+00:00 [queued]>
[2022-12-04 12:08:54,206] {taskinstance.py:1032} INFO - Dependencies all met for <TaskInstance: dag1.save_to_parquet scheduled__2022-11-05T16:10:00+00:00 [queued]>
[2022-12-04 12:08:54,206] {taskinstance.py:1238} INFO - 
--------------------------------------------------------------------------------
[2022-12-04 12:08:54,207] {taskinstance.py:1239} INFO - Starting attempt 1 of 2
[2022-12-04 12:08:54,207] {taskinstance.py:1240} INFO - 
--------------------------------------------------------------------------------
[2022-12-04 12:08:54,236] {taskinstance.py:1259} INFO - Executing <Task(PythonOperator): save_to_parquet> on 2022-11-05 16:10:00+00:00
[2022-12-04 12:08:54,245] {standard_task_runner.py:52} INFO - Started process 17115 to run task
[2022-12-04 12:08:54,251] {standard_task_runner.py:76} INFO - Running: ['***', 'tasks', 'run', 'dag1', 'save_to_parquet', 'scheduled__2022-11-05T16:10:00+00:00', '--job-id', '6283', '--raw', '--subdir', 'DAGS_FOLDER/AirflowClean2.py', '--cfg-path', '/tmp/tmp6hczzhs5', '--error-file', '/tmp/tmplqw98y32']
[2022-12-04 12:08:54,253] {standard_task_runner.py:77} INFO - Job 6283: Subtask save_to_parquet
[2022-12-04 12:08:54,361] {logging_mixin.py:109} INFO - Running <TaskInstance: dag1.save_to_parquet scheduled__2022-11-05T16:10:00+00:00 [running]> on host 9e44869ff3ef
[2022-12-04 12:08:54,705] {taskinstance.py:1426} INFO - Exporting the following env vars:
AIRFLOW_CTX_DAG_OWNER=Fadlil
AIRFLOW_CTX_DAG_ID=dag1
AIRFLOW_CTX_TASK_ID=save_to_parquet
AIRFLOW_CTX_EXECUTION_DATE=2022-11-05T16:10:00+00:00
AIRFLOW_CTX_DAG_RUN_ID=scheduled__2022-11-05T16:10:00+00:00
[2022-12-04 12:08:54,841] {python.py:175} INFO - Done. Returned value was: None
[2022-12-04 12:08:56,092] {taskinstance.py:1277} INFO - Marking task as SUCCESS. dag_id=dag1, task_id=save_to_parquet, execution_date=20221105T161000, start_date=20221204T120854, end_date=20221204T120856
[2022-12-04 12:08:56,404] {local_task_job.py:154} INFO - Task exited with return code 0
[2022-12-04 12:08:56,760] {local_task_job.py:264} INFO - 1 downstream tasks scheduled from follow-on schedule check
