[2022-12-04 04:35:48,944] {taskinstance.py:1032} INFO - Dependencies all met for <TaskInstance: dag1.get_data scheduled__2022-10-28T16:20:00+00:00 [queued]>
[2022-12-04 04:35:49,001] {taskinstance.py:1032} INFO - Dependencies all met for <TaskInstance: dag1.get_data scheduled__2022-10-28T16:20:00+00:00 [queued]>
[2022-12-04 04:35:49,008] {taskinstance.py:1238} INFO - 
--------------------------------------------------------------------------------
[2022-12-04 04:35:49,027] {taskinstance.py:1239} INFO - Starting attempt 1 of 2
[2022-12-04 04:35:49,028] {taskinstance.py:1240} INFO - 
--------------------------------------------------------------------------------
[2022-12-04 04:35:49,125] {taskinstance.py:1259} INFO - Executing <Task(PythonOperator): get_data> on 2022-10-28 16:20:00+00:00
[2022-12-04 04:35:49,131] {standard_task_runner.py:52} INFO - Started process 5811 to run task
[2022-12-04 04:35:49,140] {standard_task_runner.py:76} INFO - Running: ['***', 'tasks', 'run', 'dag1', 'get_data', 'scheduled__2022-10-28T16:20:00+00:00', '--job-id', '1563', '--raw', '--subdir', 'DAGS_FOLDER/AirflowClean2.py', '--cfg-path', '/tmp/tmpuui8thd8', '--error-file', '/tmp/tmp9vk3d72k']
[2022-12-04 04:35:49,156] {standard_task_runner.py:77} INFO - Job 1563: Subtask get_data
[2022-12-04 04:35:49,410] {logging_mixin.py:109} INFO - Running <TaskInstance: dag1.get_data scheduled__2022-10-28T16:20:00+00:00 [running]> on host 422c372562ce
[2022-12-04 04:35:49,835] {taskinstance.py:1426} INFO - Exporting the following env vars:
AIRFLOW_CTX_DAG_OWNER=Fadlil
AIRFLOW_CTX_DAG_ID=dag1
AIRFLOW_CTX_TASK_ID=get_data
AIRFLOW_CTX_EXECUTION_DATE=2022-10-28T16:20:00+00:00
AIRFLOW_CTX_DAG_RUN_ID=scheduled__2022-10-28T16:20:00+00:00
[2022-12-04 04:35:50,897] {python.py:175} INFO - Done. Returned value was: None
[2022-12-04 04:35:51,974] {taskinstance.py:1277} INFO - Marking task as SUCCESS. dag_id=dag1, task_id=get_data, execution_date=20221028T162000, start_date=20221204T043548, end_date=20221204T043551
[2022-12-04 04:35:52,160] {local_task_job.py:154} INFO - Task exited with return code 0
[2022-12-04 04:35:52,563] {local_task_job.py:264} INFO - 1 downstream tasks scheduled from follow-on schedule check
