[2022-12-04 10:53:08,152] {taskinstance.py:1032} INFO - Dependencies all met for <TaskInstance: dag1.local_to_gcs_task scheduled__2022-11-02T19:20:00+00:00 [queued]>
[2022-12-04 10:53:08,201] {taskinstance.py:1032} INFO - Dependencies all met for <TaskInstance: dag1.local_to_gcs_task scheduled__2022-11-02T19:20:00+00:00 [queued]>
[2022-12-04 10:53:08,212] {taskinstance.py:1238} INFO - 
--------------------------------------------------------------------------------
[2022-12-04 10:53:08,213] {taskinstance.py:1239} INFO - Starting attempt 1 of 2
[2022-12-04 10:53:08,218] {taskinstance.py:1240} INFO - 
--------------------------------------------------------------------------------
[2022-12-04 10:53:08,304] {taskinstance.py:1259} INFO - Executing <Task(PythonOperator): local_to_gcs_task> on 2022-11-02 19:20:00+00:00
[2022-12-04 10:53:08,326] {standard_task_runner.py:52} INFO - Started process 9859 to run task
[2022-12-04 10:53:08,364] {standard_task_runner.py:76} INFO - Running: ['***', 'tasks', 'run', 'dag1', 'local_to_gcs_task', 'scheduled__2022-11-02T19:20:00+00:00', '--job-id', '4434', '--raw', '--subdir', 'DAGS_FOLDER/AirflowClean2.py', '--cfg-path', '/tmp/tmpad4tgwr4', '--error-file', '/tmp/tmpw3c_ww3b']
[2022-12-04 10:53:08,366] {standard_task_runner.py:77} INFO - Job 4434: Subtask local_to_gcs_task
[2022-12-04 10:53:08,598] {logging_mixin.py:109} INFO - Running <TaskInstance: dag1.local_to_gcs_task scheduled__2022-11-02T19:20:00+00:00 [running]> on host 9e44869ff3ef
[2022-12-04 10:53:08,801] {taskinstance.py:1426} INFO - Exporting the following env vars:
AIRFLOW_CTX_DAG_OWNER=Fadlil
AIRFLOW_CTX_DAG_ID=dag1
AIRFLOW_CTX_TASK_ID=local_to_gcs_task
AIRFLOW_CTX_EXECUTION_DATE=2022-11-02T19:20:00+00:00
AIRFLOW_CTX_DAG_RUN_ID=scheduled__2022-11-02T19:20:00+00:00
[2022-12-04 10:53:10,005] {python.py:175} INFO - Done. Returned value was: None
[2022-12-04 10:53:10,462] {taskinstance.py:1277} INFO - Marking task as SUCCESS. dag_id=dag1, task_id=local_to_gcs_task, execution_date=20221102T192000, start_date=20221204T105308, end_date=20221204T105310
[2022-12-04 10:53:10,546] {local_task_job.py:154} INFO - Task exited with return code 0
[2022-12-04 10:53:10,704] {local_task_job.py:264} INFO - 0 downstream tasks scheduled from follow-on schedule check
