[2022-12-04 04:27:38,878] {taskinstance.py:1032} INFO - Dependencies all met for <TaskInstance: dag1.save_to_csv scheduled__2022-10-28T11:50:00+00:00 [queued]>
[2022-12-04 04:27:38,945] {taskinstance.py:1032} INFO - Dependencies all met for <TaskInstance: dag1.save_to_csv scheduled__2022-10-28T11:50:00+00:00 [queued]>
[2022-12-04 04:27:38,946] {taskinstance.py:1238} INFO - 
--------------------------------------------------------------------------------
[2022-12-04 04:27:38,947] {taskinstance.py:1239} INFO - Starting attempt 1 of 2
[2022-12-04 04:27:38,951] {taskinstance.py:1240} INFO - 
--------------------------------------------------------------------------------
[2022-12-04 04:27:39,007] {taskinstance.py:1259} INFO - Executing <Task(PythonOperator): save_to_csv> on 2022-10-28 11:50:00+00:00
[2022-12-04 04:27:39,015] {standard_task_runner.py:52} INFO - Started process 5264 to run task
[2022-12-04 04:27:39,044] {standard_task_runner.py:76} INFO - Running: ['***', 'tasks', 'run', 'dag1', 'save_to_csv', 'scheduled__2022-10-28T11:50:00+00:00', '--job-id', '1455', '--raw', '--subdir', 'DAGS_FOLDER/AirflowClean2.py', '--cfg-path', '/tmp/tmpxjs2my3n', '--error-file', '/tmp/tmp65i5the_']
[2022-12-04 04:27:39,060] {standard_task_runner.py:77} INFO - Job 1455: Subtask save_to_csv
[2022-12-04 04:27:39,298] {logging_mixin.py:109} INFO - Running <TaskInstance: dag1.save_to_csv scheduled__2022-10-28T11:50:00+00:00 [running]> on host 422c372562ce
[2022-12-04 04:27:39,618] {taskinstance.py:1426} INFO - Exporting the following env vars:
AIRFLOW_CTX_DAG_OWNER=Fadlil
AIRFLOW_CTX_DAG_ID=dag1
AIRFLOW_CTX_TASK_ID=save_to_csv
AIRFLOW_CTX_EXECUTION_DATE=2022-10-28T11:50:00+00:00
AIRFLOW_CTX_DAG_RUN_ID=scheduled__2022-10-28T11:50:00+00:00
[2022-12-04 04:27:39,756] {python.py:175} INFO - Done. Returned value was: None
[2022-12-04 04:27:40,281] {taskinstance.py:1277} INFO - Marking task as SUCCESS. dag_id=dag1, task_id=save_to_csv, execution_date=20221028T115000, start_date=20221204T042738, end_date=20221204T042740
[2022-12-04 04:27:40,402] {local_task_job.py:154} INFO - Task exited with return code 0
[2022-12-04 04:27:40,779] {local_task_job.py:264} INFO - 1 downstream tasks scheduled from follow-on schedule check
