[2022-12-04 14:17:58,221] {taskinstance.py:1032} INFO - Dependencies all met for <TaskInstance: dag1.local_to_gcs_task scheduled__2022-11-08T05:00:00+00:00 [queued]>
[2022-12-04 14:17:58,238] {taskinstance.py:1032} INFO - Dependencies all met for <TaskInstance: dag1.local_to_gcs_task scheduled__2022-11-08T05:00:00+00:00 [queued]>
[2022-12-04 14:17:58,239] {taskinstance.py:1238} INFO - 
--------------------------------------------------------------------------------
[2022-12-04 14:17:58,239] {taskinstance.py:1239} INFO - Starting attempt 1 of 2
[2022-12-04 14:17:58,240] {taskinstance.py:1240} INFO - 
--------------------------------------------------------------------------------
[2022-12-04 14:17:58,260] {taskinstance.py:1259} INFO - Executing <Task(PythonOperator): local_to_gcs_task> on 2022-11-08 05:00:00+00:00
[2022-12-04 14:17:58,268] {standard_task_runner.py:52} INFO - Started process 9053 to run task
[2022-12-04 14:17:58,274] {standard_task_runner.py:76} INFO - Running: ['***', 'tasks', 'run', 'dag1', 'local_to_gcs_task', 'scheduled__2022-11-08T05:00:00+00:00', '--job-id', '8610', '--raw', '--subdir', 'DAGS_FOLDER/AirflowClean2.py', '--cfg-path', '/tmp/tmpzeh3quy9', '--error-file', '/tmp/tmp33l7yrj1']
[2022-12-04 14:17:58,276] {standard_task_runner.py:77} INFO - Job 8610: Subtask local_to_gcs_task
[2022-12-04 14:17:58,416] {logging_mixin.py:109} INFO - Running <TaskInstance: dag1.local_to_gcs_task scheduled__2022-11-08T05:00:00+00:00 [running]> on host 7a020590adae
[2022-12-04 14:17:58,627] {taskinstance.py:1426} INFO - Exporting the following env vars:
AIRFLOW_CTX_DAG_OWNER=Fadlil
AIRFLOW_CTX_DAG_ID=dag1
AIRFLOW_CTX_TASK_ID=local_to_gcs_task
AIRFLOW_CTX_EXECUTION_DATE=2022-11-08T05:00:00+00:00
AIRFLOW_CTX_DAG_RUN_ID=scheduled__2022-11-08T05:00:00+00:00
[2022-12-04 14:17:59,347] {python.py:175} INFO - Done. Returned value was: None
[2022-12-04 14:17:59,475] {taskinstance.py:1277} INFO - Marking task as SUCCESS. dag_id=dag1, task_id=local_to_gcs_task, execution_date=20221108T050000, start_date=20221204T141758, end_date=20221204T141759
[2022-12-04 14:17:59,545] {local_task_job.py:154} INFO - Task exited with return code 0
[2022-12-04 14:17:59,609] {local_task_job.py:264} INFO - 1 downstream tasks scheduled from follow-on schedule check
