[2022-12-04 10:48:53,881] {taskinstance.py:1032} INFO - Dependencies all met for <TaskInstance: dag1.save_to_csv scheduled__2022-11-02T08:30:00+00:00 [queued]>
[2022-12-04 10:48:53,990] {taskinstance.py:1032} INFO - Dependencies all met for <TaskInstance: dag1.save_to_csv scheduled__2022-11-02T08:30:00+00:00 [queued]>
[2022-12-04 10:48:54,000] {taskinstance.py:1238} INFO - 
--------------------------------------------------------------------------------
[2022-12-04 10:48:54,000] {taskinstance.py:1239} INFO - Starting attempt 1 of 2
[2022-12-04 10:48:54,001] {taskinstance.py:1240} INFO - 
--------------------------------------------------------------------------------
[2022-12-04 10:48:54,067] {taskinstance.py:1259} INFO - Executing <Task(PythonOperator): save_to_csv> on 2022-11-02 08:30:00+00:00
[2022-12-04 10:48:54,099] {standard_task_runner.py:52} INFO - Started process 8887 to run task
[2022-12-04 10:48:54,118] {standard_task_runner.py:76} INFO - Running: ['***', 'tasks', 'run', 'dag1', 'save_to_csv', 'scheduled__2022-11-02T08:30:00+00:00', '--job-id', '4154', '--raw', '--subdir', 'DAGS_FOLDER/AirflowClean2.py', '--cfg-path', '/tmp/tmprpd_enev', '--error-file', '/tmp/tmp_dyd3ru6']
[2022-12-04 10:48:54,130] {standard_task_runner.py:77} INFO - Job 4154: Subtask save_to_csv
[2022-12-04 10:48:55,005] {logging_mixin.py:109} INFO - Running <TaskInstance: dag1.save_to_csv scheduled__2022-11-02T08:30:00+00:00 [running]> on host 9e44869ff3ef
[2022-12-04 10:48:55,326] {taskinstance.py:1426} INFO - Exporting the following env vars:
AIRFLOW_CTX_DAG_OWNER=Fadlil
AIRFLOW_CTX_DAG_ID=dag1
AIRFLOW_CTX_TASK_ID=save_to_csv
AIRFLOW_CTX_EXECUTION_DATE=2022-11-02T08:30:00+00:00
AIRFLOW_CTX_DAG_RUN_ID=scheduled__2022-11-02T08:30:00+00:00
[2022-12-04 10:48:55,519] {python.py:175} INFO - Done. Returned value was: None
[2022-12-04 10:48:55,571] {taskinstance.py:1277} INFO - Marking task as SUCCESS. dag_id=dag1, task_id=save_to_csv, execution_date=20221102T083000, start_date=20221204T104853, end_date=20221204T104855
[2022-12-04 10:48:55,715] {local_task_job.py:154} INFO - Task exited with return code 0
[2022-12-04 10:48:56,137] {local_task_job.py:264} INFO - 1 downstream tasks scheduled from follow-on schedule check
