[2022-12-04 11:02:01,625] {taskinstance.py:1032} INFO - Dependencies all met for <TaskInstance: dag1.save_to_parquet scheduled__2022-11-03T19:30:00+00:00 [queued]>
[2022-12-04 11:02:01,761] {taskinstance.py:1032} INFO - Dependencies all met for <TaskInstance: dag1.save_to_parquet scheduled__2022-11-03T19:30:00+00:00 [queued]>
[2022-12-04 11:02:01,781] {taskinstance.py:1238} INFO - 
--------------------------------------------------------------------------------
[2022-12-04 11:02:01,784] {taskinstance.py:1239} INFO - Starting attempt 1 of 2
[2022-12-04 11:02:01,797] {taskinstance.py:1240} INFO - 
--------------------------------------------------------------------------------
[2022-12-04 11:02:01,939] {taskinstance.py:1259} INFO - Executing <Task(PythonOperator): save_to_parquet> on 2022-11-03 19:30:00+00:00
[2022-12-04 11:02:01,990] {standard_task_runner.py:52} INFO - Started process 11819 to run task
[2022-12-04 11:02:02,158] {standard_task_runner.py:76} INFO - Running: ['***', 'tasks', 'run', 'dag1', 'save_to_parquet', 'scheduled__2022-11-03T19:30:00+00:00', '--job-id', '5005', '--raw', '--subdir', 'DAGS_FOLDER/AirflowClean2.py', '--cfg-path', '/tmp/tmpzheqsoy4', '--error-file', '/tmp/tmpmprs2v8h']
[2022-12-04 11:02:02,160] {standard_task_runner.py:77} INFO - Job 5005: Subtask save_to_parquet
[2022-12-04 11:02:02,569] {logging_mixin.py:109} INFO - Running <TaskInstance: dag1.save_to_parquet scheduled__2022-11-03T19:30:00+00:00 [running]> on host 9e44869ff3ef
[2022-12-04 11:02:03,082] {taskinstance.py:1426} INFO - Exporting the following env vars:
AIRFLOW_CTX_DAG_OWNER=Fadlil
AIRFLOW_CTX_DAG_ID=dag1
AIRFLOW_CTX_TASK_ID=save_to_parquet
AIRFLOW_CTX_EXECUTION_DATE=2022-11-03T19:30:00+00:00
AIRFLOW_CTX_DAG_RUN_ID=scheduled__2022-11-03T19:30:00+00:00
[2022-12-04 11:02:04,489] {python.py:175} INFO - Done. Returned value was: None
[2022-12-04 11:02:04,531] {taskinstance.py:1277} INFO - Marking task as SUCCESS. dag_id=dag1, task_id=save_to_parquet, execution_date=20221103T193000, start_date=20221204T110201, end_date=20221204T110204
[2022-12-04 11:02:04,649] {local_task_job.py:154} INFO - Task exited with return code 0
[2022-12-04 11:02:05,643] {local_task_job.py:264} INFO - 0 downstream tasks scheduled from follow-on schedule check
