[2022-12-04 10:49:08,770] {taskinstance.py:1032} INFO - Dependencies all met for <TaskInstance: dag1.local_to_gcs_task scheduled__2022-11-02T08:10:00+00:00 [queued]>
[2022-12-04 10:49:08,861] {taskinstance.py:1032} INFO - Dependencies all met for <TaskInstance: dag1.local_to_gcs_task scheduled__2022-11-02T08:10:00+00:00 [queued]>
[2022-12-04 10:49:08,864] {taskinstance.py:1238} INFO - 
--------------------------------------------------------------------------------
[2022-12-04 10:49:08,873] {taskinstance.py:1239} INFO - Starting attempt 1 of 2
[2022-12-04 10:49:08,875] {taskinstance.py:1240} INFO - 
--------------------------------------------------------------------------------
[2022-12-04 10:49:08,970] {taskinstance.py:1259} INFO - Executing <Task(PythonOperator): local_to_gcs_task> on 2022-11-02 08:10:00+00:00
[2022-12-04 10:49:08,983] {standard_task_runner.py:52} INFO - Started process 8949 to run task
[2022-12-04 10:49:09,021] {standard_task_runner.py:76} INFO - Running: ['***', 'tasks', 'run', 'dag1', 'local_to_gcs_task', 'scheduled__2022-11-02T08:10:00+00:00', '--job-id', '4169', '--raw', '--subdir', 'DAGS_FOLDER/AirflowClean2.py', '--cfg-path', '/tmp/tmpyal18r7k', '--error-file', '/tmp/tmpevs4n20f']
[2022-12-04 10:49:09,073] {standard_task_runner.py:77} INFO - Job 4169: Subtask local_to_gcs_task
[2022-12-04 10:49:09,597] {logging_mixin.py:109} INFO - Running <TaskInstance: dag1.local_to_gcs_task scheduled__2022-11-02T08:10:00+00:00 [running]> on host 9e44869ff3ef
[2022-12-04 10:49:10,405] {taskinstance.py:1426} INFO - Exporting the following env vars:
AIRFLOW_CTX_DAG_OWNER=Fadlil
AIRFLOW_CTX_DAG_ID=dag1
AIRFLOW_CTX_TASK_ID=local_to_gcs_task
AIRFLOW_CTX_EXECUTION_DATE=2022-11-02T08:10:00+00:00
AIRFLOW_CTX_DAG_RUN_ID=scheduled__2022-11-02T08:10:00+00:00
[2022-12-04 10:49:11,126] {python.py:175} INFO - Done. Returned value was: None
[2022-12-04 10:49:11,555] {taskinstance.py:1277} INFO - Marking task as SUCCESS. dag_id=dag1, task_id=local_to_gcs_task, execution_date=20221102T081000, start_date=20221204T104908, end_date=20221204T104911
[2022-12-04 10:49:11,699] {local_task_job.py:154} INFO - Task exited with return code 0
[2022-12-04 10:49:11,907] {local_task_job.py:264} INFO - 0 downstream tasks scheduled from follow-on schedule check
