[2022-12-04 09:28:00,581] {taskinstance.py:1032} INFO - Dependencies all met for <TaskInstance: dag1.get_data scheduled__2022-10-30T01:40:00+00:00 [queued]>
[2022-12-04 09:28:00,605] {taskinstance.py:1032} INFO - Dependencies all met for <TaskInstance: dag1.get_data scheduled__2022-10-30T01:40:00+00:00 [queued]>
[2022-12-04 09:28:00,608] {taskinstance.py:1238} INFO - 
--------------------------------------------------------------------------------
[2022-12-04 09:28:00,608] {taskinstance.py:1239} INFO - Starting attempt 1 of 2
[2022-12-04 09:28:00,609] {taskinstance.py:1240} INFO - 
--------------------------------------------------------------------------------
[2022-12-04 09:28:00,644] {taskinstance.py:1259} INFO - Executing <Task(PythonOperator): get_data> on 2022-10-30 01:40:00+00:00
[2022-12-04 09:28:00,652] {standard_task_runner.py:52} INFO - Started process 731 to run task
[2022-12-04 09:28:00,661] {standard_task_runner.py:76} INFO - Running: ['***', 'tasks', 'run', 'dag1', 'get_data', 'scheduled__2022-10-30T01:40:00+00:00', '--job-id', '2351', '--raw', '--subdir', 'DAGS_FOLDER/AirflowClean2.py', '--cfg-path', '/tmp/tmpirmu29hz', '--error-file', '/tmp/tmps0f_pur7']
[2022-12-04 09:28:00,691] {standard_task_runner.py:77} INFO - Job 2351: Subtask get_data
[2022-12-04 09:28:00,930] {logging_mixin.py:109} INFO - Running <TaskInstance: dag1.get_data scheduled__2022-10-30T01:40:00+00:00 [running]> on host 9e44869ff3ef
[2022-12-04 09:28:01,044] {taskinstance.py:1426} INFO - Exporting the following env vars:
AIRFLOW_CTX_DAG_OWNER=Fadlil
AIRFLOW_CTX_DAG_ID=dag1
AIRFLOW_CTX_TASK_ID=get_data
AIRFLOW_CTX_EXECUTION_DATE=2022-10-30T01:40:00+00:00
AIRFLOW_CTX_DAG_RUN_ID=scheduled__2022-10-30T01:40:00+00:00
[2022-12-04 09:28:01,781] {python.py:175} INFO - Done. Returned value was: None
[2022-12-04 09:28:02,322] {taskinstance.py:1277} INFO - Marking task as SUCCESS. dag_id=dag1, task_id=get_data, execution_date=20221030T014000, start_date=20221204T092800, end_date=20221204T092802
[2022-12-04 09:28:02,483] {local_task_job.py:154} INFO - Task exited with return code 0
[2022-12-04 09:28:02,717] {local_task_job.py:264} INFO - 1 downstream tasks scheduled from follow-on schedule check
