[2022-12-04 10:43:04,062] {taskinstance.py:1032} INFO - Dependencies all met for <TaskInstance: dag1.get_data scheduled__2022-11-01T19:00:00+00:00 [queued]>
[2022-12-04 10:43:04,114] {taskinstance.py:1032} INFO - Dependencies all met for <TaskInstance: dag1.get_data scheduled__2022-11-01T19:00:00+00:00 [queued]>
[2022-12-04 10:43:04,116] {taskinstance.py:1238} INFO - 
--------------------------------------------------------------------------------
[2022-12-04 10:43:04,117] {taskinstance.py:1239} INFO - Starting attempt 1 of 2
[2022-12-04 10:43:04,117] {taskinstance.py:1240} INFO - 
--------------------------------------------------------------------------------
[2022-12-04 10:43:04,168] {taskinstance.py:1259} INFO - Executing <Task(PythonOperator): get_data> on 2022-11-01 19:00:00+00:00
[2022-12-04 10:43:04,177] {standard_task_runner.py:52} INFO - Started process 7704 to run task
[2022-12-04 10:43:04,201] {standard_task_runner.py:76} INFO - Running: ['***', 'tasks', 'run', 'dag1', 'get_data', 'scheduled__2022-11-01T19:00:00+00:00', '--job-id', '3818', '--raw', '--subdir', 'DAGS_FOLDER/AirflowClean2.py', '--cfg-path', '/tmp/tmp4egyihgr', '--error-file', '/tmp/tmp5780_068']
[2022-12-04 10:43:04,214] {standard_task_runner.py:77} INFO - Job 3818: Subtask get_data
[2022-12-04 10:43:04,429] {logging_mixin.py:109} INFO - Running <TaskInstance: dag1.get_data scheduled__2022-11-01T19:00:00+00:00 [running]> on host 9e44869ff3ef
[2022-12-04 10:43:04,792] {taskinstance.py:1426} INFO - Exporting the following env vars:
AIRFLOW_CTX_DAG_OWNER=Fadlil
AIRFLOW_CTX_DAG_ID=dag1
AIRFLOW_CTX_TASK_ID=get_data
AIRFLOW_CTX_EXECUTION_DATE=2022-11-01T19:00:00+00:00
AIRFLOW_CTX_DAG_RUN_ID=scheduled__2022-11-01T19:00:00+00:00
[2022-12-04 10:43:05,572] {python.py:175} INFO - Done. Returned value was: None
[2022-12-04 10:43:05,613] {taskinstance.py:1277} INFO - Marking task as SUCCESS. dag_id=dag1, task_id=get_data, execution_date=20221101T190000, start_date=20221204T104304, end_date=20221204T104305
[2022-12-04 10:43:05,817] {local_task_job.py:154} INFO - Task exited with return code 0
[2022-12-04 10:43:06,126] {local_task_job.py:264} INFO - 1 downstream tasks scheduled from follow-on schedule check
