[2022-12-04 14:34:33,854] {taskinstance.py:1032} INFO - Dependencies all met for <TaskInstance: dag1.save_to_parquet scheduled__2022-11-08T13:00:00+00:00 [queued]>
[2022-12-04 14:34:34,091] {taskinstance.py:1032} INFO - Dependencies all met for <TaskInstance: dag1.save_to_parquet scheduled__2022-11-08T13:00:00+00:00 [queued]>
[2022-12-04 14:34:34,105] {taskinstance.py:1238} INFO - 
--------------------------------------------------------------------------------
[2022-12-04 14:34:34,107] {taskinstance.py:1239} INFO - Starting attempt 1 of 2
[2022-12-04 14:34:34,107] {taskinstance.py:1240} INFO - 
--------------------------------------------------------------------------------
[2022-12-04 14:34:34,258] {taskinstance.py:1259} INFO - Executing <Task(PythonOperator): save_to_parquet> on 2022-11-08 13:00:00+00:00
[2022-12-04 14:34:34,342] {standard_task_runner.py:76} INFO - Running: ['***', 'tasks', 'run', 'dag1', 'save_to_parquet', 'scheduled__2022-11-08T13:00:00+00:00', '--job-id', '8918', '--raw', '--subdir', 'DAGS_FOLDER/AirflowClean2.py', '--cfg-path', '/tmp/tmpkhd_jwuq', '--error-file', '/tmp/tmpk4lbhyn4']
[2022-12-04 14:34:34,363] {standard_task_runner.py:77} INFO - Job 8918: Subtask save_to_parquet
[2022-12-04 14:34:34,294] {standard_task_runner.py:52} INFO - Started process 10545 to run task
[2022-12-04 14:34:35,412] {logging_mixin.py:109} INFO - Running <TaskInstance: dag1.save_to_parquet scheduled__2022-11-08T13:00:00+00:00 [running]> on host 7a020590adae
[2022-12-04 14:34:36,424] {taskinstance.py:1426} INFO - Exporting the following env vars:
AIRFLOW_CTX_DAG_OWNER=Fadlil
AIRFLOW_CTX_DAG_ID=dag1
AIRFLOW_CTX_TASK_ID=save_to_parquet
AIRFLOW_CTX_EXECUTION_DATE=2022-11-08T13:00:00+00:00
AIRFLOW_CTX_DAG_RUN_ID=scheduled__2022-11-08T13:00:00+00:00
[2022-12-04 14:34:37,171] {python.py:175} INFO - Done. Returned value was: None
[2022-12-04 14:34:37,894] {taskinstance.py:1277} INFO - Marking task as SUCCESS. dag_id=dag1, task_id=save_to_parquet, execution_date=20221108T130000, start_date=20221204T143433, end_date=20221204T143437
[2022-12-04 14:34:38,348] {local_task_job.py:154} INFO - Task exited with return code 0
[2022-12-04 14:34:39,218] {local_task_job.py:264} INFO - 1 downstream tasks scheduled from follow-on schedule check
