[2022-12-04 11:00:51,572] {taskinstance.py:1032} INFO - Dependencies all met for <TaskInstance: dag1.local_to_gcs_task scheduled__2022-11-03T16:20:00+00:00 [queued]>
[2022-12-04 11:00:51,645] {taskinstance.py:1032} INFO - Dependencies all met for <TaskInstance: dag1.local_to_gcs_task scheduled__2022-11-03T16:20:00+00:00 [queued]>
[2022-12-04 11:00:51,647] {taskinstance.py:1238} INFO - 
--------------------------------------------------------------------------------
[2022-12-04 11:00:51,648] {taskinstance.py:1239} INFO - Starting attempt 1 of 2
[2022-12-04 11:00:51,651] {taskinstance.py:1240} INFO - 
--------------------------------------------------------------------------------
[2022-12-04 11:00:51,725] {taskinstance.py:1259} INFO - Executing <Task(PythonOperator): local_to_gcs_task> on 2022-11-03 16:20:00+00:00
[2022-12-04 11:00:51,769] {standard_task_runner.py:76} INFO - Running: ['***', 'tasks', 'run', 'dag1', 'local_to_gcs_task', 'scheduled__2022-11-03T16:20:00+00:00', '--job-id', '4928', '--raw', '--subdir', 'DAGS_FOLDER/AirflowClean2.py', '--cfg-path', '/tmp/tmpv0ifdpdr', '--error-file', '/tmp/tmp03yyokwc']
[2022-12-04 11:00:51,771] {standard_task_runner.py:52} INFO - Started process 11553 to run task
[2022-12-04 11:00:51,776] {standard_task_runner.py:77} INFO - Job 4928: Subtask local_to_gcs_task
[2022-12-04 11:00:52,198] {logging_mixin.py:109} INFO - Running <TaskInstance: dag1.local_to_gcs_task scheduled__2022-11-03T16:20:00+00:00 [running]> on host 9e44869ff3ef
[2022-12-04 11:00:52,463] {taskinstance.py:1426} INFO - Exporting the following env vars:
AIRFLOW_CTX_DAG_OWNER=Fadlil
AIRFLOW_CTX_DAG_ID=dag1
AIRFLOW_CTX_TASK_ID=local_to_gcs_task
AIRFLOW_CTX_EXECUTION_DATE=2022-11-03T16:20:00+00:00
AIRFLOW_CTX_DAG_RUN_ID=scheduled__2022-11-03T16:20:00+00:00
[2022-12-04 11:00:53,407] {python.py:175} INFO - Done. Returned value was: None
[2022-12-04 11:00:53,454] {taskinstance.py:1277} INFO - Marking task as SUCCESS. dag_id=dag1, task_id=local_to_gcs_task, execution_date=20221103T162000, start_date=20221204T110051, end_date=20221204T110053
[2022-12-04 11:00:53,528] {local_task_job.py:154} INFO - Task exited with return code 0
[2022-12-04 11:00:53,666] {local_task_job.py:264} INFO - 0 downstream tasks scheduled from follow-on schedule check
