[2022-12-04 11:43:03,427] {taskinstance.py:1032} INFO - Dependencies all met for <TaskInstance: dag1.bigquery_external_table_task scheduled__2022-11-04T18:30:00+00:00 [queued]>
[2022-12-04 11:43:03,538] {taskinstance.py:1032} INFO - Dependencies all met for <TaskInstance: dag1.bigquery_external_table_task scheduled__2022-11-04T18:30:00+00:00 [queued]>
[2022-12-04 11:43:03,550] {taskinstance.py:1238} INFO - 
--------------------------------------------------------------------------------
[2022-12-04 11:43:03,553] {taskinstance.py:1239} INFO - Starting attempt 1 of 2
[2022-12-04 11:43:03,578] {taskinstance.py:1240} INFO - 
--------------------------------------------------------------------------------
[2022-12-04 11:43:03,843] {taskinstance.py:1259} INFO - Executing <Task(BigQueryCreateExternalTableOperator): bigquery_external_table_task> on 2022-11-04 18:30:00+00:00
[2022-12-04 11:43:03,910] {standard_task_runner.py:76} INFO - Running: ['***', 'tasks', 'run', 'dag1', 'bigquery_external_table_task', 'scheduled__2022-11-04T18:30:00+00:00', '--job-id', '5623', '--raw', '--subdir', 'DAGS_FOLDER/AirflowClean2.py', '--cfg-path', '/tmp/tmplnji7syp', '--error-file', '/tmp/tmpr760bujw']
[2022-12-04 11:43:03,912] {standard_task_runner.py:77} INFO - Job 5623: Subtask bigquery_external_table_task
[2022-12-04 11:43:03,872] {standard_task_runner.py:52} INFO - Started process 14289 to run task
[2022-12-04 11:43:04,348] {logging_mixin.py:109} INFO - Running <TaskInstance: dag1.bigquery_external_table_task scheduled__2022-11-04T18:30:00+00:00 [running]> on host 9e44869ff3ef
[2022-12-04 11:43:04,850] {taskinstance.py:1426} INFO - Exporting the following env vars:
AIRFLOW_CTX_DAG_OWNER=Fadlil
AIRFLOW_CTX_DAG_ID=dag1
AIRFLOW_CTX_TASK_ID=bigquery_external_table_task
AIRFLOW_CTX_EXECUTION_DATE=2022-11-04T18:30:00+00:00
AIRFLOW_CTX_DAG_RUN_ID=scheduled__2022-11-04T18:30:00+00:00
[2022-12-04 11:43:04,857] {crypto.py:82} WARNING - empty cryptography key - values will not be stored encrypted.
[2022-12-04 11:43:06,441] {taskinstance.py:1277} INFO - Marking task as SUCCESS. dag_id=dag1, task_id=bigquery_external_table_task, execution_date=20221104T183000, start_date=20221204T114303, end_date=20221204T114306
[2022-12-04 11:43:06,540] {local_task_job.py:154} INFO - Task exited with return code 0
[2022-12-04 11:43:06,705] {local_task_job.py:264} INFO - 0 downstream tasks scheduled from follow-on schedule check
