[2022-12-04 05:10:22,938] {taskinstance.py:1032} INFO - Dependencies all met for <TaskInstance: dag1.save_to_csv scheduled__2022-10-29T06:20:00+00:00 [queued]>
[2022-12-04 05:10:23,030] {taskinstance.py:1032} INFO - Dependencies all met for <TaskInstance: dag1.save_to_csv scheduled__2022-10-29T06:20:00+00:00 [queued]>
[2022-12-04 05:10:23,058] {taskinstance.py:1238} INFO - 
--------------------------------------------------------------------------------
[2022-12-04 05:10:23,066] {taskinstance.py:1239} INFO - Starting attempt 1 of 2
[2022-12-04 05:10:23,096] {taskinstance.py:1240} INFO - 
--------------------------------------------------------------------------------
[2022-12-04 05:10:23,361] {taskinstance.py:1259} INFO - Executing <Task(PythonOperator): save_to_csv> on 2022-10-29 06:20:00+00:00
[2022-12-04 05:10:23,378] {standard_task_runner.py:52} INFO - Started process 7775 to run task
[2022-12-04 05:10:23,544] {standard_task_runner.py:76} INFO - Running: ['***', 'tasks', 'run', 'dag1', 'save_to_csv', 'scheduled__2022-10-29T06:20:00+00:00', '--job-id', '1909', '--raw', '--subdir', 'DAGS_FOLDER/AirflowClean2.py', '--cfg-path', '/tmp/tmpyt1kf_db', '--error-file', '/tmp/tmp9ycuqbh3']
[2022-12-04 05:10:23,583] {standard_task_runner.py:77} INFO - Job 1909: Subtask save_to_csv
[2022-12-04 05:10:24,326] {logging_mixin.py:109} INFO - Running <TaskInstance: dag1.save_to_csv scheduled__2022-10-29T06:20:00+00:00 [running]> on host 422c372562ce
[2022-12-04 05:10:25,216] {taskinstance.py:1426} INFO - Exporting the following env vars:
AIRFLOW_CTX_DAG_OWNER=Fadlil
AIRFLOW_CTX_DAG_ID=dag1
AIRFLOW_CTX_TASK_ID=save_to_csv
AIRFLOW_CTX_EXECUTION_DATE=2022-10-29T06:20:00+00:00
AIRFLOW_CTX_DAG_RUN_ID=scheduled__2022-10-29T06:20:00+00:00
[2022-12-04 05:10:25,820] {python.py:175} INFO - Done. Returned value was: None
[2022-12-04 05:10:25,992] {taskinstance.py:1277} INFO - Marking task as SUCCESS. dag_id=dag1, task_id=save_to_csv, execution_date=20221029T062000, start_date=20221204T051022, end_date=20221204T051025
[2022-12-04 05:10:26,227] {local_task_job.py:154} INFO - Task exited with return code 0
[2022-12-04 05:10:26,504] {local_task_job.py:264} INFO - 1 downstream tasks scheduled from follow-on schedule check
