[2022-12-04 11:54:10,099] {taskinstance.py:1032} INFO - Dependencies all met for <TaskInstance: dag1.local_to_gcs_task scheduled__2022-11-05T10:40:00+00:00 [queued]>
[2022-12-04 11:54:10,116] {taskinstance.py:1032} INFO - Dependencies all met for <TaskInstance: dag1.local_to_gcs_task scheduled__2022-11-05T10:40:00+00:00 [queued]>
[2022-12-04 11:54:10,117] {taskinstance.py:1238} INFO - 
--------------------------------------------------------------------------------
[2022-12-04 11:54:10,117] {taskinstance.py:1239} INFO - Starting attempt 1 of 2
[2022-12-04 11:54:10,118] {taskinstance.py:1240} INFO - 
--------------------------------------------------------------------------------
[2022-12-04 11:54:10,134] {taskinstance.py:1259} INFO - Executing <Task(PythonOperator): local_to_gcs_task> on 2022-11-05 10:40:00+00:00
[2022-12-04 11:54:10,141] {standard_task_runner.py:52} INFO - Started process 15934 to run task
[2022-12-04 11:54:10,148] {standard_task_runner.py:76} INFO - Running: ['***', 'tasks', 'run', 'dag1', 'local_to_gcs_task', 'scheduled__2022-11-05T10:40:00+00:00', '--job-id', '6052', '--raw', '--subdir', 'DAGS_FOLDER/AirflowClean2.py', '--cfg-path', '/tmp/tmp44a2es_7', '--error-file', '/tmp/tmp7sqkmtvy']
[2022-12-04 11:54:10,150] {standard_task_runner.py:77} INFO - Job 6052: Subtask local_to_gcs_task
[2022-12-04 11:54:10,227] {logging_mixin.py:109} INFO - Running <TaskInstance: dag1.local_to_gcs_task scheduled__2022-11-05T10:40:00+00:00 [running]> on host 9e44869ff3ef
[2022-12-04 11:54:10,328] {taskinstance.py:1426} INFO - Exporting the following env vars:
AIRFLOW_CTX_DAG_OWNER=Fadlil
AIRFLOW_CTX_DAG_ID=dag1
AIRFLOW_CTX_TASK_ID=local_to_gcs_task
AIRFLOW_CTX_EXECUTION_DATE=2022-11-05T10:40:00+00:00
AIRFLOW_CTX_DAG_RUN_ID=scheduled__2022-11-05T10:40:00+00:00
[2022-12-04 11:54:10,995] {python.py:175} INFO - Done. Returned value was: None
[2022-12-04 11:54:11,210] {taskinstance.py:1277} INFO - Marking task as SUCCESS. dag_id=dag1, task_id=local_to_gcs_task, execution_date=20221105T104000, start_date=20221204T115410, end_date=20221204T115411
[2022-12-04 11:54:11,374] {local_task_job.py:154} INFO - Task exited with return code 0
[2022-12-04 11:54:11,514] {local_task_job.py:264} INFO - 1 downstream tasks scheduled from follow-on schedule check
