[2022-12-04 10:35:10,748] {taskinstance.py:1032} INFO - Dependencies all met for <TaskInstance: dag1.save_to_csv scheduled__2022-11-01T00:20:00+00:00 [queued]>
[2022-12-04 10:35:10,850] {taskinstance.py:1032} INFO - Dependencies all met for <TaskInstance: dag1.save_to_csv scheduled__2022-11-01T00:20:00+00:00 [queued]>
[2022-12-04 10:35:10,853] {taskinstance.py:1238} INFO - 
--------------------------------------------------------------------------------
[2022-12-04 10:35:10,854] {taskinstance.py:1239} INFO - Starting attempt 1 of 2
[2022-12-04 10:35:10,855] {taskinstance.py:1240} INFO - 
--------------------------------------------------------------------------------
[2022-12-04 10:35:10,915] {taskinstance.py:1259} INFO - Executing <Task(PythonOperator): save_to_csv> on 2022-11-01 00:20:00+00:00
[2022-12-04 10:35:10,930] {standard_task_runner.py:52} INFO - Started process 6156 to run task
[2022-12-04 10:35:10,948] {standard_task_runner.py:76} INFO - Running: ['***', 'tasks', 'run', 'dag1', 'save_to_csv', 'scheduled__2022-11-01T00:20:00+00:00', '--job-id', '3375', '--raw', '--subdir', 'DAGS_FOLDER/AirflowClean2.py', '--cfg-path', '/tmp/tmpe5kblbbr', '--error-file', '/tmp/tmpiny4mt4x']
[2022-12-04 10:35:10,968] {standard_task_runner.py:77} INFO - Job 3375: Subtask save_to_csv
[2022-12-04 10:35:11,293] {logging_mixin.py:109} INFO - Running <TaskInstance: dag1.save_to_csv scheduled__2022-11-01T00:20:00+00:00 [running]> on host 9e44869ff3ef
[2022-12-04 10:35:11,604] {taskinstance.py:1426} INFO - Exporting the following env vars:
AIRFLOW_CTX_DAG_OWNER=Fadlil
AIRFLOW_CTX_DAG_ID=dag1
AIRFLOW_CTX_TASK_ID=save_to_csv
AIRFLOW_CTX_EXECUTION_DATE=2022-11-01T00:20:00+00:00
AIRFLOW_CTX_DAG_RUN_ID=scheduled__2022-11-01T00:20:00+00:00
[2022-12-04 10:35:11,705] {python.py:175} INFO - Done. Returned value was: None
[2022-12-04 10:35:12,522] {taskinstance.py:1277} INFO - Marking task as SUCCESS. dag_id=dag1, task_id=save_to_csv, execution_date=20221101T002000, start_date=20221204T103510, end_date=20221204T103512
[2022-12-04 10:35:12,662] {local_task_job.py:154} INFO - Task exited with return code 0
[2022-12-04 10:35:12,866] {local_task_job.py:264} INFO - 1 downstream tasks scheduled from follow-on schedule check
