[2022-12-04 11:49:48,137] {taskinstance.py:1032} INFO - Dependencies all met for <TaskInstance: dag1.get_data scheduled__2022-11-05T07:30:00+00:00 [queued]>
[2022-12-04 11:49:48,181] {taskinstance.py:1032} INFO - Dependencies all met for <TaskInstance: dag1.get_data scheduled__2022-11-05T07:30:00+00:00 [queued]>
[2022-12-04 11:49:48,184] {taskinstance.py:1238} INFO - 
--------------------------------------------------------------------------------
[2022-12-04 11:49:48,184] {taskinstance.py:1239} INFO - Starting attempt 1 of 2
[2022-12-04 11:49:48,185] {taskinstance.py:1240} INFO - 
--------------------------------------------------------------------------------
[2022-12-04 11:49:48,241] {taskinstance.py:1259} INFO - Executing <Task(PythonOperator): get_data> on 2022-11-05 07:30:00+00:00
[2022-12-04 11:49:48,250] {standard_task_runner.py:52} INFO - Started process 15508 to run task
[2022-12-04 11:49:48,270] {standard_task_runner.py:76} INFO - Running: ['***', 'tasks', 'run', 'dag1', 'get_data', 'scheduled__2022-11-05T07:30:00+00:00', '--job-id', '5965', '--raw', '--subdir', 'DAGS_FOLDER/AirflowClean2.py', '--cfg-path', '/tmp/tmp435et5ap', '--error-file', '/tmp/tmpcs49ch21']
[2022-12-04 11:49:48,273] {standard_task_runner.py:77} INFO - Job 5965: Subtask get_data
[2022-12-04 11:49:48,775] {logging_mixin.py:109} INFO - Running <TaskInstance: dag1.get_data scheduled__2022-11-05T07:30:00+00:00 [running]> on host 9e44869ff3ef
[2022-12-04 11:49:49,358] {taskinstance.py:1426} INFO - Exporting the following env vars:
AIRFLOW_CTX_DAG_OWNER=Fadlil
AIRFLOW_CTX_DAG_ID=dag1
AIRFLOW_CTX_TASK_ID=get_data
AIRFLOW_CTX_EXECUTION_DATE=2022-11-05T07:30:00+00:00
AIRFLOW_CTX_DAG_RUN_ID=scheduled__2022-11-05T07:30:00+00:00
[2022-12-04 11:49:50,213] {python.py:175} INFO - Done. Returned value was: None
[2022-12-04 11:49:50,264] {taskinstance.py:1277} INFO - Marking task as SUCCESS. dag_id=dag1, task_id=get_data, execution_date=20221105T073000, start_date=20221204T114948, end_date=20221204T114950
[2022-12-04 11:49:50,577] {local_task_job.py:154} INFO - Task exited with return code 0
[2022-12-04 11:49:54,354] {local_task_job.py:264} INFO - 0 downstream tasks scheduled from follow-on schedule check
