[2022-12-04 11:41:51,199] {taskinstance.py:1032} INFO - Dependencies all met for <TaskInstance: dag1.get_data scheduled__2022-11-04T18:20:00+00:00 [queued]>
[2022-12-04 11:41:51,280] {taskinstance.py:1032} INFO - Dependencies all met for <TaskInstance: dag1.get_data scheduled__2022-11-04T18:20:00+00:00 [queued]>
[2022-12-04 11:41:51,280] {taskinstance.py:1238} INFO - 
--------------------------------------------------------------------------------
[2022-12-04 11:41:51,284] {taskinstance.py:1239} INFO - Starting attempt 1 of 2
[2022-12-04 11:41:51,284] {taskinstance.py:1240} INFO - 
--------------------------------------------------------------------------------
[2022-12-04 11:41:51,323] {taskinstance.py:1259} INFO - Executing <Task(PythonOperator): get_data> on 2022-11-04 18:20:00+00:00
[2022-12-04 11:41:51,335] {standard_task_runner.py:52} INFO - Started process 14093 to run task
[2022-12-04 11:41:51,367] {standard_task_runner.py:76} INFO - Running: ['***', 'tasks', 'run', 'dag1', 'get_data', 'scheduled__2022-11-04T18:20:00+00:00', '--job-id', '5568', '--raw', '--subdir', 'DAGS_FOLDER/AirflowClean2.py', '--cfg-path', '/tmp/tmphqwrc7i5', '--error-file', '/tmp/tmpo8b__abj']
[2022-12-04 11:41:51,368] {standard_task_runner.py:77} INFO - Job 5568: Subtask get_data
[2022-12-04 11:41:51,757] {logging_mixin.py:109} INFO - Running <TaskInstance: dag1.get_data scheduled__2022-11-04T18:20:00+00:00 [running]> on host 9e44869ff3ef
[2022-12-04 11:41:52,339] {taskinstance.py:1426} INFO - Exporting the following env vars:
AIRFLOW_CTX_DAG_OWNER=Fadlil
AIRFLOW_CTX_DAG_ID=dag1
AIRFLOW_CTX_TASK_ID=get_data
AIRFLOW_CTX_EXECUTION_DATE=2022-11-04T18:20:00+00:00
AIRFLOW_CTX_DAG_RUN_ID=scheduled__2022-11-04T18:20:00+00:00
[2022-12-04 11:41:53,138] {python.py:175} INFO - Done. Returned value was: None
[2022-12-04 11:41:54,005] {taskinstance.py:1277} INFO - Marking task as SUCCESS. dag_id=dag1, task_id=get_data, execution_date=20221104T182000, start_date=20221204T114151, end_date=20221204T114154
[2022-12-04 11:41:54,125] {local_task_job.py:154} INFO - Task exited with return code 0
[2022-12-04 11:41:54,655] {local_task_job.py:264} INFO - 1 downstream tasks scheduled from follow-on schedule check
