[2022-12-04 11:47:24,392] {taskinstance.py:1032} INFO - Dependencies all met for <TaskInstance: dag1.get_data scheduled__2022-11-05T04:20:00+00:00 [queued]>
[2022-12-04 11:47:24,446] {taskinstance.py:1032} INFO - Dependencies all met for <TaskInstance: dag1.get_data scheduled__2022-11-05T04:20:00+00:00 [queued]>
[2022-12-04 11:47:24,448] {taskinstance.py:1238} INFO - 
--------------------------------------------------------------------------------
[2022-12-04 11:47:24,453] {taskinstance.py:1239} INFO - Starting attempt 1 of 2
[2022-12-04 11:47:24,454] {taskinstance.py:1240} INFO - 
--------------------------------------------------------------------------------
[2022-12-04 11:47:24,538] {taskinstance.py:1259} INFO - Executing <Task(PythonOperator): get_data> on 2022-11-05 04:20:00+00:00
[2022-12-04 11:47:24,546] {standard_task_runner.py:52} INFO - Started process 15126 to run task
[2022-12-04 11:47:24,579] {standard_task_runner.py:76} INFO - Running: ['***', 'tasks', 'run', 'dag1', 'get_data', 'scheduled__2022-11-05T04:20:00+00:00', '--job-id', '5858', '--raw', '--subdir', 'DAGS_FOLDER/AirflowClean2.py', '--cfg-path', '/tmp/tmpexueskcy', '--error-file', '/tmp/tmp_1zp9t1p']
[2022-12-04 11:47:24,589] {standard_task_runner.py:77} INFO - Job 5858: Subtask get_data
[2022-12-04 11:47:24,915] {logging_mixin.py:109} INFO - Running <TaskInstance: dag1.get_data scheduled__2022-11-05T04:20:00+00:00 [running]> on host 9e44869ff3ef
[2022-12-04 11:47:25,477] {taskinstance.py:1426} INFO - Exporting the following env vars:
AIRFLOW_CTX_DAG_OWNER=Fadlil
AIRFLOW_CTX_DAG_ID=dag1
AIRFLOW_CTX_TASK_ID=get_data
AIRFLOW_CTX_EXECUTION_DATE=2022-11-05T04:20:00+00:00
AIRFLOW_CTX_DAG_RUN_ID=scheduled__2022-11-05T04:20:00+00:00
[2022-12-04 11:47:26,316] {python.py:175} INFO - Done. Returned value was: None
[2022-12-04 11:47:26,363] {taskinstance.py:1277} INFO - Marking task as SUCCESS. dag_id=dag1, task_id=get_data, execution_date=20221105T042000, start_date=20221204T114724, end_date=20221204T114726
[2022-12-04 11:47:26,565] {local_task_job.py:154} INFO - Task exited with return code 0
[2022-12-04 11:47:26,758] {local_task_job.py:264} INFO - 1 downstream tasks scheduled from follow-on schedule check
