[2022-12-04 11:50:26,025] {taskinstance.py:1032} INFO - Dependencies all met for <TaskInstance: dag1.save_to_parquet scheduled__2022-11-05T07:40:00+00:00 [queued]>
[2022-12-04 11:50:26,350] {taskinstance.py:1032} INFO - Dependencies all met for <TaskInstance: dag1.save_to_parquet scheduled__2022-11-05T07:40:00+00:00 [queued]>
[2022-12-04 11:50:26,410] {taskinstance.py:1238} INFO - 
--------------------------------------------------------------------------------
[2022-12-04 11:50:26,500] {taskinstance.py:1239} INFO - Starting attempt 1 of 2
[2022-12-04 11:50:26,523] {taskinstance.py:1240} INFO - 
--------------------------------------------------------------------------------
[2022-12-04 11:50:26,861] {taskinstance.py:1259} INFO - Executing <Task(PythonOperator): save_to_parquet> on 2022-11-05 07:40:00+00:00
[2022-12-04 11:50:26,994] {standard_task_runner.py:52} INFO - Started process 15589 to run task
[2022-12-04 11:50:27,106] {standard_task_runner.py:76} INFO - Running: ['***', 'tasks', 'run', 'dag1', 'save_to_parquet', 'scheduled__2022-11-05T07:40:00+00:00', '--job-id', '5988', '--raw', '--subdir', 'DAGS_FOLDER/AirflowClean2.py', '--cfg-path', '/tmp/tmpb5ed84bo', '--error-file', '/tmp/tmp_yn7e3hm']
[2022-12-04 11:50:27,141] {standard_task_runner.py:77} INFO - Job 5988: Subtask save_to_parquet
[2022-12-04 11:50:28,155] {logging_mixin.py:109} INFO - Running <TaskInstance: dag1.save_to_parquet scheduled__2022-11-05T07:40:00+00:00 [running]> on host 9e44869ff3ef
[2022-12-04 11:50:29,177] {taskinstance.py:1426} INFO - Exporting the following env vars:
AIRFLOW_CTX_DAG_OWNER=Fadlil
AIRFLOW_CTX_DAG_ID=dag1
AIRFLOW_CTX_TASK_ID=save_to_parquet
AIRFLOW_CTX_EXECUTION_DATE=2022-11-05T07:40:00+00:00
AIRFLOW_CTX_DAG_RUN_ID=scheduled__2022-11-05T07:40:00+00:00
[2022-12-04 11:50:30,449] {python.py:175} INFO - Done. Returned value was: None
[2022-12-04 11:50:31,181] {taskinstance.py:1277} INFO - Marking task as SUCCESS. dag_id=dag1, task_id=save_to_parquet, execution_date=20221105T074000, start_date=20221204T115026, end_date=20221204T115031
[2022-12-04 11:50:32,028] {local_task_job.py:154} INFO - Task exited with return code 0
[2022-12-04 11:50:32,707] {local_task_job.py:264} INFO - 1 downstream tasks scheduled from follow-on schedule check
