[2022-12-04 10:48:58,948] {taskinstance.py:1032} INFO - Dependencies all met for <TaskInstance: dag1.save_to_parquet scheduled__2022-11-02T08:00:00+00:00 [queued]>
[2022-12-04 10:48:59,035] {taskinstance.py:1032} INFO - Dependencies all met for <TaskInstance: dag1.save_to_parquet scheduled__2022-11-02T08:00:00+00:00 [queued]>
[2022-12-04 10:48:59,043] {taskinstance.py:1238} INFO - 
--------------------------------------------------------------------------------
[2022-12-04 10:48:59,043] {taskinstance.py:1239} INFO - Starting attempt 1 of 2
[2022-12-04 10:48:59,044] {taskinstance.py:1240} INFO - 
--------------------------------------------------------------------------------
[2022-12-04 10:48:59,103] {taskinstance.py:1259} INFO - Executing <Task(PythonOperator): save_to_parquet> on 2022-11-02 08:00:00+00:00
[2022-12-04 10:48:59,110] {standard_task_runner.py:52} INFO - Started process 8914 to run task
[2022-12-04 10:48:59,120] {standard_task_runner.py:76} INFO - Running: ['***', 'tasks', 'run', 'dag1', 'save_to_parquet', 'scheduled__2022-11-02T08:00:00+00:00', '--job-id', '4158', '--raw', '--subdir', 'DAGS_FOLDER/AirflowClean2.py', '--cfg-path', '/tmp/tmpcr9cb27l', '--error-file', '/tmp/tmp37li4wzr']
[2022-12-04 10:48:59,127] {standard_task_runner.py:77} INFO - Job 4158: Subtask save_to_parquet
[2022-12-04 10:48:59,356] {logging_mixin.py:109} INFO - Running <TaskInstance: dag1.save_to_parquet scheduled__2022-11-02T08:00:00+00:00 [running]> on host 9e44869ff3ef
[2022-12-04 10:48:59,552] {taskinstance.py:1426} INFO - Exporting the following env vars:
AIRFLOW_CTX_DAG_OWNER=Fadlil
AIRFLOW_CTX_DAG_ID=dag1
AIRFLOW_CTX_TASK_ID=save_to_parquet
AIRFLOW_CTX_EXECUTION_DATE=2022-11-02T08:00:00+00:00
AIRFLOW_CTX_DAG_RUN_ID=scheduled__2022-11-02T08:00:00+00:00
[2022-12-04 10:48:59,714] {python.py:175} INFO - Done. Returned value was: None
[2022-12-04 10:48:59,753] {taskinstance.py:1277} INFO - Marking task as SUCCESS. dag_id=dag1, task_id=save_to_parquet, execution_date=20221102T080000, start_date=20221204T104858, end_date=20221204T104859
[2022-12-04 10:48:59,835] {local_task_job.py:154} INFO - Task exited with return code 0
[2022-12-04 10:49:00,029] {local_task_job.py:264} INFO - 1 downstream tasks scheduled from follow-on schedule check
