[2022-12-04 10:36:15,672] {taskinstance.py:1032} INFO - Dependencies all met for <TaskInstance: dag1.get_data scheduled__2022-11-01T02:50:00+00:00 [queued]>
[2022-12-04 10:36:15,694] {taskinstance.py:1032} INFO - Dependencies all met for <TaskInstance: dag1.get_data scheduled__2022-11-01T02:50:00+00:00 [queued]>
[2022-12-04 10:36:15,695] {taskinstance.py:1238} INFO - 
--------------------------------------------------------------------------------
[2022-12-04 10:36:15,695] {taskinstance.py:1239} INFO - Starting attempt 1 of 2
[2022-12-04 10:36:15,696] {taskinstance.py:1240} INFO - 
--------------------------------------------------------------------------------
[2022-12-04 10:36:15,731] {taskinstance.py:1259} INFO - Executing <Task(PythonOperator): get_data> on 2022-11-01 02:50:00+00:00
[2022-12-04 10:36:15,739] {standard_task_runner.py:52} INFO - Started process 6358 to run task
[2022-12-04 10:36:15,765] {standard_task_runner.py:76} INFO - Running: ['***', 'tasks', 'run', 'dag1', 'get_data', 'scheduled__2022-11-01T02:50:00+00:00', '--job-id', '3433', '--raw', '--subdir', 'DAGS_FOLDER/AirflowClean2.py', '--cfg-path', '/tmp/tmp23aatnqf', '--error-file', '/tmp/tmpw83w5q0m']
[2022-12-04 10:36:15,768] {standard_task_runner.py:77} INFO - Job 3433: Subtask get_data
[2022-12-04 10:36:15,970] {logging_mixin.py:109} INFO - Running <TaskInstance: dag1.get_data scheduled__2022-11-01T02:50:00+00:00 [running]> on host 9e44869ff3ef
[2022-12-04 10:36:16,107] {taskinstance.py:1426} INFO - Exporting the following env vars:
AIRFLOW_CTX_DAG_OWNER=Fadlil
AIRFLOW_CTX_DAG_ID=dag1
AIRFLOW_CTX_TASK_ID=get_data
AIRFLOW_CTX_EXECUTION_DATE=2022-11-01T02:50:00+00:00
AIRFLOW_CTX_DAG_RUN_ID=scheduled__2022-11-01T02:50:00+00:00
[2022-12-04 10:36:16,936] {python.py:175} INFO - Done. Returned value was: None
[2022-12-04 10:36:17,670] {taskinstance.py:1277} INFO - Marking task as SUCCESS. dag_id=dag1, task_id=get_data, execution_date=20221101T025000, start_date=20221204T103615, end_date=20221204T103617
[2022-12-04 10:36:17,756] {local_task_job.py:154} INFO - Task exited with return code 0
[2022-12-04 10:36:17,847] {local_task_job.py:264} INFO - 1 downstream tasks scheduled from follow-on schedule check
