[2022-12-04 10:51:27,608] {taskinstance.py:1032} INFO - Dependencies all met for <TaskInstance: dag1.get_data scheduled__2022-11-02T15:30:00+00:00 [queued]>
[2022-12-04 10:51:27,732] {taskinstance.py:1032} INFO - Dependencies all met for <TaskInstance: dag1.get_data scheduled__2022-11-02T15:30:00+00:00 [queued]>
[2022-12-04 10:51:27,745] {taskinstance.py:1238} INFO - 
--------------------------------------------------------------------------------
[2022-12-04 10:51:27,758] {taskinstance.py:1239} INFO - Starting attempt 1 of 2
[2022-12-04 10:51:27,781] {taskinstance.py:1240} INFO - 
--------------------------------------------------------------------------------
[2022-12-04 10:51:27,884] {taskinstance.py:1259} INFO - Executing <Task(PythonOperator): get_data> on 2022-11-02 15:30:00+00:00
[2022-12-04 10:51:27,905] {standard_task_runner.py:52} INFO - Started process 9470 to run task
[2022-12-04 10:51:27,931] {standard_task_runner.py:76} INFO - Running: ['***', 'tasks', 'run', 'dag1', 'get_data', 'scheduled__2022-11-02T15:30:00+00:00', '--job-id', '4321', '--raw', '--subdir', 'DAGS_FOLDER/AirflowClean2.py', '--cfg-path', '/tmp/tmpl5qdntup', '--error-file', '/tmp/tmpi7cynicz']
[2022-12-04 10:51:27,935] {standard_task_runner.py:77} INFO - Job 4321: Subtask get_data
[2022-12-04 10:51:28,124] {logging_mixin.py:109} INFO - Running <TaskInstance: dag1.get_data scheduled__2022-11-02T15:30:00+00:00 [running]> on host 9e44869ff3ef
[2022-12-04 10:51:28,374] {taskinstance.py:1426} INFO - Exporting the following env vars:
AIRFLOW_CTX_DAG_OWNER=Fadlil
AIRFLOW_CTX_DAG_ID=dag1
AIRFLOW_CTX_TASK_ID=get_data
AIRFLOW_CTX_EXECUTION_DATE=2022-11-02T15:30:00+00:00
AIRFLOW_CTX_DAG_RUN_ID=scheduled__2022-11-02T15:30:00+00:00
[2022-12-04 10:51:29,094] {python.py:175} INFO - Done. Returned value was: None
[2022-12-04 10:51:29,115] {taskinstance.py:1277} INFO - Marking task as SUCCESS. dag_id=dag1, task_id=get_data, execution_date=20221102T153000, start_date=20221204T105127, end_date=20221204T105129
[2022-12-04 10:51:29,178] {local_task_job.py:154} INFO - Task exited with return code 0
[2022-12-04 10:51:29,260] {local_task_job.py:264} INFO - 1 downstream tasks scheduled from follow-on schedule check
