[2022-12-04 12:10:54,670] {taskinstance.py:1032} INFO - Dependencies all met for <TaskInstance: dag1.save_to_csv scheduled__2022-11-05T17:30:00+00:00 [queued]>
[2022-12-04 12:10:54,764] {taskinstance.py:1032} INFO - Dependencies all met for <TaskInstance: dag1.save_to_csv scheduled__2022-11-05T17:30:00+00:00 [queued]>
[2022-12-04 12:10:54,773] {taskinstance.py:1238} INFO - 
--------------------------------------------------------------------------------
[2022-12-04 12:10:54,773] {taskinstance.py:1239} INFO - Starting attempt 1 of 2
[2022-12-04 12:10:54,774] {taskinstance.py:1240} INFO - 
--------------------------------------------------------------------------------
[2022-12-04 12:10:54,903] {taskinstance.py:1259} INFO - Executing <Task(PythonOperator): save_to_csv> on 2022-11-05 17:30:00+00:00
[2022-12-04 12:10:54,973] {standard_task_runner.py:52} INFO - Started process 17347 to run task
[2022-12-04 12:10:55,027] {standard_task_runner.py:76} INFO - Running: ['***', 'tasks', 'run', 'dag1', 'save_to_csv', 'scheduled__2022-11-05T17:30:00+00:00', '--job-id', '6338', '--raw', '--subdir', 'DAGS_FOLDER/AirflowClean2.py', '--cfg-path', '/tmp/tmpywj6weo2', '--error-file', '/tmp/tmp4zizh0c_']
[2022-12-04 12:10:55,044] {standard_task_runner.py:77} INFO - Job 6338: Subtask save_to_csv
[2022-12-04 12:10:55,496] {logging_mixin.py:109} INFO - Running <TaskInstance: dag1.save_to_csv scheduled__2022-11-05T17:30:00+00:00 [running]> on host 9e44869ff3ef
[2022-12-04 12:10:55,955] {taskinstance.py:1426} INFO - Exporting the following env vars:
AIRFLOW_CTX_DAG_OWNER=Fadlil
AIRFLOW_CTX_DAG_ID=dag1
AIRFLOW_CTX_TASK_ID=save_to_csv
AIRFLOW_CTX_EXECUTION_DATE=2022-11-05T17:30:00+00:00
AIRFLOW_CTX_DAG_RUN_ID=scheduled__2022-11-05T17:30:00+00:00
[2022-12-04 12:10:56,122] {python.py:175} INFO - Done. Returned value was: None
[2022-12-04 12:10:56,867] {taskinstance.py:1277} INFO - Marking task as SUCCESS. dag_id=dag1, task_id=save_to_csv, execution_date=20221105T173000, start_date=20221204T121054, end_date=20221204T121056
[2022-12-04 12:10:57,075] {local_task_job.py:154} INFO - Task exited with return code 0
[2022-12-04 12:10:57,298] {local_task_job.py:264} INFO - 1 downstream tasks scheduled from follow-on schedule check
