[2022-12-04 10:38:01,271] {taskinstance.py:1032} INFO - Dependencies all met for <TaskInstance: dag1.save_to_parquet scheduled__2022-11-01T06:40:00+00:00 [queued]>
[2022-12-04 10:38:01,357] {taskinstance.py:1032} INFO - Dependencies all met for <TaskInstance: dag1.save_to_parquet scheduled__2022-11-01T06:40:00+00:00 [queued]>
[2022-12-04 10:38:01,358] {taskinstance.py:1238} INFO - 
--------------------------------------------------------------------------------
[2022-12-04 10:38:01,359] {taskinstance.py:1239} INFO - Starting attempt 1 of 2
[2022-12-04 10:38:01,359] {taskinstance.py:1240} INFO - 
--------------------------------------------------------------------------------
[2022-12-04 10:38:01,444] {taskinstance.py:1259} INFO - Executing <Task(PythonOperator): save_to_parquet> on 2022-11-01 06:40:00+00:00
[2022-12-04 10:38:01,481] {standard_task_runner.py:52} INFO - Started process 6721 to run task
[2022-12-04 10:38:01,490] {standard_task_runner.py:76} INFO - Running: ['***', 'tasks', 'run', 'dag1', 'save_to_parquet', 'scheduled__2022-11-01T06:40:00+00:00', '--job-id', '3537', '--raw', '--subdir', 'DAGS_FOLDER/AirflowClean2.py', '--cfg-path', '/tmp/tmpg__avh9n', '--error-file', '/tmp/tmp3zumu5fb']
[2022-12-04 10:38:01,514] {standard_task_runner.py:77} INFO - Job 3537: Subtask save_to_parquet
[2022-12-04 10:38:01,854] {logging_mixin.py:109} INFO - Running <TaskInstance: dag1.save_to_parquet scheduled__2022-11-01T06:40:00+00:00 [running]> on host 9e44869ff3ef
[2022-12-04 10:38:02,322] {taskinstance.py:1426} INFO - Exporting the following env vars:
AIRFLOW_CTX_DAG_OWNER=Fadlil
AIRFLOW_CTX_DAG_ID=dag1
AIRFLOW_CTX_TASK_ID=save_to_parquet
AIRFLOW_CTX_EXECUTION_DATE=2022-11-01T06:40:00+00:00
AIRFLOW_CTX_DAG_RUN_ID=scheduled__2022-11-01T06:40:00+00:00
[2022-12-04 10:38:02,481] {python.py:175} INFO - Done. Returned value was: None
[2022-12-04 10:38:02,658] {taskinstance.py:1277} INFO - Marking task as SUCCESS. dag_id=dag1, task_id=save_to_parquet, execution_date=20221101T064000, start_date=20221204T103801, end_date=20221204T103802
[2022-12-04 10:38:03,875] {local_task_job.py:154} INFO - Task exited with return code 0
[2022-12-04 10:38:04,074] {local_task_job.py:264} INFO - 1 downstream tasks scheduled from follow-on schedule check
