[2022-12-04 11:34:53,507] {taskinstance.py:1032} INFO - Dependencies all met for <TaskInstance: dag1.save_to_parquet scheduled__2022-11-04T14:30:00+00:00 [queued]>
[2022-12-04 11:34:53,650] {taskinstance.py:1032} INFO - Dependencies all met for <TaskInstance: dag1.save_to_parquet scheduled__2022-11-04T14:30:00+00:00 [queued]>
[2022-12-04 11:34:53,651] {taskinstance.py:1238} INFO - 
--------------------------------------------------------------------------------
[2022-12-04 11:34:53,651] {taskinstance.py:1239} INFO - Starting attempt 1 of 2
[2022-12-04 11:34:53,652] {taskinstance.py:1240} INFO - 
--------------------------------------------------------------------------------
[2022-12-04 11:34:53,723] {taskinstance.py:1259} INFO - Executing <Task(PythonOperator): save_to_parquet> on 2022-11-04 14:30:00+00:00
[2022-12-04 11:34:53,742] {standard_task_runner.py:52} INFO - Started process 13534 to run task
[2022-12-04 11:34:53,779] {standard_task_runner.py:76} INFO - Running: ['***', 'tasks', 'run', 'dag1', 'save_to_parquet', 'scheduled__2022-11-04T14:30:00+00:00', '--job-id', '5462', '--raw', '--subdir', 'DAGS_FOLDER/AirflowClean2.py', '--cfg-path', '/tmp/tmpr1___1fw', '--error-file', '/tmp/tmp6jaudlhf']
[2022-12-04 11:34:53,792] {standard_task_runner.py:77} INFO - Job 5462: Subtask save_to_parquet
[2022-12-04 11:34:54,128] {logging_mixin.py:109} INFO - Running <TaskInstance: dag1.save_to_parquet scheduled__2022-11-04T14:30:00+00:00 [running]> on host 9e44869ff3ef
[2022-12-04 11:34:54,321] {taskinstance.py:1426} INFO - Exporting the following env vars:
AIRFLOW_CTX_DAG_OWNER=Fadlil
AIRFLOW_CTX_DAG_ID=dag1
AIRFLOW_CTX_TASK_ID=save_to_parquet
AIRFLOW_CTX_EXECUTION_DATE=2022-11-04T14:30:00+00:00
AIRFLOW_CTX_DAG_RUN_ID=scheduled__2022-11-04T14:30:00+00:00
[2022-12-04 11:34:54,448] {python.py:175} INFO - Done. Returned value was: None
[2022-12-04 11:34:54,697] {taskinstance.py:1277} INFO - Marking task as SUCCESS. dag_id=dag1, task_id=save_to_parquet, execution_date=20221104T143000, start_date=20221204T113453, end_date=20221204T113454
[2022-12-04 11:34:54,863] {local_task_job.py:154} INFO - Task exited with return code 0
[2022-12-04 11:34:55,051] {local_task_job.py:264} INFO - 1 downstream tasks scheduled from follow-on schedule check
