[2022-12-04 17:46:42,243] {taskinstance.py:1032} INFO - Dependencies all met for <TaskInstance: dag1.get_data scheduled__2022-11-10T16:30:00+00:00 [queued]>
[2022-12-04 17:46:42,369] {taskinstance.py:1032} INFO - Dependencies all met for <TaskInstance: dag1.get_data scheduled__2022-11-10T16:30:00+00:00 [queued]>
[2022-12-04 17:46:42,370] {taskinstance.py:1238} INFO - 
--------------------------------------------------------------------------------
[2022-12-04 17:46:42,371] {taskinstance.py:1239} INFO - Starting attempt 1 of 2
[2022-12-04 17:46:42,384] {taskinstance.py:1240} INFO - 
--------------------------------------------------------------------------------
[2022-12-04 17:46:42,491] {taskinstance.py:1259} INFO - Executing <Task(PythonOperator): get_data> on 2022-11-10 16:30:00+00:00
[2022-12-04 17:46:42,525] {standard_task_runner.py:52} INFO - Started process 20019 to run task
[2022-12-04 17:46:42,554] {standard_task_runner.py:76} INFO - Running: ['***', 'tasks', 'run', 'dag1', 'get_data', 'scheduled__2022-11-10T16:30:00+00:00', '--job-id', '10886', '--raw', '--subdir', 'DAGS_FOLDER/AirflowClean2.py', '--cfg-path', '/tmp/tmpz1bpy114', '--error-file', '/tmp/tmp14z1cofi']
[2022-12-04 17:46:42,560] {standard_task_runner.py:77} INFO - Job 10886: Subtask get_data
[2022-12-04 17:46:42,911] {logging_mixin.py:109} INFO - Running <TaskInstance: dag1.get_data scheduled__2022-11-10T16:30:00+00:00 [running]> on host 7a020590adae
[2022-12-04 17:46:43,192] {taskinstance.py:1426} INFO - Exporting the following env vars:
AIRFLOW_CTX_DAG_OWNER=Fadlil
AIRFLOW_CTX_DAG_ID=dag1
AIRFLOW_CTX_TASK_ID=get_data
AIRFLOW_CTX_EXECUTION_DATE=2022-11-10T16:30:00+00:00
AIRFLOW_CTX_DAG_RUN_ID=scheduled__2022-11-10T16:30:00+00:00
[2022-12-04 17:46:44,208] {python.py:175} INFO - Done. Returned value was: None
[2022-12-04 17:46:45,021] {taskinstance.py:1277} INFO - Marking task as SUCCESS. dag_id=dag1, task_id=get_data, execution_date=20221110T163000, start_date=20221204T174642, end_date=20221204T174645
[2022-12-04 17:46:45,170] {local_task_job.py:154} INFO - Task exited with return code 0
[2022-12-04 17:46:45,277] {local_task_job.py:264} INFO - 1 downstream tasks scheduled from follow-on schedule check
