[2022-12-04 14:37:58,810] {taskinstance.py:1032} INFO - Dependencies all met for <TaskInstance: dag1.get_data scheduled__2022-11-08T15:20:00+00:00 [queued]>
[2022-12-04 14:37:58,825] {taskinstance.py:1032} INFO - Dependencies all met for <TaskInstance: dag1.get_data scheduled__2022-11-08T15:20:00+00:00 [queued]>
[2022-12-04 14:37:58,826] {taskinstance.py:1238} INFO - 
--------------------------------------------------------------------------------
[2022-12-04 14:37:58,826] {taskinstance.py:1239} INFO - Starting attempt 1 of 2
[2022-12-04 14:37:58,826] {taskinstance.py:1240} INFO - 
--------------------------------------------------------------------------------
[2022-12-04 14:37:58,841] {taskinstance.py:1259} INFO - Executing <Task(PythonOperator): get_data> on 2022-11-08 15:20:00+00:00
[2022-12-04 14:37:58,847] {standard_task_runner.py:52} INFO - Started process 10904 to run task
[2022-12-04 14:37:58,850] {standard_task_runner.py:76} INFO - Running: ['***', 'tasks', 'run', 'dag1', 'get_data', 'scheduled__2022-11-08T15:20:00+00:00', '--job-id', '9003', '--raw', '--subdir', 'DAGS_FOLDER/AirflowClean2.py', '--cfg-path', '/tmp/tmpg112i460', '--error-file', '/tmp/tmpppbij8yo']
[2022-12-04 14:37:58,852] {standard_task_runner.py:77} INFO - Job 9003: Subtask get_data
[2022-12-04 14:37:58,921] {logging_mixin.py:109} INFO - Running <TaskInstance: dag1.get_data scheduled__2022-11-08T15:20:00+00:00 [running]> on host 7a020590adae
[2022-12-04 14:37:58,992] {taskinstance.py:1426} INFO - Exporting the following env vars:
AIRFLOW_CTX_DAG_OWNER=Fadlil
AIRFLOW_CTX_DAG_ID=dag1
AIRFLOW_CTX_TASK_ID=get_data
AIRFLOW_CTX_EXECUTION_DATE=2022-11-08T15:20:00+00:00
AIRFLOW_CTX_DAG_RUN_ID=scheduled__2022-11-08T15:20:00+00:00
[2022-12-04 14:37:59,646] {python.py:175} INFO - Done. Returned value was: None
[2022-12-04 14:37:59,991] {taskinstance.py:1277} INFO - Marking task as SUCCESS. dag_id=dag1, task_id=get_data, execution_date=20221108T152000, start_date=20221204T143758, end_date=20221204T143759
[2022-12-04 14:38:00,052] {local_task_job.py:154} INFO - Task exited with return code 0
[2022-12-04 14:38:00,145] {local_task_job.py:264} INFO - 1 downstream tasks scheduled from follow-on schedule check
