[2022-12-04 13:19:20,847] {taskinstance.py:1032} INFO - Dependencies all met for <TaskInstance: dag1.save_to_csv scheduled__2022-11-06T23:50:00+00:00 [queued]>
[2022-12-04 13:19:20,868] {taskinstance.py:1032} INFO - Dependencies all met for <TaskInstance: dag1.save_to_csv scheduled__2022-11-06T23:50:00+00:00 [queued]>
[2022-12-04 13:19:20,868] {taskinstance.py:1238} INFO - 
--------------------------------------------------------------------------------
[2022-12-04 13:19:20,869] {taskinstance.py:1239} INFO - Starting attempt 1 of 2
[2022-12-04 13:19:20,869] {taskinstance.py:1240} INFO - 
--------------------------------------------------------------------------------
[2022-12-04 13:19:20,890] {taskinstance.py:1259} INFO - Executing <Task(PythonOperator): save_to_csv> on 2022-11-06 23:50:00+00:00
[2022-12-04 13:19:20,918] {standard_task_runner.py:52} INFO - Started process 3744 to run task
[2022-12-04 13:19:20,936] {standard_task_runner.py:76} INFO - Running: ['***', 'tasks', 'run', 'dag1', 'save_to_csv', 'scheduled__2022-11-06T23:50:00+00:00', '--job-id', '7492', '--raw', '--subdir', 'DAGS_FOLDER/AirflowClean2.py', '--cfg-path', '/tmp/tmp8tdj1q2e', '--error-file', '/tmp/tmpla8hwbon']
[2022-12-04 13:19:20,939] {standard_task_runner.py:77} INFO - Job 7492: Subtask save_to_csv
[2022-12-04 13:19:21,044] {logging_mixin.py:109} INFO - Running <TaskInstance: dag1.save_to_csv scheduled__2022-11-06T23:50:00+00:00 [running]> on host 7a020590adae
[2022-12-04 13:19:21,156] {taskinstance.py:1426} INFO - Exporting the following env vars:
AIRFLOW_CTX_DAG_OWNER=Fadlil
AIRFLOW_CTX_DAG_ID=dag1
AIRFLOW_CTX_TASK_ID=save_to_csv
AIRFLOW_CTX_EXECUTION_DATE=2022-11-06T23:50:00+00:00
AIRFLOW_CTX_DAG_RUN_ID=scheduled__2022-11-06T23:50:00+00:00
[2022-12-04 13:19:21,235] {python.py:175} INFO - Done. Returned value was: None
[2022-12-04 13:19:21,280] {taskinstance.py:1277} INFO - Marking task as SUCCESS. dag_id=dag1, task_id=save_to_csv, execution_date=20221106T235000, start_date=20221204T131920, end_date=20221204T131921
[2022-12-04 13:19:21,323] {local_task_job.py:154} INFO - Task exited with return code 0
[2022-12-04 13:19:21,399] {local_task_job.py:264} INFO - 1 downstream tasks scheduled from follow-on schedule check
