[2022-12-04 13:27:56,516] {taskinstance.py:1032} INFO - Dependencies all met for <TaskInstance: dag1.save_to_parquet scheduled__2022-11-07T04:00:00+00:00 [queued]>
[2022-12-04 13:27:56,583] {taskinstance.py:1032} INFO - Dependencies all met for <TaskInstance: dag1.save_to_parquet scheduled__2022-11-07T04:00:00+00:00 [queued]>
[2022-12-04 13:27:56,585] {taskinstance.py:1238} INFO - 
--------------------------------------------------------------------------------
[2022-12-04 13:27:56,587] {taskinstance.py:1239} INFO - Starting attempt 1 of 2
[2022-12-04 13:27:56,595] {taskinstance.py:1240} INFO - 
--------------------------------------------------------------------------------
[2022-12-04 13:27:56,704] {taskinstance.py:1259} INFO - Executing <Task(PythonOperator): save_to_parquet> on 2022-11-07 04:00:00+00:00
[2022-12-04 13:27:56,715] {standard_task_runner.py:52} INFO - Started process 4474 to run task
[2022-12-04 13:27:56,770] {standard_task_runner.py:76} INFO - Running: ['***', 'tasks', 'run', 'dag1', 'save_to_parquet', 'scheduled__2022-11-07T04:00:00+00:00', '--job-id', '7646', '--raw', '--subdir', 'DAGS_FOLDER/AirflowClean2.py', '--cfg-path', '/tmp/tmpq5f0gkh_', '--error-file', '/tmp/tmp435qw6vc']
[2022-12-04 13:27:56,792] {standard_task_runner.py:77} INFO - Job 7646: Subtask save_to_parquet
[2022-12-04 13:27:57,419] {logging_mixin.py:109} INFO - Running <TaskInstance: dag1.save_to_parquet scheduled__2022-11-07T04:00:00+00:00 [running]> on host 7a020590adae
[2022-12-04 13:27:57,959] {taskinstance.py:1426} INFO - Exporting the following env vars:
AIRFLOW_CTX_DAG_OWNER=Fadlil
AIRFLOW_CTX_DAG_ID=dag1
AIRFLOW_CTX_TASK_ID=save_to_parquet
AIRFLOW_CTX_EXECUTION_DATE=2022-11-07T04:00:00+00:00
AIRFLOW_CTX_DAG_RUN_ID=scheduled__2022-11-07T04:00:00+00:00
[2022-12-04 13:27:58,275] {python.py:175} INFO - Done. Returned value was: None
[2022-12-04 13:27:59,412] {taskinstance.py:1277} INFO - Marking task as SUCCESS. dag_id=dag1, task_id=save_to_parquet, execution_date=20221107T040000, start_date=20221204T132756, end_date=20221204T132759
[2022-12-04 13:27:59,820] {local_task_job.py:154} INFO - Task exited with return code 0
[2022-12-04 13:28:00,281] {local_task_job.py:264} INFO - 1 downstream tasks scheduled from follow-on schedule check
