[2022-12-04 14:47:05,931] {taskinstance.py:1032} INFO - Dependencies all met for <TaskInstance: dag1.get_data scheduled__2022-11-08T18:50:00+00:00 [queued]>
[2022-12-04 14:47:05,949] {taskinstance.py:1032} INFO - Dependencies all met for <TaskInstance: dag1.get_data scheduled__2022-11-08T18:50:00+00:00 [queued]>
[2022-12-04 14:47:05,949] {taskinstance.py:1238} INFO - 
--------------------------------------------------------------------------------
[2022-12-04 14:47:05,950] {taskinstance.py:1239} INFO - Starting attempt 1 of 2
[2022-12-04 14:47:05,950] {taskinstance.py:1240} INFO - 
--------------------------------------------------------------------------------
[2022-12-04 14:47:05,976] {taskinstance.py:1259} INFO - Executing <Task(PythonOperator): get_data> on 2022-11-08 18:50:00+00:00
[2022-12-04 14:47:05,983] {standard_task_runner.py:52} INFO - Started process 11586 to run task
[2022-12-04 14:47:05,988] {standard_task_runner.py:76} INFO - Running: ['***', 'tasks', 'run', 'dag1', 'get_data', 'scheduled__2022-11-08T18:50:00+00:00', '--job-id', '9133', '--raw', '--subdir', 'DAGS_FOLDER/AirflowClean2.py', '--cfg-path', '/tmp/tmpf1fqe8_a', '--error-file', '/tmp/tmp5_kcqty7']
[2022-12-04 14:47:05,990] {standard_task_runner.py:77} INFO - Job 9133: Subtask get_data
[2022-12-04 14:47:06,071] {logging_mixin.py:109} INFO - Running <TaskInstance: dag1.get_data scheduled__2022-11-08T18:50:00+00:00 [running]> on host 7a020590adae
[2022-12-04 14:47:06,166] {taskinstance.py:1426} INFO - Exporting the following env vars:
AIRFLOW_CTX_DAG_OWNER=Fadlil
AIRFLOW_CTX_DAG_ID=dag1
AIRFLOW_CTX_TASK_ID=get_data
AIRFLOW_CTX_EXECUTION_DATE=2022-11-08T18:50:00+00:00
AIRFLOW_CTX_DAG_RUN_ID=scheduled__2022-11-08T18:50:00+00:00
[2022-12-04 14:47:06,988] {python.py:175} INFO - Done. Returned value was: None
[2022-12-04 14:47:07,145] {taskinstance.py:1277} INFO - Marking task as SUCCESS. dag_id=dag1, task_id=get_data, execution_date=20221108T185000, start_date=20221204T144705, end_date=20221204T144707
[2022-12-04 14:47:07,207] {local_task_job.py:154} INFO - Task exited with return code 0
[2022-12-04 14:47:07,275] {local_task_job.py:264} INFO - 1 downstream tasks scheduled from follow-on schedule check
