[2022-12-04 12:04:02,418] {taskinstance.py:1032} INFO - Dependencies all met for <TaskInstance: dag1.local_to_gcs_task scheduled__2022-11-05T13:50:00+00:00 [queued]>
[2022-12-04 12:04:02,591] {taskinstance.py:1032} INFO - Dependencies all met for <TaskInstance: dag1.local_to_gcs_task scheduled__2022-11-05T13:50:00+00:00 [queued]>
[2022-12-04 12:04:02,600] {taskinstance.py:1238} INFO - 
--------------------------------------------------------------------------------
[2022-12-04 12:04:02,601] {taskinstance.py:1239} INFO - Starting attempt 1 of 2
[2022-12-04 12:04:02,601] {taskinstance.py:1240} INFO - 
--------------------------------------------------------------------------------
[2022-12-04 12:04:02,760] {taskinstance.py:1259} INFO - Executing <Task(PythonOperator): local_to_gcs_task> on 2022-11-05 13:50:00+00:00
[2022-12-04 12:04:02,814] {standard_task_runner.py:76} INFO - Running: ['***', 'tasks', 'run', 'dag1', 'local_to_gcs_task', 'scheduled__2022-11-05T13:50:00+00:00', '--job-id', '6218', '--raw', '--subdir', 'DAGS_FOLDER/AirflowClean2.py', '--cfg-path', '/tmp/tmpj8hbkqad', '--error-file', '/tmp/tmpnkv4gxuk']
[2022-12-04 12:04:02,823] {standard_task_runner.py:77} INFO - Job 6218: Subtask local_to_gcs_task
[2022-12-04 12:04:02,773] {standard_task_runner.py:52} INFO - Started process 16771 to run task
[2022-12-04 12:04:03,607] {logging_mixin.py:109} INFO - Running <TaskInstance: dag1.local_to_gcs_task scheduled__2022-11-05T13:50:00+00:00 [running]> on host 9e44869ff3ef
[2022-12-04 12:04:04,223] {taskinstance.py:1426} INFO - Exporting the following env vars:
AIRFLOW_CTX_DAG_OWNER=Fadlil
AIRFLOW_CTX_DAG_ID=dag1
AIRFLOW_CTX_TASK_ID=local_to_gcs_task
AIRFLOW_CTX_EXECUTION_DATE=2022-11-05T13:50:00+00:00
AIRFLOW_CTX_DAG_RUN_ID=scheduled__2022-11-05T13:50:00+00:00
[2022-12-04 12:04:05,975] {python.py:175} INFO - Done. Returned value was: None
[2022-12-04 12:04:07,757] {taskinstance.py:1277} INFO - Marking task as SUCCESS. dag_id=dag1, task_id=local_to_gcs_task, execution_date=20221105T135000, start_date=20221204T120402, end_date=20221204T120407
[2022-12-04 12:04:08,001] {local_task_job.py:212} WARNING - State of this instance has been externally set to success. Terminating instance.
[2022-12-04 12:04:08,018] {process_utils.py:124} INFO - Sending Signals.SIGTERM to group 16771. PIDs of all processes in the group: [16771]
[2022-12-04 12:04:08,122] {process_utils.py:75} INFO - Sending the signal Signals.SIGTERM to group 16771
[2022-12-04 12:04:08,123] {process_utils.py:70} INFO - Process psutil.Process(pid=16771, status='terminated', exitcode=0, started='12:04:02') (16771) terminated with exit code 0
