[2022-12-04 11:42:13,810] {taskinstance.py:1032} INFO - Dependencies all met for <TaskInstance: dag1.local_to_gcs_task scheduled__2022-11-04T18:20:00+00:00 [queued]>
[2022-12-04 11:42:13,863] {taskinstance.py:1032} INFO - Dependencies all met for <TaskInstance: dag1.local_to_gcs_task scheduled__2022-11-04T18:20:00+00:00 [queued]>
[2022-12-04 11:42:13,869] {taskinstance.py:1238} INFO - 
--------------------------------------------------------------------------------
[2022-12-04 11:42:13,871] {taskinstance.py:1239} INFO - Starting attempt 1 of 2
[2022-12-04 11:42:13,895] {taskinstance.py:1240} INFO - 
--------------------------------------------------------------------------------
[2022-12-04 11:42:13,969] {taskinstance.py:1259} INFO - Executing <Task(PythonOperator): local_to_gcs_task> on 2022-11-04 18:20:00+00:00
[2022-12-04 11:42:14,003] {standard_task_runner.py:52} INFO - Started process 14152 to run task
[2022-12-04 11:42:14,022] {standard_task_runner.py:76} INFO - Running: ['***', 'tasks', 'run', 'dag1', 'local_to_gcs_task', 'scheduled__2022-11-04T18:20:00+00:00', '--job-id', '5588', '--raw', '--subdir', 'DAGS_FOLDER/AirflowClean2.py', '--cfg-path', '/tmp/tmpm_rg__ci', '--error-file', '/tmp/tmply8bpu_g']
[2022-12-04 11:42:14,038] {standard_task_runner.py:77} INFO - Job 5588: Subtask local_to_gcs_task
[2022-12-04 11:42:14,302] {logging_mixin.py:109} INFO - Running <TaskInstance: dag1.local_to_gcs_task scheduled__2022-11-04T18:20:00+00:00 [running]> on host 9e44869ff3ef
[2022-12-04 11:42:14,546] {taskinstance.py:1426} INFO - Exporting the following env vars:
AIRFLOW_CTX_DAG_OWNER=Fadlil
AIRFLOW_CTX_DAG_ID=dag1
AIRFLOW_CTX_TASK_ID=local_to_gcs_task
AIRFLOW_CTX_EXECUTION_DATE=2022-11-04T18:20:00+00:00
AIRFLOW_CTX_DAG_RUN_ID=scheduled__2022-11-04T18:20:00+00:00
[2022-12-04 11:42:15,327] {python.py:175} INFO - Done. Returned value was: None
[2022-12-04 11:42:15,348] {taskinstance.py:1277} INFO - Marking task as SUCCESS. dag_id=dag1, task_id=local_to_gcs_task, execution_date=20221104T182000, start_date=20221204T114213, end_date=20221204T114215
[2022-12-04 11:42:15,423] {local_task_job.py:154} INFO - Task exited with return code 0
[2022-12-04 11:42:15,913] {local_task_job.py:264} INFO - 0 downstream tasks scheduled from follow-on schedule check
