[2022-12-03 17:47:29,854] {taskinstance.py:1032} INFO - Dependencies all met for <TaskInstance: dag1.get_data scheduled__2022-10-26T12:50:00+00:00 [queued]>
[2022-12-03 17:47:29,888] {taskinstance.py:1032} INFO - Dependencies all met for <TaskInstance: dag1.get_data scheduled__2022-10-26T12:50:00+00:00 [queued]>
[2022-12-03 17:47:29,893] {taskinstance.py:1238} INFO - 
--------------------------------------------------------------------------------
[2022-12-03 17:47:29,893] {taskinstance.py:1239} INFO - Starting attempt 1 of 2
[2022-12-03 17:47:29,894] {taskinstance.py:1240} INFO - 
--------------------------------------------------------------------------------
[2022-12-03 17:47:29,946] {taskinstance.py:1259} INFO - Executing <Task(PythonOperator): get_data> on 2022-10-26 12:50:00+00:00
[2022-12-03 17:47:29,951] {standard_task_runner.py:52} INFO - Started process 544 to run task
[2022-12-03 17:47:29,966] {standard_task_runner.py:76} INFO - Running: ['***', 'tasks', 'run', 'dag1', 'get_data', 'scheduled__2022-10-26T12:50:00+00:00', '--job-id', '308', '--raw', '--subdir', 'DAGS_FOLDER/AirflowClean2.py', '--cfg-path', '/tmp/tmp9gdmrz13', '--error-file', '/tmp/tmp42ds5v4y']
[2022-12-03 17:47:29,969] {standard_task_runner.py:77} INFO - Job 308: Subtask get_data
[2022-12-03 17:47:30,235] {logging_mixin.py:109} INFO - Running <TaskInstance: dag1.get_data scheduled__2022-10-26T12:50:00+00:00 [running]> on host 422c372562ce
[2022-12-03 17:47:30,412] {taskinstance.py:1426} INFO - Exporting the following env vars:
AIRFLOW_CTX_DAG_OWNER=Fadlil
AIRFLOW_CTX_DAG_ID=dag1
AIRFLOW_CTX_TASK_ID=get_data
AIRFLOW_CTX_EXECUTION_DATE=2022-10-26T12:50:00+00:00
AIRFLOW_CTX_DAG_RUN_ID=scheduled__2022-10-26T12:50:00+00:00
[2022-12-03 17:47:31,178] {python.py:175} INFO - Done. Returned value was: None
[2022-12-03 17:47:31,194] {taskinstance.py:1277} INFO - Marking task as SUCCESS. dag_id=dag1, task_id=get_data, execution_date=20221026T125000, start_date=20221203T174729, end_date=20221203T174731
[2022-12-03 17:47:31,289] {local_task_job.py:154} INFO - Task exited with return code 0
[2022-12-03 17:47:31,431] {local_task_job.py:264} INFO - 1 downstream tasks scheduled from follow-on schedule check
