[2022-12-04 10:33:31,034] {taskinstance.py:1032} INFO - Dependencies all met for <TaskInstance: dag1.save_to_parquet scheduled__2022-10-31T20:10:00+00:00 [queued]>
[2022-12-04 10:33:31,060] {taskinstance.py:1032} INFO - Dependencies all met for <TaskInstance: dag1.save_to_parquet scheduled__2022-10-31T20:10:00+00:00 [queued]>
[2022-12-04 10:33:31,060] {taskinstance.py:1238} INFO - 
--------------------------------------------------------------------------------
[2022-12-04 10:33:31,061] {taskinstance.py:1239} INFO - Starting attempt 1 of 2
[2022-12-04 10:33:31,061] {taskinstance.py:1240} INFO - 
--------------------------------------------------------------------------------
[2022-12-04 10:33:31,122] {taskinstance.py:1259} INFO - Executing <Task(PythonOperator): save_to_parquet> on 2022-10-31 20:10:00+00:00
[2022-12-04 10:33:31,141] {standard_task_runner.py:52} INFO - Started process 5816 to run task
[2022-12-04 10:33:31,183] {standard_task_runner.py:76} INFO - Running: ['***', 'tasks', 'run', 'dag1', 'save_to_parquet', 'scheduled__2022-10-31T20:10:00+00:00', '--job-id', '3278', '--raw', '--subdir', 'DAGS_FOLDER/AirflowClean2.py', '--cfg-path', '/tmp/tmpsftimrdm', '--error-file', '/tmp/tmp0ku1qpc8']
[2022-12-04 10:33:31,185] {standard_task_runner.py:77} INFO - Job 3278: Subtask save_to_parquet
[2022-12-04 10:33:31,955] {logging_mixin.py:109} INFO - Running <TaskInstance: dag1.save_to_parquet scheduled__2022-10-31T20:10:00+00:00 [running]> on host 9e44869ff3ef
[2022-12-04 10:33:32,338] {taskinstance.py:1426} INFO - Exporting the following env vars:
AIRFLOW_CTX_DAG_OWNER=Fadlil
AIRFLOW_CTX_DAG_ID=dag1
AIRFLOW_CTX_TASK_ID=save_to_parquet
AIRFLOW_CTX_EXECUTION_DATE=2022-10-31T20:10:00+00:00
AIRFLOW_CTX_DAG_RUN_ID=scheduled__2022-10-31T20:10:00+00:00
[2022-12-04 10:33:32,417] {python.py:175} INFO - Done. Returned value was: None
[2022-12-04 10:33:32,487] {taskinstance.py:1277} INFO - Marking task as SUCCESS. dag_id=dag1, task_id=save_to_parquet, execution_date=20221031T201000, start_date=20221204T103331, end_date=20221204T103332
[2022-12-04 10:33:32,587] {local_task_job.py:154} INFO - Task exited with return code 0
[2022-12-04 10:33:32,703] {local_task_job.py:264} INFO - 1 downstream tasks scheduled from follow-on schedule check
