[2022-12-04 12:11:01,716] {taskinstance.py:1032} INFO - Dependencies all met for <TaskInstance: dag1.delete_local_file scheduled__2022-11-05T17:00:00+00:00 [queued]>
[2022-12-04 12:11:01,763] {taskinstance.py:1032} INFO - Dependencies all met for <TaskInstance: dag1.delete_local_file scheduled__2022-11-05T17:00:00+00:00 [queued]>
[2022-12-04 12:11:01,771] {taskinstance.py:1238} INFO - 
--------------------------------------------------------------------------------
[2022-12-04 12:11:01,773] {taskinstance.py:1239} INFO - Starting attempt 1 of 2
[2022-12-04 12:11:01,776] {taskinstance.py:1240} INFO - 
--------------------------------------------------------------------------------
[2022-12-04 12:11:01,821] {taskinstance.py:1259} INFO - Executing <Task(PythonOperator): delete_local_file> on 2022-11-05 17:00:00+00:00
[2022-12-04 12:11:01,832] {standard_task_runner.py:52} INFO - Started process 17363 to run task
[2022-12-04 12:11:01,846] {standard_task_runner.py:76} INFO - Running: ['***', 'tasks', 'run', 'dag1', 'delete_local_file', 'scheduled__2022-11-05T17:00:00+00:00', '--job-id', '6345', '--raw', '--subdir', 'DAGS_FOLDER/AirflowClean2.py', '--cfg-path', '/tmp/tmph9r_z_63', '--error-file', '/tmp/tmpxd9d0_or']
[2022-12-04 12:11:01,848] {standard_task_runner.py:77} INFO - Job 6345: Subtask delete_local_file
[2022-12-04 12:11:02,423] {logging_mixin.py:109} INFO - Running <TaskInstance: dag1.delete_local_file scheduled__2022-11-05T17:00:00+00:00 [running]> on host 9e44869ff3ef
[2022-12-04 12:11:02,646] {taskinstance.py:1426} INFO - Exporting the following env vars:
AIRFLOW_CTX_DAG_OWNER=Fadlil
AIRFLOW_CTX_DAG_ID=dag1
AIRFLOW_CTX_TASK_ID=delete_local_file
AIRFLOW_CTX_EXECUTION_DATE=2022-11-05T17:00:00+00:00
AIRFLOW_CTX_DAG_RUN_ID=scheduled__2022-11-05T17:00:00+00:00
[2022-12-04 12:11:02,651] {python.py:175} INFO - Done. Returned value was: None
[2022-12-04 12:11:02,671] {taskinstance.py:1277} INFO - Marking task as SUCCESS. dag_id=dag1, task_id=delete_local_file, execution_date=20221105T170000, start_date=20221204T121101, end_date=20221204T121102
[2022-12-04 12:11:02,757] {local_task_job.py:154} INFO - Task exited with return code 0
[2022-12-04 12:11:02,857] {local_task_job.py:264} INFO - 0 downstream tasks scheduled from follow-on schedule check
