[2022-12-04 10:36:37,076] {taskinstance.py:1032} INFO - Dependencies all met for <TaskInstance: dag1.save_to_csv scheduled__2022-11-01T04:00:00+00:00 [queued]>
[2022-12-04 10:36:37,337] {taskinstance.py:1032} INFO - Dependencies all met for <TaskInstance: dag1.save_to_csv scheduled__2022-11-01T04:00:00+00:00 [queued]>
[2022-12-04 10:36:37,358] {taskinstance.py:1238} INFO - 
--------------------------------------------------------------------------------
[2022-12-04 10:36:37,359] {taskinstance.py:1239} INFO - Starting attempt 1 of 2
[2022-12-04 10:36:37,372] {taskinstance.py:1240} INFO - 
--------------------------------------------------------------------------------
[2022-12-04 10:36:37,492] {taskinstance.py:1259} INFO - Executing <Task(PythonOperator): save_to_csv> on 2022-11-01 04:00:00+00:00
[2022-12-04 10:36:37,527] {standard_task_runner.py:52} INFO - Started process 6442 to run task
[2022-12-04 10:36:37,581] {standard_task_runner.py:76} INFO - Running: ['***', 'tasks', 'run', 'dag1', 'save_to_csv', 'scheduled__2022-11-01T04:00:00+00:00', '--job-id', '3457', '--raw', '--subdir', 'DAGS_FOLDER/AirflowClean2.py', '--cfg-path', '/tmp/tmpfoxsbqbp', '--error-file', '/tmp/tmp8v9zjvkz']
[2022-12-04 10:36:37,601] {standard_task_runner.py:77} INFO - Job 3457: Subtask save_to_csv
[2022-12-04 10:36:39,095] {logging_mixin.py:109} INFO - Running <TaskInstance: dag1.save_to_csv scheduled__2022-11-01T04:00:00+00:00 [running]> on host 9e44869ff3ef
[2022-12-04 10:36:39,513] {taskinstance.py:1426} INFO - Exporting the following env vars:
AIRFLOW_CTX_DAG_OWNER=Fadlil
AIRFLOW_CTX_DAG_ID=dag1
AIRFLOW_CTX_TASK_ID=save_to_csv
AIRFLOW_CTX_EXECUTION_DATE=2022-11-01T04:00:00+00:00
AIRFLOW_CTX_DAG_RUN_ID=scheduled__2022-11-01T04:00:00+00:00
[2022-12-04 10:36:39,645] {python.py:175} INFO - Done. Returned value was: None
[2022-12-04 10:36:40,171] {taskinstance.py:1277} INFO - Marking task as SUCCESS. dag_id=dag1, task_id=save_to_csv, execution_date=20221101T040000, start_date=20221204T103637, end_date=20221204T103640
[2022-12-04 10:36:40,392] {local_task_job.py:154} INFO - Task exited with return code 0
[2022-12-04 10:36:41,184] {local_task_job.py:264} INFO - 1 downstream tasks scheduled from follow-on schedule check
