[2022-12-04 04:33:18,621] {taskinstance.py:1032} INFO - Dependencies all met for <TaskInstance: dag1.get_data scheduled__2022-10-28T14:20:00+00:00 [queued]>
[2022-12-04 04:33:18,777] {taskinstance.py:1032} INFO - Dependencies all met for <TaskInstance: dag1.get_data scheduled__2022-10-28T14:20:00+00:00 [queued]>
[2022-12-04 04:33:18,793] {taskinstance.py:1238} INFO - 
--------------------------------------------------------------------------------
[2022-12-04 04:33:18,795] {taskinstance.py:1239} INFO - Starting attempt 1 of 2
[2022-12-04 04:33:18,795] {taskinstance.py:1240} INFO - 
--------------------------------------------------------------------------------
[2022-12-04 04:33:18,923] {taskinstance.py:1259} INFO - Executing <Task(PythonOperator): get_data> on 2022-10-28 14:20:00+00:00
[2022-12-04 04:33:18,938] {standard_task_runner.py:52} INFO - Started process 5608 to run task
[2022-12-04 04:33:18,964] {standard_task_runner.py:76} INFO - Running: ['***', 'tasks', 'run', 'dag1', 'get_data', 'scheduled__2022-10-28T14:20:00+00:00', '--job-id', '1515', '--raw', '--subdir', 'DAGS_FOLDER/AirflowClean2.py', '--cfg-path', '/tmp/tmpi7xndy9a', '--error-file', '/tmp/tmp5dt1y7o8']
[2022-12-04 04:33:18,978] {standard_task_runner.py:77} INFO - Job 1515: Subtask get_data
[2022-12-04 04:33:19,396] {logging_mixin.py:109} INFO - Running <TaskInstance: dag1.get_data scheduled__2022-10-28T14:20:00+00:00 [running]> on host 422c372562ce
[2022-12-04 04:33:19,973] {taskinstance.py:1426} INFO - Exporting the following env vars:
AIRFLOW_CTX_DAG_OWNER=Fadlil
AIRFLOW_CTX_DAG_ID=dag1
AIRFLOW_CTX_TASK_ID=get_data
AIRFLOW_CTX_EXECUTION_DATE=2022-10-28T14:20:00+00:00
AIRFLOW_CTX_DAG_RUN_ID=scheduled__2022-10-28T14:20:00+00:00
[2022-12-04 04:33:21,159] {python.py:175} INFO - Done. Returned value was: None
[2022-12-04 04:33:21,237] {taskinstance.py:1277} INFO - Marking task as SUCCESS. dag_id=dag1, task_id=get_data, execution_date=20221028T142000, start_date=20221204T043318, end_date=20221204T043321
[2022-12-04 04:33:21,357] {local_task_job.py:154} INFO - Task exited with return code 0
[2022-12-04 04:33:22,724] {local_task_job.py:264} INFO - 0 downstream tasks scheduled from follow-on schedule check
