[2022-12-04 09:29:14,186] {taskinstance.py:1032} INFO - Dependencies all met for <TaskInstance: dag1.get_data scheduled__2022-10-30T06:10:00+00:00 [queued]>
[2022-12-04 09:29:14,207] {taskinstance.py:1032} INFO - Dependencies all met for <TaskInstance: dag1.get_data scheduled__2022-10-30T06:10:00+00:00 [queued]>
[2022-12-04 09:29:14,207] {taskinstance.py:1238} INFO - 
--------------------------------------------------------------------------------
[2022-12-04 09:29:14,208] {taskinstance.py:1239} INFO - Starting attempt 1 of 2
[2022-12-04 09:29:14,208] {taskinstance.py:1240} INFO - 
--------------------------------------------------------------------------------
[2022-12-04 09:29:14,275] {taskinstance.py:1259} INFO - Executing <Task(PythonOperator): get_data> on 2022-10-30 06:10:00+00:00
[2022-12-04 09:29:14,299] {standard_task_runner.py:52} INFO - Started process 1017 to run task
[2022-12-04 09:29:14,304] {standard_task_runner.py:76} INFO - Running: ['***', 'tasks', 'run', 'dag1', 'get_data', 'scheduled__2022-10-30T06:10:00+00:00', '--job-id', '2434', '--raw', '--subdir', 'DAGS_FOLDER/AirflowClean2.py', '--cfg-path', '/tmp/tmpk2ilpum6', '--error-file', '/tmp/tmpco7heuh3']
[2022-12-04 09:29:14,307] {standard_task_runner.py:77} INFO - Job 2434: Subtask get_data
[2022-12-04 09:29:14,455] {logging_mixin.py:109} INFO - Running <TaskInstance: dag1.get_data scheduled__2022-10-30T06:10:00+00:00 [running]> on host 9e44869ff3ef
[2022-12-04 09:29:14,653] {taskinstance.py:1426} INFO - Exporting the following env vars:
AIRFLOW_CTX_DAG_OWNER=Fadlil
AIRFLOW_CTX_DAG_ID=dag1
AIRFLOW_CTX_TASK_ID=get_data
AIRFLOW_CTX_EXECUTION_DATE=2022-10-30T06:10:00+00:00
AIRFLOW_CTX_DAG_RUN_ID=scheduled__2022-10-30T06:10:00+00:00
[2022-12-04 09:29:15,622] {python.py:175} INFO - Done. Returned value was: None
[2022-12-04 09:29:15,662] {taskinstance.py:1277} INFO - Marking task as SUCCESS. dag_id=dag1, task_id=get_data, execution_date=20221030T061000, start_date=20221204T092914, end_date=20221204T092915
[2022-12-04 09:29:15,761] {local_task_job.py:154} INFO - Task exited with return code 0
[2022-12-04 09:29:15,917] {local_task_job.py:264} INFO - 1 downstream tasks scheduled from follow-on schedule check
