[2022-12-04 12:05:06,065] {taskinstance.py:1032} INFO - Dependencies all met for <TaskInstance: dag1.save_to_parquet scheduled__2022-11-05T15:10:00+00:00 [queued]>
[2022-12-04 12:05:06,122] {taskinstance.py:1032} INFO - Dependencies all met for <TaskInstance: dag1.save_to_parquet scheduled__2022-11-05T15:10:00+00:00 [queued]>
[2022-12-04 12:05:06,123] {taskinstance.py:1238} INFO - 
--------------------------------------------------------------------------------
[2022-12-04 12:05:06,124] {taskinstance.py:1239} INFO - Starting attempt 1 of 2
[2022-12-04 12:05:06,125] {taskinstance.py:1240} INFO - 
--------------------------------------------------------------------------------
[2022-12-04 12:05:06,201] {taskinstance.py:1259} INFO - Executing <Task(PythonOperator): save_to_parquet> on 2022-11-05 15:10:00+00:00
[2022-12-04 12:05:06,226] {standard_task_runner.py:52} INFO - Started process 16881 to run task
[2022-12-04 12:05:06,234] {standard_task_runner.py:76} INFO - Running: ['***', 'tasks', 'run', 'dag1', 'save_to_parquet', 'scheduled__2022-11-05T15:10:00+00:00', '--job-id', '6247', '--raw', '--subdir', 'DAGS_FOLDER/AirflowClean2.py', '--cfg-path', '/tmp/tmpz002lw9r', '--error-file', '/tmp/tmpaipbqi5h']
[2022-12-04 12:05:06,249] {standard_task_runner.py:77} INFO - Job 6247: Subtask save_to_parquet
[2022-12-04 12:05:06,403] {logging_mixin.py:109} INFO - Running <TaskInstance: dag1.save_to_parquet scheduled__2022-11-05T15:10:00+00:00 [running]> on host 9e44869ff3ef
[2022-12-04 12:05:06,549] {taskinstance.py:1426} INFO - Exporting the following env vars:
AIRFLOW_CTX_DAG_OWNER=Fadlil
AIRFLOW_CTX_DAG_ID=dag1
AIRFLOW_CTX_TASK_ID=save_to_parquet
AIRFLOW_CTX_EXECUTION_DATE=2022-11-05T15:10:00+00:00
AIRFLOW_CTX_DAG_RUN_ID=scheduled__2022-11-05T15:10:00+00:00
[2022-12-04 12:05:06,613] {python.py:175} INFO - Done. Returned value was: None
[2022-12-04 12:05:06,635] {taskinstance.py:1277} INFO - Marking task as SUCCESS. dag_id=dag1, task_id=save_to_parquet, execution_date=20221105T151000, start_date=20221204T120506, end_date=20221204T120506
[2022-12-04 12:05:06,704] {local_task_job.py:154} INFO - Task exited with return code 0
[2022-12-04 12:05:06,794] {local_task_job.py:264} INFO - 1 downstream tasks scheduled from follow-on schedule check
