[2022-12-04 09:51:44,622] {taskinstance.py:1032} INFO - Dependencies all met for <TaskInstance: dag1.save_to_csv scheduled__2022-10-30T08:50:00+00:00 [queued]>
[2022-12-04 09:51:44,678] {taskinstance.py:1032} INFO - Dependencies all met for <TaskInstance: dag1.save_to_csv scheduled__2022-10-30T08:50:00+00:00 [queued]>
[2022-12-04 09:51:44,681] {taskinstance.py:1238} INFO - 
--------------------------------------------------------------------------------
[2022-12-04 09:51:44,684] {taskinstance.py:1239} INFO - Starting attempt 1 of 2
[2022-12-04 09:51:44,690] {taskinstance.py:1240} INFO - 
--------------------------------------------------------------------------------
[2022-12-04 09:51:44,743] {taskinstance.py:1259} INFO - Executing <Task(PythonOperator): save_to_csv> on 2022-10-30 08:50:00+00:00
[2022-12-04 09:51:44,750] {standard_task_runner.py:52} INFO - Started process 2048 to run task
[2022-12-04 09:51:44,756] {standard_task_runner.py:76} INFO - Running: ['***', 'tasks', 'run', 'dag1', 'save_to_csv', 'scheduled__2022-10-30T08:50:00+00:00', '--job-id', '2493', '--raw', '--subdir', 'DAGS_FOLDER/AirflowClean2.py', '--cfg-path', '/tmp/tmp7bl7gk14', '--error-file', '/tmp/tmp9gr8523h']
[2022-12-04 09:51:44,759] {standard_task_runner.py:77} INFO - Job 2493: Subtask save_to_csv
[2022-12-04 09:51:44,895] {logging_mixin.py:109} INFO - Running <TaskInstance: dag1.save_to_csv scheduled__2022-10-30T08:50:00+00:00 [running]> on host 9e44869ff3ef
[2022-12-04 09:51:45,199] {taskinstance.py:1426} INFO - Exporting the following env vars:
AIRFLOW_CTX_DAG_OWNER=Fadlil
AIRFLOW_CTX_DAG_ID=dag1
AIRFLOW_CTX_TASK_ID=save_to_csv
AIRFLOW_CTX_EXECUTION_DATE=2022-10-30T08:50:00+00:00
AIRFLOW_CTX_DAG_RUN_ID=scheduled__2022-10-30T08:50:00+00:00
[2022-12-04 09:51:45,250] {python.py:175} INFO - Done. Returned value was: None
[2022-12-04 09:51:45,296] {taskinstance.py:1277} INFO - Marking task as SUCCESS. dag_id=dag1, task_id=save_to_csv, execution_date=20221030T085000, start_date=20221204T095144, end_date=20221204T095145
[2022-12-04 09:51:45,353] {local_task_job.py:154} INFO - Task exited with return code 0
[2022-12-04 09:51:45,445] {local_task_job.py:264} INFO - 1 downstream tasks scheduled from follow-on schedule check
