[2022-12-03 17:59:00,482] {taskinstance.py:1032} INFO - Dependencies all met for <TaskInstance: dag1.get_data scheduled__2022-10-26T19:00:00+00:00 [queued]>
[2022-12-03 17:59:00,552] {taskinstance.py:1032} INFO - Dependencies all met for <TaskInstance: dag1.get_data scheduled__2022-10-26T19:00:00+00:00 [queued]>
[2022-12-03 17:59:00,556] {taskinstance.py:1238} INFO - 
--------------------------------------------------------------------------------
[2022-12-03 17:59:00,557] {taskinstance.py:1239} INFO - Starting attempt 1 of 2
[2022-12-03 17:59:00,570] {taskinstance.py:1240} INFO - 
--------------------------------------------------------------------------------
[2022-12-03 17:59:00,697] {taskinstance.py:1259} INFO - Executing <Task(PythonOperator): get_data> on 2022-10-26 19:00:00+00:00
[2022-12-03 17:59:00,749] {standard_task_runner.py:52} INFO - Started process 1378 to run task
[2022-12-03 17:59:00,792] {standard_task_runner.py:76} INFO - Running: ['***', 'tasks', 'run', 'dag1', 'get_data', 'scheduled__2022-10-26T19:00:00+00:00', '--job-id', '447', '--raw', '--subdir', 'DAGS_FOLDER/AirflowClean2.py', '--cfg-path', '/tmp/tmpl_kivve6', '--error-file', '/tmp/tmpkdzkqpmg']
[2022-12-03 17:59:00,802] {standard_task_runner.py:77} INFO - Job 447: Subtask get_data
[2022-12-03 17:59:01,254] {logging_mixin.py:109} INFO - Running <TaskInstance: dag1.get_data scheduled__2022-10-26T19:00:00+00:00 [running]> on host 422c372562ce
[2022-12-03 17:59:01,558] {taskinstance.py:1426} INFO - Exporting the following env vars:
AIRFLOW_CTX_DAG_OWNER=Fadlil
AIRFLOW_CTX_DAG_ID=dag1
AIRFLOW_CTX_TASK_ID=get_data
AIRFLOW_CTX_EXECUTION_DATE=2022-10-26T19:00:00+00:00
AIRFLOW_CTX_DAG_RUN_ID=scheduled__2022-10-26T19:00:00+00:00
[2022-12-03 17:59:02,394] {python.py:175} INFO - Done. Returned value was: None
[2022-12-03 17:59:03,307] {taskinstance.py:1277} INFO - Marking task as SUCCESS. dag_id=dag1, task_id=get_data, execution_date=20221026T190000, start_date=20221203T175900, end_date=20221203T175903
[2022-12-03 17:59:03,393] {local_task_job.py:154} INFO - Task exited with return code 0
[2022-12-03 17:59:03,599] {local_task_job.py:264} INFO - 1 downstream tasks scheduled from follow-on schedule check
