[2022-12-04 17:44:56,702] {taskinstance.py:1032} INFO - Dependencies all met for <TaskInstance: dag1.get_data scheduled__2022-11-10T15:40:00+00:00 [queued]>
[2022-12-04 17:44:56,725] {taskinstance.py:1032} INFO - Dependencies all met for <TaskInstance: dag1.get_data scheduled__2022-11-10T15:40:00+00:00 [queued]>
[2022-12-04 17:44:56,726] {taskinstance.py:1238} INFO - 
--------------------------------------------------------------------------------
[2022-12-04 17:44:56,726] {taskinstance.py:1239} INFO - Starting attempt 1 of 2
[2022-12-04 17:44:56,727] {taskinstance.py:1240} INFO - 
--------------------------------------------------------------------------------
[2022-12-04 17:44:56,748] {taskinstance.py:1259} INFO - Executing <Task(PythonOperator): get_data> on 2022-11-10 15:40:00+00:00
[2022-12-04 17:44:56,763] {standard_task_runner.py:52} INFO - Started process 19861 to run task
[2022-12-04 17:44:56,775] {standard_task_runner.py:76} INFO - Running: ['***', 'tasks', 'run', 'dag1', 'get_data', 'scheduled__2022-11-10T15:40:00+00:00', '--job-id', '10849', '--raw', '--subdir', 'DAGS_FOLDER/AirflowClean2.py', '--cfg-path', '/tmp/tmp5gxegsqd', '--error-file', '/tmp/tmp1temtxfl']
[2022-12-04 17:44:56,777] {standard_task_runner.py:77} INFO - Job 10849: Subtask get_data
[2022-12-04 17:44:56,988] {logging_mixin.py:109} INFO - Running <TaskInstance: dag1.get_data scheduled__2022-11-10T15:40:00+00:00 [running]> on host 7a020590adae
[2022-12-04 17:44:57,174] {taskinstance.py:1426} INFO - Exporting the following env vars:
AIRFLOW_CTX_DAG_OWNER=Fadlil
AIRFLOW_CTX_DAG_ID=dag1
AIRFLOW_CTX_TASK_ID=get_data
AIRFLOW_CTX_EXECUTION_DATE=2022-11-10T15:40:00+00:00
AIRFLOW_CTX_DAG_RUN_ID=scheduled__2022-11-10T15:40:00+00:00
[2022-12-04 17:44:57,869] {python.py:175} INFO - Done. Returned value was: None
[2022-12-04 17:44:57,884] {taskinstance.py:1277} INFO - Marking task as SUCCESS. dag_id=dag1, task_id=get_data, execution_date=20221110T154000, start_date=20221204T174456, end_date=20221204T174457
[2022-12-04 17:44:57,930] {local_task_job.py:154} INFO - Task exited with return code 0
[2022-12-04 17:44:57,992] {local_task_job.py:264} INFO - 1 downstream tasks scheduled from follow-on schedule check
