[2022-12-04 10:19:08,976] {taskinstance.py:1032} INFO - Dependencies all met for <TaskInstance: dag1.save_to_parquet scheduled__2022-10-31T10:20:00+00:00 [queued]>
[2022-12-04 10:19:09,074] {taskinstance.py:1032} INFO - Dependencies all met for <TaskInstance: dag1.save_to_parquet scheduled__2022-10-31T10:20:00+00:00 [queued]>
[2022-12-04 10:19:09,086] {taskinstance.py:1238} INFO - 
--------------------------------------------------------------------------------
[2022-12-04 10:19:09,087] {taskinstance.py:1239} INFO - Starting attempt 1 of 2
[2022-12-04 10:19:09,099] {taskinstance.py:1240} INFO - 
--------------------------------------------------------------------------------
[2022-12-04 10:19:09,178] {taskinstance.py:1259} INFO - Executing <Task(PythonOperator): save_to_parquet> on 2022-10-31 10:20:00+00:00
[2022-12-04 10:19:09,226] {standard_task_runner.py:52} INFO - Started process 4541 to run task
[2022-12-04 10:19:09,240] {standard_task_runner.py:76} INFO - Running: ['***', 'tasks', 'run', 'dag1', 'save_to_parquet', 'scheduled__2022-10-31T10:20:00+00:00', '--job-id', '3019', '--raw', '--subdir', 'DAGS_FOLDER/AirflowClean2.py', '--cfg-path', '/tmp/tmpuyqodxlo', '--error-file', '/tmp/tmp084g_hzs']
[2022-12-04 10:19:09,250] {standard_task_runner.py:77} INFO - Job 3019: Subtask save_to_parquet
[2022-12-04 10:19:10,188] {logging_mixin.py:109} INFO - Running <TaskInstance: dag1.save_to_parquet scheduled__2022-10-31T10:20:00+00:00 [running]> on host 9e44869ff3ef
[2022-12-04 10:19:10,565] {taskinstance.py:1426} INFO - Exporting the following env vars:
AIRFLOW_CTX_DAG_OWNER=Fadlil
AIRFLOW_CTX_DAG_ID=dag1
AIRFLOW_CTX_TASK_ID=save_to_parquet
AIRFLOW_CTX_EXECUTION_DATE=2022-10-31T10:20:00+00:00
AIRFLOW_CTX_DAG_RUN_ID=scheduled__2022-10-31T10:20:00+00:00
[2022-12-04 10:19:10,638] {python.py:175} INFO - Done. Returned value was: None
[2022-12-04 10:19:10,670] {taskinstance.py:1277} INFO - Marking task as SUCCESS. dag_id=dag1, task_id=save_to_parquet, execution_date=20221031T102000, start_date=20221204T101908, end_date=20221204T101910
[2022-12-04 10:19:10,786] {local_task_job.py:154} INFO - Task exited with return code 0
[2022-12-04 10:19:11,230] {local_task_job.py:264} INFO - 1 downstream tasks scheduled from follow-on schedule check
