[2022-12-04 11:43:27,562] {taskinstance.py:1032} INFO - Dependencies all met for <TaskInstance: dag1.save_to_csv scheduled__2022-11-04T20:10:00+00:00 [queued]>
[2022-12-04 11:43:27,598] {taskinstance.py:1032} INFO - Dependencies all met for <TaskInstance: dag1.save_to_csv scheduled__2022-11-04T20:10:00+00:00 [queued]>
[2022-12-04 11:43:27,599] {taskinstance.py:1238} INFO - 
--------------------------------------------------------------------------------
[2022-12-04 11:43:27,599] {taskinstance.py:1239} INFO - Starting attempt 1 of 2
[2022-12-04 11:43:27,600] {taskinstance.py:1240} INFO - 
--------------------------------------------------------------------------------
[2022-12-04 11:43:27,678] {taskinstance.py:1259} INFO - Executing <Task(PythonOperator): save_to_csv> on 2022-11-04 20:10:00+00:00
[2022-12-04 11:43:27,693] {standard_task_runner.py:52} INFO - Started process 14355 to run task
[2022-12-04 11:43:27,711] {standard_task_runner.py:76} INFO - Running: ['***', 'tasks', 'run', 'dag1', 'save_to_csv', 'scheduled__2022-11-04T20:10:00+00:00', '--job-id', '5643', '--raw', '--subdir', 'DAGS_FOLDER/AirflowClean2.py', '--cfg-path', '/tmp/tmpa97s6wk1', '--error-file', '/tmp/tmp8uek1ul_']
[2022-12-04 11:43:27,715] {standard_task_runner.py:77} INFO - Job 5643: Subtask save_to_csv
[2022-12-04 11:43:27,880] {logging_mixin.py:109} INFO - Running <TaskInstance: dag1.save_to_csv scheduled__2022-11-04T20:10:00+00:00 [running]> on host 9e44869ff3ef
[2022-12-04 11:43:28,015] {taskinstance.py:1426} INFO - Exporting the following env vars:
AIRFLOW_CTX_DAG_OWNER=Fadlil
AIRFLOW_CTX_DAG_ID=dag1
AIRFLOW_CTX_TASK_ID=save_to_csv
AIRFLOW_CTX_EXECUTION_DATE=2022-11-04T20:10:00+00:00
AIRFLOW_CTX_DAG_RUN_ID=scheduled__2022-11-04T20:10:00+00:00
[2022-12-04 11:43:28,075] {python.py:175} INFO - Done. Returned value was: None
[2022-12-04 11:43:28,098] {taskinstance.py:1277} INFO - Marking task as SUCCESS. dag_id=dag1, task_id=save_to_csv, execution_date=20221104T201000, start_date=20221204T114327, end_date=20221204T114328
[2022-12-04 11:43:28,188] {local_task_job.py:154} INFO - Task exited with return code 0
[2022-12-04 11:43:28,327] {local_task_job.py:264} INFO - 1 downstream tasks scheduled from follow-on schedule check
