[2022-12-04 17:31:36,747] {taskinstance.py:1032} INFO - Dependencies all met for <TaskInstance: dag1.get_data scheduled__2022-11-10T09:30:00+00:00 [queued]>
[2022-12-04 17:31:36,770] {taskinstance.py:1032} INFO - Dependencies all met for <TaskInstance: dag1.get_data scheduled__2022-11-10T09:30:00+00:00 [queued]>
[2022-12-04 17:31:36,771] {taskinstance.py:1238} INFO - 
--------------------------------------------------------------------------------
[2022-12-04 17:31:36,771] {taskinstance.py:1239} INFO - Starting attempt 1 of 2
[2022-12-04 17:31:36,772] {taskinstance.py:1240} INFO - 
--------------------------------------------------------------------------------
[2022-12-04 17:31:36,802] {taskinstance.py:1259} INFO - Executing <Task(PythonOperator): get_data> on 2022-11-10 09:30:00+00:00
[2022-12-04 17:31:36,821] {standard_task_runner.py:52} INFO - Started process 18705 to run task
[2022-12-04 17:31:36,837] {standard_task_runner.py:76} INFO - Running: ['***', 'tasks', 'run', 'dag1', 'get_data', 'scheduled__2022-11-10T09:30:00+00:00', '--job-id', '10610', '--raw', '--subdir', 'DAGS_FOLDER/AirflowClean2.py', '--cfg-path', '/tmp/tmprkzl83_y', '--error-file', '/tmp/tmp587ltds7']
[2022-12-04 17:31:36,840] {standard_task_runner.py:77} INFO - Job 10610: Subtask get_data
[2022-12-04 17:31:37,096] {logging_mixin.py:109} INFO - Running <TaskInstance: dag1.get_data scheduled__2022-11-10T09:30:00+00:00 [running]> on host 7a020590adae
[2022-12-04 17:31:37,330] {taskinstance.py:1426} INFO - Exporting the following env vars:
AIRFLOW_CTX_DAG_OWNER=Fadlil
AIRFLOW_CTX_DAG_ID=dag1
AIRFLOW_CTX_TASK_ID=get_data
AIRFLOW_CTX_EXECUTION_DATE=2022-11-10T09:30:00+00:00
AIRFLOW_CTX_DAG_RUN_ID=scheduled__2022-11-10T09:30:00+00:00
[2022-12-04 17:31:38,020] {python.py:175} INFO - Done. Returned value was: None
[2022-12-04 17:31:38,043] {taskinstance.py:1277} INFO - Marking task as SUCCESS. dag_id=dag1, task_id=get_data, execution_date=20221110T093000, start_date=20221204T173136, end_date=20221204T173138
[2022-12-04 17:31:38,111] {local_task_job.py:154} INFO - Task exited with return code 0
[2022-12-04 17:31:38,186] {local_task_job.py:264} INFO - 1 downstream tasks scheduled from follow-on schedule check
