[2022-12-04 04:47:36,698] {taskinstance.py:1032} INFO - Dependencies all met for <TaskInstance: dag1.get_data scheduled__2022-10-28T21:30:00+00:00 [queued]>
[2022-12-04 04:47:36,789] {taskinstance.py:1032} INFO - Dependencies all met for <TaskInstance: dag1.get_data scheduled__2022-10-28T21:30:00+00:00 [queued]>
[2022-12-04 04:47:36,790] {taskinstance.py:1238} INFO - 
--------------------------------------------------------------------------------
[2022-12-04 04:47:36,791] {taskinstance.py:1239} INFO - Starting attempt 1 of 2
[2022-12-04 04:47:36,793] {taskinstance.py:1240} INFO - 
--------------------------------------------------------------------------------
[2022-12-04 04:47:36,959] {taskinstance.py:1259} INFO - Executing <Task(PythonOperator): get_data> on 2022-10-28 21:30:00+00:00
[2022-12-04 04:47:36,981] {standard_task_runner.py:52} INFO - Started process 6515 to run task
[2022-12-04 04:47:37,026] {standard_task_runner.py:76} INFO - Running: ['***', 'tasks', 'run', 'dag1', 'get_data', 'scheduled__2022-10-28T21:30:00+00:00', '--job-id', '1691', '--raw', '--subdir', 'DAGS_FOLDER/AirflowClean2.py', '--cfg-path', '/tmp/tmph6wlnhz_', '--error-file', '/tmp/tmp0ppn_ot8']
[2022-12-04 04:47:37,035] {standard_task_runner.py:77} INFO - Job 1691: Subtask get_data
[2022-12-04 04:47:37,385] {logging_mixin.py:109} INFO - Running <TaskInstance: dag1.get_data scheduled__2022-10-28T21:30:00+00:00 [running]> on host 422c372562ce
[2022-12-04 04:47:37,660] {taskinstance.py:1426} INFO - Exporting the following env vars:
AIRFLOW_CTX_DAG_OWNER=Fadlil
AIRFLOW_CTX_DAG_ID=dag1
AIRFLOW_CTX_TASK_ID=get_data
AIRFLOW_CTX_EXECUTION_DATE=2022-10-28T21:30:00+00:00
AIRFLOW_CTX_DAG_RUN_ID=scheduled__2022-10-28T21:30:00+00:00
[2022-12-04 04:47:38,893] {python.py:175} INFO - Done. Returned value was: None
[2022-12-04 04:47:39,591] {taskinstance.py:1277} INFO - Marking task as SUCCESS. dag_id=dag1, task_id=get_data, execution_date=20221028T213000, start_date=20221204T044736, end_date=20221204T044739
[2022-12-04 04:47:39,775] {local_task_job.py:154} INFO - Task exited with return code 0
[2022-12-04 04:47:40,038] {local_task_job.py:264} INFO - 1 downstream tasks scheduled from follow-on schedule check
