[2022-12-04 17:25:05,279] {taskinstance.py:1032} INFO - Dependencies all met for <TaskInstance: dag1.get_data scheduled__2022-11-10T06:30:00+00:00 [queued]>
[2022-12-04 17:25:05,292] {taskinstance.py:1032} INFO - Dependencies all met for <TaskInstance: dag1.get_data scheduled__2022-11-10T06:30:00+00:00 [queued]>
[2022-12-04 17:25:05,292] {taskinstance.py:1238} INFO - 
--------------------------------------------------------------------------------
[2022-12-04 17:25:05,293] {taskinstance.py:1239} INFO - Starting attempt 1 of 2
[2022-12-04 17:25:05,293] {taskinstance.py:1240} INFO - 
--------------------------------------------------------------------------------
[2022-12-04 17:25:05,308] {taskinstance.py:1259} INFO - Executing <Task(PythonOperator): get_data> on 2022-11-10 06:30:00+00:00
[2022-12-04 17:25:05,314] {standard_task_runner.py:52} INFO - Started process 18162 to run task
[2022-12-04 17:25:05,318] {standard_task_runner.py:76} INFO - Running: ['***', 'tasks', 'run', 'dag1', 'get_data', 'scheduled__2022-11-10T06:30:00+00:00', '--job-id', '10502', '--raw', '--subdir', 'DAGS_FOLDER/AirflowClean2.py', '--cfg-path', '/tmp/tmpts2qmi2d', '--error-file', '/tmp/tmpl8qmzq7b']
[2022-12-04 17:25:05,319] {standard_task_runner.py:77} INFO - Job 10502: Subtask get_data
[2022-12-04 17:25:05,444] {logging_mixin.py:109} INFO - Running <TaskInstance: dag1.get_data scheduled__2022-11-10T06:30:00+00:00 [running]> on host 7a020590adae
[2022-12-04 17:25:05,529] {taskinstance.py:1426} INFO - Exporting the following env vars:
AIRFLOW_CTX_DAG_OWNER=Fadlil
AIRFLOW_CTX_DAG_ID=dag1
AIRFLOW_CTX_TASK_ID=get_data
AIRFLOW_CTX_EXECUTION_DATE=2022-11-10T06:30:00+00:00
AIRFLOW_CTX_DAG_RUN_ID=scheduled__2022-11-10T06:30:00+00:00
[2022-12-04 17:25:06,182] {python.py:175} INFO - Done. Returned value was: None
[2022-12-04 17:25:06,312] {taskinstance.py:1277} INFO - Marking task as SUCCESS. dag_id=dag1, task_id=get_data, execution_date=20221110T063000, start_date=20221204T172505, end_date=20221204T172506
[2022-12-04 17:25:06,379] {local_task_job.py:154} INFO - Task exited with return code 0
[2022-12-04 17:25:06,455] {local_task_job.py:264} INFO - 1 downstream tasks scheduled from follow-on schedule check
