[2022-12-04 09:26:54,206] {taskinstance.py:1032} INFO - Dependencies all met for <TaskInstance: dag1.save_to_csv scheduled__2022-10-29T20:50:00+00:00 [queued]>
[2022-12-04 09:26:54,264] {taskinstance.py:1032} INFO - Dependencies all met for <TaskInstance: dag1.save_to_csv scheduled__2022-10-29T20:50:00+00:00 [queued]>
[2022-12-04 09:26:54,265] {taskinstance.py:1238} INFO - 
--------------------------------------------------------------------------------
[2022-12-04 09:26:54,267] {taskinstance.py:1239} INFO - Starting attempt 1 of 2
[2022-12-04 09:26:54,268] {taskinstance.py:1240} INFO - 
--------------------------------------------------------------------------------
[2022-12-04 09:26:54,357] {taskinstance.py:1259} INFO - Executing <Task(PythonOperator): save_to_csv> on 2022-10-29 20:50:00+00:00
[2022-12-04 09:26:54,380] {standard_task_runner.py:52} INFO - Started process 468 to run task
[2022-12-04 09:26:54,437] {standard_task_runner.py:76} INFO - Running: ['***', 'tasks', 'run', 'dag1', 'save_to_csv', 'scheduled__2022-10-29T20:50:00+00:00', '--job-id', '2269', '--raw', '--subdir', 'DAGS_FOLDER/AirflowClean2.py', '--cfg-path', '/tmp/tmpd72lielq', '--error-file', '/tmp/tmp02whwns0']
[2022-12-04 09:26:54,443] {standard_task_runner.py:77} INFO - Job 2269: Subtask save_to_csv
[2022-12-04 09:26:54,717] {logging_mixin.py:109} INFO - Running <TaskInstance: dag1.save_to_csv scheduled__2022-10-29T20:50:00+00:00 [running]> on host 9e44869ff3ef
[2022-12-04 09:26:54,951] {taskinstance.py:1426} INFO - Exporting the following env vars:
AIRFLOW_CTX_DAG_OWNER=Fadlil
AIRFLOW_CTX_DAG_ID=dag1
AIRFLOW_CTX_TASK_ID=save_to_csv
AIRFLOW_CTX_EXECUTION_DATE=2022-10-29T20:50:00+00:00
AIRFLOW_CTX_DAG_RUN_ID=scheduled__2022-10-29T20:50:00+00:00
[2022-12-04 09:26:55,158] {python.py:175} INFO - Done. Returned value was: None
[2022-12-04 09:26:55,202] {taskinstance.py:1277} INFO - Marking task as SUCCESS. dag_id=dag1, task_id=save_to_csv, execution_date=20221029T205000, start_date=20221204T092654, end_date=20221204T092655
[2022-12-04 09:26:55,331] {local_task_job.py:154} INFO - Task exited with return code 0
[2022-12-04 09:26:55,689] {local_task_job.py:264} INFO - 1 downstream tasks scheduled from follow-on schedule check
