[2022-12-04 10:40:07,903] {taskinstance.py:1032} INFO - Dependencies all met for <TaskInstance: dag1.local_to_gcs_task scheduled__2022-11-01T11:10:00+00:00 [queued]>
[2022-12-04 10:40:07,984] {taskinstance.py:1032} INFO - Dependencies all met for <TaskInstance: dag1.local_to_gcs_task scheduled__2022-11-01T11:10:00+00:00 [queued]>
[2022-12-04 10:40:07,985] {taskinstance.py:1238} INFO - 
--------------------------------------------------------------------------------
[2022-12-04 10:40:07,991] {taskinstance.py:1239} INFO - Starting attempt 1 of 2
[2022-12-04 10:40:07,992] {taskinstance.py:1240} INFO - 
--------------------------------------------------------------------------------
[2022-12-04 10:40:08,147] {taskinstance.py:1259} INFO - Executing <Task(PythonOperator): local_to_gcs_task> on 2022-11-01 11:10:00+00:00
[2022-12-04 10:40:08,183] {standard_task_runner.py:52} INFO - Started process 7145 to run task
[2022-12-04 10:40:08,204] {standard_task_runner.py:76} INFO - Running: ['***', 'tasks', 'run', 'dag1', 'local_to_gcs_task', 'scheduled__2022-11-01T11:10:00+00:00', '--job-id', '3656', '--raw', '--subdir', 'DAGS_FOLDER/AirflowClean2.py', '--cfg-path', '/tmp/tmpihz3ubsb', '--error-file', '/tmp/tmp05he6v_c']
[2022-12-04 10:40:08,210] {standard_task_runner.py:77} INFO - Job 3656: Subtask local_to_gcs_task
[2022-12-04 10:40:08,823] {logging_mixin.py:109} INFO - Running <TaskInstance: dag1.local_to_gcs_task scheduled__2022-11-01T11:10:00+00:00 [running]> on host 9e44869ff3ef
[2022-12-04 10:40:09,246] {taskinstance.py:1426} INFO - Exporting the following env vars:
AIRFLOW_CTX_DAG_OWNER=Fadlil
AIRFLOW_CTX_DAG_ID=dag1
AIRFLOW_CTX_TASK_ID=local_to_gcs_task
AIRFLOW_CTX_EXECUTION_DATE=2022-11-01T11:10:00+00:00
AIRFLOW_CTX_DAG_RUN_ID=scheduled__2022-11-01T11:10:00+00:00
[2022-12-04 10:40:10,164] {python.py:175} INFO - Done. Returned value was: None
[2022-12-04 10:40:10,277] {taskinstance.py:1277} INFO - Marking task as SUCCESS. dag_id=dag1, task_id=local_to_gcs_task, execution_date=20221101T111000, start_date=20221204T104007, end_date=20221204T104010
[2022-12-04 10:40:10,602] {local_task_job.py:154} INFO - Task exited with return code 0
[2022-12-04 10:40:10,723] {local_task_job.py:264} INFO - 0 downstream tasks scheduled from follow-on schedule check
