[2022-12-04 03:57:57,509] {taskinstance.py:1032} INFO - Dependencies all met for <TaskInstance: dag1.save_to_csv scheduled__2022-10-27T22:00:00+00:00 [queued]>
[2022-12-04 03:57:57,786] {taskinstance.py:1032} INFO - Dependencies all met for <TaskInstance: dag1.save_to_csv scheduled__2022-10-27T22:00:00+00:00 [queued]>
[2022-12-04 03:57:57,792] {taskinstance.py:1238} INFO - 
--------------------------------------------------------------------------------
[2022-12-04 03:57:57,801] {taskinstance.py:1239} INFO - Starting attempt 1 of 2
[2022-12-04 03:57:57,807] {taskinstance.py:1240} INFO - 
--------------------------------------------------------------------------------
[2022-12-04 03:57:57,895] {taskinstance.py:1259} INFO - Executing <Task(PythonOperator): save_to_csv> on 2022-10-27 22:00:00+00:00
[2022-12-04 03:57:57,926] {standard_task_runner.py:76} INFO - Running: ['***', 'tasks', 'run', 'dag1', 'save_to_csv', 'scheduled__2022-10-27T22:00:00+00:00', '--job-id', '1131', '--raw', '--subdir', 'DAGS_FOLDER/AirflowClean2.py', '--cfg-path', '/tmp/tmp5wf2n7w0', '--error-file', '/tmp/tmp8rzr3x6r']
[2022-12-04 03:57:57,989] {standard_task_runner.py:77} INFO - Job 1131: Subtask save_to_csv
[2022-12-04 03:57:57,915] {standard_task_runner.py:52} INFO - Started process 3407 to run task
[2022-12-04 03:57:59,095] {logging_mixin.py:109} INFO - Running <TaskInstance: dag1.save_to_csv scheduled__2022-10-27T22:00:00+00:00 [running]> on host 422c372562ce
[2022-12-04 03:57:59,555] {taskinstance.py:1426} INFO - Exporting the following env vars:
AIRFLOW_CTX_DAG_OWNER=Fadlil
AIRFLOW_CTX_DAG_ID=dag1
AIRFLOW_CTX_TASK_ID=save_to_csv
AIRFLOW_CTX_EXECUTION_DATE=2022-10-27T22:00:00+00:00
AIRFLOW_CTX_DAG_RUN_ID=scheduled__2022-10-27T22:00:00+00:00
[2022-12-04 03:58:00,098] {python.py:175} INFO - Done. Returned value was: None
[2022-12-04 03:58:01,082] {taskinstance.py:1277} INFO - Marking task as SUCCESS. dag_id=dag1, task_id=save_to_csv, execution_date=20221027T220000, start_date=20221204T035757, end_date=20221204T035801
[2022-12-04 03:58:01,254] {local_task_job.py:154} INFO - Task exited with return code 0
[2022-12-04 03:58:01,580] {local_task_job.py:264} INFO - 1 downstream tasks scheduled from follow-on schedule check
