[2022-12-04 13:00:47,714] {taskinstance.py:1032} INFO - Dependencies all met for <TaskInstance: dag1.bigquery_external_table_task scheduled__2022-11-06T14:30:00+00:00 [queued]>
[2022-12-04 13:00:47,730] {taskinstance.py:1032} INFO - Dependencies all met for <TaskInstance: dag1.bigquery_external_table_task scheduled__2022-11-06T14:30:00+00:00 [queued]>
[2022-12-04 13:00:47,731] {taskinstance.py:1238} INFO - 
--------------------------------------------------------------------------------
[2022-12-04 13:00:47,731] {taskinstance.py:1239} INFO - Starting attempt 1 of 2
[2022-12-04 13:00:47,731] {taskinstance.py:1240} INFO - 
--------------------------------------------------------------------------------
[2022-12-04 13:00:47,748] {taskinstance.py:1259} INFO - Executing <Task(BigQueryCreateExternalTableOperator): bigquery_external_table_task> on 2022-11-06 14:30:00+00:00
[2022-12-04 13:00:47,755] {standard_task_runner.py:52} INFO - Started process 2047 to run task
[2022-12-04 13:00:47,759] {standard_task_runner.py:76} INFO - Running: ['***', 'tasks', 'run', 'dag1', 'bigquery_external_table_task', 'scheduled__2022-11-06T14:30:00+00:00', '--job-id', '7131', '--raw', '--subdir', 'DAGS_FOLDER/AirflowClean2.py', '--cfg-path', '/tmp/tmpm568r1cc', '--error-file', '/tmp/tmpb_hsnz5c']
[2022-12-04 13:00:47,760] {standard_task_runner.py:77} INFO - Job 7131: Subtask bigquery_external_table_task
[2022-12-04 13:00:47,830] {logging_mixin.py:109} INFO - Running <TaskInstance: dag1.bigquery_external_table_task scheduled__2022-11-06T14:30:00+00:00 [running]> on host 7a020590adae
[2022-12-04 13:00:47,902] {taskinstance.py:1426} INFO - Exporting the following env vars:
AIRFLOW_CTX_DAG_OWNER=Fadlil
AIRFLOW_CTX_DAG_ID=dag1
AIRFLOW_CTX_TASK_ID=bigquery_external_table_task
AIRFLOW_CTX_EXECUTION_DATE=2022-11-06T14:30:00+00:00
AIRFLOW_CTX_DAG_RUN_ID=scheduled__2022-11-06T14:30:00+00:00
[2022-12-04 13:00:47,904] {crypto.py:82} WARNING - empty cryptography key - values will not be stored encrypted.
[2022-12-04 13:00:49,067] {taskinstance.py:1277} INFO - Marking task as SUCCESS. dag_id=dag1, task_id=bigquery_external_table_task, execution_date=20221106T143000, start_date=20221204T130047, end_date=20221204T130049
[2022-12-04 13:00:49,139] {local_task_job.py:154} INFO - Task exited with return code 0
[2022-12-04 13:00:49,612] {local_task_job.py:264} INFO - 0 downstream tasks scheduled from follow-on schedule check
