[2022-12-04 13:48:49,869] {taskinstance.py:1032} INFO - Dependencies all met for <TaskInstance: dag1.get_data scheduled__2022-11-07T15:10:00+00:00 [queued]>
[2022-12-04 13:48:49,882] {taskinstance.py:1032} INFO - Dependencies all met for <TaskInstance: dag1.get_data scheduled__2022-11-07T15:10:00+00:00 [queued]>
[2022-12-04 13:48:49,883] {taskinstance.py:1238} INFO - 
--------------------------------------------------------------------------------
[2022-12-04 13:48:49,883] {taskinstance.py:1239} INFO - Starting attempt 1 of 2
[2022-12-04 13:48:49,884] {taskinstance.py:1240} INFO - 
--------------------------------------------------------------------------------
[2022-12-04 13:48:49,901] {taskinstance.py:1259} INFO - Executing <Task(PythonOperator): get_data> on 2022-11-07 15:10:00+00:00
[2022-12-04 13:48:49,907] {standard_task_runner.py:52} INFO - Started process 6442 to run task
[2022-12-04 13:48:49,912] {standard_task_runner.py:76} INFO - Running: ['***', 'tasks', 'run', 'dag1', 'get_data', 'scheduled__2022-11-07T15:10:00+00:00', '--job-id', '8073', '--raw', '--subdir', 'DAGS_FOLDER/AirflowClean2.py', '--cfg-path', '/tmp/tmput29f1rr', '--error-file', '/tmp/tmpn_764vh8']
[2022-12-04 13:48:49,913] {standard_task_runner.py:77} INFO - Job 8073: Subtask get_data
[2022-12-04 13:48:49,984] {logging_mixin.py:109} INFO - Running <TaskInstance: dag1.get_data scheduled__2022-11-07T15:10:00+00:00 [running]> on host 7a020590adae
[2022-12-04 13:48:50,053] {taskinstance.py:1426} INFO - Exporting the following env vars:
AIRFLOW_CTX_DAG_OWNER=Fadlil
AIRFLOW_CTX_DAG_ID=dag1
AIRFLOW_CTX_TASK_ID=get_data
AIRFLOW_CTX_EXECUTION_DATE=2022-11-07T15:10:00+00:00
AIRFLOW_CTX_DAG_RUN_ID=scheduled__2022-11-07T15:10:00+00:00
[2022-12-04 13:48:51,495] {python.py:175} INFO - Done. Returned value was: None
[2022-12-04 13:48:51,510] {taskinstance.py:1277} INFO - Marking task as SUCCESS. dag_id=dag1, task_id=get_data, execution_date=20221107T151000, start_date=20221204T134849, end_date=20221204T134851
[2022-12-04 13:48:51,540] {local_task_job.py:154} INFO - Task exited with return code 0
[2022-12-04 13:48:51,593] {local_task_job.py:264} INFO - 1 downstream tasks scheduled from follow-on schedule check
