[2022-12-04 15:18:22,848] {taskinstance.py:1032} INFO - Dependencies all met for <TaskInstance: dag1.get_data scheduled__2022-11-09T11:20:00+00:00 [queued]>
[2022-12-04 15:18:22,866] {taskinstance.py:1032} INFO - Dependencies all met for <TaskInstance: dag1.get_data scheduled__2022-11-09T11:20:00+00:00 [queued]>
[2022-12-04 15:18:22,866] {taskinstance.py:1238} INFO - 
--------------------------------------------------------------------------------
[2022-12-04 15:18:22,867] {taskinstance.py:1239} INFO - Starting attempt 1 of 2
[2022-12-04 15:18:22,868] {taskinstance.py:1240} INFO - 
--------------------------------------------------------------------------------
[2022-12-04 15:18:22,890] {taskinstance.py:1259} INFO - Executing <Task(PythonOperator): get_data> on 2022-11-09 11:20:00+00:00
[2022-12-04 15:18:22,898] {standard_task_runner.py:52} INFO - Started process 14635 to run task
[2022-12-04 15:18:22,906] {standard_task_runner.py:76} INFO - Running: ['***', 'tasks', 'run', 'dag1', 'get_data', 'scheduled__2022-11-09T11:20:00+00:00', '--job-id', '9767', '--raw', '--subdir', 'DAGS_FOLDER/AirflowClean2.py', '--cfg-path', '/tmp/tmpka6so5oj', '--error-file', '/tmp/tmpxi_urzqd']
[2022-12-04 15:18:22,909] {standard_task_runner.py:77} INFO - Job 9767: Subtask get_data
[2022-12-04 15:18:23,010] {logging_mixin.py:109} INFO - Running <TaskInstance: dag1.get_data scheduled__2022-11-09T11:20:00+00:00 [running]> on host 7a020590adae
[2022-12-04 15:18:23,093] {taskinstance.py:1426} INFO - Exporting the following env vars:
AIRFLOW_CTX_DAG_OWNER=Fadlil
AIRFLOW_CTX_DAG_ID=dag1
AIRFLOW_CTX_TASK_ID=get_data
AIRFLOW_CTX_EXECUTION_DATE=2022-11-09T11:20:00+00:00
AIRFLOW_CTX_DAG_RUN_ID=scheduled__2022-11-09T11:20:00+00:00
[2022-12-04 15:18:23,998] {python.py:175} INFO - Done. Returned value was: None
[2022-12-04 15:18:24,435] {taskinstance.py:1277} INFO - Marking task as SUCCESS. dag_id=dag1, task_id=get_data, execution_date=20221109T112000, start_date=20221204T151822, end_date=20221204T151824
[2022-12-04 15:18:24,493] {local_task_job.py:154} INFO - Task exited with return code 0
[2022-12-04 15:18:24,550] {local_task_job.py:264} INFO - 1 downstream tasks scheduled from follow-on schedule check
