[2022-12-04 17:02:28,381] {taskinstance.py:1032} INFO - Dependencies all met for <TaskInstance: dag1.bigquery_external_table_task scheduled__2022-11-09T18:40:00+00:00 [queued]>
[2022-12-04 17:02:28,409] {taskinstance.py:1032} INFO - Dependencies all met for <TaskInstance: dag1.bigquery_external_table_task scheduled__2022-11-09T18:40:00+00:00 [queued]>
[2022-12-04 17:02:28,410] {taskinstance.py:1238} INFO - 
--------------------------------------------------------------------------------
[2022-12-04 17:02:28,411] {taskinstance.py:1239} INFO - Starting attempt 1 of 2
[2022-12-04 17:02:28,411] {taskinstance.py:1240} INFO - 
--------------------------------------------------------------------------------
[2022-12-04 17:02:28,474] {taskinstance.py:1259} INFO - Executing <Task(BigQueryCreateExternalTableOperator): bigquery_external_table_task> on 2022-11-09 18:40:00+00:00
[2022-12-04 17:02:28,491] {standard_task_runner.py:52} INFO - Started process 16063 to run task
[2022-12-04 17:02:28,496] {standard_task_runner.py:76} INFO - Running: ['***', 'tasks', 'run', 'dag1', 'bigquery_external_table_task', 'scheduled__2022-11-09T18:40:00+00:00', '--job-id', '10053', '--raw', '--subdir', 'DAGS_FOLDER/AirflowClean2.py', '--cfg-path', '/tmp/tmpqr2pog40', '--error-file', '/tmp/tmpzxhszvnf']
[2022-12-04 17:02:28,502] {standard_task_runner.py:77} INFO - Job 10053: Subtask bigquery_external_table_task
[2022-12-04 17:02:28,662] {logging_mixin.py:109} INFO - Running <TaskInstance: dag1.bigquery_external_table_task scheduled__2022-11-09T18:40:00+00:00 [running]> on host 7a020590adae
[2022-12-04 17:02:28,781] {taskinstance.py:1426} INFO - Exporting the following env vars:
AIRFLOW_CTX_DAG_OWNER=Fadlil
AIRFLOW_CTX_DAG_ID=dag1
AIRFLOW_CTX_TASK_ID=bigquery_external_table_task
AIRFLOW_CTX_EXECUTION_DATE=2022-11-09T18:40:00+00:00
AIRFLOW_CTX_DAG_RUN_ID=scheduled__2022-11-09T18:40:00+00:00
[2022-12-04 17:02:28,784] {crypto.py:82} WARNING - empty cryptography key - values will not be stored encrypted.
[2022-12-04 17:02:30,311] {taskinstance.py:1277} INFO - Marking task as SUCCESS. dag_id=dag1, task_id=bigquery_external_table_task, execution_date=20221109T184000, start_date=20221204T170228, end_date=20221204T170230
[2022-12-04 17:02:30,346] {local_task_job.py:154} INFO - Task exited with return code 0
[2022-12-04 17:02:30,398] {local_task_job.py:264} INFO - 1 downstream tasks scheduled from follow-on schedule check
