[2022-12-04 05:18:47,863] {taskinstance.py:1032} INFO - Dependencies all met for <TaskInstance: dag1.save_to_csv scheduled__2022-10-29T09:50:00+00:00 [queued]>
[2022-12-04 05:18:47,943] {taskinstance.py:1032} INFO - Dependencies all met for <TaskInstance: dag1.save_to_csv scheduled__2022-10-29T09:50:00+00:00 [queued]>
[2022-12-04 05:18:47,959] {taskinstance.py:1238} INFO - 
--------------------------------------------------------------------------------
[2022-12-04 05:18:47,978] {taskinstance.py:1239} INFO - Starting attempt 1 of 2
[2022-12-04 05:18:47,988] {taskinstance.py:1240} INFO - 
--------------------------------------------------------------------------------
[2022-12-04 05:18:48,086] {taskinstance.py:1259} INFO - Executing <Task(PythonOperator): save_to_csv> on 2022-10-29 09:50:00+00:00
[2022-12-04 05:18:48,116] {standard_task_runner.py:76} INFO - Running: ['***', 'tasks', 'run', 'dag1', 'save_to_csv', 'scheduled__2022-10-29T09:50:00+00:00', '--job-id', '1991', '--raw', '--subdir', 'DAGS_FOLDER/AirflowClean2.py', '--cfg-path', '/tmp/tmpliur_3vm', '--error-file', '/tmp/tmp7y_iqqbx']
[2022-12-04 05:18:48,101] {standard_task_runner.py:52} INFO - Started process 8207 to run task
[2022-12-04 05:18:48,117] {standard_task_runner.py:77} INFO - Job 1991: Subtask save_to_csv
[2022-12-04 05:18:48,421] {logging_mixin.py:109} INFO - Running <TaskInstance: dag1.save_to_csv scheduled__2022-10-29T09:50:00+00:00 [running]> on host 422c372562ce
[2022-12-04 05:18:48,854] {taskinstance.py:1426} INFO - Exporting the following env vars:
AIRFLOW_CTX_DAG_OWNER=Fadlil
AIRFLOW_CTX_DAG_ID=dag1
AIRFLOW_CTX_TASK_ID=save_to_csv
AIRFLOW_CTX_EXECUTION_DATE=2022-10-29T09:50:00+00:00
AIRFLOW_CTX_DAG_RUN_ID=scheduled__2022-10-29T09:50:00+00:00
[2022-12-04 05:18:49,400] {python.py:175} INFO - Done. Returned value was: None
[2022-12-04 05:18:55,018] {taskinstance.py:1277} INFO - Marking task as SUCCESS. dag_id=dag1, task_id=save_to_csv, execution_date=20221029T095000, start_date=20221204T051847, end_date=20221204T051855
[2022-12-04 05:18:57,886] {local_task_job.py:154} INFO - Task exited with return code 0
[2022-12-04 05:19:02,212] {local_task_job.py:264} INFO - 0 downstream tasks scheduled from follow-on schedule check
