[2022-12-04 10:40:36,568] {taskinstance.py:1032} INFO - Dependencies all met for <TaskInstance: dag1.get_data scheduled__2022-11-01T13:30:00+00:00 [queued]>
[2022-12-04 10:40:36,669] {taskinstance.py:1032} INFO - Dependencies all met for <TaskInstance: dag1.get_data scheduled__2022-11-01T13:30:00+00:00 [queued]>
[2022-12-04 10:40:36,673] {taskinstance.py:1238} INFO - 
--------------------------------------------------------------------------------
[2022-12-04 10:40:36,680] {taskinstance.py:1239} INFO - Starting attempt 1 of 2
[2022-12-04 10:40:36,682] {taskinstance.py:1240} INFO - 
--------------------------------------------------------------------------------
[2022-12-04 10:40:36,758] {taskinstance.py:1259} INFO - Executing <Task(PythonOperator): get_data> on 2022-11-01 13:30:00+00:00
[2022-12-04 10:40:36,808] {standard_task_runner.py:52} INFO - Started process 7246 to run task
[2022-12-04 10:40:36,801] {standard_task_runner.py:76} INFO - Running: ['***', 'tasks', 'run', 'dag1', 'get_data', 'scheduled__2022-11-01T13:30:00+00:00', '--job-id', '3685', '--raw', '--subdir', 'DAGS_FOLDER/AirflowClean2.py', '--cfg-path', '/tmp/tmpcwsco39a', '--error-file', '/tmp/tmpyudeldfh']
[2022-12-04 10:40:36,825] {standard_task_runner.py:77} INFO - Job 3685: Subtask get_data
[2022-12-04 10:40:37,336] {logging_mixin.py:109} INFO - Running <TaskInstance: dag1.get_data scheduled__2022-11-01T13:30:00+00:00 [running]> on host 9e44869ff3ef
[2022-12-04 10:40:37,833] {taskinstance.py:1426} INFO - Exporting the following env vars:
AIRFLOW_CTX_DAG_OWNER=Fadlil
AIRFLOW_CTX_DAG_ID=dag1
AIRFLOW_CTX_TASK_ID=get_data
AIRFLOW_CTX_EXECUTION_DATE=2022-11-01T13:30:00+00:00
AIRFLOW_CTX_DAG_RUN_ID=scheduled__2022-11-01T13:30:00+00:00
[2022-12-04 10:40:38,614] {python.py:175} INFO - Done. Returned value was: None
[2022-12-04 10:40:38,638] {taskinstance.py:1277} INFO - Marking task as SUCCESS. dag_id=dag1, task_id=get_data, execution_date=20221101T133000, start_date=20221204T104036, end_date=20221204T104038
[2022-12-04 10:40:38,726] {local_task_job.py:154} INFO - Task exited with return code 0
[2022-12-04 10:40:38,912] {local_task_job.py:264} INFO - 1 downstream tasks scheduled from follow-on schedule check
