[2022-12-04 11:57:17,288] {taskinstance.py:1032} INFO - Dependencies all met for <TaskInstance: dag1.get_data scheduled__2022-11-05T11:40:00+00:00 [queued]>
[2022-12-04 11:57:17,355] {taskinstance.py:1032} INFO - Dependencies all met for <TaskInstance: dag1.get_data scheduled__2022-11-05T11:40:00+00:00 [queued]>
[2022-12-04 11:57:17,356] {taskinstance.py:1238} INFO - 
--------------------------------------------------------------------------------
[2022-12-04 11:57:17,362] {taskinstance.py:1239} INFO - Starting attempt 1 of 2
[2022-12-04 11:57:17,363] {taskinstance.py:1240} INFO - 
--------------------------------------------------------------------------------
[2022-12-04 11:57:17,478] {taskinstance.py:1259} INFO - Executing <Task(PythonOperator): get_data> on 2022-11-05 11:40:00+00:00
[2022-12-04 11:57:17,487] {standard_task_runner.py:52} INFO - Started process 16197 to run task
[2022-12-04 11:57:17,500] {standard_task_runner.py:76} INFO - Running: ['***', 'tasks', 'run', 'dag1', 'get_data', 'scheduled__2022-11-05T11:40:00+00:00', '--job-id', '6099', '--raw', '--subdir', 'DAGS_FOLDER/AirflowClean2.py', '--cfg-path', '/tmp/tmpj95jcy15', '--error-file', '/tmp/tmpnb5lubda']
[2022-12-04 11:57:17,511] {standard_task_runner.py:77} INFO - Job 6099: Subtask get_data
[2022-12-04 11:57:17,785] {logging_mixin.py:109} INFO - Running <TaskInstance: dag1.get_data scheduled__2022-11-05T11:40:00+00:00 [running]> on host 9e44869ff3ef
[2022-12-04 11:57:17,991] {taskinstance.py:1426} INFO - Exporting the following env vars:
AIRFLOW_CTX_DAG_OWNER=Fadlil
AIRFLOW_CTX_DAG_ID=dag1
AIRFLOW_CTX_TASK_ID=get_data
AIRFLOW_CTX_EXECUTION_DATE=2022-11-05T11:40:00+00:00
AIRFLOW_CTX_DAG_RUN_ID=scheduled__2022-11-05T11:40:00+00:00
[2022-12-04 11:57:18,763] {python.py:175} INFO - Done. Returned value was: None
[2022-12-04 11:57:18,790] {taskinstance.py:1277} INFO - Marking task as SUCCESS. dag_id=dag1, task_id=get_data, execution_date=20221105T114000, start_date=20221204T115717, end_date=20221204T115718
[2022-12-04 11:57:18,873] {local_task_job.py:154} INFO - Task exited with return code 0
[2022-12-04 11:57:19,061] {local_task_job.py:264} INFO - 1 downstream tasks scheduled from follow-on schedule check
