[2022-12-04 13:39:48,700] {taskinstance.py:1032} INFO - Dependencies all met for <TaskInstance: dag1.get_data scheduled__2022-11-07T10:00:00+00:00 [queued]>
[2022-12-04 13:39:48,723] {taskinstance.py:1032} INFO - Dependencies all met for <TaskInstance: dag1.get_data scheduled__2022-11-07T10:00:00+00:00 [queued]>
[2022-12-04 13:39:48,724] {taskinstance.py:1238} INFO - 
--------------------------------------------------------------------------------
[2022-12-04 13:39:48,724] {taskinstance.py:1239} INFO - Starting attempt 1 of 2
[2022-12-04 13:39:48,725] {taskinstance.py:1240} INFO - 
--------------------------------------------------------------------------------
[2022-12-04 13:39:48,769] {taskinstance.py:1259} INFO - Executing <Task(PythonOperator): get_data> on 2022-11-07 10:00:00+00:00
[2022-12-04 13:39:48,775] {standard_task_runner.py:52} INFO - Started process 5536 to run task
[2022-12-04 13:39:48,780] {standard_task_runner.py:76} INFO - Running: ['***', 'tasks', 'run', 'dag1', 'get_data', 'scheduled__2022-11-07T10:00:00+00:00', '--job-id', '7870', '--raw', '--subdir', 'DAGS_FOLDER/AirflowClean2.py', '--cfg-path', '/tmp/tmptvdbqs36', '--error-file', '/tmp/tmpc0o6iplk']
[2022-12-04 13:39:48,782] {standard_task_runner.py:77} INFO - Job 7870: Subtask get_data
[2022-12-04 13:39:48,946] {logging_mixin.py:109} INFO - Running <TaskInstance: dag1.get_data scheduled__2022-11-07T10:00:00+00:00 [running]> on host 7a020590adae
[2022-12-04 13:39:49,096] {taskinstance.py:1426} INFO - Exporting the following env vars:
AIRFLOW_CTX_DAG_OWNER=Fadlil
AIRFLOW_CTX_DAG_ID=dag1
AIRFLOW_CTX_TASK_ID=get_data
AIRFLOW_CTX_EXECUTION_DATE=2022-11-07T10:00:00+00:00
AIRFLOW_CTX_DAG_RUN_ID=scheduled__2022-11-07T10:00:00+00:00
[2022-12-04 13:39:49,766] {python.py:175} INFO - Done. Returned value was: None
[2022-12-04 13:39:49,787] {taskinstance.py:1277} INFO - Marking task as SUCCESS. dag_id=dag1, task_id=get_data, execution_date=20221107T100000, start_date=20221204T133948, end_date=20221204T133949
[2022-12-04 13:39:49,857] {local_task_job.py:154} INFO - Task exited with return code 0
[2022-12-04 13:39:50,512] {local_task_job.py:264} INFO - 0 downstream tasks scheduled from follow-on schedule check
