[2022-12-04 12:41:25,271] {taskinstance.py:1032} INFO - Dependencies all met for <TaskInstance: dag1.get_data scheduled__2022-11-06T05:30:00+00:00 [queued]>
[2022-12-04 12:41:25,290] {taskinstance.py:1032} INFO - Dependencies all met for <TaskInstance: dag1.get_data scheduled__2022-11-06T05:30:00+00:00 [queued]>
[2022-12-04 12:41:25,290] {taskinstance.py:1238} INFO - 
--------------------------------------------------------------------------------
[2022-12-04 12:41:25,291] {taskinstance.py:1239} INFO - Starting attempt 1 of 2
[2022-12-04 12:41:25,291] {taskinstance.py:1240} INFO - 
--------------------------------------------------------------------------------
[2022-12-04 12:41:25,324] {taskinstance.py:1259} INFO - Executing <Task(PythonOperator): get_data> on 2022-11-06 05:30:00+00:00
[2022-12-04 12:41:25,331] {standard_task_runner.py:52} INFO - Started process 353 to run task
[2022-12-04 12:41:25,342] {standard_task_runner.py:76} INFO - Running: ['***', 'tasks', 'run', 'dag1', 'get_data', 'scheduled__2022-11-06T05:30:00+00:00', '--job-id', '6779', '--raw', '--subdir', 'DAGS_FOLDER/AirflowClean2.py', '--cfg-path', '/tmp/tmpoax1wyh_', '--error-file', '/tmp/tmpuwoxdvgu']
[2022-12-04 12:41:25,344] {standard_task_runner.py:77} INFO - Job 6779: Subtask get_data
[2022-12-04 12:41:25,569] {logging_mixin.py:109} INFO - Running <TaskInstance: dag1.get_data scheduled__2022-11-06T05:30:00+00:00 [running]> on host 7a020590adae
[2022-12-04 12:41:25,668] {taskinstance.py:1426} INFO - Exporting the following env vars:
AIRFLOW_CTX_DAG_OWNER=Fadlil
AIRFLOW_CTX_DAG_ID=dag1
AIRFLOW_CTX_TASK_ID=get_data
AIRFLOW_CTX_EXECUTION_DATE=2022-11-06T05:30:00+00:00
AIRFLOW_CTX_DAG_RUN_ID=scheduled__2022-11-06T05:30:00+00:00
[2022-12-04 12:41:26,340] {python.py:175} INFO - Done. Returned value was: None
[2022-12-04 12:41:26,404] {taskinstance.py:1277} INFO - Marking task as SUCCESS. dag_id=dag1, task_id=get_data, execution_date=20221106T053000, start_date=20221204T124125, end_date=20221204T124126
[2022-12-04 12:41:26,478] {local_task_job.py:154} INFO - Task exited with return code 0
[2022-12-04 12:41:26,578] {local_task_job.py:264} INFO - 1 downstream tasks scheduled from follow-on schedule check
