[2022-12-04 14:24:34,107] {taskinstance.py:1032} INFO - Dependencies all met for <TaskInstance: dag1.save_to_parquet scheduled__2022-11-08T05:50:00+00:00 [queued]>
[2022-12-04 14:24:34,135] {taskinstance.py:1032} INFO - Dependencies all met for <TaskInstance: dag1.save_to_parquet scheduled__2022-11-08T05:50:00+00:00 [queued]>
[2022-12-04 14:24:34,137] {taskinstance.py:1238} INFO - 
--------------------------------------------------------------------------------
[2022-12-04 14:24:34,141] {taskinstance.py:1239} INFO - Starting attempt 2 of 2
[2022-12-04 14:24:34,142] {taskinstance.py:1240} INFO - 
--------------------------------------------------------------------------------
[2022-12-04 14:24:34,191] {taskinstance.py:1259} INFO - Executing <Task(PythonOperator): save_to_parquet> on 2022-11-08 05:50:00+00:00
[2022-12-04 14:24:34,198] {standard_task_runner.py:52} INFO - Started process 9620 to run task
[2022-12-04 14:24:34,204] {standard_task_runner.py:76} INFO - Running: ['***', 'tasks', 'run', 'dag1', 'save_to_parquet', 'scheduled__2022-11-08T05:50:00+00:00', '--job-id', '8727', '--raw', '--subdir', 'DAGS_FOLDER/AirflowClean2.py', '--cfg-path', '/tmp/tmpwt0dhvcu', '--error-file', '/tmp/tmpygwvvec2']
[2022-12-04 14:24:34,208] {standard_task_runner.py:77} INFO - Job 8727: Subtask save_to_parquet
[2022-12-04 14:24:34,309] {logging_mixin.py:109} INFO - Running <TaskInstance: dag1.save_to_parquet scheduled__2022-11-08T05:50:00+00:00 [running]> on host 7a020590adae
[2022-12-04 14:24:34,414] {taskinstance.py:1426} INFO - Exporting the following env vars:
AIRFLOW_CTX_DAG_OWNER=Fadlil
AIRFLOW_CTX_DAG_ID=dag1
AIRFLOW_CTX_TASK_ID=save_to_parquet
AIRFLOW_CTX_EXECUTION_DATE=2022-11-08T05:50:00+00:00
AIRFLOW_CTX_DAG_RUN_ID=scheduled__2022-11-08T05:50:00+00:00
[2022-12-04 14:24:34,467] {python.py:175} INFO - Done. Returned value was: None
[2022-12-04 14:24:34,487] {taskinstance.py:1277} INFO - Marking task as SUCCESS. dag_id=dag1, task_id=save_to_parquet, execution_date=20221108T055000, start_date=20221204T142434, end_date=20221204T142434
[2022-12-04 14:24:34,547] {local_task_job.py:154} INFO - Task exited with return code 0
[2022-12-04 14:24:34,623] {local_task_job.py:264} INFO - 1 downstream tasks scheduled from follow-on schedule check
