[2022-12-04 02:48:06,690] {taskinstance.py:1032} INFO - Dependencies all met for <TaskInstance: dag1.save_to_csv scheduled__2022-10-26T23:20:00+00:00 [queued]>
[2022-12-04 02:48:07,653] {taskinstance.py:1032} INFO - Dependencies all met for <TaskInstance: dag1.save_to_csv scheduled__2022-10-26T23:20:00+00:00 [queued]>
[2022-12-04 02:48:07,848] {taskinstance.py:1238} INFO - 
--------------------------------------------------------------------------------
[2022-12-04 02:48:07,869] {taskinstance.py:1239} INFO - Starting attempt 1 of 2
[2022-12-04 02:48:07,914] {taskinstance.py:1240} INFO - 
--------------------------------------------------------------------------------
[2022-12-04 02:48:08,927] {taskinstance.py:1259} INFO - Executing <Task(PythonOperator): save_to_csv> on 2022-10-26 23:20:00+00:00
[2022-12-04 02:48:09,196] {standard_task_runner.py:76} INFO - Running: ['***', 'tasks', 'run', 'dag1', 'save_to_csv', 'scheduled__2022-10-26T23:20:00+00:00', '--job-id', '614', '--raw', '--subdir', 'DAGS_FOLDER/AirflowClean2.py', '--cfg-path', '/tmp/tmp3v_5awvb', '--error-file', '/tmp/tmp215oicpl']
[2022-12-04 02:48:09,307] {standard_task_runner.py:77} INFO - Job 614: Subtask save_to_csv
[2022-12-04 02:48:09,161] {standard_task_runner.py:52} INFO - Started process 199 to run task
[2022-12-04 02:48:11,017] {logging_mixin.py:109} INFO - Running <TaskInstance: dag1.save_to_csv scheduled__2022-10-26T23:20:00+00:00 [running]> on host 422c372562ce
[2022-12-04 02:48:13,195] {taskinstance.py:1426} INFO - Exporting the following env vars:
AIRFLOW_CTX_DAG_OWNER=Fadlil
AIRFLOW_CTX_DAG_ID=dag1
AIRFLOW_CTX_TASK_ID=save_to_csv
AIRFLOW_CTX_EXECUTION_DATE=2022-10-26T23:20:00+00:00
AIRFLOW_CTX_DAG_RUN_ID=scheduled__2022-10-26T23:20:00+00:00
[2022-12-04 02:48:13,777] {python.py:175} INFO - Done. Returned value was: None
[2022-12-04 02:48:13,960] {taskinstance.py:1277} INFO - Marking task as SUCCESS. dag_id=dag1, task_id=save_to_csv, execution_date=20221026T232000, start_date=20221204T024806, end_date=20221204T024813
[2022-12-04 02:48:14,907] {local_task_job.py:154} INFO - Task exited with return code 0
[2022-12-04 02:48:16,174] {local_task_job.py:264} INFO - 0 downstream tasks scheduled from follow-on schedule check
