[2022-12-04 11:01:45,665] {taskinstance.py:1032} INFO - Dependencies all met for <TaskInstance: dag1.save_to_csv scheduled__2022-11-03T18:40:00+00:00 [queued]>
[2022-12-04 11:01:45,761] {taskinstance.py:1032} INFO - Dependencies all met for <TaskInstance: dag1.save_to_csv scheduled__2022-11-03T18:40:00+00:00 [queued]>
[2022-12-04 11:01:45,785] {taskinstance.py:1238} INFO - 
--------------------------------------------------------------------------------
[2022-12-04 11:01:45,789] {taskinstance.py:1239} INFO - Starting attempt 1 of 2
[2022-12-04 11:01:45,794] {taskinstance.py:1240} INFO - 
--------------------------------------------------------------------------------
[2022-12-04 11:01:45,952] {taskinstance.py:1259} INFO - Executing <Task(PythonOperator): save_to_csv> on 2022-11-03 18:40:00+00:00
[2022-12-04 11:01:45,958] {standard_task_runner.py:52} INFO - Started process 11752 to run task
[2022-12-04 11:01:45,996] {standard_task_runner.py:76} INFO - Running: ['***', 'tasks', 'run', 'dag1', 'save_to_csv', 'scheduled__2022-11-03T18:40:00+00:00', '--job-id', '4984', '--raw', '--subdir', 'DAGS_FOLDER/AirflowClean2.py', '--cfg-path', '/tmp/tmphje9zg9_', '--error-file', '/tmp/tmp1apmt41e']
[2022-12-04 11:01:46,038] {standard_task_runner.py:77} INFO - Job 4984: Subtask save_to_csv
[2022-12-04 11:01:46,397] {logging_mixin.py:109} INFO - Running <TaskInstance: dag1.save_to_csv scheduled__2022-11-03T18:40:00+00:00 [running]> on host 9e44869ff3ef
[2022-12-04 11:01:46,807] {taskinstance.py:1426} INFO - Exporting the following env vars:
AIRFLOW_CTX_DAG_OWNER=Fadlil
AIRFLOW_CTX_DAG_ID=dag1
AIRFLOW_CTX_TASK_ID=save_to_csv
AIRFLOW_CTX_EXECUTION_DATE=2022-11-03T18:40:00+00:00
AIRFLOW_CTX_DAG_RUN_ID=scheduled__2022-11-03T18:40:00+00:00
[2022-12-04 11:01:47,095] {python.py:175} INFO - Done. Returned value was: None
[2022-12-04 11:01:47,288] {taskinstance.py:1277} INFO - Marking task as SUCCESS. dag_id=dag1, task_id=save_to_csv, execution_date=20221103T184000, start_date=20221204T110145, end_date=20221204T110147
[2022-12-04 11:01:47,621] {local_task_job.py:154} INFO - Task exited with return code 0
[2022-12-04 11:01:47,860] {local_task_job.py:264} INFO - 1 downstream tasks scheduled from follow-on schedule check
