[2022-12-04 12:03:09,059] {taskinstance.py:1032} INFO - Dependencies all met for <TaskInstance: dag1.get_data scheduled__2022-11-05T13:20:00+00:00 [queued]>
[2022-12-04 12:03:09,172] {taskinstance.py:1032} INFO - Dependencies all met for <TaskInstance: dag1.get_data scheduled__2022-11-05T13:20:00+00:00 [queued]>
[2022-12-04 12:03:09,172] {taskinstance.py:1238} INFO - 
--------------------------------------------------------------------------------
[2022-12-04 12:03:09,173] {taskinstance.py:1239} INFO - Starting attempt 1 of 2
[2022-12-04 12:03:09,174] {taskinstance.py:1240} INFO - 
--------------------------------------------------------------------------------
[2022-12-04 12:03:09,364] {taskinstance.py:1259} INFO - Executing <Task(PythonOperator): get_data> on 2022-11-05 13:20:00+00:00
[2022-12-04 12:03:09,383] {standard_task_runner.py:52} INFO - Started process 16648 to run task
[2022-12-04 12:03:09,443] {standard_task_runner.py:76} INFO - Running: ['***', 'tasks', 'run', 'dag1', 'get_data', 'scheduled__2022-11-05T13:20:00+00:00', '--job-id', '6186', '--raw', '--subdir', 'DAGS_FOLDER/AirflowClean2.py', '--cfg-path', '/tmp/tmp9nyy0_19', '--error-file', '/tmp/tmp5du6d3lj']
[2022-12-04 12:03:09,445] {standard_task_runner.py:77} INFO - Job 6186: Subtask get_data
[2022-12-04 12:03:09,825] {logging_mixin.py:109} INFO - Running <TaskInstance: dag1.get_data scheduled__2022-11-05T13:20:00+00:00 [running]> on host 9e44869ff3ef
[2022-12-04 12:03:10,347] {taskinstance.py:1426} INFO - Exporting the following env vars:
AIRFLOW_CTX_DAG_OWNER=Fadlil
AIRFLOW_CTX_DAG_ID=dag1
AIRFLOW_CTX_TASK_ID=get_data
AIRFLOW_CTX_EXECUTION_DATE=2022-11-05T13:20:00+00:00
AIRFLOW_CTX_DAG_RUN_ID=scheduled__2022-11-05T13:20:00+00:00
[2022-12-04 12:03:11,192] {python.py:175} INFO - Done. Returned value was: None
[2022-12-04 12:03:12,168] {taskinstance.py:1277} INFO - Marking task as SUCCESS. dag_id=dag1, task_id=get_data, execution_date=20221105T132000, start_date=20221204T120309, end_date=20221204T120312
[2022-12-04 12:03:12,351] {local_task_job.py:154} INFO - Task exited with return code 0
[2022-12-04 12:03:12,625] {local_task_job.py:264} INFO - 1 downstream tasks scheduled from follow-on schedule check
