[2022-12-04 10:50:46,665] {taskinstance.py:1032} INFO - Dependencies all met for <TaskInstance: dag1.save_to_csv scheduled__2022-11-02T13:50:00+00:00 [queued]>
[2022-12-04 10:50:46,708] {taskinstance.py:1032} INFO - Dependencies all met for <TaskInstance: dag1.save_to_csv scheduled__2022-11-02T13:50:00+00:00 [queued]>
[2022-12-04 10:50:46,709] {taskinstance.py:1238} INFO - 
--------------------------------------------------------------------------------
[2022-12-04 10:50:46,710] {taskinstance.py:1239} INFO - Starting attempt 1 of 2
[2022-12-04 10:50:46,718] {taskinstance.py:1240} INFO - 
--------------------------------------------------------------------------------
[2022-12-04 10:50:46,801] {taskinstance.py:1259} INFO - Executing <Task(PythonOperator): save_to_csv> on 2022-11-02 13:50:00+00:00
[2022-12-04 10:50:46,817] {standard_task_runner.py:52} INFO - Started process 9315 to run task
[2022-12-04 10:50:46,831] {standard_task_runner.py:76} INFO - Running: ['***', 'tasks', 'run', 'dag1', 'save_to_csv', 'scheduled__2022-11-02T13:50:00+00:00', '--job-id', '4276', '--raw', '--subdir', 'DAGS_FOLDER/AirflowClean2.py', '--cfg-path', '/tmp/tmpdzhk4f6p', '--error-file', '/tmp/tmp9o29jej_']
[2022-12-04 10:50:46,839] {standard_task_runner.py:77} INFO - Job 4276: Subtask save_to_csv
[2022-12-04 10:50:47,092] {logging_mixin.py:109} INFO - Running <TaskInstance: dag1.save_to_csv scheduled__2022-11-02T13:50:00+00:00 [running]> on host 9e44869ff3ef
[2022-12-04 10:50:47,248] {taskinstance.py:1426} INFO - Exporting the following env vars:
AIRFLOW_CTX_DAG_OWNER=Fadlil
AIRFLOW_CTX_DAG_ID=dag1
AIRFLOW_CTX_TASK_ID=save_to_csv
AIRFLOW_CTX_EXECUTION_DATE=2022-11-02T13:50:00+00:00
AIRFLOW_CTX_DAG_RUN_ID=scheduled__2022-11-02T13:50:00+00:00
[2022-12-04 10:50:47,300] {python.py:175} INFO - Done. Returned value was: None
[2022-12-04 10:50:47,331] {taskinstance.py:1277} INFO - Marking task as SUCCESS. dag_id=dag1, task_id=save_to_csv, execution_date=20221102T135000, start_date=20221204T105046, end_date=20221204T105047
[2022-12-04 10:50:47,460] {local_task_job.py:154} INFO - Task exited with return code 0
[2022-12-04 10:50:47,691] {local_task_job.py:264} INFO - 1 downstream tasks scheduled from follow-on schedule check
