[2022-12-04 11:42:49,530] {taskinstance.py:1032} INFO - Dependencies all met for <TaskInstance: dag1.get_data scheduled__2022-11-04T19:40:00+00:00 [queued]>
[2022-12-04 11:42:49,563] {taskinstance.py:1032} INFO - Dependencies all met for <TaskInstance: dag1.get_data scheduled__2022-11-04T19:40:00+00:00 [queued]>
[2022-12-04 11:42:49,565] {taskinstance.py:1238} INFO - 
--------------------------------------------------------------------------------
[2022-12-04 11:42:49,565] {taskinstance.py:1239} INFO - Starting attempt 1 of 2
[2022-12-04 11:42:49,566] {taskinstance.py:1240} INFO - 
--------------------------------------------------------------------------------
[2022-12-04 11:42:49,659] {taskinstance.py:1259} INFO - Executing <Task(PythonOperator): get_data> on 2022-11-04 19:40:00+00:00
[2022-12-04 11:42:49,692] {standard_task_runner.py:52} INFO - Started process 14244 to run task
[2022-12-04 11:42:49,705] {standard_task_runner.py:76} INFO - Running: ['***', 'tasks', 'run', 'dag1', 'get_data', 'scheduled__2022-11-04T19:40:00+00:00', '--job-id', '5607', '--raw', '--subdir', 'DAGS_FOLDER/AirflowClean2.py', '--cfg-path', '/tmp/tmp4ceyi8dg', '--error-file', '/tmp/tmp7vy0gk62']
[2022-12-04 11:42:49,709] {standard_task_runner.py:77} INFO - Job 5607: Subtask get_data
[2022-12-04 11:42:49,982] {logging_mixin.py:109} INFO - Running <TaskInstance: dag1.get_data scheduled__2022-11-04T19:40:00+00:00 [running]> on host 9e44869ff3ef
[2022-12-04 11:42:50,270] {taskinstance.py:1426} INFO - Exporting the following env vars:
AIRFLOW_CTX_DAG_OWNER=Fadlil
AIRFLOW_CTX_DAG_ID=dag1
AIRFLOW_CTX_TASK_ID=get_data
AIRFLOW_CTX_EXECUTION_DATE=2022-11-04T19:40:00+00:00
AIRFLOW_CTX_DAG_RUN_ID=scheduled__2022-11-04T19:40:00+00:00
[2022-12-04 11:42:51,083] {python.py:175} INFO - Done. Returned value was: None
[2022-12-04 11:42:51,387] {taskinstance.py:1277} INFO - Marking task as SUCCESS. dag_id=dag1, task_id=get_data, execution_date=20221104T194000, start_date=20221204T114249, end_date=20221204T114251
[2022-12-04 11:42:51,618] {local_task_job.py:154} INFO - Task exited with return code 0
[2022-12-04 11:42:52,284] {local_task_job.py:264} INFO - 1 downstream tasks scheduled from follow-on schedule check
