[2022-12-04 10:00:31,623] {taskinstance.py:1032} INFO - Dependencies all met for <TaskInstance: dag1.save_to_csv scheduled__2022-10-31T04:40:00+00:00 [queued]>
[2022-12-04 10:00:31,676] {taskinstance.py:1032} INFO - Dependencies all met for <TaskInstance: dag1.save_to_csv scheduled__2022-10-31T04:40:00+00:00 [queued]>
[2022-12-04 10:00:31,685] {taskinstance.py:1238} INFO - 
--------------------------------------------------------------------------------
[2022-12-04 10:00:31,686] {taskinstance.py:1239} INFO - Starting attempt 1 of 2
[2022-12-04 10:00:31,687] {taskinstance.py:1240} INFO - 
--------------------------------------------------------------------------------
[2022-12-04 10:00:31,755] {taskinstance.py:1259} INFO - Executing <Task(PythonOperator): save_to_csv> on 2022-10-31 04:40:00+00:00
[2022-12-04 10:00:31,777] {standard_task_runner.py:52} INFO - Started process 3355 to run task
[2022-12-04 10:00:31,813] {standard_task_runner.py:76} INFO - Running: ['***', 'tasks', 'run', 'dag1', 'save_to_csv', 'scheduled__2022-10-31T04:40:00+00:00', '--job-id', '2841', '--raw', '--subdir', 'DAGS_FOLDER/AirflowClean2.py', '--cfg-path', '/tmp/tmpq_tn4e9m', '--error-file', '/tmp/tmp3pfn745j']
[2022-12-04 10:00:31,820] {standard_task_runner.py:77} INFO - Job 2841: Subtask save_to_csv
[2022-12-04 10:00:32,689] {logging_mixin.py:109} INFO - Running <TaskInstance: dag1.save_to_csv scheduled__2022-10-31T04:40:00+00:00 [running]> on host 9e44869ff3ef
[2022-12-04 10:00:32,858] {taskinstance.py:1426} INFO - Exporting the following env vars:
AIRFLOW_CTX_DAG_OWNER=Fadlil
AIRFLOW_CTX_DAG_ID=dag1
AIRFLOW_CTX_TASK_ID=save_to_csv
AIRFLOW_CTX_EXECUTION_DATE=2022-10-31T04:40:00+00:00
AIRFLOW_CTX_DAG_RUN_ID=scheduled__2022-10-31T04:40:00+00:00
[2022-12-04 10:00:32,949] {python.py:175} INFO - Done. Returned value was: None
[2022-12-04 10:00:32,974] {taskinstance.py:1277} INFO - Marking task as SUCCESS. dag_id=dag1, task_id=save_to_csv, execution_date=20221031T044000, start_date=20221204T100031, end_date=20221204T100032
[2022-12-04 10:00:33,043] {local_task_job.py:154} INFO - Task exited with return code 0
[2022-12-04 10:00:33,391] {local_task_job.py:264} INFO - 1 downstream tasks scheduled from follow-on schedule check
