[2022-12-04 10:54:52,341] {taskinstance.py:1032} INFO - Dependencies all met for <TaskInstance: dag1.save_to_csv scheduled__2022-11-03T00:40:00+00:00 [queued]>
[2022-12-04 10:54:52,397] {taskinstance.py:1032} INFO - Dependencies all met for <TaskInstance: dag1.save_to_csv scheduled__2022-11-03T00:40:00+00:00 [queued]>
[2022-12-04 10:54:52,413] {taskinstance.py:1238} INFO - 
--------------------------------------------------------------------------------
[2022-12-04 10:54:52,421] {taskinstance.py:1239} INFO - Starting attempt 1 of 2
[2022-12-04 10:54:52,422] {taskinstance.py:1240} INFO - 
--------------------------------------------------------------------------------
[2022-12-04 10:54:52,457] {taskinstance.py:1259} INFO - Executing <Task(PythonOperator): save_to_csv> on 2022-11-03 00:40:00+00:00
[2022-12-04 10:54:52,489] {standard_task_runner.py:52} INFO - Started process 10238 to run task
[2022-12-04 10:54:52,507] {standard_task_runner.py:76} INFO - Running: ['***', 'tasks', 'run', 'dag1', 'save_to_csv', 'scheduled__2022-11-03T00:40:00+00:00', '--job-id', '4543', '--raw', '--subdir', 'DAGS_FOLDER/AirflowClean2.py', '--cfg-path', '/tmp/tmpdr4j1dez', '--error-file', '/tmp/tmprj8yz1bp']
[2022-12-04 10:54:52,521] {standard_task_runner.py:77} INFO - Job 4543: Subtask save_to_csv
[2022-12-04 10:54:52,778] {logging_mixin.py:109} INFO - Running <TaskInstance: dag1.save_to_csv scheduled__2022-11-03T00:40:00+00:00 [running]> on host 9e44869ff3ef
[2022-12-04 10:54:52,916] {taskinstance.py:1426} INFO - Exporting the following env vars:
AIRFLOW_CTX_DAG_OWNER=Fadlil
AIRFLOW_CTX_DAG_ID=dag1
AIRFLOW_CTX_TASK_ID=save_to_csv
AIRFLOW_CTX_EXECUTION_DATE=2022-11-03T00:40:00+00:00
AIRFLOW_CTX_DAG_RUN_ID=scheduled__2022-11-03T00:40:00+00:00
[2022-12-04 10:54:53,007] {python.py:175} INFO - Done. Returned value was: None
[2022-12-04 10:54:53,039] {taskinstance.py:1277} INFO - Marking task as SUCCESS. dag_id=dag1, task_id=save_to_csv, execution_date=20221103T004000, start_date=20221204T105452, end_date=20221204T105453
[2022-12-04 10:54:53,123] {local_task_job.py:154} INFO - Task exited with return code 0
[2022-12-04 10:54:53,247] {local_task_job.py:264} INFO - 1 downstream tasks scheduled from follow-on schedule check
