[2022-12-04 04:52:50,118] {taskinstance.py:1032} INFO - Dependencies all met for <TaskInstance: dag1.save_to_csv scheduled__2022-10-28T23:10:00+00:00 [queued]>
[2022-12-04 04:52:50,594] {taskinstance.py:1032} INFO - Dependencies all met for <TaskInstance: dag1.save_to_csv scheduled__2022-10-28T23:10:00+00:00 [queued]>
[2022-12-04 04:52:50,607] {taskinstance.py:1238} INFO - 
--------------------------------------------------------------------------------
[2022-12-04 04:52:50,608] {taskinstance.py:1239} INFO - Starting attempt 1 of 2
[2022-12-04 04:52:50,609] {taskinstance.py:1240} INFO - 
--------------------------------------------------------------------------------
[2022-12-04 04:52:50,768] {taskinstance.py:1259} INFO - Executing <Task(PythonOperator): save_to_csv> on 2022-10-28 23:10:00+00:00
[2022-12-04 04:52:50,795] {standard_task_runner.py:76} INFO - Running: ['***', 'tasks', 'run', 'dag1', 'save_to_csv', 'scheduled__2022-10-28T23:10:00+00:00', '--job-id', '1738', '--raw', '--subdir', 'DAGS_FOLDER/AirflowClean2.py', '--cfg-path', '/tmp/tmpt7p4zlwm', '--error-file', '/tmp/tmpumrqi8_u']
[2022-12-04 04:52:50,814] {standard_task_runner.py:77} INFO - Job 1738: Subtask save_to_csv
[2022-12-04 04:52:50,827] {standard_task_runner.py:52} INFO - Started process 6807 to run task
[2022-12-04 04:52:51,321] {logging_mixin.py:109} INFO - Running <TaskInstance: dag1.save_to_csv scheduled__2022-10-28T23:10:00+00:00 [running]> on host 422c372562ce
[2022-12-04 04:52:52,287] {taskinstance.py:1426} INFO - Exporting the following env vars:
AIRFLOW_CTX_DAG_OWNER=Fadlil
AIRFLOW_CTX_DAG_ID=dag1
AIRFLOW_CTX_TASK_ID=save_to_csv
AIRFLOW_CTX_EXECUTION_DATE=2022-10-28T23:10:00+00:00
AIRFLOW_CTX_DAG_RUN_ID=scheduled__2022-10-28T23:10:00+00:00
[2022-12-04 04:52:52,582] {python.py:175} INFO - Done. Returned value was: None
[2022-12-04 04:52:52,631] {taskinstance.py:1277} INFO - Marking task as SUCCESS. dag_id=dag1, task_id=save_to_csv, execution_date=20221028T231000, start_date=20221204T045250, end_date=20221204T045252
[2022-12-04 04:52:52,707] {local_task_job.py:154} INFO - Task exited with return code 0
[2022-12-04 04:52:55,753] {local_task_job.py:264} INFO - 1 downstream tasks scheduled from follow-on schedule check
