[2022-12-04 05:19:47,955] {taskinstance.py:1032} INFO - Dependencies all met for <TaskInstance: dag1.get_data scheduled__2022-10-29T10:40:00+00:00 [queued]>
[2022-12-04 05:19:48,001] {taskinstance.py:1032} INFO - Dependencies all met for <TaskInstance: dag1.get_data scheduled__2022-10-29T10:40:00+00:00 [queued]>
[2022-12-04 05:19:48,002] {taskinstance.py:1238} INFO - 
--------------------------------------------------------------------------------
[2022-12-04 05:19:48,003] {taskinstance.py:1239} INFO - Starting attempt 1 of 2
[2022-12-04 05:19:48,005] {taskinstance.py:1240} INFO - 
--------------------------------------------------------------------------------
[2022-12-04 05:19:48,063] {taskinstance.py:1259} INFO - Executing <Task(PythonOperator): get_data> on 2022-10-29 10:40:00+00:00
[2022-12-04 05:19:48,082] {standard_task_runner.py:52} INFO - Started process 8276 to run task
[2022-12-04 05:19:48,095] {standard_task_runner.py:76} INFO - Running: ['***', 'tasks', 'run', 'dag1', 'get_data', 'scheduled__2022-10-29T10:40:00+00:00', '--job-id', '2006', '--raw', '--subdir', 'DAGS_FOLDER/AirflowClean2.py', '--cfg-path', '/tmp/tmp84dgh1ah', '--error-file', '/tmp/tmpulm1gb6a']
[2022-12-04 05:19:48,099] {standard_task_runner.py:77} INFO - Job 2006: Subtask get_data
[2022-12-04 05:19:48,426] {logging_mixin.py:109} INFO - Running <TaskInstance: dag1.get_data scheduled__2022-10-29T10:40:00+00:00 [running]> on host 422c372562ce
[2022-12-04 05:19:48,854] {taskinstance.py:1426} INFO - Exporting the following env vars:
AIRFLOW_CTX_DAG_OWNER=Fadlil
AIRFLOW_CTX_DAG_ID=dag1
AIRFLOW_CTX_TASK_ID=get_data
AIRFLOW_CTX_EXECUTION_DATE=2022-10-29T10:40:00+00:00
AIRFLOW_CTX_DAG_RUN_ID=scheduled__2022-10-29T10:40:00+00:00
[2022-12-04 05:19:49,762] {python.py:175} INFO - Done. Returned value was: None
[2022-12-04 05:19:49,822] {taskinstance.py:1277} INFO - Marking task as SUCCESS. dag_id=dag1, task_id=get_data, execution_date=20221029T104000, start_date=20221204T051947, end_date=20221204T051949
[2022-12-04 05:19:49,916] {local_task_job.py:154} INFO - Task exited with return code 0
[2022-12-04 05:19:50,102] {local_task_job.py:264} INFO - 1 downstream tasks scheduled from follow-on schedule check
