[2022-12-04 10:33:06,712] {taskinstance.py:1032} INFO - Dependencies all met for <TaskInstance: dag1.get_data scheduled__2022-10-31T19:30:00+00:00 [queued]>
[2022-12-04 10:33:06,764] {taskinstance.py:1032} INFO - Dependencies all met for <TaskInstance: dag1.get_data scheduled__2022-10-31T19:30:00+00:00 [queued]>
[2022-12-04 10:33:06,765] {taskinstance.py:1238} INFO - 
--------------------------------------------------------------------------------
[2022-12-04 10:33:06,765] {taskinstance.py:1239} INFO - Starting attempt 1 of 2
[2022-12-04 10:33:06,766] {taskinstance.py:1240} INFO - 
--------------------------------------------------------------------------------
[2022-12-04 10:33:06,835] {taskinstance.py:1259} INFO - Executing <Task(PythonOperator): get_data> on 2022-10-31 19:30:00+00:00
[2022-12-04 10:33:06,842] {standard_task_runner.py:52} INFO - Started process 5727 to run task
[2022-12-04 10:33:06,862] {standard_task_runner.py:76} INFO - Running: ['***', 'tasks', 'run', 'dag1', 'get_data', 'scheduled__2022-10-31T19:30:00+00:00', '--job-id', '3252', '--raw', '--subdir', 'DAGS_FOLDER/AirflowClean2.py', '--cfg-path', '/tmp/tmppiwcm139', '--error-file', '/tmp/tmpdl_hq8xk']
[2022-12-04 10:33:06,870] {standard_task_runner.py:77} INFO - Job 3252: Subtask get_data
[2022-12-04 10:33:07,187] {logging_mixin.py:109} INFO - Running <TaskInstance: dag1.get_data scheduled__2022-10-31T19:30:00+00:00 [running]> on host 9e44869ff3ef
[2022-12-04 10:33:07,595] {taskinstance.py:1426} INFO - Exporting the following env vars:
AIRFLOW_CTX_DAG_OWNER=Fadlil
AIRFLOW_CTX_DAG_ID=dag1
AIRFLOW_CTX_TASK_ID=get_data
AIRFLOW_CTX_EXECUTION_DATE=2022-10-31T19:30:00+00:00
AIRFLOW_CTX_DAG_RUN_ID=scheduled__2022-10-31T19:30:00+00:00
[2022-12-04 10:33:08,494] {python.py:175} INFO - Done. Returned value was: None
[2022-12-04 10:33:09,005] {taskinstance.py:1277} INFO - Marking task as SUCCESS. dag_id=dag1, task_id=get_data, execution_date=20221031T193000, start_date=20221204T103306, end_date=20221204T103309
[2022-12-04 10:33:09,106] {local_task_job.py:154} INFO - Task exited with return code 0
[2022-12-04 10:33:09,384] {local_task_job.py:264} INFO - 1 downstream tasks scheduled from follow-on schedule check
