[2022-12-04 11:04:52,315] {taskinstance.py:1032} INFO - Dependencies all met for <TaskInstance: dag1.local_to_gcs_task scheduled__2022-11-04T02:20:00+00:00 [queued]>
[2022-12-04 11:04:52,453] {taskinstance.py:1032} INFO - Dependencies all met for <TaskInstance: dag1.local_to_gcs_task scheduled__2022-11-04T02:20:00+00:00 [queued]>
[2022-12-04 11:04:52,455] {taskinstance.py:1238} INFO - 
--------------------------------------------------------------------------------
[2022-12-04 11:04:52,457] {taskinstance.py:1239} INFO - Starting attempt 1 of 2
[2022-12-04 11:04:52,460] {taskinstance.py:1240} INFO - 
--------------------------------------------------------------------------------
[2022-12-04 11:04:52,574] {taskinstance.py:1259} INFO - Executing <Task(PythonOperator): local_to_gcs_task> on 2022-11-04 02:20:00+00:00
[2022-12-04 11:04:52,584] {standard_task_runner.py:52} INFO - Started process 12396 to run task
[2022-12-04 11:04:52,677] {standard_task_runner.py:76} INFO - Running: ['***', 'tasks', 'run', 'dag1', 'local_to_gcs_task', 'scheduled__2022-11-04T02:20:00+00:00', '--job-id', '5175', '--raw', '--subdir', 'DAGS_FOLDER/AirflowClean2.py', '--cfg-path', '/tmp/tmp28jfxjzh', '--error-file', '/tmp/tmpk16dydh4']
[2022-12-04 11:04:52,738] {standard_task_runner.py:77} INFO - Job 5175: Subtask local_to_gcs_task
[2022-12-04 11:04:53,027] {logging_mixin.py:109} INFO - Running <TaskInstance: dag1.local_to_gcs_task scheduled__2022-11-04T02:20:00+00:00 [running]> on host 9e44869ff3ef
[2022-12-04 11:04:53,484] {taskinstance.py:1426} INFO - Exporting the following env vars:
AIRFLOW_CTX_DAG_OWNER=Fadlil
AIRFLOW_CTX_DAG_ID=dag1
AIRFLOW_CTX_TASK_ID=local_to_gcs_task
AIRFLOW_CTX_EXECUTION_DATE=2022-11-04T02:20:00+00:00
AIRFLOW_CTX_DAG_RUN_ID=scheduled__2022-11-04T02:20:00+00:00
[2022-12-04 11:04:54,389] {python.py:175} INFO - Done. Returned value was: None
[2022-12-04 11:04:54,614] {taskinstance.py:1277} INFO - Marking task as SUCCESS. dag_id=dag1, task_id=local_to_gcs_task, execution_date=20221104T022000, start_date=20221204T110452, end_date=20221204T110454
[2022-12-04 11:04:54,733] {local_task_job.py:154} INFO - Task exited with return code 0
[2022-12-04 11:04:54,832] {local_task_job.py:264} INFO - 0 downstream tasks scheduled from follow-on schedule check
