[2022-12-04 10:50:35,327] {taskinstance.py:1032} INFO - Dependencies all met for <TaskInstance: dag1.local_to_gcs_task scheduled__2022-11-02T12:50:00+00:00 [queued]>
[2022-12-04 10:50:35,987] {taskinstance.py:1032} INFO - Dependencies all met for <TaskInstance: dag1.local_to_gcs_task scheduled__2022-11-02T12:50:00+00:00 [queued]>
[2022-12-04 10:50:35,996] {taskinstance.py:1238} INFO - 
--------------------------------------------------------------------------------
[2022-12-04 10:50:35,997] {taskinstance.py:1239} INFO - Starting attempt 1 of 2
[2022-12-04 10:50:35,999] {taskinstance.py:1240} INFO - 
--------------------------------------------------------------------------------
[2022-12-04 10:50:36,078] {taskinstance.py:1259} INFO - Executing <Task(PythonOperator): local_to_gcs_task> on 2022-11-02 12:50:00+00:00
[2022-12-04 10:50:36,085] {standard_task_runner.py:52} INFO - Started process 9270 to run task
[2022-12-04 10:50:36,118] {standard_task_runner.py:76} INFO - Running: ['***', 'tasks', 'run', 'dag1', 'local_to_gcs_task', 'scheduled__2022-11-02T12:50:00+00:00', '--job-id', '4262', '--raw', '--subdir', 'DAGS_FOLDER/AirflowClean2.py', '--cfg-path', '/tmp/tmpy4jz8e08', '--error-file', '/tmp/tmpq850j5y1']
[2022-12-04 10:50:36,138] {standard_task_runner.py:77} INFO - Job 4262: Subtask local_to_gcs_task
[2022-12-04 10:50:36,435] {logging_mixin.py:109} INFO - Running <TaskInstance: dag1.local_to_gcs_task scheduled__2022-11-02T12:50:00+00:00 [running]> on host 9e44869ff3ef
[2022-12-04 10:50:36,819] {taskinstance.py:1426} INFO - Exporting the following env vars:
AIRFLOW_CTX_DAG_OWNER=Fadlil
AIRFLOW_CTX_DAG_ID=dag1
AIRFLOW_CTX_TASK_ID=local_to_gcs_task
AIRFLOW_CTX_EXECUTION_DATE=2022-11-02T12:50:00+00:00
AIRFLOW_CTX_DAG_RUN_ID=scheduled__2022-11-02T12:50:00+00:00
[2022-12-04 10:50:37,977] {python.py:175} INFO - Done. Returned value was: None
[2022-12-04 10:50:38,072] {taskinstance.py:1277} INFO - Marking task as SUCCESS. dag_id=dag1, task_id=local_to_gcs_task, execution_date=20221102T125000, start_date=20221204T105035, end_date=20221204T105038
[2022-12-04 10:50:38,410] {local_task_job.py:154} INFO - Task exited with return code 0
[2022-12-04 10:50:38,583] {local_task_job.py:264} INFO - 0 downstream tasks scheduled from follow-on schedule check
