[2022-12-04 11:08:24,316] {taskinstance.py:1032} INFO - Dependencies all met for <TaskInstance: dag1.get_data scheduled__2022-11-04T12:40:00+00:00 [queued]>
[2022-12-04 11:08:24,392] {taskinstance.py:1032} INFO - Dependencies all met for <TaskInstance: dag1.get_data scheduled__2022-11-04T12:40:00+00:00 [queued]>
[2022-12-04 11:08:24,393] {taskinstance.py:1238} INFO - 
--------------------------------------------------------------------------------
[2022-12-04 11:08:24,396] {taskinstance.py:1239} INFO - Starting attempt 1 of 2
[2022-12-04 11:08:24,397] {taskinstance.py:1240} INFO - 
--------------------------------------------------------------------------------
[2022-12-04 11:08:24,487] {taskinstance.py:1259} INFO - Executing <Task(PythonOperator): get_data> on 2022-11-04 12:40:00+00:00
[2022-12-04 11:08:24,505] {standard_task_runner.py:52} INFO - Started process 13158 to run task
[2022-12-04 11:08:24,548] {standard_task_runner.py:76} INFO - Running: ['***', 'tasks', 'run', 'dag1', 'get_data', 'scheduled__2022-11-04T12:40:00+00:00', '--job-id', '5392', '--raw', '--subdir', 'DAGS_FOLDER/AirflowClean2.py', '--cfg-path', '/tmp/tmpggoj9poq', '--error-file', '/tmp/tmpymhj2i5q']
[2022-12-04 11:08:24,594] {standard_task_runner.py:77} INFO - Job 5392: Subtask get_data
[2022-12-04 11:08:25,955] {logging_mixin.py:109} INFO - Running <TaskInstance: dag1.get_data scheduled__2022-11-04T12:40:00+00:00 [running]> on host 9e44869ff3ef
[2022-12-04 11:08:26,272] {taskinstance.py:1426} INFO - Exporting the following env vars:
AIRFLOW_CTX_DAG_OWNER=Fadlil
AIRFLOW_CTX_DAG_ID=dag1
AIRFLOW_CTX_TASK_ID=get_data
AIRFLOW_CTX_EXECUTION_DATE=2022-11-04T12:40:00+00:00
AIRFLOW_CTX_DAG_RUN_ID=scheduled__2022-11-04T12:40:00+00:00
[2022-12-04 11:08:27,908] {python.py:175} INFO - Done. Returned value was: None
[2022-12-04 11:08:28,030] {taskinstance.py:1277} INFO - Marking task as SUCCESS. dag_id=dag1, task_id=get_data, execution_date=20221104T124000, start_date=20221204T110824, end_date=20221204T110828
[2022-12-04 11:08:28,147] {local_task_job.py:154} INFO - Task exited with return code 0
[2022-12-04 11:08:31,630] {local_task_job.py:264} INFO - 1 downstream tasks scheduled from follow-on schedule check
