[2022-12-04 10:07:57,965] {taskinstance.py:1032} INFO - Dependencies all met for <TaskInstance: dag1.get_data scheduled__2022-10-31T07:00:00+00:00 [queued]>
[2022-12-04 10:07:57,979] {taskinstance.py:1032} INFO - Dependencies all met for <TaskInstance: dag1.get_data scheduled__2022-10-31T07:00:00+00:00 [queued]>
[2022-12-04 10:07:57,979] {taskinstance.py:1238} INFO - 
--------------------------------------------------------------------------------
[2022-12-04 10:07:57,980] {taskinstance.py:1239} INFO - Starting attempt 1 of 2
[2022-12-04 10:07:57,980] {taskinstance.py:1240} INFO - 
--------------------------------------------------------------------------------
[2022-12-04 10:07:57,997] {taskinstance.py:1259} INFO - Executing <Task(PythonOperator): get_data> on 2022-10-31 07:00:00+00:00
[2022-12-04 10:07:58,002] {standard_task_runner.py:52} INFO - Started process 3839 to run task
[2022-12-04 10:07:58,008] {standard_task_runner.py:76} INFO - Running: ['***', 'tasks', 'run', 'dag1', 'get_data', 'scheduled__2022-10-31T07:00:00+00:00', '--job-id', '2915', '--raw', '--subdir', 'DAGS_FOLDER/AirflowClean2.py', '--cfg-path', '/tmp/tmp59v38k_0', '--error-file', '/tmp/tmpopxxrvf2']
[2022-12-04 10:07:58,010] {standard_task_runner.py:77} INFO - Job 2915: Subtask get_data
[2022-12-04 10:07:58,084] {logging_mixin.py:109} INFO - Running <TaskInstance: dag1.get_data scheduled__2022-10-31T07:00:00+00:00 [running]> on host 9e44869ff3ef
[2022-12-04 10:07:58,159] {taskinstance.py:1426} INFO - Exporting the following env vars:
AIRFLOW_CTX_DAG_OWNER=Fadlil
AIRFLOW_CTX_DAG_ID=dag1
AIRFLOW_CTX_TASK_ID=get_data
AIRFLOW_CTX_EXECUTION_DATE=2022-10-31T07:00:00+00:00
AIRFLOW_CTX_DAG_RUN_ID=scheduled__2022-10-31T07:00:00+00:00
[2022-12-04 10:07:58,834] {python.py:175} INFO - Done. Returned value was: None
[2022-12-04 10:07:59,166] {taskinstance.py:1277} INFO - Marking task as SUCCESS. dag_id=dag1, task_id=get_data, execution_date=20221031T070000, start_date=20221204T100757, end_date=20221204T100759
[2022-12-04 10:07:59,227] {local_task_job.py:154} INFO - Task exited with return code 0
[2022-12-04 10:07:59,286] {local_task_job.py:264} INFO - 1 downstream tasks scheduled from follow-on schedule check
