[2022-12-04 04:41:42,961] {taskinstance.py:1032} INFO - Dependencies all met for <TaskInstance: dag1.save_to_csv scheduled__2022-10-28T19:10:00+00:00 [queued]>
[2022-12-04 04:41:43,119] {taskinstance.py:1032} INFO - Dependencies all met for <TaskInstance: dag1.save_to_csv scheduled__2022-10-28T19:10:00+00:00 [queued]>
[2022-12-04 04:41:43,128] {taskinstance.py:1238} INFO - 
--------------------------------------------------------------------------------
[2022-12-04 04:41:43,129] {taskinstance.py:1239} INFO - Starting attempt 1 of 2
[2022-12-04 04:41:43,137] {taskinstance.py:1240} INFO - 
--------------------------------------------------------------------------------
[2022-12-04 04:41:43,325] {taskinstance.py:1259} INFO - Executing <Task(PythonOperator): save_to_csv> on 2022-10-28 19:10:00+00:00
[2022-12-04 04:41:43,341] {standard_task_runner.py:52} INFO - Started process 6176 to run task
[2022-12-04 04:41:43,401] {standard_task_runner.py:76} INFO - Running: ['***', 'tasks', 'run', 'dag1', 'save_to_csv', 'scheduled__2022-10-28T19:10:00+00:00', '--job-id', '1632', '--raw', '--subdir', 'DAGS_FOLDER/AirflowClean2.py', '--cfg-path', '/tmp/tmpqmu_3x65', '--error-file', '/tmp/tmpxyw42ely']
[2022-12-04 04:41:43,403] {standard_task_runner.py:77} INFO - Job 1632: Subtask save_to_csv
[2022-12-04 04:41:43,953] {logging_mixin.py:109} INFO - Running <TaskInstance: dag1.save_to_csv scheduled__2022-10-28T19:10:00+00:00 [running]> on host 422c372562ce
[2022-12-04 04:41:44,904] {taskinstance.py:1426} INFO - Exporting the following env vars:
AIRFLOW_CTX_DAG_OWNER=Fadlil
AIRFLOW_CTX_DAG_ID=dag1
AIRFLOW_CTX_TASK_ID=save_to_csv
AIRFLOW_CTX_EXECUTION_DATE=2022-10-28T19:10:00+00:00
AIRFLOW_CTX_DAG_RUN_ID=scheduled__2022-10-28T19:10:00+00:00
[2022-12-04 04:41:45,306] {python.py:175} INFO - Done. Returned value was: None
[2022-12-04 04:41:45,372] {taskinstance.py:1277} INFO - Marking task as SUCCESS. dag_id=dag1, task_id=save_to_csv, execution_date=20221028T191000, start_date=20221204T044142, end_date=20221204T044145
[2022-12-04 04:41:45,540] {local_task_job.py:154} INFO - Task exited with return code 0
[2022-12-04 04:41:45,765] {local_task_job.py:264} INFO - 1 downstream tasks scheduled from follow-on schedule check
