[2022-12-04 14:41:45,603] {taskinstance.py:1032} INFO - Dependencies all met for <TaskInstance: dag1.save_to_parquet scheduled__2022-11-08T16:50:00+00:00 [queued]>
[2022-12-04 14:41:45,648] {taskinstance.py:1032} INFO - Dependencies all met for <TaskInstance: dag1.save_to_parquet scheduled__2022-11-08T16:50:00+00:00 [queued]>
[2022-12-04 14:41:45,648] {taskinstance.py:1238} INFO - 
--------------------------------------------------------------------------------
[2022-12-04 14:41:45,649] {taskinstance.py:1239} INFO - Starting attempt 1 of 2
[2022-12-04 14:41:45,649] {taskinstance.py:1240} INFO - 
--------------------------------------------------------------------------------
[2022-12-04 14:41:45,710] {taskinstance.py:1259} INFO - Executing <Task(PythonOperator): save_to_parquet> on 2022-11-08 16:50:00+00:00
[2022-12-04 14:41:45,721] {standard_task_runner.py:52} INFO - Started process 11229 to run task
[2022-12-04 14:41:45,732] {standard_task_runner.py:76} INFO - Running: ['***', 'tasks', 'run', 'dag1', 'save_to_parquet', 'scheduled__2022-11-08T16:50:00+00:00', '--job-id', '9069', '--raw', '--subdir', 'DAGS_FOLDER/AirflowClean2.py', '--cfg-path', '/tmp/tmp4e863z98', '--error-file', '/tmp/tmp7h3rnvwc']
[2022-12-04 14:41:45,734] {standard_task_runner.py:77} INFO - Job 9069: Subtask save_to_parquet
[2022-12-04 14:41:45,897] {logging_mixin.py:109} INFO - Running <TaskInstance: dag1.save_to_parquet scheduled__2022-11-08T16:50:00+00:00 [running]> on host 7a020590adae
[2022-12-04 14:41:46,127] {taskinstance.py:1426} INFO - Exporting the following env vars:
AIRFLOW_CTX_DAG_OWNER=Fadlil
AIRFLOW_CTX_DAG_ID=dag1
AIRFLOW_CTX_TASK_ID=save_to_parquet
AIRFLOW_CTX_EXECUTION_DATE=2022-11-08T16:50:00+00:00
AIRFLOW_CTX_DAG_RUN_ID=scheduled__2022-11-08T16:50:00+00:00
[2022-12-04 14:41:46,363] {python.py:175} INFO - Done. Returned value was: None
[2022-12-04 14:41:47,345] {taskinstance.py:1277} INFO - Marking task as SUCCESS. dag_id=dag1, task_id=save_to_parquet, execution_date=20221108T165000, start_date=20221204T144145, end_date=20221204T144147
[2022-12-04 14:41:47,457] {local_task_job.py:154} INFO - Task exited with return code 0
[2022-12-04 14:41:47,610] {local_task_job.py:264} INFO - 1 downstream tasks scheduled from follow-on schedule check
