[2022-12-04 03:58:55,443] {taskinstance.py:1032} INFO - Dependencies all met for <TaskInstance: dag1.get_data scheduled__2022-10-27T23:20:00+00:00 [queued]>
[2022-12-04 03:58:55,562] {taskinstance.py:1032} INFO - Dependencies all met for <TaskInstance: dag1.get_data scheduled__2022-10-27T23:20:00+00:00 [queued]>
[2022-12-04 03:58:55,569] {taskinstance.py:1238} INFO - 
--------------------------------------------------------------------------------
[2022-12-04 03:58:55,579] {taskinstance.py:1239} INFO - Starting attempt 1 of 2
[2022-12-04 03:58:55,581] {taskinstance.py:1240} INFO - 
--------------------------------------------------------------------------------
[2022-12-04 03:58:55,801] {taskinstance.py:1259} INFO - Executing <Task(PythonOperator): get_data> on 2022-10-27 23:20:00+00:00
[2022-12-04 03:58:55,816] {standard_task_runner.py:52} INFO - Started process 3501 to run task
[2022-12-04 03:58:55,915] {standard_task_runner.py:76} INFO - Running: ['***', 'tasks', 'run', 'dag1', 'get_data', 'scheduled__2022-10-27T23:20:00+00:00', '--job-id', '1153', '--raw', '--subdir', 'DAGS_FOLDER/AirflowClean2.py', '--cfg-path', '/tmp/tmph3sxkl0i', '--error-file', '/tmp/tmpj6q1mwq4']
[2022-12-04 03:58:55,933] {standard_task_runner.py:77} INFO - Job 1153: Subtask get_data
[2022-12-04 03:58:56,511] {logging_mixin.py:109} INFO - Running <TaskInstance: dag1.get_data scheduled__2022-10-27T23:20:00+00:00 [running]> on host 422c372562ce
[2022-12-04 03:58:56,883] {taskinstance.py:1426} INFO - Exporting the following env vars:
AIRFLOW_CTX_DAG_OWNER=Fadlil
AIRFLOW_CTX_DAG_ID=dag1
AIRFLOW_CTX_TASK_ID=get_data
AIRFLOW_CTX_EXECUTION_DATE=2022-10-27T23:20:00+00:00
AIRFLOW_CTX_DAG_RUN_ID=scheduled__2022-10-27T23:20:00+00:00
[2022-12-04 03:58:57,824] {python.py:175} INFO - Done. Returned value was: None
[2022-12-04 03:58:57,912] {taskinstance.py:1277} INFO - Marking task as SUCCESS. dag_id=dag1, task_id=get_data, execution_date=20221027T232000, start_date=20221204T035855, end_date=20221204T035857
[2022-12-04 03:58:58,311] {local_task_job.py:154} INFO - Task exited with return code 0
[2022-12-04 03:58:59,021] {local_task_job.py:264} INFO - 1 downstream tasks scheduled from follow-on schedule check
