[2022-12-04 10:35:10,747] {taskinstance.py:1032} INFO - Dependencies all met for <TaskInstance: dag1.save_to_parquet scheduled__2022-10-31T23:50:00+00:00 [queued]>
[2022-12-04 10:35:10,830] {taskinstance.py:1032} INFO - Dependencies all met for <TaskInstance: dag1.save_to_parquet scheduled__2022-10-31T23:50:00+00:00 [queued]>
[2022-12-04 10:35:10,831] {taskinstance.py:1238} INFO - 
--------------------------------------------------------------------------------
[2022-12-04 10:35:10,832] {taskinstance.py:1239} INFO - Starting attempt 1 of 2
[2022-12-04 10:35:10,832] {taskinstance.py:1240} INFO - 
--------------------------------------------------------------------------------
[2022-12-04 10:35:10,904] {taskinstance.py:1259} INFO - Executing <Task(PythonOperator): save_to_parquet> on 2022-10-31 23:50:00+00:00
[2022-12-04 10:35:10,933] {standard_task_runner.py:52} INFO - Started process 6155 to run task
[2022-12-04 10:35:10,959] {standard_task_runner.py:76} INFO - Running: ['***', 'tasks', 'run', 'dag1', 'save_to_parquet', 'scheduled__2022-10-31T23:50:00+00:00', '--job-id', '3373', '--raw', '--subdir', 'DAGS_FOLDER/AirflowClean2.py', '--cfg-path', '/tmp/tmpu5a8c5eo', '--error-file', '/tmp/tmpvzjxzt_l']
[2022-12-04 10:35:10,972] {standard_task_runner.py:77} INFO - Job 3373: Subtask save_to_parquet
[2022-12-04 10:35:11,388] {logging_mixin.py:109} INFO - Running <TaskInstance: dag1.save_to_parquet scheduled__2022-10-31T23:50:00+00:00 [running]> on host 9e44869ff3ef
[2022-12-04 10:35:12,459] {taskinstance.py:1426} INFO - Exporting the following env vars:
AIRFLOW_CTX_DAG_OWNER=Fadlil
AIRFLOW_CTX_DAG_ID=dag1
AIRFLOW_CTX_TASK_ID=save_to_parquet
AIRFLOW_CTX_EXECUTION_DATE=2022-10-31T23:50:00+00:00
AIRFLOW_CTX_DAG_RUN_ID=scheduled__2022-10-31T23:50:00+00:00
[2022-12-04 10:35:12,599] {python.py:175} INFO - Done. Returned value was: None
[2022-12-04 10:35:12,651] {taskinstance.py:1277} INFO - Marking task as SUCCESS. dag_id=dag1, task_id=save_to_parquet, execution_date=20221031T235000, start_date=20221204T103510, end_date=20221204T103512
[2022-12-04 10:35:12,826] {local_task_job.py:154} INFO - Task exited with return code 0
[2022-12-04 10:35:13,093] {local_task_job.py:264} INFO - 1 downstream tasks scheduled from follow-on schedule check
