[2022-12-04 04:30:41,845] {taskinstance.py:1032} INFO - Dependencies all met for <TaskInstance: dag1.get_data scheduled__2022-10-28T13:50:00+00:00 [queued]>
[2022-12-04 04:30:41,874] {taskinstance.py:1032} INFO - Dependencies all met for <TaskInstance: dag1.get_data scheduled__2022-10-28T13:50:00+00:00 [queued]>
[2022-12-04 04:30:41,876] {taskinstance.py:1238} INFO - 
--------------------------------------------------------------------------------
[2022-12-04 04:30:41,877] {taskinstance.py:1239} INFO - Starting attempt 1 of 2
[2022-12-04 04:30:41,878] {taskinstance.py:1240} INFO - 
--------------------------------------------------------------------------------
[2022-12-04 04:30:41,961] {taskinstance.py:1259} INFO - Executing <Task(PythonOperator): get_data> on 2022-10-28 13:50:00+00:00
[2022-12-04 04:30:41,985] {standard_task_runner.py:52} INFO - Started process 5494 to run task
[2022-12-04 04:30:42,000] {standard_task_runner.py:76} INFO - Running: ['***', 'tasks', 'run', 'dag1', 'get_data', 'scheduled__2022-10-28T13:50:00+00:00', '--job-id', '1505', '--raw', '--subdir', 'DAGS_FOLDER/AirflowClean2.py', '--cfg-path', '/tmp/tmpit3f57an', '--error-file', '/tmp/tmp4rm1xvfr']
[2022-12-04 04:30:42,004] {standard_task_runner.py:77} INFO - Job 1505: Subtask get_data
[2022-12-04 04:30:42,151] {logging_mixin.py:109} INFO - Running <TaskInstance: dag1.get_data scheduled__2022-10-28T13:50:00+00:00 [running]> on host 422c372562ce
[2022-12-04 04:30:42,287] {taskinstance.py:1426} INFO - Exporting the following env vars:
AIRFLOW_CTX_DAG_OWNER=Fadlil
AIRFLOW_CTX_DAG_ID=dag1
AIRFLOW_CTX_TASK_ID=get_data
AIRFLOW_CTX_EXECUTION_DATE=2022-10-28T13:50:00+00:00
AIRFLOW_CTX_DAG_RUN_ID=scheduled__2022-10-28T13:50:00+00:00
[2022-12-04 04:30:42,959] {python.py:175} INFO - Done. Returned value was: None
[2022-12-04 04:30:42,988] {taskinstance.py:1277} INFO - Marking task as SUCCESS. dag_id=dag1, task_id=get_data, execution_date=20221028T135000, start_date=20221204T043041, end_date=20221204T043042
[2022-12-04 04:30:43,033] {local_task_job.py:154} INFO - Task exited with return code 0
[2022-12-04 04:30:43,674] {local_task_job.py:264} INFO - 0 downstream tasks scheduled from follow-on schedule check
