[2022-12-04 11:01:49,180] {taskinstance.py:1032} INFO - Dependencies all met for <TaskInstance: dag1.save_to_csv scheduled__2022-11-03T18:50:00+00:00 [queued]>
[2022-12-04 11:01:49,253] {taskinstance.py:1032} INFO - Dependencies all met for <TaskInstance: dag1.save_to_csv scheduled__2022-11-03T18:50:00+00:00 [queued]>
[2022-12-04 11:01:49,255] {taskinstance.py:1238} INFO - 
--------------------------------------------------------------------------------
[2022-12-04 11:01:49,257] {taskinstance.py:1239} INFO - Starting attempt 1 of 2
[2022-12-04 11:01:49,260] {taskinstance.py:1240} INFO - 
--------------------------------------------------------------------------------
[2022-12-04 11:01:49,432] {taskinstance.py:1259} INFO - Executing <Task(PythonOperator): save_to_csv> on 2022-11-03 18:50:00+00:00
[2022-12-04 11:01:49,441] {standard_task_runner.py:52} INFO - Started process 11764 to run task
[2022-12-04 11:01:49,464] {standard_task_runner.py:76} INFO - Running: ['***', 'tasks', 'run', 'dag1', 'save_to_csv', 'scheduled__2022-11-03T18:50:00+00:00', '--job-id', '4986', '--raw', '--subdir', 'DAGS_FOLDER/AirflowClean2.py', '--cfg-path', '/tmp/tmpurpeupvm', '--error-file', '/tmp/tmpfmmdgray']
[2022-12-04 11:01:49,483] {standard_task_runner.py:77} INFO - Job 4986: Subtask save_to_csv
[2022-12-04 11:01:50,795] {logging_mixin.py:109} INFO - Running <TaskInstance: dag1.save_to_csv scheduled__2022-11-03T18:50:00+00:00 [running]> on host 9e44869ff3ef
[2022-12-04 11:01:51,026] {taskinstance.py:1426} INFO - Exporting the following env vars:
AIRFLOW_CTX_DAG_OWNER=Fadlil
AIRFLOW_CTX_DAG_ID=dag1
AIRFLOW_CTX_TASK_ID=save_to_csv
AIRFLOW_CTX_EXECUTION_DATE=2022-11-03T18:50:00+00:00
AIRFLOW_CTX_DAG_RUN_ID=scheduled__2022-11-03T18:50:00+00:00
[2022-12-04 11:01:51,100] {python.py:175} INFO - Done. Returned value was: None
[2022-12-04 11:01:51,222] {taskinstance.py:1277} INFO - Marking task as SUCCESS. dag_id=dag1, task_id=save_to_csv, execution_date=20221103T185000, start_date=20221204T110149, end_date=20221204T110151
[2022-12-04 11:01:51,322] {local_task_job.py:154} INFO - Task exited with return code 0
[2022-12-04 11:01:52,333] {local_task_job.py:264} INFO - 1 downstream tasks scheduled from follow-on schedule check
