[2022-12-04 13:04:25,031] {taskinstance.py:1032} INFO - Dependencies all met for <TaskInstance: dag1.get_data scheduled__2022-11-06T16:50:00+00:00 [queued]>
[2022-12-04 13:04:25,091] {taskinstance.py:1032} INFO - Dependencies all met for <TaskInstance: dag1.get_data scheduled__2022-11-06T16:50:00+00:00 [queued]>
[2022-12-04 13:04:25,093] {taskinstance.py:1238} INFO - 
--------------------------------------------------------------------------------
[2022-12-04 13:04:25,097] {taskinstance.py:1239} INFO - Starting attempt 1 of 2
[2022-12-04 13:04:25,098] {taskinstance.py:1240} INFO - 
--------------------------------------------------------------------------------
[2022-12-04 13:04:25,149] {taskinstance.py:1259} INFO - Executing <Task(PythonOperator): get_data> on 2022-11-06 16:50:00+00:00
[2022-12-04 13:04:25,173] {standard_task_runner.py:52} INFO - Started process 2401 to run task
[2022-12-04 13:04:25,207] {standard_task_runner.py:76} INFO - Running: ['***', 'tasks', 'run', 'dag1', 'get_data', 'scheduled__2022-11-06T16:50:00+00:00', '--job-id', '7208', '--raw', '--subdir', 'DAGS_FOLDER/AirflowClean2.py', '--cfg-path', '/tmp/tmpcdhcfapi', '--error-file', '/tmp/tmp0q0tsa49']
[2022-12-04 13:04:25,222] {standard_task_runner.py:77} INFO - Job 7208: Subtask get_data
[2022-12-04 13:04:25,463] {logging_mixin.py:109} INFO - Running <TaskInstance: dag1.get_data scheduled__2022-11-06T16:50:00+00:00 [running]> on host 7a020590adae
[2022-12-04 13:04:25,983] {taskinstance.py:1426} INFO - Exporting the following env vars:
AIRFLOW_CTX_DAG_OWNER=Fadlil
AIRFLOW_CTX_DAG_ID=dag1
AIRFLOW_CTX_TASK_ID=get_data
AIRFLOW_CTX_EXECUTION_DATE=2022-11-06T16:50:00+00:00
AIRFLOW_CTX_DAG_RUN_ID=scheduled__2022-11-06T16:50:00+00:00
[2022-12-04 13:04:26,784] {python.py:175} INFO - Done. Returned value was: None
[2022-12-04 13:04:26,824] {taskinstance.py:1277} INFO - Marking task as SUCCESS. dag_id=dag1, task_id=get_data, execution_date=20221106T165000, start_date=20221204T130425, end_date=20221204T130426
[2022-12-04 13:04:26,917] {local_task_job.py:154} INFO - Task exited with return code 0
[2022-12-04 13:04:27,144] {local_task_job.py:264} INFO - 1 downstream tasks scheduled from follow-on schedule check
