[2022-12-04 14:17:15,316] {taskinstance.py:1032} INFO - Dependencies all met for <TaskInstance: dag1.get_data scheduled__2022-11-08T04:40:00+00:00 [queued]>
[2022-12-04 14:17:15,341] {taskinstance.py:1032} INFO - Dependencies all met for <TaskInstance: dag1.get_data scheduled__2022-11-08T04:40:00+00:00 [queued]>
[2022-12-04 14:17:15,342] {taskinstance.py:1238} INFO - 
--------------------------------------------------------------------------------
[2022-12-04 14:17:15,342] {taskinstance.py:1239} INFO - Starting attempt 1 of 2
[2022-12-04 14:17:15,343] {taskinstance.py:1240} INFO - 
--------------------------------------------------------------------------------
[2022-12-04 14:17:15,376] {taskinstance.py:1259} INFO - Executing <Task(PythonOperator): get_data> on 2022-11-08 04:40:00+00:00
[2022-12-04 14:17:15,387] {standard_task_runner.py:52} INFO - Started process 8985 to run task
[2022-12-04 14:17:15,392] {standard_task_runner.py:76} INFO - Running: ['***', 'tasks', 'run', 'dag1', 'get_data', 'scheduled__2022-11-08T04:40:00+00:00', '--job-id', '8593', '--raw', '--subdir', 'DAGS_FOLDER/AirflowClean2.py', '--cfg-path', '/tmp/tmpzr5pym45', '--error-file', '/tmp/tmp1iz2auyt']
[2022-12-04 14:17:15,394] {standard_task_runner.py:77} INFO - Job 8593: Subtask get_data
[2022-12-04 14:17:15,540] {logging_mixin.py:109} INFO - Running <TaskInstance: dag1.get_data scheduled__2022-11-08T04:40:00+00:00 [running]> on host 7a020590adae
[2022-12-04 14:17:15,879] {taskinstance.py:1426} INFO - Exporting the following env vars:
AIRFLOW_CTX_DAG_OWNER=Fadlil
AIRFLOW_CTX_DAG_ID=dag1
AIRFLOW_CTX_TASK_ID=get_data
AIRFLOW_CTX_EXECUTION_DATE=2022-11-08T04:40:00+00:00
AIRFLOW_CTX_DAG_RUN_ID=scheduled__2022-11-08T04:40:00+00:00
[2022-12-04 14:17:16,579] {python.py:175} INFO - Done. Returned value was: None
[2022-12-04 14:17:16,846] {taskinstance.py:1277} INFO - Marking task as SUCCESS. dag_id=dag1, task_id=get_data, execution_date=20221108T044000, start_date=20221204T141715, end_date=20221204T141716
[2022-12-04 14:17:16,936] {local_task_job.py:154} INFO - Task exited with return code 0
[2022-12-04 14:17:17,057] {local_task_job.py:264} INFO - 1 downstream tasks scheduled from follow-on schedule check
