[2022-12-04 03:05:35,557] {taskinstance.py:1032} INFO - Dependencies all met for <TaskInstance: dag1.get_data scheduled__2022-10-27T09:10:00+00:00 [queued]>
[2022-12-04 03:05:35,622] {taskinstance.py:1032} INFO - Dependencies all met for <TaskInstance: dag1.get_data scheduled__2022-10-27T09:10:00+00:00 [queued]>
[2022-12-04 03:05:35,626] {taskinstance.py:1238} INFO - 
--------------------------------------------------------------------------------
[2022-12-04 03:05:35,628] {taskinstance.py:1239} INFO - Starting attempt 1 of 2
[2022-12-04 03:05:35,631] {taskinstance.py:1240} INFO - 
--------------------------------------------------------------------------------
[2022-12-04 03:05:35,743] {taskinstance.py:1259} INFO - Executing <Task(PythonOperator): get_data> on 2022-10-27 09:10:00+00:00
[2022-12-04 03:05:35,796] {standard_task_runner.py:52} INFO - Started process 1392 to run task
[2022-12-04 03:05:35,882] {standard_task_runner.py:76} INFO - Running: ['***', 'tasks', 'run', 'dag1', 'get_data', 'scheduled__2022-10-27T09:10:00+00:00', '--job-id', '812', '--raw', '--subdir', 'DAGS_FOLDER/AirflowClean2.py', '--cfg-path', '/tmp/tmpii8je18a', '--error-file', '/tmp/tmponrm7u6q']
[2022-12-04 03:05:35,884] {standard_task_runner.py:77} INFO - Job 812: Subtask get_data
[2022-12-04 03:05:36,762] {logging_mixin.py:109} INFO - Running <TaskInstance: dag1.get_data scheduled__2022-10-27T09:10:00+00:00 [running]> on host 422c372562ce
[2022-12-04 03:05:37,513] {taskinstance.py:1426} INFO - Exporting the following env vars:
AIRFLOW_CTX_DAG_OWNER=Fadlil
AIRFLOW_CTX_DAG_ID=dag1
AIRFLOW_CTX_TASK_ID=get_data
AIRFLOW_CTX_EXECUTION_DATE=2022-10-27T09:10:00+00:00
AIRFLOW_CTX_DAG_RUN_ID=scheduled__2022-10-27T09:10:00+00:00
[2022-12-04 03:05:38,470] {python.py:175} INFO - Done. Returned value was: None
[2022-12-04 03:05:39,108] {taskinstance.py:1277} INFO - Marking task as SUCCESS. dag_id=dag1, task_id=get_data, execution_date=20221027T091000, start_date=20221204T030535, end_date=20221204T030539
[2022-12-04 03:05:39,705] {local_task_job.py:154} INFO - Task exited with return code 0
[2022-12-04 03:05:40,528] {local_task_job.py:264} INFO - 0 downstream tasks scheduled from follow-on schedule check
