[2022-12-04 13:16:16,202] {taskinstance.py:1032} INFO - Dependencies all met for <TaskInstance: dag1.bigquery_external_table_task scheduled__2022-11-06T22:00:00+00:00 [queued]>
[2022-12-04 13:16:16,266] {taskinstance.py:1032} INFO - Dependencies all met for <TaskInstance: dag1.bigquery_external_table_task scheduled__2022-11-06T22:00:00+00:00 [queued]>
[2022-12-04 13:16:16,267] {taskinstance.py:1238} INFO - 
--------------------------------------------------------------------------------
[2022-12-04 13:16:16,272] {taskinstance.py:1239} INFO - Starting attempt 1 of 2
[2022-12-04 13:16:16,273] {taskinstance.py:1240} INFO - 
--------------------------------------------------------------------------------
[2022-12-04 13:16:16,329] {taskinstance.py:1259} INFO - Executing <Task(BigQueryCreateExternalTableOperator): bigquery_external_table_task> on 2022-11-06 22:00:00+00:00
[2022-12-04 13:16:16,353] {standard_task_runner.py:52} INFO - Started process 3467 to run task
[2022-12-04 13:16:16,475] {standard_task_runner.py:76} INFO - Running: ['***', 'tasks', 'run', 'dag1', 'bigquery_external_table_task', 'scheduled__2022-11-06T22:00:00+00:00', '--job-id', '7432', '--raw', '--subdir', 'DAGS_FOLDER/AirflowClean2.py', '--cfg-path', '/tmp/tmpzcmytx9_', '--error-file', '/tmp/tmpyv3sx43w']
[2022-12-04 13:16:16,483] {standard_task_runner.py:77} INFO - Job 7432: Subtask bigquery_external_table_task
[2022-12-04 13:16:16,931] {logging_mixin.py:109} INFO - Running <TaskInstance: dag1.bigquery_external_table_task scheduled__2022-11-06T22:00:00+00:00 [running]> on host 7a020590adae
[2022-12-04 13:16:17,448] {taskinstance.py:1426} INFO - Exporting the following env vars:
AIRFLOW_CTX_DAG_OWNER=Fadlil
AIRFLOW_CTX_DAG_ID=dag1
AIRFLOW_CTX_TASK_ID=bigquery_external_table_task
AIRFLOW_CTX_EXECUTION_DATE=2022-11-06T22:00:00+00:00
AIRFLOW_CTX_DAG_RUN_ID=scheduled__2022-11-06T22:00:00+00:00
[2022-12-04 13:16:17,453] {crypto.py:82} WARNING - empty cryptography key - values will not be stored encrypted.
[2022-12-04 13:16:19,548] {taskinstance.py:1277} INFO - Marking task as SUCCESS. dag_id=dag1, task_id=bigquery_external_table_task, execution_date=20221106T220000, start_date=20221204T131616, end_date=20221204T131619
[2022-12-04 13:16:19,682] {local_task_job.py:154} INFO - Task exited with return code 0
[2022-12-04 13:16:19,869] {local_task_job.py:264} INFO - 1 downstream tasks scheduled from follow-on schedule check
