[2022-12-04 10:34:45,628] {taskinstance.py:1032} INFO - Dependencies all met for <TaskInstance: dag1.local_to_gcs_task scheduled__2022-10-31T22:40:00+00:00 [queued]>
[2022-12-04 10:34:45,715] {taskinstance.py:1032} INFO - Dependencies all met for <TaskInstance: dag1.local_to_gcs_task scheduled__2022-10-31T22:40:00+00:00 [queued]>
[2022-12-04 10:34:45,725] {taskinstance.py:1238} INFO - 
--------------------------------------------------------------------------------
[2022-12-04 10:34:45,727] {taskinstance.py:1239} INFO - Starting attempt 1 of 2
[2022-12-04 10:34:45,727] {taskinstance.py:1240} INFO - 
--------------------------------------------------------------------------------
[2022-12-04 10:34:45,838] {taskinstance.py:1259} INFO - Executing <Task(PythonOperator): local_to_gcs_task> on 2022-10-31 22:40:00+00:00
[2022-12-04 10:34:45,852] {standard_task_runner.py:52} INFO - Started process 6069 to run task
[2022-12-04 10:34:45,909] {standard_task_runner.py:76} INFO - Running: ['***', 'tasks', 'run', 'dag1', 'local_to_gcs_task', 'scheduled__2022-10-31T22:40:00+00:00', '--job-id', '3351', '--raw', '--subdir', 'DAGS_FOLDER/AirflowClean2.py', '--cfg-path', '/tmp/tmpb8dja9ag', '--error-file', '/tmp/tmppb9i0gw5']
[2022-12-04 10:34:45,915] {standard_task_runner.py:77} INFO - Job 3351: Subtask local_to_gcs_task
[2022-12-04 10:34:46,267] {logging_mixin.py:109} INFO - Running <TaskInstance: dag1.local_to_gcs_task scheduled__2022-10-31T22:40:00+00:00 [running]> on host 9e44869ff3ef
[2022-12-04 10:34:46,526] {taskinstance.py:1426} INFO - Exporting the following env vars:
AIRFLOW_CTX_DAG_OWNER=Fadlil
AIRFLOW_CTX_DAG_ID=dag1
AIRFLOW_CTX_TASK_ID=local_to_gcs_task
AIRFLOW_CTX_EXECUTION_DATE=2022-10-31T22:40:00+00:00
AIRFLOW_CTX_DAG_RUN_ID=scheduled__2022-10-31T22:40:00+00:00
[2022-12-04 10:34:47,406] {python.py:175} INFO - Done. Returned value was: None
[2022-12-04 10:34:47,429] {taskinstance.py:1277} INFO - Marking task as SUCCESS. dag_id=dag1, task_id=local_to_gcs_task, execution_date=20221031T224000, start_date=20221204T103445, end_date=20221204T103447
[2022-12-04 10:34:47,667] {local_task_job.py:154} INFO - Task exited with return code 0
[2022-12-04 10:34:47,777] {local_task_job.py:264} INFO - 0 downstream tasks scheduled from follow-on schedule check
