[2022-12-04 05:12:52,397] {taskinstance.py:1032} INFO - Dependencies all met for <TaskInstance: dag1.get_data scheduled__2022-10-29T07:20:00+00:00 [queued]>
[2022-12-04 05:12:52,606] {taskinstance.py:1032} INFO - Dependencies all met for <TaskInstance: dag1.get_data scheduled__2022-10-29T07:20:00+00:00 [queued]>
[2022-12-04 05:12:52,607] {taskinstance.py:1238} INFO - 
--------------------------------------------------------------------------------
[2022-12-04 05:12:52,607] {taskinstance.py:1239} INFO - Starting attempt 1 of 2
[2022-12-04 05:12:52,608] {taskinstance.py:1240} INFO - 
--------------------------------------------------------------------------------
[2022-12-04 05:12:52,676] {taskinstance.py:1259} INFO - Executing <Task(PythonOperator): get_data> on 2022-10-29 07:20:00+00:00
[2022-12-04 05:12:52,683] {standard_task_runner.py:52} INFO - Started process 7884 to run task
[2022-12-04 05:12:52,708] {standard_task_runner.py:76} INFO - Running: ['***', 'tasks', 'run', 'dag1', 'get_data', 'scheduled__2022-10-29T07:20:00+00:00', '--job-id', '1930', '--raw', '--subdir', 'DAGS_FOLDER/AirflowClean2.py', '--cfg-path', '/tmp/tmp1j5xha5f', '--error-file', '/tmp/tmpyh1uutrq']
[2022-12-04 05:12:52,713] {standard_task_runner.py:77} INFO - Job 1930: Subtask get_data
[2022-12-04 05:12:53,058] {logging_mixin.py:109} INFO - Running <TaskInstance: dag1.get_data scheduled__2022-10-29T07:20:00+00:00 [running]> on host 422c372562ce
[2022-12-04 05:12:53,529] {taskinstance.py:1426} INFO - Exporting the following env vars:
AIRFLOW_CTX_DAG_OWNER=Fadlil
AIRFLOW_CTX_DAG_ID=dag1
AIRFLOW_CTX_TASK_ID=get_data
AIRFLOW_CTX_EXECUTION_DATE=2022-10-29T07:20:00+00:00
AIRFLOW_CTX_DAG_RUN_ID=scheduled__2022-10-29T07:20:00+00:00
[2022-12-04 05:12:54,481] {python.py:175} INFO - Done. Returned value was: None
[2022-12-04 05:12:54,949] {taskinstance.py:1277} INFO - Marking task as SUCCESS. dag_id=dag1, task_id=get_data, execution_date=20221029T072000, start_date=20221204T051252, end_date=20221204T051254
[2022-12-04 05:12:55,166] {local_task_job.py:154} INFO - Task exited with return code 0
[2022-12-04 05:12:55,436] {local_task_job.py:264} INFO - 1 downstream tasks scheduled from follow-on schedule check
