[2022-12-04 05:16:33,608] {taskinstance.py:1032} INFO - Dependencies all met for <TaskInstance: dag1.save_to_csv scheduled__2022-10-29T09:10:00+00:00 [queued]>
[2022-12-04 05:16:33,636] {taskinstance.py:1032} INFO - Dependencies all met for <TaskInstance: dag1.save_to_csv scheduled__2022-10-29T09:10:00+00:00 [queued]>
[2022-12-04 05:16:33,637] {taskinstance.py:1238} INFO - 
--------------------------------------------------------------------------------
[2022-12-04 05:16:33,637] {taskinstance.py:1239} INFO - Starting attempt 1 of 2
[2022-12-04 05:16:33,638] {taskinstance.py:1240} INFO - 
--------------------------------------------------------------------------------
[2022-12-04 05:16:33,678] {taskinstance.py:1259} INFO - Executing <Task(PythonOperator): save_to_csv> on 2022-10-29 09:10:00+00:00
[2022-12-04 05:16:33,686] {standard_task_runner.py:52} INFO - Started process 8081 to run task
[2022-12-04 05:16:33,691] {standard_task_runner.py:76} INFO - Running: ['***', 'tasks', 'run', 'dag1', 'save_to_csv', 'scheduled__2022-10-29T09:10:00+00:00', '--job-id', '1969', '--raw', '--subdir', 'DAGS_FOLDER/AirflowClean2.py', '--cfg-path', '/tmp/tmpcfsggvh3', '--error-file', '/tmp/tmp2rocqb5d']
[2022-12-04 05:16:33,692] {standard_task_runner.py:77} INFO - Job 1969: Subtask save_to_csv
[2022-12-04 05:16:33,804] {logging_mixin.py:109} INFO - Running <TaskInstance: dag1.save_to_csv scheduled__2022-10-29T09:10:00+00:00 [running]> on host 422c372562ce
[2022-12-04 05:16:33,911] {taskinstance.py:1426} INFO - Exporting the following env vars:
AIRFLOW_CTX_DAG_OWNER=Fadlil
AIRFLOW_CTX_DAG_ID=dag1
AIRFLOW_CTX_TASK_ID=save_to_csv
AIRFLOW_CTX_EXECUTION_DATE=2022-10-29T09:10:00+00:00
AIRFLOW_CTX_DAG_RUN_ID=scheduled__2022-10-29T09:10:00+00:00
[2022-12-04 05:16:33,983] {python.py:175} INFO - Done. Returned value was: None
[2022-12-04 05:16:34,009] {taskinstance.py:1277} INFO - Marking task as SUCCESS. dag_id=dag1, task_id=save_to_csv, execution_date=20221029T091000, start_date=20221204T051633, end_date=20221204T051634
[2022-12-04 05:16:34,065] {local_task_job.py:154} INFO - Task exited with return code 0
[2022-12-04 05:16:34,137] {local_task_job.py:264} INFO - 1 downstream tasks scheduled from follow-on schedule check
