[2022-12-04 03:16:55,605] {taskinstance.py:1032} INFO - Dependencies all met for <TaskInstance: dag1.get_data scheduled__2022-10-27T14:20:00+00:00 [queued]>
[2022-12-04 03:16:55,746] {taskinstance.py:1032} INFO - Dependencies all met for <TaskInstance: dag1.get_data scheduled__2022-10-27T14:20:00+00:00 [queued]>
[2022-12-04 03:16:55,748] {taskinstance.py:1238} INFO - 
--------------------------------------------------------------------------------
[2022-12-04 03:16:55,759] {taskinstance.py:1239} INFO - Starting attempt 1 of 2
[2022-12-04 03:16:55,760] {taskinstance.py:1240} INFO - 
--------------------------------------------------------------------------------
[2022-12-04 03:16:56,026] {taskinstance.py:1259} INFO - Executing <Task(PythonOperator): get_data> on 2022-10-27 14:20:00+00:00
[2022-12-04 03:16:56,171] {standard_task_runner.py:76} INFO - Running: ['***', 'tasks', 'run', 'dag1', 'get_data', 'scheduled__2022-10-27T14:20:00+00:00', '--job-id', '938', '--raw', '--subdir', 'DAGS_FOLDER/AirflowClean2.py', '--cfg-path', '/tmp/tmpow4al3u_', '--error-file', '/tmp/tmphg775uw6']
[2022-12-04 03:16:56,328] {standard_task_runner.py:77} INFO - Job 938: Subtask get_data
[2022-12-04 03:16:56,385] {standard_task_runner.py:52} INFO - Started process 2181 to run task
[2022-12-04 03:16:56,702] {logging_mixin.py:109} INFO - Running <TaskInstance: dag1.get_data scheduled__2022-10-27T14:20:00+00:00 [running]> on host 422c372562ce
[2022-12-04 03:16:56,987] {taskinstance.py:1426} INFO - Exporting the following env vars:
AIRFLOW_CTX_DAG_OWNER=Fadlil
AIRFLOW_CTX_DAG_ID=dag1
AIRFLOW_CTX_TASK_ID=get_data
AIRFLOW_CTX_EXECUTION_DATE=2022-10-27T14:20:00+00:00
AIRFLOW_CTX_DAG_RUN_ID=scheduled__2022-10-27T14:20:00+00:00
[2022-12-04 03:16:57,947] {python.py:175} INFO - Done. Returned value was: None
[2022-12-04 03:16:58,628] {taskinstance.py:1277} INFO - Marking task as SUCCESS. dag_id=dag1, task_id=get_data, execution_date=20221027T142000, start_date=20221204T031655, end_date=20221204T031658
[2022-12-04 03:16:58,761] {local_task_job.py:154} INFO - Task exited with return code 0
[2022-12-04 03:16:59,224] {local_task_job.py:264} INFO - 1 downstream tasks scheduled from follow-on schedule check
