[2022-12-04 10:25:16,316] {taskinstance.py:1032} INFO - Dependencies all met for <TaskInstance: dag1.save_to_parquet scheduled__2022-10-31T12:40:00+00:00 [queued]>
[2022-12-04 10:25:16,354] {taskinstance.py:1032} INFO - Dependencies all met for <TaskInstance: dag1.save_to_parquet scheduled__2022-10-31T12:40:00+00:00 [queued]>
[2022-12-04 10:25:16,355] {taskinstance.py:1238} INFO - 
--------------------------------------------------------------------------------
[2022-12-04 10:25:16,355] {taskinstance.py:1239} INFO - Starting attempt 1 of 2
[2022-12-04 10:25:16,356] {taskinstance.py:1240} INFO - 
--------------------------------------------------------------------------------
[2022-12-04 10:25:16,389] {taskinstance.py:1259} INFO - Executing <Task(PythonOperator): save_to_parquet> on 2022-10-31 12:40:00+00:00
[2022-12-04 10:25:16,396] {standard_task_runner.py:52} INFO - Started process 4982 to run task
[2022-12-04 10:25:16,420] {standard_task_runner.py:76} INFO - Running: ['***', 'tasks', 'run', 'dag1', 'save_to_parquet', 'scheduled__2022-10-31T12:40:00+00:00', '--job-id', '3091', '--raw', '--subdir', 'DAGS_FOLDER/AirflowClean2.py', '--cfg-path', '/tmp/tmp2d6vrqwb', '--error-file', '/tmp/tmpipa84wka']
[2022-12-04 10:25:16,423] {standard_task_runner.py:77} INFO - Job 3091: Subtask save_to_parquet
[2022-12-04 10:25:16,732] {logging_mixin.py:109} INFO - Running <TaskInstance: dag1.save_to_parquet scheduled__2022-10-31T12:40:00+00:00 [running]> on host 9e44869ff3ef
[2022-12-04 10:25:16,959] {taskinstance.py:1426} INFO - Exporting the following env vars:
AIRFLOW_CTX_DAG_OWNER=Fadlil
AIRFLOW_CTX_DAG_ID=dag1
AIRFLOW_CTX_TASK_ID=save_to_parquet
AIRFLOW_CTX_EXECUTION_DATE=2022-10-31T12:40:00+00:00
AIRFLOW_CTX_DAG_RUN_ID=scheduled__2022-10-31T12:40:00+00:00
[2022-12-04 10:25:17,133] {python.py:175} INFO - Done. Returned value was: None
[2022-12-04 10:25:17,156] {taskinstance.py:1277} INFO - Marking task as SUCCESS. dag_id=dag1, task_id=save_to_parquet, execution_date=20221031T124000, start_date=20221204T102516, end_date=20221204T102517
[2022-12-04 10:25:17,272] {local_task_job.py:154} INFO - Task exited with return code 0
[2022-12-04 10:25:17,495] {local_task_job.py:264} INFO - 1 downstream tasks scheduled from follow-on schedule check
