[2022-12-04 09:59:02,910] {taskinstance.py:1032} INFO - Dependencies all met for <TaskInstance: dag1.save_to_csv scheduled__2022-10-31T00:20:00+00:00 [queued]>
[2022-12-04 09:59:02,956] {taskinstance.py:1032} INFO - Dependencies all met for <TaskInstance: dag1.save_to_csv scheduled__2022-10-31T00:20:00+00:00 [queued]>
[2022-12-04 09:59:02,961] {taskinstance.py:1238} INFO - 
--------------------------------------------------------------------------------
[2022-12-04 09:59:03,022] {taskinstance.py:1239} INFO - Starting attempt 1 of 2
[2022-12-04 09:59:03,023] {taskinstance.py:1240} INFO - 
--------------------------------------------------------------------------------
[2022-12-04 09:59:03,189] {taskinstance.py:1259} INFO - Executing <Task(PythonOperator): save_to_csv> on 2022-10-31 00:20:00+00:00
[2022-12-04 09:59:03,204] {standard_task_runner.py:52} INFO - Started process 3088 to run task
[2022-12-04 09:59:03,248] {standard_task_runner.py:76} INFO - Running: ['***', 'tasks', 'run', 'dag1', 'save_to_csv', 'scheduled__2022-10-31T00:20:00+00:00', '--job-id', '2764', '--raw', '--subdir', 'DAGS_FOLDER/AirflowClean2.py', '--cfg-path', '/tmp/tmp6f404fyj', '--error-file', '/tmp/tmp94q5d7vd']
[2022-12-04 09:59:03,271] {standard_task_runner.py:77} INFO - Job 2764: Subtask save_to_csv
[2022-12-04 09:59:03,822] {logging_mixin.py:109} INFO - Running <TaskInstance: dag1.save_to_csv scheduled__2022-10-31T00:20:00+00:00 [running]> on host 9e44869ff3ef
[2022-12-04 09:59:04,219] {taskinstance.py:1426} INFO - Exporting the following env vars:
AIRFLOW_CTX_DAG_OWNER=Fadlil
AIRFLOW_CTX_DAG_ID=dag1
AIRFLOW_CTX_TASK_ID=save_to_csv
AIRFLOW_CTX_EXECUTION_DATE=2022-10-31T00:20:00+00:00
AIRFLOW_CTX_DAG_RUN_ID=scheduled__2022-10-31T00:20:00+00:00
[2022-12-04 09:59:04,635] {python.py:175} INFO - Done. Returned value was: None
[2022-12-04 09:59:04,779] {taskinstance.py:1277} INFO - Marking task as SUCCESS. dag_id=dag1, task_id=save_to_csv, execution_date=20221031T002000, start_date=20221204T095902, end_date=20221204T095904
[2022-12-04 09:59:05,137] {local_task_job.py:154} INFO - Task exited with return code 0
[2022-12-04 09:59:05,343] {local_task_job.py:264} INFO - 1 downstream tasks scheduled from follow-on schedule check
