[2022-12-04 09:52:09,832] {taskinstance.py:1032} INFO - Dependencies all met for <TaskInstance: dag1.get_data scheduled__2022-10-30T10:50:00+00:00 [queued]>
[2022-12-04 09:52:09,985] {taskinstance.py:1032} INFO - Dependencies all met for <TaskInstance: dag1.get_data scheduled__2022-10-30T10:50:00+00:00 [queued]>
[2022-12-04 09:52:09,993] {taskinstance.py:1238} INFO - 
--------------------------------------------------------------------------------
[2022-12-04 09:52:10,002] {taskinstance.py:1239} INFO - Starting attempt 1 of 2
[2022-12-04 09:52:10,017] {taskinstance.py:1240} INFO - 
--------------------------------------------------------------------------------
[2022-12-04 09:52:10,265] {taskinstance.py:1259} INFO - Executing <Task(PythonOperator): get_data> on 2022-10-30 10:50:00+00:00
[2022-12-04 09:52:10,281] {standard_task_runner.py:52} INFO - Started process 2148 to run task
[2022-12-04 09:52:10,320] {standard_task_runner.py:76} INFO - Running: ['***', 'tasks', 'run', 'dag1', 'get_data', 'scheduled__2022-10-30T10:50:00+00:00', '--job-id', '2519', '--raw', '--subdir', 'DAGS_FOLDER/AirflowClean2.py', '--cfg-path', '/tmp/tmp9s0xgx3m', '--error-file', '/tmp/tmpe87lepz9']
[2022-12-04 09:52:10,346] {standard_task_runner.py:77} INFO - Job 2519: Subtask get_data
[2022-12-04 09:52:10,785] {logging_mixin.py:109} INFO - Running <TaskInstance: dag1.get_data scheduled__2022-10-30T10:50:00+00:00 [running]> on host 9e44869ff3ef
[2022-12-04 09:52:10,995] {taskinstance.py:1426} INFO - Exporting the following env vars:
AIRFLOW_CTX_DAG_OWNER=Fadlil
AIRFLOW_CTX_DAG_ID=dag1
AIRFLOW_CTX_TASK_ID=get_data
AIRFLOW_CTX_EXECUTION_DATE=2022-10-30T10:50:00+00:00
AIRFLOW_CTX_DAG_RUN_ID=scheduled__2022-10-30T10:50:00+00:00
[2022-12-04 09:52:11,747] {python.py:175} INFO - Done. Returned value was: None
[2022-12-04 09:52:11,812] {taskinstance.py:1277} INFO - Marking task as SUCCESS. dag_id=dag1, task_id=get_data, execution_date=20221030T105000, start_date=20221204T095209, end_date=20221204T095211
[2022-12-04 09:52:12,035] {local_task_job.py:154} INFO - Task exited with return code 0
[2022-12-04 09:52:12,290] {local_task_job.py:264} INFO - 1 downstream tasks scheduled from follow-on schedule check
