[2022-12-04 10:34:03,805] {taskinstance.py:1032} INFO - Dependencies all met for <TaskInstance: dag1.local_to_gcs_task scheduled__2022-10-31T20:40:00+00:00 [queued]>
[2022-12-04 10:34:03,888] {taskinstance.py:1032} INFO - Dependencies all met for <TaskInstance: dag1.local_to_gcs_task scheduled__2022-10-31T20:40:00+00:00 [queued]>
[2022-12-04 10:34:03,888] {taskinstance.py:1238} INFO - 
--------------------------------------------------------------------------------
[2022-12-04 10:34:03,890] {taskinstance.py:1239} INFO - Starting attempt 1 of 2
[2022-12-04 10:34:03,891] {taskinstance.py:1240} INFO - 
--------------------------------------------------------------------------------
[2022-12-04 10:34:03,977] {taskinstance.py:1259} INFO - Executing <Task(PythonOperator): local_to_gcs_task> on 2022-10-31 20:40:00+00:00
[2022-12-04 10:34:04,005] {standard_task_runner.py:52} INFO - Started process 5932 to run task
[2022-12-04 10:34:04,092] {standard_task_runner.py:76} INFO - Running: ['***', 'tasks', 'run', 'dag1', 'local_to_gcs_task', 'scheduled__2022-10-31T20:40:00+00:00', '--job-id', '3311', '--raw', '--subdir', 'DAGS_FOLDER/AirflowClean2.py', '--cfg-path', '/tmp/tmpc35fmkdj', '--error-file', '/tmp/tmpced_z3c2']
[2022-12-04 10:34:04,109] {standard_task_runner.py:77} INFO - Job 3311: Subtask local_to_gcs_task
[2022-12-04 10:34:04,536] {logging_mixin.py:109} INFO - Running <TaskInstance: dag1.local_to_gcs_task scheduled__2022-10-31T20:40:00+00:00 [running]> on host 9e44869ff3ef
[2022-12-04 10:34:04,965] {taskinstance.py:1426} INFO - Exporting the following env vars:
AIRFLOW_CTX_DAG_OWNER=Fadlil
AIRFLOW_CTX_DAG_ID=dag1
AIRFLOW_CTX_TASK_ID=local_to_gcs_task
AIRFLOW_CTX_EXECUTION_DATE=2022-10-31T20:40:00+00:00
AIRFLOW_CTX_DAG_RUN_ID=scheduled__2022-10-31T20:40:00+00:00
[2022-12-04 10:34:06,496] {python.py:175} INFO - Done. Returned value was: None
[2022-12-04 10:34:06,671] {taskinstance.py:1277} INFO - Marking task as SUCCESS. dag_id=dag1, task_id=local_to_gcs_task, execution_date=20221031T204000, start_date=20221204T103403, end_date=20221204T103406
[2022-12-04 10:34:06,881] {local_task_job.py:154} INFO - Task exited with return code 0
[2022-12-04 10:34:07,227] {local_task_job.py:264} INFO - 0 downstream tasks scheduled from follow-on schedule check
