[2022-12-04 15:21:24,181] {taskinstance.py:1032} INFO - Dependencies all met for <TaskInstance: dag1.save_to_csv scheduled__2022-11-09T12:50:00+00:00 [queued]>
[2022-12-04 15:21:24,205] {taskinstance.py:1032} INFO - Dependencies all met for <TaskInstance: dag1.save_to_csv scheduled__2022-11-09T12:50:00+00:00 [queued]>
[2022-12-04 15:21:24,206] {taskinstance.py:1238} INFO - 
--------------------------------------------------------------------------------
[2022-12-04 15:21:24,206] {taskinstance.py:1239} INFO - Starting attempt 1 of 2
[2022-12-04 15:21:24,207] {taskinstance.py:1240} INFO - 
--------------------------------------------------------------------------------
[2022-12-04 15:21:24,229] {taskinstance.py:1259} INFO - Executing <Task(PythonOperator): save_to_csv> on 2022-11-09 12:50:00+00:00
[2022-12-04 15:21:24,239] {standard_task_runner.py:52} INFO - Started process 14938 to run task
[2022-12-04 15:21:24,257] {standard_task_runner.py:76} INFO - Running: ['***', 'tasks', 'run', 'dag1', 'save_to_csv', 'scheduled__2022-11-09T12:50:00+00:00', '--job-id', '9832', '--raw', '--subdir', 'DAGS_FOLDER/AirflowClean2.py', '--cfg-path', '/tmp/tmpg627z7qu', '--error-file', '/tmp/tmp83hxaemq']
[2022-12-04 15:21:24,259] {standard_task_runner.py:77} INFO - Job 9832: Subtask save_to_csv
[2022-12-04 15:21:24,439] {logging_mixin.py:109} INFO - Running <TaskInstance: dag1.save_to_csv scheduled__2022-11-09T12:50:00+00:00 [running]> on host 7a020590adae
[2022-12-04 15:21:24,571] {taskinstance.py:1426} INFO - Exporting the following env vars:
AIRFLOW_CTX_DAG_OWNER=Fadlil
AIRFLOW_CTX_DAG_ID=dag1
AIRFLOW_CTX_TASK_ID=save_to_csv
AIRFLOW_CTX_EXECUTION_DATE=2022-11-09T12:50:00+00:00
AIRFLOW_CTX_DAG_RUN_ID=scheduled__2022-11-09T12:50:00+00:00
[2022-12-04 15:21:24,658] {python.py:175} INFO - Done. Returned value was: None
[2022-12-04 15:21:24,999] {taskinstance.py:1277} INFO - Marking task as SUCCESS. dag_id=dag1, task_id=save_to_csv, execution_date=20221109T125000, start_date=20221204T152124, end_date=20221204T152124
[2022-12-04 15:21:25,081] {local_task_job.py:154} INFO - Task exited with return code 0
[2022-12-04 15:21:25,203] {local_task_job.py:264} INFO - 1 downstream tasks scheduled from follow-on schedule check
