[2022-12-04 11:08:25,367] {taskinstance.py:1032} INFO - Dependencies all met for <TaskInstance: dag1.save_to_csv scheduled__2022-11-04T12:00:00+00:00 [queued]>
[2022-12-04 11:08:25,466] {taskinstance.py:1032} INFO - Dependencies all met for <TaskInstance: dag1.save_to_csv scheduled__2022-11-04T12:00:00+00:00 [queued]>
[2022-12-04 11:08:25,469] {taskinstance.py:1238} INFO - 
--------------------------------------------------------------------------------
[2022-12-04 11:08:25,469] {taskinstance.py:1239} INFO - Starting attempt 1 of 2
[2022-12-04 11:08:25,470] {taskinstance.py:1240} INFO - 
--------------------------------------------------------------------------------
[2022-12-04 11:08:25,627] {taskinstance.py:1259} INFO - Executing <Task(PythonOperator): save_to_csv> on 2022-11-04 12:00:00+00:00
[2022-12-04 11:08:25,714] {standard_task_runner.py:76} INFO - Running: ['***', 'tasks', 'run', 'dag1', 'save_to_csv', 'scheduled__2022-11-04T12:00:00+00:00', '--job-id', '5393', '--raw', '--subdir', 'DAGS_FOLDER/AirflowClean2.py', '--cfg-path', '/tmp/tmpo9yxipp5', '--error-file', '/tmp/tmpdsvpp23p']
[2022-12-04 11:08:25,652] {standard_task_runner.py:52} INFO - Started process 13163 to run task
[2022-12-04 11:08:25,753] {standard_task_runner.py:77} INFO - Job 5393: Subtask save_to_csv
[2022-12-04 11:08:26,074] {logging_mixin.py:109} INFO - Running <TaskInstance: dag1.save_to_csv scheduled__2022-11-04T12:00:00+00:00 [running]> on host 9e44869ff3ef
[2022-12-04 11:08:31,579] {taskinstance.py:1426} INFO - Exporting the following env vars:
AIRFLOW_CTX_DAG_OWNER=Fadlil
AIRFLOW_CTX_DAG_ID=dag1
AIRFLOW_CTX_TASK_ID=save_to_csv
AIRFLOW_CTX_EXECUTION_DATE=2022-11-04T12:00:00+00:00
AIRFLOW_CTX_DAG_RUN_ID=scheduled__2022-11-04T12:00:00+00:00
[2022-12-04 11:29:53,826] {python.py:175} INFO - Done. Returned value was: None
[2022-12-04 11:29:57,292] {taskinstance.py:1277} INFO - Marking task as SUCCESS. dag_id=dag1, task_id=save_to_csv, execution_date=20221104T120000, start_date=20221204T110825, end_date=20221204T112957
[2022-12-04 11:29:58,289] {local_task_job.py:154} INFO - Task exited with return code 0
[2022-12-04 11:30:01,516] {local_task_job.py:264} INFO - 1 downstream tasks scheduled from follow-on schedule check
