[2022-12-04 13:11:28,601] {taskinstance.py:1032} INFO - Dependencies all met for <TaskInstance: dag1.save_to_parquet scheduled__2022-11-06T20:00:00+00:00 [queued]>
[2022-12-04 13:11:28,623] {taskinstance.py:1032} INFO - Dependencies all met for <TaskInstance: dag1.save_to_parquet scheduled__2022-11-06T20:00:00+00:00 [queued]>
[2022-12-04 13:11:28,623] {taskinstance.py:1238} INFO - 
--------------------------------------------------------------------------------
[2022-12-04 13:11:28,624] {taskinstance.py:1239} INFO - Starting attempt 1 of 2
[2022-12-04 13:11:28,624] {taskinstance.py:1240} INFO - 
--------------------------------------------------------------------------------
[2022-12-04 13:11:28,640] {taskinstance.py:1259} INFO - Executing <Task(PythonOperator): save_to_parquet> on 2022-11-06 20:00:00+00:00
[2022-12-04 13:11:28,646] {standard_task_runner.py:52} INFO - Started process 3049 to run task
[2022-12-04 13:11:28,651] {standard_task_runner.py:76} INFO - Running: ['***', 'tasks', 'run', 'dag1', 'save_to_parquet', 'scheduled__2022-11-06T20:00:00+00:00', '--job-id', '7346', '--raw', '--subdir', 'DAGS_FOLDER/AirflowClean2.py', '--cfg-path', '/tmp/tmpf0pj9_lj', '--error-file', '/tmp/tmpc3rbzk1m']
[2022-12-04 13:11:28,653] {standard_task_runner.py:77} INFO - Job 7346: Subtask save_to_parquet
[2022-12-04 13:11:28,739] {logging_mixin.py:109} INFO - Running <TaskInstance: dag1.save_to_parquet scheduled__2022-11-06T20:00:00+00:00 [running]> on host 7a020590adae
[2022-12-04 13:11:28,821] {taskinstance.py:1426} INFO - Exporting the following env vars:
AIRFLOW_CTX_DAG_OWNER=Fadlil
AIRFLOW_CTX_DAG_ID=dag1
AIRFLOW_CTX_TASK_ID=save_to_parquet
AIRFLOW_CTX_EXECUTION_DATE=2022-11-06T20:00:00+00:00
AIRFLOW_CTX_DAG_RUN_ID=scheduled__2022-11-06T20:00:00+00:00
[2022-12-04 13:11:28,863] {python.py:175} INFO - Done. Returned value was: None
[2022-12-04 13:11:28,907] {taskinstance.py:1277} INFO - Marking task as SUCCESS. dag_id=dag1, task_id=save_to_parquet, execution_date=20221106T200000, start_date=20221204T131128, end_date=20221204T131128
[2022-12-04 13:11:28,943] {local_task_job.py:154} INFO - Task exited with return code 0
[2022-12-04 13:11:29,005] {local_task_job.py:264} INFO - 1 downstream tasks scheduled from follow-on schedule check
