[2022-12-04 09:55:04,679] {taskinstance.py:1032} INFO - Dependencies all met for <TaskInstance: dag1.get_data scheduled__2022-10-30T19:40:00+00:00 [queued]>
[2022-12-04 09:55:05,326] {taskinstance.py:1032} INFO - Dependencies all met for <TaskInstance: dag1.get_data scheduled__2022-10-30T19:40:00+00:00 [queued]>
[2022-12-04 09:55:05,326] {taskinstance.py:1238} INFO - 
--------------------------------------------------------------------------------
[2022-12-04 09:55:05,327] {taskinstance.py:1239} INFO - Starting attempt 1 of 2
[2022-12-04 09:55:05,327] {taskinstance.py:1240} INFO - 
--------------------------------------------------------------------------------
[2022-12-04 09:55:05,371] {taskinstance.py:1259} INFO - Executing <Task(PythonOperator): get_data> on 2022-10-30 19:40:00+00:00
[2022-12-04 09:55:05,379] {standard_task_runner.py:52} INFO - Started process 2714 to run task
[2022-12-04 09:55:05,386] {standard_task_runner.py:76} INFO - Running: ['***', 'tasks', 'run', 'dag1', 'get_data', 'scheduled__2022-10-30T19:40:00+00:00', '--job-id', '2681', '--raw', '--subdir', 'DAGS_FOLDER/AirflowClean2.py', '--cfg-path', '/tmp/tmpw5sg3bhi', '--error-file', '/tmp/tmp1q1ygccz']
[2022-12-04 09:55:05,403] {standard_task_runner.py:77} INFO - Job 2681: Subtask get_data
[2022-12-04 09:55:05,612] {logging_mixin.py:109} INFO - Running <TaskInstance: dag1.get_data scheduled__2022-10-30T19:40:00+00:00 [running]> on host 9e44869ff3ef
[2022-12-04 09:55:05,953] {taskinstance.py:1426} INFO - Exporting the following env vars:
AIRFLOW_CTX_DAG_OWNER=Fadlil
AIRFLOW_CTX_DAG_ID=dag1
AIRFLOW_CTX_TASK_ID=get_data
AIRFLOW_CTX_EXECUTION_DATE=2022-10-30T19:40:00+00:00
AIRFLOW_CTX_DAG_RUN_ID=scheduled__2022-10-30T19:40:00+00:00
[2022-12-04 09:55:06,724] {python.py:175} INFO - Done. Returned value was: None
[2022-12-04 09:55:06,804] {taskinstance.py:1277} INFO - Marking task as SUCCESS. dag_id=dag1, task_id=get_data, execution_date=20221030T194000, start_date=20221204T095504, end_date=20221204T095506
[2022-12-04 09:55:06,920] {local_task_job.py:154} INFO - Task exited with return code 0
[2022-12-04 09:55:07,252] {local_task_job.py:264} INFO - 1 downstream tasks scheduled from follow-on schedule check
