[2022-12-04 10:38:53,208] {taskinstance.py:1032} INFO - Dependencies all met for <TaskInstance: dag1.local_to_gcs_task scheduled__2022-11-01T08:00:00+00:00 [queued]>
[2022-12-04 10:38:53,320] {taskinstance.py:1032} INFO - Dependencies all met for <TaskInstance: dag1.local_to_gcs_task scheduled__2022-11-01T08:00:00+00:00 [queued]>
[2022-12-04 10:38:53,357] {taskinstance.py:1238} INFO - 
--------------------------------------------------------------------------------
[2022-12-04 10:38:53,364] {taskinstance.py:1239} INFO - Starting attempt 1 of 2
[2022-12-04 10:38:53,373] {taskinstance.py:1240} INFO - 
--------------------------------------------------------------------------------
[2022-12-04 10:38:53,502] {taskinstance.py:1259} INFO - Executing <Task(PythonOperator): local_to_gcs_task> on 2022-11-01 08:00:00+00:00
[2022-12-04 10:38:53,539] {standard_task_runner.py:52} INFO - Started process 6897 to run task
[2022-12-04 10:38:53,568] {standard_task_runner.py:76} INFO - Running: ['***', 'tasks', 'run', 'dag1', 'local_to_gcs_task', 'scheduled__2022-11-01T08:00:00+00:00', '--job-id', '3585', '--raw', '--subdir', 'DAGS_FOLDER/AirflowClean2.py', '--cfg-path', '/tmp/tmpx2pi1_ui', '--error-file', '/tmp/tmphjrjz1_h']
[2022-12-04 10:38:53,589] {standard_task_runner.py:77} INFO - Job 3585: Subtask local_to_gcs_task
[2022-12-04 10:38:53,816] {logging_mixin.py:109} INFO - Running <TaskInstance: dag1.local_to_gcs_task scheduled__2022-11-01T08:00:00+00:00 [running]> on host 9e44869ff3ef
[2022-12-04 10:38:54,167] {taskinstance.py:1426} INFO - Exporting the following env vars:
AIRFLOW_CTX_DAG_OWNER=Fadlil
AIRFLOW_CTX_DAG_ID=dag1
AIRFLOW_CTX_TASK_ID=local_to_gcs_task
AIRFLOW_CTX_EXECUTION_DATE=2022-11-01T08:00:00+00:00
AIRFLOW_CTX_DAG_RUN_ID=scheduled__2022-11-01T08:00:00+00:00
[2022-12-04 10:38:54,951] {python.py:175} INFO - Done. Returned value was: None
[2022-12-04 10:38:54,991] {taskinstance.py:1277} INFO - Marking task as SUCCESS. dag_id=dag1, task_id=local_to_gcs_task, execution_date=20221101T080000, start_date=20221204T103853, end_date=20221204T103854
[2022-12-04 10:38:55,079] {local_task_job.py:154} INFO - Task exited with return code 0
[2022-12-04 10:38:55,165] {local_task_job.py:264} INFO - 0 downstream tasks scheduled from follow-on schedule check
