[2022-12-04 09:54:24,560] {taskinstance.py:1032} INFO - Dependencies all met for <TaskInstance: dag1.save_to_parquet scheduled__2022-10-30T17:00:00+00:00 [queued]>
[2022-12-04 09:54:24,836] {taskinstance.py:1032} INFO - Dependencies all met for <TaskInstance: dag1.save_to_parquet scheduled__2022-10-30T17:00:00+00:00 [queued]>
[2022-12-04 09:54:24,841] {taskinstance.py:1238} INFO - 
--------------------------------------------------------------------------------
[2022-12-04 09:54:24,842] {taskinstance.py:1239} INFO - Starting attempt 1 of 2
[2022-12-04 09:54:24,842] {taskinstance.py:1240} INFO - 
--------------------------------------------------------------------------------
[2022-12-04 09:54:24,886] {taskinstance.py:1259} INFO - Executing <Task(PythonOperator): save_to_parquet> on 2022-10-30 17:00:00+00:00
[2022-12-04 09:54:24,898] {standard_task_runner.py:52} INFO - Started process 2589 to run task
[2022-12-04 09:54:24,934] {standard_task_runner.py:76} INFO - Running: ['***', 'tasks', 'run', 'dag1', 'save_to_parquet', 'scheduled__2022-10-30T17:00:00+00:00', '--job-id', '2646', '--raw', '--subdir', 'DAGS_FOLDER/AirflowClean2.py', '--cfg-path', '/tmp/tmpayba47mf', '--error-file', '/tmp/tmpevg1flbs']
[2022-12-04 09:54:24,943] {standard_task_runner.py:77} INFO - Job 2646: Subtask save_to_parquet
[2022-12-04 09:54:25,156] {logging_mixin.py:109} INFO - Running <TaskInstance: dag1.save_to_parquet scheduled__2022-10-30T17:00:00+00:00 [running]> on host 9e44869ff3ef
[2022-12-04 09:54:25,355] {taskinstance.py:1426} INFO - Exporting the following env vars:
AIRFLOW_CTX_DAG_OWNER=Fadlil
AIRFLOW_CTX_DAG_ID=dag1
AIRFLOW_CTX_TASK_ID=save_to_parquet
AIRFLOW_CTX_EXECUTION_DATE=2022-10-30T17:00:00+00:00
AIRFLOW_CTX_DAG_RUN_ID=scheduled__2022-10-30T17:00:00+00:00
[2022-12-04 09:54:25,449] {python.py:175} INFO - Done. Returned value was: None
[2022-12-04 09:54:25,488] {taskinstance.py:1277} INFO - Marking task as SUCCESS. dag_id=dag1, task_id=save_to_parquet, execution_date=20221030T170000, start_date=20221204T095424, end_date=20221204T095425
[2022-12-04 09:54:25,578] {local_task_job.py:154} INFO - Task exited with return code 0
[2022-12-04 09:54:25,663] {local_task_job.py:264} INFO - 0 downstream tasks scheduled from follow-on schedule check
