[2022-12-04 10:39:11,282] {taskinstance.py:1032} INFO - Dependencies all met for <TaskInstance: dag1.get_data scheduled__2022-11-01T10:00:00+00:00 [queued]>
[2022-12-04 10:39:11,323] {taskinstance.py:1032} INFO - Dependencies all met for <TaskInstance: dag1.get_data scheduled__2022-11-01T10:00:00+00:00 [queued]>
[2022-12-04 10:39:11,324] {taskinstance.py:1238} INFO - 
--------------------------------------------------------------------------------
[2022-12-04 10:39:11,325] {taskinstance.py:1239} INFO - Starting attempt 1 of 2
[2022-12-04 10:39:11,325] {taskinstance.py:1240} INFO - 
--------------------------------------------------------------------------------
[2022-12-04 10:39:11,408] {taskinstance.py:1259} INFO - Executing <Task(PythonOperator): get_data> on 2022-11-01 10:00:00+00:00
[2022-12-04 10:39:11,438] {standard_task_runner.py:76} INFO - Running: ['***', 'tasks', 'run', 'dag1', 'get_data', 'scheduled__2022-11-01T10:00:00+00:00', '--job-id', '3601', '--raw', '--subdir', 'DAGS_FOLDER/AirflowClean2.py', '--cfg-path', '/tmp/tmpfs7bg4wj', '--error-file', '/tmp/tmp_qv7i8mz']
[2022-12-04 10:39:11,431] {standard_task_runner.py:52} INFO - Started process 6947 to run task
[2022-12-04 10:39:11,460] {standard_task_runner.py:77} INFO - Job 3601: Subtask get_data
[2022-12-04 10:39:11,796] {logging_mixin.py:109} INFO - Running <TaskInstance: dag1.get_data scheduled__2022-11-01T10:00:00+00:00 [running]> on host 9e44869ff3ef
[2022-12-04 10:39:12,191] {taskinstance.py:1426} INFO - Exporting the following env vars:
AIRFLOW_CTX_DAG_OWNER=Fadlil
AIRFLOW_CTX_DAG_ID=dag1
AIRFLOW_CTX_TASK_ID=get_data
AIRFLOW_CTX_EXECUTION_DATE=2022-11-01T10:00:00+00:00
AIRFLOW_CTX_DAG_RUN_ID=scheduled__2022-11-01T10:00:00+00:00
[2022-12-04 10:39:13,512] {python.py:175} INFO - Done. Returned value was: None
[2022-12-04 10:39:14,462] {taskinstance.py:1277} INFO - Marking task as SUCCESS. dag_id=dag1, task_id=get_data, execution_date=20221101T100000, start_date=20221204T103911, end_date=20221204T103914
[2022-12-04 10:39:14,746] {local_task_job.py:154} INFO - Task exited with return code 0
[2022-12-04 10:39:15,042] {local_task_job.py:264} INFO - 1 downstream tasks scheduled from follow-on schedule check
