[2022-12-04 17:31:46,414] {taskinstance.py:1032} INFO - Dependencies all met for <TaskInstance: dag1.save_to_parquet scheduled__2022-11-10T09:30:00+00:00 [queued]>
[2022-12-04 17:31:46,486] {taskinstance.py:1032} INFO - Dependencies all met for <TaskInstance: dag1.save_to_parquet scheduled__2022-11-10T09:30:00+00:00 [queued]>
[2022-12-04 17:31:46,487] {taskinstance.py:1238} INFO - 
--------------------------------------------------------------------------------
[2022-12-04 17:31:46,491] {taskinstance.py:1239} INFO - Starting attempt 1 of 2
[2022-12-04 17:31:46,492] {taskinstance.py:1240} INFO - 
--------------------------------------------------------------------------------
[2022-12-04 17:31:46,554] {taskinstance.py:1259} INFO - Executing <Task(PythonOperator): save_to_parquet> on 2022-11-10 09:30:00+00:00
[2022-12-04 17:31:46,564] {standard_task_runner.py:52} INFO - Started process 18732 to run task
[2022-12-04 17:31:46,579] {standard_task_runner.py:76} INFO - Running: ['***', 'tasks', 'run', 'dag1', 'save_to_parquet', 'scheduled__2022-11-10T09:30:00+00:00', '--job-id', '10618', '--raw', '--subdir', 'DAGS_FOLDER/AirflowClean2.py', '--cfg-path', '/tmp/tmpjk4glprc', '--error-file', '/tmp/tmpfch_02n7']
[2022-12-04 17:31:46,581] {standard_task_runner.py:77} INFO - Job 10618: Subtask save_to_parquet
[2022-12-04 17:31:46,760] {logging_mixin.py:109} INFO - Running <TaskInstance: dag1.save_to_parquet scheduled__2022-11-10T09:30:00+00:00 [running]> on host 7a020590adae
[2022-12-04 17:31:46,950] {taskinstance.py:1426} INFO - Exporting the following env vars:
AIRFLOW_CTX_DAG_OWNER=Fadlil
AIRFLOW_CTX_DAG_ID=dag1
AIRFLOW_CTX_TASK_ID=save_to_parquet
AIRFLOW_CTX_EXECUTION_DATE=2022-11-10T09:30:00+00:00
AIRFLOW_CTX_DAG_RUN_ID=scheduled__2022-11-10T09:30:00+00:00
[2022-12-04 17:31:47,098] {python.py:175} INFO - Done. Returned value was: None
[2022-12-04 17:31:47,195] {taskinstance.py:1277} INFO - Marking task as SUCCESS. dag_id=dag1, task_id=save_to_parquet, execution_date=20221110T093000, start_date=20221204T173146, end_date=20221204T173147
[2022-12-04 17:31:47,294] {local_task_job.py:154} INFO - Task exited with return code 0
[2022-12-04 17:31:47,442] {local_task_job.py:264} INFO - 1 downstream tasks scheduled from follow-on schedule check
