[2022-12-04 14:59:09,167] {taskinstance.py:1032} INFO - Dependencies all met for <TaskInstance: dag1.get_data scheduled__2022-11-09T01:10:00+00:00 [queued]>
[2022-12-04 14:59:09,183] {taskinstance.py:1032} INFO - Dependencies all met for <TaskInstance: dag1.get_data scheduled__2022-11-09T01:10:00+00:00 [queued]>
[2022-12-04 14:59:09,183] {taskinstance.py:1238} INFO - 
--------------------------------------------------------------------------------
[2022-12-04 14:59:09,183] {taskinstance.py:1239} INFO - Starting attempt 1 of 2
[2022-12-04 14:59:09,184] {taskinstance.py:1240} INFO - 
--------------------------------------------------------------------------------
[2022-12-04 14:59:09,199] {taskinstance.py:1259} INFO - Executing <Task(PythonOperator): get_data> on 2022-11-09 01:10:00+00:00
[2022-12-04 14:59:09,228] {standard_task_runner.py:52} INFO - Started process 12756 to run task
[2022-12-04 14:59:09,249] {standard_task_runner.py:76} INFO - Running: ['***', 'tasks', 'run', 'dag1', 'get_data', 'scheduled__2022-11-09T01:10:00+00:00', '--job-id', '9377', '--raw', '--subdir', 'DAGS_FOLDER/AirflowClean2.py', '--cfg-path', '/tmp/tmpquyp9uuh', '--error-file', '/tmp/tmp7jqx3dfb']
[2022-12-04 14:59:09,252] {standard_task_runner.py:77} INFO - Job 9377: Subtask get_data
[2022-12-04 14:59:09,347] {logging_mixin.py:109} INFO - Running <TaskInstance: dag1.get_data scheduled__2022-11-09T01:10:00+00:00 [running]> on host 7a020590adae
[2022-12-04 14:59:09,418] {taskinstance.py:1426} INFO - Exporting the following env vars:
AIRFLOW_CTX_DAG_OWNER=Fadlil
AIRFLOW_CTX_DAG_ID=dag1
AIRFLOW_CTX_TASK_ID=get_data
AIRFLOW_CTX_EXECUTION_DATE=2022-11-09T01:10:00+00:00
AIRFLOW_CTX_DAG_RUN_ID=scheduled__2022-11-09T01:10:00+00:00
[2022-12-04 14:59:10,055] {python.py:175} INFO - Done. Returned value was: None
[2022-12-04 14:59:10,290] {taskinstance.py:1277} INFO - Marking task as SUCCESS. dag_id=dag1, task_id=get_data, execution_date=20221109T011000, start_date=20221204T145909, end_date=20221204T145910
[2022-12-04 14:59:10,343] {local_task_job.py:154} INFO - Task exited with return code 0
[2022-12-04 14:59:10,422] {local_task_job.py:264} INFO - 1 downstream tasks scheduled from follow-on schedule check
