[2022-12-04 04:04:50,582] {taskinstance.py:1032} INFO - Dependencies all met for <TaskInstance: dag1.get_data scheduled__2022-10-28T01:50:00+00:00 [queued]>
[2022-12-04 04:04:50,704] {taskinstance.py:1032} INFO - Dependencies all met for <TaskInstance: dag1.get_data scheduled__2022-10-28T01:50:00+00:00 [queued]>
[2022-12-04 04:04:50,707] {taskinstance.py:1238} INFO - 
--------------------------------------------------------------------------------
[2022-12-04 04:04:50,707] {taskinstance.py:1239} INFO - Starting attempt 1 of 2
[2022-12-04 04:04:50,708] {taskinstance.py:1240} INFO - 
--------------------------------------------------------------------------------
[2022-12-04 04:04:50,866] {taskinstance.py:1259} INFO - Executing <Task(PythonOperator): get_data> on 2022-10-28 01:50:00+00:00
[2022-12-04 04:04:50,907] {standard_task_runner.py:52} INFO - Started process 3877 to run task
[2022-12-04 04:04:50,994] {standard_task_runner.py:76} INFO - Running: ['***', 'tasks', 'run', 'dag1', 'get_data', 'scheduled__2022-10-28T01:50:00+00:00', '--job-id', '1217', '--raw', '--subdir', 'DAGS_FOLDER/AirflowClean2.py', '--cfg-path', '/tmp/tmp3bh_pknw', '--error-file', '/tmp/tmpbhtscm4u']
[2022-12-04 04:04:50,999] {standard_task_runner.py:77} INFO - Job 1217: Subtask get_data
[2022-12-04 04:04:51,387] {logging_mixin.py:109} INFO - Running <TaskInstance: dag1.get_data scheduled__2022-10-28T01:50:00+00:00 [running]> on host 422c372562ce
[2022-12-04 04:04:51,696] {taskinstance.py:1426} INFO - Exporting the following env vars:
AIRFLOW_CTX_DAG_OWNER=Fadlil
AIRFLOW_CTX_DAG_ID=dag1
AIRFLOW_CTX_TASK_ID=get_data
AIRFLOW_CTX_EXECUTION_DATE=2022-10-28T01:50:00+00:00
AIRFLOW_CTX_DAG_RUN_ID=scheduled__2022-10-28T01:50:00+00:00
[2022-12-04 04:04:52,670] {python.py:175} INFO - Done. Returned value was: None
[2022-12-04 04:04:52,752] {taskinstance.py:1277} INFO - Marking task as SUCCESS. dag_id=dag1, task_id=get_data, execution_date=20221028T015000, start_date=20221204T040450, end_date=20221204T040452
[2022-12-04 04:04:52,996] {local_task_job.py:154} INFO - Task exited with return code 0
[2022-12-04 04:04:53,355] {local_task_job.py:264} INFO - 1 downstream tasks scheduled from follow-on schedule check
