[2022-12-03 17:41:53,645] {taskinstance.py:1032} INFO - Dependencies all met for <TaskInstance: dag1.get_data scheduled__2022-10-26T11:10:00+00:00 [queued]>
[2022-12-03 17:41:53,774] {taskinstance.py:1032} INFO - Dependencies all met for <TaskInstance: dag1.get_data scheduled__2022-10-26T11:10:00+00:00 [queued]>
[2022-12-03 17:41:53,780] {taskinstance.py:1238} INFO - 
--------------------------------------------------------------------------------
[2022-12-03 17:41:53,782] {taskinstance.py:1239} INFO - Starting attempt 1 of 2
[2022-12-03 17:41:53,783] {taskinstance.py:1240} INFO - 
--------------------------------------------------------------------------------
[2022-12-03 17:41:53,896] {taskinstance.py:1259} INFO - Executing <Task(PythonOperator): get_data> on 2022-10-26 11:10:00+00:00
[2022-12-03 17:41:53,909] {standard_task_runner.py:52} INFO - Started process 178 to run task
[2022-12-03 17:41:53,968] {standard_task_runner.py:76} INFO - Running: ['***', 'tasks', 'run', 'dag1', 'get_data', 'scheduled__2022-10-26T11:10:00+00:00', '--job-id', '251', '--raw', '--subdir', 'DAGS_FOLDER/AirflowClean2.py', '--cfg-path', '/tmp/tmpe7htglrr', '--error-file', '/tmp/tmpz16c6q42']
[2022-12-03 17:41:54,000] {standard_task_runner.py:77} INFO - Job 251: Subtask get_data
[2022-12-03 17:41:54,473] {logging_mixin.py:109} INFO - Running <TaskInstance: dag1.get_data scheduled__2022-10-26T11:10:00+00:00 [running]> on host 422c372562ce
[2022-12-03 17:41:54,802] {taskinstance.py:1426} INFO - Exporting the following env vars:
AIRFLOW_CTX_DAG_OWNER=Fadlil
AIRFLOW_CTX_DAG_ID=dag1
AIRFLOW_CTX_TASK_ID=get_data
AIRFLOW_CTX_EXECUTION_DATE=2022-10-26T11:10:00+00:00
AIRFLOW_CTX_DAG_RUN_ID=scheduled__2022-10-26T11:10:00+00:00
[2022-12-03 17:41:55,562] {python.py:175} INFO - Done. Returned value was: None
[2022-12-03 17:41:55,999] {taskinstance.py:1277} INFO - Marking task as SUCCESS. dag_id=dag1, task_id=get_data, execution_date=20221026T111000, start_date=20221203T174153, end_date=20221203T174155
[2022-12-03 17:41:56,130] {local_task_job.py:154} INFO - Task exited with return code 0
[2022-12-03 17:41:56,465] {local_task_job.py:264} INFO - 1 downstream tasks scheduled from follow-on schedule check
