[2022-12-04 11:03:56,585] {taskinstance.py:1032} INFO - Dependencies all met for <TaskInstance: dag1.save_to_csv scheduled__2022-11-04T00:10:00+00:00 [queued]>
[2022-12-04 11:03:57,131] {taskinstance.py:1032} INFO - Dependencies all met for <TaskInstance: dag1.save_to_csv scheduled__2022-11-04T00:10:00+00:00 [queued]>
[2022-12-04 11:03:57,153] {taskinstance.py:1238} INFO - 
--------------------------------------------------------------------------------
[2022-12-04 11:03:57,168] {taskinstance.py:1239} INFO - Starting attempt 1 of 2
[2022-12-04 11:03:57,171] {taskinstance.py:1240} INFO - 
--------------------------------------------------------------------------------
[2022-12-04 11:03:57,331] {taskinstance.py:1259} INFO - Executing <Task(PythonOperator): save_to_csv> on 2022-11-04 00:10:00+00:00
[2022-12-04 11:03:57,379] {standard_task_runner.py:76} INFO - Running: ['***', 'tasks', 'run', 'dag1', 'save_to_csv', 'scheduled__2022-11-04T00:10:00+00:00', '--job-id', '5112', '--raw', '--subdir', 'DAGS_FOLDER/AirflowClean2.py', '--cfg-path', '/tmp/tmp63o7f3wu', '--error-file', '/tmp/tmpfjvmtm13']
[2022-12-04 11:03:57,341] {standard_task_runner.py:52} INFO - Started process 12196 to run task
[2022-12-04 11:03:57,410] {standard_task_runner.py:77} INFO - Job 5112: Subtask save_to_csv
[2022-12-04 11:03:57,708] {logging_mixin.py:109} INFO - Running <TaskInstance: dag1.save_to_csv scheduled__2022-11-04T00:10:00+00:00 [running]> on host 9e44869ff3ef
[2022-12-04 11:03:58,104] {taskinstance.py:1426} INFO - Exporting the following env vars:
AIRFLOW_CTX_DAG_OWNER=Fadlil
AIRFLOW_CTX_DAG_ID=dag1
AIRFLOW_CTX_TASK_ID=save_to_csv
AIRFLOW_CTX_EXECUTION_DATE=2022-11-04T00:10:00+00:00
AIRFLOW_CTX_DAG_RUN_ID=scheduled__2022-11-04T00:10:00+00:00
[2022-12-04 11:03:58,292] {python.py:175} INFO - Done. Returned value was: None
[2022-12-04 11:03:58,445] {taskinstance.py:1277} INFO - Marking task as SUCCESS. dag_id=dag1, task_id=save_to_csv, execution_date=20221104T001000, start_date=20221204T110356, end_date=20221204T110358
[2022-12-04 11:03:58,584] {local_task_job.py:154} INFO - Task exited with return code 0
[2022-12-04 11:03:59,429] {local_task_job.py:264} INFO - 0 downstream tasks scheduled from follow-on schedule check
