[2022-12-04 11:01:03,720] {taskinstance.py:1032} INFO - Dependencies all met for <TaskInstance: dag1.save_to_csv scheduled__2022-11-03T16:50:00+00:00 [queued]>
[2022-12-04 11:01:03,838] {taskinstance.py:1032} INFO - Dependencies all met for <TaskInstance: dag1.save_to_csv scheduled__2022-11-03T16:50:00+00:00 [queued]>
[2022-12-04 11:01:03,839] {taskinstance.py:1238} INFO - 
--------------------------------------------------------------------------------
[2022-12-04 11:01:03,840] {taskinstance.py:1239} INFO - Starting attempt 1 of 2
[2022-12-04 11:01:03,841] {taskinstance.py:1240} INFO - 
--------------------------------------------------------------------------------
[2022-12-04 11:01:03,923] {taskinstance.py:1259} INFO - Executing <Task(PythonOperator): save_to_csv> on 2022-11-03 16:50:00+00:00
[2022-12-04 11:01:03,938] {standard_task_runner.py:52} INFO - Started process 11596 to run task
[2022-12-04 11:01:03,963] {standard_task_runner.py:76} INFO - Running: ['***', 'tasks', 'run', 'dag1', 'save_to_csv', 'scheduled__2022-11-03T16:50:00+00:00', '--job-id', '4939', '--raw', '--subdir', 'DAGS_FOLDER/AirflowClean2.py', '--cfg-path', '/tmp/tmp8bw4tr_r', '--error-file', '/tmp/tmpw8ymytls']
[2022-12-04 11:01:03,969] {standard_task_runner.py:77} INFO - Job 4939: Subtask save_to_csv
[2022-12-04 11:01:04,355] {logging_mixin.py:109} INFO - Running <TaskInstance: dag1.save_to_csv scheduled__2022-11-03T16:50:00+00:00 [running]> on host 9e44869ff3ef
[2022-12-04 11:01:04,815] {taskinstance.py:1426} INFO - Exporting the following env vars:
AIRFLOW_CTX_DAG_OWNER=Fadlil
AIRFLOW_CTX_DAG_ID=dag1
AIRFLOW_CTX_TASK_ID=save_to_csv
AIRFLOW_CTX_EXECUTION_DATE=2022-11-03T16:50:00+00:00
AIRFLOW_CTX_DAG_RUN_ID=scheduled__2022-11-03T16:50:00+00:00
[2022-12-04 11:01:04,946] {python.py:175} INFO - Done. Returned value was: None
[2022-12-04 11:01:05,323] {taskinstance.py:1277} INFO - Marking task as SUCCESS. dag_id=dag1, task_id=save_to_csv, execution_date=20221103T165000, start_date=20221204T110103, end_date=20221204T110105
[2022-12-04 11:01:05,452] {local_task_job.py:154} INFO - Task exited with return code 0
[2022-12-04 11:01:05,696] {local_task_job.py:264} INFO - 1 downstream tasks scheduled from follow-on schedule check
