[2022-12-04 05:18:37,917] {taskinstance.py:1032} INFO - Dependencies all met for <TaskInstance: dag1.get_data scheduled__2022-10-29T09:50:00+00:00 [queued]>
[2022-12-04 05:18:37,964] {taskinstance.py:1032} INFO - Dependencies all met for <TaskInstance: dag1.get_data scheduled__2022-10-29T09:50:00+00:00 [queued]>
[2022-12-04 05:18:37,967] {taskinstance.py:1238} INFO - 
--------------------------------------------------------------------------------
[2022-12-04 05:18:37,968] {taskinstance.py:1239} INFO - Starting attempt 1 of 2
[2022-12-04 05:18:37,968] {taskinstance.py:1240} INFO - 
--------------------------------------------------------------------------------
[2022-12-04 05:18:38,027] {taskinstance.py:1259} INFO - Executing <Task(PythonOperator): get_data> on 2022-10-29 09:50:00+00:00
[2022-12-04 05:18:38,042] {standard_task_runner.py:52} INFO - Started process 8195 to run task
[2022-12-04 05:18:38,055] {standard_task_runner.py:76} INFO - Running: ['***', 'tasks', 'run', 'dag1', 'get_data', 'scheduled__2022-10-29T09:50:00+00:00', '--job-id', '1988', '--raw', '--subdir', 'DAGS_FOLDER/AirflowClean2.py', '--cfg-path', '/tmp/tmpe11vgx4a', '--error-file', '/tmp/tmpr5lsy4ru']
[2022-12-04 05:18:38,067] {standard_task_runner.py:77} INFO - Job 1988: Subtask get_data
[2022-12-04 05:18:38,385] {logging_mixin.py:109} INFO - Running <TaskInstance: dag1.get_data scheduled__2022-10-29T09:50:00+00:00 [running]> on host 422c372562ce
[2022-12-04 05:18:38,787] {taskinstance.py:1426} INFO - Exporting the following env vars:
AIRFLOW_CTX_DAG_OWNER=Fadlil
AIRFLOW_CTX_DAG_ID=dag1
AIRFLOW_CTX_TASK_ID=get_data
AIRFLOW_CTX_EXECUTION_DATE=2022-10-29T09:50:00+00:00
AIRFLOW_CTX_DAG_RUN_ID=scheduled__2022-10-29T09:50:00+00:00
[2022-12-04 05:18:39,942] {python.py:175} INFO - Done. Returned value was: None
[2022-12-04 05:18:40,516] {taskinstance.py:1277} INFO - Marking task as SUCCESS. dag_id=dag1, task_id=get_data, execution_date=20221029T095000, start_date=20221204T051837, end_date=20221204T051840
[2022-12-04 05:18:40,643] {local_task_job.py:154} INFO - Task exited with return code 0
[2022-12-04 05:18:41,061] {local_task_job.py:264} INFO - 1 downstream tasks scheduled from follow-on schedule check
