[2022-12-04 11:05:38,839] {taskinstance.py:1032} INFO - Dependencies all met for <TaskInstance: dag1.save_to_parquet scheduled__2022-11-04T04:50:00+00:00 [queued]>
[2022-12-04 11:05:39,002] {taskinstance.py:1032} INFO - Dependencies all met for <TaskInstance: dag1.save_to_parquet scheduled__2022-11-04T04:50:00+00:00 [queued]>
[2022-12-04 11:05:39,018] {taskinstance.py:1238} INFO - 
--------------------------------------------------------------------------------
[2022-12-04 11:05:39,019] {taskinstance.py:1239} INFO - Starting attempt 1 of 2
[2022-12-04 11:05:39,020] {taskinstance.py:1240} INFO - 
--------------------------------------------------------------------------------
[2022-12-04 11:05:39,169] {taskinstance.py:1259} INFO - Executing <Task(PythonOperator): save_to_parquet> on 2022-11-04 04:50:00+00:00
[2022-12-04 11:05:39,274] {standard_task_runner.py:76} INFO - Running: ['***', 'tasks', 'run', 'dag1', 'save_to_parquet', 'scheduled__2022-11-04T04:50:00+00:00', '--job-id', '5227', '--raw', '--subdir', 'DAGS_FOLDER/AirflowClean2.py', '--cfg-path', '/tmp/tmpa2v_4q25', '--error-file', '/tmp/tmpgijv45ct']
[2022-12-04 11:05:39,280] {standard_task_runner.py:77} INFO - Job 5227: Subtask save_to_parquet
[2022-12-04 11:05:39,260] {standard_task_runner.py:52} INFO - Started process 12580 to run task
[2022-12-04 11:05:39,610] {logging_mixin.py:109} INFO - Running <TaskInstance: dag1.save_to_parquet scheduled__2022-11-04T04:50:00+00:00 [running]> on host 9e44869ff3ef
[2022-12-04 11:05:39,953] {taskinstance.py:1426} INFO - Exporting the following env vars:
AIRFLOW_CTX_DAG_OWNER=Fadlil
AIRFLOW_CTX_DAG_ID=dag1
AIRFLOW_CTX_TASK_ID=save_to_parquet
AIRFLOW_CTX_EXECUTION_DATE=2022-11-04T04:50:00+00:00
AIRFLOW_CTX_DAG_RUN_ID=scheduled__2022-11-04T04:50:00+00:00
[2022-12-04 11:05:40,639] {python.py:175} INFO - Done. Returned value was: None
[2022-12-04 11:05:40,739] {taskinstance.py:1277} INFO - Marking task as SUCCESS. dag_id=dag1, task_id=save_to_parquet, execution_date=20221104T045000, start_date=20221204T110538, end_date=20221204T110540
[2022-12-04 11:05:40,862] {local_task_job.py:154} INFO - Task exited with return code 0
[2022-12-04 11:05:41,322] {local_task_job.py:264} INFO - 0 downstream tasks scheduled from follow-on schedule check
