[2022-12-04 13:07:34,029] {taskinstance.py:1032} INFO - Dependencies all met for <TaskInstance: dag1.get_data scheduled__2022-11-06T17:40:00+00:00 [queued]>
[2022-12-04 13:07:34,042] {taskinstance.py:1032} INFO - Dependencies all met for <TaskInstance: dag1.get_data scheduled__2022-11-06T17:40:00+00:00 [queued]>
[2022-12-04 13:07:34,043] {taskinstance.py:1238} INFO - 
--------------------------------------------------------------------------------
[2022-12-04 13:07:34,043] {taskinstance.py:1239} INFO - Starting attempt 1 of 2
[2022-12-04 13:07:34,044] {taskinstance.py:1240} INFO - 
--------------------------------------------------------------------------------
[2022-12-04 13:07:34,060] {taskinstance.py:1259} INFO - Executing <Task(PythonOperator): get_data> on 2022-11-06 17:40:00+00:00
[2022-12-04 13:07:34,066] {standard_task_runner.py:52} INFO - Started process 2635 to run task
[2022-12-04 13:07:34,070] {standard_task_runner.py:76} INFO - Running: ['***', 'tasks', 'run', 'dag1', 'get_data', 'scheduled__2022-11-06T17:40:00+00:00', '--job-id', '7251', '--raw', '--subdir', 'DAGS_FOLDER/AirflowClean2.py', '--cfg-path', '/tmp/tmpymk39fhm', '--error-file', '/tmp/tmp2y9gyps4']
[2022-12-04 13:07:34,072] {standard_task_runner.py:77} INFO - Job 7251: Subtask get_data
[2022-12-04 13:07:34,144] {logging_mixin.py:109} INFO - Running <TaskInstance: dag1.get_data scheduled__2022-11-06T17:40:00+00:00 [running]> on host 7a020590adae
[2022-12-04 13:07:34,213] {taskinstance.py:1426} INFO - Exporting the following env vars:
AIRFLOW_CTX_DAG_OWNER=Fadlil
AIRFLOW_CTX_DAG_ID=dag1
AIRFLOW_CTX_TASK_ID=get_data
AIRFLOW_CTX_EXECUTION_DATE=2022-11-06T17:40:00+00:00
AIRFLOW_CTX_DAG_RUN_ID=scheduled__2022-11-06T17:40:00+00:00
[2022-12-04 13:07:34,855] {python.py:175} INFO - Done. Returned value was: None
[2022-12-04 13:07:35,102] {taskinstance.py:1277} INFO - Marking task as SUCCESS. dag_id=dag1, task_id=get_data, execution_date=20221106T174000, start_date=20221204T130734, end_date=20221204T130735
[2022-12-04 13:07:35,165] {local_task_job.py:154} INFO - Task exited with return code 0
[2022-12-04 13:07:35,216] {local_task_job.py:264} INFO - 1 downstream tasks scheduled from follow-on schedule check
