[2022-12-04 10:34:13,366] {taskinstance.py:1032} INFO - Dependencies all met for <TaskInstance: dag1.local_to_gcs_task scheduled__2022-10-31T21:40:00+00:00 [queued]>
[2022-12-04 10:34:13,419] {taskinstance.py:1032} INFO - Dependencies all met for <TaskInstance: dag1.local_to_gcs_task scheduled__2022-10-31T21:40:00+00:00 [queued]>
[2022-12-04 10:34:13,419] {taskinstance.py:1238} INFO - 
--------------------------------------------------------------------------------
[2022-12-04 10:34:13,420] {taskinstance.py:1239} INFO - Starting attempt 1 of 2
[2022-12-04 10:34:13,420] {taskinstance.py:1240} INFO - 
--------------------------------------------------------------------------------
[2022-12-04 10:34:13,475] {taskinstance.py:1259} INFO - Executing <Task(PythonOperator): local_to_gcs_task> on 2022-10-31 21:40:00+00:00
[2022-12-04 10:34:13,502] {standard_task_runner.py:76} INFO - Running: ['***', 'tasks', 'run', 'dag1', 'local_to_gcs_task', 'scheduled__2022-10-31T21:40:00+00:00', '--job-id', '3319', '--raw', '--subdir', 'DAGS_FOLDER/AirflowClean2.py', '--cfg-path', '/tmp/tmpsqhe6rs7', '--error-file', '/tmp/tmp1hizi6xu']
[2022-12-04 10:34:13,506] {standard_task_runner.py:77} INFO - Job 3319: Subtask local_to_gcs_task
[2022-12-04 10:34:13,488] {standard_task_runner.py:52} INFO - Started process 5963 to run task
[2022-12-04 10:34:13,680] {logging_mixin.py:109} INFO - Running <TaskInstance: dag1.local_to_gcs_task scheduled__2022-10-31T21:40:00+00:00 [running]> on host 9e44869ff3ef
[2022-12-04 10:34:13,857] {taskinstance.py:1426} INFO - Exporting the following env vars:
AIRFLOW_CTX_DAG_OWNER=Fadlil
AIRFLOW_CTX_DAG_ID=dag1
AIRFLOW_CTX_TASK_ID=local_to_gcs_task
AIRFLOW_CTX_EXECUTION_DATE=2022-10-31T21:40:00+00:00
AIRFLOW_CTX_DAG_RUN_ID=scheduled__2022-10-31T21:40:00+00:00
[2022-12-04 10:34:14,772] {python.py:175} INFO - Done. Returned value was: None
[2022-12-04 10:34:14,787] {taskinstance.py:1277} INFO - Marking task as SUCCESS. dag_id=dag1, task_id=local_to_gcs_task, execution_date=20221031T214000, start_date=20221204T103413, end_date=20221204T103414
[2022-12-04 10:34:14,849] {local_task_job.py:154} INFO - Task exited with return code 0
[2022-12-04 10:34:14,894] {local_task_job.py:264} INFO - 0 downstream tasks scheduled from follow-on schedule check
