[2022-12-04 11:00:25,099] {taskinstance.py:1032} INFO - Dependencies all met for <TaskInstance: dag1.get_data scheduled__2022-11-03T15:50:00+00:00 [queued]>
[2022-12-04 11:00:25,140] {taskinstance.py:1032} INFO - Dependencies all met for <TaskInstance: dag1.get_data scheduled__2022-11-03T15:50:00+00:00 [queued]>
[2022-12-04 11:00:25,143] {taskinstance.py:1238} INFO - 
--------------------------------------------------------------------------------
[2022-12-04 11:00:25,144] {taskinstance.py:1239} INFO - Starting attempt 1 of 2
[2022-12-04 11:00:25,145] {taskinstance.py:1240} INFO - 
--------------------------------------------------------------------------------
[2022-12-04 11:00:25,196] {taskinstance.py:1259} INFO - Executing <Task(PythonOperator): get_data> on 2022-11-03 15:50:00+00:00
[2022-12-04 11:00:25,206] {standard_task_runner.py:52} INFO - Started process 11453 to run task
[2022-12-04 11:00:25,230] {standard_task_runner.py:76} INFO - Running: ['***', 'tasks', 'run', 'dag1', 'get_data', 'scheduled__2022-11-03T15:50:00+00:00', '--job-id', '4897', '--raw', '--subdir', 'DAGS_FOLDER/AirflowClean2.py', '--cfg-path', '/tmp/tmp6j5hi480', '--error-file', '/tmp/tmppb8p_gy4']
[2022-12-04 11:00:25,232] {standard_task_runner.py:77} INFO - Job 4897: Subtask get_data
[2022-12-04 11:00:25,842] {logging_mixin.py:109} INFO - Running <TaskInstance: dag1.get_data scheduled__2022-11-03T15:50:00+00:00 [running]> on host 9e44869ff3ef
[2022-12-04 11:00:26,348] {taskinstance.py:1426} INFO - Exporting the following env vars:
AIRFLOW_CTX_DAG_OWNER=Fadlil
AIRFLOW_CTX_DAG_ID=dag1
AIRFLOW_CTX_TASK_ID=get_data
AIRFLOW_CTX_EXECUTION_DATE=2022-11-03T15:50:00+00:00
AIRFLOW_CTX_DAG_RUN_ID=scheduled__2022-11-03T15:50:00+00:00
[2022-12-04 11:00:27,503] {python.py:175} INFO - Done. Returned value was: None
[2022-12-04 11:00:27,992] {taskinstance.py:1277} INFO - Marking task as SUCCESS. dag_id=dag1, task_id=get_data, execution_date=20221103T155000, start_date=20221204T110025, end_date=20221204T110027
[2022-12-04 11:00:28,178] {local_task_job.py:154} INFO - Task exited with return code 0
[2022-12-04 11:00:28,534] {local_task_job.py:264} INFO - 1 downstream tasks scheduled from follow-on schedule check
