[2022-12-04 11:40:57,426] {taskinstance.py:1032} INFO - Dependencies all met for <TaskInstance: dag1.save_to_parquet scheduled__2022-11-04T16:10:00+00:00 [queued]>
[2022-12-04 11:40:57,446] {taskinstance.py:1032} INFO - Dependencies all met for <TaskInstance: dag1.save_to_parquet scheduled__2022-11-04T16:10:00+00:00 [queued]>
[2022-12-04 11:40:57,447] {taskinstance.py:1238} INFO - 
--------------------------------------------------------------------------------
[2022-12-04 11:40:57,448] {taskinstance.py:1239} INFO - Starting attempt 1 of 2
[2022-12-04 11:40:57,449] {taskinstance.py:1240} INFO - 
--------------------------------------------------------------------------------
[2022-12-04 11:40:57,488] {taskinstance.py:1259} INFO - Executing <Task(PythonOperator): save_to_parquet> on 2022-11-04 16:10:00+00:00
[2022-12-04 11:40:57,496] {standard_task_runner.py:52} INFO - Started process 13925 to run task
[2022-12-04 11:40:57,503] {standard_task_runner.py:76} INFO - Running: ['***', 'tasks', 'run', 'dag1', 'save_to_parquet', 'scheduled__2022-11-04T16:10:00+00:00', '--job-id', '5524', '--raw', '--subdir', 'DAGS_FOLDER/AirflowClean2.py', '--cfg-path', '/tmp/tmpticy9v6u', '--error-file', '/tmp/tmpdoty03lb']
[2022-12-04 11:40:57,505] {standard_task_runner.py:77} INFO - Job 5524: Subtask save_to_parquet
[2022-12-04 11:40:57,699] {logging_mixin.py:109} INFO - Running <TaskInstance: dag1.save_to_parquet scheduled__2022-11-04T16:10:00+00:00 [running]> on host 9e44869ff3ef
[2022-12-04 11:40:57,931] {taskinstance.py:1426} INFO - Exporting the following env vars:
AIRFLOW_CTX_DAG_OWNER=Fadlil
AIRFLOW_CTX_DAG_ID=dag1
AIRFLOW_CTX_TASK_ID=save_to_parquet
AIRFLOW_CTX_EXECUTION_DATE=2022-11-04T16:10:00+00:00
AIRFLOW_CTX_DAG_RUN_ID=scheduled__2022-11-04T16:10:00+00:00
[2022-12-04 11:40:58,091] {python.py:175} INFO - Done. Returned value was: None
[2022-12-04 11:40:58,298] {taskinstance.py:1277} INFO - Marking task as SUCCESS. dag_id=dag1, task_id=save_to_parquet, execution_date=20221104T161000, start_date=20221204T114057, end_date=20221204T114058
[2022-12-04 11:40:58,381] {local_task_job.py:154} INFO - Task exited with return code 0
[2022-12-04 11:40:58,631] {local_task_job.py:264} INFO - 1 downstream tasks scheduled from follow-on schedule check
