[2022-12-04 11:47:30,641] {taskinstance.py:1032} INFO - Dependencies all met for <TaskInstance: dag1.save_to_csv scheduled__2022-11-05T03:50:00+00:00 [queued]>
[2022-12-04 11:47:30,706] {taskinstance.py:1032} INFO - Dependencies all met for <TaskInstance: dag1.save_to_csv scheduled__2022-11-05T03:50:00+00:00 [queued]>
[2022-12-04 11:47:30,713] {taskinstance.py:1238} INFO - 
--------------------------------------------------------------------------------
[2022-12-04 11:47:30,716] {taskinstance.py:1239} INFO - Starting attempt 1 of 2
[2022-12-04 11:47:30,717] {taskinstance.py:1240} INFO - 
--------------------------------------------------------------------------------
[2022-12-04 11:47:30,776] {taskinstance.py:1259} INFO - Executing <Task(PythonOperator): save_to_csv> on 2022-11-05 03:50:00+00:00
[2022-12-04 11:47:30,785] {standard_task_runner.py:52} INFO - Started process 15146 to run task
[2022-12-04 11:47:30,799] {standard_task_runner.py:76} INFO - Running: ['***', 'tasks', 'run', 'dag1', 'save_to_csv', 'scheduled__2022-11-05T03:50:00+00:00', '--job-id', '5866', '--raw', '--subdir', 'DAGS_FOLDER/AirflowClean2.py', '--cfg-path', '/tmp/tmpy2nth9xs', '--error-file', '/tmp/tmpjphl_enw']
[2022-12-04 11:47:30,894] {standard_task_runner.py:77} INFO - Job 5866: Subtask save_to_csv
[2022-12-04 11:47:31,146] {logging_mixin.py:109} INFO - Running <TaskInstance: dag1.save_to_csv scheduled__2022-11-05T03:50:00+00:00 [running]> on host 9e44869ff3ef
[2022-12-04 11:47:31,585] {taskinstance.py:1426} INFO - Exporting the following env vars:
AIRFLOW_CTX_DAG_OWNER=Fadlil
AIRFLOW_CTX_DAG_ID=dag1
AIRFLOW_CTX_TASK_ID=save_to_csv
AIRFLOW_CTX_EXECUTION_DATE=2022-11-05T03:50:00+00:00
AIRFLOW_CTX_DAG_RUN_ID=scheduled__2022-11-05T03:50:00+00:00
[2022-12-04 11:47:31,739] {python.py:175} INFO - Done. Returned value was: None
[2022-12-04 11:47:31,995] {taskinstance.py:1277} INFO - Marking task as SUCCESS. dag_id=dag1, task_id=save_to_csv, execution_date=20221105T035000, start_date=20221204T114730, end_date=20221204T114731
[2022-12-04 11:47:32,214] {local_task_job.py:154} INFO - Task exited with return code 0
[2022-12-04 11:47:32,516] {local_task_job.py:264} INFO - 1 downstream tasks scheduled from follow-on schedule check
