[2022-12-04 04:51:23,353] {taskinstance.py:1032} INFO - Dependencies all met for <TaskInstance: dag1.get_data scheduled__2022-10-28T22:20:00+00:00 [queued]>
[2022-12-04 04:51:23,400] {taskinstance.py:1032} INFO - Dependencies all met for <TaskInstance: dag1.get_data scheduled__2022-10-28T22:20:00+00:00 [queued]>
[2022-12-04 04:51:23,411] {taskinstance.py:1238} INFO - 
--------------------------------------------------------------------------------
[2022-12-04 04:51:23,413] {taskinstance.py:1239} INFO - Starting attempt 1 of 2
[2022-12-04 04:51:23,414] {taskinstance.py:1240} INFO - 
--------------------------------------------------------------------------------
[2022-12-04 04:51:23,499] {taskinstance.py:1259} INFO - Executing <Task(PythonOperator): get_data> on 2022-10-28 22:20:00+00:00
[2022-12-04 04:51:23,520] {standard_task_runner.py:52} INFO - Started process 6686 to run task
[2022-12-04 04:51:23,532] {standard_task_runner.py:76} INFO - Running: ['***', 'tasks', 'run', 'dag1', 'get_data', 'scheduled__2022-10-28T22:20:00+00:00', '--job-id', '1710', '--raw', '--subdir', 'DAGS_FOLDER/AirflowClean2.py', '--cfg-path', '/tmp/tmpn9bj5_kt', '--error-file', '/tmp/tmp03h5wf7m']
[2022-12-04 04:51:23,543] {standard_task_runner.py:77} INFO - Job 1710: Subtask get_data
[2022-12-04 04:51:23,895] {logging_mixin.py:109} INFO - Running <TaskInstance: dag1.get_data scheduled__2022-10-28T22:20:00+00:00 [running]> on host 422c372562ce
[2022-12-04 04:51:24,227] {taskinstance.py:1426} INFO - Exporting the following env vars:
AIRFLOW_CTX_DAG_OWNER=Fadlil
AIRFLOW_CTX_DAG_ID=dag1
AIRFLOW_CTX_TASK_ID=get_data
AIRFLOW_CTX_EXECUTION_DATE=2022-10-28T22:20:00+00:00
AIRFLOW_CTX_DAG_RUN_ID=scheduled__2022-10-28T22:20:00+00:00
[2022-12-04 04:51:25,261] {python.py:175} INFO - Done. Returned value was: None
[2022-12-04 04:51:25,334] {taskinstance.py:1277} INFO - Marking task as SUCCESS. dag_id=dag1, task_id=get_data, execution_date=20221028T222000, start_date=20221204T045123, end_date=20221204T045125
[2022-12-04 04:51:26,436] {local_task_job.py:154} INFO - Task exited with return code 0
[2022-12-04 04:51:28,359] {local_task_job.py:264} INFO - 0 downstream tasks scheduled from follow-on schedule check
