[2022-12-04 03:57:51,210] {taskinstance.py:1032} INFO - Dependencies all met for <TaskInstance: dag1.get_data scheduled__2022-10-27T22:10:00+00:00 [queued]>
[2022-12-04 03:57:51,253] {taskinstance.py:1032} INFO - Dependencies all met for <TaskInstance: dag1.get_data scheduled__2022-10-27T22:10:00+00:00 [queued]>
[2022-12-04 03:57:51,256] {taskinstance.py:1238} INFO - 
--------------------------------------------------------------------------------
[2022-12-04 03:57:51,260] {taskinstance.py:1239} INFO - Starting attempt 1 of 2
[2022-12-04 03:57:51,261] {taskinstance.py:1240} INFO - 
--------------------------------------------------------------------------------
[2022-12-04 03:57:51,363] {taskinstance.py:1259} INFO - Executing <Task(PythonOperator): get_data> on 2022-10-27 22:10:00+00:00
[2022-12-04 03:57:51,372] {standard_task_runner.py:52} INFO - Started process 3390 to run task
[2022-12-04 03:57:51,399] {standard_task_runner.py:76} INFO - Running: ['***', 'tasks', 'run', 'dag1', 'get_data', 'scheduled__2022-10-27T22:10:00+00:00', '--job-id', '1127', '--raw', '--subdir', 'DAGS_FOLDER/AirflowClean2.py', '--cfg-path', '/tmp/tmpvuuja7sr', '--error-file', '/tmp/tmpfmulqqq8']
[2022-12-04 03:57:51,402] {standard_task_runner.py:77} INFO - Job 1127: Subtask get_data
[2022-12-04 03:57:51,873] {logging_mixin.py:109} INFO - Running <TaskInstance: dag1.get_data scheduled__2022-10-27T22:10:00+00:00 [running]> on host 422c372562ce
[2022-12-04 03:57:52,343] {taskinstance.py:1426} INFO - Exporting the following env vars:
AIRFLOW_CTX_DAG_OWNER=Fadlil
AIRFLOW_CTX_DAG_ID=dag1
AIRFLOW_CTX_TASK_ID=get_data
AIRFLOW_CTX_EXECUTION_DATE=2022-10-27T22:10:00+00:00
AIRFLOW_CTX_DAG_RUN_ID=scheduled__2022-10-27T22:10:00+00:00
[2022-12-04 03:57:53,338] {python.py:175} INFO - Done. Returned value was: None
[2022-12-04 03:57:53,493] {taskinstance.py:1277} INFO - Marking task as SUCCESS. dag_id=dag1, task_id=get_data, execution_date=20221027T221000, start_date=20221204T035751, end_date=20221204T035753
[2022-12-04 03:57:53,685] {local_task_job.py:154} INFO - Task exited with return code 0
[2022-12-04 03:57:54,909] {local_task_job.py:264} INFO - 0 downstream tasks scheduled from follow-on schedule check
