[2022-12-04 11:47:29,306] {taskinstance.py:1032} INFO - Dependencies all met for <TaskInstance: dag1.get_data scheduled__2022-11-05T04:40:00+00:00 [queued]>
[2022-12-04 11:47:29,367] {taskinstance.py:1032} INFO - Dependencies all met for <TaskInstance: dag1.get_data scheduled__2022-11-05T04:40:00+00:00 [queued]>
[2022-12-04 11:47:29,382] {taskinstance.py:1238} INFO - 
--------------------------------------------------------------------------------
[2022-12-04 11:47:29,383] {taskinstance.py:1239} INFO - Starting attempt 1 of 2
[2022-12-04 11:47:29,384] {taskinstance.py:1240} INFO - 
--------------------------------------------------------------------------------
[2022-12-04 11:47:29,725] {taskinstance.py:1259} INFO - Executing <Task(PythonOperator): get_data> on 2022-11-05 04:40:00+00:00
[2022-12-04 11:47:29,750] {standard_task_runner.py:52} INFO - Started process 15143 to run task
[2022-12-04 11:47:29,830] {standard_task_runner.py:76} INFO - Running: ['***', 'tasks', 'run', 'dag1', 'get_data', 'scheduled__2022-11-05T04:40:00+00:00', '--job-id', '5863', '--raw', '--subdir', 'DAGS_FOLDER/AirflowClean2.py', '--cfg-path', '/tmp/tmp5m6iqnle', '--error-file', '/tmp/tmp64uu1jah']
[2022-12-04 11:47:29,899] {standard_task_runner.py:77} INFO - Job 5863: Subtask get_data
[2022-12-04 11:47:30,311] {logging_mixin.py:109} INFO - Running <TaskInstance: dag1.get_data scheduled__2022-11-05T04:40:00+00:00 [running]> on host 9e44869ff3ef
[2022-12-04 11:47:30,580] {taskinstance.py:1426} INFO - Exporting the following env vars:
AIRFLOW_CTX_DAG_OWNER=Fadlil
AIRFLOW_CTX_DAG_ID=dag1
AIRFLOW_CTX_TASK_ID=get_data
AIRFLOW_CTX_EXECUTION_DATE=2022-11-05T04:40:00+00:00
AIRFLOW_CTX_DAG_RUN_ID=scheduled__2022-11-05T04:40:00+00:00
[2022-12-04 11:47:31,466] {python.py:175} INFO - Done. Returned value was: None
[2022-12-04 11:47:31,998] {taskinstance.py:1277} INFO - Marking task as SUCCESS. dag_id=dag1, task_id=get_data, execution_date=20221105T044000, start_date=20221204T114729, end_date=20221204T114731
[2022-12-04 11:47:32,273] {local_task_job.py:154} INFO - Task exited with return code 0
[2022-12-04 11:47:32,497] {local_task_job.py:264} INFO - 1 downstream tasks scheduled from follow-on schedule check
