[2022-12-04 12:19:47,944] {taskinstance.py:1032} INFO - Dependencies all met for <TaskInstance: dag1.delete_local_file scheduled__2022-11-05T21:20:00+00:00 [queued]>
[2022-12-04 12:19:47,958] {taskinstance.py:1032} INFO - Dependencies all met for <TaskInstance: dag1.delete_local_file scheduled__2022-11-05T21:20:00+00:00 [queued]>
[2022-12-04 12:19:47,958] {taskinstance.py:1238} INFO - 
--------------------------------------------------------------------------------
[2022-12-04 12:19:47,959] {taskinstance.py:1239} INFO - Starting attempt 1 of 2
[2022-12-04 12:19:47,959] {taskinstance.py:1240} INFO - 
--------------------------------------------------------------------------------
[2022-12-04 12:19:47,974] {taskinstance.py:1259} INFO - Executing <Task(PythonOperator): delete_local_file> on 2022-11-05 21:20:00+00:00
[2022-12-04 12:19:47,981] {standard_task_runner.py:52} INFO - Started process 18052 to run task
[2022-12-04 12:19:47,986] {standard_task_runner.py:76} INFO - Running: ['***', 'tasks', 'run', 'dag1', 'delete_local_file', 'scheduled__2022-11-05T21:20:00+00:00', '--job-id', '6483', '--raw', '--subdir', 'DAGS_FOLDER/AirflowClean2.py', '--cfg-path', '/tmp/tmp6_qg7mx9', '--error-file', '/tmp/tmpub5wnmjw']
[2022-12-04 12:19:47,989] {standard_task_runner.py:77} INFO - Job 6483: Subtask delete_local_file
[2022-12-04 12:19:48,059] {logging_mixin.py:109} INFO - Running <TaskInstance: dag1.delete_local_file scheduled__2022-11-05T21:20:00+00:00 [running]> on host 9e44869ff3ef
[2022-12-04 12:19:48,134] {taskinstance.py:1426} INFO - Exporting the following env vars:
AIRFLOW_CTX_DAG_OWNER=Fadlil
AIRFLOW_CTX_DAG_ID=dag1
AIRFLOW_CTX_TASK_ID=delete_local_file
AIRFLOW_CTX_EXECUTION_DATE=2022-11-05T21:20:00+00:00
AIRFLOW_CTX_DAG_RUN_ID=scheduled__2022-11-05T21:20:00+00:00
[2022-12-04 12:19:48,139] {python.py:175} INFO - Done. Returned value was: None
[2022-12-04 12:19:48,156] {taskinstance.py:1277} INFO - Marking task as SUCCESS. dag_id=dag1, task_id=delete_local_file, execution_date=20221105T212000, start_date=20221204T121947, end_date=20221204T121948
[2022-12-04 12:19:48,198] {local_task_job.py:154} INFO - Task exited with return code 0
[2022-12-04 12:19:48,260] {local_task_job.py:264} INFO - 0 downstream tasks scheduled from follow-on schedule check
