[2022-12-04 10:44:11,872] {taskinstance.py:1032} INFO - Dependencies all met for <TaskInstance: dag1.save_to_parquet scheduled__2022-11-01T21:00:00+00:00 [queued]>
[2022-12-04 10:44:11,893] {taskinstance.py:1032} INFO - Dependencies all met for <TaskInstance: dag1.save_to_parquet scheduled__2022-11-01T21:00:00+00:00 [queued]>
[2022-12-04 10:44:11,893] {taskinstance.py:1238} INFO - 
--------------------------------------------------------------------------------
[2022-12-04 10:44:11,894] {taskinstance.py:1239} INFO - Starting attempt 1 of 2
[2022-12-04 10:44:11,895] {taskinstance.py:1240} INFO - 
--------------------------------------------------------------------------------
[2022-12-04 10:44:11,972] {taskinstance.py:1259} INFO - Executing <Task(PythonOperator): save_to_parquet> on 2022-11-01 21:00:00+00:00
[2022-12-04 10:44:11,995] {standard_task_runner.py:52} INFO - Started process 7933 to run task
[2022-12-04 10:44:12,009] {standard_task_runner.py:76} INFO - Running: ['***', 'tasks', 'run', 'dag1', 'save_to_parquet', 'scheduled__2022-11-01T21:00:00+00:00', '--job-id', '3882', '--raw', '--subdir', 'DAGS_FOLDER/AirflowClean2.py', '--cfg-path', '/tmp/tmpthrggk51', '--error-file', '/tmp/tmp_rmi7o5_']
[2022-12-04 10:44:12,041] {standard_task_runner.py:77} INFO - Job 3882: Subtask save_to_parquet
[2022-12-04 10:44:12,454] {logging_mixin.py:109} INFO - Running <TaskInstance: dag1.save_to_parquet scheduled__2022-11-01T21:00:00+00:00 [running]> on host 9e44869ff3ef
[2022-12-04 10:44:12,814] {taskinstance.py:1426} INFO - Exporting the following env vars:
AIRFLOW_CTX_DAG_OWNER=Fadlil
AIRFLOW_CTX_DAG_ID=dag1
AIRFLOW_CTX_TASK_ID=save_to_parquet
AIRFLOW_CTX_EXECUTION_DATE=2022-11-01T21:00:00+00:00
AIRFLOW_CTX_DAG_RUN_ID=scheduled__2022-11-01T21:00:00+00:00
[2022-12-04 10:44:12,985] {python.py:175} INFO - Done. Returned value was: None
[2022-12-04 10:44:13,622] {taskinstance.py:1277} INFO - Marking task as SUCCESS. dag_id=dag1, task_id=save_to_parquet, execution_date=20221101T210000, start_date=20221204T104411, end_date=20221204T104413
[2022-12-04 10:44:14,110] {local_task_job.py:154} INFO - Task exited with return code 0
[2022-12-04 10:44:14,332] {local_task_job.py:264} INFO - 1 downstream tasks scheduled from follow-on schedule check
