[2022-12-03 18:04:41,411] {taskinstance.py:1032} INFO - Dependencies all met for <TaskInstance: dag1.get_data scheduled__2022-10-26T21:30:00+00:00 [queued]>
[2022-12-03 18:04:41,535] {taskinstance.py:1032} INFO - Dependencies all met for <TaskInstance: dag1.get_data scheduled__2022-10-26T21:30:00+00:00 [queued]>
[2022-12-03 18:04:41,536] {taskinstance.py:1238} INFO - 
--------------------------------------------------------------------------------
[2022-12-03 18:04:41,537] {taskinstance.py:1239} INFO - Starting attempt 1 of 2
[2022-12-03 18:04:41,537] {taskinstance.py:1240} INFO - 
--------------------------------------------------------------------------------
[2022-12-03 18:04:41,589] {taskinstance.py:1259} INFO - Executing <Task(PythonOperator): get_data> on 2022-10-26 21:30:00+00:00
[2022-12-03 18:04:41,598] {standard_task_runner.py:52} INFO - Started process 1776 to run task
[2022-12-03 18:04:41,619] {standard_task_runner.py:76} INFO - Running: ['***', 'tasks', 'run', 'dag1', 'get_data', 'scheduled__2022-10-26T21:30:00+00:00', '--job-id', '510', '--raw', '--subdir', 'DAGS_FOLDER/AirflowClean2.py', '--cfg-path', '/tmp/tmpnuxe44vg', '--error-file', '/tmp/tmpp6betjg6']
[2022-12-03 18:04:41,628] {standard_task_runner.py:77} INFO - Job 510: Subtask get_data
[2022-12-03 18:04:41,882] {logging_mixin.py:109} INFO - Running <TaskInstance: dag1.get_data scheduled__2022-10-26T21:30:00+00:00 [running]> on host 422c372562ce
[2022-12-03 18:04:42,077] {taskinstance.py:1426} INFO - Exporting the following env vars:
AIRFLOW_CTX_DAG_OWNER=Fadlil
AIRFLOW_CTX_DAG_ID=dag1
AIRFLOW_CTX_TASK_ID=get_data
AIRFLOW_CTX_EXECUTION_DATE=2022-10-26T21:30:00+00:00
AIRFLOW_CTX_DAG_RUN_ID=scheduled__2022-10-26T21:30:00+00:00
[2022-12-03 18:04:42,959] {python.py:175} INFO - Done. Returned value was: None
[2022-12-03 18:04:43,841] {taskinstance.py:1277} INFO - Marking task as SUCCESS. dag_id=dag1, task_id=get_data, execution_date=20221026T213000, start_date=20221203T180441, end_date=20221203T180443
[2022-12-03 18:04:43,969] {local_task_job.py:154} INFO - Task exited with return code 0
[2022-12-03 18:04:44,149] {local_task_job.py:264} INFO - 1 downstream tasks scheduled from follow-on schedule check
