[2022-12-04 10:37:43,186] {taskinstance.py:1032} INFO - Dependencies all met for <TaskInstance: dag1.local_to_gcs_task scheduled__2022-11-01T05:50:00+00:00 [queued]>
[2022-12-04 10:37:43,280] {taskinstance.py:1032} INFO - Dependencies all met for <TaskInstance: dag1.local_to_gcs_task scheduled__2022-11-01T05:50:00+00:00 [queued]>
[2022-12-04 10:37:43,283] {taskinstance.py:1238} INFO - 
--------------------------------------------------------------------------------
[2022-12-04 10:37:43,285] {taskinstance.py:1239} INFO - Starting attempt 1 of 2
[2022-12-04 10:37:43,302] {taskinstance.py:1240} INFO - 
--------------------------------------------------------------------------------
[2022-12-04 10:37:43,467] {taskinstance.py:1259} INFO - Executing <Task(PythonOperator): local_to_gcs_task> on 2022-11-01 05:50:00+00:00
[2022-12-04 10:37:43,475] {standard_task_runner.py:52} INFO - Started process 6660 to run task
[2022-12-04 10:37:43,557] {standard_task_runner.py:76} INFO - Running: ['***', 'tasks', 'run', 'dag1', 'local_to_gcs_task', 'scheduled__2022-11-01T05:50:00+00:00', '--job-id', '3518', '--raw', '--subdir', 'DAGS_FOLDER/AirflowClean2.py', '--cfg-path', '/tmp/tmpfux52d50', '--error-file', '/tmp/tmper_45et2']
[2022-12-04 10:37:43,572] {standard_task_runner.py:77} INFO - Job 3518: Subtask local_to_gcs_task
[2022-12-04 10:37:43,838] {logging_mixin.py:109} INFO - Running <TaskInstance: dag1.local_to_gcs_task scheduled__2022-11-01T05:50:00+00:00 [running]> on host 9e44869ff3ef
[2022-12-04 10:37:44,258] {taskinstance.py:1426} INFO - Exporting the following env vars:
AIRFLOW_CTX_DAG_OWNER=Fadlil
AIRFLOW_CTX_DAG_ID=dag1
AIRFLOW_CTX_TASK_ID=local_to_gcs_task
AIRFLOW_CTX_EXECUTION_DATE=2022-11-01T05:50:00+00:00
AIRFLOW_CTX_DAG_RUN_ID=scheduled__2022-11-01T05:50:00+00:00
[2022-12-04 10:37:45,053] {python.py:175} INFO - Done. Returned value was: None
[2022-12-04 10:37:45,824] {taskinstance.py:1277} INFO - Marking task as SUCCESS. dag_id=dag1, task_id=local_to_gcs_task, execution_date=20221101T055000, start_date=20221204T103743, end_date=20221204T103745
[2022-12-04 10:37:46,061] {local_task_job.py:154} INFO - Task exited with return code 0
[2022-12-04 10:37:46,342] {local_task_job.py:264} INFO - 0 downstream tasks scheduled from follow-on schedule check
