[2022-12-04 15:09:47,421] {taskinstance.py:1032} INFO - Dependencies all met for <TaskInstance: dag1.save_to_csv scheduled__2022-11-09T07:00:00+00:00 [queued]>
[2022-12-04 15:09:47,478] {taskinstance.py:1032} INFO - Dependencies all met for <TaskInstance: dag1.save_to_csv scheduled__2022-11-09T07:00:00+00:00 [queued]>
[2022-12-04 15:09:47,478] {taskinstance.py:1238} INFO - 
--------------------------------------------------------------------------------
[2022-12-04 15:09:47,479] {taskinstance.py:1239} INFO - Starting attempt 1 of 2
[2022-12-04 15:09:47,480] {taskinstance.py:1240} INFO - 
--------------------------------------------------------------------------------
[2022-12-04 15:09:47,522] {taskinstance.py:1259} INFO - Executing <Task(PythonOperator): save_to_csv> on 2022-11-09 07:00:00+00:00
[2022-12-04 15:09:47,532] {standard_task_runner.py:52} INFO - Started process 13819 to run task
[2022-12-04 15:09:47,547] {standard_task_runner.py:76} INFO - Running: ['***', 'tasks', 'run', 'dag1', 'save_to_csv', 'scheduled__2022-11-09T07:00:00+00:00', '--job-id', '9600', '--raw', '--subdir', 'DAGS_FOLDER/AirflowClean2.py', '--cfg-path', '/tmp/tmpu3ack6ny', '--error-file', '/tmp/tmpk_ho1_53']
[2022-12-04 15:09:47,550] {standard_task_runner.py:77} INFO - Job 9600: Subtask save_to_csv
[2022-12-04 15:09:47,803] {logging_mixin.py:109} INFO - Running <TaskInstance: dag1.save_to_csv scheduled__2022-11-09T07:00:00+00:00 [running]> on host 7a020590adae
[2022-12-04 15:09:48,032] {taskinstance.py:1426} INFO - Exporting the following env vars:
AIRFLOW_CTX_DAG_OWNER=Fadlil
AIRFLOW_CTX_DAG_ID=dag1
AIRFLOW_CTX_TASK_ID=save_to_csv
AIRFLOW_CTX_EXECUTION_DATE=2022-11-09T07:00:00+00:00
AIRFLOW_CTX_DAG_RUN_ID=scheduled__2022-11-09T07:00:00+00:00
[2022-12-04 15:09:48,158] {python.py:175} INFO - Done. Returned value was: None
[2022-12-04 15:09:48,180] {taskinstance.py:1277} INFO - Marking task as SUCCESS. dag_id=dag1, task_id=save_to_csv, execution_date=20221109T070000, start_date=20221204T150947, end_date=20221204T150948
[2022-12-04 15:09:48,249] {local_task_job.py:154} INFO - Task exited with return code 0
[2022-12-04 15:09:48,336] {local_task_job.py:264} INFO - 1 downstream tasks scheduled from follow-on schedule check
