[2022-12-04 12:01:59,865] {taskinstance.py:1032} INFO - Dependencies all met for <TaskInstance: dag1.get_data scheduled__2022-11-05T13:10:00+00:00 [queued]>
[2022-12-04 12:01:59,886] {taskinstance.py:1032} INFO - Dependencies all met for <TaskInstance: dag1.get_data scheduled__2022-11-05T13:10:00+00:00 [queued]>
[2022-12-04 12:01:59,887] {taskinstance.py:1238} INFO - 
--------------------------------------------------------------------------------
[2022-12-04 12:01:59,887] {taskinstance.py:1239} INFO - Starting attempt 1 of 2
[2022-12-04 12:01:59,888] {taskinstance.py:1240} INFO - 
--------------------------------------------------------------------------------
[2022-12-04 12:01:59,917] {taskinstance.py:1259} INFO - Executing <Task(PythonOperator): get_data> on 2022-11-05 13:10:00+00:00
[2022-12-04 12:01:59,928] {standard_task_runner.py:52} INFO - Started process 16564 to run task
[2022-12-04 12:01:59,933] {standard_task_runner.py:76} INFO - Running: ['***', 'tasks', 'run', 'dag1', 'get_data', 'scheduled__2022-11-05T13:10:00+00:00', '--job-id', '6171', '--raw', '--subdir', 'DAGS_FOLDER/AirflowClean2.py', '--cfg-path', '/tmp/tmpsg6b3bl6', '--error-file', '/tmp/tmpxyg5e0ez']
[2022-12-04 12:01:59,936] {standard_task_runner.py:77} INFO - Job 6171: Subtask get_data
[2022-12-04 12:02:00,072] {logging_mixin.py:109} INFO - Running <TaskInstance: dag1.get_data scheduled__2022-11-05T13:10:00+00:00 [running]> on host 9e44869ff3ef
[2022-12-04 12:02:00,186] {taskinstance.py:1426} INFO - Exporting the following env vars:
AIRFLOW_CTX_DAG_OWNER=Fadlil
AIRFLOW_CTX_DAG_ID=dag1
AIRFLOW_CTX_TASK_ID=get_data
AIRFLOW_CTX_EXECUTION_DATE=2022-11-05T13:10:00+00:00
AIRFLOW_CTX_DAG_RUN_ID=scheduled__2022-11-05T13:10:00+00:00
[2022-12-04 12:02:00,951] {python.py:175} INFO - Done. Returned value was: None
[2022-12-04 12:02:00,977] {taskinstance.py:1277} INFO - Marking task as SUCCESS. dag_id=dag1, task_id=get_data, execution_date=20221105T131000, start_date=20221204T120159, end_date=20221204T120200
[2022-12-04 12:02:01,079] {local_task_job.py:154} INFO - Task exited with return code 0
[2022-12-04 12:02:01,893] {local_task_job.py:264} INFO - 0 downstream tasks scheduled from follow-on schedule check
