[2022-12-04 17:08:00,762] {taskinstance.py:1032} INFO - Dependencies all met for <TaskInstance: dag1.save_to_parquet scheduled__2022-11-09T21:50:00+00:00 [queued]>
[2022-12-04 17:08:00,780] {taskinstance.py:1032} INFO - Dependencies all met for <TaskInstance: dag1.save_to_parquet scheduled__2022-11-09T21:50:00+00:00 [queued]>
[2022-12-04 17:08:00,780] {taskinstance.py:1238} INFO - 
--------------------------------------------------------------------------------
[2022-12-04 17:08:00,781] {taskinstance.py:1239} INFO - Starting attempt 1 of 2
[2022-12-04 17:08:00,781] {taskinstance.py:1240} INFO - 
--------------------------------------------------------------------------------
[2022-12-04 17:08:00,799] {taskinstance.py:1259} INFO - Executing <Task(PythonOperator): save_to_parquet> on 2022-11-09 21:50:00+00:00
[2022-12-04 17:08:00,806] {standard_task_runner.py:52} INFO - Started process 16611 to run task
[2022-12-04 17:08:00,811] {standard_task_runner.py:76} INFO - Running: ['***', 'tasks', 'run', 'dag1', 'save_to_parquet', 'scheduled__2022-11-09T21:50:00+00:00', '--job-id', '10171', '--raw', '--subdir', 'DAGS_FOLDER/AirflowClean2.py', '--cfg-path', '/tmp/tmp9avz4k04', '--error-file', '/tmp/tmprx1l4i1e']
[2022-12-04 17:08:00,813] {standard_task_runner.py:77} INFO - Job 10171: Subtask save_to_parquet
[2022-12-04 17:08:00,899] {logging_mixin.py:109} INFO - Running <TaskInstance: dag1.save_to_parquet scheduled__2022-11-09T21:50:00+00:00 [running]> on host 7a020590adae
[2022-12-04 17:08:00,975] {taskinstance.py:1426} INFO - Exporting the following env vars:
AIRFLOW_CTX_DAG_OWNER=Fadlil
AIRFLOW_CTX_DAG_ID=dag1
AIRFLOW_CTX_TASK_ID=save_to_parquet
AIRFLOW_CTX_EXECUTION_DATE=2022-11-09T21:50:00+00:00
AIRFLOW_CTX_DAG_RUN_ID=scheduled__2022-11-09T21:50:00+00:00
[2022-12-04 17:08:01,015] {python.py:175} INFO - Done. Returned value was: None
[2022-12-04 17:08:01,030] {taskinstance.py:1277} INFO - Marking task as SUCCESS. dag_id=dag1, task_id=save_to_parquet, execution_date=20221109T215000, start_date=20221204T170800, end_date=20221204T170801
[2022-12-04 17:08:01,064] {local_task_job.py:154} INFO - Task exited with return code 0
[2022-12-04 17:08:01,119] {local_task_job.py:264} INFO - 1 downstream tasks scheduled from follow-on schedule check
