[2022-12-04 11:42:58,484] {taskinstance.py:1032} INFO - Dependencies all met for <TaskInstance: dag1.local_to_gcs_task scheduled__2022-11-04T19:00:00+00:00 [queued]>
[2022-12-04 11:42:58,563] {taskinstance.py:1032} INFO - Dependencies all met for <TaskInstance: dag1.local_to_gcs_task scheduled__2022-11-04T19:00:00+00:00 [queued]>
[2022-12-04 11:42:58,580] {taskinstance.py:1238} INFO - 
--------------------------------------------------------------------------------
[2022-12-04 11:42:58,581] {taskinstance.py:1239} INFO - Starting attempt 1 of 2
[2022-12-04 11:42:58,581] {taskinstance.py:1240} INFO - 
--------------------------------------------------------------------------------
[2022-12-04 11:42:58,712] {taskinstance.py:1259} INFO - Executing <Task(PythonOperator): local_to_gcs_task> on 2022-11-04 19:00:00+00:00
[2022-12-04 11:42:58,771] {standard_task_runner.py:52} INFO - Started process 14271 to run task
[2022-12-04 11:42:58,829] {standard_task_runner.py:76} INFO - Running: ['***', 'tasks', 'run', 'dag1', 'local_to_gcs_task', 'scheduled__2022-11-04T19:00:00+00:00', '--job-id', '5618', '--raw', '--subdir', 'DAGS_FOLDER/AirflowClean2.py', '--cfg-path', '/tmp/tmp1uwetfbu', '--error-file', '/tmp/tmphvtplw2k']
[2022-12-04 11:42:58,839] {standard_task_runner.py:77} INFO - Job 5618: Subtask local_to_gcs_task
[2022-12-04 11:42:59,267] {logging_mixin.py:109} INFO - Running <TaskInstance: dag1.local_to_gcs_task scheduled__2022-11-04T19:00:00+00:00 [running]> on host 9e44869ff3ef
[2022-12-04 11:42:59,870] {taskinstance.py:1426} INFO - Exporting the following env vars:
AIRFLOW_CTX_DAG_OWNER=Fadlil
AIRFLOW_CTX_DAG_ID=dag1
AIRFLOW_CTX_TASK_ID=local_to_gcs_task
AIRFLOW_CTX_EXECUTION_DATE=2022-11-04T19:00:00+00:00
AIRFLOW_CTX_DAG_RUN_ID=scheduled__2022-11-04T19:00:00+00:00
[2022-12-04 11:43:00,870] {python.py:175} INFO - Done. Returned value was: None
[2022-12-04 11:43:01,581] {taskinstance.py:1277} INFO - Marking task as SUCCESS. dag_id=dag1, task_id=local_to_gcs_task, execution_date=20221104T190000, start_date=20221204T114258, end_date=20221204T114301
[2022-12-04 11:43:01,830] {local_task_job.py:154} INFO - Task exited with return code 0
[2022-12-04 11:43:02,912] {local_task_job.py:264} INFO - 0 downstream tasks scheduled from follow-on schedule check
