[2022-12-04 10:50:06,391] {taskinstance.py:1032} INFO - Dependencies all met for <TaskInstance: dag1.save_to_csv scheduled__2022-11-02T11:40:00+00:00 [queued]>
[2022-12-04 10:50:06,488] {taskinstance.py:1032} INFO - Dependencies all met for <TaskInstance: dag1.save_to_csv scheduled__2022-11-02T11:40:00+00:00 [queued]>
[2022-12-04 10:50:06,489] {taskinstance.py:1238} INFO - 
--------------------------------------------------------------------------------
[2022-12-04 10:50:06,490] {taskinstance.py:1239} INFO - Starting attempt 1 of 2
[2022-12-04 10:50:06,491] {taskinstance.py:1240} INFO - 
--------------------------------------------------------------------------------
[2022-12-04 10:50:06,566] {taskinstance.py:1259} INFO - Executing <Task(PythonOperator): save_to_csv> on 2022-11-02 11:40:00+00:00
[2022-12-04 10:50:06,615] {standard_task_runner.py:52} INFO - Started process 9164 to run task
[2022-12-04 10:50:06,629] {standard_task_runner.py:76} INFO - Running: ['***', 'tasks', 'run', 'dag1', 'save_to_csv', 'scheduled__2022-11-02T11:40:00+00:00', '--job-id', '4230', '--raw', '--subdir', 'DAGS_FOLDER/AirflowClean2.py', '--cfg-path', '/tmp/tmp_affvhks', '--error-file', '/tmp/tmpuxlhfadp']
[2022-12-04 10:50:06,634] {standard_task_runner.py:77} INFO - Job 4230: Subtask save_to_csv
[2022-12-04 10:50:07,157] {logging_mixin.py:109} INFO - Running <TaskInstance: dag1.save_to_csv scheduled__2022-11-02T11:40:00+00:00 [running]> on host 9e44869ff3ef
[2022-12-04 10:50:07,622] {taskinstance.py:1426} INFO - Exporting the following env vars:
AIRFLOW_CTX_DAG_OWNER=Fadlil
AIRFLOW_CTX_DAG_ID=dag1
AIRFLOW_CTX_TASK_ID=save_to_csv
AIRFLOW_CTX_EXECUTION_DATE=2022-11-02T11:40:00+00:00
AIRFLOW_CTX_DAG_RUN_ID=scheduled__2022-11-02T11:40:00+00:00
[2022-12-04 10:50:07,712] {python.py:175} INFO - Done. Returned value was: None
[2022-12-04 10:50:07,764] {taskinstance.py:1277} INFO - Marking task as SUCCESS. dag_id=dag1, task_id=save_to_csv, execution_date=20221102T114000, start_date=20221204T105006, end_date=20221204T105007
[2022-12-04 10:50:07,873] {local_task_job.py:154} INFO - Task exited with return code 0
[2022-12-04 10:50:08,462] {local_task_job.py:264} INFO - 1 downstream tasks scheduled from follow-on schedule check
