[2022-12-04 13:35:28,272] {taskinstance.py:1032} INFO - Dependencies all met for <TaskInstance: dag1.local_to_gcs_task scheduled__2022-11-07T07:40:00+00:00 [queued]>
[2022-12-04 13:35:28,307] {taskinstance.py:1032} INFO - Dependencies all met for <TaskInstance: dag1.local_to_gcs_task scheduled__2022-11-07T07:40:00+00:00 [queued]>
[2022-12-04 13:35:28,308] {taskinstance.py:1238} INFO - 
--------------------------------------------------------------------------------
[2022-12-04 13:35:28,310] {taskinstance.py:1239} INFO - Starting attempt 1 of 2
[2022-12-04 13:35:28,312] {taskinstance.py:1240} INFO - 
--------------------------------------------------------------------------------
[2022-12-04 13:35:28,341] {taskinstance.py:1259} INFO - Executing <Task(PythonOperator): local_to_gcs_task> on 2022-11-07 07:40:00+00:00
[2022-12-04 13:35:28,355] {standard_task_runner.py:52} INFO - Started process 5130 to run task
[2022-12-04 13:35:28,366] {standard_task_runner.py:76} INFO - Running: ['***', 'tasks', 'run', 'dag1', 'local_to_gcs_task', 'scheduled__2022-11-07T07:40:00+00:00', '--job-id', '7788', '--raw', '--subdir', 'DAGS_FOLDER/AirflowClean2.py', '--cfg-path', '/tmp/tmpyhm_ena8', '--error-file', '/tmp/tmpbzwgx4n0']
[2022-12-04 13:35:28,370] {standard_task_runner.py:77} INFO - Job 7788: Subtask local_to_gcs_task
[2022-12-04 13:35:28,497] {logging_mixin.py:109} INFO - Running <TaskInstance: dag1.local_to_gcs_task scheduled__2022-11-07T07:40:00+00:00 [running]> on host 7a020590adae
[2022-12-04 13:35:28,626] {taskinstance.py:1426} INFO - Exporting the following env vars:
AIRFLOW_CTX_DAG_OWNER=Fadlil
AIRFLOW_CTX_DAG_ID=dag1
AIRFLOW_CTX_TASK_ID=local_to_gcs_task
AIRFLOW_CTX_EXECUTION_DATE=2022-11-07T07:40:00+00:00
AIRFLOW_CTX_DAG_RUN_ID=scheduled__2022-11-07T07:40:00+00:00
[2022-12-04 13:35:29,317] {python.py:175} INFO - Done. Returned value was: None
[2022-12-04 13:35:29,440] {taskinstance.py:1277} INFO - Marking task as SUCCESS. dag_id=dag1, task_id=local_to_gcs_task, execution_date=20221107T074000, start_date=20221204T133528, end_date=20221204T133529
[2022-12-04 13:35:29,513] {local_task_job.py:154} INFO - Task exited with return code 0
[2022-12-04 13:35:29,649] {local_task_job.py:264} INFO - 1 downstream tasks scheduled from follow-on schedule check
