[2022-12-04 11:45:28,751] {taskinstance.py:1032} INFO - Dependencies all met for <TaskInstance: dag1.get_data scheduled__2022-11-05T00:30:00+00:00 [queued]>
[2022-12-04 11:45:28,844] {taskinstance.py:1032} INFO - Dependencies all met for <TaskInstance: dag1.get_data scheduled__2022-11-05T00:30:00+00:00 [queued]>
[2022-12-04 11:45:28,846] {taskinstance.py:1238} INFO - 
--------------------------------------------------------------------------------
[2022-12-04 11:45:28,875] {taskinstance.py:1239} INFO - Starting attempt 1 of 2
[2022-12-04 11:45:28,876] {taskinstance.py:1240} INFO - 
--------------------------------------------------------------------------------
[2022-12-04 11:45:29,005] {taskinstance.py:1259} INFO - Executing <Task(PythonOperator): get_data> on 2022-11-05 00:30:00+00:00
[2022-12-04 11:45:29,012] {standard_task_runner.py:52} INFO - Started process 14745 to run task
[2022-12-04 11:45:29,092] {standard_task_runner.py:76} INFO - Running: ['***', 'tasks', 'run', 'dag1', 'get_data', 'scheduled__2022-11-05T00:30:00+00:00', '--job-id', '5751', '--raw', '--subdir', 'DAGS_FOLDER/AirflowClean2.py', '--cfg-path', '/tmp/tmpeiy____a', '--error-file', '/tmp/tmp1ccrvp2k']
[2022-12-04 11:45:29,102] {standard_task_runner.py:77} INFO - Job 5751: Subtask get_data
[2022-12-04 11:45:29,573] {logging_mixin.py:109} INFO - Running <TaskInstance: dag1.get_data scheduled__2022-11-05T00:30:00+00:00 [running]> on host 9e44869ff3ef
[2022-12-04 11:45:30,079] {taskinstance.py:1426} INFO - Exporting the following env vars:
AIRFLOW_CTX_DAG_OWNER=Fadlil
AIRFLOW_CTX_DAG_ID=dag1
AIRFLOW_CTX_TASK_ID=get_data
AIRFLOW_CTX_EXECUTION_DATE=2022-11-05T00:30:00+00:00
AIRFLOW_CTX_DAG_RUN_ID=scheduled__2022-11-05T00:30:00+00:00
[2022-12-04 11:45:30,913] {python.py:175} INFO - Done. Returned value was: None
[2022-12-04 11:45:30,943] {taskinstance.py:1277} INFO - Marking task as SUCCESS. dag_id=dag1, task_id=get_data, execution_date=20221105T003000, start_date=20221204T114528, end_date=20221204T114530
[2022-12-04 11:45:31,193] {local_task_job.py:154} INFO - Task exited with return code 0
[2022-12-04 11:45:31,617] {local_task_job.py:264} INFO - 1 downstream tasks scheduled from follow-on schedule check
