[2022-12-04 09:51:23,926] {taskinstance.py:1032} INFO - Dependencies all met for <TaskInstance: dag1.save_to_csv scheduled__2022-10-30T07:20:00+00:00 [queued]>
[2022-12-04 09:51:23,964] {taskinstance.py:1032} INFO - Dependencies all met for <TaskInstance: dag1.save_to_csv scheduled__2022-10-30T07:20:00+00:00 [queued]>
[2022-12-04 09:51:23,976] {taskinstance.py:1238} INFO - 
--------------------------------------------------------------------------------
[2022-12-04 09:51:23,978] {taskinstance.py:1239} INFO - Starting attempt 1 of 2
[2022-12-04 09:51:23,979] {taskinstance.py:1240} INFO - 
--------------------------------------------------------------------------------
[2022-12-04 09:51:24,028] {taskinstance.py:1259} INFO - Executing <Task(PythonOperator): save_to_csv> on 2022-10-30 07:20:00+00:00
[2022-12-04 09:51:24,046] {standard_task_runner.py:52} INFO - Started process 1976 to run task
[2022-12-04 09:51:24,058] {standard_task_runner.py:76} INFO - Running: ['***', 'tasks', 'run', 'dag1', 'save_to_csv', 'scheduled__2022-10-30T07:20:00+00:00', '--job-id', '2471', '--raw', '--subdir', 'DAGS_FOLDER/AirflowClean2.py', '--cfg-path', '/tmp/tmps0rb1i4x', '--error-file', '/tmp/tmpvf6c0al1']
[2022-12-04 09:51:24,074] {standard_task_runner.py:77} INFO - Job 2471: Subtask save_to_csv
[2022-12-04 09:51:24,450] {logging_mixin.py:109} INFO - Running <TaskInstance: dag1.save_to_csv scheduled__2022-10-30T07:20:00+00:00 [running]> on host 9e44869ff3ef
[2022-12-04 09:51:24,900] {taskinstance.py:1426} INFO - Exporting the following env vars:
AIRFLOW_CTX_DAG_OWNER=Fadlil
AIRFLOW_CTX_DAG_ID=dag1
AIRFLOW_CTX_TASK_ID=save_to_csv
AIRFLOW_CTX_EXECUTION_DATE=2022-10-30T07:20:00+00:00
AIRFLOW_CTX_DAG_RUN_ID=scheduled__2022-10-30T07:20:00+00:00
[2022-12-04 09:51:24,973] {python.py:175} INFO - Done. Returned value was: None
[2022-12-04 09:51:25,095] {taskinstance.py:1277} INFO - Marking task as SUCCESS. dag_id=dag1, task_id=save_to_csv, execution_date=20221030T072000, start_date=20221204T095123, end_date=20221204T095125
[2022-12-04 09:51:25,286] {local_task_job.py:154} INFO - Task exited with return code 0
[2022-12-04 09:51:25,504] {local_task_job.py:264} INFO - 1 downstream tasks scheduled from follow-on schedule check
