[2022-12-04 05:20:43,677] {taskinstance.py:1032} INFO - Dependencies all met for <TaskInstance: dag1.get_data scheduled__2022-10-29T11:20:00+00:00 [queued]>
[2022-12-04 05:20:43,716] {taskinstance.py:1032} INFO - Dependencies all met for <TaskInstance: dag1.get_data scheduled__2022-10-29T11:20:00+00:00 [queued]>
[2022-12-04 05:20:43,716] {taskinstance.py:1238} INFO - 
--------------------------------------------------------------------------------
[2022-12-04 05:20:43,734] {taskinstance.py:1239} INFO - Starting attempt 1 of 2
[2022-12-04 05:20:43,739] {taskinstance.py:1240} INFO - 
--------------------------------------------------------------------------------
[2022-12-04 05:20:43,798] {taskinstance.py:1259} INFO - Executing <Task(PythonOperator): get_data> on 2022-10-29 11:20:00+00:00
[2022-12-04 05:20:43,810] {standard_task_runner.py:52} INFO - Started process 8334 to run task
[2022-12-04 05:20:43,827] {standard_task_runner.py:76} INFO - Running: ['***', 'tasks', 'run', 'dag1', 'get_data', 'scheduled__2022-10-29T11:20:00+00:00', '--job-id', '2019', '--raw', '--subdir', 'DAGS_FOLDER/AirflowClean2.py', '--cfg-path', '/tmp/tmpldooaiwr', '--error-file', '/tmp/tmpni5vl91b']
[2022-12-04 05:20:43,839] {standard_task_runner.py:77} INFO - Job 2019: Subtask get_data
[2022-12-04 05:20:44,049] {logging_mixin.py:109} INFO - Running <TaskInstance: dag1.get_data scheduled__2022-10-29T11:20:00+00:00 [running]> on host 422c372562ce
[2022-12-04 05:20:44,356] {taskinstance.py:1426} INFO - Exporting the following env vars:
AIRFLOW_CTX_DAG_OWNER=Fadlil
AIRFLOW_CTX_DAG_ID=dag1
AIRFLOW_CTX_TASK_ID=get_data
AIRFLOW_CTX_EXECUTION_DATE=2022-10-29T11:20:00+00:00
AIRFLOW_CTX_DAG_RUN_ID=scheduled__2022-10-29T11:20:00+00:00
[2022-12-04 05:20:45,248] {python.py:175} INFO - Done. Returned value was: None
[2022-12-04 05:20:45,328] {taskinstance.py:1277} INFO - Marking task as SUCCESS. dag_id=dag1, task_id=get_data, execution_date=20221029T112000, start_date=20221204T052043, end_date=20221204T052045
[2022-12-04 05:20:45,476] {local_task_job.py:154} INFO - Task exited with return code 0
[2022-12-04 05:20:45,790] {local_task_job.py:264} INFO - 1 downstream tasks scheduled from follow-on schedule check
