[2022-12-04 02:54:10,751] {taskinstance.py:1032} INFO - Dependencies all met for <TaskInstance: dag1.get_data scheduled__2022-10-27T03:30:00+00:00 [queued]>
[2022-12-04 02:54:10,812] {taskinstance.py:1032} INFO - Dependencies all met for <TaskInstance: dag1.get_data scheduled__2022-10-27T03:30:00+00:00 [queued]>
[2022-12-04 02:54:10,821] {taskinstance.py:1238} INFO - 
--------------------------------------------------------------------------------
[2022-12-04 02:54:10,822] {taskinstance.py:1239} INFO - Starting attempt 1 of 2
[2022-12-04 02:54:10,827] {taskinstance.py:1240} INFO - 
--------------------------------------------------------------------------------
[2022-12-04 02:54:10,891] {taskinstance.py:1259} INFO - Executing <Task(PythonOperator): get_data> on 2022-10-27 03:30:00+00:00
[2022-12-04 02:54:10,896] {standard_task_runner.py:52} INFO - Started process 598 to run task
[2022-12-04 02:54:10,911] {standard_task_runner.py:76} INFO - Running: ['***', 'tasks', 'run', 'dag1', 'get_data', 'scheduled__2022-10-27T03:30:00+00:00', '--job-id', '687', '--raw', '--subdir', 'DAGS_FOLDER/AirflowClean2.py', '--cfg-path', '/tmp/tmpc_drnklg', '--error-file', '/tmp/tmpxri_j8rz']
[2022-12-04 02:54:10,915] {standard_task_runner.py:77} INFO - Job 687: Subtask get_data
[2022-12-04 02:54:11,055] {logging_mixin.py:109} INFO - Running <TaskInstance: dag1.get_data scheduled__2022-10-27T03:30:00+00:00 [running]> on host 422c372562ce
[2022-12-04 02:54:11,185] {taskinstance.py:1426} INFO - Exporting the following env vars:
AIRFLOW_CTX_DAG_OWNER=Fadlil
AIRFLOW_CTX_DAG_ID=dag1
AIRFLOW_CTX_TASK_ID=get_data
AIRFLOW_CTX_EXECUTION_DATE=2022-10-27T03:30:00+00:00
AIRFLOW_CTX_DAG_RUN_ID=scheduled__2022-10-27T03:30:00+00:00
[2022-12-04 02:54:12,054] {python.py:175} INFO - Done. Returned value was: None
[2022-12-04 02:54:12,110] {taskinstance.py:1277} INFO - Marking task as SUCCESS. dag_id=dag1, task_id=get_data, execution_date=20221027T033000, start_date=20221204T025410, end_date=20221204T025412
[2022-12-04 02:54:12,319] {local_task_job.py:154} INFO - Task exited with return code 0
[2022-12-04 02:54:13,503] {local_task_job.py:264} INFO - 0 downstream tasks scheduled from follow-on schedule check
