[2022-12-04 03:11:10,505] {taskinstance.py:1032} INFO - Dependencies all met for <TaskInstance: dag1.save_to_csv scheduled__2022-10-27T11:00:00+00:00 [queued]>
[2022-12-04 03:11:10,691] {taskinstance.py:1032} INFO - Dependencies all met for <TaskInstance: dag1.save_to_csv scheduled__2022-10-27T11:00:00+00:00 [queued]>
[2022-12-04 03:11:10,693] {taskinstance.py:1238} INFO - 
--------------------------------------------------------------------------------
[2022-12-04 03:11:10,695] {taskinstance.py:1239} INFO - Starting attempt 1 of 2
[2022-12-04 03:11:10,704] {taskinstance.py:1240} INFO - 
--------------------------------------------------------------------------------
[2022-12-04 03:11:10,813] {taskinstance.py:1259} INFO - Executing <Task(PythonOperator): save_to_csv> on 2022-10-27 11:00:00+00:00
[2022-12-04 03:11:10,838] {standard_task_runner.py:52} INFO - Started process 1784 to run task
[2022-12-04 03:11:10,904] {standard_task_runner.py:76} INFO - Running: ['***', 'tasks', 'run', 'dag1', 'save_to_csv', 'scheduled__2022-10-27T11:00:00+00:00', '--job-id', '873', '--raw', '--subdir', 'DAGS_FOLDER/AirflowClean2.py', '--cfg-path', '/tmp/tmp6nooqq0l', '--error-file', '/tmp/tmp_7fn68ru']
[2022-12-04 03:11:10,915] {standard_task_runner.py:77} INFO - Job 873: Subtask save_to_csv
[2022-12-04 03:11:11,300] {logging_mixin.py:109} INFO - Running <TaskInstance: dag1.save_to_csv scheduled__2022-10-27T11:00:00+00:00 [running]> on host 422c372562ce
[2022-12-04 03:11:11,681] {taskinstance.py:1426} INFO - Exporting the following env vars:
AIRFLOW_CTX_DAG_OWNER=Fadlil
AIRFLOW_CTX_DAG_ID=dag1
AIRFLOW_CTX_TASK_ID=save_to_csv
AIRFLOW_CTX_EXECUTION_DATE=2022-10-27T11:00:00+00:00
AIRFLOW_CTX_DAG_RUN_ID=scheduled__2022-10-27T11:00:00+00:00
[2022-12-04 03:11:11,808] {python.py:175} INFO - Done. Returned value was: None
[2022-12-04 03:11:11,868] {taskinstance.py:1277} INFO - Marking task as SUCCESS. dag_id=dag1, task_id=save_to_csv, execution_date=20221027T110000, start_date=20221204T031110, end_date=20221204T031111
[2022-12-04 03:11:12,032] {local_task_job.py:154} INFO - Task exited with return code 0
[2022-12-04 03:11:12,446] {local_task_job.py:264} INFO - 1 downstream tasks scheduled from follow-on schedule check
