[2022-12-04 09:55:16,244] {taskinstance.py:1032} INFO - Dependencies all met for <TaskInstance: dag1.save_to_csv scheduled__2022-10-30T20:20:00+00:00 [queued]>
[2022-12-04 09:55:16,384] {taskinstance.py:1032} INFO - Dependencies all met for <TaskInstance: dag1.save_to_csv scheduled__2022-10-30T20:20:00+00:00 [queued]>
[2022-12-04 09:55:16,392] {taskinstance.py:1238} INFO - 
--------------------------------------------------------------------------------
[2022-12-04 09:55:16,414] {taskinstance.py:1239} INFO - Starting attempt 1 of 2
[2022-12-04 09:55:16,415] {taskinstance.py:1240} INFO - 
--------------------------------------------------------------------------------
[2022-12-04 09:55:16,493] {taskinstance.py:1259} INFO - Executing <Task(PythonOperator): save_to_csv> on 2022-10-30 20:20:00+00:00
[2022-12-04 09:55:16,515] {standard_task_runner.py:52} INFO - Started process 2760 to run task
[2022-12-04 09:55:16,577] {standard_task_runner.py:76} INFO - Running: ['***', 'tasks', 'run', 'dag1', 'save_to_csv', 'scheduled__2022-10-30T20:20:00+00:00', '--job-id', '2696', '--raw', '--subdir', 'DAGS_FOLDER/AirflowClean2.py', '--cfg-path', '/tmp/tmpt73nzu0s', '--error-file', '/tmp/tmp4dq180ws']
[2022-12-04 09:55:16,588] {standard_task_runner.py:77} INFO - Job 2696: Subtask save_to_csv
[2022-12-04 09:55:17,475] {logging_mixin.py:109} INFO - Running <TaskInstance: dag1.save_to_csv scheduled__2022-10-30T20:20:00+00:00 [running]> on host 9e44869ff3ef
[2022-12-04 09:55:19,083] {taskinstance.py:1426} INFO - Exporting the following env vars:
AIRFLOW_CTX_DAG_OWNER=Fadlil
AIRFLOW_CTX_DAG_ID=dag1
AIRFLOW_CTX_TASK_ID=save_to_csv
AIRFLOW_CTX_EXECUTION_DATE=2022-10-30T20:20:00+00:00
AIRFLOW_CTX_DAG_RUN_ID=scheduled__2022-10-30T20:20:00+00:00
[2022-12-04 09:55:19,432] {python.py:175} INFO - Done. Returned value was: None
[2022-12-04 09:55:19,995] {taskinstance.py:1277} INFO - Marking task as SUCCESS. dag_id=dag1, task_id=save_to_csv, execution_date=20221030T202000, start_date=20221204T095516, end_date=20221204T095519
[2022-12-04 09:55:20,203] {local_task_job.py:154} INFO - Task exited with return code 0
[2022-12-04 09:55:20,719] {local_task_job.py:264} INFO - 1 downstream tasks scheduled from follow-on schedule check
