[2022-12-04 11:48:29,183] {taskinstance.py:1032} INFO - Dependencies all met for <TaskInstance: dag1.get_data scheduled__2022-11-05T05:40:00+00:00 [queued]>
[2022-12-04 11:48:29,220] {taskinstance.py:1032} INFO - Dependencies all met for <TaskInstance: dag1.get_data scheduled__2022-11-05T05:40:00+00:00 [queued]>
[2022-12-04 11:48:29,221] {taskinstance.py:1238} INFO - 
--------------------------------------------------------------------------------
[2022-12-04 11:48:29,225] {taskinstance.py:1239} INFO - Starting attempt 1 of 2
[2022-12-04 11:48:29,236] {taskinstance.py:1240} INFO - 
--------------------------------------------------------------------------------
[2022-12-04 11:48:29,321] {taskinstance.py:1259} INFO - Executing <Task(PythonOperator): get_data> on 2022-11-05 05:40:00+00:00
[2022-12-04 11:48:29,350] {standard_task_runner.py:52} INFO - Started process 15301 to run task
[2022-12-04 11:48:29,378] {standard_task_runner.py:76} INFO - Running: ['***', 'tasks', 'run', 'dag1', 'get_data', 'scheduled__2022-11-05T05:40:00+00:00', '--job-id', '5909', '--raw', '--subdir', 'DAGS_FOLDER/AirflowClean2.py', '--cfg-path', '/tmp/tmpxan6v5jq', '--error-file', '/tmp/tmp9m1kjy07']
[2022-12-04 11:48:29,394] {standard_task_runner.py:77} INFO - Job 5909: Subtask get_data
[2022-12-04 11:48:29,773] {logging_mixin.py:109} INFO - Running <TaskInstance: dag1.get_data scheduled__2022-11-05T05:40:00+00:00 [running]> on host 9e44869ff3ef
[2022-12-04 11:48:30,122] {taskinstance.py:1426} INFO - Exporting the following env vars:
AIRFLOW_CTX_DAG_OWNER=Fadlil
AIRFLOW_CTX_DAG_ID=dag1
AIRFLOW_CTX_TASK_ID=get_data
AIRFLOW_CTX_EXECUTION_DATE=2022-11-05T05:40:00+00:00
AIRFLOW_CTX_DAG_RUN_ID=scheduled__2022-11-05T05:40:00+00:00
[2022-12-04 11:48:30,907] {python.py:175} INFO - Done. Returned value was: None
[2022-12-04 11:48:30,936] {taskinstance.py:1277} INFO - Marking task as SUCCESS. dag_id=dag1, task_id=get_data, execution_date=20221105T054000, start_date=20221204T114829, end_date=20221204T114830
[2022-12-04 11:48:31,081] {local_task_job.py:154} INFO - Task exited with return code 0
[2022-12-04 11:48:31,253] {local_task_job.py:264} INFO - 1 downstream tasks scheduled from follow-on schedule check
