[2022-12-04 10:57:02,369] {taskinstance.py:1032} INFO - Dependencies all met for <TaskInstance: dag1.save_to_parquet scheduled__2022-11-03T05:50:00+00:00 [queued]>
[2022-12-04 10:57:02,535] {taskinstance.py:1032} INFO - Dependencies all met for <TaskInstance: dag1.save_to_parquet scheduled__2022-11-03T05:50:00+00:00 [queued]>
[2022-12-04 10:57:02,542] {taskinstance.py:1238} INFO - 
--------------------------------------------------------------------------------
[2022-12-04 10:57:02,554] {taskinstance.py:1239} INFO - Starting attempt 1 of 2
[2022-12-04 10:57:02,557] {taskinstance.py:1240} INFO - 
--------------------------------------------------------------------------------
[2022-12-04 10:57:02,705] {taskinstance.py:1259} INFO - Executing <Task(PythonOperator): save_to_parquet> on 2022-11-03 05:50:00+00:00
[2022-12-04 10:57:02,721] {standard_task_runner.py:52} INFO - Started process 10710 to run task
[2022-12-04 10:57:02,767] {standard_task_runner.py:76} INFO - Running: ['***', 'tasks', 'run', 'dag1', 'save_to_parquet', 'scheduled__2022-11-03T05:50:00+00:00', '--job-id', '4681', '--raw', '--subdir', 'DAGS_FOLDER/AirflowClean2.py', '--cfg-path', '/tmp/tmpn02taq_m', '--error-file', '/tmp/tmpvm7evw5z']
[2022-12-04 10:57:02,792] {standard_task_runner.py:77} INFO - Job 4681: Subtask save_to_parquet
[2022-12-04 10:57:03,037] {logging_mixin.py:109} INFO - Running <TaskInstance: dag1.save_to_parquet scheduled__2022-11-03T05:50:00+00:00 [running]> on host 9e44869ff3ef
[2022-12-04 10:57:03,875] {taskinstance.py:1426} INFO - Exporting the following env vars:
AIRFLOW_CTX_DAG_OWNER=Fadlil
AIRFLOW_CTX_DAG_ID=dag1
AIRFLOW_CTX_TASK_ID=save_to_parquet
AIRFLOW_CTX_EXECUTION_DATE=2022-11-03T05:50:00+00:00
AIRFLOW_CTX_DAG_RUN_ID=scheduled__2022-11-03T05:50:00+00:00
[2022-12-04 10:57:04,127] {python.py:175} INFO - Done. Returned value was: None
[2022-12-04 10:57:04,177] {taskinstance.py:1277} INFO - Marking task as SUCCESS. dag_id=dag1, task_id=save_to_parquet, execution_date=20221103T055000, start_date=20221204T105702, end_date=20221204T105704
[2022-12-04 10:57:04,365] {local_task_job.py:154} INFO - Task exited with return code 0
[2022-12-04 10:57:05,103] {local_task_job.py:264} INFO - 0 downstream tasks scheduled from follow-on schedule check
