[2022-12-04 04:33:35,064] {taskinstance.py:1032} INFO - Dependencies all met for <TaskInstance: dag1.save_to_csv scheduled__2022-10-28T14:40:00+00:00 [queued]>
[2022-12-04 04:33:35,218] {taskinstance.py:1032} INFO - Dependencies all met for <TaskInstance: dag1.save_to_csv scheduled__2022-10-28T14:40:00+00:00 [queued]>
[2022-12-04 04:33:35,219] {taskinstance.py:1238} INFO - 
--------------------------------------------------------------------------------
[2022-12-04 04:33:35,224] {taskinstance.py:1239} INFO - Starting attempt 1 of 2
[2022-12-04 04:33:35,232] {taskinstance.py:1240} INFO - 
--------------------------------------------------------------------------------
[2022-12-04 04:33:35,377] {taskinstance.py:1259} INFO - Executing <Task(PythonOperator): save_to_csv> on 2022-10-28 14:40:00+00:00
[2022-12-04 04:33:35,399] {standard_task_runner.py:52} INFO - Started process 5643 to run task
[2022-12-04 04:33:35,424] {standard_task_runner.py:76} INFO - Running: ['***', 'tasks', 'run', 'dag1', 'save_to_csv', 'scheduled__2022-10-28T14:40:00+00:00', '--job-id', '1523', '--raw', '--subdir', 'DAGS_FOLDER/AirflowClean2.py', '--cfg-path', '/tmp/tmp3wn1wk8q', '--error-file', '/tmp/tmp8b_h8m4j']
[2022-12-04 04:33:35,433] {standard_task_runner.py:77} INFO - Job 1523: Subtask save_to_csv
[2022-12-04 04:33:35,939] {logging_mixin.py:109} INFO - Running <TaskInstance: dag1.save_to_csv scheduled__2022-10-28T14:40:00+00:00 [running]> on host 422c372562ce
[2022-12-04 04:33:36,444] {taskinstance.py:1426} INFO - Exporting the following env vars:
AIRFLOW_CTX_DAG_OWNER=Fadlil
AIRFLOW_CTX_DAG_ID=dag1
AIRFLOW_CTX_TASK_ID=save_to_csv
AIRFLOW_CTX_EXECUTION_DATE=2022-10-28T14:40:00+00:00
AIRFLOW_CTX_DAG_RUN_ID=scheduled__2022-10-28T14:40:00+00:00
[2022-12-04 04:33:36,645] {python.py:175} INFO - Done. Returned value was: None
[2022-12-04 04:33:36,787] {taskinstance.py:1277} INFO - Marking task as SUCCESS. dag_id=dag1, task_id=save_to_csv, execution_date=20221028T144000, start_date=20221204T043335, end_date=20221204T043336
[2022-12-04 04:33:36,927] {local_task_job.py:154} INFO - Task exited with return code 0
[2022-12-04 04:33:37,233] {local_task_job.py:264} INFO - 1 downstream tasks scheduled from follow-on schedule check
