[2022-12-04 09:29:18,449] {taskinstance.py:1032} INFO - Dependencies all met for <TaskInstance: dag1.get_data scheduled__2022-10-30T06:40:00+00:00 [queued]>
[2022-12-04 09:29:18,510] {taskinstance.py:1032} INFO - Dependencies all met for <TaskInstance: dag1.get_data scheduled__2022-10-30T06:40:00+00:00 [queued]>
[2022-12-04 09:29:18,518] {taskinstance.py:1238} INFO - 
--------------------------------------------------------------------------------
[2022-12-04 09:29:18,519] {taskinstance.py:1239} INFO - Starting attempt 1 of 2
[2022-12-04 09:29:18,519] {taskinstance.py:1240} INFO - 
--------------------------------------------------------------------------------
[2022-12-04 09:29:18,602] {taskinstance.py:1259} INFO - Executing <Task(PythonOperator): get_data> on 2022-10-30 06:40:00+00:00
[2022-12-04 09:29:18,629] {standard_task_runner.py:76} INFO - Running: ['***', 'tasks', 'run', 'dag1', 'get_data', 'scheduled__2022-10-30T06:40:00+00:00', '--job-id', '2438', '--raw', '--subdir', 'DAGS_FOLDER/AirflowClean2.py', '--cfg-path', '/tmp/tmpgxqpymi1', '--error-file', '/tmp/tmpg1cewyzy']
[2022-12-04 09:29:18,618] {standard_task_runner.py:52} INFO - Started process 1044 to run task
[2022-12-04 09:29:18,656] {standard_task_runner.py:77} INFO - Job 2438: Subtask get_data
[2022-12-04 09:29:18,915] {logging_mixin.py:109} INFO - Running <TaskInstance: dag1.get_data scheduled__2022-10-30T06:40:00+00:00 [running]> on host 9e44869ff3ef
[2022-12-04 09:29:19,200] {taskinstance.py:1426} INFO - Exporting the following env vars:
AIRFLOW_CTX_DAG_OWNER=Fadlil
AIRFLOW_CTX_DAG_ID=dag1
AIRFLOW_CTX_TASK_ID=get_data
AIRFLOW_CTX_EXECUTION_DATE=2022-10-30T06:40:00+00:00
AIRFLOW_CTX_DAG_RUN_ID=scheduled__2022-10-30T06:40:00+00:00
[2022-12-04 09:29:20,421] {python.py:175} INFO - Done. Returned value was: None
[2022-12-04 09:29:21,205] {taskinstance.py:1277} INFO - Marking task as SUCCESS. dag_id=dag1, task_id=get_data, execution_date=20221030T064000, start_date=20221204T092918, end_date=20221204T092921
[2022-12-04 09:29:21,424] {local_task_job.py:154} INFO - Task exited with return code 0
[2022-12-04 09:29:21,694] {local_task_job.py:264} INFO - 1 downstream tasks scheduled from follow-on schedule check
