[2022-12-04 05:20:18,406] {taskinstance.py:1032} INFO - Dependencies all met for <TaskInstance: dag1.save_to_csv scheduled__2022-10-29T11:00:00+00:00 [queued]>
[2022-12-04 05:20:18,490] {taskinstance.py:1032} INFO - Dependencies all met for <TaskInstance: dag1.save_to_csv scheduled__2022-10-29T11:00:00+00:00 [queued]>
[2022-12-04 05:20:18,490] {taskinstance.py:1238} INFO - 
--------------------------------------------------------------------------------
[2022-12-04 05:20:18,491] {taskinstance.py:1239} INFO - Starting attempt 1 of 2
[2022-12-04 05:20:18,491] {taskinstance.py:1240} INFO - 
--------------------------------------------------------------------------------
[2022-12-04 05:20:18,619] {taskinstance.py:1259} INFO - Executing <Task(PythonOperator): save_to_csv> on 2022-10-29 11:00:00+00:00
[2022-12-04 05:20:18,627] {standard_task_runner.py:52} INFO - Started process 8319 to run task
[2022-12-04 05:20:18,682] {standard_task_runner.py:76} INFO - Running: ['***', 'tasks', 'run', 'dag1', 'save_to_csv', 'scheduled__2022-10-29T11:00:00+00:00', '--job-id', '2015', '--raw', '--subdir', 'DAGS_FOLDER/AirflowClean2.py', '--cfg-path', '/tmp/tmpwzd90bq0', '--error-file', '/tmp/tmpdxde7zhf']
[2022-12-04 05:20:18,709] {standard_task_runner.py:77} INFO - Job 2015: Subtask save_to_csv
[2022-12-04 05:20:19,238] {logging_mixin.py:109} INFO - Running <TaskInstance: dag1.save_to_csv scheduled__2022-10-29T11:00:00+00:00 [running]> on host 422c372562ce
[2022-12-04 05:20:20,169] {taskinstance.py:1426} INFO - Exporting the following env vars:
AIRFLOW_CTX_DAG_OWNER=Fadlil
AIRFLOW_CTX_DAG_ID=dag1
AIRFLOW_CTX_TASK_ID=save_to_csv
AIRFLOW_CTX_EXECUTION_DATE=2022-10-29T11:00:00+00:00
AIRFLOW_CTX_DAG_RUN_ID=scheduled__2022-10-29T11:00:00+00:00
[2022-12-04 05:20:20,471] {python.py:175} INFO - Done. Returned value was: None
[2022-12-04 05:20:20,584] {taskinstance.py:1277} INFO - Marking task as SUCCESS. dag_id=dag1, task_id=save_to_csv, execution_date=20221029T110000, start_date=20221204T052018, end_date=20221204T052020
[2022-12-04 05:20:40,381] {local_task_job.py:154} INFO - Task exited with return code 0
[2022-12-04 05:20:41,412] {local_task_job.py:264} INFO - 0 downstream tasks scheduled from follow-on schedule check
