[2022-12-04 05:22:44,909] {taskinstance.py:1032} INFO - Dependencies all met for <TaskInstance: dag1.save_to_csv scheduled__2022-10-29T12:10:00+00:00 [queued]>
[2022-12-04 05:22:44,927] {taskinstance.py:1032} INFO - Dependencies all met for <TaskInstance: dag1.save_to_csv scheduled__2022-10-29T12:10:00+00:00 [queued]>
[2022-12-04 05:22:44,927] {taskinstance.py:1238} INFO - 
--------------------------------------------------------------------------------
[2022-12-04 05:22:44,928] {taskinstance.py:1239} INFO - Starting attempt 1 of 2
[2022-12-04 05:22:44,928] {taskinstance.py:1240} INFO - 
--------------------------------------------------------------------------------
[2022-12-04 05:22:44,950] {taskinstance.py:1259} INFO - Executing <Task(PythonOperator): save_to_csv> on 2022-10-29 12:10:00+00:00
[2022-12-04 05:22:44,956] {standard_task_runner.py:52} INFO - Started process 8450 to run task
[2022-12-04 05:22:44,960] {standard_task_runner.py:76} INFO - Running: ['***', 'tasks', 'run', 'dag1', 'save_to_csv', 'scheduled__2022-10-29T12:10:00+00:00', '--job-id', '2041', '--raw', '--subdir', 'DAGS_FOLDER/AirflowClean2.py', '--cfg-path', '/tmp/tmpd_d9siee', '--error-file', '/tmp/tmptlhihpdz']
[2022-12-04 05:22:44,962] {standard_task_runner.py:77} INFO - Job 2041: Subtask save_to_csv
[2022-12-04 05:22:45,035] {logging_mixin.py:109} INFO - Running <TaskInstance: dag1.save_to_csv scheduled__2022-10-29T12:10:00+00:00 [running]> on host 422c372562ce
[2022-12-04 05:22:45,115] {taskinstance.py:1426} INFO - Exporting the following env vars:
AIRFLOW_CTX_DAG_OWNER=Fadlil
AIRFLOW_CTX_DAG_ID=dag1
AIRFLOW_CTX_TASK_ID=save_to_csv
AIRFLOW_CTX_EXECUTION_DATE=2022-10-29T12:10:00+00:00
AIRFLOW_CTX_DAG_RUN_ID=scheduled__2022-10-29T12:10:00+00:00
[2022-12-04 05:22:45,171] {python.py:175} INFO - Done. Returned value was: None
[2022-12-04 05:22:45,186] {taskinstance.py:1277} INFO - Marking task as SUCCESS. dag_id=dag1, task_id=save_to_csv, execution_date=20221029T121000, start_date=20221204T052244, end_date=20221204T052245
[2022-12-04 05:22:45,217] {local_task_job.py:154} INFO - Task exited with return code 0
[2022-12-04 05:22:45,257] {local_task_job.py:264} INFO - 1 downstream tasks scheduled from follow-on schedule check
