[2022-12-04 17:47:41,760] {taskinstance.py:1032} INFO - Dependencies all met for <TaskInstance: dag1.get_data scheduled__2022-11-10T17:20:00+00:00 [queued]>
[2022-12-04 17:47:41,803] {taskinstance.py:1032} INFO - Dependencies all met for <TaskInstance: dag1.get_data scheduled__2022-11-10T17:20:00+00:00 [queued]>
[2022-12-04 17:47:41,804] {taskinstance.py:1238} INFO - 
--------------------------------------------------------------------------------
[2022-12-04 17:47:41,804] {taskinstance.py:1239} INFO - Starting attempt 1 of 2
[2022-12-04 17:47:41,805] {taskinstance.py:1240} INFO - 
--------------------------------------------------------------------------------
[2022-12-04 17:47:41,839] {taskinstance.py:1259} INFO - Executing <Task(PythonOperator): get_data> on 2022-11-10 17:20:00+00:00
[2022-12-04 17:47:41,848] {standard_task_runner.py:52} INFO - Started process 20120 to run task
[2022-12-04 17:47:41,861] {standard_task_runner.py:76} INFO - Running: ['***', 'tasks', 'run', 'dag1', 'get_data', 'scheduled__2022-11-10T17:20:00+00:00', '--job-id', '10908', '--raw', '--subdir', 'DAGS_FOLDER/AirflowClean2.py', '--cfg-path', '/tmp/tmpr_9mg7uv', '--error-file', '/tmp/tmpmojfhs45']
[2022-12-04 17:47:41,874] {standard_task_runner.py:77} INFO - Job 10908: Subtask get_data
[2022-12-04 17:47:42,137] {logging_mixin.py:109} INFO - Running <TaskInstance: dag1.get_data scheduled__2022-11-10T17:20:00+00:00 [running]> on host 7a020590adae
[2022-12-04 17:47:42,304] {taskinstance.py:1426} INFO - Exporting the following env vars:
AIRFLOW_CTX_DAG_OWNER=Fadlil
AIRFLOW_CTX_DAG_ID=dag1
AIRFLOW_CTX_TASK_ID=get_data
AIRFLOW_CTX_EXECUTION_DATE=2022-11-10T17:20:00+00:00
AIRFLOW_CTX_DAG_RUN_ID=scheduled__2022-11-10T17:20:00+00:00
[2022-12-04 17:47:43,052] {python.py:175} INFO - Done. Returned value was: None
[2022-12-04 17:47:43,805] {taskinstance.py:1277} INFO - Marking task as SUCCESS. dag_id=dag1, task_id=get_data, execution_date=20221110T172000, start_date=20221204T174741, end_date=20221204T174743
[2022-12-04 17:47:43,887] {local_task_job.py:154} INFO - Task exited with return code 0
[2022-12-04 17:47:43,964] {local_task_job.py:264} INFO - 1 downstream tasks scheduled from follow-on schedule check
