[2022-12-04 11:44:03,503] {taskinstance.py:1032} INFO - Dependencies all met for <TaskInstance: dag1.local_to_gcs_task scheduled__2022-11-04T20:50:00+00:00 [queued]>
[2022-12-04 11:44:03,672] {taskinstance.py:1032} INFO - Dependencies all met for <TaskInstance: dag1.local_to_gcs_task scheduled__2022-11-04T20:50:00+00:00 [queued]>
[2022-12-04 11:44:03,696] {taskinstance.py:1238} INFO - 
--------------------------------------------------------------------------------
[2022-12-04 11:44:03,696] {taskinstance.py:1239} INFO - Starting attempt 1 of 2
[2022-12-04 11:44:03,697] {taskinstance.py:1240} INFO - 
--------------------------------------------------------------------------------
[2022-12-04 11:44:03,818] {taskinstance.py:1259} INFO - Executing <Task(PythonOperator): local_to_gcs_task> on 2022-11-04 20:50:00+00:00
[2022-12-04 11:44:03,867] {standard_task_runner.py:52} INFO - Started process 14480 to run task
[2022-12-04 11:44:03,929] {standard_task_runner.py:76} INFO - Running: ['***', 'tasks', 'run', 'dag1', 'local_to_gcs_task', 'scheduled__2022-11-04T20:50:00+00:00', '--job-id', '5678', '--raw', '--subdir', 'DAGS_FOLDER/AirflowClean2.py', '--cfg-path', '/tmp/tmpmpvc6ewt', '--error-file', '/tmp/tmp_rheoshj']
[2022-12-04 11:44:03,950] {standard_task_runner.py:77} INFO - Job 5678: Subtask local_to_gcs_task
[2022-12-04 11:44:04,481] {logging_mixin.py:109} INFO - Running <TaskInstance: dag1.local_to_gcs_task scheduled__2022-11-04T20:50:00+00:00 [running]> on host 9e44869ff3ef
[2022-12-04 11:44:04,947] {taskinstance.py:1426} INFO - Exporting the following env vars:
AIRFLOW_CTX_DAG_OWNER=Fadlil
AIRFLOW_CTX_DAG_ID=dag1
AIRFLOW_CTX_TASK_ID=local_to_gcs_task
AIRFLOW_CTX_EXECUTION_DATE=2022-11-04T20:50:00+00:00
AIRFLOW_CTX_DAG_RUN_ID=scheduled__2022-11-04T20:50:00+00:00
[2022-12-04 11:44:05,692] {python.py:175} INFO - Done. Returned value was: None
[2022-12-04 11:44:05,721] {taskinstance.py:1277} INFO - Marking task as SUCCESS. dag_id=dag1, task_id=local_to_gcs_task, execution_date=20221104T205000, start_date=20221204T114403, end_date=20221204T114405
[2022-12-04 11:44:05,872] {local_task_job.py:154} INFO - Task exited with return code 0
[2022-12-04 11:44:06,062] {local_task_job.py:264} INFO - 1 downstream tasks scheduled from follow-on schedule check
