[2022-12-04 11:50:07,718] {taskinstance.py:1032} INFO - Dependencies all met for <TaskInstance: dag1.bigquery_external_table_task scheduled__2022-11-05T06:40:00+00:00 [queued]>
[2022-12-04 11:50:08,034] {taskinstance.py:1032} INFO - Dependencies all met for <TaskInstance: dag1.bigquery_external_table_task scheduled__2022-11-05T06:40:00+00:00 [queued]>
[2022-12-04 11:50:08,043] {taskinstance.py:1238} INFO - 
--------------------------------------------------------------------------------
[2022-12-04 11:50:08,046] {taskinstance.py:1239} INFO - Starting attempt 1 of 2
[2022-12-04 11:50:08,048] {taskinstance.py:1240} INFO - 
--------------------------------------------------------------------------------
[2022-12-04 11:50:08,242] {taskinstance.py:1259} INFO - Executing <Task(BigQueryCreateExternalTableOperator): bigquery_external_table_task> on 2022-11-05 06:40:00+00:00
[2022-12-04 11:50:08,262] {standard_task_runner.py:52} INFO - Started process 15558 to run task
[2022-12-04 11:50:08,523] {standard_task_runner.py:76} INFO - Running: ['***', 'tasks', 'run', 'dag1', 'bigquery_external_table_task', 'scheduled__2022-11-05T06:40:00+00:00', '--job-id', '5978', '--raw', '--subdir', 'DAGS_FOLDER/AirflowClean2.py', '--cfg-path', '/tmp/tmpmal721ef', '--error-file', '/tmp/tmpepsrkx57']
[2022-12-04 11:50:08,583] {standard_task_runner.py:77} INFO - Job 5978: Subtask bigquery_external_table_task
[2022-12-04 11:50:09,526] {logging_mixin.py:109} INFO - Running <TaskInstance: dag1.bigquery_external_table_task scheduled__2022-11-05T06:40:00+00:00 [running]> on host 9e44869ff3ef
[2022-12-04 11:50:10,235] {taskinstance.py:1426} INFO - Exporting the following env vars:
AIRFLOW_CTX_DAG_OWNER=Fadlil
AIRFLOW_CTX_DAG_ID=dag1
AIRFLOW_CTX_TASK_ID=bigquery_external_table_task
AIRFLOW_CTX_EXECUTION_DATE=2022-11-05T06:40:00+00:00
AIRFLOW_CTX_DAG_RUN_ID=scheduled__2022-11-05T06:40:00+00:00
[2022-12-04 11:50:10,238] {crypto.py:82} WARNING - empty cryptography key - values will not be stored encrypted.
[2022-12-04 11:50:12,273] {taskinstance.py:1277} INFO - Marking task as SUCCESS. dag_id=dag1, task_id=bigquery_external_table_task, execution_date=20221105T064000, start_date=20221204T115007, end_date=20221204T115012
[2022-12-04 11:50:12,630] {local_task_job.py:154} INFO - Task exited with return code 0
[2022-12-04 11:50:13,948] {local_task_job.py:264} INFO - 0 downstream tasks scheduled from follow-on schedule check
