[2022-12-04 13:10:30,774] {taskinstance.py:1032} INFO - Dependencies all met for <TaskInstance: dag1.local_to_gcs_task scheduled__2022-11-06T19:20:00+00:00 [queued]>
[2022-12-04 13:10:30,793] {taskinstance.py:1032} INFO - Dependencies all met for <TaskInstance: dag1.local_to_gcs_task scheduled__2022-11-06T19:20:00+00:00 [queued]>
[2022-12-04 13:10:30,796] {taskinstance.py:1238} INFO - 
--------------------------------------------------------------------------------
[2022-12-04 13:10:30,797] {taskinstance.py:1239} INFO - Starting attempt 1 of 2
[2022-12-04 13:10:30,798] {taskinstance.py:1240} INFO - 
--------------------------------------------------------------------------------
[2022-12-04 13:10:30,825] {taskinstance.py:1259} INFO - Executing <Task(PythonOperator): local_to_gcs_task> on 2022-11-06 19:20:00+00:00
[2022-12-04 13:10:30,831] {standard_task_runner.py:52} INFO - Started process 2961 to run task
[2022-12-04 13:10:30,842] {standard_task_runner.py:76} INFO - Running: ['***', 'tasks', 'run', 'dag1', 'local_to_gcs_task', 'scheduled__2022-11-06T19:20:00+00:00', '--job-id', '7328', '--raw', '--subdir', 'DAGS_FOLDER/AirflowClean2.py', '--cfg-path', '/tmp/tmphgs94dc9', '--error-file', '/tmp/tmptc8frohu']
[2022-12-04 13:10:30,843] {standard_task_runner.py:77} INFO - Job 7328: Subtask local_to_gcs_task
[2022-12-04 13:10:30,979] {logging_mixin.py:109} INFO - Running <TaskInstance: dag1.local_to_gcs_task scheduled__2022-11-06T19:20:00+00:00 [running]> on host 7a020590adae
[2022-12-04 13:10:31,138] {taskinstance.py:1426} INFO - Exporting the following env vars:
AIRFLOW_CTX_DAG_OWNER=Fadlil
AIRFLOW_CTX_DAG_ID=dag1
AIRFLOW_CTX_TASK_ID=local_to_gcs_task
AIRFLOW_CTX_EXECUTION_DATE=2022-11-06T19:20:00+00:00
AIRFLOW_CTX_DAG_RUN_ID=scheduled__2022-11-06T19:20:00+00:00
[2022-12-04 13:10:31,877] {python.py:175} INFO - Done. Returned value was: None
[2022-12-04 13:10:31,897] {taskinstance.py:1277} INFO - Marking task as SUCCESS. dag_id=dag1, task_id=local_to_gcs_task, execution_date=20221106T192000, start_date=20221204T131030, end_date=20221204T131031
[2022-12-04 13:10:31,955] {local_task_job.py:154} INFO - Task exited with return code 0
[2022-12-04 13:10:32,104] {local_task_job.py:264} INFO - 1 downstream tasks scheduled from follow-on schedule check
