[2022-12-04 11:05:57,694] {taskinstance.py:1032} INFO - Dependencies all met for <TaskInstance: dag1.get_data scheduled__2022-11-04T06:20:00+00:00 [queued]>
[2022-12-04 11:05:57,797] {taskinstance.py:1032} INFO - Dependencies all met for <TaskInstance: dag1.get_data scheduled__2022-11-04T06:20:00+00:00 [queued]>
[2022-12-04 11:05:57,799] {taskinstance.py:1238} INFO - 
--------------------------------------------------------------------------------
[2022-12-04 11:05:57,800] {taskinstance.py:1239} INFO - Starting attempt 1 of 2
[2022-12-04 11:05:57,800] {taskinstance.py:1240} INFO - 
--------------------------------------------------------------------------------
[2022-12-04 11:05:57,970] {taskinstance.py:1259} INFO - Executing <Task(PythonOperator): get_data> on 2022-11-04 06:20:00+00:00
[2022-12-04 11:05:58,011] {standard_task_runner.py:76} INFO - Running: ['***', 'tasks', 'run', 'dag1', 'get_data', 'scheduled__2022-11-04T06:20:00+00:00', '--job-id', '5241', '--raw', '--subdir', 'DAGS_FOLDER/AirflowClean2.py', '--cfg-path', '/tmp/tmpzp0s4l9l', '--error-file', '/tmp/tmpuwn352n7']
[2022-12-04 11:05:58,063] {standard_task_runner.py:77} INFO - Job 5241: Subtask get_data
[2022-12-04 11:05:58,060] {standard_task_runner.py:52} INFO - Started process 12640 to run task
[2022-12-04 11:05:58,866] {logging_mixin.py:109} INFO - Running <TaskInstance: dag1.get_data scheduled__2022-11-04T06:20:00+00:00 [running]> on host 9e44869ff3ef
[2022-12-04 11:05:59,383] {taskinstance.py:1426} INFO - Exporting the following env vars:
AIRFLOW_CTX_DAG_OWNER=Fadlil
AIRFLOW_CTX_DAG_ID=dag1
AIRFLOW_CTX_TASK_ID=get_data
AIRFLOW_CTX_EXECUTION_DATE=2022-11-04T06:20:00+00:00
AIRFLOW_CTX_DAG_RUN_ID=scheduled__2022-11-04T06:20:00+00:00
[2022-12-04 11:06:00,303] {python.py:175} INFO - Done. Returned value was: None
[2022-12-04 11:06:00,358] {taskinstance.py:1277} INFO - Marking task as SUCCESS. dag_id=dag1, task_id=get_data, execution_date=20221104T062000, start_date=20221204T110557, end_date=20221204T110600
[2022-12-04 11:06:00,474] {local_task_job.py:154} INFO - Task exited with return code 0
[2022-12-04 11:06:01,294] {local_task_job.py:264} INFO - 0 downstream tasks scheduled from follow-on schedule check
