[2022-12-04 12:03:29,464] {taskinstance.py:1032} INFO - Dependencies all met for <TaskInstance: dag1.save_to_csv scheduled__2022-11-05T13:50:00+00:00 [queued]>
[2022-12-04 12:03:29,649] {taskinstance.py:1032} INFO - Dependencies all met for <TaskInstance: dag1.save_to_csv scheduled__2022-11-05T13:50:00+00:00 [queued]>
[2022-12-04 12:03:29,668] {taskinstance.py:1238} INFO - 
--------------------------------------------------------------------------------
[2022-12-04 12:03:29,685] {taskinstance.py:1239} INFO - Starting attempt 1 of 2
[2022-12-04 12:03:29,692] {taskinstance.py:1240} INFO - 
--------------------------------------------------------------------------------
[2022-12-04 12:03:29,852] {taskinstance.py:1259} INFO - Executing <Task(PythonOperator): save_to_csv> on 2022-11-05 13:50:00+00:00
[2022-12-04 12:03:29,869] {standard_task_runner.py:52} INFO - Started process 16701 to run task
[2022-12-04 12:03:29,968] {standard_task_runner.py:76} INFO - Running: ['***', 'tasks', 'run', 'dag1', 'save_to_csv', 'scheduled__2022-11-05T13:50:00+00:00', '--job-id', '6198', '--raw', '--subdir', 'DAGS_FOLDER/AirflowClean2.py', '--cfg-path', '/tmp/tmpbds26v16', '--error-file', '/tmp/tmpin85r_py']
[2022-12-04 12:03:29,999] {standard_task_runner.py:77} INFO - Job 6198: Subtask save_to_csv
[2022-12-04 12:03:30,698] {logging_mixin.py:109} INFO - Running <TaskInstance: dag1.save_to_csv scheduled__2022-11-05T13:50:00+00:00 [running]> on host 9e44869ff3ef
[2022-12-04 12:03:31,082] {taskinstance.py:1426} INFO - Exporting the following env vars:
AIRFLOW_CTX_DAG_OWNER=Fadlil
AIRFLOW_CTX_DAG_ID=dag1
AIRFLOW_CTX_TASK_ID=save_to_csv
AIRFLOW_CTX_EXECUTION_DATE=2022-11-05T13:50:00+00:00
AIRFLOW_CTX_DAG_RUN_ID=scheduled__2022-11-05T13:50:00+00:00
[2022-12-04 12:03:31,330] {python.py:175} INFO - Done. Returned value was: None
[2022-12-04 12:03:31,565] {taskinstance.py:1277} INFO - Marking task as SUCCESS. dag_id=dag1, task_id=save_to_csv, execution_date=20221105T135000, start_date=20221204T120329, end_date=20221204T120331
[2022-12-04 12:03:31,747] {local_task_job.py:154} INFO - Task exited with return code 0
[2022-12-04 12:03:33,435] {local_task_job.py:264} INFO - 0 downstream tasks scheduled from follow-on schedule check
