[2022-12-04 14:20:26,734] {taskinstance.py:1032} INFO - Dependencies all met for <TaskInstance: dag1.save_to_parquet scheduled__2022-11-08T06:10:00+00:00 [queued]>
[2022-12-04 14:20:26,755] {taskinstance.py:1032} INFO - Dependencies all met for <TaskInstance: dag1.save_to_parquet scheduled__2022-11-08T06:10:00+00:00 [queued]>
[2022-12-04 14:20:26,765] {taskinstance.py:1238} INFO - 
--------------------------------------------------------------------------------
[2022-12-04 14:20:26,766] {taskinstance.py:1239} INFO - Starting attempt 1 of 2
[2022-12-04 14:20:26,766] {taskinstance.py:1240} INFO - 
--------------------------------------------------------------------------------
[2022-12-04 14:20:26,812] {taskinstance.py:1259} INFO - Executing <Task(PythonOperator): save_to_parquet> on 2022-11-08 06:10:00+00:00
[2022-12-04 14:20:26,824] {standard_task_runner.py:52} INFO - Started process 9253 to run task
[2022-12-04 14:20:26,844] {standard_task_runner.py:76} INFO - Running: ['***', 'tasks', 'run', 'dag1', 'save_to_parquet', 'scheduled__2022-11-08T06:10:00+00:00', '--job-id', '8650', '--raw', '--subdir', 'DAGS_FOLDER/AirflowClean2.py', '--cfg-path', '/tmp/tmpks_nrvee', '--error-file', '/tmp/tmpzp8hjqqj']
[2022-12-04 14:20:26,853] {standard_task_runner.py:77} INFO - Job 8650: Subtask save_to_parquet
[2022-12-04 14:20:27,258] {logging_mixin.py:109} INFO - Running <TaskInstance: dag1.save_to_parquet scheduled__2022-11-08T06:10:00+00:00 [running]> on host 7a020590adae
[2022-12-04 14:20:27,400] {taskinstance.py:1426} INFO - Exporting the following env vars:
AIRFLOW_CTX_DAG_OWNER=Fadlil
AIRFLOW_CTX_DAG_ID=dag1
AIRFLOW_CTX_TASK_ID=save_to_parquet
AIRFLOW_CTX_EXECUTION_DATE=2022-11-08T06:10:00+00:00
AIRFLOW_CTX_DAG_RUN_ID=scheduled__2022-11-08T06:10:00+00:00
[2022-12-04 14:20:27,444] {python.py:175} INFO - Done. Returned value was: None
[2022-12-04 14:20:27,667] {taskinstance.py:1277} INFO - Marking task as SUCCESS. dag_id=dag1, task_id=save_to_parquet, execution_date=20221108T061000, start_date=20221204T142026, end_date=20221204T142027
[2022-12-04 14:20:27,744] {local_task_job.py:154} INFO - Task exited with return code 0
[2022-12-04 14:20:27,830] {local_task_job.py:264} INFO - 1 downstream tasks scheduled from follow-on schedule check
