[2022-12-04 13:39:46,714] {taskinstance.py:1032} INFO - Dependencies all met for <TaskInstance: dag1.get_data scheduled__2022-11-07T09:40:00+00:00 [queued]>
[2022-12-04 13:39:46,733] {taskinstance.py:1032} INFO - Dependencies all met for <TaskInstance: dag1.get_data scheduled__2022-11-07T09:40:00+00:00 [queued]>
[2022-12-04 13:39:46,734] {taskinstance.py:1238} INFO - 
--------------------------------------------------------------------------------
[2022-12-04 13:39:46,734] {taskinstance.py:1239} INFO - Starting attempt 1 of 2
[2022-12-04 13:39:46,734] {taskinstance.py:1240} INFO - 
--------------------------------------------------------------------------------
[2022-12-04 13:39:46,768] {taskinstance.py:1259} INFO - Executing <Task(PythonOperator): get_data> on 2022-11-07 09:40:00+00:00
[2022-12-04 13:39:46,788] {standard_task_runner.py:52} INFO - Started process 5528 to run task
[2022-12-04 13:39:46,798] {standard_task_runner.py:76} INFO - Running: ['***', 'tasks', 'run', 'dag1', 'get_data', 'scheduled__2022-11-07T09:40:00+00:00', '--job-id', '7868', '--raw', '--subdir', 'DAGS_FOLDER/AirflowClean2.py', '--cfg-path', '/tmp/tmp35ubxykp', '--error-file', '/tmp/tmpluiw882j']
[2022-12-04 13:39:46,803] {standard_task_runner.py:77} INFO - Job 7868: Subtask get_data
[2022-12-04 13:39:46,933] {logging_mixin.py:109} INFO - Running <TaskInstance: dag1.get_data scheduled__2022-11-07T09:40:00+00:00 [running]> on host 7a020590adae
[2022-12-04 13:39:47,195] {taskinstance.py:1426} INFO - Exporting the following env vars:
AIRFLOW_CTX_DAG_OWNER=Fadlil
AIRFLOW_CTX_DAG_ID=dag1
AIRFLOW_CTX_TASK_ID=get_data
AIRFLOW_CTX_EXECUTION_DATE=2022-11-07T09:40:00+00:00
AIRFLOW_CTX_DAG_RUN_ID=scheduled__2022-11-07T09:40:00+00:00
[2022-12-04 13:39:47,939] {python.py:175} INFO - Done. Returned value was: None
[2022-12-04 13:39:48,687] {taskinstance.py:1277} INFO - Marking task as SUCCESS. dag_id=dag1, task_id=get_data, execution_date=20221107T094000, start_date=20221204T133946, end_date=20221204T133948
[2022-12-04 13:39:48,755] {local_task_job.py:154} INFO - Task exited with return code 0
[2022-12-04 13:39:48,902] {local_task_job.py:264} INFO - 1 downstream tasks scheduled from follow-on schedule check
