[2022-12-04 03:11:05,692] {taskinstance.py:1032} INFO - Dependencies all met for <TaskInstance: dag1.get_data scheduled__2022-10-27T11:10:00+00:00 [queued]>
[2022-12-04 03:11:05,719] {taskinstance.py:1032} INFO - Dependencies all met for <TaskInstance: dag1.get_data scheduled__2022-10-27T11:10:00+00:00 [queued]>
[2022-12-04 03:11:05,720] {taskinstance.py:1238} INFO - 
--------------------------------------------------------------------------------
[2022-12-04 03:11:05,723] {taskinstance.py:1239} INFO - Starting attempt 1 of 2
[2022-12-04 03:11:05,723] {taskinstance.py:1240} INFO - 
--------------------------------------------------------------------------------
[2022-12-04 03:11:05,754] {taskinstance.py:1259} INFO - Executing <Task(PythonOperator): get_data> on 2022-10-27 11:10:00+00:00
[2022-12-04 03:11:05,760] {standard_task_runner.py:52} INFO - Started process 1755 to run task
[2022-12-04 03:11:05,771] {standard_task_runner.py:76} INFO - Running: ['***', 'tasks', 'run', 'dag1', 'get_data', 'scheduled__2022-10-27T11:10:00+00:00', '--job-id', '869', '--raw', '--subdir', 'DAGS_FOLDER/AirflowClean2.py', '--cfg-path', '/tmp/tmpb57pjpb9', '--error-file', '/tmp/tmpumr4kvk4']
[2022-12-04 03:11:05,773] {standard_task_runner.py:77} INFO - Job 869: Subtask get_data
[2022-12-04 03:11:05,908] {logging_mixin.py:109} INFO - Running <TaskInstance: dag1.get_data scheduled__2022-10-27T11:10:00+00:00 [running]> on host 422c372562ce
[2022-12-04 03:11:05,979] {taskinstance.py:1426} INFO - Exporting the following env vars:
AIRFLOW_CTX_DAG_OWNER=Fadlil
AIRFLOW_CTX_DAG_ID=dag1
AIRFLOW_CTX_TASK_ID=get_data
AIRFLOW_CTX_EXECUTION_DATE=2022-10-27T11:10:00+00:00
AIRFLOW_CTX_DAG_RUN_ID=scheduled__2022-10-27T11:10:00+00:00
[2022-12-04 03:11:06,758] {python.py:175} INFO - Done. Returned value was: None
[2022-12-04 03:11:07,226] {taskinstance.py:1277} INFO - Marking task as SUCCESS. dag_id=dag1, task_id=get_data, execution_date=20221027T111000, start_date=20221204T031105, end_date=20221204T031107
[2022-12-04 03:11:07,394] {local_task_job.py:154} INFO - Task exited with return code 0
[2022-12-04 03:11:07,618] {local_task_job.py:264} INFO - 1 downstream tasks scheduled from follow-on schedule check
