[2022-12-04 11:07:35,422] {taskinstance.py:1032} INFO - Dependencies all met for <TaskInstance: dag1.get_data scheduled__2022-11-04T10:20:00+00:00 [queued]>
[2022-12-04 11:07:35,464] {taskinstance.py:1032} INFO - Dependencies all met for <TaskInstance: dag1.get_data scheduled__2022-11-04T10:20:00+00:00 [queued]>
[2022-12-04 11:07:35,465] {taskinstance.py:1238} INFO - 
--------------------------------------------------------------------------------
[2022-12-04 11:07:35,466] {taskinstance.py:1239} INFO - Starting attempt 1 of 2
[2022-12-04 11:07:35,467] {taskinstance.py:1240} INFO - 
--------------------------------------------------------------------------------
[2022-12-04 11:07:35,501] {taskinstance.py:1259} INFO - Executing <Task(PythonOperator): get_data> on 2022-11-04 10:20:00+00:00
[2022-12-04 11:07:35,596] {standard_task_runner.py:52} INFO - Started process 12984 to run task
[2022-12-04 11:07:35,641] {standard_task_runner.py:76} INFO - Running: ['***', 'tasks', 'run', 'dag1', 'get_data', 'scheduled__2022-11-04T10:20:00+00:00', '--job-id', '5342', '--raw', '--subdir', 'DAGS_FOLDER/AirflowClean2.py', '--cfg-path', '/tmp/tmpz2cfgtb7', '--error-file', '/tmp/tmphb6pjphp']
[2022-12-04 11:07:35,643] {standard_task_runner.py:77} INFO - Job 5342: Subtask get_data
[2022-12-04 11:07:36,645] {logging_mixin.py:109} INFO - Running <TaskInstance: dag1.get_data scheduled__2022-11-04T10:20:00+00:00 [running]> on host 9e44869ff3ef
[2022-12-04 11:07:36,986] {taskinstance.py:1426} INFO - Exporting the following env vars:
AIRFLOW_CTX_DAG_OWNER=Fadlil
AIRFLOW_CTX_DAG_ID=dag1
AIRFLOW_CTX_TASK_ID=get_data
AIRFLOW_CTX_EXECUTION_DATE=2022-11-04T10:20:00+00:00
AIRFLOW_CTX_DAG_RUN_ID=scheduled__2022-11-04T10:20:00+00:00
[2022-12-04 11:07:37,901] {python.py:175} INFO - Done. Returned value was: None
[2022-12-04 11:07:38,794] {taskinstance.py:1277} INFO - Marking task as SUCCESS. dag_id=dag1, task_id=get_data, execution_date=20221104T102000, start_date=20221204T110735, end_date=20221204T110738
[2022-12-04 11:07:38,991] {local_task_job.py:154} INFO - Task exited with return code 0
[2022-12-04 11:07:40,307] {local_task_job.py:264} INFO - 1 downstream tasks scheduled from follow-on schedule check
