[2022-12-04 12:11:20,870] {taskinstance.py:1032} INFO - Dependencies all met for <TaskInstance: dag1.delete_local_file scheduled__2022-11-05T17:50:00+00:00 [queued]>
[2022-12-04 12:11:20,893] {taskinstance.py:1032} INFO - Dependencies all met for <TaskInstance: dag1.delete_local_file scheduled__2022-11-05T17:50:00+00:00 [queued]>
[2022-12-04 12:11:20,895] {taskinstance.py:1238} INFO - 
--------------------------------------------------------------------------------
[2022-12-04 12:11:20,895] {taskinstance.py:1239} INFO - Starting attempt 1 of 2
[2022-12-04 12:11:20,896] {taskinstance.py:1240} INFO - 
--------------------------------------------------------------------------------
[2022-12-04 12:11:20,915] {taskinstance.py:1259} INFO - Executing <Task(PythonOperator): delete_local_file> on 2022-11-05 17:50:00+00:00
[2022-12-04 12:11:20,923] {standard_task_runner.py:52} INFO - Started process 17393 to run task
[2022-12-04 12:11:20,929] {standard_task_runner.py:76} INFO - Running: ['***', 'tasks', 'run', 'dag1', 'delete_local_file', 'scheduled__2022-11-05T17:50:00+00:00', '--job-id', '6354', '--raw', '--subdir', 'DAGS_FOLDER/AirflowClean2.py', '--cfg-path', '/tmp/tmpvv9xgtf8', '--error-file', '/tmp/tmp07y68arb']
[2022-12-04 12:11:20,931] {standard_task_runner.py:77} INFO - Job 6354: Subtask delete_local_file
[2022-12-04 12:11:21,019] {logging_mixin.py:109} INFO - Running <TaskInstance: dag1.delete_local_file scheduled__2022-11-05T17:50:00+00:00 [running]> on host 9e44869ff3ef
[2022-12-04 12:11:21,114] {taskinstance.py:1426} INFO - Exporting the following env vars:
AIRFLOW_CTX_DAG_OWNER=Fadlil
AIRFLOW_CTX_DAG_ID=dag1
AIRFLOW_CTX_TASK_ID=delete_local_file
AIRFLOW_CTX_EXECUTION_DATE=2022-11-05T17:50:00+00:00
AIRFLOW_CTX_DAG_RUN_ID=scheduled__2022-11-05T17:50:00+00:00
[2022-12-04 12:11:21,118] {python.py:175} INFO - Done. Returned value was: None
[2022-12-04 12:11:21,395] {taskinstance.py:1277} INFO - Marking task as SUCCESS. dag_id=dag1, task_id=delete_local_file, execution_date=20221105T175000, start_date=20221204T121120, end_date=20221204T121121
[2022-12-04 12:11:21,464] {local_task_job.py:154} INFO - Task exited with return code 0
[2022-12-04 12:11:21,507] {local_task_job.py:264} INFO - 0 downstream tasks scheduled from follow-on schedule check
