[2022-12-03 01:43:34,704] {taskinstance.py:1032} INFO - Dependencies all met for <TaskInstance: dag1.get_data scheduled__2022-10-26T04:20:00+00:00 [queued]>
[2022-12-03 01:43:35,708] {taskinstance.py:1032} INFO - Dependencies all met for <TaskInstance: dag1.get_data scheduled__2022-10-26T04:20:00+00:00 [queued]>
[2022-12-03 01:43:35,811] {taskinstance.py:1238} INFO - 
--------------------------------------------------------------------------------
[2022-12-03 01:43:35,828] {taskinstance.py:1239} INFO - Starting attempt 1 of 2
[2022-12-03 01:43:35,830] {taskinstance.py:1240} INFO - 
--------------------------------------------------------------------------------
[2022-12-03 01:43:36,300] {taskinstance.py:1259} INFO - Executing <Task(PythonOperator): get_data> on 2022-10-26 04:20:00+00:00
[2022-12-03 01:43:36,501] {standard_task_runner.py:52} INFO - Started process 282 to run task
[2022-12-03 01:43:36,780] {standard_task_runner.py:76} INFO - Running: ['***', 'tasks', 'run', 'dag1', 'get_data', 'scheduled__2022-10-26T04:20:00+00:00', '--job-id', '71', '--raw', '--subdir', 'DAGS_FOLDER/AirflowClean2.py', '--cfg-path', '/tmp/tmp635rmdns', '--error-file', '/tmp/tmpbi2o17tc']
[2022-12-03 01:43:36,822] {standard_task_runner.py:77} INFO - Job 71: Subtask get_data
[2022-12-03 01:43:37,934] {logging_mixin.py:109} INFO - Running <TaskInstance: dag1.get_data scheduled__2022-10-26T04:20:00+00:00 [running]> on host 422c372562ce
[2022-12-03 01:43:38,698] {taskinstance.py:1426} INFO - Exporting the following env vars:
AIRFLOW_CTX_DAG_OWNER=Fadlil
AIRFLOW_CTX_DAG_ID=dag1
AIRFLOW_CTX_TASK_ID=get_data
AIRFLOW_CTX_EXECUTION_DATE=2022-10-26T04:20:00+00:00
AIRFLOW_CTX_DAG_RUN_ID=scheduled__2022-10-26T04:20:00+00:00
[2022-12-03 01:43:39,830] {python.py:175} INFO - Done. Returned value was: None
[2022-12-03 01:43:40,097] {taskinstance.py:1277} INFO - Marking task as SUCCESS. dag_id=dag1, task_id=get_data, execution_date=20221026T042000, start_date=20221203T014334, end_date=20221203T014340
[2022-12-03 01:43:40,596] {local_task_job.py:154} INFO - Task exited with return code 0
[2022-12-03 01:43:42,954] {local_task_job.py:264} INFO - 0 downstream tasks scheduled from follow-on schedule check
