[2022-12-04 04:09:57,542] {taskinstance.py:1032} INFO - Dependencies all met for <TaskInstance: dag1.save_to_csv scheduled__2022-10-28T03:40:00+00:00 [queued]>
[2022-12-04 04:09:57,611] {taskinstance.py:1032} INFO - Dependencies all met for <TaskInstance: dag1.save_to_csv scheduled__2022-10-28T03:40:00+00:00 [queued]>
[2022-12-04 04:09:57,613] {taskinstance.py:1238} INFO - 
--------------------------------------------------------------------------------
[2022-12-04 04:09:57,633] {taskinstance.py:1239} INFO - Starting attempt 1 of 2
[2022-12-04 04:09:57,641] {taskinstance.py:1240} INFO - 
--------------------------------------------------------------------------------
[2022-12-04 04:09:57,736] {taskinstance.py:1259} INFO - Executing <Task(PythonOperator): save_to_csv> on 2022-10-28 03:40:00+00:00
[2022-12-04 04:09:57,746] {standard_task_runner.py:52} INFO - Started process 4163 to run task
[2022-12-04 04:09:57,763] {standard_task_runner.py:76} INFO - Running: ['***', 'tasks', 'run', 'dag1', 'save_to_csv', 'scheduled__2022-10-28T03:40:00+00:00', '--job-id', '1264', '--raw', '--subdir', 'DAGS_FOLDER/AirflowClean2.py', '--cfg-path', '/tmp/tmpqgm3r301', '--error-file', '/tmp/tmp6050vjqy']
[2022-12-04 04:09:57,772] {standard_task_runner.py:77} INFO - Job 1264: Subtask save_to_csv
[2022-12-04 04:09:58,563] {logging_mixin.py:109} INFO - Running <TaskInstance: dag1.save_to_csv scheduled__2022-10-28T03:40:00+00:00 [running]> on host 422c372562ce
[2022-12-04 04:09:58,898] {taskinstance.py:1426} INFO - Exporting the following env vars:
AIRFLOW_CTX_DAG_OWNER=Fadlil
AIRFLOW_CTX_DAG_ID=dag1
AIRFLOW_CTX_TASK_ID=save_to_csv
AIRFLOW_CTX_EXECUTION_DATE=2022-10-28T03:40:00+00:00
AIRFLOW_CTX_DAG_RUN_ID=scheduled__2022-10-28T03:40:00+00:00
[2022-12-04 04:09:59,086] {python.py:175} INFO - Done. Returned value was: None
[2022-12-04 04:09:59,822] {taskinstance.py:1277} INFO - Marking task as SUCCESS. dag_id=dag1, task_id=save_to_csv, execution_date=20221028T034000, start_date=20221204T040957, end_date=20221204T040959
[2022-12-04 04:10:00,079] {local_task_job.py:154} INFO - Task exited with return code 0
[2022-12-04 04:10:00,322] {local_task_job.py:264} INFO - 1 downstream tasks scheduled from follow-on schedule check
