[2022-12-04 03:11:06,560] {taskinstance.py:1032} INFO - Dependencies all met for <TaskInstance: dag1.get_data scheduled__2022-10-27T11:20:00+00:00 [queued]>
[2022-12-04 03:11:06,597] {taskinstance.py:1032} INFO - Dependencies all met for <TaskInstance: dag1.get_data scheduled__2022-10-27T11:20:00+00:00 [queued]>
[2022-12-04 03:11:06,598] {taskinstance.py:1238} INFO - 
--------------------------------------------------------------------------------
[2022-12-04 03:11:06,599] {taskinstance.py:1239} INFO - Starting attempt 1 of 2
[2022-12-04 03:11:06,603] {taskinstance.py:1240} INFO - 
--------------------------------------------------------------------------------
[2022-12-04 03:11:06,650] {taskinstance.py:1259} INFO - Executing <Task(PythonOperator): get_data> on 2022-10-27 11:20:00+00:00
[2022-12-04 03:11:06,686] {standard_task_runner.py:52} INFO - Started process 1761 to run task
[2022-12-04 03:11:06,693] {standard_task_runner.py:76} INFO - Running: ['***', 'tasks', 'run', 'dag1', 'get_data', 'scheduled__2022-10-27T11:20:00+00:00', '--job-id', '870', '--raw', '--subdir', 'DAGS_FOLDER/AirflowClean2.py', '--cfg-path', '/tmp/tmplffoddk8', '--error-file', '/tmp/tmp1o055f5c']
[2022-12-04 03:11:06,695] {standard_task_runner.py:77} INFO - Job 870: Subtask get_data
[2022-12-04 03:11:06,844] {logging_mixin.py:109} INFO - Running <TaskInstance: dag1.get_data scheduled__2022-10-27T11:20:00+00:00 [running]> on host 422c372562ce
[2022-12-04 03:11:07,033] {taskinstance.py:1426} INFO - Exporting the following env vars:
AIRFLOW_CTX_DAG_OWNER=Fadlil
AIRFLOW_CTX_DAG_ID=dag1
AIRFLOW_CTX_TASK_ID=get_data
AIRFLOW_CTX_EXECUTION_DATE=2022-10-27T11:20:00+00:00
AIRFLOW_CTX_DAG_RUN_ID=scheduled__2022-10-27T11:20:00+00:00
[2022-12-04 03:11:07,972] {python.py:175} INFO - Done. Returned value was: None
[2022-12-04 03:11:08,029] {taskinstance.py:1277} INFO - Marking task as SUCCESS. dag_id=dag1, task_id=get_data, execution_date=20221027T112000, start_date=20221204T031106, end_date=20221204T031108
[2022-12-04 03:11:08,154] {local_task_job.py:154} INFO - Task exited with return code 0
[2022-12-04 03:11:08,395] {local_task_job.py:264} INFO - 1 downstream tasks scheduled from follow-on schedule check
