[2022-12-04 10:35:51,139] {taskinstance.py:1032} INFO - Dependencies all met for <TaskInstance: dag1.save_to_csv scheduled__2022-11-01T02:00:00+00:00 [queued]>
[2022-12-04 10:35:51,204] {taskinstance.py:1032} INFO - Dependencies all met for <TaskInstance: dag1.save_to_csv scheduled__2022-11-01T02:00:00+00:00 [queued]>
[2022-12-04 10:35:51,205] {taskinstance.py:1238} INFO - 
--------------------------------------------------------------------------------
[2022-12-04 10:35:51,206] {taskinstance.py:1239} INFO - Starting attempt 1 of 2
[2022-12-04 10:35:51,206] {taskinstance.py:1240} INFO - 
--------------------------------------------------------------------------------
[2022-12-04 10:35:51,249] {taskinstance.py:1259} INFO - Executing <Task(PythonOperator): save_to_csv> on 2022-11-01 02:00:00+00:00
[2022-12-04 10:35:51,327] {standard_task_runner.py:52} INFO - Started process 6282 to run task
[2022-12-04 10:35:51,341] {standard_task_runner.py:76} INFO - Running: ['***', 'tasks', 'run', 'dag1', 'save_to_csv', 'scheduled__2022-11-01T02:00:00+00:00', '--job-id', '3410', '--raw', '--subdir', 'DAGS_FOLDER/AirflowClean2.py', '--cfg-path', '/tmp/tmp5lx_ex8h', '--error-file', '/tmp/tmp5qumbp1a']
[2022-12-04 10:35:51,374] {standard_task_runner.py:77} INFO - Job 3410: Subtask save_to_csv
[2022-12-04 10:35:51,787] {logging_mixin.py:109} INFO - Running <TaskInstance: dag1.save_to_csv scheduled__2022-11-01T02:00:00+00:00 [running]> on host 9e44869ff3ef
[2022-12-04 10:35:52,360] {taskinstance.py:1426} INFO - Exporting the following env vars:
AIRFLOW_CTX_DAG_OWNER=Fadlil
AIRFLOW_CTX_DAG_ID=dag1
AIRFLOW_CTX_TASK_ID=save_to_csv
AIRFLOW_CTX_EXECUTION_DATE=2022-11-01T02:00:00+00:00
AIRFLOW_CTX_DAG_RUN_ID=scheduled__2022-11-01T02:00:00+00:00
[2022-12-04 10:35:52,528] {python.py:175} INFO - Done. Returned value was: None
[2022-12-04 10:35:53,743] {taskinstance.py:1277} INFO - Marking task as SUCCESS. dag_id=dag1, task_id=save_to_csv, execution_date=20221101T020000, start_date=20221204T103551, end_date=20221204T103553
[2022-12-04 10:35:53,906] {local_task_job.py:154} INFO - Task exited with return code 0
[2022-12-04 10:35:54,101] {local_task_job.py:264} INFO - 1 downstream tasks scheduled from follow-on schedule check
