[2022-12-04 10:39:38,198] {taskinstance.py:1032} INFO - Dependencies all met for <TaskInstance: dag1.local_to_gcs_task scheduled__2022-11-01T10:30:00+00:00 [queued]>
[2022-12-04 10:39:38,239] {taskinstance.py:1032} INFO - Dependencies all met for <TaskInstance: dag1.local_to_gcs_task scheduled__2022-11-01T10:30:00+00:00 [queued]>
[2022-12-04 10:39:38,243] {taskinstance.py:1238} INFO - 
--------------------------------------------------------------------------------
[2022-12-04 10:39:38,253] {taskinstance.py:1239} INFO - Starting attempt 1 of 2
[2022-12-04 10:39:38,254] {taskinstance.py:1240} INFO - 
--------------------------------------------------------------------------------
[2022-12-04 10:39:38,302] {taskinstance.py:1259} INFO - Executing <Task(PythonOperator): local_to_gcs_task> on 2022-11-01 10:30:00+00:00
[2022-12-04 10:39:38,349] {standard_task_runner.py:76} INFO - Running: ['***', 'tasks', 'run', 'dag1', 'local_to_gcs_task', 'scheduled__2022-11-01T10:30:00+00:00', '--job-id', '3630', '--raw', '--subdir', 'DAGS_FOLDER/AirflowClean2.py', '--cfg-path', '/tmp/tmpensmah7t', '--error-file', '/tmp/tmpk8tcy725']
[2022-12-04 10:39:38,357] {standard_task_runner.py:77} INFO - Job 3630: Subtask local_to_gcs_task
[2022-12-04 10:39:38,329] {standard_task_runner.py:52} INFO - Started process 7050 to run task
[2022-12-04 10:39:38,685] {logging_mixin.py:109} INFO - Running <TaskInstance: dag1.local_to_gcs_task scheduled__2022-11-01T10:30:00+00:00 [running]> on host 9e44869ff3ef
[2022-12-04 10:39:39,013] {taskinstance.py:1426} INFO - Exporting the following env vars:
AIRFLOW_CTX_DAG_OWNER=Fadlil
AIRFLOW_CTX_DAG_ID=dag1
AIRFLOW_CTX_TASK_ID=local_to_gcs_task
AIRFLOW_CTX_EXECUTION_DATE=2022-11-01T10:30:00+00:00
AIRFLOW_CTX_DAG_RUN_ID=scheduled__2022-11-01T10:30:00+00:00
[2022-12-04 10:39:39,809] {python.py:175} INFO - Done. Returned value was: None
[2022-12-04 10:39:39,854] {taskinstance.py:1277} INFO - Marking task as SUCCESS. dag_id=dag1, task_id=local_to_gcs_task, execution_date=20221101T103000, start_date=20221204T103938, end_date=20221204T103939
[2022-12-04 10:39:39,986] {local_task_job.py:154} INFO - Task exited with return code 0
[2022-12-04 10:39:40,241] {local_task_job.py:264} INFO - 0 downstream tasks scheduled from follow-on schedule check
