[2022-12-04 17:41:54,460] {taskinstance.py:1032} INFO - Dependencies all met for <TaskInstance: dag1.save_to_parquet scheduled__2022-11-10T14:40:00+00:00 [queued]>
[2022-12-04 17:41:54,544] {taskinstance.py:1032} INFO - Dependencies all met for <TaskInstance: dag1.save_to_parquet scheduled__2022-11-10T14:40:00+00:00 [queued]>
[2022-12-04 17:41:54,544] {taskinstance.py:1238} INFO - 
--------------------------------------------------------------------------------
[2022-12-04 17:41:54,545] {taskinstance.py:1239} INFO - Starting attempt 1 of 2
[2022-12-04 17:41:54,546] {taskinstance.py:1240} INFO - 
--------------------------------------------------------------------------------
[2022-12-04 17:41:54,573] {taskinstance.py:1259} INFO - Executing <Task(PythonOperator): save_to_parquet> on 2022-11-10 14:40:00+00:00
[2022-12-04 17:41:54,612] {standard_task_runner.py:52} INFO - Started process 19658 to run task
[2022-12-04 17:41:54,627] {standard_task_runner.py:76} INFO - Running: ['***', 'tasks', 'run', 'dag1', 'save_to_parquet', 'scheduled__2022-11-10T14:40:00+00:00', '--job-id', '10810', '--raw', '--subdir', 'DAGS_FOLDER/AirflowClean2.py', '--cfg-path', '/tmp/tmp5s2u9yz7', '--error-file', '/tmp/tmprypd7oat']
[2022-12-04 17:41:54,631] {standard_task_runner.py:77} INFO - Job 10810: Subtask save_to_parquet
[2022-12-04 17:41:54,791] {logging_mixin.py:109} INFO - Running <TaskInstance: dag1.save_to_parquet scheduled__2022-11-10T14:40:00+00:00 [running]> on host 7a020590adae
[2022-12-04 17:41:54,938] {taskinstance.py:1426} INFO - Exporting the following env vars:
AIRFLOW_CTX_DAG_OWNER=Fadlil
AIRFLOW_CTX_DAG_ID=dag1
AIRFLOW_CTX_TASK_ID=save_to_parquet
AIRFLOW_CTX_EXECUTION_DATE=2022-11-10T14:40:00+00:00
AIRFLOW_CTX_DAG_RUN_ID=scheduled__2022-11-10T14:40:00+00:00
[2022-12-04 17:41:54,983] {python.py:175} INFO - Done. Returned value was: None
[2022-12-04 17:41:55,231] {taskinstance.py:1277} INFO - Marking task as SUCCESS. dag_id=dag1, task_id=save_to_parquet, execution_date=20221110T144000, start_date=20221204T174154, end_date=20221204T174155
[2022-12-04 17:41:55,341] {local_task_job.py:154} INFO - Task exited with return code 0
[2022-12-04 17:41:55,462] {local_task_job.py:264} INFO - 1 downstream tasks scheduled from follow-on schedule check
