[2022-12-04 11:03:34,879] {taskinstance.py:1032} INFO - Dependencies all met for <TaskInstance: dag1.save_to_parquet scheduled__2022-11-03T23:30:00+00:00 [queued]>
[2022-12-04 11:03:34,965] {taskinstance.py:1032} INFO - Dependencies all met for <TaskInstance: dag1.save_to_parquet scheduled__2022-11-03T23:30:00+00:00 [queued]>
[2022-12-04 11:03:35,049] {taskinstance.py:1238} INFO - 
--------------------------------------------------------------------------------
[2022-12-04 11:03:35,073] {taskinstance.py:1239} INFO - Starting attempt 1 of 2
[2022-12-04 11:03:35,092] {taskinstance.py:1240} INFO - 
--------------------------------------------------------------------------------
[2022-12-04 11:03:35,337] {taskinstance.py:1259} INFO - Executing <Task(PythonOperator): save_to_parquet> on 2022-11-03 23:30:00+00:00
[2022-12-04 11:03:35,344] {standard_task_runner.py:52} INFO - Started process 12125 to run task
[2022-12-04 11:03:35,368] {standard_task_runner.py:76} INFO - Running: ['***', 'tasks', 'run', 'dag1', 'save_to_parquet', 'scheduled__2022-11-03T23:30:00+00:00', '--job-id', '5094', '--raw', '--subdir', 'DAGS_FOLDER/AirflowClean2.py', '--cfg-path', '/tmp/tmp8s133jku', '--error-file', '/tmp/tmpn249qq6y']
[2022-12-04 11:03:35,377] {standard_task_runner.py:77} INFO - Job 5094: Subtask save_to_parquet
[2022-12-04 11:03:35,700] {logging_mixin.py:109} INFO - Running <TaskInstance: dag1.save_to_parquet scheduled__2022-11-03T23:30:00+00:00 [running]> on host 9e44869ff3ef
[2022-12-04 11:03:36,076] {taskinstance.py:1426} INFO - Exporting the following env vars:
AIRFLOW_CTX_DAG_OWNER=Fadlil
AIRFLOW_CTX_DAG_ID=dag1
AIRFLOW_CTX_TASK_ID=save_to_parquet
AIRFLOW_CTX_EXECUTION_DATE=2022-11-03T23:30:00+00:00
AIRFLOW_CTX_DAG_RUN_ID=scheduled__2022-11-03T23:30:00+00:00
[2022-12-04 11:03:37,550] {python.py:175} INFO - Done. Returned value was: None
[2022-12-04 11:03:37,582] {taskinstance.py:1277} INFO - Marking task as SUCCESS. dag_id=dag1, task_id=save_to_parquet, execution_date=20221103T233000, start_date=20221204T110334, end_date=20221204T110337
[2022-12-04 11:03:37,651] {local_task_job.py:154} INFO - Task exited with return code 0
[2022-12-04 11:03:37,761] {local_task_job.py:264} INFO - 1 downstream tasks scheduled from follow-on schedule check
