[2022-12-04 17:47:11,489] {taskinstance.py:1032} INFO - Dependencies all met for <TaskInstance: dag1.get_data scheduled__2022-11-10T16:50:00+00:00 [queued]>
[2022-12-04 17:47:11,504] {taskinstance.py:1032} INFO - Dependencies all met for <TaskInstance: dag1.get_data scheduled__2022-11-10T16:50:00+00:00 [queued]>
[2022-12-04 17:47:11,504] {taskinstance.py:1238} INFO - 
--------------------------------------------------------------------------------
[2022-12-04 17:47:11,505] {taskinstance.py:1239} INFO - Starting attempt 1 of 2
[2022-12-04 17:47:11,505] {taskinstance.py:1240} INFO - 
--------------------------------------------------------------------------------
[2022-12-04 17:47:11,562] {taskinstance.py:1259} INFO - Executing <Task(PythonOperator): get_data> on 2022-11-10 16:50:00+00:00
[2022-12-04 17:47:11,567] {standard_task_runner.py:52} INFO - Started process 20075 to run task
[2022-12-04 17:47:11,571] {standard_task_runner.py:76} INFO - Running: ['***', 'tasks', 'run', 'dag1', 'get_data', 'scheduled__2022-11-10T16:50:00+00:00', '--job-id', '10899', '--raw', '--subdir', 'DAGS_FOLDER/AirflowClean2.py', '--cfg-path', '/tmp/tmpb3elibkb', '--error-file', '/tmp/tmp0zaxxe9q']
[2022-12-04 17:47:11,572] {standard_task_runner.py:77} INFO - Job 10899: Subtask get_data
[2022-12-04 17:47:11,642] {logging_mixin.py:109} INFO - Running <TaskInstance: dag1.get_data scheduled__2022-11-10T16:50:00+00:00 [running]> on host 7a020590adae
[2022-12-04 17:47:11,713] {taskinstance.py:1426} INFO - Exporting the following env vars:
AIRFLOW_CTX_DAG_OWNER=Fadlil
AIRFLOW_CTX_DAG_ID=dag1
AIRFLOW_CTX_TASK_ID=get_data
AIRFLOW_CTX_EXECUTION_DATE=2022-11-10T16:50:00+00:00
AIRFLOW_CTX_DAG_RUN_ID=scheduled__2022-11-10T16:50:00+00:00
[2022-12-04 17:47:12,367] {python.py:175} INFO - Done. Returned value was: None
[2022-12-04 17:47:12,413] {taskinstance.py:1277} INFO - Marking task as SUCCESS. dag_id=dag1, task_id=get_data, execution_date=20221110T165000, start_date=20221204T174711, end_date=20221204T174712
[2022-12-04 17:47:12,469] {local_task_job.py:154} INFO - Task exited with return code 0
[2022-12-04 17:47:12,694] {local_task_job.py:264} INFO - 1 downstream tasks scheduled from follow-on schedule check
