[2022-12-04 13:16:02,322] {taskinstance.py:1032} INFO - Dependencies all met for <TaskInstance: dag1.local_to_gcs_task scheduled__2022-11-06T21:50:00+00:00 [queued]>
[2022-12-04 13:16:02,341] {taskinstance.py:1032} INFO - Dependencies all met for <TaskInstance: dag1.local_to_gcs_task scheduled__2022-11-06T21:50:00+00:00 [queued]>
[2022-12-04 13:16:02,342] {taskinstance.py:1238} INFO - 
--------------------------------------------------------------------------------
[2022-12-04 13:16:02,342] {taskinstance.py:1239} INFO - Starting attempt 1 of 2
[2022-12-04 13:16:02,342] {taskinstance.py:1240} INFO - 
--------------------------------------------------------------------------------
[2022-12-04 13:16:02,376] {taskinstance.py:1259} INFO - Executing <Task(PythonOperator): local_to_gcs_task> on 2022-11-06 21:50:00+00:00
[2022-12-04 13:16:02,385] {standard_task_runner.py:52} INFO - Started process 3434 to run task
[2022-12-04 13:16:02,393] {standard_task_runner.py:76} INFO - Running: ['***', 'tasks', 'run', 'dag1', 'local_to_gcs_task', 'scheduled__2022-11-06T21:50:00+00:00', '--job-id', '7425', '--raw', '--subdir', 'DAGS_FOLDER/AirflowClean2.py', '--cfg-path', '/tmp/tmpg_8zqr1_', '--error-file', '/tmp/tmpo3b4kwwb']
[2022-12-04 13:16:02,394] {standard_task_runner.py:77} INFO - Job 7425: Subtask local_to_gcs_task
[2022-12-04 13:16:02,774] {logging_mixin.py:109} INFO - Running <TaskInstance: dag1.local_to_gcs_task scheduled__2022-11-06T21:50:00+00:00 [running]> on host 7a020590adae
[2022-12-04 13:16:03,097] {taskinstance.py:1426} INFO - Exporting the following env vars:
AIRFLOW_CTX_DAG_OWNER=Fadlil
AIRFLOW_CTX_DAG_ID=dag1
AIRFLOW_CTX_TASK_ID=local_to_gcs_task
AIRFLOW_CTX_EXECUTION_DATE=2022-11-06T21:50:00+00:00
AIRFLOW_CTX_DAG_RUN_ID=scheduled__2022-11-06T21:50:00+00:00
[2022-12-04 13:16:04,130] {python.py:175} INFO - Done. Returned value was: None
[2022-12-04 13:16:04,208] {taskinstance.py:1277} INFO - Marking task as SUCCESS. dag_id=dag1, task_id=local_to_gcs_task, execution_date=20221106T215000, start_date=20221204T131602, end_date=20221204T131604
[2022-12-04 13:16:04,338] {local_task_job.py:154} INFO - Task exited with return code 0
[2022-12-04 13:16:04,530] {local_task_job.py:264} INFO - 1 downstream tasks scheduled from follow-on schedule check
