[2022-12-04 10:41:58,892] {taskinstance.py:1032} INFO - Dependencies all met for <TaskInstance: dag1.save_to_csv scheduled__2022-11-01T16:00:00+00:00 [queued]>
[2022-12-04 10:41:58,913] {taskinstance.py:1032} INFO - Dependencies all met for <TaskInstance: dag1.save_to_csv scheduled__2022-11-01T16:00:00+00:00 [queued]>
[2022-12-04 10:41:58,914] {taskinstance.py:1238} INFO - 
--------------------------------------------------------------------------------
[2022-12-04 10:41:58,914] {taskinstance.py:1239} INFO - Starting attempt 1 of 2
[2022-12-04 10:41:58,915] {taskinstance.py:1240} INFO - 
--------------------------------------------------------------------------------
[2022-12-04 10:41:58,943] {taskinstance.py:1259} INFO - Executing <Task(PythonOperator): save_to_csv> on 2022-11-01 16:00:00+00:00
[2022-12-04 10:41:58,960] {standard_task_runner.py:52} INFO - Started process 7485 to run task
[2022-12-04 10:41:58,973] {standard_task_runner.py:76} INFO - Running: ['***', 'tasks', 'run', 'dag1', 'save_to_csv', 'scheduled__2022-11-01T16:00:00+00:00', '--job-id', '3754', '--raw', '--subdir', 'DAGS_FOLDER/AirflowClean2.py', '--cfg-path', '/tmp/tmpe5b9xg8_', '--error-file', '/tmp/tmp3mz0795p']
[2022-12-04 10:41:58,974] {standard_task_runner.py:77} INFO - Job 3754: Subtask save_to_csv
[2022-12-04 10:41:59,099] {logging_mixin.py:109} INFO - Running <TaskInstance: dag1.save_to_csv scheduled__2022-11-01T16:00:00+00:00 [running]> on host 9e44869ff3ef
[2022-12-04 10:41:59,226] {taskinstance.py:1426} INFO - Exporting the following env vars:
AIRFLOW_CTX_DAG_OWNER=Fadlil
AIRFLOW_CTX_DAG_ID=dag1
AIRFLOW_CTX_TASK_ID=save_to_csv
AIRFLOW_CTX_EXECUTION_DATE=2022-11-01T16:00:00+00:00
AIRFLOW_CTX_DAG_RUN_ID=scheduled__2022-11-01T16:00:00+00:00
[2022-12-04 10:41:59,305] {python.py:175} INFO - Done. Returned value was: None
[2022-12-04 10:41:59,327] {taskinstance.py:1277} INFO - Marking task as SUCCESS. dag_id=dag1, task_id=save_to_csv, execution_date=20221101T160000, start_date=20221204T104158, end_date=20221204T104159
[2022-12-04 10:41:59,380] {local_task_job.py:154} INFO - Task exited with return code 0
[2022-12-04 10:41:59,457] {local_task_job.py:264} INFO - 1 downstream tasks scheduled from follow-on schedule check
