[2022-12-04 11:50:19,726] {taskinstance.py:1032} INFO - Dependencies all met for <TaskInstance: dag1.save_to_csv scheduled__2022-11-05T08:10:00+00:00 [queued]>
[2022-12-04 11:50:19,858] {taskinstance.py:1032} INFO - Dependencies all met for <TaskInstance: dag1.save_to_csv scheduled__2022-11-05T08:10:00+00:00 [queued]>
[2022-12-04 11:50:19,871] {taskinstance.py:1238} INFO - 
--------------------------------------------------------------------------------
[2022-12-04 11:50:19,882] {taskinstance.py:1239} INFO - Starting attempt 1 of 2
[2022-12-04 11:50:19,883] {taskinstance.py:1240} INFO - 
--------------------------------------------------------------------------------
[2022-12-04 11:50:19,990] {taskinstance.py:1259} INFO - Executing <Task(PythonOperator): save_to_csv> on 2022-11-05 08:10:00+00:00
[2022-12-04 11:50:20,025] {standard_task_runner.py:52} INFO - Started process 15573 to run task
[2022-12-04 11:50:20,065] {standard_task_runner.py:76} INFO - Running: ['***', 'tasks', 'run', 'dag1', 'save_to_csv', 'scheduled__2022-11-05T08:10:00+00:00', '--job-id', '5984', '--raw', '--subdir', 'DAGS_FOLDER/AirflowClean2.py', '--cfg-path', '/tmp/tmpgmudk9r7', '--error-file', '/tmp/tmpwy1pq_66']
[2022-12-04 11:50:20,074] {standard_task_runner.py:77} INFO - Job 5984: Subtask save_to_csv
[2022-12-04 11:50:21,002] {logging_mixin.py:109} INFO - Running <TaskInstance: dag1.save_to_csv scheduled__2022-11-05T08:10:00+00:00 [running]> on host 9e44869ff3ef
[2022-12-04 11:50:22,796] {taskinstance.py:1426} INFO - Exporting the following env vars:
AIRFLOW_CTX_DAG_OWNER=Fadlil
AIRFLOW_CTX_DAG_ID=dag1
AIRFLOW_CTX_TASK_ID=save_to_csv
AIRFLOW_CTX_EXECUTION_DATE=2022-11-05T08:10:00+00:00
AIRFLOW_CTX_DAG_RUN_ID=scheduled__2022-11-05T08:10:00+00:00
[2022-12-04 11:50:23,412] {python.py:175} INFO - Done. Returned value was: None
[2022-12-04 11:50:25,821] {taskinstance.py:1277} INFO - Marking task as SUCCESS. dag_id=dag1, task_id=save_to_csv, execution_date=20221105T081000, start_date=20221204T115019, end_date=20221204T115025
[2022-12-04 11:50:26,157] {local_task_job.py:154} INFO - Task exited with return code 0
[2022-12-04 11:50:26,895] {local_task_job.py:264} INFO - 1 downstream tasks scheduled from follow-on schedule check
