[2022-12-04 17:27:30,852] {taskinstance.py:1032} INFO - Dependencies all met for <TaskInstance: dag1.bigquery_external_table_task scheduled__2022-11-10T07:30:00+00:00 [queued]>
[2022-12-04 17:27:30,907] {taskinstance.py:1032} INFO - Dependencies all met for <TaskInstance: dag1.bigquery_external_table_task scheduled__2022-11-10T07:30:00+00:00 [queued]>
[2022-12-04 17:27:30,908] {taskinstance.py:1238} INFO - 
--------------------------------------------------------------------------------
[2022-12-04 17:27:30,908] {taskinstance.py:1239} INFO - Starting attempt 1 of 2
[2022-12-04 17:27:30,909] {taskinstance.py:1240} INFO - 
--------------------------------------------------------------------------------
[2022-12-04 17:27:30,960] {taskinstance.py:1259} INFO - Executing <Task(BigQueryCreateExternalTableOperator): bigquery_external_table_task> on 2022-11-10 07:30:00+00:00
[2022-12-04 17:27:30,968] {standard_task_runner.py:52} INFO - Started process 18366 to run task
[2022-12-04 17:27:30,980] {standard_task_runner.py:76} INFO - Running: ['***', 'tasks', 'run', 'dag1', 'bigquery_external_table_task', 'scheduled__2022-11-10T07:30:00+00:00', '--job-id', '10540', '--raw', '--subdir', 'DAGS_FOLDER/AirflowClean2.py', '--cfg-path', '/tmp/tmphs3h6o74', '--error-file', '/tmp/tmpibuj_jdt']
[2022-12-04 17:27:30,983] {standard_task_runner.py:77} INFO - Job 10540: Subtask bigquery_external_table_task
[2022-12-04 17:27:31,110] {logging_mixin.py:109} INFO - Running <TaskInstance: dag1.bigquery_external_table_task scheduled__2022-11-10T07:30:00+00:00 [running]> on host 7a020590adae
[2022-12-04 17:27:31,317] {taskinstance.py:1426} INFO - Exporting the following env vars:
AIRFLOW_CTX_DAG_OWNER=Fadlil
AIRFLOW_CTX_DAG_ID=dag1
AIRFLOW_CTX_TASK_ID=bigquery_external_table_task
AIRFLOW_CTX_EXECUTION_DATE=2022-11-10T07:30:00+00:00
AIRFLOW_CTX_DAG_RUN_ID=scheduled__2022-11-10T07:30:00+00:00
[2022-12-04 17:27:31,321] {crypto.py:82} WARNING - empty cryptography key - values will not be stored encrypted.
[2022-12-04 17:27:32,463] {taskinstance.py:1277} INFO - Marking task as SUCCESS. dag_id=dag1, task_id=bigquery_external_table_task, execution_date=20221110T073000, start_date=20221204T172730, end_date=20221204T172732
[2022-12-04 17:27:32,500] {local_task_job.py:154} INFO - Task exited with return code 0
[2022-12-04 17:27:32,562] {local_task_job.py:264} INFO - 1 downstream tasks scheduled from follow-on schedule check
