[2022-12-04 11:02:41,729] {taskinstance.py:1032} INFO - Dependencies all met for <TaskInstance: dag1.save_to_parquet scheduled__2022-11-03T21:30:00+00:00 [queued]>
[2022-12-04 11:02:42,754] {taskinstance.py:1032} INFO - Dependencies all met for <TaskInstance: dag1.save_to_parquet scheduled__2022-11-03T21:30:00+00:00 [queued]>
[2022-12-04 11:02:42,755] {taskinstance.py:1238} INFO - 
--------------------------------------------------------------------------------
[2022-12-04 11:02:42,756] {taskinstance.py:1239} INFO - Starting attempt 1 of 2
[2022-12-04 11:02:42,759] {taskinstance.py:1240} INFO - 
--------------------------------------------------------------------------------
[2022-12-04 11:02:42,876] {taskinstance.py:1259} INFO - Executing <Task(PythonOperator): save_to_parquet> on 2022-11-03 21:30:00+00:00
[2022-12-04 11:02:42,889] {standard_task_runner.py:52} INFO - Started process 11972 to run task
[2022-12-04 11:02:42,928] {standard_task_runner.py:76} INFO - Running: ['***', 'tasks', 'run', 'dag1', 'save_to_parquet', 'scheduled__2022-11-03T21:30:00+00:00', '--job-id', '5048', '--raw', '--subdir', 'DAGS_FOLDER/AirflowClean2.py', '--cfg-path', '/tmp/tmp5misrhh0', '--error-file', '/tmp/tmp2782guhf']
[2022-12-04 11:02:42,933] {standard_task_runner.py:77} INFO - Job 5048: Subtask save_to_parquet
[2022-12-04 11:02:43,106] {logging_mixin.py:109} INFO - Running <TaskInstance: dag1.save_to_parquet scheduled__2022-11-03T21:30:00+00:00 [running]> on host 9e44869ff3ef
[2022-12-04 11:02:43,406] {taskinstance.py:1426} INFO - Exporting the following env vars:
AIRFLOW_CTX_DAG_OWNER=Fadlil
AIRFLOW_CTX_DAG_ID=dag1
AIRFLOW_CTX_TASK_ID=save_to_parquet
AIRFLOW_CTX_EXECUTION_DATE=2022-11-03T21:30:00+00:00
AIRFLOW_CTX_DAG_RUN_ID=scheduled__2022-11-03T21:30:00+00:00
[2022-12-04 11:02:43,546] {python.py:175} INFO - Done. Returned value was: None
[2022-12-04 11:02:43,595] {taskinstance.py:1277} INFO - Marking task as SUCCESS. dag_id=dag1, task_id=save_to_parquet, execution_date=20221103T213000, start_date=20221204T110241, end_date=20221204T110243
[2022-12-04 11:02:43,704] {local_task_job.py:154} INFO - Task exited with return code 0
[2022-12-04 11:02:43,808] {local_task_job.py:264} INFO - 1 downstream tasks scheduled from follow-on schedule check
