[2022-12-03 17:47:56,202] {taskinstance.py:1032} INFO - Dependencies all met for <TaskInstance: dag1.save_to_csv scheduled__2022-10-26T14:50:00+00:00 [queued]>
[2022-12-03 17:47:56,325] {taskinstance.py:1032} INFO - Dependencies all met for <TaskInstance: dag1.save_to_csv scheduled__2022-10-26T14:50:00+00:00 [queued]>
[2022-12-03 17:47:56,325] {taskinstance.py:1238} INFO - 
--------------------------------------------------------------------------------
[2022-12-03 17:47:56,326] {taskinstance.py:1239} INFO - Starting attempt 1 of 2
[2022-12-03 17:47:56,326] {taskinstance.py:1240} INFO - 
--------------------------------------------------------------------------------
[2022-12-03 17:47:56,487] {taskinstance.py:1259} INFO - Executing <Task(PythonOperator): save_to_csv> on 2022-10-26 14:50:00+00:00
[2022-12-03 17:47:56,502] {standard_task_runner.py:52} INFO - Started process 669 to run task
[2022-12-03 17:47:56,527] {standard_task_runner.py:76} INFO - Running: ['***', 'tasks', 'run', 'dag1', 'save_to_csv', 'scheduled__2022-10-26T14:50:00+00:00', '--job-id', '345', '--raw', '--subdir', 'DAGS_FOLDER/AirflowClean2.py', '--cfg-path', '/tmp/tmp1jqzcf2d', '--error-file', '/tmp/tmp8an085w9']
[2022-12-03 17:47:56,532] {standard_task_runner.py:77} INFO - Job 345: Subtask save_to_csv
[2022-12-03 17:47:56,878] {logging_mixin.py:109} INFO - Running <TaskInstance: dag1.save_to_csv scheduled__2022-10-26T14:50:00+00:00 [running]> on host 422c372562ce
[2022-12-03 17:47:57,022] {taskinstance.py:1426} INFO - Exporting the following env vars:
AIRFLOW_CTX_DAG_OWNER=Fadlil
AIRFLOW_CTX_DAG_ID=dag1
AIRFLOW_CTX_TASK_ID=save_to_csv
AIRFLOW_CTX_EXECUTION_DATE=2022-10-26T14:50:00+00:00
AIRFLOW_CTX_DAG_RUN_ID=scheduled__2022-10-26T14:50:00+00:00
[2022-12-03 17:47:57,133] {python.py:175} INFO - Done. Returned value was: None
[2022-12-03 17:47:57,179] {taskinstance.py:1277} INFO - Marking task as SUCCESS. dag_id=dag1, task_id=save_to_csv, execution_date=20221026T145000, start_date=20221203T174756, end_date=20221203T174757
[2022-12-03 17:47:57,318] {local_task_job.py:154} INFO - Task exited with return code 0
[2022-12-03 17:47:58,330] {local_task_job.py:264} INFO - 0 downstream tasks scheduled from follow-on schedule check
