[2022-12-04 12:17:56,524] {taskinstance.py:1032} INFO - Dependencies all met for <TaskInstance: dag1.get_data scheduled__2022-11-05T20:30:00+00:00 [queued]>
[2022-12-04 12:17:56,592] {taskinstance.py:1032} INFO - Dependencies all met for <TaskInstance: dag1.get_data scheduled__2022-11-05T20:30:00+00:00 [queued]>
[2022-12-04 12:17:56,592] {taskinstance.py:1238} INFO - 
--------------------------------------------------------------------------------
[2022-12-04 12:17:56,593] {taskinstance.py:1239} INFO - Starting attempt 1 of 2
[2022-12-04 12:17:56,594] {taskinstance.py:1240} INFO - 
--------------------------------------------------------------------------------
[2022-12-04 12:17:56,650] {taskinstance.py:1259} INFO - Executing <Task(PythonOperator): get_data> on 2022-11-05 20:30:00+00:00
[2022-12-04 12:17:56,676] {standard_task_runner.py:52} INFO - Started process 17859 to run task
[2022-12-04 12:17:56,697] {standard_task_runner.py:76} INFO - Running: ['***', 'tasks', 'run', 'dag1', 'get_data', 'scheduled__2022-11-05T20:30:00+00:00', '--job-id', '6434', '--raw', '--subdir', 'DAGS_FOLDER/AirflowClean2.py', '--cfg-path', '/tmp/tmpin7v_3v8', '--error-file', '/tmp/tmpw__hc35v']
[2022-12-04 12:17:56,714] {standard_task_runner.py:77} INFO - Job 6434: Subtask get_data
[2022-12-04 12:17:56,898] {logging_mixin.py:109} INFO - Running <TaskInstance: dag1.get_data scheduled__2022-11-05T20:30:00+00:00 [running]> on host 9e44869ff3ef
[2022-12-04 12:17:57,667] {taskinstance.py:1426} INFO - Exporting the following env vars:
AIRFLOW_CTX_DAG_OWNER=Fadlil
AIRFLOW_CTX_DAG_ID=dag1
AIRFLOW_CTX_TASK_ID=get_data
AIRFLOW_CTX_EXECUTION_DATE=2022-11-05T20:30:00+00:00
AIRFLOW_CTX_DAG_RUN_ID=scheduled__2022-11-05T20:30:00+00:00
[2022-12-04 12:17:58,794] {python.py:175} INFO - Done. Returned value was: None
[2022-12-04 12:17:59,129] {taskinstance.py:1277} INFO - Marking task as SUCCESS. dag_id=dag1, task_id=get_data, execution_date=20221105T203000, start_date=20221204T121756, end_date=20221204T121759
[2022-12-04 12:17:59,313] {local_task_job.py:154} INFO - Task exited with return code 0
[2022-12-04 12:17:59,615] {local_task_job.py:264} INFO - 1 downstream tasks scheduled from follow-on schedule check
