[2022-12-04 09:51:57,807] {taskinstance.py:1032} INFO - Dependencies all met for <TaskInstance: dag1.get_data scheduled__2022-10-30T10:10:00+00:00 [queued]>
[2022-12-04 09:51:57,857] {taskinstance.py:1032} INFO - Dependencies all met for <TaskInstance: dag1.get_data scheduled__2022-10-30T10:10:00+00:00 [queued]>
[2022-12-04 09:51:57,858] {taskinstance.py:1238} INFO - 
--------------------------------------------------------------------------------
[2022-12-04 09:51:57,858] {taskinstance.py:1239} INFO - Starting attempt 1 of 2
[2022-12-04 09:51:57,859] {taskinstance.py:1240} INFO - 
--------------------------------------------------------------------------------
[2022-12-04 09:51:57,915] {taskinstance.py:1259} INFO - Executing <Task(PythonOperator): get_data> on 2022-10-30 10:10:00+00:00
[2022-12-04 09:51:57,941] {standard_task_runner.py:52} INFO - Started process 2094 to run task
[2022-12-04 09:51:58,010] {standard_task_runner.py:76} INFO - Running: ['***', 'tasks', 'run', 'dag1', 'get_data', 'scheduled__2022-10-30T10:10:00+00:00', '--job-id', '2506', '--raw', '--subdir', 'DAGS_FOLDER/AirflowClean2.py', '--cfg-path', '/tmp/tmpu569f_qh', '--error-file', '/tmp/tmpxb4_gse7']
[2022-12-04 09:51:58,012] {standard_task_runner.py:77} INFO - Job 2506: Subtask get_data
[2022-12-04 09:51:58,408] {logging_mixin.py:109} INFO - Running <TaskInstance: dag1.get_data scheduled__2022-10-30T10:10:00+00:00 [running]> on host 9e44869ff3ef
[2022-12-04 09:51:58,959] {taskinstance.py:1426} INFO - Exporting the following env vars:
AIRFLOW_CTX_DAG_OWNER=Fadlil
AIRFLOW_CTX_DAG_ID=dag1
AIRFLOW_CTX_TASK_ID=get_data
AIRFLOW_CTX_EXECUTION_DATE=2022-10-30T10:10:00+00:00
AIRFLOW_CTX_DAG_RUN_ID=scheduled__2022-10-30T10:10:00+00:00
[2022-12-04 09:51:59,749] {python.py:175} INFO - Done. Returned value was: None
[2022-12-04 09:52:00,194] {taskinstance.py:1277} INFO - Marking task as SUCCESS. dag_id=dag1, task_id=get_data, execution_date=20221030T101000, start_date=20221204T095157, end_date=20221204T095200
[2022-12-04 09:52:00,304] {local_task_job.py:154} INFO - Task exited with return code 0
[2022-12-04 09:52:00,462] {local_task_job.py:264} INFO - 1 downstream tasks scheduled from follow-on schedule check
