[2022-12-04 10:54:19,844] {taskinstance.py:1032} INFO - Dependencies all met for <TaskInstance: dag1.get_data scheduled__2022-11-02T23:30:00+00:00 [queued]>
[2022-12-04 10:54:19,996] {taskinstance.py:1032} INFO - Dependencies all met for <TaskInstance: dag1.get_data scheduled__2022-11-02T23:30:00+00:00 [queued]>
[2022-12-04 10:54:20,003] {taskinstance.py:1238} INFO - 
--------------------------------------------------------------------------------
[2022-12-04 10:54:20,004] {taskinstance.py:1239} INFO - Starting attempt 1 of 2
[2022-12-04 10:54:20,005] {taskinstance.py:1240} INFO - 
--------------------------------------------------------------------------------
[2022-12-04 10:54:20,108] {taskinstance.py:1259} INFO - Executing <Task(PythonOperator): get_data> on 2022-11-02 23:30:00+00:00
[2022-12-04 10:54:20,132] {standard_task_runner.py:76} INFO - Running: ['***', 'tasks', 'run', 'dag1', 'get_data', 'scheduled__2022-11-02T23:30:00+00:00', '--job-id', '4508', '--raw', '--subdir', 'DAGS_FOLDER/AirflowClean2.py', '--cfg-path', '/tmp/tmpey16j_54', '--error-file', '/tmp/tmp2_pzbgow']
[2022-12-04 10:54:20,137] {standard_task_runner.py:52} INFO - Started process 10121 to run task
[2022-12-04 10:54:20,144] {standard_task_runner.py:77} INFO - Job 4508: Subtask get_data
[2022-12-04 10:54:20,427] {logging_mixin.py:109} INFO - Running <TaskInstance: dag1.get_data scheduled__2022-11-02T23:30:00+00:00 [running]> on host 9e44869ff3ef
[2022-12-04 10:54:20,698] {taskinstance.py:1426} INFO - Exporting the following env vars:
AIRFLOW_CTX_DAG_OWNER=Fadlil
AIRFLOW_CTX_DAG_ID=dag1
AIRFLOW_CTX_TASK_ID=get_data
AIRFLOW_CTX_EXECUTION_DATE=2022-11-02T23:30:00+00:00
AIRFLOW_CTX_DAG_RUN_ID=scheduled__2022-11-02T23:30:00+00:00
[2022-12-04 10:54:21,431] {python.py:175} INFO - Done. Returned value was: None
[2022-12-04 10:54:21,866] {taskinstance.py:1277} INFO - Marking task as SUCCESS. dag_id=dag1, task_id=get_data, execution_date=20221102T233000, start_date=20221204T105419, end_date=20221204T105421
[2022-12-04 10:54:22,178] {local_task_job.py:154} INFO - Task exited with return code 0
[2022-12-04 10:54:22,344] {local_task_job.py:264} INFO - 1 downstream tasks scheduled from follow-on schedule check
