[2022-12-04 13:10:26,117] {taskinstance.py:1032} INFO - Dependencies all met for <TaskInstance: dag1.save_to_parquet scheduled__2022-11-06T19:30:00+00:00 [queued]>
[2022-12-04 13:10:26,140] {taskinstance.py:1032} INFO - Dependencies all met for <TaskInstance: dag1.save_to_parquet scheduled__2022-11-06T19:30:00+00:00 [queued]>
[2022-12-04 13:10:26,141] {taskinstance.py:1238} INFO - 
--------------------------------------------------------------------------------
[2022-12-04 13:10:26,141] {taskinstance.py:1239} INFO - Starting attempt 1 of 2
[2022-12-04 13:10:26,142] {taskinstance.py:1240} INFO - 
--------------------------------------------------------------------------------
[2022-12-04 13:10:26,194] {taskinstance.py:1259} INFO - Executing <Task(PythonOperator): save_to_parquet> on 2022-11-06 19:30:00+00:00
[2022-12-04 13:10:26,212] {standard_task_runner.py:52} INFO - Started process 2953 to run task
[2022-12-04 13:10:26,219] {standard_task_runner.py:76} INFO - Running: ['***', 'tasks', 'run', 'dag1', 'save_to_parquet', 'scheduled__2022-11-06T19:30:00+00:00', '--job-id', '7324', '--raw', '--subdir', 'DAGS_FOLDER/AirflowClean2.py', '--cfg-path', '/tmp/tmp7zk9u_1l', '--error-file', '/tmp/tmpm0a77d5h']
[2022-12-04 13:10:26,221] {standard_task_runner.py:77} INFO - Job 7324: Subtask save_to_parquet
[2022-12-04 13:10:26,337] {logging_mixin.py:109} INFO - Running <TaskInstance: dag1.save_to_parquet scheduled__2022-11-06T19:30:00+00:00 [running]> on host 7a020590adae
[2022-12-04 13:10:26,466] {taskinstance.py:1426} INFO - Exporting the following env vars:
AIRFLOW_CTX_DAG_OWNER=Fadlil
AIRFLOW_CTX_DAG_ID=dag1
AIRFLOW_CTX_TASK_ID=save_to_parquet
AIRFLOW_CTX_EXECUTION_DATE=2022-11-06T19:30:00+00:00
AIRFLOW_CTX_DAG_RUN_ID=scheduled__2022-11-06T19:30:00+00:00
[2022-12-04 13:10:26,518] {python.py:175} INFO - Done. Returned value was: None
[2022-12-04 13:10:26,539] {taskinstance.py:1277} INFO - Marking task as SUCCESS. dag_id=dag1, task_id=save_to_parquet, execution_date=20221106T193000, start_date=20221204T131026, end_date=20221204T131026
[2022-12-04 13:10:26,638] {local_task_job.py:154} INFO - Task exited with return code 0
[2022-12-04 13:10:26,716] {local_task_job.py:264} INFO - 1 downstream tasks scheduled from follow-on schedule check
