[2022-12-04 09:59:24,562] {taskinstance.py:1032} INFO - Dependencies all met for <TaskInstance: dag1.save_to_parquet scheduled__2022-10-31T00:20:00+00:00 [queued]>
[2022-12-04 09:59:24,688] {taskinstance.py:1032} INFO - Dependencies all met for <TaskInstance: dag1.save_to_parquet scheduled__2022-10-31T00:20:00+00:00 [queued]>
[2022-12-04 09:59:24,705] {taskinstance.py:1238} INFO - 
--------------------------------------------------------------------------------
[2022-12-04 09:59:24,709] {taskinstance.py:1239} INFO - Starting attempt 1 of 2
[2022-12-04 09:59:24,709] {taskinstance.py:1240} INFO - 
--------------------------------------------------------------------------------
[2022-12-04 09:59:24,872] {taskinstance.py:1259} INFO - Executing <Task(PythonOperator): save_to_parquet> on 2022-10-31 00:20:00+00:00
[2022-12-04 09:59:24,907] {standard_task_runner.py:52} INFO - Started process 3123 to run task
[2022-12-04 09:59:25,001] {standard_task_runner.py:76} INFO - Running: ['***', 'tasks', 'run', 'dag1', 'save_to_parquet', 'scheduled__2022-10-31T00:20:00+00:00', '--job-id', '2775', '--raw', '--subdir', 'DAGS_FOLDER/AirflowClean2.py', '--cfg-path', '/tmp/tmpadus784q', '--error-file', '/tmp/tmpja1b6ftx']
[2022-12-04 09:59:25,033] {standard_task_runner.py:77} INFO - Job 2775: Subtask save_to_parquet
[2022-12-04 09:59:25,465] {logging_mixin.py:109} INFO - Running <TaskInstance: dag1.save_to_parquet scheduled__2022-10-31T00:20:00+00:00 [running]> on host 9e44869ff3ef
[2022-12-04 09:59:25,655] {taskinstance.py:1426} INFO - Exporting the following env vars:
AIRFLOW_CTX_DAG_OWNER=Fadlil
AIRFLOW_CTX_DAG_ID=dag1
AIRFLOW_CTX_TASK_ID=save_to_parquet
AIRFLOW_CTX_EXECUTION_DATE=2022-10-31T00:20:00+00:00
AIRFLOW_CTX_DAG_RUN_ID=scheduled__2022-10-31T00:20:00+00:00
[2022-12-04 09:59:25,911] {python.py:175} INFO - Done. Returned value was: None
[2022-12-04 09:59:25,994] {taskinstance.py:1277} INFO - Marking task as SUCCESS. dag_id=dag1, task_id=save_to_parquet, execution_date=20221031T002000, start_date=20221204T095924, end_date=20221204T095925
[2022-12-04 09:59:26,184] {local_task_job.py:154} INFO - Task exited with return code 0
[2022-12-04 09:59:26,884] {local_task_job.py:264} INFO - 0 downstream tasks scheduled from follow-on schedule check
