[2022-12-04 10:41:50,388] {taskinstance.py:1032} INFO - Dependencies all met for <TaskInstance: dag1.local_to_gcs_task scheduled__2022-11-01T15:40:00+00:00 [queued]>
[2022-12-04 10:41:50,416] {taskinstance.py:1032} INFO - Dependencies all met for <TaskInstance: dag1.local_to_gcs_task scheduled__2022-11-01T15:40:00+00:00 [queued]>
[2022-12-04 10:41:50,418] {taskinstance.py:1238} INFO - 
--------------------------------------------------------------------------------
[2022-12-04 10:41:50,419] {taskinstance.py:1239} INFO - Starting attempt 1 of 2
[2022-12-04 10:41:50,419] {taskinstance.py:1240} INFO - 
--------------------------------------------------------------------------------
[2022-12-04 10:41:50,447] {taskinstance.py:1259} INFO - Executing <Task(PythonOperator): local_to_gcs_task> on 2022-11-01 15:40:00+00:00
[2022-12-04 10:41:50,455] {standard_task_runner.py:52} INFO - Started process 7460 to run task
[2022-12-04 10:41:50,474] {standard_task_runner.py:76} INFO - Running: ['***', 'tasks', 'run', 'dag1', 'local_to_gcs_task', 'scheduled__2022-11-01T15:40:00+00:00', '--job-id', '3749', '--raw', '--subdir', 'DAGS_FOLDER/AirflowClean2.py', '--cfg-path', '/tmp/tmpxinjlsc2', '--error-file', '/tmp/tmpdnei8cmy']
[2022-12-04 10:41:50,476] {standard_task_runner.py:77} INFO - Job 3749: Subtask local_to_gcs_task
[2022-12-04 10:41:50,768] {logging_mixin.py:109} INFO - Running <TaskInstance: dag1.local_to_gcs_task scheduled__2022-11-01T15:40:00+00:00 [running]> on host 9e44869ff3ef
[2022-12-04 10:41:50,857] {taskinstance.py:1426} INFO - Exporting the following env vars:
AIRFLOW_CTX_DAG_OWNER=Fadlil
AIRFLOW_CTX_DAG_ID=dag1
AIRFLOW_CTX_TASK_ID=local_to_gcs_task
AIRFLOW_CTX_EXECUTION_DATE=2022-11-01T15:40:00+00:00
AIRFLOW_CTX_DAG_RUN_ID=scheduled__2022-11-01T15:40:00+00:00
[2022-12-04 10:41:51,709] {python.py:175} INFO - Done. Returned value was: None
[2022-12-04 10:41:51,750] {taskinstance.py:1277} INFO - Marking task as SUCCESS. dag_id=dag1, task_id=local_to_gcs_task, execution_date=20221101T154000, start_date=20221204T104150, end_date=20221204T104151
[2022-12-04 10:41:51,843] {local_task_job.py:154} INFO - Task exited with return code 0
[2022-12-04 10:41:52,482] {local_task_job.py:264} INFO - 0 downstream tasks scheduled from follow-on schedule check
