[2022-12-04 12:07:25,867] {taskinstance.py:1032} INFO - Dependencies all met for <TaskInstance: dag1.bigquery_external_table_task scheduled__2022-11-05T15:50:00+00:00 [queued]>
[2022-12-04 12:07:25,898] {taskinstance.py:1032} INFO - Dependencies all met for <TaskInstance: dag1.bigquery_external_table_task scheduled__2022-11-05T15:50:00+00:00 [queued]>
[2022-12-04 12:07:25,898] {taskinstance.py:1238} INFO - 
--------------------------------------------------------------------------------
[2022-12-04 12:07:25,899] {taskinstance.py:1239} INFO - Starting attempt 1 of 2
[2022-12-04 12:07:25,900] {taskinstance.py:1240} INFO - 
--------------------------------------------------------------------------------
[2022-12-04 12:07:25,926] {taskinstance.py:1259} INFO - Executing <Task(BigQueryCreateExternalTableOperator): bigquery_external_table_task> on 2022-11-05 15:50:00+00:00
[2022-12-04 12:07:25,948] {standard_task_runner.py:52} INFO - Started process 17034 to run task
[2022-12-04 12:07:25,965] {standard_task_runner.py:76} INFO - Running: ['***', 'tasks', 'run', 'dag1', 'bigquery_external_table_task', 'scheduled__2022-11-05T15:50:00+00:00', '--job-id', '6273', '--raw', '--subdir', 'DAGS_FOLDER/AirflowClean2.py', '--cfg-path', '/tmp/tmp_o82jmy7', '--error-file', '/tmp/tmpzpprm9l0']
[2022-12-04 12:07:25,969] {standard_task_runner.py:77} INFO - Job 6273: Subtask bigquery_external_table_task
[2022-12-04 12:07:26,214] {logging_mixin.py:109} INFO - Running <TaskInstance: dag1.bigquery_external_table_task scheduled__2022-11-05T15:50:00+00:00 [running]> on host 9e44869ff3ef
[2022-12-04 12:07:26,535] {taskinstance.py:1426} INFO - Exporting the following env vars:
AIRFLOW_CTX_DAG_OWNER=Fadlil
AIRFLOW_CTX_DAG_ID=dag1
AIRFLOW_CTX_TASK_ID=bigquery_external_table_task
AIRFLOW_CTX_EXECUTION_DATE=2022-11-05T15:50:00+00:00
AIRFLOW_CTX_DAG_RUN_ID=scheduled__2022-11-05T15:50:00+00:00
[2022-12-04 12:07:26,537] {crypto.py:82} WARNING - empty cryptography key - values will not be stored encrypted.
[2022-12-04 12:07:28,041] {taskinstance.py:1277} INFO - Marking task as SUCCESS. dag_id=dag1, task_id=bigquery_external_table_task, execution_date=20221105T155000, start_date=20221204T120725, end_date=20221204T120728
[2022-12-04 12:07:28,099] {local_task_job.py:154} INFO - Task exited with return code 0
[2022-12-04 12:07:28,193] {local_task_job.py:264} INFO - 1 downstream tasks scheduled from follow-on schedule check
