[2022-12-04 14:14:07,583] {taskinstance.py:1032} INFO - Dependencies all met for <TaskInstance: dag1.save_to_parquet scheduled__2022-11-08T03:20:00+00:00 [queued]>
[2022-12-04 14:14:07,637] {taskinstance.py:1032} INFO - Dependencies all met for <TaskInstance: dag1.save_to_parquet scheduled__2022-11-08T03:20:00+00:00 [queued]>
[2022-12-04 14:14:07,638] {taskinstance.py:1238} INFO - 
--------------------------------------------------------------------------------
[2022-12-04 14:14:07,640] {taskinstance.py:1239} INFO - Starting attempt 1 of 2
[2022-12-04 14:14:07,646] {taskinstance.py:1240} INFO - 
--------------------------------------------------------------------------------
[2022-12-04 14:14:07,696] {taskinstance.py:1259} INFO - Executing <Task(PythonOperator): save_to_parquet> on 2022-11-08 03:20:00+00:00
[2022-12-04 14:14:07,705] {standard_task_runner.py:52} INFO - Started process 8730 to run task
[2022-12-04 14:14:07,717] {standard_task_runner.py:76} INFO - Running: ['***', 'tasks', 'run', 'dag1', 'save_to_parquet', 'scheduled__2022-11-08T03:20:00+00:00', '--job-id', '8544', '--raw', '--subdir', 'DAGS_FOLDER/AirflowClean2.py', '--cfg-path', '/tmp/tmp_357lvd9', '--error-file', '/tmp/tmp31dah31h']
[2022-12-04 14:14:07,718] {standard_task_runner.py:77} INFO - Job 8544: Subtask save_to_parquet
[2022-12-04 14:14:07,844] {logging_mixin.py:109} INFO - Running <TaskInstance: dag1.save_to_parquet scheduled__2022-11-08T03:20:00+00:00 [running]> on host 7a020590adae
[2022-12-04 14:14:07,981] {taskinstance.py:1426} INFO - Exporting the following env vars:
AIRFLOW_CTX_DAG_OWNER=Fadlil
AIRFLOW_CTX_DAG_ID=dag1
AIRFLOW_CTX_TASK_ID=save_to_parquet
AIRFLOW_CTX_EXECUTION_DATE=2022-11-08T03:20:00+00:00
AIRFLOW_CTX_DAG_RUN_ID=scheduled__2022-11-08T03:20:00+00:00
[2022-12-04 14:14:08,093] {python.py:175} INFO - Done. Returned value was: None
[2022-12-04 14:14:08,117] {taskinstance.py:1277} INFO - Marking task as SUCCESS. dag_id=dag1, task_id=save_to_parquet, execution_date=20221108T032000, start_date=20221204T141407, end_date=20221204T141408
[2022-12-04 14:14:08,190] {local_task_job.py:154} INFO - Task exited with return code 0
[2022-12-04 14:14:08,372] {local_task_job.py:264} INFO - 1 downstream tasks scheduled from follow-on schedule check
