[2022-12-04 10:31:05,216] {taskinstance.py:1032} INFO - Dependencies all met for <TaskInstance: dag1.save_to_parquet scheduled__2022-10-31T15:10:00+00:00 [queued]>
[2022-12-04 10:31:05,252] {taskinstance.py:1032} INFO - Dependencies all met for <TaskInstance: dag1.save_to_parquet scheduled__2022-10-31T15:10:00+00:00 [queued]>
[2022-12-04 10:31:05,253] {taskinstance.py:1238} INFO - 
--------------------------------------------------------------------------------
[2022-12-04 10:31:05,253] {taskinstance.py:1239} INFO - Starting attempt 1 of 2
[2022-12-04 10:31:05,254] {taskinstance.py:1240} INFO - 
--------------------------------------------------------------------------------
[2022-12-04 10:31:05,337] {taskinstance.py:1259} INFO - Executing <Task(PythonOperator): save_to_parquet> on 2022-10-31 15:10:00+00:00
[2022-12-04 10:31:05,346] {standard_task_runner.py:52} INFO - Started process 5383 to run task
[2022-12-04 10:31:05,367] {standard_task_runner.py:76} INFO - Running: ['***', 'tasks', 'run', 'dag1', 'save_to_parquet', 'scheduled__2022-10-31T15:10:00+00:00', '--job-id', '3157', '--raw', '--subdir', 'DAGS_FOLDER/AirflowClean2.py', '--cfg-path', '/tmp/tmpz1l7ea37', '--error-file', '/tmp/tmpiq06opd2']
[2022-12-04 10:31:05,376] {standard_task_runner.py:77} INFO - Job 3157: Subtask save_to_parquet
[2022-12-04 10:31:05,648] {logging_mixin.py:109} INFO - Running <TaskInstance: dag1.save_to_parquet scheduled__2022-10-31T15:10:00+00:00 [running]> on host 9e44869ff3ef
[2022-12-04 10:31:05,917] {taskinstance.py:1426} INFO - Exporting the following env vars:
AIRFLOW_CTX_DAG_OWNER=Fadlil
AIRFLOW_CTX_DAG_ID=dag1
AIRFLOW_CTX_TASK_ID=save_to_parquet
AIRFLOW_CTX_EXECUTION_DATE=2022-10-31T15:10:00+00:00
AIRFLOW_CTX_DAG_RUN_ID=scheduled__2022-10-31T15:10:00+00:00
[2022-12-04 10:31:06,027] {python.py:175} INFO - Done. Returned value was: None
[2022-12-04 10:31:06,330] {taskinstance.py:1277} INFO - Marking task as SUCCESS. dag_id=dag1, task_id=save_to_parquet, execution_date=20221031T151000, start_date=20221204T103105, end_date=20221204T103106
[2022-12-04 10:31:06,416] {local_task_job.py:154} INFO - Task exited with return code 0
[2022-12-04 10:31:06,556] {local_task_job.py:264} INFO - 1 downstream tasks scheduled from follow-on schedule check
