[2022-12-04 10:39:19,500] {taskinstance.py:1032} INFO - Dependencies all met for <TaskInstance: dag1.get_data scheduled__2022-11-01T10:40:00+00:00 [queued]>
[2022-12-04 10:39:19,622] {taskinstance.py:1032} INFO - Dependencies all met for <TaskInstance: dag1.get_data scheduled__2022-11-01T10:40:00+00:00 [queued]>
[2022-12-04 10:39:19,628] {taskinstance.py:1238} INFO - 
--------------------------------------------------------------------------------
[2022-12-04 10:39:19,646] {taskinstance.py:1239} INFO - Starting attempt 1 of 2
[2022-12-04 10:39:19,649] {taskinstance.py:1240} INFO - 
--------------------------------------------------------------------------------
[2022-12-04 10:39:19,895] {taskinstance.py:1259} INFO - Executing <Task(PythonOperator): get_data> on 2022-11-01 10:40:00+00:00
[2022-12-04 10:39:19,941] {standard_task_runner.py:76} INFO - Running: ['***', 'tasks', 'run', 'dag1', 'get_data', 'scheduled__2022-11-01T10:40:00+00:00', '--job-id', '3608', '--raw', '--subdir', 'DAGS_FOLDER/AirflowClean2.py', '--cfg-path', '/tmp/tmpuy8_w8k9', '--error-file', '/tmp/tmpgx7txe4h']
[2022-12-04 10:39:19,920] {standard_task_runner.py:52} INFO - Started process 6985 to run task
[2022-12-04 10:39:20,001] {standard_task_runner.py:77} INFO - Job 3608: Subtask get_data
[2022-12-04 10:39:21,391] {logging_mixin.py:109} INFO - Running <TaskInstance: dag1.get_data scheduled__2022-11-01T10:40:00+00:00 [running]> on host 9e44869ff3ef
[2022-12-04 10:39:21,689] {taskinstance.py:1426} INFO - Exporting the following env vars:
AIRFLOW_CTX_DAG_OWNER=Fadlil
AIRFLOW_CTX_DAG_ID=dag1
AIRFLOW_CTX_TASK_ID=get_data
AIRFLOW_CTX_EXECUTION_DATE=2022-11-01T10:40:00+00:00
AIRFLOW_CTX_DAG_RUN_ID=scheduled__2022-11-01T10:40:00+00:00
[2022-12-04 10:39:22,495] {python.py:175} INFO - Done. Returned value was: None
[2022-12-04 10:39:22,537] {taskinstance.py:1277} INFO - Marking task as SUCCESS. dag_id=dag1, task_id=get_data, execution_date=20221101T104000, start_date=20221204T103919, end_date=20221204T103922
[2022-12-04 10:39:22,658] {local_task_job.py:154} INFO - Task exited with return code 0
[2022-12-04 10:39:23,288] {local_task_job.py:264} INFO - 1 downstream tasks scheduled from follow-on schedule check
