[2022-12-04 11:05:02,254] {taskinstance.py:1032} INFO - Dependencies all met for <TaskInstance: dag1.local_to_gcs_task scheduled__2022-11-04T02:50:00+00:00 [queued]>
[2022-12-04 11:05:02,291] {taskinstance.py:1032} INFO - Dependencies all met for <TaskInstance: dag1.local_to_gcs_task scheduled__2022-11-04T02:50:00+00:00 [queued]>
[2022-12-04 11:05:02,292] {taskinstance.py:1238} INFO - 
--------------------------------------------------------------------------------
[2022-12-04 11:05:02,293] {taskinstance.py:1239} INFO - Starting attempt 1 of 2
[2022-12-04 11:05:02,294] {taskinstance.py:1240} INFO - 
--------------------------------------------------------------------------------
[2022-12-04 11:05:02,316] {taskinstance.py:1259} INFO - Executing <Task(PythonOperator): local_to_gcs_task> on 2022-11-04 02:50:00+00:00
[2022-12-04 11:05:02,323] {standard_task_runner.py:52} INFO - Started process 12439 to run task
[2022-12-04 11:05:02,338] {standard_task_runner.py:76} INFO - Running: ['***', 'tasks', 'run', 'dag1', 'local_to_gcs_task', 'scheduled__2022-11-04T02:50:00+00:00', '--job-id', '5187', '--raw', '--subdir', 'DAGS_FOLDER/AirflowClean2.py', '--cfg-path', '/tmp/tmps_tp455p', '--error-file', '/tmp/tmpy8aemi2g']
[2022-12-04 11:05:02,346] {standard_task_runner.py:77} INFO - Job 5187: Subtask local_to_gcs_task
[2022-12-04 11:05:02,545] {logging_mixin.py:109} INFO - Running <TaskInstance: dag1.local_to_gcs_task scheduled__2022-11-04T02:50:00+00:00 [running]> on host 9e44869ff3ef
[2022-12-04 11:05:02,781] {taskinstance.py:1426} INFO - Exporting the following env vars:
AIRFLOW_CTX_DAG_OWNER=Fadlil
AIRFLOW_CTX_DAG_ID=dag1
AIRFLOW_CTX_TASK_ID=local_to_gcs_task
AIRFLOW_CTX_EXECUTION_DATE=2022-11-04T02:50:00+00:00
AIRFLOW_CTX_DAG_RUN_ID=scheduled__2022-11-04T02:50:00+00:00
[2022-12-04 11:05:04,052] {python.py:175} INFO - Done. Returned value was: None
[2022-12-04 11:05:04,096] {taskinstance.py:1277} INFO - Marking task as SUCCESS. dag_id=dag1, task_id=local_to_gcs_task, execution_date=20221104T025000, start_date=20221204T110502, end_date=20221204T110504
[2022-12-04 11:05:04,181] {local_task_job.py:154} INFO - Task exited with return code 0
[2022-12-04 11:05:04,291] {local_task_job.py:264} INFO - 0 downstream tasks scheduled from follow-on schedule check
