[2022-12-04 04:22:45,100] {taskinstance.py:1032} INFO - Dependencies all met for <TaskInstance: dag1.save_to_csv scheduled__2022-10-28T09:50:00+00:00 [queued]>
[2022-12-04 04:22:45,190] {taskinstance.py:1032} INFO - Dependencies all met for <TaskInstance: dag1.save_to_csv scheduled__2022-10-28T09:50:00+00:00 [queued]>
[2022-12-04 04:22:45,191] {taskinstance.py:1238} INFO - 
--------------------------------------------------------------------------------
[2022-12-04 04:22:45,192] {taskinstance.py:1239} INFO - Starting attempt 1 of 2
[2022-12-04 04:22:45,192] {taskinstance.py:1240} INFO - 
--------------------------------------------------------------------------------
[2022-12-04 04:22:45,304] {taskinstance.py:1259} INFO - Executing <Task(PythonOperator): save_to_csv> on 2022-10-28 09:50:00+00:00
[2022-12-04 04:22:45,337] {standard_task_runner.py:52} INFO - Started process 4994 to run task
[2022-12-04 04:22:45,348] {standard_task_runner.py:76} INFO - Running: ['***', 'tasks', 'run', 'dag1', 'save_to_csv', 'scheduled__2022-10-28T09:50:00+00:00', '--job-id', '1415', '--raw', '--subdir', 'DAGS_FOLDER/AirflowClean2.py', '--cfg-path', '/tmp/tmpr0mdk2zp', '--error-file', '/tmp/tmpnszsa5yw']
[2022-12-04 04:22:45,407] {standard_task_runner.py:77} INFO - Job 1415: Subtask save_to_csv
[2022-12-04 04:22:46,016] {logging_mixin.py:109} INFO - Running <TaskInstance: dag1.save_to_csv scheduled__2022-10-28T09:50:00+00:00 [running]> on host 422c372562ce
[2022-12-04 04:22:46,539] {taskinstance.py:1426} INFO - Exporting the following env vars:
AIRFLOW_CTX_DAG_OWNER=Fadlil
AIRFLOW_CTX_DAG_ID=dag1
AIRFLOW_CTX_TASK_ID=save_to_csv
AIRFLOW_CTX_EXECUTION_DATE=2022-10-28T09:50:00+00:00
AIRFLOW_CTX_DAG_RUN_ID=scheduled__2022-10-28T09:50:00+00:00
[2022-12-04 04:22:46,888] {python.py:175} INFO - Done. Returned value was: None
[2022-12-04 04:22:47,103] {taskinstance.py:1277} INFO - Marking task as SUCCESS. dag_id=dag1, task_id=save_to_csv, execution_date=20221028T095000, start_date=20221204T042245, end_date=20221204T042247
[2022-12-04 04:22:47,266] {local_task_job.py:154} INFO - Task exited with return code 0
[2022-12-04 04:22:47,655] {local_task_job.py:264} INFO - 1 downstream tasks scheduled from follow-on schedule check
