[2022-12-04 04:03:58,408] {taskinstance.py:1032} INFO - Dependencies all met for <TaskInstance: dag1.get_data scheduled__2022-10-28T01:10:00+00:00 [queued]>
[2022-12-04 04:03:58,472] {taskinstance.py:1032} INFO - Dependencies all met for <TaskInstance: dag1.get_data scheduled__2022-10-28T01:10:00+00:00 [queued]>
[2022-12-04 04:03:58,484] {taskinstance.py:1238} INFO - 
--------------------------------------------------------------------------------
[2022-12-04 04:03:58,488] {taskinstance.py:1239} INFO - Starting attempt 1 of 2
[2022-12-04 04:03:58,489] {taskinstance.py:1240} INFO - 
--------------------------------------------------------------------------------
[2022-12-04 04:03:58,579] {taskinstance.py:1259} INFO - Executing <Task(PythonOperator): get_data> on 2022-10-28 01:10:00+00:00
[2022-12-04 04:03:58,607] {standard_task_runner.py:76} INFO - Running: ['***', 'tasks', 'run', 'dag1', 'get_data', 'scheduled__2022-10-28T01:10:00+00:00', '--job-id', '1194', '--raw', '--subdir', 'DAGS_FOLDER/AirflowClean2.py', '--cfg-path', '/tmp/tmphdsu57h8', '--error-file', '/tmp/tmpbeyf18_m']
[2022-12-04 04:03:58,590] {standard_task_runner.py:52} INFO - Started process 3786 to run task
[2022-12-04 04:03:58,609] {standard_task_runner.py:77} INFO - Job 1194: Subtask get_data
[2022-12-04 04:03:59,186] {logging_mixin.py:109} INFO - Running <TaskInstance: dag1.get_data scheduled__2022-10-28T01:10:00+00:00 [running]> on host 422c372562ce
[2022-12-04 04:03:59,605] {taskinstance.py:1426} INFO - Exporting the following env vars:
AIRFLOW_CTX_DAG_OWNER=Fadlil
AIRFLOW_CTX_DAG_ID=dag1
AIRFLOW_CTX_TASK_ID=get_data
AIRFLOW_CTX_EXECUTION_DATE=2022-10-28T01:10:00+00:00
AIRFLOW_CTX_DAG_RUN_ID=scheduled__2022-10-28T01:10:00+00:00
[2022-12-04 04:04:00,453] {python.py:175} INFO - Done. Returned value was: None
[2022-12-04 04:04:01,403] {taskinstance.py:1277} INFO - Marking task as SUCCESS. dag_id=dag1, task_id=get_data, execution_date=20221028T011000, start_date=20221204T040358, end_date=20221204T040401
[2022-12-04 04:04:01,661] {local_task_job.py:154} INFO - Task exited with return code 0
[2022-12-04 04:04:01,779] {local_task_job.py:264} INFO - 1 downstream tasks scheduled from follow-on schedule check
