[2022-12-04 15:12:58,578] {taskinstance.py:1032} INFO - Dependencies all met for <TaskInstance: dag1.save_to_csv scheduled__2022-11-09T08:20:00+00:00 [queued]>
[2022-12-04 15:12:58,598] {taskinstance.py:1032} INFO - Dependencies all met for <TaskInstance: dag1.save_to_csv scheduled__2022-11-09T08:20:00+00:00 [queued]>
[2022-12-04 15:12:58,598] {taskinstance.py:1238} INFO - 
--------------------------------------------------------------------------------
[2022-12-04 15:12:58,599] {taskinstance.py:1239} INFO - Starting attempt 1 of 2
[2022-12-04 15:12:58,599] {taskinstance.py:1240} INFO - 
--------------------------------------------------------------------------------
[2022-12-04 15:12:58,641] {taskinstance.py:1259} INFO - Executing <Task(PythonOperator): save_to_csv> on 2022-11-09 08:20:00+00:00
[2022-12-04 15:12:58,648] {standard_task_runner.py:52} INFO - Started process 14120 to run task
[2022-12-04 15:12:58,658] {standard_task_runner.py:76} INFO - Running: ['***', 'tasks', 'run', 'dag1', 'save_to_csv', 'scheduled__2022-11-09T08:20:00+00:00', '--job-id', '9661', '--raw', '--subdir', 'DAGS_FOLDER/AirflowClean2.py', '--cfg-path', '/tmp/tmpj3xml2ym', '--error-file', '/tmp/tmpcm1_x680']
[2022-12-04 15:12:58,659] {standard_task_runner.py:77} INFO - Job 9661: Subtask save_to_csv
[2022-12-04 15:12:58,745] {logging_mixin.py:109} INFO - Running <TaskInstance: dag1.save_to_csv scheduled__2022-11-09T08:20:00+00:00 [running]> on host 7a020590adae
[2022-12-04 15:12:58,831] {taskinstance.py:1426} INFO - Exporting the following env vars:
AIRFLOW_CTX_DAG_OWNER=Fadlil
AIRFLOW_CTX_DAG_ID=dag1
AIRFLOW_CTX_TASK_ID=save_to_csv
AIRFLOW_CTX_EXECUTION_DATE=2022-11-09T08:20:00+00:00
AIRFLOW_CTX_DAG_RUN_ID=scheduled__2022-11-09T08:20:00+00:00
[2022-12-04 15:12:58,886] {python.py:175} INFO - Done. Returned value was: None
[2022-12-04 15:12:58,906] {taskinstance.py:1277} INFO - Marking task as SUCCESS. dag_id=dag1, task_id=save_to_csv, execution_date=20221109T082000, start_date=20221204T151258, end_date=20221204T151258
[2022-12-04 15:12:58,946] {local_task_job.py:154} INFO - Task exited with return code 0
[2022-12-04 15:12:59,027] {local_task_job.py:264} INFO - 1 downstream tasks scheduled from follow-on schedule check
