[2022-12-04 09:27:48,218] {taskinstance.py:1032} INFO - Dependencies all met for <TaskInstance: dag1.save_to_csv scheduled__2022-10-30T00:30:00+00:00 [queued]>
[2022-12-04 09:27:48,421] {taskinstance.py:1032} INFO - Dependencies all met for <TaskInstance: dag1.save_to_csv scheduled__2022-10-30T00:30:00+00:00 [queued]>
[2022-12-04 09:27:48,438] {taskinstance.py:1238} INFO - 
--------------------------------------------------------------------------------
[2022-12-04 09:27:48,440] {taskinstance.py:1239} INFO - Starting attempt 1 of 2
[2022-12-04 09:27:48,454] {taskinstance.py:1240} INFO - 
--------------------------------------------------------------------------------
[2022-12-04 09:27:48,597] {taskinstance.py:1259} INFO - Executing <Task(PythonOperator): save_to_csv> on 2022-10-30 00:30:00+00:00
[2022-12-04 09:27:48,617] {standard_task_runner.py:52} INFO - Started process 693 to run task
[2022-12-04 09:27:48,647] {standard_task_runner.py:76} INFO - Running: ['***', 'tasks', 'run', 'dag1', 'save_to_csv', 'scheduled__2022-10-30T00:30:00+00:00', '--job-id', '2335', '--raw', '--subdir', 'DAGS_FOLDER/AirflowClean2.py', '--cfg-path', '/tmp/tmpjdef_4m6', '--error-file', '/tmp/tmpqnfwyb__']
[2022-12-04 09:27:48,651] {standard_task_runner.py:77} INFO - Job 2335: Subtask save_to_csv
[2022-12-04 09:27:49,055] {logging_mixin.py:109} INFO - Running <TaskInstance: dag1.save_to_csv scheduled__2022-10-30T00:30:00+00:00 [running]> on host 9e44869ff3ef
[2022-12-04 09:27:49,369] {taskinstance.py:1426} INFO - Exporting the following env vars:
AIRFLOW_CTX_DAG_OWNER=Fadlil
AIRFLOW_CTX_DAG_ID=dag1
AIRFLOW_CTX_TASK_ID=save_to_csv
AIRFLOW_CTX_EXECUTION_DATE=2022-10-30T00:30:00+00:00
AIRFLOW_CTX_DAG_RUN_ID=scheduled__2022-10-30T00:30:00+00:00
[2022-12-04 09:27:49,664] {python.py:175} INFO - Done. Returned value was: None
[2022-12-04 09:27:50,163] {taskinstance.py:1277} INFO - Marking task as SUCCESS. dag_id=dag1, task_id=save_to_csv, execution_date=20221030T003000, start_date=20221204T092748, end_date=20221204T092750
[2022-12-04 09:27:50,341] {local_task_job.py:154} INFO - Task exited with return code 0
[2022-12-04 09:27:50,627] {local_task_job.py:264} INFO - 1 downstream tasks scheduled from follow-on schedule check
