[2022-12-04 04:46:36,311] {taskinstance.py:1032} INFO - Dependencies all met for <TaskInstance: dag1.save_to_csv scheduled__2022-10-28T20:30:00+00:00 [queued]>
[2022-12-04 04:46:36,489] {taskinstance.py:1032} INFO - Dependencies all met for <TaskInstance: dag1.save_to_csv scheduled__2022-10-28T20:30:00+00:00 [queued]>
[2022-12-04 04:46:36,508] {taskinstance.py:1238} INFO - 
--------------------------------------------------------------------------------
[2022-12-04 04:46:36,510] {taskinstance.py:1239} INFO - Starting attempt 1 of 2
[2022-12-04 04:46:36,510] {taskinstance.py:1240} INFO - 
--------------------------------------------------------------------------------
[2022-12-04 04:46:36,669] {taskinstance.py:1259} INFO - Executing <Task(PythonOperator): save_to_csv> on 2022-10-28 20:30:00+00:00
[2022-12-04 04:46:36,701] {standard_task_runner.py:52} INFO - Started process 6435 to run task
[2022-12-04 04:46:36,817] {standard_task_runner.py:76} INFO - Running: ['***', 'tasks', 'run', 'dag1', 'save_to_csv', 'scheduled__2022-10-28T20:30:00+00:00', '--job-id', '1671', '--raw', '--subdir', 'DAGS_FOLDER/AirflowClean2.py', '--cfg-path', '/tmp/tmpdrb3h2xv', '--error-file', '/tmp/tmpm8j9h1cl']
[2022-12-04 04:46:36,842] {standard_task_runner.py:77} INFO - Job 1671: Subtask save_to_csv
[2022-12-04 04:46:37,773] {logging_mixin.py:109} INFO - Running <TaskInstance: dag1.save_to_csv scheduled__2022-10-28T20:30:00+00:00 [running]> on host 422c372562ce
[2022-12-04 04:46:38,112] {taskinstance.py:1426} INFO - Exporting the following env vars:
AIRFLOW_CTX_DAG_OWNER=Fadlil
AIRFLOW_CTX_DAG_ID=dag1
AIRFLOW_CTX_TASK_ID=save_to_csv
AIRFLOW_CTX_EXECUTION_DATE=2022-10-28T20:30:00+00:00
AIRFLOW_CTX_DAG_RUN_ID=scheduled__2022-10-28T20:30:00+00:00
[2022-12-04 04:46:38,453] {python.py:175} INFO - Done. Returned value was: None
[2022-12-04 04:46:39,487] {taskinstance.py:1277} INFO - Marking task as SUCCESS. dag_id=dag1, task_id=save_to_csv, execution_date=20221028T203000, start_date=20221204T044636, end_date=20221204T044639
[2022-12-04 04:46:39,655] {local_task_job.py:154} INFO - Task exited with return code 0
[2022-12-04 04:46:40,119] {local_task_job.py:264} INFO - 1 downstream tasks scheduled from follow-on schedule check
