[2022-12-04 10:42:07,331] {taskinstance.py:1032} INFO - Dependencies all met for <TaskInstance: dag1.get_data scheduled__2022-11-01T17:00:00+00:00 [queued]>
[2022-12-04 10:42:07,414] {taskinstance.py:1032} INFO - Dependencies all met for <TaskInstance: dag1.get_data scheduled__2022-11-01T17:00:00+00:00 [queued]>
[2022-12-04 10:42:07,415] {taskinstance.py:1238} INFO - 
--------------------------------------------------------------------------------
[2022-12-04 10:42:07,416] {taskinstance.py:1239} INFO - Starting attempt 1 of 2
[2022-12-04 10:42:07,420] {taskinstance.py:1240} INFO - 
--------------------------------------------------------------------------------
[2022-12-04 10:42:07,510] {taskinstance.py:1259} INFO - Executing <Task(PythonOperator): get_data> on 2022-11-01 17:00:00+00:00
[2022-12-04 10:42:07,520] {standard_task_runner.py:52} INFO - Started process 7520 to run task
[2022-12-04 10:42:07,559] {standard_task_runner.py:76} INFO - Running: ['***', 'tasks', 'run', 'dag1', 'get_data', 'scheduled__2022-11-01T17:00:00+00:00', '--job-id', '3764', '--raw', '--subdir', 'DAGS_FOLDER/AirflowClean2.py', '--cfg-path', '/tmp/tmpdeoiwiuv', '--error-file', '/tmp/tmpfybaan68']
[2022-12-04 10:42:07,582] {standard_task_runner.py:77} INFO - Job 3764: Subtask get_data
[2022-12-04 10:42:07,918] {logging_mixin.py:109} INFO - Running <TaskInstance: dag1.get_data scheduled__2022-11-01T17:00:00+00:00 [running]> on host 9e44869ff3ef
[2022-12-04 10:42:08,337] {taskinstance.py:1426} INFO - Exporting the following env vars:
AIRFLOW_CTX_DAG_OWNER=Fadlil
AIRFLOW_CTX_DAG_ID=dag1
AIRFLOW_CTX_TASK_ID=get_data
AIRFLOW_CTX_EXECUTION_DATE=2022-11-01T17:00:00+00:00
AIRFLOW_CTX_DAG_RUN_ID=scheduled__2022-11-01T17:00:00+00:00
[2022-12-04 10:42:09,201] {python.py:175} INFO - Done. Returned value was: None
[2022-12-04 10:42:09,795] {taskinstance.py:1277} INFO - Marking task as SUCCESS. dag_id=dag1, task_id=get_data, execution_date=20221101T170000, start_date=20221204T104207, end_date=20221204T104209
[2022-12-04 10:42:10,019] {local_task_job.py:154} INFO - Task exited with return code 0
[2022-12-04 10:42:10,193] {local_task_job.py:264} INFO - 1 downstream tasks scheduled from follow-on schedule check
