[2022-12-04 12:51:23,937] {taskinstance.py:1032} INFO - Dependencies all met for <TaskInstance: dag1.save_to_parquet scheduled__2022-11-06T09:40:00+00:00 [queued]>
[2022-12-04 12:51:23,970] {taskinstance.py:1032} INFO - Dependencies all met for <TaskInstance: dag1.save_to_parquet scheduled__2022-11-06T09:40:00+00:00 [queued]>
[2022-12-04 12:51:23,973] {taskinstance.py:1238} INFO - 
--------------------------------------------------------------------------------
[2022-12-04 12:51:23,975] {taskinstance.py:1239} INFO - Starting attempt 1 of 2
[2022-12-04 12:51:23,979] {taskinstance.py:1240} INFO - 
--------------------------------------------------------------------------------
[2022-12-04 12:51:24,014] {taskinstance.py:1259} INFO - Executing <Task(PythonOperator): save_to_parquet> on 2022-11-06 09:40:00+00:00
[2022-12-04 12:51:24,022] {standard_task_runner.py:52} INFO - Started process 1192 to run task
[2022-12-04 12:51:24,028] {standard_task_runner.py:76} INFO - Running: ['***', 'tasks', 'run', 'dag1', 'save_to_parquet', 'scheduled__2022-11-06T09:40:00+00:00', '--job-id', '6945', '--raw', '--subdir', 'DAGS_FOLDER/AirflowClean2.py', '--cfg-path', '/tmp/tmp_6m_0q_4', '--error-file', '/tmp/tmp87ux9rde']
[2022-12-04 12:51:24,045] {standard_task_runner.py:77} INFO - Job 6945: Subtask save_to_parquet
[2022-12-04 12:51:24,158] {logging_mixin.py:109} INFO - Running <TaskInstance: dag1.save_to_parquet scheduled__2022-11-06T09:40:00+00:00 [running]> on host 7a020590adae
[2022-12-04 12:51:24,286] {taskinstance.py:1426} INFO - Exporting the following env vars:
AIRFLOW_CTX_DAG_OWNER=Fadlil
AIRFLOW_CTX_DAG_ID=dag1
AIRFLOW_CTX_TASK_ID=save_to_parquet
AIRFLOW_CTX_EXECUTION_DATE=2022-11-06T09:40:00+00:00
AIRFLOW_CTX_DAG_RUN_ID=scheduled__2022-11-06T09:40:00+00:00
[2022-12-04 12:51:24,341] {python.py:175} INFO - Done. Returned value was: None
[2022-12-04 12:51:24,376] {taskinstance.py:1277} INFO - Marking task as SUCCESS. dag_id=dag1, task_id=save_to_parquet, execution_date=20221106T094000, start_date=20221204T125123, end_date=20221204T125124
[2022-12-04 12:51:24,440] {local_task_job.py:154} INFO - Task exited with return code 0
[2022-12-04 12:51:24,514] {local_task_job.py:264} INFO - 1 downstream tasks scheduled from follow-on schedule check
