[2022-12-04 12:17:49,584] {taskinstance.py:1032} INFO - Dependencies all met for <TaskInstance: dag1.delete_local_file scheduled__2022-11-05T19:40:00+00:00 [queued]>
[2022-12-04 12:17:49,935] {taskinstance.py:1032} INFO - Dependencies all met for <TaskInstance: dag1.delete_local_file scheduled__2022-11-05T19:40:00+00:00 [queued]>
[2022-12-04 12:17:49,942] {taskinstance.py:1238} INFO - 
--------------------------------------------------------------------------------
[2022-12-04 12:17:49,951] {taskinstance.py:1239} INFO - Starting attempt 1 of 2
[2022-12-04 12:17:49,968] {taskinstance.py:1240} INFO - 
--------------------------------------------------------------------------------
[2022-12-04 12:17:50,224] {taskinstance.py:1259} INFO - Executing <Task(PythonOperator): delete_local_file> on 2022-11-05 19:40:00+00:00
[2022-12-04 12:17:50,437] {standard_task_runner.py:76} INFO - Running: ['***', 'tasks', 'run', 'dag1', 'delete_local_file', 'scheduled__2022-11-05T19:40:00+00:00', '--job-id', '6430', '--raw', '--subdir', 'DAGS_FOLDER/AirflowClean2.py', '--cfg-path', '/tmp/tmpkbkif9a9', '--error-file', '/tmp/tmp3qju8mlp']
[2022-12-04 12:17:50,467] {standard_task_runner.py:77} INFO - Job 6430: Subtask delete_local_file
[2022-12-04 12:17:50,309] {standard_task_runner.py:52} INFO - Started process 17844 to run task
[2022-12-04 12:17:51,018] {logging_mixin.py:109} INFO - Running <TaskInstance: dag1.delete_local_file scheduled__2022-11-05T19:40:00+00:00 [running]> on host 9e44869ff3ef
[2022-12-04 12:17:51,596] {taskinstance.py:1426} INFO - Exporting the following env vars:
AIRFLOW_CTX_DAG_OWNER=Fadlil
AIRFLOW_CTX_DAG_ID=dag1
AIRFLOW_CTX_TASK_ID=delete_local_file
AIRFLOW_CTX_EXECUTION_DATE=2022-11-05T19:40:00+00:00
AIRFLOW_CTX_DAG_RUN_ID=scheduled__2022-11-05T19:40:00+00:00
[2022-12-04 12:17:51,625] {python.py:175} INFO - Done. Returned value was: None
[2022-12-04 12:17:52,603] {taskinstance.py:1277} INFO - Marking task as SUCCESS. dag_id=dag1, task_id=delete_local_file, execution_date=20221105T194000, start_date=20221204T121749, end_date=20221204T121752
[2022-12-04 12:17:52,731] {local_task_job.py:154} INFO - Task exited with return code 0
[2022-12-04 12:17:52,868] {local_task_job.py:264} INFO - 0 downstream tasks scheduled from follow-on schedule check
