[2022-12-03 17:53:38,672] {taskinstance.py:1032} INFO - Dependencies all met for <TaskInstance: dag1.save_to_csv scheduled__2022-10-26T17:30:00+00:00 [queued]>
[2022-12-03 17:53:38,858] {taskinstance.py:1032} INFO - Dependencies all met for <TaskInstance: dag1.save_to_csv scheduled__2022-10-26T17:30:00+00:00 [queued]>
[2022-12-03 17:53:38,860] {taskinstance.py:1238} INFO - 
--------------------------------------------------------------------------------
[2022-12-03 17:53:38,870] {taskinstance.py:1239} INFO - Starting attempt 1 of 2
[2022-12-03 17:53:38,880] {taskinstance.py:1240} INFO - 
--------------------------------------------------------------------------------
[2022-12-03 17:53:38,940] {taskinstance.py:1259} INFO - Executing <Task(PythonOperator): save_to_csv> on 2022-10-26 17:30:00+00:00
[2022-12-03 17:53:38,948] {standard_task_runner.py:52} INFO - Started process 1072 to run task
[2022-12-03 17:53:38,984] {standard_task_runner.py:76} INFO - Running: ['***', 'tasks', 'run', 'dag1', 'save_to_csv', 'scheduled__2022-10-26T17:30:00+00:00', '--job-id', '409', '--raw', '--subdir', 'DAGS_FOLDER/AirflowClean2.py', '--cfg-path', '/tmp/tmpja06kpk5', '--error-file', '/tmp/tmpp_ha7qxj']
[2022-12-03 17:53:38,986] {standard_task_runner.py:77} INFO - Job 409: Subtask save_to_csv
[2022-12-03 17:53:39,814] {logging_mixin.py:109} INFO - Running <TaskInstance: dag1.save_to_csv scheduled__2022-10-26T17:30:00+00:00 [running]> on host 422c372562ce
[2022-12-03 17:53:40,792] {taskinstance.py:1426} INFO - Exporting the following env vars:
AIRFLOW_CTX_DAG_OWNER=Fadlil
AIRFLOW_CTX_DAG_ID=dag1
AIRFLOW_CTX_TASK_ID=save_to_csv
AIRFLOW_CTX_EXECUTION_DATE=2022-10-26T17:30:00+00:00
AIRFLOW_CTX_DAG_RUN_ID=scheduled__2022-10-26T17:30:00+00:00
[2022-12-03 17:53:41,272] {python.py:175} INFO - Done. Returned value was: None
[2022-12-03 17:53:41,345] {taskinstance.py:1277} INFO - Marking task as SUCCESS. dag_id=dag1, task_id=save_to_csv, execution_date=20221026T173000, start_date=20221203T175338, end_date=20221203T175341
[2022-12-03 17:53:41,625] {local_task_job.py:154} INFO - Task exited with return code 0
[2022-12-03 17:53:41,981] {local_task_job.py:264} INFO - 1 downstream tasks scheduled from follow-on schedule check
