[2022-12-04 11:30:32,865] {taskinstance.py:1032} INFO - Dependencies all met for <TaskInstance: dag1.save_to_parquet scheduled__2022-11-04T12:40:00+00:00 [queued]>
[2022-12-04 11:30:33,016] {taskinstance.py:1032} INFO - Dependencies all met for <TaskInstance: dag1.save_to_parquet scheduled__2022-11-04T12:40:00+00:00 [queued]>
[2022-12-04 11:30:33,020] {taskinstance.py:1238} INFO - 
--------------------------------------------------------------------------------
[2022-12-04 11:30:33,021] {taskinstance.py:1239} INFO - Starting attempt 1 of 2
[2022-12-04 11:30:33,021] {taskinstance.py:1240} INFO - 
--------------------------------------------------------------------------------
[2022-12-04 11:30:33,101] {taskinstance.py:1259} INFO - Executing <Task(PythonOperator): save_to_parquet> on 2022-11-04 12:40:00+00:00
[2022-12-04 11:30:33,131] {standard_task_runner.py:52} INFO - Started process 13225 to run task
[2022-12-04 11:30:33,143] {standard_task_runner.py:76} INFO - Running: ['***', 'tasks', 'run', 'dag1', 'save_to_parquet', 'scheduled__2022-11-04T12:40:00+00:00', '--job-id', '5412', '--raw', '--subdir', 'DAGS_FOLDER/AirflowClean2.py', '--cfg-path', '/tmp/tmpe9g5qtaa', '--error-file', '/tmp/tmp0t24tddo']
[2022-12-04 11:30:33,180] {standard_task_runner.py:77} INFO - Job 5412: Subtask save_to_parquet
[2022-12-04 11:30:33,579] {logging_mixin.py:109} INFO - Running <TaskInstance: dag1.save_to_parquet scheduled__2022-11-04T12:40:00+00:00 [running]> on host 9e44869ff3ef
[2022-12-04 11:30:34,026] {taskinstance.py:1426} INFO - Exporting the following env vars:
AIRFLOW_CTX_DAG_OWNER=Fadlil
AIRFLOW_CTX_DAG_ID=dag1
AIRFLOW_CTX_TASK_ID=save_to_parquet
AIRFLOW_CTX_EXECUTION_DATE=2022-11-04T12:40:00+00:00
AIRFLOW_CTX_DAG_RUN_ID=scheduled__2022-11-04T12:40:00+00:00
[2022-12-04 11:30:34,290] {python.py:175} INFO - Done. Returned value was: None
[2022-12-04 11:30:34,611] {taskinstance.py:1277} INFO - Marking task as SUCCESS. dag_id=dag1, task_id=save_to_parquet, execution_date=20221104T124000, start_date=20221204T113032, end_date=20221204T113034
[2022-12-04 11:30:34,841] {local_task_job.py:154} INFO - Task exited with return code 0
[2022-12-04 11:30:35,258] {local_task_job.py:264} INFO - 0 downstream tasks scheduled from follow-on schedule check
