[2022-12-04 09:53:54,146] {taskinstance.py:1032} INFO - Dependencies all met for <TaskInstance: dag1.save_to_parquet scheduled__2022-10-30T15:30:00+00:00 [queued]>
[2022-12-04 09:53:54,628] {taskinstance.py:1032} INFO - Dependencies all met for <TaskInstance: dag1.save_to_parquet scheduled__2022-10-30T15:30:00+00:00 [queued]>
[2022-12-04 09:53:54,630] {taskinstance.py:1238} INFO - 
--------------------------------------------------------------------------------
[2022-12-04 09:53:54,631] {taskinstance.py:1239} INFO - Starting attempt 1 of 2
[2022-12-04 09:53:54,632] {taskinstance.py:1240} INFO - 
--------------------------------------------------------------------------------
[2022-12-04 09:53:54,679] {taskinstance.py:1259} INFO - Executing <Task(PythonOperator): save_to_parquet> on 2022-10-30 15:30:00+00:00
[2022-12-04 09:53:54,699] {standard_task_runner.py:52} INFO - Started process 2478 to run task
[2022-12-04 09:53:54,755] {standard_task_runner.py:76} INFO - Running: ['***', 'tasks', 'run', 'dag1', 'save_to_parquet', 'scheduled__2022-10-30T15:30:00+00:00', '--job-id', '2615', '--raw', '--subdir', 'DAGS_FOLDER/AirflowClean2.py', '--cfg-path', '/tmp/tmps4egjfzn', '--error-file', '/tmp/tmp1qfau97l']
[2022-12-04 09:53:54,798] {standard_task_runner.py:77} INFO - Job 2615: Subtask save_to_parquet
[2022-12-04 09:53:55,018] {logging_mixin.py:109} INFO - Running <TaskInstance: dag1.save_to_parquet scheduled__2022-10-30T15:30:00+00:00 [running]> on host 9e44869ff3ef
[2022-12-04 09:53:55,267] {taskinstance.py:1426} INFO - Exporting the following env vars:
AIRFLOW_CTX_DAG_OWNER=Fadlil
AIRFLOW_CTX_DAG_ID=dag1
AIRFLOW_CTX_TASK_ID=save_to_parquet
AIRFLOW_CTX_EXECUTION_DATE=2022-10-30T15:30:00+00:00
AIRFLOW_CTX_DAG_RUN_ID=scheduled__2022-10-30T15:30:00+00:00
[2022-12-04 09:53:55,421] {python.py:175} INFO - Done. Returned value was: None
[2022-12-04 09:53:55,454] {taskinstance.py:1277} INFO - Marking task as SUCCESS. dag_id=dag1, task_id=save_to_parquet, execution_date=20221030T153000, start_date=20221204T095354, end_date=20221204T095355
[2022-12-04 09:53:55,512] {local_task_job.py:154} INFO - Task exited with return code 0
[2022-12-04 09:53:55,633] {local_task_job.py:264} INFO - 0 downstream tasks scheduled from follow-on schedule check
