[2022-12-04 11:07:52,480] {taskinstance.py:1032} INFO - Dependencies all met for <TaskInstance: dag1.save_to_parquet scheduled__2022-11-04T10:20:00+00:00 [queued]>
[2022-12-04 11:07:52,696] {taskinstance.py:1032} INFO - Dependencies all met for <TaskInstance: dag1.save_to_parquet scheduled__2022-11-04T10:20:00+00:00 [queued]>
[2022-12-04 11:07:52,704] {taskinstance.py:1238} INFO - 
--------------------------------------------------------------------------------
[2022-12-04 11:07:52,704] {taskinstance.py:1239} INFO - Starting attempt 1 of 2
[2022-12-04 11:07:52,705] {taskinstance.py:1240} INFO - 
--------------------------------------------------------------------------------
[2022-12-04 11:07:52,913] {taskinstance.py:1259} INFO - Executing <Task(PythonOperator): save_to_parquet> on 2022-11-04 10:20:00+00:00
[2022-12-04 11:07:52,919] {standard_task_runner.py:52} INFO - Started process 13054 to run task
[2022-12-04 11:07:52,976] {standard_task_runner.py:76} INFO - Running: ['***', 'tasks', 'run', 'dag1', 'save_to_parquet', 'scheduled__2022-11-04T10:20:00+00:00', '--job-id', '5360', '--raw', '--subdir', 'DAGS_FOLDER/AirflowClean2.py', '--cfg-path', '/tmp/tmp2b5afup3', '--error-file', '/tmp/tmp5xo6drs1']
[2022-12-04 11:07:52,994] {standard_task_runner.py:77} INFO - Job 5360: Subtask save_to_parquet
[2022-12-04 11:07:53,716] {logging_mixin.py:109} INFO - Running <TaskInstance: dag1.save_to_parquet scheduled__2022-11-04T10:20:00+00:00 [running]> on host 9e44869ff3ef
[2022-12-04 11:07:54,159] {taskinstance.py:1426} INFO - Exporting the following env vars:
AIRFLOW_CTX_DAG_OWNER=Fadlil
AIRFLOW_CTX_DAG_ID=dag1
AIRFLOW_CTX_TASK_ID=save_to_parquet
AIRFLOW_CTX_EXECUTION_DATE=2022-11-04T10:20:00+00:00
AIRFLOW_CTX_DAG_RUN_ID=scheduled__2022-11-04T10:20:00+00:00
[2022-12-04 11:07:54,426] {python.py:175} INFO - Done. Returned value was: None
[2022-12-04 11:07:54,465] {taskinstance.py:1277} INFO - Marking task as SUCCESS. dag_id=dag1, task_id=save_to_parquet, execution_date=20221104T102000, start_date=20221204T110752, end_date=20221204T110754
[2022-12-04 11:07:54,614] {local_task_job.py:154} INFO - Task exited with return code 0
[2022-12-04 11:07:54,726] {local_task_job.py:264} INFO - 1 downstream tasks scheduled from follow-on schedule check
