[2022-12-04 10:34:59,126] {taskinstance.py:1032} INFO - Dependencies all met for <TaskInstance: dag1.get_data scheduled__2022-11-01T00:10:00+00:00 [queued]>
[2022-12-04 10:34:59,211] {taskinstance.py:1032} INFO - Dependencies all met for <TaskInstance: dag1.get_data scheduled__2022-11-01T00:10:00+00:00 [queued]>
[2022-12-04 10:34:59,211] {taskinstance.py:1238} INFO - 
--------------------------------------------------------------------------------
[2022-12-04 10:34:59,213] {taskinstance.py:1239} INFO - Starting attempt 1 of 2
[2022-12-04 10:34:59,214] {taskinstance.py:1240} INFO - 
--------------------------------------------------------------------------------
[2022-12-04 10:34:59,314] {taskinstance.py:1259} INFO - Executing <Task(PythonOperator): get_data> on 2022-11-01 00:10:00+00:00
[2022-12-04 10:34:59,322] {standard_task_runner.py:52} INFO - Started process 6108 to run task
[2022-12-04 10:34:59,363] {standard_task_runner.py:76} INFO - Running: ['***', 'tasks', 'run', 'dag1', 'get_data', 'scheduled__2022-11-01T00:10:00+00:00', '--job-id', '3361', '--raw', '--subdir', 'DAGS_FOLDER/AirflowClean2.py', '--cfg-path', '/tmp/tmpk6qkv4u2', '--error-file', '/tmp/tmpu8kjxvum']
[2022-12-04 10:34:59,372] {standard_task_runner.py:77} INFO - Job 3361: Subtask get_data
[2022-12-04 10:34:59,731] {logging_mixin.py:109} INFO - Running <TaskInstance: dag1.get_data scheduled__2022-11-01T00:10:00+00:00 [running]> on host 9e44869ff3ef
[2022-12-04 10:35:00,098] {taskinstance.py:1426} INFO - Exporting the following env vars:
AIRFLOW_CTX_DAG_OWNER=Fadlil
AIRFLOW_CTX_DAG_ID=dag1
AIRFLOW_CTX_TASK_ID=get_data
AIRFLOW_CTX_EXECUTION_DATE=2022-11-01T00:10:00+00:00
AIRFLOW_CTX_DAG_RUN_ID=scheduled__2022-11-01T00:10:00+00:00
[2022-12-04 10:35:00,905] {python.py:175} INFO - Done. Returned value was: None
[2022-12-04 10:35:00,960] {taskinstance.py:1277} INFO - Marking task as SUCCESS. dag_id=dag1, task_id=get_data, execution_date=20221101T001000, start_date=20221204T103459, end_date=20221204T103500
[2022-12-04 10:35:01,071] {local_task_job.py:154} INFO - Task exited with return code 0
[2022-12-04 10:35:02,455] {local_task_job.py:264} INFO - 0 downstream tasks scheduled from follow-on schedule check
