[2022-12-04 16:52:20,292] {taskinstance.py:1032} INFO - Dependencies all met for <TaskInstance: dag1.get_data scheduled__2022-11-09T14:40:00+00:00 [queued]>
[2022-12-04 16:52:20,308] {taskinstance.py:1032} INFO - Dependencies all met for <TaskInstance: dag1.get_data scheduled__2022-11-09T14:40:00+00:00 [queued]>
[2022-12-04 16:52:20,308] {taskinstance.py:1238} INFO - 
--------------------------------------------------------------------------------
[2022-12-04 16:52:20,309] {taskinstance.py:1239} INFO - Starting attempt 1 of 2
[2022-12-04 16:52:20,309] {taskinstance.py:1240} INFO - 
--------------------------------------------------------------------------------
[2022-12-04 16:52:20,336] {taskinstance.py:1259} INFO - Executing <Task(PythonOperator): get_data> on 2022-11-09 14:40:00+00:00
[2022-12-04 16:52:20,343] {standard_task_runner.py:52} INFO - Started process 15174 to run task
[2022-12-04 16:52:20,353] {standard_task_runner.py:76} INFO - Running: ['***', 'tasks', 'run', 'dag1', 'get_data', 'scheduled__2022-11-09T14:40:00+00:00', '--job-id', '9883', '--raw', '--subdir', 'DAGS_FOLDER/AirflowClean2.py', '--cfg-path', '/tmp/tmpiurk1rfp', '--error-file', '/tmp/tmpfadw00p0']
[2022-12-04 16:52:20,355] {standard_task_runner.py:77} INFO - Job 9883: Subtask get_data
[2022-12-04 16:52:20,502] {logging_mixin.py:109} INFO - Running <TaskInstance: dag1.get_data scheduled__2022-11-09T14:40:00+00:00 [running]> on host 7a020590adae
[2022-12-04 16:52:20,666] {taskinstance.py:1426} INFO - Exporting the following env vars:
AIRFLOW_CTX_DAG_OWNER=Fadlil
AIRFLOW_CTX_DAG_ID=dag1
AIRFLOW_CTX_TASK_ID=get_data
AIRFLOW_CTX_EXECUTION_DATE=2022-11-09T14:40:00+00:00
AIRFLOW_CTX_DAG_RUN_ID=scheduled__2022-11-09T14:40:00+00:00
[2022-12-04 16:52:21,529] {python.py:175} INFO - Done. Returned value was: None
[2022-12-04 16:52:21,595] {taskinstance.py:1277} INFO - Marking task as SUCCESS. dag_id=dag1, task_id=get_data, execution_date=20221109T144000, start_date=20221204T165220, end_date=20221204T165221
[2022-12-04 16:52:21,720] {local_task_job.py:154} INFO - Task exited with return code 0
[2022-12-04 16:52:22,441] {local_task_job.py:264} INFO - 0 downstream tasks scheduled from follow-on schedule check
