[2022-12-04 14:29:45,207] {taskinstance.py:1032} INFO - Dependencies all met for <TaskInstance: dag1.save_to_parquet scheduled__2022-11-08T11:00:00+00:00 [queued]>
[2022-12-04 14:29:45,229] {taskinstance.py:1032} INFO - Dependencies all met for <TaskInstance: dag1.save_to_parquet scheduled__2022-11-08T11:00:00+00:00 [queued]>
[2022-12-04 14:29:45,230] {taskinstance.py:1238} INFO - 
--------------------------------------------------------------------------------
[2022-12-04 14:29:45,232] {taskinstance.py:1239} INFO - Starting attempt 1 of 2
[2022-12-04 14:29:45,233] {taskinstance.py:1240} INFO - 
--------------------------------------------------------------------------------
[2022-12-04 14:29:45,252] {taskinstance.py:1259} INFO - Executing <Task(PythonOperator): save_to_parquet> on 2022-11-08 11:00:00+00:00
[2022-12-04 14:29:45,260] {standard_task_runner.py:52} INFO - Started process 10152 to run task
[2022-12-04 14:29:45,266] {standard_task_runner.py:76} INFO - Running: ['***', 'tasks', 'run', 'dag1', 'save_to_parquet', 'scheduled__2022-11-08T11:00:00+00:00', '--job-id', '8842', '--raw', '--subdir', 'DAGS_FOLDER/AirflowClean2.py', '--cfg-path', '/tmp/tmpu291l1p9', '--error-file', '/tmp/tmpp8vi9dca']
[2022-12-04 14:29:45,268] {standard_task_runner.py:77} INFO - Job 8842: Subtask save_to_parquet
[2022-12-04 14:29:45,355] {logging_mixin.py:109} INFO - Running <TaskInstance: dag1.save_to_parquet scheduled__2022-11-08T11:00:00+00:00 [running]> on host 7a020590adae
[2022-12-04 14:29:45,459] {taskinstance.py:1426} INFO - Exporting the following env vars:
AIRFLOW_CTX_DAG_OWNER=Fadlil
AIRFLOW_CTX_DAG_ID=dag1
AIRFLOW_CTX_TASK_ID=save_to_parquet
AIRFLOW_CTX_EXECUTION_DATE=2022-11-08T11:00:00+00:00
AIRFLOW_CTX_DAG_RUN_ID=scheduled__2022-11-08T11:00:00+00:00
[2022-12-04 14:29:45,499] {python.py:175} INFO - Done. Returned value was: None
[2022-12-04 14:29:45,515] {taskinstance.py:1277} INFO - Marking task as SUCCESS. dag_id=dag1, task_id=save_to_parquet, execution_date=20221108T110000, start_date=20221204T142945, end_date=20221204T142945
[2022-12-04 14:29:45,563] {local_task_job.py:154} INFO - Task exited with return code 0
[2022-12-04 14:29:46,018] {local_task_job.py:264} INFO - 0 downstream tasks scheduled from follow-on schedule check
