[2022-12-04 04:11:04,030] {taskinstance.py:1032} INFO - Dependencies all met for <TaskInstance: dag1.save_to_csv scheduled__2022-10-28T04:50:00+00:00 [queued]>
[2022-12-04 04:11:04,196] {taskinstance.py:1032} INFO - Dependencies all met for <TaskInstance: dag1.save_to_csv scheduled__2022-10-28T04:50:00+00:00 [queued]>
[2022-12-04 04:11:04,199] {taskinstance.py:1238} INFO - 
--------------------------------------------------------------------------------
[2022-12-04 04:11:04,206] {taskinstance.py:1239} INFO - Starting attempt 1 of 2
[2022-12-04 04:11:04,235] {taskinstance.py:1240} INFO - 
--------------------------------------------------------------------------------
[2022-12-04 04:11:04,506] {taskinstance.py:1259} INFO - Executing <Task(PythonOperator): save_to_csv> on 2022-10-28 04:50:00+00:00
[2022-12-04 04:11:04,595] {standard_task_runner.py:52} INFO - Started process 4291 to run task
[2022-12-04 04:11:04,775] {standard_task_runner.py:76} INFO - Running: ['***', 'tasks', 'run', 'dag1', 'save_to_csv', 'scheduled__2022-10-28T04:50:00+00:00', '--job-id', '1293', '--raw', '--subdir', 'DAGS_FOLDER/AirflowClean2.py', '--cfg-path', '/tmp/tmpl9dpeyx7', '--error-file', '/tmp/tmpacgs4c3f']
[2022-12-04 04:11:04,890] {standard_task_runner.py:77} INFO - Job 1293: Subtask save_to_csv
[2022-12-04 04:11:05,656] {logging_mixin.py:109} INFO - Running <TaskInstance: dag1.save_to_csv scheduled__2022-10-28T04:50:00+00:00 [running]> on host 422c372562ce
[2022-12-04 04:11:06,496] {taskinstance.py:1426} INFO - Exporting the following env vars:
AIRFLOW_CTX_DAG_OWNER=Fadlil
AIRFLOW_CTX_DAG_ID=dag1
AIRFLOW_CTX_TASK_ID=save_to_csv
AIRFLOW_CTX_EXECUTION_DATE=2022-10-28T04:50:00+00:00
AIRFLOW_CTX_DAG_RUN_ID=scheduled__2022-10-28T04:50:00+00:00
[2022-12-04 04:11:07,059] {python.py:175} INFO - Done. Returned value was: None
[2022-12-04 04:11:08,018] {taskinstance.py:1277} INFO - Marking task as SUCCESS. dag_id=dag1, task_id=save_to_csv, execution_date=20221028T045000, start_date=20221204T041104, end_date=20221204T041108
[2022-12-04 04:11:08,320] {local_task_job.py:154} INFO - Task exited with return code 0
[2022-12-04 04:11:08,670] {local_task_job.py:264} INFO - 1 downstream tasks scheduled from follow-on schedule check
