[2022-12-04 09:28:50,445] {taskinstance.py:1032} INFO - Dependencies all met for <TaskInstance: dag1.get_data scheduled__2022-10-30T05:10:00+00:00 [queued]>
[2022-12-04 09:28:50,482] {taskinstance.py:1032} INFO - Dependencies all met for <TaskInstance: dag1.get_data scheduled__2022-10-30T05:10:00+00:00 [queued]>
[2022-12-04 09:28:50,483] {taskinstance.py:1238} INFO - 
--------------------------------------------------------------------------------
[2022-12-04 09:28:50,483] {taskinstance.py:1239} INFO - Starting attempt 1 of 2
[2022-12-04 09:28:50,484] {taskinstance.py:1240} INFO - 
--------------------------------------------------------------------------------
[2022-12-04 09:28:50,524] {taskinstance.py:1259} INFO - Executing <Task(PythonOperator): get_data> on 2022-10-30 05:10:00+00:00
[2022-12-04 09:28:50,531] {standard_task_runner.py:52} INFO - Started process 937 to run task
[2022-12-04 09:28:50,548] {standard_task_runner.py:76} INFO - Running: ['***', 'tasks', 'run', 'dag1', 'get_data', 'scheduled__2022-10-30T05:10:00+00:00', '--job-id', '2411', '--raw', '--subdir', 'DAGS_FOLDER/AirflowClean2.py', '--cfg-path', '/tmp/tmpy0sa76_0', '--error-file', '/tmp/tmpjdra55or']
[2022-12-04 09:28:50,553] {standard_task_runner.py:77} INFO - Job 2411: Subtask get_data
[2022-12-04 09:28:50,750] {logging_mixin.py:109} INFO - Running <TaskInstance: dag1.get_data scheduled__2022-10-30T05:10:00+00:00 [running]> on host 9e44869ff3ef
[2022-12-04 09:28:51,202] {taskinstance.py:1426} INFO - Exporting the following env vars:
AIRFLOW_CTX_DAG_OWNER=Fadlil
AIRFLOW_CTX_DAG_ID=dag1
AIRFLOW_CTX_TASK_ID=get_data
AIRFLOW_CTX_EXECUTION_DATE=2022-10-30T05:10:00+00:00
AIRFLOW_CTX_DAG_RUN_ID=scheduled__2022-10-30T05:10:00+00:00
[2022-12-04 09:28:51,954] {python.py:175} INFO - Done. Returned value was: None
[2022-12-04 09:28:52,577] {taskinstance.py:1277} INFO - Marking task as SUCCESS. dag_id=dag1, task_id=get_data, execution_date=20221030T051000, start_date=20221204T092850, end_date=20221204T092852
[2022-12-04 09:28:52,663] {local_task_job.py:154} INFO - Task exited with return code 0
[2022-12-04 09:28:52,964] {local_task_job.py:264} INFO - 1 downstream tasks scheduled from follow-on schedule check
