[2022-12-04 10:52:02,456] {taskinstance.py:1032} INFO - Dependencies all met for <TaskInstance: dag1.save_to_parquet scheduled__2022-11-02T16:30:00+00:00 [queued]>
[2022-12-04 10:52:02,497] {taskinstance.py:1032} INFO - Dependencies all met for <TaskInstance: dag1.save_to_parquet scheduled__2022-11-02T16:30:00+00:00 [queued]>
[2022-12-04 10:52:02,498] {taskinstance.py:1238} INFO - 
--------------------------------------------------------------------------------
[2022-12-04 10:52:02,501] {taskinstance.py:1239} INFO - Starting attempt 1 of 2
[2022-12-04 10:52:02,502] {taskinstance.py:1240} INFO - 
--------------------------------------------------------------------------------
[2022-12-04 10:52:02,570] {taskinstance.py:1259} INFO - Executing <Task(PythonOperator): save_to_parquet> on 2022-11-02 16:30:00+00:00
[2022-12-04 10:52:02,579] {standard_task_runner.py:52} INFO - Started process 9598 to run task
[2022-12-04 10:52:02,599] {standard_task_runner.py:76} INFO - Running: ['***', 'tasks', 'run', 'dag1', 'save_to_parquet', 'scheduled__2022-11-02T16:30:00+00:00', '--job-id', '4356', '--raw', '--subdir', 'DAGS_FOLDER/AirflowClean2.py', '--cfg-path', '/tmp/tmpz4l0k3js', '--error-file', '/tmp/tmp2jcrq81l']
[2022-12-04 10:52:02,615] {standard_task_runner.py:77} INFO - Job 4356: Subtask save_to_parquet
[2022-12-04 10:52:02,845] {logging_mixin.py:109} INFO - Running <TaskInstance: dag1.save_to_parquet scheduled__2022-11-02T16:30:00+00:00 [running]> on host 9e44869ff3ef
[2022-12-04 10:52:03,018] {taskinstance.py:1426} INFO - Exporting the following env vars:
AIRFLOW_CTX_DAG_OWNER=Fadlil
AIRFLOW_CTX_DAG_ID=dag1
AIRFLOW_CTX_TASK_ID=save_to_parquet
AIRFLOW_CTX_EXECUTION_DATE=2022-11-02T16:30:00+00:00
AIRFLOW_CTX_DAG_RUN_ID=scheduled__2022-11-02T16:30:00+00:00
[2022-12-04 10:52:03,709] {python.py:175} INFO - Done. Returned value was: None
[2022-12-04 10:52:03,749] {taskinstance.py:1277} INFO - Marking task as SUCCESS. dag_id=dag1, task_id=save_to_parquet, execution_date=20221102T163000, start_date=20221204T105202, end_date=20221204T105203
[2022-12-04 10:52:03,915] {local_task_job.py:154} INFO - Task exited with return code 0
[2022-12-04 10:52:04,292] {local_task_job.py:264} INFO - 0 downstream tasks scheduled from follow-on schedule check
