[2022-12-04 10:37:42,269] {taskinstance.py:1032} INFO - Dependencies all met for <TaskInstance: dag1.get_data scheduled__2022-11-01T06:20:00+00:00 [queued]>
[2022-12-04 10:37:42,329] {taskinstance.py:1032} INFO - Dependencies all met for <TaskInstance: dag1.get_data scheduled__2022-11-01T06:20:00+00:00 [queued]>
[2022-12-04 10:37:42,332] {taskinstance.py:1238} INFO - 
--------------------------------------------------------------------------------
[2022-12-04 10:37:42,333] {taskinstance.py:1239} INFO - Starting attempt 1 of 2
[2022-12-04 10:37:42,334] {taskinstance.py:1240} INFO - 
--------------------------------------------------------------------------------
[2022-12-04 10:37:42,399] {taskinstance.py:1259} INFO - Executing <Task(PythonOperator): get_data> on 2022-11-01 06:20:00+00:00
[2022-12-04 10:37:42,414] {standard_task_runner.py:52} INFO - Started process 6654 to run task
[2022-12-04 10:37:42,438] {standard_task_runner.py:76} INFO - Running: ['***', 'tasks', 'run', 'dag1', 'get_data', 'scheduled__2022-11-01T06:20:00+00:00', '--job-id', '3516', '--raw', '--subdir', 'DAGS_FOLDER/AirflowClean2.py', '--cfg-path', '/tmp/tmpz9nvrb9r', '--error-file', '/tmp/tmpkv3n4npm']
[2022-12-04 10:37:42,440] {standard_task_runner.py:77} INFO - Job 3516: Subtask get_data
[2022-12-04 10:37:43,088] {logging_mixin.py:109} INFO - Running <TaskInstance: dag1.get_data scheduled__2022-11-01T06:20:00+00:00 [running]> on host 9e44869ff3ef
[2022-12-04 10:37:43,441] {taskinstance.py:1426} INFO - Exporting the following env vars:
AIRFLOW_CTX_DAG_OWNER=Fadlil
AIRFLOW_CTX_DAG_ID=dag1
AIRFLOW_CTX_TASK_ID=get_data
AIRFLOW_CTX_EXECUTION_DATE=2022-11-01T06:20:00+00:00
AIRFLOW_CTX_DAG_RUN_ID=scheduled__2022-11-01T06:20:00+00:00
[2022-12-04 10:37:44,405] {python.py:175} INFO - Done. Returned value was: None
[2022-12-04 10:37:44,753] {taskinstance.py:1277} INFO - Marking task as SUCCESS. dag_id=dag1, task_id=get_data, execution_date=20221101T062000, start_date=20221204T103742, end_date=20221204T103744
[2022-12-04 10:37:44,892] {local_task_job.py:154} INFO - Task exited with return code 0
[2022-12-04 10:37:45,891] {local_task_job.py:264} INFO - 0 downstream tasks scheduled from follow-on schedule check
