[2022-12-04 10:54:30,122] {taskinstance.py:1032} INFO - Dependencies all met for <TaskInstance: dag1.local_to_gcs_task scheduled__2022-11-02T23:10:00+00:00 [queued]>
[2022-12-04 10:54:30,222] {taskinstance.py:1032} INFO - Dependencies all met for <TaskInstance: dag1.local_to_gcs_task scheduled__2022-11-02T23:10:00+00:00 [queued]>
[2022-12-04 10:54:30,236] {taskinstance.py:1238} INFO - 
--------------------------------------------------------------------------------
[2022-12-04 10:54:30,238] {taskinstance.py:1239} INFO - Starting attempt 1 of 2
[2022-12-04 10:54:30,247] {taskinstance.py:1240} INFO - 
--------------------------------------------------------------------------------
[2022-12-04 10:54:30,321] {taskinstance.py:1259} INFO - Executing <Task(PythonOperator): local_to_gcs_task> on 2022-11-02 23:10:00+00:00
[2022-12-04 10:54:30,329] {standard_task_runner.py:52} INFO - Started process 10158 to run task
[2022-12-04 10:54:30,369] {standard_task_runner.py:76} INFO - Running: ['***', 'tasks', 'run', 'dag1', 'local_to_gcs_task', 'scheduled__2022-11-02T23:10:00+00:00', '--job-id', '4524', '--raw', '--subdir', 'DAGS_FOLDER/AirflowClean2.py', '--cfg-path', '/tmp/tmpg2pl69o2', '--error-file', '/tmp/tmp61qrsgyu']
[2022-12-04 10:54:30,377] {standard_task_runner.py:77} INFO - Job 4524: Subtask local_to_gcs_task
[2022-12-04 10:54:31,411] {logging_mixin.py:109} INFO - Running <TaskInstance: dag1.local_to_gcs_task scheduled__2022-11-02T23:10:00+00:00 [running]> on host 9e44869ff3ef
[2022-12-04 10:54:31,684] {taskinstance.py:1426} INFO - Exporting the following env vars:
AIRFLOW_CTX_DAG_OWNER=Fadlil
AIRFLOW_CTX_DAG_ID=dag1
AIRFLOW_CTX_TASK_ID=local_to_gcs_task
AIRFLOW_CTX_EXECUTION_DATE=2022-11-02T23:10:00+00:00
AIRFLOW_CTX_DAG_RUN_ID=scheduled__2022-11-02T23:10:00+00:00
[2022-12-04 10:54:32,556] {python.py:175} INFO - Done. Returned value was: None
[2022-12-04 10:54:32,977] {taskinstance.py:1277} INFO - Marking task as SUCCESS. dag_id=dag1, task_id=local_to_gcs_task, execution_date=20221102T231000, start_date=20221204T105430, end_date=20221204T105432
[2022-12-04 10:54:33,126] {local_task_job.py:154} INFO - Task exited with return code 0
[2022-12-04 10:54:34,026] {local_task_job.py:264} INFO - 0 downstream tasks scheduled from follow-on schedule check
