[2022-12-04 03:52:24,588] {taskinstance.py:1032} INFO - Dependencies all met for <TaskInstance: dag1.get_data scheduled__2022-10-27T21:10:00+00:00 [queued]>
[2022-12-04 03:52:24,878] {taskinstance.py:1032} INFO - Dependencies all met for <TaskInstance: dag1.get_data scheduled__2022-10-27T21:10:00+00:00 [queued]>
[2022-12-04 03:52:24,894] {taskinstance.py:1238} INFO - 
--------------------------------------------------------------------------------
[2022-12-04 03:52:24,904] {taskinstance.py:1239} INFO - Starting attempt 1 of 2
[2022-12-04 03:52:24,907] {taskinstance.py:1240} INFO - 
--------------------------------------------------------------------------------
[2022-12-04 03:52:46,904] {taskinstance.py:1259} INFO - Executing <Task(PythonOperator): get_data> on 2022-10-27 21:10:00+00:00
[2022-12-04 03:52:46,928] {standard_task_runner.py:52} INFO - Started process 3124 to run task
[2022-12-04 03:52:47,083] {standard_task_runner.py:76} INFO - Running: ['***', 'tasks', 'run', 'dag1', 'get_data', 'scheduled__2022-10-27T21:10:00+00:00', '--job-id', '1095', '--raw', '--subdir', 'DAGS_FOLDER/AirflowClean2.py', '--cfg-path', '/tmp/tmpsjdde5q3', '--error-file', '/tmp/tmpml46vyia']
[2022-12-04 03:52:47,100] {standard_task_runner.py:77} INFO - Job 1095: Subtask get_data
[2022-12-04 03:52:47,403] {logging_mixin.py:109} INFO - Running <TaskInstance: dag1.get_data scheduled__2022-10-27T21:10:00+00:00 [running]> on host 422c372562ce
[2022-12-04 03:52:48,263] {taskinstance.py:1426} INFO - Exporting the following env vars:
AIRFLOW_CTX_DAG_OWNER=Fadlil
AIRFLOW_CTX_DAG_ID=dag1
AIRFLOW_CTX_TASK_ID=get_data
AIRFLOW_CTX_EXECUTION_DATE=2022-10-27T21:10:00+00:00
AIRFLOW_CTX_DAG_RUN_ID=scheduled__2022-10-27T21:10:00+00:00
[2022-12-04 03:52:49,768] {python.py:175} INFO - Done. Returned value was: None
[2022-12-04 03:52:50,771] {taskinstance.py:1277} INFO - Marking task as SUCCESS. dag_id=dag1, task_id=get_data, execution_date=20221027T211000, start_date=20221204T035224, end_date=20221204T035250
[2022-12-04 03:52:50,957] {local_task_job.py:154} INFO - Task exited with return code 0
[2022-12-04 03:52:51,214] {local_task_job.py:264} INFO - 1 downstream tasks scheduled from follow-on schedule check
