[2022-12-04 10:53:02,889] {taskinstance.py:1032} INFO - Dependencies all met for <TaskInstance: dag1.save_to_parquet scheduled__2022-11-02T19:30:00+00:00 [queued]>
[2022-12-04 10:53:03,137] {taskinstance.py:1032} INFO - Dependencies all met for <TaskInstance: dag1.save_to_parquet scheduled__2022-11-02T19:30:00+00:00 [queued]>
[2022-12-04 10:53:03,140] {taskinstance.py:1238} INFO - 
--------------------------------------------------------------------------------
[2022-12-04 10:53:03,141] {taskinstance.py:1239} INFO - Starting attempt 1 of 2
[2022-12-04 10:53:03,163] {taskinstance.py:1240} INFO - 
--------------------------------------------------------------------------------
[2022-12-04 10:53:03,332] {taskinstance.py:1259} INFO - Executing <Task(PythonOperator): save_to_parquet> on 2022-11-02 19:30:00+00:00
[2022-12-04 10:53:03,368] {standard_task_runner.py:52} INFO - Started process 9844 to run task
[2022-12-04 10:53:03,388] {standard_task_runner.py:76} INFO - Running: ['***', 'tasks', 'run', 'dag1', 'save_to_parquet', 'scheduled__2022-11-02T19:30:00+00:00', '--job-id', '4426', '--raw', '--subdir', 'DAGS_FOLDER/AirflowClean2.py', '--cfg-path', '/tmp/tmprg6xqffa', '--error-file', '/tmp/tmptmf85q06']
[2022-12-04 10:53:03,395] {standard_task_runner.py:77} INFO - Job 4426: Subtask save_to_parquet
[2022-12-04 10:53:04,234] {logging_mixin.py:109} INFO - Running <TaskInstance: dag1.save_to_parquet scheduled__2022-11-02T19:30:00+00:00 [running]> on host 9e44869ff3ef
[2022-12-04 10:53:04,628] {taskinstance.py:1426} INFO - Exporting the following env vars:
AIRFLOW_CTX_DAG_OWNER=Fadlil
AIRFLOW_CTX_DAG_ID=dag1
AIRFLOW_CTX_TASK_ID=save_to_parquet
AIRFLOW_CTX_EXECUTION_DATE=2022-11-02T19:30:00+00:00
AIRFLOW_CTX_DAG_RUN_ID=scheduled__2022-11-02T19:30:00+00:00
[2022-12-04 10:53:04,856] {python.py:175} INFO - Done. Returned value was: None
[2022-12-04 10:53:04,910] {taskinstance.py:1277} INFO - Marking task as SUCCESS. dag_id=dag1, task_id=save_to_parquet, execution_date=20221102T193000, start_date=20221204T105302, end_date=20221204T105304
[2022-12-04 10:53:05,030] {local_task_job.py:154} INFO - Task exited with return code 0
[2022-12-04 10:53:05,953] {local_task_job.py:264} INFO - 0 downstream tasks scheduled from follow-on schedule check
