[2022-12-04 13:15:46,313] {taskinstance.py:1032} INFO - Dependencies all met for <TaskInstance: dag1.save_to_csv scheduled__2022-11-06T21:50:00+00:00 [queued]>
[2022-12-04 13:15:46,407] {taskinstance.py:1032} INFO - Dependencies all met for <TaskInstance: dag1.save_to_csv scheduled__2022-11-06T21:50:00+00:00 [queued]>
[2022-12-04 13:15:46,421] {taskinstance.py:1238} INFO - 
--------------------------------------------------------------------------------
[2022-12-04 13:15:46,426] {taskinstance.py:1239} INFO - Starting attempt 1 of 2
[2022-12-04 13:15:46,427] {taskinstance.py:1240} INFO - 
--------------------------------------------------------------------------------
[2022-12-04 13:15:46,486] {taskinstance.py:1259} INFO - Executing <Task(PythonOperator): save_to_csv> on 2022-11-06 21:50:00+00:00
[2022-12-04 13:15:46,533] {standard_task_runner.py:52} INFO - Started process 3405 to run task
[2022-12-04 13:15:46,578] {standard_task_runner.py:76} INFO - Running: ['***', 'tasks', 'run', 'dag1', 'save_to_csv', 'scheduled__2022-11-06T21:50:00+00:00', '--job-id', '7414', '--raw', '--subdir', 'DAGS_FOLDER/AirflowClean2.py', '--cfg-path', '/tmp/tmp795jk8er', '--error-file', '/tmp/tmpo0mlkkyi']
[2022-12-04 13:15:46,598] {standard_task_runner.py:77} INFO - Job 7414: Subtask save_to_csv
[2022-12-04 13:15:47,338] {logging_mixin.py:109} INFO - Running <TaskInstance: dag1.save_to_csv scheduled__2022-11-06T21:50:00+00:00 [running]> on host 7a020590adae
[2022-12-04 13:15:47,630] {taskinstance.py:1426} INFO - Exporting the following env vars:
AIRFLOW_CTX_DAG_OWNER=Fadlil
AIRFLOW_CTX_DAG_ID=dag1
AIRFLOW_CTX_TASK_ID=save_to_csv
AIRFLOW_CTX_EXECUTION_DATE=2022-11-06T21:50:00+00:00
AIRFLOW_CTX_DAG_RUN_ID=scheduled__2022-11-06T21:50:00+00:00
[2022-12-04 13:15:47,771] {python.py:175} INFO - Done. Returned value was: None
[2022-12-04 13:15:47,821] {taskinstance.py:1277} INFO - Marking task as SUCCESS. dag_id=dag1, task_id=save_to_csv, execution_date=20221106T215000, start_date=20221204T131546, end_date=20221204T131547
[2022-12-04 13:15:47,969] {local_task_job.py:154} INFO - Task exited with return code 0
[2022-12-04 13:15:48,603] {local_task_job.py:264} INFO - 1 downstream tasks scheduled from follow-on schedule check
