[2022-12-04 10:35:23,485] {taskinstance.py:1032} INFO - Dependencies all met for <TaskInstance: dag1.save_to_parquet scheduled__2022-11-01T00:50:00+00:00 [queued]>
[2022-12-04 10:35:23,555] {taskinstance.py:1032} INFO - Dependencies all met for <TaskInstance: dag1.save_to_parquet scheduled__2022-11-01T00:50:00+00:00 [queued]>
[2022-12-04 10:35:23,557] {taskinstance.py:1238} INFO - 
--------------------------------------------------------------------------------
[2022-12-04 10:35:23,558] {taskinstance.py:1239} INFO - Starting attempt 1 of 2
[2022-12-04 10:35:23,561] {taskinstance.py:1240} INFO - 
--------------------------------------------------------------------------------
[2022-12-04 10:35:23,644] {taskinstance.py:1259} INFO - Executing <Task(PythonOperator): save_to_parquet> on 2022-11-01 00:50:00+00:00
[2022-12-04 10:35:23,661] {standard_task_runner.py:52} INFO - Started process 6200 to run task
[2022-12-04 10:35:23,692] {standard_task_runner.py:76} INFO - Running: ['***', 'tasks', 'run', 'dag1', 'save_to_parquet', 'scheduled__2022-11-01T00:50:00+00:00', '--job-id', '3385', '--raw', '--subdir', 'DAGS_FOLDER/AirflowClean2.py', '--cfg-path', '/tmp/tmp9v_lvcvr', '--error-file', '/tmp/tmp0k89skbd']
[2022-12-04 10:35:23,701] {standard_task_runner.py:77} INFO - Job 3385: Subtask save_to_parquet
[2022-12-04 10:35:24,019] {logging_mixin.py:109} INFO - Running <TaskInstance: dag1.save_to_parquet scheduled__2022-11-01T00:50:00+00:00 [running]> on host 9e44869ff3ef
[2022-12-04 10:35:24,334] {taskinstance.py:1426} INFO - Exporting the following env vars:
AIRFLOW_CTX_DAG_OWNER=Fadlil
AIRFLOW_CTX_DAG_ID=dag1
AIRFLOW_CTX_TASK_ID=save_to_parquet
AIRFLOW_CTX_EXECUTION_DATE=2022-11-01T00:50:00+00:00
AIRFLOW_CTX_DAG_RUN_ID=scheduled__2022-11-01T00:50:00+00:00
[2022-12-04 10:35:24,491] {python.py:175} INFO - Done. Returned value was: None
[2022-12-04 10:35:24,535] {taskinstance.py:1277} INFO - Marking task as SUCCESS. dag_id=dag1, task_id=save_to_parquet, execution_date=20221101T005000, start_date=20221204T103523, end_date=20221204T103524
[2022-12-04 10:35:24,950] {local_task_job.py:154} INFO - Task exited with return code 0
[2022-12-04 10:35:25,124] {local_task_job.py:264} INFO - 1 downstream tasks scheduled from follow-on schedule check
