[2022-12-04 12:03:27,882] {taskinstance.py:1032} INFO - Dependencies all met for <TaskInstance: dag1.get_data scheduled__2022-11-05T14:40:00+00:00 [queued]>
[2022-12-04 12:03:28,077] {taskinstance.py:1032} INFO - Dependencies all met for <TaskInstance: dag1.get_data scheduled__2022-11-05T14:40:00+00:00 [queued]>
[2022-12-04 12:03:28,078] {taskinstance.py:1238} INFO - 
--------------------------------------------------------------------------------
[2022-12-04 12:03:28,081] {taskinstance.py:1239} INFO - Starting attempt 1 of 2
[2022-12-04 12:03:28,082] {taskinstance.py:1240} INFO - 
--------------------------------------------------------------------------------
[2022-12-04 12:03:28,255] {taskinstance.py:1259} INFO - Executing <Task(PythonOperator): get_data> on 2022-11-05 14:40:00+00:00
[2022-12-04 12:03:28,335] {standard_task_runner.py:52} INFO - Started process 16695 to run task
[2022-12-04 12:03:28,468] {standard_task_runner.py:76} INFO - Running: ['***', 'tasks', 'run', 'dag1', 'get_data', 'scheduled__2022-11-05T14:40:00+00:00', '--job-id', '6197', '--raw', '--subdir', 'DAGS_FOLDER/AirflowClean2.py', '--cfg-path', '/tmp/tmphsbm3ttc', '--error-file', '/tmp/tmpgiig5hib']
[2022-12-04 12:03:28,482] {standard_task_runner.py:77} INFO - Job 6197: Subtask get_data
[2022-12-04 12:03:28,886] {logging_mixin.py:109} INFO - Running <TaskInstance: dag1.get_data scheduled__2022-11-05T14:40:00+00:00 [running]> on host 9e44869ff3ef
[2022-12-04 12:03:29,259] {taskinstance.py:1426} INFO - Exporting the following env vars:
AIRFLOW_CTX_DAG_OWNER=Fadlil
AIRFLOW_CTX_DAG_ID=dag1
AIRFLOW_CTX_TASK_ID=get_data
AIRFLOW_CTX_EXECUTION_DATE=2022-11-05T14:40:00+00:00
AIRFLOW_CTX_DAG_RUN_ID=scheduled__2022-11-05T14:40:00+00:00
[2022-12-04 12:03:30,194] {python.py:175} INFO - Done. Returned value was: None
[2022-12-04 12:03:31,353] {taskinstance.py:1277} INFO - Marking task as SUCCESS. dag_id=dag1, task_id=get_data, execution_date=20221105T144000, start_date=20221204T120327, end_date=20221204T120331
[2022-12-04 12:03:31,578] {local_task_job.py:154} INFO - Task exited with return code 0
[2022-12-04 12:03:31,950] {local_task_job.py:264} INFO - 1 downstream tasks scheduled from follow-on schedule check
