[2022-12-04 11:48:25,038] {taskinstance.py:1032} INFO - Dependencies all met for <TaskInstance: dag1.get_data scheduled__2022-11-05T05:10:00+00:00 [queued]>
[2022-12-04 11:48:25,076] {taskinstance.py:1032} INFO - Dependencies all met for <TaskInstance: dag1.get_data scheduled__2022-11-05T05:10:00+00:00 [queued]>
[2022-12-04 11:48:25,078] {taskinstance.py:1238} INFO - 
--------------------------------------------------------------------------------
[2022-12-04 11:48:25,079] {taskinstance.py:1239} INFO - Starting attempt 1 of 2
[2022-12-04 11:48:25,081] {taskinstance.py:1240} INFO - 
--------------------------------------------------------------------------------
[2022-12-04 11:48:25,150] {taskinstance.py:1259} INFO - Executing <Task(PythonOperator): get_data> on 2022-11-05 05:10:00+00:00
[2022-12-04 11:48:25,172] {standard_task_runner.py:52} INFO - Started process 15287 to run task
[2022-12-04 11:48:25,197] {standard_task_runner.py:76} INFO - Running: ['***', 'tasks', 'run', 'dag1', 'get_data', 'scheduled__2022-11-05T05:10:00+00:00', '--job-id', '5905', '--raw', '--subdir', 'DAGS_FOLDER/AirflowClean2.py', '--cfg-path', '/tmp/tmp0zwzyqfx', '--error-file', '/tmp/tmp6cdp2wzc']
[2022-12-04 11:48:25,261] {standard_task_runner.py:77} INFO - Job 5905: Subtask get_data
[2022-12-04 11:48:25,488] {logging_mixin.py:109} INFO - Running <TaskInstance: dag1.get_data scheduled__2022-11-05T05:10:00+00:00 [running]> on host 9e44869ff3ef
[2022-12-04 11:48:25,640] {taskinstance.py:1426} INFO - Exporting the following env vars:
AIRFLOW_CTX_DAG_OWNER=Fadlil
AIRFLOW_CTX_DAG_ID=dag1
AIRFLOW_CTX_TASK_ID=get_data
AIRFLOW_CTX_EXECUTION_DATE=2022-11-05T05:10:00+00:00
AIRFLOW_CTX_DAG_RUN_ID=scheduled__2022-11-05T05:10:00+00:00
[2022-12-04 11:48:26,410] {python.py:175} INFO - Done. Returned value was: None
[2022-12-04 11:48:26,573] {taskinstance.py:1277} INFO - Marking task as SUCCESS. dag_id=dag1, task_id=get_data, execution_date=20221105T051000, start_date=20221204T114825, end_date=20221204T114826
[2022-12-04 11:48:26,692] {local_task_job.py:154} INFO - Task exited with return code 0
[2022-12-04 11:48:26,805] {local_task_job.py:264} INFO - 1 downstream tasks scheduled from follow-on schedule check
