[2022-12-04 17:53:15,049] {taskinstance.py:1032} INFO - Dependencies all met for <TaskInstance: dag1.local_to_gcs_task scheduled__2022-11-10T15:00:00+00:00 [queued]>
[2022-12-04 17:53:15,068] {taskinstance.py:1032} INFO - Dependencies all met for <TaskInstance: dag1.local_to_gcs_task scheduled__2022-11-10T15:00:00+00:00 [queued]>
[2022-12-04 17:53:15,068] {taskinstance.py:1238} INFO - 
--------------------------------------------------------------------------------
[2022-12-04 17:53:15,068] {taskinstance.py:1239} INFO - Starting attempt 2 of 2
[2022-12-04 17:53:15,069] {taskinstance.py:1240} INFO - 
--------------------------------------------------------------------------------
[2022-12-04 17:53:15,096] {taskinstance.py:1259} INFO - Executing <Task(PythonOperator): local_to_gcs_task> on 2022-11-10 15:00:00+00:00
[2022-12-04 17:53:15,105] {standard_task_runner.py:52} INFO - Started process 20602 to run task
[2022-12-04 17:53:15,115] {standard_task_runner.py:76} INFO - Running: ['***', 'tasks', 'run', 'dag1', 'local_to_gcs_task', 'scheduled__2022-11-10T15:00:00+00:00', '--job-id', '11007', '--raw', '--subdir', 'DAGS_FOLDER/AirflowClean2.py', '--cfg-path', '/tmp/tmp_77h1qu0', '--error-file', '/tmp/tmpikdrig9s']
[2022-12-04 17:53:15,117] {standard_task_runner.py:77} INFO - Job 11007: Subtask local_to_gcs_task
[2022-12-04 17:53:15,224] {logging_mixin.py:109} INFO - Running <TaskInstance: dag1.local_to_gcs_task scheduled__2022-11-10T15:00:00+00:00 [running]> on host 7a020590adae
[2022-12-04 17:53:15,397] {taskinstance.py:1426} INFO - Exporting the following env vars:
AIRFLOW_CTX_DAG_OWNER=Fadlil
AIRFLOW_CTX_DAG_ID=dag1
AIRFLOW_CTX_TASK_ID=local_to_gcs_task
AIRFLOW_CTX_EXECUTION_DATE=2022-11-10T15:00:00+00:00
AIRFLOW_CTX_DAG_RUN_ID=scheduled__2022-11-10T15:00:00+00:00
[2022-12-04 17:53:16,201] {python.py:175} INFO - Done. Returned value was: None
[2022-12-04 17:53:16,229] {taskinstance.py:1277} INFO - Marking task as SUCCESS. dag_id=dag1, task_id=local_to_gcs_task, execution_date=20221110T150000, start_date=20221204T175315, end_date=20221204T175316
[2022-12-04 17:53:16,296] {local_task_job.py:154} INFO - Task exited with return code 0
[2022-12-04 17:53:16,420] {local_task_job.py:264} INFO - 1 downstream tasks scheduled from follow-on schedule check
