[2022-12-04 13:51:34,744] {taskinstance.py:1032} INFO - Dependencies all met for <TaskInstance: dag1.save_to_csv scheduled__2022-11-07T16:20:00+00:00 [queued]>
[2022-12-04 13:51:34,781] {taskinstance.py:1032} INFO - Dependencies all met for <TaskInstance: dag1.save_to_csv scheduled__2022-11-07T16:20:00+00:00 [queued]>
[2022-12-04 13:51:34,783] {taskinstance.py:1238} INFO - 
--------------------------------------------------------------------------------
[2022-12-04 13:51:34,783] {taskinstance.py:1239} INFO - Starting attempt 1 of 2
[2022-12-04 13:51:34,784] {taskinstance.py:1240} INFO - 
--------------------------------------------------------------------------------
[2022-12-04 13:51:34,817] {taskinstance.py:1259} INFO - Executing <Task(PythonOperator): save_to_csv> on 2022-11-07 16:20:00+00:00
[2022-12-04 13:51:34,833] {standard_task_runner.py:52} INFO - Started process 6677 to run task
[2022-12-04 13:51:34,844] {standard_task_runner.py:76} INFO - Running: ['***', 'tasks', 'run', 'dag1', 'save_to_csv', 'scheduled__2022-11-07T16:20:00+00:00', '--job-id', '8117', '--raw', '--subdir', 'DAGS_FOLDER/AirflowClean2.py', '--cfg-path', '/tmp/tmpiwe549ov', '--error-file', '/tmp/tmp03xtjdci']
[2022-12-04 13:51:34,850] {standard_task_runner.py:77} INFO - Job 8117: Subtask save_to_csv
[2022-12-04 13:51:34,949] {logging_mixin.py:109} INFO - Running <TaskInstance: dag1.save_to_csv scheduled__2022-11-07T16:20:00+00:00 [running]> on host 7a020590adae
[2022-12-04 13:51:35,031] {taskinstance.py:1426} INFO - Exporting the following env vars:
AIRFLOW_CTX_DAG_OWNER=Fadlil
AIRFLOW_CTX_DAG_ID=dag1
AIRFLOW_CTX_TASK_ID=save_to_csv
AIRFLOW_CTX_EXECUTION_DATE=2022-11-07T16:20:00+00:00
AIRFLOW_CTX_DAG_RUN_ID=scheduled__2022-11-07T16:20:00+00:00
[2022-12-04 13:51:35,071] {python.py:175} INFO - Done. Returned value was: None
[2022-12-04 13:51:35,089] {taskinstance.py:1277} INFO - Marking task as SUCCESS. dag_id=dag1, task_id=save_to_csv, execution_date=20221107T162000, start_date=20221204T135134, end_date=20221204T135135
[2022-12-04 13:51:35,133] {local_task_job.py:154} INFO - Task exited with return code 0
[2022-12-04 13:51:35,194] {local_task_job.py:264} INFO - 1 downstream tasks scheduled from follow-on schedule check
