[2022-12-04 10:34:35,320] {taskinstance.py:1032} INFO - Dependencies all met for <TaskInstance: dag1.save_to_csv scheduled__2022-10-31T23:10:00+00:00 [queued]>
[2022-12-04 10:34:35,446] {taskinstance.py:1032} INFO - Dependencies all met for <TaskInstance: dag1.save_to_csv scheduled__2022-10-31T23:10:00+00:00 [queued]>
[2022-12-04 10:34:35,453] {taskinstance.py:1238} INFO - 
--------------------------------------------------------------------------------
[2022-12-04 10:34:35,454] {taskinstance.py:1239} INFO - Starting attempt 1 of 2
[2022-12-04 10:34:35,455] {taskinstance.py:1240} INFO - 
--------------------------------------------------------------------------------
[2022-12-04 10:34:35,541] {taskinstance.py:1259} INFO - Executing <Task(PythonOperator): save_to_csv> on 2022-10-31 23:10:00+00:00
[2022-12-04 10:34:35,581] {standard_task_runner.py:52} INFO - Started process 6038 to run task
[2022-12-04 10:34:35,641] {standard_task_runner.py:76} INFO - Running: ['***', 'tasks', 'run', 'dag1', 'save_to_csv', 'scheduled__2022-10-31T23:10:00+00:00', '--job-id', '3340', '--raw', '--subdir', 'DAGS_FOLDER/AirflowClean2.py', '--cfg-path', '/tmp/tmpv1jhhgcb', '--error-file', '/tmp/tmp91dyczml']
[2022-12-04 10:34:35,649] {standard_task_runner.py:77} INFO - Job 3340: Subtask save_to_csv
[2022-12-04 10:34:35,947] {logging_mixin.py:109} INFO - Running <TaskInstance: dag1.save_to_csv scheduled__2022-10-31T23:10:00+00:00 [running]> on host 9e44869ff3ef
[2022-12-04 10:34:36,257] {taskinstance.py:1426} INFO - Exporting the following env vars:
AIRFLOW_CTX_DAG_OWNER=Fadlil
AIRFLOW_CTX_DAG_ID=dag1
AIRFLOW_CTX_TASK_ID=save_to_csv
AIRFLOW_CTX_EXECUTION_DATE=2022-10-31T23:10:00+00:00
AIRFLOW_CTX_DAG_RUN_ID=scheduled__2022-10-31T23:10:00+00:00
[2022-12-04 10:34:36,370] {python.py:175} INFO - Done. Returned value was: None
[2022-12-04 10:34:37,028] {taskinstance.py:1277} INFO - Marking task as SUCCESS. dag_id=dag1, task_id=save_to_csv, execution_date=20221031T231000, start_date=20221204T103435, end_date=20221204T103437
[2022-12-04 10:34:37,277] {local_task_job.py:154} INFO - Task exited with return code 0
[2022-12-04 10:34:37,509] {local_task_job.py:264} INFO - 1 downstream tasks scheduled from follow-on schedule check
