[2022-12-04 14:01:25,274] {taskinstance.py:1032} INFO - Dependencies all met for <TaskInstance: dag1.bigquery_external_table_task scheduled__2022-11-07T18:20:00+00:00 [queued]>
[2022-12-04 14:01:25,301] {taskinstance.py:1032} INFO - Dependencies all met for <TaskInstance: dag1.bigquery_external_table_task scheduled__2022-11-07T18:20:00+00:00 [queued]>
[2022-12-04 14:01:25,303] {taskinstance.py:1238} INFO - 
--------------------------------------------------------------------------------
[2022-12-04 14:01:25,304] {taskinstance.py:1239} INFO - Starting attempt 1 of 2
[2022-12-04 14:01:25,305] {taskinstance.py:1240} INFO - 
--------------------------------------------------------------------------------
[2022-12-04 14:01:25,329] {taskinstance.py:1259} INFO - Executing <Task(BigQueryCreateExternalTableOperator): bigquery_external_table_task> on 2022-11-07 18:20:00+00:00
[2022-12-04 14:01:25,340] {standard_task_runner.py:52} INFO - Started process 7600 to run task
[2022-12-04 14:01:25,348] {standard_task_runner.py:76} INFO - Running: ['***', 'tasks', 'run', 'dag1', 'bigquery_external_table_task', 'scheduled__2022-11-07T18:20:00+00:00', '--job-id', '8311', '--raw', '--subdir', 'DAGS_FOLDER/AirflowClean2.py', '--cfg-path', '/tmp/tmp2zeojk3p', '--error-file', '/tmp/tmplm1c3z9c']
[2022-12-04 14:01:25,352] {standard_task_runner.py:77} INFO - Job 8311: Subtask bigquery_external_table_task
[2022-12-04 14:01:25,509] {logging_mixin.py:109} INFO - Running <TaskInstance: dag1.bigquery_external_table_task scheduled__2022-11-07T18:20:00+00:00 [running]> on host 7a020590adae
[2022-12-04 14:01:25,656] {taskinstance.py:1426} INFO - Exporting the following env vars:
AIRFLOW_CTX_DAG_OWNER=Fadlil
AIRFLOW_CTX_DAG_ID=dag1
AIRFLOW_CTX_TASK_ID=bigquery_external_table_task
AIRFLOW_CTX_EXECUTION_DATE=2022-11-07T18:20:00+00:00
AIRFLOW_CTX_DAG_RUN_ID=scheduled__2022-11-07T18:20:00+00:00
[2022-12-04 14:01:25,659] {crypto.py:82} WARNING - empty cryptography key - values will not be stored encrypted.
[2022-12-04 14:01:26,839] {taskinstance.py:1277} INFO - Marking task as SUCCESS. dag_id=dag1, task_id=bigquery_external_table_task, execution_date=20221107T182000, start_date=20221204T140125, end_date=20221204T140126
[2022-12-04 14:01:26,889] {local_task_job.py:154} INFO - Task exited with return code 0
[2022-12-04 14:01:26,997] {local_task_job.py:264} INFO - 1 downstream tasks scheduled from follow-on schedule check
