[2022-12-04 02:48:04,260] {taskinstance.py:1032} INFO - Dependencies all met for <TaskInstance: dag1.save_to_csv scheduled__2022-10-26T23:40:00+00:00 [queued]>
[2022-12-04 02:48:04,498] {taskinstance.py:1032} INFO - Dependencies all met for <TaskInstance: dag1.save_to_csv scheduled__2022-10-26T23:40:00+00:00 [queued]>
[2022-12-04 02:48:04,506] {taskinstance.py:1238} INFO - 
--------------------------------------------------------------------------------
[2022-12-04 02:48:04,507] {taskinstance.py:1239} INFO - Starting attempt 1 of 2
[2022-12-04 02:48:04,510] {taskinstance.py:1240} INFO - 
--------------------------------------------------------------------------------
[2022-12-04 02:48:04,767] {taskinstance.py:1259} INFO - Executing <Task(PythonOperator): save_to_csv> on 2022-10-26 23:40:00+00:00
[2022-12-04 02:48:04,858] {standard_task_runner.py:76} INFO - Running: ['***', 'tasks', 'run', 'dag1', 'save_to_csv', 'scheduled__2022-10-26T23:40:00+00:00', '--job-id', '612', '--raw', '--subdir', 'DAGS_FOLDER/AirflowClean2.py', '--cfg-path', '/tmp/tmphpf9dbmq', '--error-file', '/tmp/tmpa3nyjioo']
[2022-12-04 02:48:04,826] {standard_task_runner.py:52} INFO - Started process 196 to run task
[2022-12-04 02:48:04,894] {standard_task_runner.py:77} INFO - Job 612: Subtask save_to_csv
[2022-12-04 02:48:08,659] {logging_mixin.py:109} INFO - Running <TaskInstance: dag1.save_to_csv scheduled__2022-10-26T23:40:00+00:00 [running]> on host 422c372562ce
[2022-12-04 02:48:10,509] {taskinstance.py:1426} INFO - Exporting the following env vars:
AIRFLOW_CTX_DAG_OWNER=Fadlil
AIRFLOW_CTX_DAG_ID=dag1
AIRFLOW_CTX_TASK_ID=save_to_csv
AIRFLOW_CTX_EXECUTION_DATE=2022-10-26T23:40:00+00:00
AIRFLOW_CTX_DAG_RUN_ID=scheduled__2022-10-26T23:40:00+00:00
[2022-12-04 02:48:11,043] {python.py:175} INFO - Done. Returned value was: None
[2022-12-04 02:48:12,039] {taskinstance.py:1277} INFO - Marking task as SUCCESS. dag_id=dag1, task_id=save_to_csv, execution_date=20221026T234000, start_date=20221204T024804, end_date=20221204T024812
[2022-12-04 02:48:12,528] {local_task_job.py:154} INFO - Task exited with return code 0
[2022-12-04 02:48:14,002] {local_task_job.py:264} INFO - 0 downstream tasks scheduled from follow-on schedule check
