[2022-12-04 12:10:34,494] {taskinstance.py:1032} INFO - Dependencies all met for <TaskInstance: dag1.bigquery_external_table_task scheduled__2022-11-05T16:30:00+00:00 [queued]>
[2022-12-04 12:10:34,647] {taskinstance.py:1032} INFO - Dependencies all met for <TaskInstance: dag1.bigquery_external_table_task scheduled__2022-11-05T16:30:00+00:00 [queued]>
[2022-12-04 12:10:34,650] {taskinstance.py:1238} INFO - 
--------------------------------------------------------------------------------
[2022-12-04 12:10:34,655] {taskinstance.py:1239} INFO - Starting attempt 1 of 2
[2022-12-04 12:10:34,664] {taskinstance.py:1240} INFO - 
--------------------------------------------------------------------------------
[2022-12-04 12:10:34,923] {taskinstance.py:1259} INFO - Executing <Task(BigQueryCreateExternalTableOperator): bigquery_external_table_task> on 2022-11-05 16:30:00+00:00
[2022-12-04 12:10:34,976] {standard_task_runner.py:52} INFO - Started process 17307 to run task
[2022-12-04 12:10:35,012] {standard_task_runner.py:76} INFO - Running: ['***', 'tasks', 'run', 'dag1', 'bigquery_external_table_task', 'scheduled__2022-11-05T16:30:00+00:00', '--job-id', '6327', '--raw', '--subdir', 'DAGS_FOLDER/AirflowClean2.py', '--cfg-path', '/tmp/tmp0p3bx4yw', '--error-file', '/tmp/tmpuuc8ef4a']
[2022-12-04 12:10:35,042] {standard_task_runner.py:77} INFO - Job 6327: Subtask bigquery_external_table_task
[2022-12-04 12:10:35,979] {logging_mixin.py:109} INFO - Running <TaskInstance: dag1.bigquery_external_table_task scheduled__2022-11-05T16:30:00+00:00 [running]> on host 9e44869ff3ef
[2022-12-04 12:10:36,773] {taskinstance.py:1426} INFO - Exporting the following env vars:
AIRFLOW_CTX_DAG_OWNER=Fadlil
AIRFLOW_CTX_DAG_ID=dag1
AIRFLOW_CTX_TASK_ID=bigquery_external_table_task
AIRFLOW_CTX_EXECUTION_DATE=2022-11-05T16:30:00+00:00
AIRFLOW_CTX_DAG_RUN_ID=scheduled__2022-11-05T16:30:00+00:00
[2022-12-04 12:10:36,793] {crypto.py:82} WARNING - empty cryptography key - values will not be stored encrypted.
[2022-12-04 12:10:38,814] {taskinstance.py:1277} INFO - Marking task as SUCCESS. dag_id=dag1, task_id=bigquery_external_table_task, execution_date=20221105T163000, start_date=20221204T121034, end_date=20221204T121038
[2022-12-04 12:10:38,982] {local_task_job.py:154} INFO - Task exited with return code 0
[2022-12-04 12:10:39,415] {local_task_job.py:264} INFO - 1 downstream tasks scheduled from follow-on schedule check
