[2022-12-04 10:38:11,038] {taskinstance.py:1032} INFO - Dependencies all met for <TaskInstance: dag1.save_to_parquet scheduled__2022-11-01T07:10:00+00:00 [queued]>
[2022-12-04 10:38:11,120] {taskinstance.py:1032} INFO - Dependencies all met for <TaskInstance: dag1.save_to_parquet scheduled__2022-11-01T07:10:00+00:00 [queued]>
[2022-12-04 10:38:11,121] {taskinstance.py:1238} INFO - 
--------------------------------------------------------------------------------
[2022-12-04 10:38:11,121] {taskinstance.py:1239} INFO - Starting attempt 1 of 2
[2022-12-04 10:38:11,122] {taskinstance.py:1240} INFO - 
--------------------------------------------------------------------------------
[2022-12-04 10:38:11,208] {taskinstance.py:1259} INFO - Executing <Task(PythonOperator): save_to_parquet> on 2022-11-01 07:10:00+00:00
[2022-12-04 10:38:11,222] {standard_task_runner.py:76} INFO - Running: ['***', 'tasks', 'run', 'dag1', 'save_to_parquet', 'scheduled__2022-11-01T07:10:00+00:00', '--job-id', '3546', '--raw', '--subdir', 'DAGS_FOLDER/AirflowClean2.py', '--cfg-path', '/tmp/tmp3xrgswyj', '--error-file', '/tmp/tmp8h_6h1mi']
[2022-12-04 10:38:11,253] {standard_task_runner.py:77} INFO - Job 3546: Subtask save_to_parquet
[2022-12-04 10:38:11,266] {standard_task_runner.py:52} INFO - Started process 6758 to run task
[2022-12-04 10:38:11,581] {logging_mixin.py:109} INFO - Running <TaskInstance: dag1.save_to_parquet scheduled__2022-11-01T07:10:00+00:00 [running]> on host 9e44869ff3ef
[2022-12-04 10:38:12,307] {taskinstance.py:1426} INFO - Exporting the following env vars:
AIRFLOW_CTX_DAG_OWNER=Fadlil
AIRFLOW_CTX_DAG_ID=dag1
AIRFLOW_CTX_TASK_ID=save_to_parquet
AIRFLOW_CTX_EXECUTION_DATE=2022-11-01T07:10:00+00:00
AIRFLOW_CTX_DAG_RUN_ID=scheduled__2022-11-01T07:10:00+00:00
[2022-12-04 10:38:12,638] {python.py:175} INFO - Done. Returned value was: None
[2022-12-04 10:38:12,687] {taskinstance.py:1277} INFO - Marking task as SUCCESS. dag_id=dag1, task_id=save_to_parquet, execution_date=20221101T071000, start_date=20221204T103811, end_date=20221204T103812
[2022-12-04 10:38:13,264] {local_task_job.py:154} INFO - Task exited with return code 0
[2022-12-04 10:38:13,467] {local_task_job.py:264} INFO - 1 downstream tasks scheduled from follow-on schedule check
