[2022-12-04 10:32:21,372] {taskinstance.py:1032} INFO - Dependencies all met for <TaskInstance: dag1.save_to_parquet scheduled__2022-10-31T17:40:00+00:00 [queued]>
[2022-12-04 10:32:21,416] {taskinstance.py:1032} INFO - Dependencies all met for <TaskInstance: dag1.save_to_parquet scheduled__2022-10-31T17:40:00+00:00 [queued]>
[2022-12-04 10:32:21,416] {taskinstance.py:1238} INFO - 
--------------------------------------------------------------------------------
[2022-12-04 10:32:21,418] {taskinstance.py:1239} INFO - Starting attempt 1 of 2
[2022-12-04 10:32:21,419] {taskinstance.py:1240} INFO - 
--------------------------------------------------------------------------------
[2022-12-04 10:32:21,446] {taskinstance.py:1259} INFO - Executing <Task(PythonOperator): save_to_parquet> on 2022-10-31 17:40:00+00:00
[2022-12-04 10:32:21,454] {standard_task_runner.py:52} INFO - Started process 5615 to run task
[2022-12-04 10:32:21,472] {standard_task_runner.py:76} INFO - Running: ['***', 'tasks', 'run', 'dag1', 'save_to_parquet', 'scheduled__2022-10-31T17:40:00+00:00', '--job-id', '3220', '--raw', '--subdir', 'DAGS_FOLDER/AirflowClean2.py', '--cfg-path', '/tmp/tmpnztbtwd6', '--error-file', '/tmp/tmprecbwak9']
[2022-12-04 10:32:21,477] {standard_task_runner.py:77} INFO - Job 3220: Subtask save_to_parquet
[2022-12-04 10:32:21,650] {logging_mixin.py:109} INFO - Running <TaskInstance: dag1.save_to_parquet scheduled__2022-10-31T17:40:00+00:00 [running]> on host 9e44869ff3ef
[2022-12-04 10:32:21,867] {taskinstance.py:1426} INFO - Exporting the following env vars:
AIRFLOW_CTX_DAG_OWNER=Fadlil
AIRFLOW_CTX_DAG_ID=dag1
AIRFLOW_CTX_TASK_ID=save_to_parquet
AIRFLOW_CTX_EXECUTION_DATE=2022-10-31T17:40:00+00:00
AIRFLOW_CTX_DAG_RUN_ID=scheduled__2022-10-31T17:40:00+00:00
[2022-12-04 10:32:22,237] {python.py:175} INFO - Done. Returned value was: None
[2022-12-04 10:32:22,278] {taskinstance.py:1277} INFO - Marking task as SUCCESS. dag_id=dag1, task_id=save_to_parquet, execution_date=20221031T174000, start_date=20221204T103221, end_date=20221204T103222
[2022-12-04 10:32:22,340] {local_task_job.py:154} INFO - Task exited with return code 0
[2022-12-04 10:32:22,444] {local_task_job.py:264} INFO - 1 downstream tasks scheduled from follow-on schedule check
