[2022-12-04 12:10:54,658] {taskinstance.py:1032} INFO - Dependencies all met for <TaskInstance: dag1.save_to_csv scheduled__2022-11-05T17:40:00+00:00 [queued]>
[2022-12-04 12:10:54,745] {taskinstance.py:1032} INFO - Dependencies all met for <TaskInstance: dag1.save_to_csv scheduled__2022-11-05T17:40:00+00:00 [queued]>
[2022-12-04 12:10:54,746] {taskinstance.py:1238} INFO - 
--------------------------------------------------------------------------------
[2022-12-04 12:10:54,747] {taskinstance.py:1239} INFO - Starting attempt 1 of 2
[2022-12-04 12:10:54,747] {taskinstance.py:1240} INFO - 
--------------------------------------------------------------------------------
[2022-12-04 12:10:54,856] {taskinstance.py:1259} INFO - Executing <Task(PythonOperator): save_to_csv> on 2022-11-05 17:40:00+00:00
[2022-12-04 12:10:54,878] {standard_task_runner.py:52} INFO - Started process 17344 to run task
[2022-12-04 12:10:54,920] {standard_task_runner.py:76} INFO - Running: ['***', 'tasks', 'run', 'dag1', 'save_to_csv', 'scheduled__2022-11-05T17:40:00+00:00', '--job-id', '6341', '--raw', '--subdir', 'DAGS_FOLDER/AirflowClean2.py', '--cfg-path', '/tmp/tmp2zmb46bw', '--error-file', '/tmp/tmpayazpf65']
[2022-12-04 12:10:54,922] {standard_task_runner.py:77} INFO - Job 6341: Subtask save_to_csv
[2022-12-04 12:10:55,328] {logging_mixin.py:109} INFO - Running <TaskInstance: dag1.save_to_csv scheduled__2022-11-05T17:40:00+00:00 [running]> on host 9e44869ff3ef
[2022-12-04 12:10:55,753] {taskinstance.py:1426} INFO - Exporting the following env vars:
AIRFLOW_CTX_DAG_OWNER=Fadlil
AIRFLOW_CTX_DAG_ID=dag1
AIRFLOW_CTX_TASK_ID=save_to_csv
AIRFLOW_CTX_EXECUTION_DATE=2022-11-05T17:40:00+00:00
AIRFLOW_CTX_DAG_RUN_ID=scheduled__2022-11-05T17:40:00+00:00
[2022-12-04 12:10:55,999] {python.py:175} INFO - Done. Returned value was: None
[2022-12-04 12:10:56,867] {taskinstance.py:1277} INFO - Marking task as SUCCESS. dag_id=dag1, task_id=save_to_csv, execution_date=20221105T174000, start_date=20221204T121054, end_date=20221204T121056
[2022-12-04 12:10:57,035] {local_task_job.py:154} INFO - Task exited with return code 0
[2022-12-04 12:10:57,432] {local_task_job.py:264} INFO - 1 downstream tasks scheduled from follow-on schedule check
