[2022-12-02 17:25:28,107] {taskinstance.py:1032} INFO - Dependencies all met for <TaskInstance: dag1.save_to_csv scheduled__2022-10-26T01:20:00+00:00 [queued]>
[2022-12-02 17:25:28,496] {taskinstance.py:1032} INFO - Dependencies all met for <TaskInstance: dag1.save_to_csv scheduled__2022-10-26T01:20:00+00:00 [queued]>
[2022-12-02 17:25:30,411] {taskinstance.py:1238} INFO - 
--------------------------------------------------------------------------------
[2022-12-02 17:25:32,447] {taskinstance.py:1239} INFO - Starting attempt 1 of 2
[2022-12-02 17:25:33,449] {taskinstance.py:1240} INFO - 
--------------------------------------------------------------------------------
[2022-12-02 17:25:35,945] {taskinstance.py:1259} INFO - Executing <Task(PythonOperator): save_to_csv> on 2022-10-26 01:20:00+00:00
[2022-12-02 17:25:36,292] {standard_task_runner.py:52} INFO - Started process 233 to run task
[2022-12-02 17:25:37,160] {standard_task_runner.py:76} INFO - Running: ['***', 'tasks', 'run', 'dag1', 'save_to_csv', 'scheduled__2022-10-26T01:20:00+00:00', '--job-id', '30', '--raw', '--subdir', 'DAGS_FOLDER/AirflowClean2.py', '--cfg-path', '/tmp/tmp6mdnxx6_', '--error-file', '/tmp/tmptjx4djzo']
[2022-12-02 17:25:37,208] {standard_task_runner.py:77} INFO - Job 30: Subtask save_to_csv
[2022-12-02 17:26:03,538] {logging_mixin.py:109} INFO - Running <TaskInstance: dag1.save_to_csv scheduled__2022-10-26T01:20:00+00:00 [running]> on host 422c372562ce
[2022-12-02 17:26:06,482] {taskinstance.py:1426} INFO - Exporting the following env vars:
AIRFLOW_CTX_DAG_OWNER=Fadlil
AIRFLOW_CTX_DAG_ID=dag1
AIRFLOW_CTX_TASK_ID=save_to_csv
AIRFLOW_CTX_EXECUTION_DATE=2022-10-26T01:20:00+00:00
AIRFLOW_CTX_DAG_RUN_ID=scheduled__2022-10-26T01:20:00+00:00
[2022-12-02 17:26:06,904] {python.py:175} INFO - Done. Returned value was: None
[2022-12-02 17:26:09,563] {taskinstance.py:1277} INFO - Marking task as SUCCESS. dag_id=dag1, task_id=save_to_csv, execution_date=20221026T012000, start_date=20221202T172528, end_date=20221202T172609
[2022-12-02 17:26:10,066] {local_task_job.py:154} INFO - Task exited with return code 0
[2022-12-02 17:26:10,313] {local_task_job.py:264} INFO - 1 downstream tasks scheduled from follow-on schedule check
