[2022-12-04 13:34:18,865] {taskinstance.py:1032} INFO - Dependencies all met for <TaskInstance: dag1.bigquery_external_table_task scheduled__2022-11-07T06:40:00+00:00 [queued]>
[2022-12-04 13:34:18,903] {taskinstance.py:1032} INFO - Dependencies all met for <TaskInstance: dag1.bigquery_external_table_task scheduled__2022-11-07T06:40:00+00:00 [queued]>
[2022-12-04 13:34:18,903] {taskinstance.py:1238} INFO - 
--------------------------------------------------------------------------------
[2022-12-04 13:34:18,906] {taskinstance.py:1239} INFO - Starting attempt 1 of 2
[2022-12-04 13:34:18,907] {taskinstance.py:1240} INFO - 
--------------------------------------------------------------------------------
[2022-12-04 13:34:18,964] {taskinstance.py:1259} INFO - Executing <Task(BigQueryCreateExternalTableOperator): bigquery_external_table_task> on 2022-11-07 06:40:00+00:00
[2022-12-04 13:34:19,007] {standard_task_runner.py:52} INFO - Started process 5009 to run task
[2022-12-04 13:34:19,015] {standard_task_runner.py:76} INFO - Running: ['***', 'tasks', 'run', 'dag1', 'bigquery_external_table_task', 'scheduled__2022-11-07T06:40:00+00:00', '--job-id', '7760', '--raw', '--subdir', 'DAGS_FOLDER/AirflowClean2.py', '--cfg-path', '/tmp/tmphgg9hrye', '--error-file', '/tmp/tmpn9bsxglf']
[2022-12-04 13:34:19,019] {standard_task_runner.py:77} INFO - Job 7760: Subtask bigquery_external_table_task
[2022-12-04 13:34:19,442] {logging_mixin.py:109} INFO - Running <TaskInstance: dag1.bigquery_external_table_task scheduled__2022-11-07T06:40:00+00:00 [running]> on host 7a020590adae
[2022-12-04 13:34:19,943] {taskinstance.py:1426} INFO - Exporting the following env vars:
AIRFLOW_CTX_DAG_OWNER=Fadlil
AIRFLOW_CTX_DAG_ID=dag1
AIRFLOW_CTX_TASK_ID=bigquery_external_table_task
AIRFLOW_CTX_EXECUTION_DATE=2022-11-07T06:40:00+00:00
AIRFLOW_CTX_DAG_RUN_ID=scheduled__2022-11-07T06:40:00+00:00
[2022-12-04 13:34:19,945] {crypto.py:82} WARNING - empty cryptography key - values will not be stored encrypted.
[2022-12-04 13:34:21,274] {taskinstance.py:1277} INFO - Marking task as SUCCESS. dag_id=dag1, task_id=bigquery_external_table_task, execution_date=20221107T064000, start_date=20221204T133418, end_date=20221204T133421
[2022-12-04 13:34:21,347] {local_task_job.py:154} INFO - Task exited with return code 0
[2022-12-04 13:34:21,502] {local_task_job.py:264} INFO - 1 downstream tasks scheduled from follow-on schedule check
