[2022-12-04 17:04:01,909] {taskinstance.py:1032} INFO - Dependencies all met for <TaskInstance: dag1.bigquery_external_table_task scheduled__2022-11-09T20:20:00+00:00 [queued]>
[2022-12-04 17:04:01,994] {taskinstance.py:1032} INFO - Dependencies all met for <TaskInstance: dag1.bigquery_external_table_task scheduled__2022-11-09T20:20:00+00:00 [queued]>
[2022-12-04 17:04:01,998] {taskinstance.py:1238} INFO - 
--------------------------------------------------------------------------------
[2022-12-04 17:04:02,001] {taskinstance.py:1239} INFO - Starting attempt 1 of 2
[2022-12-04 17:04:02,002] {taskinstance.py:1240} INFO - 
--------------------------------------------------------------------------------
[2022-12-04 17:04:02,092] {taskinstance.py:1259} INFO - Executing <Task(BigQueryCreateExternalTableOperator): bigquery_external_table_task> on 2022-11-09 20:20:00+00:00
[2022-12-04 17:04:02,099] {standard_task_runner.py:52} INFO - Started process 16308 to run task
[2022-12-04 17:04:02,138] {standard_task_runner.py:76} INFO - Running: ['***', 'tasks', 'run', 'dag1', 'bigquery_external_table_task', 'scheduled__2022-11-09T20:20:00+00:00', '--job-id', '10116', '--raw', '--subdir', 'DAGS_FOLDER/AirflowClean2.py', '--cfg-path', '/tmp/tmpo2x10tk7', '--error-file', '/tmp/tmpf12sksrn']
[2022-12-04 17:04:02,151] {standard_task_runner.py:77} INFO - Job 10116: Subtask bigquery_external_table_task
[2022-12-04 17:04:02,455] {logging_mixin.py:109} INFO - Running <TaskInstance: dag1.bigquery_external_table_task scheduled__2022-11-09T20:20:00+00:00 [running]> on host 7a020590adae
[2022-12-04 17:04:02,669] {taskinstance.py:1426} INFO - Exporting the following env vars:
AIRFLOW_CTX_DAG_OWNER=Fadlil
AIRFLOW_CTX_DAG_ID=dag1
AIRFLOW_CTX_TASK_ID=bigquery_external_table_task
AIRFLOW_CTX_EXECUTION_DATE=2022-11-09T20:20:00+00:00
AIRFLOW_CTX_DAG_RUN_ID=scheduled__2022-11-09T20:20:00+00:00
[2022-12-04 17:04:02,680] {crypto.py:82} WARNING - empty cryptography key - values will not be stored encrypted.
[2022-12-04 17:04:03,950] {taskinstance.py:1277} INFO - Marking task as SUCCESS. dag_id=dag1, task_id=bigquery_external_table_task, execution_date=20221109T202000, start_date=20221204T170401, end_date=20221204T170403
[2022-12-04 17:04:04,014] {local_task_job.py:154} INFO - Task exited with return code 0
[2022-12-04 17:04:04,075] {local_task_job.py:264} INFO - 1 downstream tasks scheduled from follow-on schedule check
