[2022-12-04 11:06:56,654] {taskinstance.py:1032} INFO - Dependencies all met for <TaskInstance: dag1.local_to_gcs_task scheduled__2022-11-04T07:50:00+00:00 [queued]>
[2022-12-04 11:06:56,682] {taskinstance.py:1032} INFO - Dependencies all met for <TaskInstance: dag1.local_to_gcs_task scheduled__2022-11-04T07:50:00+00:00 [queued]>
[2022-12-04 11:06:56,691] {taskinstance.py:1238} INFO - 
--------------------------------------------------------------------------------
[2022-12-04 11:06:56,692] {taskinstance.py:1239} INFO - Starting attempt 1 of 2
[2022-12-04 11:06:56,693] {taskinstance.py:1240} INFO - 
--------------------------------------------------------------------------------
[2022-12-04 11:06:56,737] {taskinstance.py:1259} INFO - Executing <Task(PythonOperator): local_to_gcs_task> on 2022-11-04 07:50:00+00:00
[2022-12-04 11:06:56,745] {standard_task_runner.py:52} INFO - Started process 12857 to run task
[2022-12-04 11:06:56,758] {standard_task_runner.py:76} INFO - Running: ['***', 'tasks', 'run', 'dag1', 'local_to_gcs_task', 'scheduled__2022-11-04T07:50:00+00:00', '--job-id', '5307', '--raw', '--subdir', 'DAGS_FOLDER/AirflowClean2.py', '--cfg-path', '/tmp/tmpnle4cher', '--error-file', '/tmp/tmp61i8ij1c']
[2022-12-04 11:06:56,761] {standard_task_runner.py:77} INFO - Job 5307: Subtask local_to_gcs_task
[2022-12-04 11:06:56,955] {logging_mixin.py:109} INFO - Running <TaskInstance: dag1.local_to_gcs_task scheduled__2022-11-04T07:50:00+00:00 [running]> on host 9e44869ff3ef
[2022-12-04 11:06:57,169] {taskinstance.py:1426} INFO - Exporting the following env vars:
AIRFLOW_CTX_DAG_OWNER=Fadlil
AIRFLOW_CTX_DAG_ID=dag1
AIRFLOW_CTX_TASK_ID=local_to_gcs_task
AIRFLOW_CTX_EXECUTION_DATE=2022-11-04T07:50:00+00:00
AIRFLOW_CTX_DAG_RUN_ID=scheduled__2022-11-04T07:50:00+00:00
[2022-12-04 11:06:57,916] {python.py:175} INFO - Done. Returned value was: None
[2022-12-04 11:06:57,949] {taskinstance.py:1277} INFO - Marking task as SUCCESS. dag_id=dag1, task_id=local_to_gcs_task, execution_date=20221104T075000, start_date=20221204T110656, end_date=20221204T110657
[2022-12-04 11:06:58,058] {local_task_job.py:154} INFO - Task exited with return code 0
[2022-12-04 11:06:58,550] {local_task_job.py:264} INFO - 0 downstream tasks scheduled from follow-on schedule check
