[2022-12-04 10:51:11,767] {taskinstance.py:1032} INFO - Dependencies all met for <TaskInstance: dag1.get_data scheduled__2022-11-02T14:40:00+00:00 [queued]>
[2022-12-04 10:51:11,832] {taskinstance.py:1032} INFO - Dependencies all met for <TaskInstance: dag1.get_data scheduled__2022-11-02T14:40:00+00:00 [queued]>
[2022-12-04 10:51:11,833] {taskinstance.py:1238} INFO - 
--------------------------------------------------------------------------------
[2022-12-04 10:51:11,833] {taskinstance.py:1239} INFO - Starting attempt 1 of 2
[2022-12-04 10:51:11,834] {taskinstance.py:1240} INFO - 
--------------------------------------------------------------------------------
[2022-12-04 10:51:11,888] {taskinstance.py:1259} INFO - Executing <Task(PythonOperator): get_data> on 2022-11-02 14:40:00+00:00
[2022-12-04 10:51:11,895] {standard_task_runner.py:52} INFO - Started process 9410 to run task
[2022-12-04 10:51:11,941] {standard_task_runner.py:76} INFO - Running: ['***', 'tasks', 'run', 'dag1', 'get_data', 'scheduled__2022-11-02T14:40:00+00:00', '--job-id', '4303', '--raw', '--subdir', 'DAGS_FOLDER/AirflowClean2.py', '--cfg-path', '/tmp/tmpucr4ajid', '--error-file', '/tmp/tmp_ov_xzbg']
[2022-12-04 10:51:11,951] {standard_task_runner.py:77} INFO - Job 4303: Subtask get_data
[2022-12-04 10:51:12,334] {logging_mixin.py:109} INFO - Running <TaskInstance: dag1.get_data scheduled__2022-11-02T14:40:00+00:00 [running]> on host 9e44869ff3ef
[2022-12-04 10:51:12,494] {taskinstance.py:1426} INFO - Exporting the following env vars:
AIRFLOW_CTX_DAG_OWNER=Fadlil
AIRFLOW_CTX_DAG_ID=dag1
AIRFLOW_CTX_TASK_ID=get_data
AIRFLOW_CTX_EXECUTION_DATE=2022-11-02T14:40:00+00:00
AIRFLOW_CTX_DAG_RUN_ID=scheduled__2022-11-02T14:40:00+00:00
[2022-12-04 10:51:13,705] {python.py:175} INFO - Done. Returned value was: None
[2022-12-04 10:51:13,822] {taskinstance.py:1277} INFO - Marking task as SUCCESS. dag_id=dag1, task_id=get_data, execution_date=20221102T144000, start_date=20221204T105111, end_date=20221204T105113
[2022-12-04 10:51:13,960] {local_task_job.py:154} INFO - Task exited with return code 0
[2022-12-04 10:51:14,091] {local_task_job.py:264} INFO - 1 downstream tasks scheduled from follow-on schedule check
