[2022-12-04 13:29:48,173] {taskinstance.py:1032} INFO - Dependencies all met for <TaskInstance: dag1.bigquery_external_table_task scheduled__2022-11-07T05:00:00+00:00 [queued]>
[2022-12-04 13:29:48,193] {taskinstance.py:1032} INFO - Dependencies all met for <TaskInstance: dag1.bigquery_external_table_task scheduled__2022-11-07T05:00:00+00:00 [queued]>
[2022-12-04 13:29:48,193] {taskinstance.py:1238} INFO - 
--------------------------------------------------------------------------------
[2022-12-04 13:29:48,194] {taskinstance.py:1239} INFO - Starting attempt 1 of 2
[2022-12-04 13:29:48,195] {taskinstance.py:1240} INFO - 
--------------------------------------------------------------------------------
[2022-12-04 13:29:48,216] {taskinstance.py:1259} INFO - Executing <Task(BigQueryCreateExternalTableOperator): bigquery_external_table_task> on 2022-11-07 05:00:00+00:00
[2022-12-04 13:29:48,224] {standard_task_runner.py:52} INFO - Started process 4662 to run task
[2022-12-04 13:29:48,229] {standard_task_runner.py:76} INFO - Running: ['***', 'tasks', 'run', 'dag1', 'bigquery_external_table_task', 'scheduled__2022-11-07T05:00:00+00:00', '--job-id', '7692', '--raw', '--subdir', 'DAGS_FOLDER/AirflowClean2.py', '--cfg-path', '/tmp/tmp35xq2z27', '--error-file', '/tmp/tmp2nm92g8g']
[2022-12-04 13:29:48,231] {standard_task_runner.py:77} INFO - Job 7692: Subtask bigquery_external_table_task
[2022-12-04 13:29:48,494] {logging_mixin.py:109} INFO - Running <TaskInstance: dag1.bigquery_external_table_task scheduled__2022-11-07T05:00:00+00:00 [running]> on host 7a020590adae
[2022-12-04 13:29:48,798] {taskinstance.py:1426} INFO - Exporting the following env vars:
AIRFLOW_CTX_DAG_OWNER=Fadlil
AIRFLOW_CTX_DAG_ID=dag1
AIRFLOW_CTX_TASK_ID=bigquery_external_table_task
AIRFLOW_CTX_EXECUTION_DATE=2022-11-07T05:00:00+00:00
AIRFLOW_CTX_DAG_RUN_ID=scheduled__2022-11-07T05:00:00+00:00
[2022-12-04 13:29:48,801] {crypto.py:82} WARNING - empty cryptography key - values will not be stored encrypted.
[2022-12-04 13:29:50,266] {taskinstance.py:1277} INFO - Marking task as SUCCESS. dag_id=dag1, task_id=bigquery_external_table_task, execution_date=20221107T050000, start_date=20221204T132948, end_date=20221204T132950
[2022-12-04 13:29:50,333] {local_task_job.py:154} INFO - Task exited with return code 0
[2022-12-04 13:29:50,390] {local_task_job.py:264} INFO - 1 downstream tasks scheduled from follow-on schedule check
