[2022-12-04 11:01:26,229] {taskinstance.py:1032} INFO - Dependencies all met for <TaskInstance: dag1.local_to_gcs_task scheduled__2022-11-03T17:20:00+00:00 [queued]>
[2022-12-04 11:01:27,166] {taskinstance.py:1032} INFO - Dependencies all met for <TaskInstance: dag1.local_to_gcs_task scheduled__2022-11-03T17:20:00+00:00 [queued]>
[2022-12-04 11:01:27,167] {taskinstance.py:1238} INFO - 
--------------------------------------------------------------------------------
[2022-12-04 11:01:27,168] {taskinstance.py:1239} INFO - Starting attempt 1 of 2
[2022-12-04 11:01:27,172] {taskinstance.py:1240} INFO - 
--------------------------------------------------------------------------------
[2022-12-04 11:01:27,258] {taskinstance.py:1259} INFO - Executing <Task(PythonOperator): local_to_gcs_task> on 2022-11-03 17:20:00+00:00
[2022-12-04 11:01:27,307] {standard_task_runner.py:52} INFO - Started process 11692 to run task
[2022-12-04 11:01:27,437] {standard_task_runner.py:76} INFO - Running: ['***', 'tasks', 'run', 'dag1', 'local_to_gcs_task', 'scheduled__2022-11-03T17:20:00+00:00', '--job-id', '4967', '--raw', '--subdir', 'DAGS_FOLDER/AirflowClean2.py', '--cfg-path', '/tmp/tmpzcfh4l1h', '--error-file', '/tmp/tmp0gkjqzjv']
[2022-12-04 11:01:27,453] {standard_task_runner.py:77} INFO - Job 4967: Subtask local_to_gcs_task
[2022-12-04 11:01:27,924] {logging_mixin.py:109} INFO - Running <TaskInstance: dag1.local_to_gcs_task scheduled__2022-11-03T17:20:00+00:00 [running]> on host 9e44869ff3ef
[2022-12-04 11:01:28,442] {taskinstance.py:1426} INFO - Exporting the following env vars:
AIRFLOW_CTX_DAG_OWNER=Fadlil
AIRFLOW_CTX_DAG_ID=dag1
AIRFLOW_CTX_TASK_ID=local_to_gcs_task
AIRFLOW_CTX_EXECUTION_DATE=2022-11-03T17:20:00+00:00
AIRFLOW_CTX_DAG_RUN_ID=scheduled__2022-11-03T17:20:00+00:00
[2022-12-04 11:01:29,263] {python.py:175} INFO - Done. Returned value was: None
[2022-12-04 11:01:29,461] {taskinstance.py:1277} INFO - Marking task as SUCCESS. dag_id=dag1, task_id=local_to_gcs_task, execution_date=20221103T172000, start_date=20221204T110126, end_date=20221204T110129
[2022-12-04 11:01:29,904] {local_task_job.py:154} INFO - Task exited with return code 0
[2022-12-04 11:01:30,080] {local_task_job.py:264} INFO - 0 downstream tasks scheduled from follow-on schedule check
