[2022-12-04 10:50:59,459] {taskinstance.py:1032} INFO - Dependencies all met for <TaskInstance: dag1.get_data scheduled__2022-11-02T14:10:00+00:00 [queued]>
[2022-12-04 10:50:59,891] {taskinstance.py:1032} INFO - Dependencies all met for <TaskInstance: dag1.get_data scheduled__2022-11-02T14:10:00+00:00 [queued]>
[2022-12-04 10:50:59,893] {taskinstance.py:1238} INFO - 
--------------------------------------------------------------------------------
[2022-12-04 10:50:59,893] {taskinstance.py:1239} INFO - Starting attempt 1 of 2
[2022-12-04 10:50:59,894] {taskinstance.py:1240} INFO - 
--------------------------------------------------------------------------------
[2022-12-04 10:50:59,967] {taskinstance.py:1259} INFO - Executing <Task(PythonOperator): get_data> on 2022-11-02 14:10:00+00:00
[2022-12-04 10:51:00,037] {standard_task_runner.py:52} INFO - Started process 9363 to run task
[2022-12-04 10:51:00,053] {standard_task_runner.py:76} INFO - Running: ['***', 'tasks', 'run', 'dag1', 'get_data', 'scheduled__2022-11-02T14:10:00+00:00', '--job-id', '4290', '--raw', '--subdir', 'DAGS_FOLDER/AirflowClean2.py', '--cfg-path', '/tmp/tmppx9kyefl', '--error-file', '/tmp/tmpngo6dp6w']
[2022-12-04 10:51:00,058] {standard_task_runner.py:77} INFO - Job 4290: Subtask get_data
[2022-12-04 10:51:00,251] {logging_mixin.py:109} INFO - Running <TaskInstance: dag1.get_data scheduled__2022-11-02T14:10:00+00:00 [running]> on host 9e44869ff3ef
[2022-12-04 10:51:00,415] {taskinstance.py:1426} INFO - Exporting the following env vars:
AIRFLOW_CTX_DAG_OWNER=Fadlil
AIRFLOW_CTX_DAG_ID=dag1
AIRFLOW_CTX_TASK_ID=get_data
AIRFLOW_CTX_EXECUTION_DATE=2022-11-02T14:10:00+00:00
AIRFLOW_CTX_DAG_RUN_ID=scheduled__2022-11-02T14:10:00+00:00
[2022-12-04 10:51:01,176] {python.py:175} INFO - Done. Returned value was: None
[2022-12-04 10:51:01,238] {taskinstance.py:1277} INFO - Marking task as SUCCESS. dag_id=dag1, task_id=get_data, execution_date=20221102T141000, start_date=20221204T105059, end_date=20221204T105101
[2022-12-04 10:51:01,351] {local_task_job.py:154} INFO - Task exited with return code 0
[2022-12-04 10:51:01,455] {local_task_job.py:264} INFO - 1 downstream tasks scheduled from follow-on schedule check
