[2022-12-04 09:28:30,834] {taskinstance.py:1032} INFO - Dependencies all met for <TaskInstance: dag1.get_data scheduled__2022-10-30T03:50:00+00:00 [queued]>
[2022-12-04 09:28:30,907] {taskinstance.py:1032} INFO - Dependencies all met for <TaskInstance: dag1.get_data scheduled__2022-10-30T03:50:00+00:00 [queued]>
[2022-12-04 09:28:30,908] {taskinstance.py:1238} INFO - 
--------------------------------------------------------------------------------
[2022-12-04 09:28:30,909] {taskinstance.py:1239} INFO - Starting attempt 1 of 2
[2022-12-04 09:28:30,910] {taskinstance.py:1240} INFO - 
--------------------------------------------------------------------------------
[2022-12-04 09:28:30,944] {taskinstance.py:1259} INFO - Executing <Task(PythonOperator): get_data> on 2022-10-30 03:50:00+00:00
[2022-12-04 09:28:30,969] {standard_task_runner.py:52} INFO - Started process 862 to run task
[2022-12-04 09:28:30,991] {standard_task_runner.py:76} INFO - Running: ['***', 'tasks', 'run', 'dag1', 'get_data', 'scheduled__2022-10-30T03:50:00+00:00', '--job-id', '2387', '--raw', '--subdir', 'DAGS_FOLDER/AirflowClean2.py', '--cfg-path', '/tmp/tmpx1gd1zpq', '--error-file', '/tmp/tmpmnmnlyv6']
[2022-12-04 09:28:30,993] {standard_task_runner.py:77} INFO - Job 2387: Subtask get_data
[2022-12-04 09:28:31,344] {logging_mixin.py:109} INFO - Running <TaskInstance: dag1.get_data scheduled__2022-10-30T03:50:00+00:00 [running]> on host 9e44869ff3ef
[2022-12-04 09:28:31,549] {taskinstance.py:1426} INFO - Exporting the following env vars:
AIRFLOW_CTX_DAG_OWNER=Fadlil
AIRFLOW_CTX_DAG_ID=dag1
AIRFLOW_CTX_TASK_ID=get_data
AIRFLOW_CTX_EXECUTION_DATE=2022-10-30T03:50:00+00:00
AIRFLOW_CTX_DAG_RUN_ID=scheduled__2022-10-30T03:50:00+00:00
[2022-12-04 09:28:32,378] {python.py:175} INFO - Done. Returned value was: None
[2022-12-04 09:28:32,466] {taskinstance.py:1277} INFO - Marking task as SUCCESS. dag_id=dag1, task_id=get_data, execution_date=20221030T035000, start_date=20221204T092830, end_date=20221204T092832
[2022-12-04 09:28:32,675] {local_task_job.py:154} INFO - Task exited with return code 0
[2022-12-04 09:28:33,122] {local_task_job.py:264} INFO - 1 downstream tasks scheduled from follow-on schedule check
