[2022-12-04 11:42:01,917] {taskinstance.py:1032} INFO - Dependencies all met for <TaskInstance: dag1.save_to_csv scheduled__2022-11-04T18:20:00+00:00 [queued]>
[2022-12-04 11:42:02,042] {taskinstance.py:1032} INFO - Dependencies all met for <TaskInstance: dag1.save_to_csv scheduled__2022-11-04T18:20:00+00:00 [queued]>
[2022-12-04 11:42:02,091] {taskinstance.py:1238} INFO - 
--------------------------------------------------------------------------------
[2022-12-04 11:42:02,108] {taskinstance.py:1239} INFO - Starting attempt 1 of 2
[2022-12-04 11:42:02,109] {taskinstance.py:1240} INFO - 
--------------------------------------------------------------------------------
[2022-12-04 11:42:02,446] {taskinstance.py:1259} INFO - Executing <Task(PythonOperator): save_to_csv> on 2022-11-04 18:20:00+00:00
[2022-12-04 11:42:02,492] {standard_task_runner.py:52} INFO - Started process 14129 to run task
[2022-12-04 11:42:02,549] {standard_task_runner.py:76} INFO - Running: ['***', 'tasks', 'run', 'dag1', 'save_to_csv', 'scheduled__2022-11-04T18:20:00+00:00', '--job-id', '5579', '--raw', '--subdir', 'DAGS_FOLDER/AirflowClean2.py', '--cfg-path', '/tmp/tmpazl4yyo4', '--error-file', '/tmp/tmpcpw_66ak']
[2022-12-04 11:42:02,571] {standard_task_runner.py:77} INFO - Job 5579: Subtask save_to_csv
[2022-12-04 11:42:02,912] {logging_mixin.py:109} INFO - Running <TaskInstance: dag1.save_to_csv scheduled__2022-11-04T18:20:00+00:00 [running]> on host 9e44869ff3ef
[2022-12-04 11:42:03,194] {taskinstance.py:1426} INFO - Exporting the following env vars:
AIRFLOW_CTX_DAG_OWNER=Fadlil
AIRFLOW_CTX_DAG_ID=dag1
AIRFLOW_CTX_TASK_ID=save_to_csv
AIRFLOW_CTX_EXECUTION_DATE=2022-11-04T18:20:00+00:00
AIRFLOW_CTX_DAG_RUN_ID=scheduled__2022-11-04T18:20:00+00:00
[2022-12-04 11:42:03,658] {python.py:175} INFO - Done. Returned value was: None
[2022-12-04 11:42:03,843] {taskinstance.py:1277} INFO - Marking task as SUCCESS. dag_id=dag1, task_id=save_to_csv, execution_date=20221104T182000, start_date=20221204T114201, end_date=20221204T114203
[2022-12-04 11:42:04,130] {local_task_job.py:154} INFO - Task exited with return code 0
[2022-12-04 11:42:04,640] {local_task_job.py:264} INFO - 0 downstream tasks scheduled from follow-on schedule check
