[2022-12-04 14:27:43,322] {taskinstance.py:1032} INFO - Dependencies all met for <TaskInstance: dag1.local_to_gcs_task scheduled__2022-11-08T09:50:00+00:00 [queued]>
[2022-12-04 14:27:43,388] {taskinstance.py:1032} INFO - Dependencies all met for <TaskInstance: dag1.local_to_gcs_task scheduled__2022-11-08T09:50:00+00:00 [queued]>
[2022-12-04 14:27:43,389] {taskinstance.py:1238} INFO - 
--------------------------------------------------------------------------------
[2022-12-04 14:27:43,390] {taskinstance.py:1239} INFO - Starting attempt 1 of 2
[2022-12-04 14:27:43,392] {taskinstance.py:1240} INFO - 
--------------------------------------------------------------------------------
[2022-12-04 14:27:43,436] {taskinstance.py:1259} INFO - Executing <Task(PythonOperator): local_to_gcs_task> on 2022-11-08 09:50:00+00:00
[2022-12-04 14:27:43,458] {standard_task_runner.py:52} INFO - Started process 9950 to run task
[2022-12-04 14:27:43,467] {standard_task_runner.py:76} INFO - Running: ['***', 'tasks', 'run', 'dag1', 'local_to_gcs_task', 'scheduled__2022-11-08T09:50:00+00:00', '--job-id', '8798', '--raw', '--subdir', 'DAGS_FOLDER/AirflowClean2.py', '--cfg-path', '/tmp/tmpaeh9yo9d', '--error-file', '/tmp/tmp3onl0ofx']
[2022-12-04 14:27:43,469] {standard_task_runner.py:77} INFO - Job 8798: Subtask local_to_gcs_task
[2022-12-04 14:27:43,605] {logging_mixin.py:109} INFO - Running <TaskInstance: dag1.local_to_gcs_task scheduled__2022-11-08T09:50:00+00:00 [running]> on host 7a020590adae
[2022-12-04 14:27:43,694] {taskinstance.py:1426} INFO - Exporting the following env vars:
AIRFLOW_CTX_DAG_OWNER=Fadlil
AIRFLOW_CTX_DAG_ID=dag1
AIRFLOW_CTX_TASK_ID=local_to_gcs_task
AIRFLOW_CTX_EXECUTION_DATE=2022-11-08T09:50:00+00:00
AIRFLOW_CTX_DAG_RUN_ID=scheduled__2022-11-08T09:50:00+00:00
[2022-12-04 14:27:44,377] {python.py:175} INFO - Done. Returned value was: None
[2022-12-04 14:27:44,392] {taskinstance.py:1277} INFO - Marking task as SUCCESS. dag_id=dag1, task_id=local_to_gcs_task, execution_date=20221108T095000, start_date=20221204T142743, end_date=20221204T142744
[2022-12-04 14:27:44,453] {local_task_job.py:154} INFO - Task exited with return code 0
[2022-12-04 14:27:44,556] {local_task_job.py:264} INFO - 1 downstream tasks scheduled from follow-on schedule check
