[2022-12-04 14:25:51,481] {taskinstance.py:1032} INFO - Dependencies all met for <TaskInstance: dag1.save_to_csv scheduled__2022-11-08T09:00:00+00:00 [queued]>
[2022-12-04 14:25:51,541] {taskinstance.py:1032} INFO - Dependencies all met for <TaskInstance: dag1.save_to_csv scheduled__2022-11-08T09:00:00+00:00 [queued]>
[2022-12-04 14:25:51,542] {taskinstance.py:1238} INFO - 
--------------------------------------------------------------------------------
[2022-12-04 14:25:51,547] {taskinstance.py:1239} INFO - Starting attempt 1 of 2
[2022-12-04 14:25:51,548] {taskinstance.py:1240} INFO - 
--------------------------------------------------------------------------------
[2022-12-04 14:25:51,598] {taskinstance.py:1259} INFO - Executing <Task(PythonOperator): save_to_csv> on 2022-11-08 09:00:00+00:00
[2022-12-04 14:25:51,606] {standard_task_runner.py:52} INFO - Started process 9757 to run task
[2022-12-04 14:25:51,611] {standard_task_runner.py:76} INFO - Running: ['***', 'tasks', 'run', 'dag1', 'save_to_csv', 'scheduled__2022-11-08T09:00:00+00:00', '--job-id', '8755', '--raw', '--subdir', 'DAGS_FOLDER/AirflowClean2.py', '--cfg-path', '/tmp/tmp1cyf0_80', '--error-file', '/tmp/tmp8955229d']
[2022-12-04 14:25:51,613] {standard_task_runner.py:77} INFO - Job 8755: Subtask save_to_csv
[2022-12-04 14:25:51,702] {logging_mixin.py:109} INFO - Running <TaskInstance: dag1.save_to_csv scheduled__2022-11-08T09:00:00+00:00 [running]> on host 7a020590adae
[2022-12-04 14:25:51,824] {taskinstance.py:1426} INFO - Exporting the following env vars:
AIRFLOW_CTX_DAG_OWNER=Fadlil
AIRFLOW_CTX_DAG_ID=dag1
AIRFLOW_CTX_TASK_ID=save_to_csv
AIRFLOW_CTX_EXECUTION_DATE=2022-11-08T09:00:00+00:00
AIRFLOW_CTX_DAG_RUN_ID=scheduled__2022-11-08T09:00:00+00:00
[2022-12-04 14:25:51,881] {python.py:175} INFO - Done. Returned value was: None
[2022-12-04 14:25:52,432] {taskinstance.py:1277} INFO - Marking task as SUCCESS. dag_id=dag1, task_id=save_to_csv, execution_date=20221108T090000, start_date=20221204T142551, end_date=20221204T142552
[2022-12-04 14:25:52,484] {local_task_job.py:154} INFO - Task exited with return code 0
[2022-12-04 14:25:52,600] {local_task_job.py:264} INFO - 1 downstream tasks scheduled from follow-on schedule check
