[2022-12-03 14:14:43,323] {taskinstance.py:1032} INFO - Dependencies all met for <TaskInstance: dag1.get_data scheduled__2022-10-26T09:00:00+00:00 [queued]>
[2022-12-03 14:14:43,421] {taskinstance.py:1032} INFO - Dependencies all met for <TaskInstance: dag1.get_data scheduled__2022-10-26T09:00:00+00:00 [queued]>
[2022-12-03 14:14:43,422] {taskinstance.py:1238} INFO - 
--------------------------------------------------------------------------------
[2022-12-03 14:14:43,423] {taskinstance.py:1239} INFO - Starting attempt 1 of 2
[2022-12-03 14:14:43,426] {taskinstance.py:1240} INFO - 
--------------------------------------------------------------------------------
[2022-12-03 14:14:43,566] {taskinstance.py:1259} INFO - Executing <Task(PythonOperator): get_data> on 2022-10-26 09:00:00+00:00
[2022-12-03 14:14:43,616] {standard_task_runner.py:52} INFO - Started process 627 to run task
[2022-12-03 14:14:43,745] {standard_task_runner.py:76} INFO - Running: ['***', 'tasks', 'run', 'dag1', 'get_data', 'scheduled__2022-10-26T09:00:00+00:00', '--job-id', '194', '--raw', '--subdir', 'DAGS_FOLDER/AirflowClean2.py', '--cfg-path', '/tmp/tmp17jfcumw', '--error-file', '/tmp/tmpjsvke1qb']
[2022-12-03 14:14:43,778] {standard_task_runner.py:77} INFO - Job 194: Subtask get_data
[2022-12-03 14:14:44,241] {logging_mixin.py:109} INFO - Running <TaskInstance: dag1.get_data scheduled__2022-10-26T09:00:00+00:00 [running]> on host 422c372562ce
[2022-12-03 14:14:45,138] {taskinstance.py:1426} INFO - Exporting the following env vars:
AIRFLOW_CTX_DAG_OWNER=Fadlil
AIRFLOW_CTX_DAG_ID=dag1
AIRFLOW_CTX_TASK_ID=get_data
AIRFLOW_CTX_EXECUTION_DATE=2022-10-26T09:00:00+00:00
AIRFLOW_CTX_DAG_RUN_ID=scheduled__2022-10-26T09:00:00+00:00
[2022-12-03 14:14:46,428] {python.py:175} INFO - Done. Returned value was: None
[2022-12-03 14:14:46,927] {taskinstance.py:1277} INFO - Marking task as SUCCESS. dag_id=dag1, task_id=get_data, execution_date=20221026T090000, start_date=20221203T141443, end_date=20221203T141446
[2022-12-03 14:14:51,367] {local_task_job.py:154} INFO - Task exited with return code 0
[2022-12-03 14:14:52,148] {local_task_job.py:264} INFO - 1 downstream tasks scheduled from follow-on schedule check
