[2022-12-04 10:40:12,941] {taskinstance.py:1032} INFO - Dependencies all met for <TaskInstance: dag1.local_to_gcs_task scheduled__2022-11-01T11:50:00+00:00 [queued]>
[2022-12-04 10:40:12,995] {taskinstance.py:1032} INFO - Dependencies all met for <TaskInstance: dag1.local_to_gcs_task scheduled__2022-11-01T11:50:00+00:00 [queued]>
[2022-12-04 10:40:12,996] {taskinstance.py:1238} INFO - 
--------------------------------------------------------------------------------
[2022-12-04 10:40:12,999] {taskinstance.py:1239} INFO - Starting attempt 1 of 2
[2022-12-04 10:40:12,999] {taskinstance.py:1240} INFO - 
--------------------------------------------------------------------------------
[2022-12-04 10:40:13,055] {taskinstance.py:1259} INFO - Executing <Task(PythonOperator): local_to_gcs_task> on 2022-11-01 11:50:00+00:00
[2022-12-04 10:40:13,067] {standard_task_runner.py:52} INFO - Started process 7158 to run task
[2022-12-04 10:40:13,072] {standard_task_runner.py:76} INFO - Running: ['***', 'tasks', 'run', 'dag1', 'local_to_gcs_task', 'scheduled__2022-11-01T11:50:00+00:00', '--job-id', '3664', '--raw', '--subdir', 'DAGS_FOLDER/AirflowClean2.py', '--cfg-path', '/tmp/tmp5gicz9i2', '--error-file', '/tmp/tmp3vwkav4l']
[2022-12-04 10:40:13,076] {standard_task_runner.py:77} INFO - Job 3664: Subtask local_to_gcs_task
[2022-12-04 10:40:13,342] {logging_mixin.py:109} INFO - Running <TaskInstance: dag1.local_to_gcs_task scheduled__2022-11-01T11:50:00+00:00 [running]> on host 9e44869ff3ef
[2022-12-04 10:40:13,861] {taskinstance.py:1426} INFO - Exporting the following env vars:
AIRFLOW_CTX_DAG_OWNER=Fadlil
AIRFLOW_CTX_DAG_ID=dag1
AIRFLOW_CTX_TASK_ID=local_to_gcs_task
AIRFLOW_CTX_EXECUTION_DATE=2022-11-01T11:50:00+00:00
AIRFLOW_CTX_DAG_RUN_ID=scheduled__2022-11-01T11:50:00+00:00
[2022-12-04 10:40:14,724] {python.py:175} INFO - Done. Returned value was: None
[2022-12-04 10:40:14,779] {taskinstance.py:1277} INFO - Marking task as SUCCESS. dag_id=dag1, task_id=local_to_gcs_task, execution_date=20221101T115000, start_date=20221204T104012, end_date=20221204T104014
[2022-12-04 10:40:14,879] {local_task_job.py:154} INFO - Task exited with return code 0
[2022-12-04 10:40:14,975] {local_task_job.py:264} INFO - 0 downstream tasks scheduled from follow-on schedule check
