[2022-12-04 11:41:42,135] {taskinstance.py:1032} INFO - Dependencies all met for <TaskInstance: dag1.save_to_csv scheduled__2022-11-04T18:00:00+00:00 [queued]>
[2022-12-04 11:41:42,232] {taskinstance.py:1032} INFO - Dependencies all met for <TaskInstance: dag1.save_to_csv scheduled__2022-11-04T18:00:00+00:00 [queued]>
[2022-12-04 11:41:42,237] {taskinstance.py:1238} INFO - 
--------------------------------------------------------------------------------
[2022-12-04 11:41:42,243] {taskinstance.py:1239} INFO - Starting attempt 1 of 2
[2022-12-04 11:41:42,252] {taskinstance.py:1240} INFO - 
--------------------------------------------------------------------------------
[2022-12-04 11:41:42,303] {taskinstance.py:1259} INFO - Executing <Task(PythonOperator): save_to_csv> on 2022-11-04 18:00:00+00:00
[2022-12-04 11:41:42,316] {standard_task_runner.py:52} INFO - Started process 14062 to run task
[2022-12-04 11:41:42,322] {standard_task_runner.py:76} INFO - Running: ['***', 'tasks', 'run', 'dag1', 'save_to_csv', 'scheduled__2022-11-04T18:00:00+00:00', '--job-id', '5559', '--raw', '--subdir', 'DAGS_FOLDER/AirflowClean2.py', '--cfg-path', '/tmp/tmpqnqnb4wz', '--error-file', '/tmp/tmpfc2u2blt']
[2022-12-04 11:41:42,355] {standard_task_runner.py:77} INFO - Job 5559: Subtask save_to_csv
[2022-12-04 11:41:42,942] {logging_mixin.py:109} INFO - Running <TaskInstance: dag1.save_to_csv scheduled__2022-11-04T18:00:00+00:00 [running]> on host 9e44869ff3ef
[2022-12-04 11:41:43,218] {taskinstance.py:1426} INFO - Exporting the following env vars:
AIRFLOW_CTX_DAG_OWNER=Fadlil
AIRFLOW_CTX_DAG_ID=dag1
AIRFLOW_CTX_TASK_ID=save_to_csv
AIRFLOW_CTX_EXECUTION_DATE=2022-11-04T18:00:00+00:00
AIRFLOW_CTX_DAG_RUN_ID=scheduled__2022-11-04T18:00:00+00:00
[2022-12-04 11:41:43,356] {python.py:175} INFO - Done. Returned value was: None
[2022-12-04 11:41:43,557] {taskinstance.py:1277} INFO - Marking task as SUCCESS. dag_id=dag1, task_id=save_to_csv, execution_date=20221104T180000, start_date=20221204T114142, end_date=20221204T114143
[2022-12-04 11:41:43,714] {local_task_job.py:154} INFO - Task exited with return code 0
[2022-12-04 11:41:43,850] {local_task_job.py:264} INFO - 1 downstream tasks scheduled from follow-on schedule check
