[2022-12-04 10:34:57,632] {taskinstance.py:1032} INFO - Dependencies all met for <TaskInstance: dag1.get_data scheduled__2022-11-01T00:00:00+00:00 [queued]>
[2022-12-04 10:34:57,689] {taskinstance.py:1032} INFO - Dependencies all met for <TaskInstance: dag1.get_data scheduled__2022-11-01T00:00:00+00:00 [queued]>
[2022-12-04 10:34:57,695] {taskinstance.py:1238} INFO - 
--------------------------------------------------------------------------------
[2022-12-04 10:34:57,695] {taskinstance.py:1239} INFO - Starting attempt 1 of 2
[2022-12-04 10:34:57,696] {taskinstance.py:1240} INFO - 
--------------------------------------------------------------------------------
[2022-12-04 10:34:57,758] {taskinstance.py:1259} INFO - Executing <Task(PythonOperator): get_data> on 2022-11-01 00:00:00+00:00
[2022-12-04 10:34:57,766] {standard_task_runner.py:52} INFO - Started process 6104 to run task
[2022-12-04 10:34:57,803] {standard_task_runner.py:76} INFO - Running: ['***', 'tasks', 'run', 'dag1', 'get_data', 'scheduled__2022-11-01T00:00:00+00:00', '--job-id', '3360', '--raw', '--subdir', 'DAGS_FOLDER/AirflowClean2.py', '--cfg-path', '/tmp/tmp_fjxru5d', '--error-file', '/tmp/tmp3zh6wixt']
[2022-12-04 10:34:57,814] {standard_task_runner.py:77} INFO - Job 3360: Subtask get_data
[2022-12-04 10:34:58,082] {logging_mixin.py:109} INFO - Running <TaskInstance: dag1.get_data scheduled__2022-11-01T00:00:00+00:00 [running]> on host 9e44869ff3ef
[2022-12-04 10:34:58,540] {taskinstance.py:1426} INFO - Exporting the following env vars:
AIRFLOW_CTX_DAG_OWNER=Fadlil
AIRFLOW_CTX_DAG_ID=dag1
AIRFLOW_CTX_TASK_ID=get_data
AIRFLOW_CTX_EXECUTION_DATE=2022-11-01T00:00:00+00:00
AIRFLOW_CTX_DAG_RUN_ID=scheduled__2022-11-01T00:00:00+00:00
[2022-12-04 10:34:59,492] {python.py:175} INFO - Done. Returned value was: None
[2022-12-04 10:35:00,341] {taskinstance.py:1277} INFO - Marking task as SUCCESS. dag_id=dag1, task_id=get_data, execution_date=20221101T000000, start_date=20221204T103457, end_date=20221204T103500
[2022-12-04 10:35:00,481] {local_task_job.py:154} INFO - Task exited with return code 0
[2022-12-04 10:35:00,602] {local_task_job.py:264} INFO - 1 downstream tasks scheduled from follow-on schedule check
