[2022-12-04 13:06:37,502] {taskinstance.py:1032} INFO - Dependencies all met for <TaskInstance: dag1.local_to_gcs_task scheduled__2022-11-06T17:20:00+00:00 [queued]>
[2022-12-04 13:06:37,517] {taskinstance.py:1032} INFO - Dependencies all met for <TaskInstance: dag1.local_to_gcs_task scheduled__2022-11-06T17:20:00+00:00 [queued]>
[2022-12-04 13:06:37,517] {taskinstance.py:1238} INFO - 
--------------------------------------------------------------------------------
[2022-12-04 13:06:37,518] {taskinstance.py:1239} INFO - Starting attempt 1 of 2
[2022-12-04 13:06:37,518] {taskinstance.py:1240} INFO - 
--------------------------------------------------------------------------------
[2022-12-04 13:06:37,535] {taskinstance.py:1259} INFO - Executing <Task(PythonOperator): local_to_gcs_task> on 2022-11-06 17:20:00+00:00
[2022-12-04 13:06:37,541] {standard_task_runner.py:52} INFO - Started process 2571 to run task
[2022-12-04 13:06:37,546] {standard_task_runner.py:76} INFO - Running: ['***', 'tasks', 'run', 'dag1', 'local_to_gcs_task', 'scheduled__2022-11-06T17:20:00+00:00', '--job-id', '7242', '--raw', '--subdir', 'DAGS_FOLDER/AirflowClean2.py', '--cfg-path', '/tmp/tmpewgdbbqi', '--error-file', '/tmp/tmpv04_rm4u']
[2022-12-04 13:06:37,547] {standard_task_runner.py:77} INFO - Job 7242: Subtask local_to_gcs_task
[2022-12-04 13:06:37,638] {logging_mixin.py:109} INFO - Running <TaskInstance: dag1.local_to_gcs_task scheduled__2022-11-06T17:20:00+00:00 [running]> on host 7a020590adae
[2022-12-04 13:06:37,735] {taskinstance.py:1426} INFO - Exporting the following env vars:
AIRFLOW_CTX_DAG_OWNER=Fadlil
AIRFLOW_CTX_DAG_ID=dag1
AIRFLOW_CTX_TASK_ID=local_to_gcs_task
AIRFLOW_CTX_EXECUTION_DATE=2022-11-06T17:20:00+00:00
AIRFLOW_CTX_DAG_RUN_ID=scheduled__2022-11-06T17:20:00+00:00
[2022-12-04 13:06:38,473] {python.py:175} INFO - Done. Returned value was: None
[2022-12-04 13:06:38,748] {taskinstance.py:1277} INFO - Marking task as SUCCESS. dag_id=dag1, task_id=local_to_gcs_task, execution_date=20221106T172000, start_date=20221204T130637, end_date=20221204T130638
[2022-12-04 13:06:38,785] {local_task_job.py:154} INFO - Task exited with return code 0
[2022-12-04 13:06:38,848] {local_task_job.py:264} INFO - 1 downstream tasks scheduled from follow-on schedule check
