[2022-12-03 14:14:43,321] {taskinstance.py:1032} INFO - Dependencies all met for <TaskInstance: dag1.get_data scheduled__2022-10-26T09:10:00+00:00 [queued]>
[2022-12-03 14:14:43,459] {taskinstance.py:1032} INFO - Dependencies all met for <TaskInstance: dag1.get_data scheduled__2022-10-26T09:10:00+00:00 [queued]>
[2022-12-03 14:14:43,460] {taskinstance.py:1238} INFO - 
--------------------------------------------------------------------------------
[2022-12-03 14:14:43,462] {taskinstance.py:1239} INFO - Starting attempt 1 of 2
[2022-12-03 14:14:43,463] {taskinstance.py:1240} INFO - 
--------------------------------------------------------------------------------
[2022-12-03 14:14:43,681] {taskinstance.py:1259} INFO - Executing <Task(PythonOperator): get_data> on 2022-10-26 09:10:00+00:00
[2022-12-03 14:14:43,701] {standard_task_runner.py:52} INFO - Started process 628 to run task
[2022-12-03 14:14:43,776] {standard_task_runner.py:76} INFO - Running: ['***', 'tasks', 'run', 'dag1', 'get_data', 'scheduled__2022-10-26T09:10:00+00:00', '--job-id', '195', '--raw', '--subdir', 'DAGS_FOLDER/AirflowClean2.py', '--cfg-path', '/tmp/tmpct_p50ro', '--error-file', '/tmp/tmpacw70b5e']
[2022-12-03 14:14:43,797] {standard_task_runner.py:77} INFO - Job 195: Subtask get_data
[2022-12-03 14:14:44,088] {logging_mixin.py:109} INFO - Running <TaskInstance: dag1.get_data scheduled__2022-10-26T09:10:00+00:00 [running]> on host 422c372562ce
[2022-12-03 14:14:44,593] {taskinstance.py:1426} INFO - Exporting the following env vars:
AIRFLOW_CTX_DAG_OWNER=Fadlil
AIRFLOW_CTX_DAG_ID=dag1
AIRFLOW_CTX_TASK_ID=get_data
AIRFLOW_CTX_EXECUTION_DATE=2022-10-26T09:10:00+00:00
AIRFLOW_CTX_DAG_RUN_ID=scheduled__2022-10-26T09:10:00+00:00
[2022-12-03 14:14:45,726] {python.py:175} INFO - Done. Returned value was: None
[2022-12-03 14:14:46,924] {taskinstance.py:1277} INFO - Marking task as SUCCESS. dag_id=dag1, task_id=get_data, execution_date=20221026T091000, start_date=20221203T141443, end_date=20221203T141446
[2022-12-03 14:14:47,256] {local_task_job.py:154} INFO - Task exited with return code 0
[2022-12-03 14:14:50,890] {local_task_job.py:264} INFO - 1 downstream tasks scheduled from follow-on schedule check
