[2022-12-04 02:48:16,104] {taskinstance.py:1032} INFO - Dependencies all met for <TaskInstance: dag1.get_data scheduled__2022-10-27T01:30:00+00:00 [queued]>
[2022-12-04 02:48:16,806] {taskinstance.py:1032} INFO - Dependencies all met for <TaskInstance: dag1.get_data scheduled__2022-10-27T01:30:00+00:00 [queued]>
[2022-12-04 02:48:16,836] {taskinstance.py:1238} INFO - 
--------------------------------------------------------------------------------
[2022-12-04 02:48:16,852] {taskinstance.py:1239} INFO - Starting attempt 1 of 2
[2022-12-04 02:48:16,854] {taskinstance.py:1240} INFO - 
--------------------------------------------------------------------------------
[2022-12-04 02:48:17,230] {taskinstance.py:1259} INFO - Executing <Task(PythonOperator): get_data> on 2022-10-27 01:30:00+00:00
[2022-12-04 02:48:17,346] {standard_task_runner.py:52} INFO - Started process 228 to run task
[2022-12-04 02:48:17,360] {standard_task_runner.py:76} INFO - Running: ['***', 'tasks', 'run', 'dag1', 'get_data', 'scheduled__2022-10-27T01:30:00+00:00', '--job-id', '624', '--raw', '--subdir', 'DAGS_FOLDER/AirflowClean2.py', '--cfg-path', '/tmp/tmps0aqkyvx', '--error-file', '/tmp/tmpjjwmnhr1']
[2022-12-04 02:48:17,444] {standard_task_runner.py:77} INFO - Job 624: Subtask get_data
[2022-12-04 02:48:18,863] {logging_mixin.py:109} INFO - Running <TaskInstance: dag1.get_data scheduled__2022-10-27T01:30:00+00:00 [running]> on host 422c372562ce
[2022-12-04 02:48:20,336] {taskinstance.py:1426} INFO - Exporting the following env vars:
AIRFLOW_CTX_DAG_OWNER=Fadlil
AIRFLOW_CTX_DAG_ID=dag1
AIRFLOW_CTX_TASK_ID=get_data
AIRFLOW_CTX_EXECUTION_DATE=2022-10-27T01:30:00+00:00
AIRFLOW_CTX_DAG_RUN_ID=scheduled__2022-10-27T01:30:00+00:00
[2022-12-04 02:48:21,721] {python.py:175} INFO - Done. Returned value was: None
[2022-12-04 02:48:21,741] {taskinstance.py:1277} INFO - Marking task as SUCCESS. dag_id=dag1, task_id=get_data, execution_date=20221027T013000, start_date=20221204T024816, end_date=20221204T024821
[2022-12-04 02:48:22,044] {local_task_job.py:154} INFO - Task exited with return code 0
[2022-12-04 02:48:23,052] {local_task_job.py:264} INFO - 1 downstream tasks scheduled from follow-on schedule check
