[2022-12-04 03:22:40,685] {taskinstance.py:1032} INFO - Dependencies all met for <TaskInstance: dag1.save_to_csv scheduled__2022-10-27T16:40:00+00:00 [queued]>
[2022-12-04 03:22:40,830] {taskinstance.py:1032} INFO - Dependencies all met for <TaskInstance: dag1.save_to_csv scheduled__2022-10-27T16:40:00+00:00 [queued]>
[2022-12-04 03:22:40,831] {taskinstance.py:1238} INFO - 
--------------------------------------------------------------------------------
[2022-12-04 03:22:40,833] {taskinstance.py:1239} INFO - Starting attempt 1 of 2
[2022-12-04 03:22:40,837] {taskinstance.py:1240} INFO - 
--------------------------------------------------------------------------------
[2022-12-04 03:22:40,896] {taskinstance.py:1259} INFO - Executing <Task(PythonOperator): save_to_csv> on 2022-10-27 16:40:00+00:00
[2022-12-04 03:22:40,902] {standard_task_runner.py:52} INFO - Started process 2607 to run task
[2022-12-04 03:22:40,968] {standard_task_runner.py:76} INFO - Running: ['***', 'tasks', 'run', 'dag1', 'save_to_csv', 'scheduled__2022-10-27T16:40:00+00:00', '--job-id', '1006', '--raw', '--subdir', 'DAGS_FOLDER/AirflowClean2.py', '--cfg-path', '/tmp/tmpj8cgzuyk', '--error-file', '/tmp/tmp_rv2arcm']
[2022-12-04 03:22:40,971] {standard_task_runner.py:77} INFO - Job 1006: Subtask save_to_csv
[2022-12-04 03:22:41,413] {logging_mixin.py:109} INFO - Running <TaskInstance: dag1.save_to_csv scheduled__2022-10-27T16:40:00+00:00 [running]> on host 422c372562ce
[2022-12-04 03:22:41,840] {taskinstance.py:1426} INFO - Exporting the following env vars:
AIRFLOW_CTX_DAG_OWNER=Fadlil
AIRFLOW_CTX_DAG_ID=dag1
AIRFLOW_CTX_TASK_ID=save_to_csv
AIRFLOW_CTX_EXECUTION_DATE=2022-10-27T16:40:00+00:00
AIRFLOW_CTX_DAG_RUN_ID=scheduled__2022-10-27T16:40:00+00:00
[2022-12-04 03:22:42,242] {python.py:175} INFO - Done. Returned value was: None
[2022-12-04 03:22:42,569] {taskinstance.py:1277} INFO - Marking task as SUCCESS. dag_id=dag1, task_id=save_to_csv, execution_date=20221027T164000, start_date=20221204T032240, end_date=20221204T032242
[2022-12-04 03:22:42,883] {local_task_job.py:154} INFO - Task exited with return code 0
[2022-12-04 03:22:43,113] {local_task_job.py:264} INFO - 1 downstream tasks scheduled from follow-on schedule check
