[2022-12-04 04:33:21,450] {taskinstance.py:1032} INFO - Dependencies all met for <TaskInstance: dag1.save_to_csv scheduled__2022-10-28T14:00:00+00:00 [queued]>
[2022-12-04 04:33:21,518] {taskinstance.py:1032} INFO - Dependencies all met for <TaskInstance: dag1.save_to_csv scheduled__2022-10-28T14:00:00+00:00 [queued]>
[2022-12-04 04:33:21,519] {taskinstance.py:1238} INFO - 
--------------------------------------------------------------------------------
[2022-12-04 04:33:21,521] {taskinstance.py:1239} INFO - Starting attempt 1 of 2
[2022-12-04 04:33:21,529] {taskinstance.py:1240} INFO - 
--------------------------------------------------------------------------------
[2022-12-04 04:33:21,644] {taskinstance.py:1259} INFO - Executing <Task(PythonOperator): save_to_csv> on 2022-10-28 14:00:00+00:00
[2022-12-04 04:33:21,694] {standard_task_runner.py:52} INFO - Started process 5613 to run task
[2022-12-04 04:33:21,759] {standard_task_runner.py:76} INFO - Running: ['***', 'tasks', 'run', 'dag1', 'save_to_csv', 'scheduled__2022-10-28T14:00:00+00:00', '--job-id', '1517', '--raw', '--subdir', 'DAGS_FOLDER/AirflowClean2.py', '--cfg-path', '/tmp/tmphjr__uqj', '--error-file', '/tmp/tmpibux9gcp']
[2022-12-04 04:33:21,798] {standard_task_runner.py:77} INFO - Job 1517: Subtask save_to_csv
[2022-12-04 04:33:22,152] {logging_mixin.py:109} INFO - Running <TaskInstance: dag1.save_to_csv scheduled__2022-10-28T14:00:00+00:00 [running]> on host 422c372562ce
[2022-12-04 04:33:22,457] {taskinstance.py:1426} INFO - Exporting the following env vars:
AIRFLOW_CTX_DAG_OWNER=Fadlil
AIRFLOW_CTX_DAG_ID=dag1
AIRFLOW_CTX_TASK_ID=save_to_csv
AIRFLOW_CTX_EXECUTION_DATE=2022-10-28T14:00:00+00:00
AIRFLOW_CTX_DAG_RUN_ID=scheduled__2022-10-28T14:00:00+00:00
[2022-12-04 04:33:22,736] {python.py:175} INFO - Done. Returned value was: None
[2022-12-04 04:33:22,795] {taskinstance.py:1277} INFO - Marking task as SUCCESS. dag_id=dag1, task_id=save_to_csv, execution_date=20221028T140000, start_date=20221204T043321, end_date=20221204T043322
[2022-12-04 04:33:22,935] {local_task_job.py:154} INFO - Task exited with return code 0
[2022-12-04 04:33:23,211] {local_task_job.py:264} INFO - 1 downstream tasks scheduled from follow-on schedule check
