[2022-12-04 11:57:17,373] {taskinstance.py:1032} INFO - Dependencies all met for <TaskInstance: dag1.save_to_parquet scheduled__2022-11-05T10:10:00+00:00 [queued]>
[2022-12-04 11:57:17,424] {taskinstance.py:1032} INFO - Dependencies all met for <TaskInstance: dag1.save_to_parquet scheduled__2022-11-05T10:10:00+00:00 [queued]>
[2022-12-04 11:57:17,427] {taskinstance.py:1238} INFO - 
--------------------------------------------------------------------------------
[2022-12-04 11:57:17,428] {taskinstance.py:1239} INFO - Starting attempt 1 of 2
[2022-12-04 11:57:17,428] {taskinstance.py:1240} INFO - 
--------------------------------------------------------------------------------
[2022-12-04 11:57:17,504] {taskinstance.py:1259} INFO - Executing <Task(PythonOperator): save_to_parquet> on 2022-11-05 10:10:00+00:00
[2022-12-04 11:57:17,559] {standard_task_runner.py:52} INFO - Started process 16198 to run task
[2022-12-04 11:57:17,570] {standard_task_runner.py:76} INFO - Running: ['***', 'tasks', 'run', 'dag1', 'save_to_parquet', 'scheduled__2022-11-05T10:10:00+00:00', '--job-id', '6101', '--raw', '--subdir', 'DAGS_FOLDER/AirflowClean2.py', '--cfg-path', '/tmp/tmpjkome9f8', '--error-file', '/tmp/tmps5px6ghr']
[2022-12-04 11:57:17,582] {standard_task_runner.py:77} INFO - Job 6101: Subtask save_to_parquet
[2022-12-04 11:57:17,844] {logging_mixin.py:109} INFO - Running <TaskInstance: dag1.save_to_parquet scheduled__2022-11-05T10:10:00+00:00 [running]> on host 9e44869ff3ef
[2022-12-04 11:57:18,117] {taskinstance.py:1426} INFO - Exporting the following env vars:
AIRFLOW_CTX_DAG_OWNER=Fadlil
AIRFLOW_CTX_DAG_ID=dag1
AIRFLOW_CTX_TASK_ID=save_to_parquet
AIRFLOW_CTX_EXECUTION_DATE=2022-11-05T10:10:00+00:00
AIRFLOW_CTX_DAG_RUN_ID=scheduled__2022-11-05T10:10:00+00:00
[2022-12-04 11:57:18,306] {python.py:175} INFO - Done. Returned value was: None
[2022-12-04 11:57:18,468] {taskinstance.py:1277} INFO - Marking task as SUCCESS. dag_id=dag1, task_id=save_to_parquet, execution_date=20221105T101000, start_date=20221204T115717, end_date=20221204T115718
[2022-12-04 11:57:18,575] {local_task_job.py:154} INFO - Task exited with return code 0
[2022-12-04 11:57:18,769] {local_task_job.py:264} INFO - 1 downstream tasks scheduled from follow-on schedule check
