[2022-12-04 14:56:12,630] {taskinstance.py:1032} INFO - Dependencies all met for <TaskInstance: dag1.save_to_csv scheduled__2022-11-08T23:20:00+00:00 [queued]>
[2022-12-04 14:56:12,660] {taskinstance.py:1032} INFO - Dependencies all met for <TaskInstance: dag1.save_to_csv scheduled__2022-11-08T23:20:00+00:00 [queued]>
[2022-12-04 14:56:12,661] {taskinstance.py:1238} INFO - 
--------------------------------------------------------------------------------
[2022-12-04 14:56:12,663] {taskinstance.py:1239} INFO - Starting attempt 1 of 2
[2022-12-04 14:56:12,664] {taskinstance.py:1240} INFO - 
--------------------------------------------------------------------------------
[2022-12-04 14:56:12,697] {taskinstance.py:1259} INFO - Executing <Task(PythonOperator): save_to_csv> on 2022-11-08 23:20:00+00:00
[2022-12-04 14:56:12,737] {standard_task_runner.py:52} INFO - Started process 12454 to run task
[2022-12-04 14:56:12,744] {standard_task_runner.py:76} INFO - Running: ['***', 'tasks', 'run', 'dag1', 'save_to_csv', 'scheduled__2022-11-08T23:20:00+00:00', '--job-id', '9312', '--raw', '--subdir', 'DAGS_FOLDER/AirflowClean2.py', '--cfg-path', '/tmp/tmpgcc8ga58', '--error-file', '/tmp/tmp5_z2rkm6']
[2022-12-04 14:56:12,745] {standard_task_runner.py:77} INFO - Job 9312: Subtask save_to_csv
[2022-12-04 14:56:12,847] {logging_mixin.py:109} INFO - Running <TaskInstance: dag1.save_to_csv scheduled__2022-11-08T23:20:00+00:00 [running]> on host 7a020590adae
[2022-12-04 14:56:13,001] {taskinstance.py:1426} INFO - Exporting the following env vars:
AIRFLOW_CTX_DAG_OWNER=Fadlil
AIRFLOW_CTX_DAG_ID=dag1
AIRFLOW_CTX_TASK_ID=save_to_csv
AIRFLOW_CTX_EXECUTION_DATE=2022-11-08T23:20:00+00:00
AIRFLOW_CTX_DAG_RUN_ID=scheduled__2022-11-08T23:20:00+00:00
[2022-12-04 14:56:13,057] {python.py:175} INFO - Done. Returned value was: None
[2022-12-04 14:56:13,078] {taskinstance.py:1277} INFO - Marking task as SUCCESS. dag_id=dag1, task_id=save_to_csv, execution_date=20221108T232000, start_date=20221204T145612, end_date=20221204T145613
[2022-12-04 14:56:13,126] {local_task_job.py:154} INFO - Task exited with return code 0
[2022-12-04 14:56:13,201] {local_task_job.py:264} INFO - 1 downstream tasks scheduled from follow-on schedule check
