[2022-12-04 09:51:22,312] {taskinstance.py:1032} INFO - Dependencies all met for <TaskInstance: dag1.get_data scheduled__2022-10-30T08:30:00+00:00 [queued]>
[2022-12-04 09:51:22,340] {taskinstance.py:1032} INFO - Dependencies all met for <TaskInstance: dag1.get_data scheduled__2022-10-30T08:30:00+00:00 [queued]>
[2022-12-04 09:51:22,353] {taskinstance.py:1238} INFO - 
--------------------------------------------------------------------------------
[2022-12-04 09:51:22,354] {taskinstance.py:1239} INFO - Starting attempt 1 of 2
[2022-12-04 09:51:22,354] {taskinstance.py:1240} INFO - 
--------------------------------------------------------------------------------
[2022-12-04 09:51:22,439] {taskinstance.py:1259} INFO - Executing <Task(PythonOperator): get_data> on 2022-10-30 08:30:00+00:00
[2022-12-04 09:51:22,524] {standard_task_runner.py:52} INFO - Started process 1971 to run task
[2022-12-04 09:51:22,611] {standard_task_runner.py:76} INFO - Running: ['***', 'tasks', 'run', 'dag1', 'get_data', 'scheduled__2022-10-30T08:30:00+00:00', '--job-id', '2469', '--raw', '--subdir', 'DAGS_FOLDER/AirflowClean2.py', '--cfg-path', '/tmp/tmpa6vzzb4g', '--error-file', '/tmp/tmpoyknudsc']
[2022-12-04 09:51:22,614] {standard_task_runner.py:77} INFO - Job 2469: Subtask get_data
[2022-12-04 09:51:22,894] {logging_mixin.py:109} INFO - Running <TaskInstance: dag1.get_data scheduled__2022-10-30T08:30:00+00:00 [running]> on host 9e44869ff3ef
[2022-12-04 09:51:23,220] {taskinstance.py:1426} INFO - Exporting the following env vars:
AIRFLOW_CTX_DAG_OWNER=Fadlil
AIRFLOW_CTX_DAG_ID=dag1
AIRFLOW_CTX_TASK_ID=get_data
AIRFLOW_CTX_EXECUTION_DATE=2022-10-30T08:30:00+00:00
AIRFLOW_CTX_DAG_RUN_ID=scheduled__2022-10-30T08:30:00+00:00
[2022-12-04 09:51:24,537] {python.py:175} INFO - Done. Returned value was: None
[2022-12-04 09:51:25,097] {taskinstance.py:1277} INFO - Marking task as SUCCESS. dag_id=dag1, task_id=get_data, execution_date=20221030T083000, start_date=20221204T095122, end_date=20221204T095125
[2022-12-04 09:51:25,253] {local_task_job.py:154} INFO - Task exited with return code 0
[2022-12-04 09:51:25,346] {local_task_job.py:264} INFO - 1 downstream tasks scheduled from follow-on schedule check
