[2022-12-04 09:54:46,436] {taskinstance.py:1032} INFO - Dependencies all met for <TaskInstance: dag1.save_to_csv scheduled__2022-10-30T18:40:00+00:00 [queued]>
[2022-12-04 09:54:46,514] {taskinstance.py:1032} INFO - Dependencies all met for <TaskInstance: dag1.save_to_csv scheduled__2022-10-30T18:40:00+00:00 [queued]>
[2022-12-04 09:54:46,525] {taskinstance.py:1238} INFO - 
--------------------------------------------------------------------------------
[2022-12-04 09:54:46,526] {taskinstance.py:1239} INFO - Starting attempt 1 of 2
[2022-12-04 09:54:46,554] {taskinstance.py:1240} INFO - 
--------------------------------------------------------------------------------
[2022-12-04 09:54:46,757] {taskinstance.py:1259} INFO - Executing <Task(PythonOperator): save_to_csv> on 2022-10-30 18:40:00+00:00
[2022-12-04 09:54:46,817] {standard_task_runner.py:76} INFO - Running: ['***', 'tasks', 'run', 'dag1', 'save_to_csv', 'scheduled__2022-10-30T18:40:00+00:00', '--job-id', '2667', '--raw', '--subdir', 'DAGS_FOLDER/AirflowClean2.py', '--cfg-path', '/tmp/tmp6tcdkp3a', '--error-file', '/tmp/tmpe2p7_gwy']
[2022-12-04 09:54:46,846] {standard_task_runner.py:77} INFO - Job 2667: Subtask save_to_csv
[2022-12-04 09:54:46,887] {standard_task_runner.py:52} INFO - Started process 2667 to run task
[2022-12-04 09:54:47,431] {logging_mixin.py:109} INFO - Running <TaskInstance: dag1.save_to_csv scheduled__2022-10-30T18:40:00+00:00 [running]> on host 9e44869ff3ef
[2022-12-04 09:54:49,374] {taskinstance.py:1426} INFO - Exporting the following env vars:
AIRFLOW_CTX_DAG_OWNER=Fadlil
AIRFLOW_CTX_DAG_ID=dag1
AIRFLOW_CTX_TASK_ID=save_to_csv
AIRFLOW_CTX_EXECUTION_DATE=2022-10-30T18:40:00+00:00
AIRFLOW_CTX_DAG_RUN_ID=scheduled__2022-10-30T18:40:00+00:00
[2022-12-04 09:54:49,532] {python.py:175} INFO - Done. Returned value was: None
[2022-12-04 09:54:49,624] {taskinstance.py:1277} INFO - Marking task as SUCCESS. dag_id=dag1, task_id=save_to_csv, execution_date=20221030T184000, start_date=20221204T095446, end_date=20221204T095449
[2022-12-04 09:54:49,861] {local_task_job.py:154} INFO - Task exited with return code 0
[2022-12-04 09:54:50,012] {local_task_job.py:264} INFO - 1 downstream tasks scheduled from follow-on schedule check
