[2022-12-04 10:50:39,496] {taskinstance.py:1032} INFO - Dependencies all met for <TaskInstance: dag1.get_data scheduled__2022-11-02T13:30:00+00:00 [queued]>
[2022-12-04 10:50:39,551] {taskinstance.py:1032} INFO - Dependencies all met for <TaskInstance: dag1.get_data scheduled__2022-11-02T13:30:00+00:00 [queued]>
[2022-12-04 10:50:39,559] {taskinstance.py:1238} INFO - 
--------------------------------------------------------------------------------
[2022-12-04 10:50:39,565] {taskinstance.py:1239} INFO - Starting attempt 1 of 2
[2022-12-04 10:50:39,567] {taskinstance.py:1240} INFO - 
--------------------------------------------------------------------------------
[2022-12-04 10:50:39,679] {taskinstance.py:1259} INFO - Executing <Task(PythonOperator): get_data> on 2022-11-02 13:30:00+00:00
[2022-12-04 10:50:39,718] {standard_task_runner.py:52} INFO - Started process 9278 to run task
[2022-12-04 10:50:39,760] {standard_task_runner.py:76} INFO - Running: ['***', 'tasks', 'run', 'dag1', 'get_data', 'scheduled__2022-11-02T13:30:00+00:00', '--job-id', '4266', '--raw', '--subdir', 'DAGS_FOLDER/AirflowClean2.py', '--cfg-path', '/tmp/tmpnugaokzq', '--error-file', '/tmp/tmpaeoe4ndv']
[2022-12-04 10:50:39,762] {standard_task_runner.py:77} INFO - Job 4266: Subtask get_data
[2022-12-04 10:50:40,508] {logging_mixin.py:109} INFO - Running <TaskInstance: dag1.get_data scheduled__2022-11-02T13:30:00+00:00 [running]> on host 9e44869ff3ef
[2022-12-04 10:50:40,723] {taskinstance.py:1426} INFO - Exporting the following env vars:
AIRFLOW_CTX_DAG_OWNER=Fadlil
AIRFLOW_CTX_DAG_ID=dag1
AIRFLOW_CTX_TASK_ID=get_data
AIRFLOW_CTX_EXECUTION_DATE=2022-11-02T13:30:00+00:00
AIRFLOW_CTX_DAG_RUN_ID=scheduled__2022-11-02T13:30:00+00:00
[2022-12-04 10:50:41,429] {python.py:175} INFO - Done. Returned value was: None
[2022-12-04 10:50:41,484] {taskinstance.py:1277} INFO - Marking task as SUCCESS. dag_id=dag1, task_id=get_data, execution_date=20221102T133000, start_date=20221204T105039, end_date=20221204T105041
[2022-12-04 10:50:41,660] {local_task_job.py:154} INFO - Task exited with return code 0
[2022-12-04 10:50:41,996] {local_task_job.py:264} INFO - 1 downstream tasks scheduled from follow-on schedule check
