[2022-12-04 12:18:08,700] {taskinstance.py:1032} INFO - Dependencies all met for <TaskInstance: dag1.save_to_csv scheduled__2022-11-05T20:50:00+00:00 [queued]>
[2022-12-04 12:18:08,755] {taskinstance.py:1032} INFO - Dependencies all met for <TaskInstance: dag1.save_to_csv scheduled__2022-11-05T20:50:00+00:00 [queued]>
[2022-12-04 12:18:08,756] {taskinstance.py:1238} INFO - 
--------------------------------------------------------------------------------
[2022-12-04 12:18:08,756] {taskinstance.py:1239} INFO - Starting attempt 1 of 2
[2022-12-04 12:18:08,757] {taskinstance.py:1240} INFO - 
--------------------------------------------------------------------------------
[2022-12-04 12:18:08,855] {taskinstance.py:1259} INFO - Executing <Task(PythonOperator): save_to_csv> on 2022-11-05 20:50:00+00:00
[2022-12-04 12:18:08,863] {standard_task_runner.py:52} INFO - Started process 17881 to run task
[2022-12-04 12:18:08,870] {standard_task_runner.py:76} INFO - Running: ['***', 'tasks', 'run', 'dag1', 'save_to_csv', 'scheduled__2022-11-05T20:50:00+00:00', '--job-id', '6444', '--raw', '--subdir', 'DAGS_FOLDER/AirflowClean2.py', '--cfg-path', '/tmp/tmpu66wpu_o', '--error-file', '/tmp/tmp8hoq278u']
[2022-12-04 12:18:08,890] {standard_task_runner.py:77} INFO - Job 6444: Subtask save_to_csv
[2022-12-04 12:18:09,179] {logging_mixin.py:109} INFO - Running <TaskInstance: dag1.save_to_csv scheduled__2022-11-05T20:50:00+00:00 [running]> on host 9e44869ff3ef
[2022-12-04 12:18:09,466] {taskinstance.py:1426} INFO - Exporting the following env vars:
AIRFLOW_CTX_DAG_OWNER=Fadlil
AIRFLOW_CTX_DAG_ID=dag1
AIRFLOW_CTX_TASK_ID=save_to_csv
AIRFLOW_CTX_EXECUTION_DATE=2022-11-05T20:50:00+00:00
AIRFLOW_CTX_DAG_RUN_ID=scheduled__2022-11-05T20:50:00+00:00
[2022-12-04 12:18:09,548] {python.py:175} INFO - Done. Returned value was: None
[2022-12-04 12:18:10,273] {taskinstance.py:1277} INFO - Marking task as SUCCESS. dag_id=dag1, task_id=save_to_csv, execution_date=20221105T205000, start_date=20221204T121808, end_date=20221204T121810
[2022-12-04 12:18:10,434] {local_task_job.py:154} INFO - Task exited with return code 0
[2022-12-04 12:18:11,482] {local_task_job.py:264} INFO - 0 downstream tasks scheduled from follow-on schedule check
