[2022-12-04 11:05:40,328] {taskinstance.py:1032} INFO - Dependencies all met for <TaskInstance: dag1.local_to_gcs_task scheduled__2022-11-04T04:40:00+00:00 [queued]>
[2022-12-04 11:05:40,413] {taskinstance.py:1032} INFO - Dependencies all met for <TaskInstance: dag1.local_to_gcs_task scheduled__2022-11-04T04:40:00+00:00 [queued]>
[2022-12-04 11:05:40,424] {taskinstance.py:1238} INFO - 
--------------------------------------------------------------------------------
[2022-12-04 11:05:40,424] {taskinstance.py:1239} INFO - Starting attempt 1 of 2
[2022-12-04 11:05:40,426] {taskinstance.py:1240} INFO - 
--------------------------------------------------------------------------------
[2022-12-04 11:05:40,507] {taskinstance.py:1259} INFO - Executing <Task(PythonOperator): local_to_gcs_task> on 2022-11-04 04:40:00+00:00
[2022-12-04 11:05:40,515] {standard_task_runner.py:52} INFO - Started process 12582 to run task
[2022-12-04 11:05:40,595] {standard_task_runner.py:76} INFO - Running: ['***', 'tasks', 'run', 'dag1', 'local_to_gcs_task', 'scheduled__2022-11-04T04:40:00+00:00', '--job-id', '5228', '--raw', '--subdir', 'DAGS_FOLDER/AirflowClean2.py', '--cfg-path', '/tmp/tmpwg_a2zev', '--error-file', '/tmp/tmpymx8lkjp']
[2022-12-04 11:05:40,599] {standard_task_runner.py:77} INFO - Job 5228: Subtask local_to_gcs_task
[2022-12-04 11:05:40,815] {logging_mixin.py:109} INFO - Running <TaskInstance: dag1.local_to_gcs_task scheduled__2022-11-04T04:40:00+00:00 [running]> on host 9e44869ff3ef
[2022-12-04 11:05:41,103] {taskinstance.py:1426} INFO - Exporting the following env vars:
AIRFLOW_CTX_DAG_OWNER=Fadlil
AIRFLOW_CTX_DAG_ID=dag1
AIRFLOW_CTX_TASK_ID=local_to_gcs_task
AIRFLOW_CTX_EXECUTION_DATE=2022-11-04T04:40:00+00:00
AIRFLOW_CTX_DAG_RUN_ID=scheduled__2022-11-04T04:40:00+00:00
[2022-12-04 11:05:41,822] {python.py:175} INFO - Done. Returned value was: None
[2022-12-04 11:05:42,272] {taskinstance.py:1277} INFO - Marking task as SUCCESS. dag_id=dag1, task_id=local_to_gcs_task, execution_date=20221104T044000, start_date=20221204T110540, end_date=20221204T110542
[2022-12-04 11:05:42,345] {local_task_job.py:154} INFO - Task exited with return code 0
[2022-12-04 11:05:42,421] {local_task_job.py:264} INFO - 0 downstream tasks scheduled from follow-on schedule check
