[2022-12-04 10:32:53,764] {taskinstance.py:1032} INFO - Dependencies all met for <TaskInstance: dag1.save_to_parquet scheduled__2022-10-31T18:50:00+00:00 [queued]>
[2022-12-04 10:32:53,799] {taskinstance.py:1032} INFO - Dependencies all met for <TaskInstance: dag1.save_to_parquet scheduled__2022-10-31T18:50:00+00:00 [queued]>
[2022-12-04 10:32:53,800] {taskinstance.py:1238} INFO - 
--------------------------------------------------------------------------------
[2022-12-04 10:32:53,801] {taskinstance.py:1239} INFO - Starting attempt 1 of 2
[2022-12-04 10:32:53,802] {taskinstance.py:1240} INFO - 
--------------------------------------------------------------------------------
[2022-12-04 10:32:53,833] {taskinstance.py:1259} INFO - Executing <Task(PythonOperator): save_to_parquet> on 2022-10-31 18:50:00+00:00
[2022-12-04 10:32:53,839] {standard_task_runner.py:52} INFO - Started process 5693 to run task
[2022-12-04 10:32:53,849] {standard_task_runner.py:76} INFO - Running: ['***', 'tasks', 'run', 'dag1', 'save_to_parquet', 'scheduled__2022-10-31T18:50:00+00:00', '--job-id', '3242', '--raw', '--subdir', 'DAGS_FOLDER/AirflowClean2.py', '--cfg-path', '/tmp/tmp77kwii7x', '--error-file', '/tmp/tmp30x9_af6']
[2022-12-04 10:32:53,857] {standard_task_runner.py:77} INFO - Job 3242: Subtask save_to_parquet
[2022-12-04 10:32:54,086] {logging_mixin.py:109} INFO - Running <TaskInstance: dag1.save_to_parquet scheduled__2022-10-31T18:50:00+00:00 [running]> on host 9e44869ff3ef
[2022-12-04 10:32:54,285] {taskinstance.py:1426} INFO - Exporting the following env vars:
AIRFLOW_CTX_DAG_OWNER=Fadlil
AIRFLOW_CTX_DAG_ID=dag1
AIRFLOW_CTX_TASK_ID=save_to_parquet
AIRFLOW_CTX_EXECUTION_DATE=2022-10-31T18:50:00+00:00
AIRFLOW_CTX_DAG_RUN_ID=scheduled__2022-10-31T18:50:00+00:00
[2022-12-04 10:32:54,353] {python.py:175} INFO - Done. Returned value was: None
[2022-12-04 10:32:54,615] {taskinstance.py:1277} INFO - Marking task as SUCCESS. dag_id=dag1, task_id=save_to_parquet, execution_date=20221031T185000, start_date=20221204T103253, end_date=20221204T103254
[2022-12-04 10:32:54,702] {local_task_job.py:154} INFO - Task exited with return code 0
[2022-12-04 10:32:54,851] {local_task_job.py:264} INFO - 1 downstream tasks scheduled from follow-on schedule check
