[2022-12-04 03:11:08,145] {taskinstance.py:1032} INFO - Dependencies all met for <TaskInstance: dag1.get_data scheduled__2022-10-27T11:30:00+00:00 [queued]>
[2022-12-04 03:11:08,190] {taskinstance.py:1032} INFO - Dependencies all met for <TaskInstance: dag1.get_data scheduled__2022-10-27T11:30:00+00:00 [queued]>
[2022-12-04 03:11:08,191] {taskinstance.py:1238} INFO - 
--------------------------------------------------------------------------------
[2022-12-04 03:11:08,191] {taskinstance.py:1239} INFO - Starting attempt 1 of 2
[2022-12-04 03:11:08,192] {taskinstance.py:1240} INFO - 
--------------------------------------------------------------------------------
[2022-12-04 03:11:08,415] {taskinstance.py:1259} INFO - Executing <Task(PythonOperator): get_data> on 2022-10-27 11:30:00+00:00
[2022-12-04 03:11:08,429] {standard_task_runner.py:52} INFO - Started process 1769 to run task
[2022-12-04 03:11:08,451] {standard_task_runner.py:76} INFO - Running: ['***', 'tasks', 'run', 'dag1', 'get_data', 'scheduled__2022-10-27T11:30:00+00:00', '--job-id', '872', '--raw', '--subdir', 'DAGS_FOLDER/AirflowClean2.py', '--cfg-path', '/tmp/tmp6p297eam', '--error-file', '/tmp/tmp4o02udwa']
[2022-12-04 03:11:08,458] {standard_task_runner.py:77} INFO - Job 872: Subtask get_data
[2022-12-04 03:11:08,706] {logging_mixin.py:109} INFO - Running <TaskInstance: dag1.get_data scheduled__2022-10-27T11:30:00+00:00 [running]> on host 422c372562ce
[2022-12-04 03:11:09,144] {taskinstance.py:1426} INFO - Exporting the following env vars:
AIRFLOW_CTX_DAG_OWNER=Fadlil
AIRFLOW_CTX_DAG_ID=dag1
AIRFLOW_CTX_TASK_ID=get_data
AIRFLOW_CTX_EXECUTION_DATE=2022-10-27T11:30:00+00:00
AIRFLOW_CTX_DAG_RUN_ID=scheduled__2022-10-27T11:30:00+00:00
[2022-12-04 03:11:10,137] {python.py:175} INFO - Done. Returned value was: None
[2022-12-04 03:11:10,421] {taskinstance.py:1277} INFO - Marking task as SUCCESS. dag_id=dag1, task_id=get_data, execution_date=20221027T113000, start_date=20221204T031108, end_date=20221204T031110
[2022-12-04 03:11:10,503] {local_task_job.py:154} INFO - Task exited with return code 0
[2022-12-04 03:11:10,942] {local_task_job.py:264} INFO - 1 downstream tasks scheduled from follow-on schedule check
