[2022-12-04 10:59:35,511] {taskinstance.py:1032} INFO - Dependencies all met for <TaskInstance: dag1.get_data scheduled__2022-11-03T13:20:00+00:00 [queued]>
[2022-12-04 10:59:35,534] {taskinstance.py:1032} INFO - Dependencies all met for <TaskInstance: dag1.get_data scheduled__2022-11-03T13:20:00+00:00 [queued]>
[2022-12-04 10:59:35,550] {taskinstance.py:1238} INFO - 
--------------------------------------------------------------------------------
[2022-12-04 10:59:35,551] {taskinstance.py:1239} INFO - Starting attempt 1 of 2
[2022-12-04 10:59:35,551] {taskinstance.py:1240} INFO - 
--------------------------------------------------------------------------------
[2022-12-04 10:59:35,614] {taskinstance.py:1259} INFO - Executing <Task(PythonOperator): get_data> on 2022-11-03 13:20:00+00:00
[2022-12-04 10:59:35,627] {standard_task_runner.py:52} INFO - Started process 11260 to run task
[2022-12-04 10:59:35,663] {standard_task_runner.py:76} INFO - Running: ['***', 'tasks', 'run', 'dag1', 'get_data', 'scheduled__2022-11-03T13:20:00+00:00', '--job-id', '4843', '--raw', '--subdir', 'DAGS_FOLDER/AirflowClean2.py', '--cfg-path', '/tmp/tmpvhie2j_3', '--error-file', '/tmp/tmp1z5buaq3']
[2022-12-04 10:59:35,664] {standard_task_runner.py:77} INFO - Job 4843: Subtask get_data
[2022-12-04 10:59:35,989] {logging_mixin.py:109} INFO - Running <TaskInstance: dag1.get_data scheduled__2022-11-03T13:20:00+00:00 [running]> on host 9e44869ff3ef
[2022-12-04 10:59:36,368] {taskinstance.py:1426} INFO - Exporting the following env vars:
AIRFLOW_CTX_DAG_OWNER=Fadlil
AIRFLOW_CTX_DAG_ID=dag1
AIRFLOW_CTX_TASK_ID=get_data
AIRFLOW_CTX_EXECUTION_DATE=2022-11-03T13:20:00+00:00
AIRFLOW_CTX_DAG_RUN_ID=scheduled__2022-11-03T13:20:00+00:00
[2022-12-04 10:59:37,218] {python.py:175} INFO - Done. Returned value was: None
[2022-12-04 10:59:37,252] {taskinstance.py:1277} INFO - Marking task as SUCCESS. dag_id=dag1, task_id=get_data, execution_date=20221103T132000, start_date=20221204T105935, end_date=20221204T105937
[2022-12-04 10:59:37,350] {local_task_job.py:154} INFO - Task exited with return code 0
[2022-12-04 10:59:37,530] {local_task_job.py:264} INFO - 1 downstream tasks scheduled from follow-on schedule check
