[2022-12-04 10:24:35,603] {taskinstance.py:1032} INFO - Dependencies all met for <TaskInstance: dag1.get_data scheduled__2022-10-31T11:50:00+00:00 [queued]>
[2022-12-04 10:24:35,624] {taskinstance.py:1032} INFO - Dependencies all met for <TaskInstance: dag1.get_data scheduled__2022-10-31T11:50:00+00:00 [queued]>
[2022-12-04 10:24:35,625] {taskinstance.py:1238} INFO - 
--------------------------------------------------------------------------------
[2022-12-04 10:24:35,626] {taskinstance.py:1239} INFO - Starting attempt 1 of 2
[2022-12-04 10:24:35,627] {taskinstance.py:1240} INFO - 
--------------------------------------------------------------------------------
[2022-12-04 10:24:35,685] {taskinstance.py:1259} INFO - Executing <Task(PythonOperator): get_data> on 2022-10-31 11:50:00+00:00
[2022-12-04 10:24:35,692] {standard_task_runner.py:52} INFO - Started process 4867 to run task
[2022-12-04 10:24:35,706] {standard_task_runner.py:76} INFO - Running: ['***', 'tasks', 'run', 'dag1', 'get_data', 'scheduled__2022-10-31T11:50:00+00:00', '--job-id', '3061', '--raw', '--subdir', 'DAGS_FOLDER/AirflowClean2.py', '--cfg-path', '/tmp/tmp01mc8u0d', '--error-file', '/tmp/tmpsa4nub9b']
[2022-12-04 10:24:35,717] {standard_task_runner.py:77} INFO - Job 3061: Subtask get_data
[2022-12-04 10:24:36,022] {logging_mixin.py:109} INFO - Running <TaskInstance: dag1.get_data scheduled__2022-10-31T11:50:00+00:00 [running]> on host 9e44869ff3ef
[2022-12-04 10:24:36,251] {taskinstance.py:1426} INFO - Exporting the following env vars:
AIRFLOW_CTX_DAG_OWNER=Fadlil
AIRFLOW_CTX_DAG_ID=dag1
AIRFLOW_CTX_TASK_ID=get_data
AIRFLOW_CTX_EXECUTION_DATE=2022-10-31T11:50:00+00:00
AIRFLOW_CTX_DAG_RUN_ID=scheduled__2022-10-31T11:50:00+00:00
[2022-12-04 10:24:37,380] {python.py:175} INFO - Done. Returned value was: None
[2022-12-04 10:24:37,407] {taskinstance.py:1277} INFO - Marking task as SUCCESS. dag_id=dag1, task_id=get_data, execution_date=20221031T115000, start_date=20221204T102435, end_date=20221204T102437
[2022-12-04 10:24:37,519] {local_task_job.py:154} INFO - Task exited with return code 0
[2022-12-04 10:24:37,697] {local_task_job.py:264} INFO - 1 downstream tasks scheduled from follow-on schedule check
