[2022-12-04 10:37:56,133] {taskinstance.py:1032} INFO - Dependencies all met for <TaskInstance: dag1.save_to_parquet scheduled__2022-11-01T06:10:00+00:00 [queued]>
[2022-12-04 10:37:56,243] {taskinstance.py:1032} INFO - Dependencies all met for <TaskInstance: dag1.save_to_parquet scheduled__2022-11-01T06:10:00+00:00 [queued]>
[2022-12-04 10:37:56,249] {taskinstance.py:1238} INFO - 
--------------------------------------------------------------------------------
[2022-12-04 10:37:56,250] {taskinstance.py:1239} INFO - Starting attempt 1 of 2
[2022-12-04 10:37:56,250] {taskinstance.py:1240} INFO - 
--------------------------------------------------------------------------------
[2022-12-04 10:37:56,321] {taskinstance.py:1259} INFO - Executing <Task(PythonOperator): save_to_parquet> on 2022-11-01 06:10:00+00:00
[2022-12-04 10:37:56,362] {standard_task_runner.py:52} INFO - Started process 6698 to run task
[2022-12-04 10:37:56,425] {standard_task_runner.py:76} INFO - Running: ['***', 'tasks', 'run', 'dag1', 'save_to_parquet', 'scheduled__2022-11-01T06:10:00+00:00', '--job-id', '3530', '--raw', '--subdir', 'DAGS_FOLDER/AirflowClean2.py', '--cfg-path', '/tmp/tmp8nbijpbj', '--error-file', '/tmp/tmpgps7_wix']
[2022-12-04 10:37:56,439] {standard_task_runner.py:77} INFO - Job 3530: Subtask save_to_parquet
[2022-12-04 10:37:57,139] {logging_mixin.py:109} INFO - Running <TaskInstance: dag1.save_to_parquet scheduled__2022-11-01T06:10:00+00:00 [running]> on host 9e44869ff3ef
[2022-12-04 10:37:57,641] {taskinstance.py:1426} INFO - Exporting the following env vars:
AIRFLOW_CTX_DAG_OWNER=Fadlil
AIRFLOW_CTX_DAG_ID=dag1
AIRFLOW_CTX_TASK_ID=save_to_parquet
AIRFLOW_CTX_EXECUTION_DATE=2022-11-01T06:10:00+00:00
AIRFLOW_CTX_DAG_RUN_ID=scheduled__2022-11-01T06:10:00+00:00
[2022-12-04 10:37:57,866] {python.py:175} INFO - Done. Returned value was: None
[2022-12-04 10:37:57,959] {taskinstance.py:1277} INFO - Marking task as SUCCESS. dag_id=dag1, task_id=save_to_parquet, execution_date=20221101T061000, start_date=20221204T103756, end_date=20221204T103757
[2022-12-04 10:37:58,135] {local_task_job.py:154} INFO - Task exited with return code 0
[2022-12-04 10:37:59,497] {local_task_job.py:264} INFO - 0 downstream tasks scheduled from follow-on schedule check
