[2022-12-04 11:03:49,673] {taskinstance.py:1032} INFO - Dependencies all met for <TaskInstance: dag1.get_data scheduled__2022-11-04T00:20:00+00:00 [queued]>
[2022-12-04 11:03:49,893] {taskinstance.py:1032} INFO - Dependencies all met for <TaskInstance: dag1.get_data scheduled__2022-11-04T00:20:00+00:00 [queued]>
[2022-12-04 11:03:49,894] {taskinstance.py:1238} INFO - 
--------------------------------------------------------------------------------
[2022-12-04 11:03:49,895] {taskinstance.py:1239} INFO - Starting attempt 1 of 2
[2022-12-04 11:03:49,896] {taskinstance.py:1240} INFO - 
--------------------------------------------------------------------------------
[2022-12-04 11:03:49,922] {taskinstance.py:1259} INFO - Executing <Task(PythonOperator): get_data> on 2022-11-04 00:20:00+00:00
[2022-12-04 11:03:49,934] {standard_task_runner.py:52} INFO - Started process 12164 to run task
[2022-12-04 11:03:49,947] {standard_task_runner.py:76} INFO - Running: ['***', 'tasks', 'run', 'dag1', 'get_data', 'scheduled__2022-11-04T00:20:00+00:00', '--job-id', '5106', '--raw', '--subdir', 'DAGS_FOLDER/AirflowClean2.py', '--cfg-path', '/tmp/tmp9bgybvjt', '--error-file', '/tmp/tmpervfe2p_']
[2022-12-04 11:03:49,953] {standard_task_runner.py:77} INFO - Job 5106: Subtask get_data
[2022-12-04 11:03:50,266] {logging_mixin.py:109} INFO - Running <TaskInstance: dag1.get_data scheduled__2022-11-04T00:20:00+00:00 [running]> on host 9e44869ff3ef
[2022-12-04 11:03:50,427] {taskinstance.py:1426} INFO - Exporting the following env vars:
AIRFLOW_CTX_DAG_OWNER=Fadlil
AIRFLOW_CTX_DAG_ID=dag1
AIRFLOW_CTX_TASK_ID=get_data
AIRFLOW_CTX_EXECUTION_DATE=2022-11-04T00:20:00+00:00
AIRFLOW_CTX_DAG_RUN_ID=scheduled__2022-11-04T00:20:00+00:00
[2022-12-04 11:03:51,290] {python.py:175} INFO - Done. Returned value was: None
[2022-12-04 11:03:51,410] {taskinstance.py:1277} INFO - Marking task as SUCCESS. dag_id=dag1, task_id=get_data, execution_date=20221104T002000, start_date=20221204T110349, end_date=20221204T110351
[2022-12-04 11:03:51,515] {local_task_job.py:154} INFO - Task exited with return code 0
[2022-12-04 11:03:51,676] {local_task_job.py:264} INFO - 1 downstream tasks scheduled from follow-on schedule check
