[2022-12-04 17:03:35,769] {taskinstance.py:1032} INFO - Dependencies all met for <TaskInstance: dag1.save_to_csv scheduled__2022-11-09T20:10:00+00:00 [queued]>
[2022-12-04 17:03:35,856] {taskinstance.py:1032} INFO - Dependencies all met for <TaskInstance: dag1.save_to_csv scheduled__2022-11-09T20:10:00+00:00 [queued]>
[2022-12-04 17:03:35,863] {taskinstance.py:1238} INFO - 
--------------------------------------------------------------------------------
[2022-12-04 17:03:35,864] {taskinstance.py:1239} INFO - Starting attempt 1 of 2
[2022-12-04 17:03:35,865] {taskinstance.py:1240} INFO - 
--------------------------------------------------------------------------------
[2022-12-04 17:03:35,911] {taskinstance.py:1259} INFO - Executing <Task(PythonOperator): save_to_csv> on 2022-11-09 20:10:00+00:00
[2022-12-04 17:03:35,922] {standard_task_runner.py:52} INFO - Started process 16220 to run task
[2022-12-04 17:03:35,934] {standard_task_runner.py:76} INFO - Running: ['***', 'tasks', 'run', 'dag1', 'save_to_csv', 'scheduled__2022-11-09T20:10:00+00:00', '--job-id', '10091', '--raw', '--subdir', 'DAGS_FOLDER/AirflowClean2.py', '--cfg-path', '/tmp/tmp4rqvz2_w', '--error-file', '/tmp/tmp8a_ukshb']
[2022-12-04 17:03:35,949] {standard_task_runner.py:77} INFO - Job 10091: Subtask save_to_csv
[2022-12-04 17:03:36,380] {logging_mixin.py:109} INFO - Running <TaskInstance: dag1.save_to_csv scheduled__2022-11-09T20:10:00+00:00 [running]> on host 7a020590adae
[2022-12-04 17:03:36,760] {taskinstance.py:1426} INFO - Exporting the following env vars:
AIRFLOW_CTX_DAG_OWNER=Fadlil
AIRFLOW_CTX_DAG_ID=dag1
AIRFLOW_CTX_TASK_ID=save_to_csv
AIRFLOW_CTX_EXECUTION_DATE=2022-11-09T20:10:00+00:00
AIRFLOW_CTX_DAG_RUN_ID=scheduled__2022-11-09T20:10:00+00:00
[2022-12-04 17:03:36,875] {python.py:175} INFO - Done. Returned value was: None
[2022-12-04 17:03:37,468] {taskinstance.py:1277} INFO - Marking task as SUCCESS. dag_id=dag1, task_id=save_to_csv, execution_date=20221109T201000, start_date=20221204T170335, end_date=20221204T170337
[2022-12-04 17:03:37,651] {local_task_job.py:154} INFO - Task exited with return code 0
[2022-12-04 17:03:38,801] {local_task_job.py:264} INFO - 0 downstream tasks scheduled from follow-on schedule check
