[2022-12-04 11:57:11,408] {taskinstance.py:1032} INFO - Dependencies all met for <TaskInstance: dag1.save_to_parquet scheduled__2022-11-05T09:40:00+00:00 [queued]>
[2022-12-04 11:57:11,614] {taskinstance.py:1032} INFO - Dependencies all met for <TaskInstance: dag1.save_to_parquet scheduled__2022-11-05T09:40:00+00:00 [queued]>
[2022-12-04 11:57:11,619] {taskinstance.py:1238} INFO - 
--------------------------------------------------------------------------------
[2022-12-04 11:57:11,621] {taskinstance.py:1239} INFO - Starting attempt 2 of 2
[2022-12-04 11:57:11,629] {taskinstance.py:1240} INFO - 
--------------------------------------------------------------------------------
[2022-12-04 11:57:11,724] {taskinstance.py:1259} INFO - Executing <Task(PythonOperator): save_to_parquet> on 2022-11-05 09:40:00+00:00
[2022-12-04 11:57:11,740] {standard_task_runner.py:52} INFO - Started process 16178 to run task
[2022-12-04 11:57:11,776] {standard_task_runner.py:76} INFO - Running: ['***', 'tasks', 'run', 'dag1', 'save_to_parquet', 'scheduled__2022-11-05T09:40:00+00:00', '--job-id', '6093', '--raw', '--subdir', 'DAGS_FOLDER/AirflowClean2.py', '--cfg-path', '/tmp/tmpvj47p9_u', '--error-file', '/tmp/tmpb20612s9']
[2022-12-04 11:57:11,781] {standard_task_runner.py:77} INFO - Job 6093: Subtask save_to_parquet
[2022-12-04 11:57:12,433] {logging_mixin.py:109} INFO - Running <TaskInstance: dag1.save_to_parquet scheduled__2022-11-05T09:40:00+00:00 [running]> on host 9e44869ff3ef
[2022-12-04 11:57:12,896] {taskinstance.py:1426} INFO - Exporting the following env vars:
AIRFLOW_CTX_DAG_OWNER=Fadlil
AIRFLOW_CTX_DAG_ID=dag1
AIRFLOW_CTX_TASK_ID=save_to_parquet
AIRFLOW_CTX_EXECUTION_DATE=2022-11-05T09:40:00+00:00
AIRFLOW_CTX_DAG_RUN_ID=scheduled__2022-11-05T09:40:00+00:00
[2022-12-04 11:57:13,340] {python.py:175} INFO - Done. Returned value was: None
[2022-12-04 11:57:13,468] {taskinstance.py:1277} INFO - Marking task as SUCCESS. dag_id=dag1, task_id=save_to_parquet, execution_date=20221105T094000, start_date=20221204T115711, end_date=20221204T115713
[2022-12-04 11:57:13,676] {local_task_job.py:154} INFO - Task exited with return code 0
[2022-12-04 11:57:13,849] {local_task_job.py:264} INFO - 1 downstream tasks scheduled from follow-on schedule check
