[2022-12-04 10:47:24,707] {taskinstance.py:1032} INFO - Dependencies all met for <TaskInstance: dag1.local_to_gcs_task scheduled__2022-11-02T04:10:00+00:00 [queued]>
[2022-12-04 10:47:24,769] {taskinstance.py:1032} INFO - Dependencies all met for <TaskInstance: dag1.local_to_gcs_task scheduled__2022-11-02T04:10:00+00:00 [queued]>
[2022-12-04 10:47:24,784] {taskinstance.py:1238} INFO - 
--------------------------------------------------------------------------------
[2022-12-04 10:47:24,790] {taskinstance.py:1239} INFO - Starting attempt 1 of 2
[2022-12-04 10:47:24,792] {taskinstance.py:1240} INFO - 
--------------------------------------------------------------------------------
[2022-12-04 10:47:24,855] {taskinstance.py:1259} INFO - Executing <Task(PythonOperator): local_to_gcs_task> on 2022-11-02 04:10:00+00:00
[2022-12-04 10:47:24,883] {standard_task_runner.py:52} INFO - Started process 8579 to run task
[2022-12-04 10:47:24,923] {standard_task_runner.py:76} INFO - Running: ['***', 'tasks', 'run', 'dag1', 'local_to_gcs_task', 'scheduled__2022-11-02T04:10:00+00:00', '--job-id', '4064', '--raw', '--subdir', 'DAGS_FOLDER/AirflowClean2.py', '--cfg-path', '/tmp/tmpq1xcrd6q', '--error-file', '/tmp/tmpb2f5cmdt']
[2022-12-04 10:47:24,926] {standard_task_runner.py:77} INFO - Job 4064: Subtask local_to_gcs_task
[2022-12-04 10:47:25,360] {logging_mixin.py:109} INFO - Running <TaskInstance: dag1.local_to_gcs_task scheduled__2022-11-02T04:10:00+00:00 [running]> on host 9e44869ff3ef
[2022-12-04 10:47:26,170] {taskinstance.py:1426} INFO - Exporting the following env vars:
AIRFLOW_CTX_DAG_OWNER=Fadlil
AIRFLOW_CTX_DAG_ID=dag1
AIRFLOW_CTX_TASK_ID=local_to_gcs_task
AIRFLOW_CTX_EXECUTION_DATE=2022-11-02T04:10:00+00:00
AIRFLOW_CTX_DAG_RUN_ID=scheduled__2022-11-02T04:10:00+00:00
[2022-12-04 10:47:26,918] {python.py:175} INFO - Done. Returned value was: None
[2022-12-04 10:47:26,968] {taskinstance.py:1277} INFO - Marking task as SUCCESS. dag_id=dag1, task_id=local_to_gcs_task, execution_date=20221102T041000, start_date=20221204T104724, end_date=20221204T104726
[2022-12-04 10:47:27,117] {local_task_job.py:154} INFO - Task exited with return code 0
[2022-12-04 10:47:27,609] {local_task_job.py:264} INFO - 0 downstream tasks scheduled from follow-on schedule check
