[2022-12-04 11:40:53,549] {taskinstance.py:1032} INFO - Dependencies all met for <TaskInstance: dag1.save_to_csv scheduled__2022-11-04T16:10:00+00:00 [queued]>
[2022-12-04 11:40:53,569] {taskinstance.py:1032} INFO - Dependencies all met for <TaskInstance: dag1.save_to_csv scheduled__2022-11-04T16:10:00+00:00 [queued]>
[2022-12-04 11:40:53,570] {taskinstance.py:1238} INFO - 
--------------------------------------------------------------------------------
[2022-12-04 11:40:53,571] {taskinstance.py:1239} INFO - Starting attempt 1 of 2
[2022-12-04 11:40:53,571] {taskinstance.py:1240} INFO - 
--------------------------------------------------------------------------------
[2022-12-04 11:40:53,642] {taskinstance.py:1259} INFO - Executing <Task(PythonOperator): save_to_csv> on 2022-11-04 16:10:00+00:00
[2022-12-04 11:40:53,652] {standard_task_runner.py:52} INFO - Started process 13910 to run task
[2022-12-04 11:40:53,660] {standard_task_runner.py:76} INFO - Running: ['***', 'tasks', 'run', 'dag1', 'save_to_csv', 'scheduled__2022-11-04T16:10:00+00:00', '--job-id', '5518', '--raw', '--subdir', 'DAGS_FOLDER/AirflowClean2.py', '--cfg-path', '/tmp/tmp0zmj385f', '--error-file', '/tmp/tmp4i004zqe']
[2022-12-04 11:40:53,665] {standard_task_runner.py:77} INFO - Job 5518: Subtask save_to_csv
[2022-12-04 11:40:53,853] {logging_mixin.py:109} INFO - Running <TaskInstance: dag1.save_to_csv scheduled__2022-11-04T16:10:00+00:00 [running]> on host 9e44869ff3ef
[2022-12-04 11:40:54,051] {taskinstance.py:1426} INFO - Exporting the following env vars:
AIRFLOW_CTX_DAG_OWNER=Fadlil
AIRFLOW_CTX_DAG_ID=dag1
AIRFLOW_CTX_TASK_ID=save_to_csv
AIRFLOW_CTX_EXECUTION_DATE=2022-11-04T16:10:00+00:00
AIRFLOW_CTX_DAG_RUN_ID=scheduled__2022-11-04T16:10:00+00:00
[2022-12-04 11:40:54,229] {python.py:175} INFO - Done. Returned value was: None
[2022-12-04 11:40:54,643] {taskinstance.py:1277} INFO - Marking task as SUCCESS. dag_id=dag1, task_id=save_to_csv, execution_date=20221104T161000, start_date=20221204T114053, end_date=20221204T114054
[2022-12-04 11:40:54,708] {local_task_job.py:154} INFO - Task exited with return code 0
[2022-12-04 11:40:54,847] {local_task_job.py:264} INFO - 1 downstream tasks scheduled from follow-on schedule check
