[2022-12-04 11:42:08,551] {taskinstance.py:1032} INFO - Dependencies all met for <TaskInstance: dag1.bigquery_external_table_task scheduled__2022-11-04T17:50:00+00:00 [queued]>
[2022-12-04 11:42:08,632] {taskinstance.py:1032} INFO - Dependencies all met for <TaskInstance: dag1.bigquery_external_table_task scheduled__2022-11-04T17:50:00+00:00 [queued]>
[2022-12-04 11:42:08,642] {taskinstance.py:1238} INFO - 
--------------------------------------------------------------------------------
[2022-12-04 11:42:08,646] {taskinstance.py:1239} INFO - Starting attempt 1 of 2
[2022-12-04 11:42:08,646] {taskinstance.py:1240} INFO - 
--------------------------------------------------------------------------------
[2022-12-04 11:42:08,732] {taskinstance.py:1259} INFO - Executing <Task(BigQueryCreateExternalTableOperator): bigquery_external_table_task> on 2022-11-04 17:50:00+00:00
[2022-12-04 11:42:08,754] {standard_task_runner.py:52} INFO - Started process 14146 to run task
[2022-12-04 11:42:08,762] {standard_task_runner.py:76} INFO - Running: ['***', 'tasks', 'run', 'dag1', 'bigquery_external_table_task', 'scheduled__2022-11-04T17:50:00+00:00', '--job-id', '5584', '--raw', '--subdir', 'DAGS_FOLDER/AirflowClean2.py', '--cfg-path', '/tmp/tmprps5w788', '--error-file', '/tmp/tmptp8tixcq']
[2022-12-04 11:42:08,776] {standard_task_runner.py:77} INFO - Job 5584: Subtask bigquery_external_table_task
[2022-12-04 11:42:09,073] {logging_mixin.py:109} INFO - Running <TaskInstance: dag1.bigquery_external_table_task scheduled__2022-11-04T17:50:00+00:00 [running]> on host 9e44869ff3ef
[2022-12-04 11:42:09,389] {taskinstance.py:1426} INFO - Exporting the following env vars:
AIRFLOW_CTX_DAG_OWNER=Fadlil
AIRFLOW_CTX_DAG_ID=dag1
AIRFLOW_CTX_TASK_ID=bigquery_external_table_task
AIRFLOW_CTX_EXECUTION_DATE=2022-11-04T17:50:00+00:00
AIRFLOW_CTX_DAG_RUN_ID=scheduled__2022-11-04T17:50:00+00:00
[2022-12-04 11:42:09,392] {crypto.py:82} WARNING - empty cryptography key - values will not be stored encrypted.
[2022-12-04 11:42:10,678] {taskinstance.py:1277} INFO - Marking task as SUCCESS. dag_id=dag1, task_id=bigquery_external_table_task, execution_date=20221104T175000, start_date=20221204T114208, end_date=20221204T114210
[2022-12-04 11:42:10,802] {local_task_job.py:154} INFO - Task exited with return code 0
[2022-12-04 11:42:10,935] {local_task_job.py:264} INFO - 0 downstream tasks scheduled from follow-on schedule check
