[2022-12-04 17:25:18,965] {taskinstance.py:1032} INFO - Dependencies all met for <TaskInstance: dag1.local_to_gcs_task scheduled__2022-11-10T06:30:00+00:00 [queued]>
[2022-12-04 17:25:18,979] {taskinstance.py:1032} INFO - Dependencies all met for <TaskInstance: dag1.local_to_gcs_task scheduled__2022-11-10T06:30:00+00:00 [queued]>
[2022-12-04 17:25:18,980] {taskinstance.py:1238} INFO - 
--------------------------------------------------------------------------------
[2022-12-04 17:25:18,980] {taskinstance.py:1239} INFO - Starting attempt 1 of 2
[2022-12-04 17:25:18,980] {taskinstance.py:1240} INFO - 
--------------------------------------------------------------------------------
[2022-12-04 17:25:18,996] {taskinstance.py:1259} INFO - Executing <Task(PythonOperator): local_to_gcs_task> on 2022-11-10 06:30:00+00:00
[2022-12-04 17:25:19,002] {standard_task_runner.py:52} INFO - Started process 18186 to run task
[2022-12-04 17:25:19,006] {standard_task_runner.py:76} INFO - Running: ['***', 'tasks', 'run', 'dag1', 'local_to_gcs_task', 'scheduled__2022-11-10T06:30:00+00:00', '--job-id', '10507', '--raw', '--subdir', 'DAGS_FOLDER/AirflowClean2.py', '--cfg-path', '/tmp/tmpop33vi0k', '--error-file', '/tmp/tmpfswi0kuu']
[2022-12-04 17:25:19,007] {standard_task_runner.py:77} INFO - Job 10507: Subtask local_to_gcs_task
[2022-12-04 17:25:19,105] {logging_mixin.py:109} INFO - Running <TaskInstance: dag1.local_to_gcs_task scheduled__2022-11-10T06:30:00+00:00 [running]> on host 7a020590adae
[2022-12-04 17:25:19,180] {taskinstance.py:1426} INFO - Exporting the following env vars:
AIRFLOW_CTX_DAG_OWNER=Fadlil
AIRFLOW_CTX_DAG_ID=dag1
AIRFLOW_CTX_TASK_ID=local_to_gcs_task
AIRFLOW_CTX_EXECUTION_DATE=2022-11-10T06:30:00+00:00
AIRFLOW_CTX_DAG_RUN_ID=scheduled__2022-11-10T06:30:00+00:00
[2022-12-04 17:25:19,192] {taskinstance.py:1700} ERROR - Task failed with exception
Traceback (most recent call last):
  File "/home/airflow/.local/lib/python3.7/site-packages/airflow/models/taskinstance.py", line 1329, in _run_raw_task
    self._execute_task_with_callbacks(context)
  File "/home/airflow/.local/lib/python3.7/site-packages/airflow/models/taskinstance.py", line 1455, in _execute_task_with_callbacks
    result = self._execute_task(context, self.task)
  File "/home/airflow/.local/lib/python3.7/site-packages/airflow/models/taskinstance.py", line 1511, in _execute_task
    result = execute_callable(context=context)
  File "/home/airflow/.local/lib/python3.7/site-packages/airflow/operators/python.py", line 174, in execute
    return_value = self.execute_callable()
  File "/home/airflow/.local/lib/python3.7/site-packages/airflow/operators/python.py", line 185, in execute_callable
    return self.python_callable(*self.op_args, **self.op_kwargs)
  File "/opt/airflow/dags/AirflowClean2.py", line 64, in upload_to_gcs
    blob.upload_from_filename(local_file)
  File "/home/airflow/.local/lib/python3.7/site-packages/google/cloud/storage/blob.py", line 2720, in upload_from_filename
    with open(filename, "rb") as file_obj:
FileNotFoundError: [Errno 2] No such file or directory: '/opt/airflow/dags/us_population_yearly.parquet'
[2022-12-04 17:25:19,212] {taskinstance.py:1277} INFO - Marking task as UP_FOR_RETRY. dag_id=dag1, task_id=local_to_gcs_task, execution_date=20221110T063000, start_date=20221204T172518, end_date=20221204T172519
[2022-12-04 17:25:19,229] {standard_task_runner.py:92} ERROR - Failed to execute job 10507 for task local_to_gcs_task
Traceback (most recent call last):
  File "/home/airflow/.local/lib/python3.7/site-packages/airflow/task/task_runner/standard_task_runner.py", line 85, in _start_by_fork
    args.func(args, dag=self.dag)
  File "/home/airflow/.local/lib/python3.7/site-packages/airflow/cli/cli_parser.py", line 48, in command
    return func(*args, **kwargs)
  File "/home/airflow/.local/lib/python3.7/site-packages/airflow/utils/cli.py", line 92, in wrapper
    return f(*args, **kwargs)
  File "/home/airflow/.local/lib/python3.7/site-packages/airflow/cli/commands/task_command.py", line 298, in task_run
    _run_task_by_selected_method(args, dag, ti)
  File "/home/airflow/.local/lib/python3.7/site-packages/airflow/cli/commands/task_command.py", line 107, in _run_task_by_selected_method
    _run_raw_task(args, ti)
  File "/home/airflow/.local/lib/python3.7/site-packages/airflow/cli/commands/task_command.py", line 184, in _run_raw_task
    error_file=args.error_file,
  File "/home/airflow/.local/lib/python3.7/site-packages/airflow/utils/session.py", line 70, in wrapper
    return func(*args, session=session, **kwargs)
  File "/home/airflow/.local/lib/python3.7/site-packages/airflow/models/taskinstance.py", line 1329, in _run_raw_task
    self._execute_task_with_callbacks(context)
  File "/home/airflow/.local/lib/python3.7/site-packages/airflow/models/taskinstance.py", line 1455, in _execute_task_with_callbacks
    result = self._execute_task(context, self.task)
  File "/home/airflow/.local/lib/python3.7/site-packages/airflow/models/taskinstance.py", line 1511, in _execute_task
    result = execute_callable(context=context)
  File "/home/airflow/.local/lib/python3.7/site-packages/airflow/operators/python.py", line 174, in execute
    return_value = self.execute_callable()
  File "/home/airflow/.local/lib/python3.7/site-packages/airflow/operators/python.py", line 185, in execute_callable
    return self.python_callable(*self.op_args, **self.op_kwargs)
  File "/opt/airflow/dags/AirflowClean2.py", line 64, in upload_to_gcs
    blob.upload_from_filename(local_file)
  File "/home/airflow/.local/lib/python3.7/site-packages/google/cloud/storage/blob.py", line 2720, in upload_from_filename
    with open(filename, "rb") as file_obj:
FileNotFoundError: [Errno 2] No such file or directory: '/opt/airflow/dags/us_population_yearly.parquet'
[2022-12-04 17:25:19,261] {local_task_job.py:154} INFO - Task exited with return code 1
[2022-12-04 17:25:19,316] {local_task_job.py:264} INFO - 0 downstream tasks scheduled from follow-on schedule check
