[2022-12-04 10:54:48,770] {taskinstance.py:1032} INFO - Dependencies all met for <TaskInstance: dag1.get_data scheduled__2022-11-03T00:40:00+00:00 [queued]>
[2022-12-04 10:54:48,824] {taskinstance.py:1032} INFO - Dependencies all met for <TaskInstance: dag1.get_data scheduled__2022-11-03T00:40:00+00:00 [queued]>
[2022-12-04 10:54:48,824] {taskinstance.py:1238} INFO - 
--------------------------------------------------------------------------------
[2022-12-04 10:54:48,825] {taskinstance.py:1239} INFO - Starting attempt 1 of 2
[2022-12-04 10:54:48,825] {taskinstance.py:1240} INFO - 
--------------------------------------------------------------------------------
[2022-12-04 10:54:48,921] {taskinstance.py:1259} INFO - Executing <Task(PythonOperator): get_data> on 2022-11-03 00:40:00+00:00
[2022-12-04 10:54:48,935] {standard_task_runner.py:52} INFO - Started process 10219 to run task
[2022-12-04 10:54:48,954] {standard_task_runner.py:76} INFO - Running: ['***', 'tasks', 'run', 'dag1', 'get_data', 'scheduled__2022-11-03T00:40:00+00:00', '--job-id', '4540', '--raw', '--subdir', 'DAGS_FOLDER/AirflowClean2.py', '--cfg-path', '/tmp/tmpf3wpj3ne', '--error-file', '/tmp/tmpkru58v0p']
[2022-12-04 10:54:48,971] {standard_task_runner.py:77} INFO - Job 4540: Subtask get_data
[2022-12-04 10:54:49,239] {logging_mixin.py:109} INFO - Running <TaskInstance: dag1.get_data scheduled__2022-11-03T00:40:00+00:00 [running]> on host 9e44869ff3ef
[2022-12-04 10:54:49,473] {taskinstance.py:1426} INFO - Exporting the following env vars:
AIRFLOW_CTX_DAG_OWNER=Fadlil
AIRFLOW_CTX_DAG_ID=dag1
AIRFLOW_CTX_TASK_ID=get_data
AIRFLOW_CTX_EXECUTION_DATE=2022-11-03T00:40:00+00:00
AIRFLOW_CTX_DAG_RUN_ID=scheduled__2022-11-03T00:40:00+00:00
[2022-12-04 10:54:50,129] {python.py:175} INFO - Done. Returned value was: None
[2022-12-04 10:54:50,291] {taskinstance.py:1277} INFO - Marking task as SUCCESS. dag_id=dag1, task_id=get_data, execution_date=20221103T004000, start_date=20221204T105448, end_date=20221204T105450
[2022-12-04 10:54:50,385] {local_task_job.py:154} INFO - Task exited with return code 0
[2022-12-04 10:54:50,525] {local_task_job.py:264} INFO - 1 downstream tasks scheduled from follow-on schedule check
