[2022-12-04 03:11:11,726] {taskinstance.py:1032} INFO - Dependencies all met for <TaskInstance: dag1.save_to_csv scheduled__2022-10-27T10:50:00+00:00 [queued]>
[2022-12-04 03:11:11,914] {taskinstance.py:1032} INFO - Dependencies all met for <TaskInstance: dag1.save_to_csv scheduled__2022-10-27T10:50:00+00:00 [queued]>
[2022-12-04 03:11:11,919] {taskinstance.py:1238} INFO - 
--------------------------------------------------------------------------------
[2022-12-04 03:11:11,929] {taskinstance.py:1239} INFO - Starting attempt 1 of 2
[2022-12-04 03:11:11,929] {taskinstance.py:1240} INFO - 
--------------------------------------------------------------------------------
[2022-12-04 03:11:12,266] {taskinstance.py:1259} INFO - Executing <Task(PythonOperator): save_to_csv> on 2022-10-27 10:50:00+00:00
[2022-12-04 03:11:12,316] {standard_task_runner.py:52} INFO - Started process 1790 to run task
[2022-12-04 03:11:12,339] {standard_task_runner.py:76} INFO - Running: ['***', 'tasks', 'run', 'dag1', 'save_to_csv', 'scheduled__2022-10-27T10:50:00+00:00', '--job-id', '874', '--raw', '--subdir', 'DAGS_FOLDER/AirflowClean2.py', '--cfg-path', '/tmp/tmpdxyta6tp', '--error-file', '/tmp/tmpcwa7elxf']
[2022-12-04 03:11:12,388] {standard_task_runner.py:77} INFO - Job 874: Subtask save_to_csv
[2022-12-04 03:11:12,908] {logging_mixin.py:109} INFO - Running <TaskInstance: dag1.save_to_csv scheduled__2022-10-27T10:50:00+00:00 [running]> on host 422c372562ce
[2022-12-04 03:11:13,585] {taskinstance.py:1426} INFO - Exporting the following env vars:
AIRFLOW_CTX_DAG_OWNER=Fadlil
AIRFLOW_CTX_DAG_ID=dag1
AIRFLOW_CTX_TASK_ID=save_to_csv
AIRFLOW_CTX_EXECUTION_DATE=2022-10-27T10:50:00+00:00
AIRFLOW_CTX_DAG_RUN_ID=scheduled__2022-10-27T10:50:00+00:00
[2022-12-04 03:11:13,786] {python.py:175} INFO - Done. Returned value was: None
[2022-12-04 03:11:13,830] {taskinstance.py:1277} INFO - Marking task as SUCCESS. dag_id=dag1, task_id=save_to_csv, execution_date=20221027T105000, start_date=20221204T031111, end_date=20221204T031113
[2022-12-04 03:11:13,965] {local_task_job.py:154} INFO - Task exited with return code 0
[2022-12-04 03:11:14,592] {local_task_job.py:264} INFO - 1 downstream tasks scheduled from follow-on schedule check
