[2022-12-04 04:59:52,513] {taskinstance.py:1032} INFO - Dependencies all met for <TaskInstance: dag1.get_data scheduled__2022-10-29T03:00:00+00:00 [queued]>
[2022-12-04 04:59:52,557] {taskinstance.py:1032} INFO - Dependencies all met for <TaskInstance: dag1.get_data scheduled__2022-10-29T03:00:00+00:00 [queued]>
[2022-12-04 04:59:52,562] {taskinstance.py:1238} INFO - 
--------------------------------------------------------------------------------
[2022-12-04 04:59:52,564] {taskinstance.py:1239} INFO - Starting attempt 1 of 2
[2022-12-04 04:59:52,571] {taskinstance.py:1240} INFO - 
--------------------------------------------------------------------------------
[2022-12-04 04:59:52,643] {taskinstance.py:1259} INFO - Executing <Task(PythonOperator): get_data> on 2022-10-29 03:00:00+00:00
[2022-12-04 04:59:52,658] {standard_task_runner.py:76} INFO - Running: ['***', 'tasks', 'run', 'dag1', 'get_data', 'scheduled__2022-10-29T03:00:00+00:00', '--job-id', '1820', '--raw', '--subdir', 'DAGS_FOLDER/AirflowClean2.py', '--cfg-path', '/tmp/tmp1gwjvi62', '--error-file', '/tmp/tmpvn1jaiml']
[2022-12-04 04:59:52,666] {standard_task_runner.py:77} INFO - Job 1820: Subtask get_data
[2022-12-04 04:59:52,651] {standard_task_runner.py:52} INFO - Started process 7257 to run task
[2022-12-04 04:59:52,926] {logging_mixin.py:109} INFO - Running <TaskInstance: dag1.get_data scheduled__2022-10-29T03:00:00+00:00 [running]> on host 422c372562ce
[2022-12-04 04:59:53,323] {taskinstance.py:1426} INFO - Exporting the following env vars:
AIRFLOW_CTX_DAG_OWNER=Fadlil
AIRFLOW_CTX_DAG_ID=dag1
AIRFLOW_CTX_TASK_ID=get_data
AIRFLOW_CTX_EXECUTION_DATE=2022-10-29T03:00:00+00:00
AIRFLOW_CTX_DAG_RUN_ID=scheduled__2022-10-29T03:00:00+00:00
[2022-12-04 04:59:54,210] {python.py:175} INFO - Done. Returned value was: None
[2022-12-04 04:59:55,233] {taskinstance.py:1277} INFO - Marking task as SUCCESS. dag_id=dag1, task_id=get_data, execution_date=20221029T030000, start_date=20221204T045952, end_date=20221204T045955
[2022-12-04 04:59:55,395] {local_task_job.py:154} INFO - Task exited with return code 0
[2022-12-04 04:59:55,605] {local_task_job.py:264} INFO - 1 downstream tasks scheduled from follow-on schedule check
