[2022-12-04 09:27:48,214] {taskinstance.py:1032} INFO - Dependencies all met for <TaskInstance: dag1.get_data scheduled__2022-10-30T01:00:00+00:00 [queued]>
[2022-12-04 09:27:48,419] {taskinstance.py:1032} INFO - Dependencies all met for <TaskInstance: dag1.get_data scheduled__2022-10-30T01:00:00+00:00 [queued]>
[2022-12-04 09:27:48,425] {taskinstance.py:1238} INFO - 
--------------------------------------------------------------------------------
[2022-12-04 09:27:48,434] {taskinstance.py:1239} INFO - Starting attempt 1 of 2
[2022-12-04 09:27:48,437] {taskinstance.py:1240} INFO - 
--------------------------------------------------------------------------------
[2022-12-04 09:27:48,582] {taskinstance.py:1259} INFO - Executing <Task(PythonOperator): get_data> on 2022-10-30 01:00:00+00:00
[2022-12-04 09:27:48,591] {standard_task_runner.py:52} INFO - Started process 692 to run task
[2022-12-04 09:27:48,635] {standard_task_runner.py:76} INFO - Running: ['***', 'tasks', 'run', 'dag1', 'get_data', 'scheduled__2022-10-30T01:00:00+00:00', '--job-id', '2334', '--raw', '--subdir', 'DAGS_FOLDER/AirflowClean2.py', '--cfg-path', '/tmp/tmp030w9y06', '--error-file', '/tmp/tmpl41hige9']
[2022-12-04 09:27:48,672] {standard_task_runner.py:77} INFO - Job 2334: Subtask get_data
[2022-12-04 09:27:49,014] {logging_mixin.py:109} INFO - Running <TaskInstance: dag1.get_data scheduled__2022-10-30T01:00:00+00:00 [running]> on host 9e44869ff3ef
[2022-12-04 09:27:49,371] {taskinstance.py:1426} INFO - Exporting the following env vars:
AIRFLOW_CTX_DAG_OWNER=Fadlil
AIRFLOW_CTX_DAG_ID=dag1
AIRFLOW_CTX_TASK_ID=get_data
AIRFLOW_CTX_EXECUTION_DATE=2022-10-30T01:00:00+00:00
AIRFLOW_CTX_DAG_RUN_ID=scheduled__2022-10-30T01:00:00+00:00
[2022-12-04 09:27:50,131] {python.py:175} INFO - Done. Returned value was: None
[2022-12-04 09:27:50,212] {taskinstance.py:1277} INFO - Marking task as SUCCESS. dag_id=dag1, task_id=get_data, execution_date=20221030T010000, start_date=20221204T092748, end_date=20221204T092750
[2022-12-04 09:27:50,427] {local_task_job.py:154} INFO - Task exited with return code 0
[2022-12-04 09:27:50,883] {local_task_job.py:264} INFO - 1 downstream tasks scheduled from follow-on schedule check
