[2022-12-04 17:49:22,683] {taskinstance.py:1032} INFO - Dependencies all met for <TaskInstance: dag1.get_data scheduled__2022-11-10T17:50:00+00:00 [queued]>
[2022-12-04 17:49:22,720] {taskinstance.py:1032} INFO - Dependencies all met for <TaskInstance: dag1.get_data scheduled__2022-11-10T17:50:00+00:00 [queued]>
[2022-12-04 17:49:22,725] {taskinstance.py:1238} INFO - 
--------------------------------------------------------------------------------
[2022-12-04 17:49:22,729] {taskinstance.py:1239} INFO - Starting attempt 1 of 2
[2022-12-04 17:49:22,731] {taskinstance.py:1240} INFO - 
--------------------------------------------------------------------------------
[2022-12-04 17:49:22,761] {taskinstance.py:1259} INFO - Executing <Task(PythonOperator): get_data> on 2022-11-10 17:50:00+00:00
[2022-12-04 17:49:22,772] {standard_task_runner.py:52} INFO - Started process 20277 to run task
[2022-12-04 17:49:22,777] {standard_task_runner.py:76} INFO - Running: ['***', 'tasks', 'run', 'dag1', 'get_data', 'scheduled__2022-11-10T17:50:00+00:00', '--job-id', '10942', '--raw', '--subdir', 'DAGS_FOLDER/AirflowClean2.py', '--cfg-path', '/tmp/tmprmu_af3f', '--error-file', '/tmp/tmpl1xh28rx']
[2022-12-04 17:49:22,779] {standard_task_runner.py:77} INFO - Job 10942: Subtask get_data
[2022-12-04 17:49:22,857] {logging_mixin.py:109} INFO - Running <TaskInstance: dag1.get_data scheduled__2022-11-10T17:50:00+00:00 [running]> on host 7a020590adae
[2022-12-04 17:49:22,945] {taskinstance.py:1426} INFO - Exporting the following env vars:
AIRFLOW_CTX_DAG_OWNER=Fadlil
AIRFLOW_CTX_DAG_ID=dag1
AIRFLOW_CTX_TASK_ID=get_data
AIRFLOW_CTX_EXECUTION_DATE=2022-11-10T17:50:00+00:00
AIRFLOW_CTX_DAG_RUN_ID=scheduled__2022-11-10T17:50:00+00:00
[2022-12-04 17:49:23,592] {python.py:175} INFO - Done. Returned value was: None
[2022-12-04 17:49:23,613] {taskinstance.py:1277} INFO - Marking task as SUCCESS. dag_id=dag1, task_id=get_data, execution_date=20221110T175000, start_date=20221204T174922, end_date=20221204T174923
[2022-12-04 17:49:23,674] {local_task_job.py:154} INFO - Task exited with return code 0
[2022-12-04 17:49:23,741] {local_task_job.py:264} INFO - 1 downstream tasks scheduled from follow-on schedule check
