[2022-12-04 17:08:48,739] {taskinstance.py:1032} INFO - Dependencies all met for <TaskInstance: dag1.bigquery_external_table_task scheduled__2022-11-09T22:00:00+00:00 [queued]>
[2022-12-04 17:08:48,772] {taskinstance.py:1032} INFO - Dependencies all met for <TaskInstance: dag1.bigquery_external_table_task scheduled__2022-11-09T22:00:00+00:00 [queued]>
[2022-12-04 17:08:48,773] {taskinstance.py:1238} INFO - 
--------------------------------------------------------------------------------
[2022-12-04 17:08:48,773] {taskinstance.py:1239} INFO - Starting attempt 1 of 2
[2022-12-04 17:08:48,774] {taskinstance.py:1240} INFO - 
--------------------------------------------------------------------------------
[2022-12-04 17:08:48,807] {taskinstance.py:1259} INFO - Executing <Task(BigQueryCreateExternalTableOperator): bigquery_external_table_task> on 2022-11-09 22:00:00+00:00
[2022-12-04 17:08:48,814] {standard_task_runner.py:52} INFO - Started process 16680 to run task
[2022-12-04 17:08:48,819] {standard_task_runner.py:76} INFO - Running: ['***', 'tasks', 'run', 'dag1', 'bigquery_external_table_task', 'scheduled__2022-11-09T22:00:00+00:00', '--job-id', '10184', '--raw', '--subdir', 'DAGS_FOLDER/AirflowClean2.py', '--cfg-path', '/tmp/tmpqr8xl709', '--error-file', '/tmp/tmp1s1el6cp']
[2022-12-04 17:08:48,821] {standard_task_runner.py:77} INFO - Job 10184: Subtask bigquery_external_table_task
[2022-12-04 17:08:48,921] {logging_mixin.py:109} INFO - Running <TaskInstance: dag1.bigquery_external_table_task scheduled__2022-11-09T22:00:00+00:00 [running]> on host 7a020590adae
[2022-12-04 17:08:49,013] {taskinstance.py:1426} INFO - Exporting the following env vars:
AIRFLOW_CTX_DAG_OWNER=Fadlil
AIRFLOW_CTX_DAG_ID=dag1
AIRFLOW_CTX_TASK_ID=bigquery_external_table_task
AIRFLOW_CTX_EXECUTION_DATE=2022-11-09T22:00:00+00:00
AIRFLOW_CTX_DAG_RUN_ID=scheduled__2022-11-09T22:00:00+00:00
[2022-12-04 17:08:49,015] {crypto.py:82} WARNING - empty cryptography key - values will not be stored encrypted.
[2022-12-04 17:08:50,815] {taskinstance.py:1277} INFO - Marking task as SUCCESS. dag_id=dag1, task_id=bigquery_external_table_task, execution_date=20221109T220000, start_date=20221204T170848, end_date=20221204T170850
[2022-12-04 17:08:50,857] {local_task_job.py:154} INFO - Task exited with return code 0
[2022-12-04 17:08:50,900] {local_task_job.py:264} INFO - 1 downstream tasks scheduled from follow-on schedule check
