[2022-12-04 14:25:58,817] {taskinstance.py:1032} INFO - Dependencies all met for <TaskInstance: dag1.local_to_gcs_task scheduled__2022-11-08T08:50:00+00:00 [queued]>
[2022-12-04 14:25:58,837] {taskinstance.py:1032} INFO - Dependencies all met for <TaskInstance: dag1.local_to_gcs_task scheduled__2022-11-08T08:50:00+00:00 [queued]>
[2022-12-04 14:25:58,838] {taskinstance.py:1238} INFO - 
--------------------------------------------------------------------------------
[2022-12-04 14:25:58,839] {taskinstance.py:1239} INFO - Starting attempt 1 of 2
[2022-12-04 14:25:58,840] {taskinstance.py:1240} INFO - 
--------------------------------------------------------------------------------
[2022-12-04 14:25:58,866] {taskinstance.py:1259} INFO - Executing <Task(PythonOperator): local_to_gcs_task> on 2022-11-08 08:50:00+00:00
[2022-12-04 14:25:58,874] {standard_task_runner.py:52} INFO - Started process 9774 to run task
[2022-12-04 14:25:58,887] {standard_task_runner.py:76} INFO - Running: ['***', 'tasks', 'run', 'dag1', 'local_to_gcs_task', 'scheduled__2022-11-08T08:50:00+00:00', '--job-id', '8760', '--raw', '--subdir', 'DAGS_FOLDER/AirflowClean2.py', '--cfg-path', '/tmp/tmpop847060', '--error-file', '/tmp/tmptk2f9cdq']
[2022-12-04 14:25:58,888] {standard_task_runner.py:77} INFO - Job 8760: Subtask local_to_gcs_task
[2022-12-04 14:25:58,995] {logging_mixin.py:109} INFO - Running <TaskInstance: dag1.local_to_gcs_task scheduled__2022-11-08T08:50:00+00:00 [running]> on host 7a020590adae
[2022-12-04 14:25:59,170] {taskinstance.py:1426} INFO - Exporting the following env vars:
AIRFLOW_CTX_DAG_OWNER=Fadlil
AIRFLOW_CTX_DAG_ID=dag1
AIRFLOW_CTX_TASK_ID=local_to_gcs_task
AIRFLOW_CTX_EXECUTION_DATE=2022-11-08T08:50:00+00:00
AIRFLOW_CTX_DAG_RUN_ID=scheduled__2022-11-08T08:50:00+00:00
[2022-12-04 14:25:59,919] {python.py:175} INFO - Done. Returned value was: None
[2022-12-04 14:25:59,951] {taskinstance.py:1277} INFO - Marking task as SUCCESS. dag_id=dag1, task_id=local_to_gcs_task, execution_date=20221108T085000, start_date=20221204T142558, end_date=20221204T142559
[2022-12-04 14:26:00,004] {local_task_job.py:154} INFO - Task exited with return code 0
[2022-12-04 14:26:00,082] {local_task_job.py:264} INFO - 1 downstream tasks scheduled from follow-on schedule check
