[2022-12-04 10:48:21,185] {taskinstance.py:1032} INFO - Dependencies all met for <TaskInstance: dag1.get_data scheduled__2022-11-02T07:40:00+00:00 [queued]>
[2022-12-04 10:48:21,308] {taskinstance.py:1032} INFO - Dependencies all met for <TaskInstance: dag1.get_data scheduled__2022-11-02T07:40:00+00:00 [queued]>
[2022-12-04 10:48:21,311] {taskinstance.py:1238} INFO - 
--------------------------------------------------------------------------------
[2022-12-04 10:48:21,313] {taskinstance.py:1239} INFO - Starting attempt 1 of 2
[2022-12-04 10:48:21,317] {taskinstance.py:1240} INFO - 
--------------------------------------------------------------------------------
[2022-12-04 10:48:21,466] {taskinstance.py:1259} INFO - Executing <Task(PythonOperator): get_data> on 2022-11-02 07:40:00+00:00
[2022-12-04 10:48:21,588] {standard_task_runner.py:52} INFO - Started process 8776 to run task
[2022-12-04 10:48:21,613] {standard_task_runner.py:76} INFO - Running: ['***', 'tasks', 'run', 'dag1', 'get_data', 'scheduled__2022-11-02T07:40:00+00:00', '--job-id', '4118', '--raw', '--subdir', 'DAGS_FOLDER/AirflowClean2.py', '--cfg-path', '/tmp/tmpzd2g7jbb', '--error-file', '/tmp/tmp9lblu3k2']
[2022-12-04 10:48:21,625] {standard_task_runner.py:77} INFO - Job 4118: Subtask get_data
[2022-12-04 10:48:23,032] {logging_mixin.py:109} INFO - Running <TaskInstance: dag1.get_data scheduled__2022-11-02T07:40:00+00:00 [running]> on host 9e44869ff3ef
[2022-12-04 10:48:23,565] {taskinstance.py:1426} INFO - Exporting the following env vars:
AIRFLOW_CTX_DAG_OWNER=Fadlil
AIRFLOW_CTX_DAG_ID=dag1
AIRFLOW_CTX_TASK_ID=get_data
AIRFLOW_CTX_EXECUTION_DATE=2022-11-02T07:40:00+00:00
AIRFLOW_CTX_DAG_RUN_ID=scheduled__2022-11-02T07:40:00+00:00
[2022-12-04 10:48:24,292] {python.py:175} INFO - Done. Returned value was: None
[2022-12-04 10:48:24,339] {taskinstance.py:1277} INFO - Marking task as SUCCESS. dag_id=dag1, task_id=get_data, execution_date=20221102T074000, start_date=20221204T104821, end_date=20221204T104824
[2022-12-04 10:48:24,491] {local_task_job.py:154} INFO - Task exited with return code 0
[2022-12-04 10:48:25,727] {local_task_job.py:264} INFO - 1 downstream tasks scheduled from follow-on schedule check
