[2022-12-04 10:52:33,350] {taskinstance.py:1032} INFO - Dependencies all met for <TaskInstance: dag1.local_to_gcs_task scheduled__2022-11-02T17:50:00+00:00 [queued]>
[2022-12-04 10:52:33,415] {taskinstance.py:1032} INFO - Dependencies all met for <TaskInstance: dag1.local_to_gcs_task scheduled__2022-11-02T17:50:00+00:00 [queued]>
[2022-12-04 10:52:33,419] {taskinstance.py:1238} INFO - 
--------------------------------------------------------------------------------
[2022-12-04 10:52:33,419] {taskinstance.py:1239} INFO - Starting attempt 1 of 2
[2022-12-04 10:52:33,424] {taskinstance.py:1240} INFO - 
--------------------------------------------------------------------------------
[2022-12-04 10:52:33,484] {taskinstance.py:1259} INFO - Executing <Task(PythonOperator): local_to_gcs_task> on 2022-11-02 17:50:00+00:00
[2022-12-04 10:52:33,499] {standard_task_runner.py:52} INFO - Started process 9721 to run task
[2022-12-04 10:52:33,527] {standard_task_runner.py:76} INFO - Running: ['***', 'tasks', 'run', 'dag1', 'local_to_gcs_task', 'scheduled__2022-11-02T17:50:00+00:00', '--job-id', '4394', '--raw', '--subdir', 'DAGS_FOLDER/AirflowClean2.py', '--cfg-path', '/tmp/tmpwykga3hd', '--error-file', '/tmp/tmph1ysvm09']
[2022-12-04 10:52:33,548] {standard_task_runner.py:77} INFO - Job 4394: Subtask local_to_gcs_task
[2022-12-04 10:52:33,794] {logging_mixin.py:109} INFO - Running <TaskInstance: dag1.local_to_gcs_task scheduled__2022-11-02T17:50:00+00:00 [running]> on host 9e44869ff3ef
[2022-12-04 10:52:34,126] {taskinstance.py:1426} INFO - Exporting the following env vars:
AIRFLOW_CTX_DAG_OWNER=Fadlil
AIRFLOW_CTX_DAG_ID=dag1
AIRFLOW_CTX_TASK_ID=local_to_gcs_task
AIRFLOW_CTX_EXECUTION_DATE=2022-11-02T17:50:00+00:00
AIRFLOW_CTX_DAG_RUN_ID=scheduled__2022-11-02T17:50:00+00:00
[2022-12-04 10:52:34,912] {python.py:175} INFO - Done. Returned value was: None
[2022-12-04 10:52:34,963] {taskinstance.py:1277} INFO - Marking task as SUCCESS. dag_id=dag1, task_id=local_to_gcs_task, execution_date=20221102T175000, start_date=20221204T105233, end_date=20221204T105234
[2022-12-04 10:52:35,068] {local_task_job.py:154} INFO - Task exited with return code 0
[2022-12-04 10:52:35,181] {local_task_job.py:264} INFO - 0 downstream tasks scheduled from follow-on schedule check
