[2022-12-04 17:44:48,455] {taskinstance.py:1032} INFO - Dependencies all met for <TaskInstance: dag1.delete_local_file scheduled__2022-11-10T15:30:00+00:00 [queued]>
[2022-12-04 17:44:48,478] {taskinstance.py:1032} INFO - Dependencies all met for <TaskInstance: dag1.delete_local_file scheduled__2022-11-10T15:30:00+00:00 [queued]>
[2022-12-04 17:44:48,479] {taskinstance.py:1238} INFO - 
--------------------------------------------------------------------------------
[2022-12-04 17:44:48,479] {taskinstance.py:1239} INFO - Starting attempt 1 of 2
[2022-12-04 17:44:48,481] {taskinstance.py:1240} INFO - 
--------------------------------------------------------------------------------
[2022-12-04 17:44:48,503] {taskinstance.py:1259} INFO - Executing <Task(PythonOperator): delete_local_file> on 2022-11-10 15:30:00+00:00
[2022-12-04 17:44:48,514] {standard_task_runner.py:52} INFO - Started process 19858 to run task
[2022-12-04 17:44:48,521] {standard_task_runner.py:76} INFO - Running: ['***', 'tasks', 'run', 'dag1', 'delete_local_file', 'scheduled__2022-11-10T15:30:00+00:00', '--job-id', '10848', '--raw', '--subdir', 'DAGS_FOLDER/AirflowClean2.py', '--cfg-path', '/tmp/tmp4ug0ds1l', '--error-file', '/tmp/tmp4zl0lc9s']
[2022-12-04 17:44:48,524] {standard_task_runner.py:77} INFO - Job 10848: Subtask delete_local_file
[2022-12-04 17:44:48,638] {logging_mixin.py:109} INFO - Running <TaskInstance: dag1.delete_local_file scheduled__2022-11-10T15:30:00+00:00 [running]> on host 7a020590adae
[2022-12-04 17:44:48,756] {taskinstance.py:1426} INFO - Exporting the following env vars:
AIRFLOW_CTX_DAG_OWNER=Fadlil
AIRFLOW_CTX_DAG_ID=dag1
AIRFLOW_CTX_TASK_ID=delete_local_file
AIRFLOW_CTX_EXECUTION_DATE=2022-11-10T15:30:00+00:00
AIRFLOW_CTX_DAG_RUN_ID=scheduled__2022-11-10T15:30:00+00:00
[2022-12-04 17:44:48,763] {python.py:175} INFO - Done. Returned value was: None
[2022-12-04 17:44:48,802] {taskinstance.py:1277} INFO - Marking task as SUCCESS. dag_id=dag1, task_id=delete_local_file, execution_date=20221110T153000, start_date=20221204T174448, end_date=20221204T174448
[2022-12-04 17:44:48,905] {local_task_job.py:154} INFO - Task exited with return code 0
[2022-12-04 17:44:48,981] {local_task_job.py:264} INFO - 0 downstream tasks scheduled from follow-on schedule check
