[2022-12-04 10:36:38,574] {taskinstance.py:1032} INFO - Dependencies all met for <TaskInstance: dag1.local_to_gcs_task scheduled__2022-11-01T02:30:00+00:00 [queued]>
[2022-12-04 10:36:38,702] {taskinstance.py:1032} INFO - Dependencies all met for <TaskInstance: dag1.local_to_gcs_task scheduled__2022-11-01T02:30:00+00:00 [queued]>
[2022-12-04 10:36:38,703] {taskinstance.py:1238} INFO - 
--------------------------------------------------------------------------------
[2022-12-04 10:36:38,703] {taskinstance.py:1239} INFO - Starting attempt 1 of 2
[2022-12-04 10:36:38,704] {taskinstance.py:1240} INFO - 
--------------------------------------------------------------------------------
[2022-12-04 10:36:38,774] {taskinstance.py:1259} INFO - Executing <Task(PythonOperator): local_to_gcs_task> on 2022-11-01 02:30:00+00:00
[2022-12-04 10:36:38,794] {standard_task_runner.py:52} INFO - Started process 6446 to run task
[2022-12-04 10:36:38,818] {standard_task_runner.py:76} INFO - Running: ['***', 'tasks', 'run', 'dag1', 'local_to_gcs_task', 'scheduled__2022-11-01T02:30:00+00:00', '--job-id', '3458', '--raw', '--subdir', 'DAGS_FOLDER/AirflowClean2.py', '--cfg-path', '/tmp/tmpk7mobcpv', '--error-file', '/tmp/tmp7b__qlie']
[2022-12-04 10:36:38,852] {standard_task_runner.py:77} INFO - Job 3458: Subtask local_to_gcs_task
[2022-12-04 10:36:39,148] {logging_mixin.py:109} INFO - Running <TaskInstance: dag1.local_to_gcs_task scheduled__2022-11-01T02:30:00+00:00 [running]> on host 9e44869ff3ef
[2022-12-04 10:36:39,448] {taskinstance.py:1426} INFO - Exporting the following env vars:
AIRFLOW_CTX_DAG_OWNER=Fadlil
AIRFLOW_CTX_DAG_ID=dag1
AIRFLOW_CTX_TASK_ID=local_to_gcs_task
AIRFLOW_CTX_EXECUTION_DATE=2022-11-01T02:30:00+00:00
AIRFLOW_CTX_DAG_RUN_ID=scheduled__2022-11-01T02:30:00+00:00
[2022-12-04 10:36:41,043] {python.py:175} INFO - Done. Returned value was: None
[2022-12-04 10:36:41,360] {taskinstance.py:1277} INFO - Marking task as SUCCESS. dag_id=dag1, task_id=local_to_gcs_task, execution_date=20221101T023000, start_date=20221204T103638, end_date=20221204T103641
[2022-12-04 10:36:41,594] {local_task_job.py:154} INFO - Task exited with return code 0
[2022-12-04 10:36:41,843] {local_task_job.py:264} INFO - 0 downstream tasks scheduled from follow-on schedule check
