[2022-12-04 04:34:35,375] {taskinstance.py:1032} INFO - Dependencies all met for <TaskInstance: dag1.save_to_csv scheduled__2022-10-28T15:20:00+00:00 [queued]>
[2022-12-04 04:34:35,486] {taskinstance.py:1032} INFO - Dependencies all met for <TaskInstance: dag1.save_to_csv scheduled__2022-10-28T15:20:00+00:00 [queued]>
[2022-12-04 04:34:35,498] {taskinstance.py:1238} INFO - 
--------------------------------------------------------------------------------
[2022-12-04 04:34:35,563] {taskinstance.py:1239} INFO - Starting attempt 1 of 2
[2022-12-04 04:34:35,566] {taskinstance.py:1240} INFO - 
--------------------------------------------------------------------------------
[2022-12-04 04:34:35,854] {taskinstance.py:1259} INFO - Executing <Task(PythonOperator): save_to_csv> on 2022-10-28 15:20:00+00:00
[2022-12-04 04:34:36,428] {standard_task_runner.py:76} INFO - Running: ['***', 'tasks', 'run', 'dag1', 'save_to_csv', 'scheduled__2022-10-28T15:20:00+00:00', '--job-id', '1545', '--raw', '--subdir', 'DAGS_FOLDER/AirflowClean2.py', '--cfg-path', '/tmp/tmpxnpel_yg', '--error-file', '/tmp/tmpfpj0nk_t']
[2022-12-04 04:34:36,433] {standard_task_runner.py:77} INFO - Job 1545: Subtask save_to_csv
[2022-12-04 04:34:36,133] {standard_task_runner.py:52} INFO - Started process 5737 to run task
[2022-12-04 04:34:37,201] {logging_mixin.py:109} INFO - Running <TaskInstance: dag1.save_to_csv scheduled__2022-10-28T15:20:00+00:00 [running]> on host 422c372562ce
[2022-12-04 04:34:38,037] {taskinstance.py:1426} INFO - Exporting the following env vars:
AIRFLOW_CTX_DAG_OWNER=Fadlil
AIRFLOW_CTX_DAG_ID=dag1
AIRFLOW_CTX_TASK_ID=save_to_csv
AIRFLOW_CTX_EXECUTION_DATE=2022-10-28T15:20:00+00:00
AIRFLOW_CTX_DAG_RUN_ID=scheduled__2022-10-28T15:20:00+00:00
[2022-12-04 04:34:38,409] {python.py:175} INFO - Done. Returned value was: None
[2022-12-04 04:34:39,181] {taskinstance.py:1277} INFO - Marking task as SUCCESS. dag_id=dag1, task_id=save_to_csv, execution_date=20221028T152000, start_date=20221204T043435, end_date=20221204T043439
[2022-12-04 04:34:39,744] {local_task_job.py:154} INFO - Task exited with return code 0
[2022-12-04 04:34:40,147] {local_task_job.py:264} INFO - 1 downstream tasks scheduled from follow-on schedule check
