[2022-12-04 05:05:54,476] {taskinstance.py:1032} INFO - Dependencies all met for <TaskInstance: dag1.get_data scheduled__2022-10-29T04:40:00+00:00 [queued]>
[2022-12-04 05:05:54,616] {taskinstance.py:1032} INFO - Dependencies all met for <TaskInstance: dag1.get_data scheduled__2022-10-29T04:40:00+00:00 [queued]>
[2022-12-04 05:05:54,625] {taskinstance.py:1238} INFO - 
--------------------------------------------------------------------------------
[2022-12-04 05:05:54,635] {taskinstance.py:1239} INFO - Starting attempt 1 of 2
[2022-12-04 05:05:54,640] {taskinstance.py:1240} INFO - 
--------------------------------------------------------------------------------
[2022-12-04 05:05:54,761] {taskinstance.py:1259} INFO - Executing <Task(PythonOperator): get_data> on 2022-10-29 04:40:00+00:00
[2022-12-04 05:05:54,812] {standard_task_runner.py:52} INFO - Started process 7557 to run task
[2022-12-04 05:05:54,826] {standard_task_runner.py:76} INFO - Running: ['***', 'tasks', 'run', 'dag1', 'get_data', 'scheduled__2022-10-29T04:40:00+00:00', '--job-id', '1866', '--raw', '--subdir', 'DAGS_FOLDER/AirflowClean2.py', '--cfg-path', '/tmp/tmpokjrp_ss', '--error-file', '/tmp/tmp0md01krn']
[2022-12-04 05:05:54,842] {standard_task_runner.py:77} INFO - Job 1866: Subtask get_data
[2022-12-04 05:06:15,244] {logging_mixin.py:109} INFO - Running <TaskInstance: dag1.get_data scheduled__2022-10-29T04:40:00+00:00 [running]> on host 422c372562ce
[2022-12-04 05:06:15,580] {taskinstance.py:1426} INFO - Exporting the following env vars:
AIRFLOW_CTX_DAG_OWNER=Fadlil
AIRFLOW_CTX_DAG_ID=dag1
AIRFLOW_CTX_TASK_ID=get_data
AIRFLOW_CTX_EXECUTION_DATE=2022-10-29T04:40:00+00:00
AIRFLOW_CTX_DAG_RUN_ID=scheduled__2022-10-29T04:40:00+00:00
[2022-12-04 05:06:16,709] {python.py:175} INFO - Done. Returned value was: None
[2022-12-04 05:06:16,974] {taskinstance.py:1277} INFO - Marking task as SUCCESS. dag_id=dag1, task_id=get_data, execution_date=20221029T044000, start_date=20221204T050554, end_date=20221204T050616
[2022-12-04 05:06:17,195] {local_task_job.py:154} INFO - Task exited with return code 0
[2022-12-04 05:06:17,753] {local_task_job.py:264} INFO - 1 downstream tasks scheduled from follow-on schedule check
