[2022-12-04 11:48:46,297] {taskinstance.py:1032} INFO - Dependencies all met for <TaskInstance: dag1.save_to_csv scheduled__2022-11-05T06:00:00+00:00 [queued]>
[2022-12-04 11:48:46,620] {taskinstance.py:1032} INFO - Dependencies all met for <TaskInstance: dag1.save_to_csv scheduled__2022-11-05T06:00:00+00:00 [queued]>
[2022-12-04 11:48:46,665] {taskinstance.py:1238} INFO - 
--------------------------------------------------------------------------------
[2022-12-04 11:48:46,693] {taskinstance.py:1239} INFO - Starting attempt 1 of 2
[2022-12-04 11:48:46,703] {taskinstance.py:1240} INFO - 
--------------------------------------------------------------------------------
[2022-12-04 11:48:46,915] {taskinstance.py:1259} INFO - Executing <Task(PythonOperator): save_to_csv> on 2022-11-05 06:00:00+00:00
[2022-12-04 11:48:47,148] {standard_task_runner.py:52} INFO - Started process 15357 to run task
[2022-12-04 11:48:47,293] {standard_task_runner.py:76} INFO - Running: ['***', 'tasks', 'run', 'dag1', 'save_to_csv', 'scheduled__2022-11-05T06:00:00+00:00', '--job-id', '5923', '--raw', '--subdir', 'DAGS_FOLDER/AirflowClean2.py', '--cfg-path', '/tmp/tmpjq_jih8t', '--error-file', '/tmp/tmpyjximhuw']
[2022-12-04 11:48:47,334] {standard_task_runner.py:77} INFO - Job 5923: Subtask save_to_csv
[2022-12-04 11:48:47,791] {logging_mixin.py:109} INFO - Running <TaskInstance: dag1.save_to_csv scheduled__2022-11-05T06:00:00+00:00 [running]> on host 9e44869ff3ef
[2022-12-04 11:48:48,520] {taskinstance.py:1426} INFO - Exporting the following env vars:
AIRFLOW_CTX_DAG_OWNER=Fadlil
AIRFLOW_CTX_DAG_ID=dag1
AIRFLOW_CTX_TASK_ID=save_to_csv
AIRFLOW_CTX_EXECUTION_DATE=2022-11-05T06:00:00+00:00
AIRFLOW_CTX_DAG_RUN_ID=scheduled__2022-11-05T06:00:00+00:00
[2022-12-04 11:48:48,735] {python.py:175} INFO - Done. Returned value was: None
[2022-12-04 11:48:48,861] {taskinstance.py:1277} INFO - Marking task as SUCCESS. dag_id=dag1, task_id=save_to_csv, execution_date=20221105T060000, start_date=20221204T114846, end_date=20221204T114848
[2022-12-04 11:48:49,059] {local_task_job.py:154} INFO - Task exited with return code 0
[2022-12-04 11:48:49,323] {local_task_job.py:264} INFO - 1 downstream tasks scheduled from follow-on schedule check
