[2022-12-03 17:59:24,656] {taskinstance.py:1032} INFO - Dependencies all met for <TaskInstance: dag1.save_to_csv scheduled__2022-10-26T20:30:00+00:00 [queued]>
[2022-12-03 17:59:24,697] {taskinstance.py:1032} INFO - Dependencies all met for <TaskInstance: dag1.save_to_csv scheduled__2022-10-26T20:30:00+00:00 [queued]>
[2022-12-03 17:59:24,697] {taskinstance.py:1238} INFO - 
--------------------------------------------------------------------------------
[2022-12-03 17:59:24,698] {taskinstance.py:1239} INFO - Starting attempt 1 of 2
[2022-12-03 17:59:24,702] {taskinstance.py:1240} INFO - 
--------------------------------------------------------------------------------
[2022-12-03 17:59:24,741] {taskinstance.py:1259} INFO - Executing <Task(PythonOperator): save_to_csv> on 2022-10-26 20:30:00+00:00
[2022-12-03 17:59:24,755] {standard_task_runner.py:52} INFO - Started process 1474 to run task
[2022-12-03 17:59:24,770] {standard_task_runner.py:76} INFO - Running: ['***', 'tasks', 'run', 'dag1', 'save_to_csv', 'scheduled__2022-10-26T20:30:00+00:00', '--job-id', '476', '--raw', '--subdir', 'DAGS_FOLDER/AirflowClean2.py', '--cfg-path', '/tmp/tmp2yofdizk', '--error-file', '/tmp/tmpal70fjl8']
[2022-12-03 17:59:24,787] {standard_task_runner.py:77} INFO - Job 476: Subtask save_to_csv
[2022-12-03 17:59:25,006] {logging_mixin.py:109} INFO - Running <TaskInstance: dag1.save_to_csv scheduled__2022-10-26T20:30:00+00:00 [running]> on host 422c372562ce
[2022-12-03 17:59:25,140] {taskinstance.py:1426} INFO - Exporting the following env vars:
AIRFLOW_CTX_DAG_OWNER=Fadlil
AIRFLOW_CTX_DAG_ID=dag1
AIRFLOW_CTX_TASK_ID=save_to_csv
AIRFLOW_CTX_EXECUTION_DATE=2022-10-26T20:30:00+00:00
AIRFLOW_CTX_DAG_RUN_ID=scheduled__2022-10-26T20:30:00+00:00
[2022-12-03 17:59:25,224] {python.py:175} INFO - Done. Returned value was: None
[2022-12-03 17:59:25,578] {taskinstance.py:1277} INFO - Marking task as SUCCESS. dag_id=dag1, task_id=save_to_csv, execution_date=20221026T203000, start_date=20221203T175924, end_date=20221203T175925
[2022-12-03 17:59:25,682] {local_task_job.py:154} INFO - Task exited with return code 0
[2022-12-03 17:59:25,893] {local_task_job.py:264} INFO - 1 downstream tasks scheduled from follow-on schedule check
