[2022-12-04 10:54:15,012] {taskinstance.py:1032} INFO - Dependencies all met for <TaskInstance: dag1.save_to_parquet scheduled__2022-11-02T22:30:00+00:00 [queued]>
[2022-12-04 10:54:15,071] {taskinstance.py:1032} INFO - Dependencies all met for <TaskInstance: dag1.save_to_parquet scheduled__2022-11-02T22:30:00+00:00 [queued]>
[2022-12-04 10:54:15,072] {taskinstance.py:1238} INFO - 
--------------------------------------------------------------------------------
[2022-12-04 10:54:15,072] {taskinstance.py:1239} INFO - Starting attempt 1 of 2
[2022-12-04 10:54:15,073] {taskinstance.py:1240} INFO - 
--------------------------------------------------------------------------------
[2022-12-04 10:54:15,150] {taskinstance.py:1259} INFO - Executing <Task(PythonOperator): save_to_parquet> on 2022-11-02 22:30:00+00:00
[2022-12-04 10:54:15,168] {standard_task_runner.py:52} INFO - Started process 10104 to run task
[2022-12-04 10:54:15,196] {standard_task_runner.py:76} INFO - Running: ['***', 'tasks', 'run', 'dag1', 'save_to_parquet', 'scheduled__2022-11-02T22:30:00+00:00', '--job-id', '4503', '--raw', '--subdir', 'DAGS_FOLDER/AirflowClean2.py', '--cfg-path', '/tmp/tmpjighv5jm', '--error-file', '/tmp/tmp9485bat4']
[2022-12-04 10:54:15,210] {standard_task_runner.py:77} INFO - Job 4503: Subtask save_to_parquet
[2022-12-04 10:54:15,646] {logging_mixin.py:109} INFO - Running <TaskInstance: dag1.save_to_parquet scheduled__2022-11-02T22:30:00+00:00 [running]> on host 9e44869ff3ef
[2022-12-04 10:54:16,183] {taskinstance.py:1426} INFO - Exporting the following env vars:
AIRFLOW_CTX_DAG_OWNER=Fadlil
AIRFLOW_CTX_DAG_ID=dag1
AIRFLOW_CTX_TASK_ID=save_to_parquet
AIRFLOW_CTX_EXECUTION_DATE=2022-11-02T22:30:00+00:00
AIRFLOW_CTX_DAG_RUN_ID=scheduled__2022-11-02T22:30:00+00:00
[2022-12-04 10:54:17,055] {python.py:175} INFO - Done. Returned value was: None
[2022-12-04 10:54:17,234] {taskinstance.py:1277} INFO - Marking task as SUCCESS. dag_id=dag1, task_id=save_to_parquet, execution_date=20221102T223000, start_date=20221204T105415, end_date=20221204T105417
[2022-12-04 10:54:17,443] {local_task_job.py:154} INFO - Task exited with return code 0
[2022-12-04 10:54:18,112] {local_task_job.py:264} INFO - 0 downstream tasks scheduled from follow-on schedule check
