[2022-12-04 11:49:46,178] {taskinstance.py:1032} INFO - Dependencies all met for <TaskInstance: dag1.get_data scheduled__2022-11-05T07:20:00+00:00 [queued]>
[2022-12-04 11:49:46,275] {taskinstance.py:1032} INFO - Dependencies all met for <TaskInstance: dag1.get_data scheduled__2022-11-05T07:20:00+00:00 [queued]>
[2022-12-04 11:49:46,284] {taskinstance.py:1238} INFO - 
--------------------------------------------------------------------------------
[2022-12-04 11:49:46,285] {taskinstance.py:1239} INFO - Starting attempt 1 of 2
[2022-12-04 11:49:46,288] {taskinstance.py:1240} INFO - 
--------------------------------------------------------------------------------
[2022-12-04 11:49:46,366] {taskinstance.py:1259} INFO - Executing <Task(PythonOperator): get_data> on 2022-11-05 07:20:00+00:00
[2022-12-04 11:49:46,391] {standard_task_runner.py:52} INFO - Started process 15503 to run task
[2022-12-04 11:49:46,402] {standard_task_runner.py:76} INFO - Running: ['***', 'tasks', 'run', 'dag1', 'get_data', 'scheduled__2022-11-05T07:20:00+00:00', '--job-id', '5964', '--raw', '--subdir', 'DAGS_FOLDER/AirflowClean2.py', '--cfg-path', '/tmp/tmpfu4uwb19', '--error-file', '/tmp/tmpao8b2obv']
[2022-12-04 11:49:46,457] {standard_task_runner.py:77} INFO - Job 5964: Subtask get_data
[2022-12-04 11:49:47,285] {logging_mixin.py:109} INFO - Running <TaskInstance: dag1.get_data scheduled__2022-11-05T07:20:00+00:00 [running]> on host 9e44869ff3ef
[2022-12-04 11:49:47,874] {taskinstance.py:1426} INFO - Exporting the following env vars:
AIRFLOW_CTX_DAG_OWNER=Fadlil
AIRFLOW_CTX_DAG_ID=dag1
AIRFLOW_CTX_TASK_ID=get_data
AIRFLOW_CTX_EXECUTION_DATE=2022-11-05T07:20:00+00:00
AIRFLOW_CTX_DAG_RUN_ID=scheduled__2022-11-05T07:20:00+00:00
[2022-12-04 11:49:49,118] {python.py:175} INFO - Done. Returned value was: None
[2022-12-04 11:49:50,145] {taskinstance.py:1277} INFO - Marking task as SUCCESS. dag_id=dag1, task_id=get_data, execution_date=20221105T072000, start_date=20221204T114946, end_date=20221204T114950
[2022-12-04 11:49:50,343] {local_task_job.py:154} INFO - Task exited with return code 0
[2022-12-04 11:49:51,207] {local_task_job.py:264} INFO - 1 downstream tasks scheduled from follow-on schedule check
