[2022-12-04 12:03:39,551] {taskinstance.py:1032} INFO - Dependencies all met for <TaskInstance: dag1.save_to_parquet scheduled__2022-11-05T13:20:00+00:00 [queued]>
[2022-12-04 12:03:39,877] {taskinstance.py:1032} INFO - Dependencies all met for <TaskInstance: dag1.save_to_parquet scheduled__2022-11-05T13:20:00+00:00 [queued]>
[2022-12-04 12:03:39,879] {taskinstance.py:1238} INFO - 
--------------------------------------------------------------------------------
[2022-12-04 12:03:39,880] {taskinstance.py:1239} INFO - Starting attempt 1 of 2
[2022-12-04 12:03:39,880] {taskinstance.py:1240} INFO - 
--------------------------------------------------------------------------------
[2022-12-04 12:03:39,946] {taskinstance.py:1259} INFO - Executing <Task(PythonOperator): save_to_parquet> on 2022-11-05 13:20:00+00:00
[2022-12-04 12:03:40,071] {standard_task_runner.py:52} INFO - Started process 16718 to run task
[2022-12-04 12:03:40,113] {standard_task_runner.py:76} INFO - Running: ['***', 'tasks', 'run', 'dag1', 'save_to_parquet', 'scheduled__2022-11-05T13:20:00+00:00', '--job-id', '6203', '--raw', '--subdir', 'DAGS_FOLDER/AirflowClean2.py', '--cfg-path', '/tmp/tmp4d9_f8q2', '--error-file', '/tmp/tmpd5pv6m7w']
[2022-12-04 12:03:40,171] {standard_task_runner.py:77} INFO - Job 6203: Subtask save_to_parquet
[2022-12-04 12:03:41,196] {logging_mixin.py:109} INFO - Running <TaskInstance: dag1.save_to_parquet scheduled__2022-11-05T13:20:00+00:00 [running]> on host 9e44869ff3ef
[2022-12-04 12:03:41,903] {taskinstance.py:1426} INFO - Exporting the following env vars:
AIRFLOW_CTX_DAG_OWNER=Fadlil
AIRFLOW_CTX_DAG_ID=dag1
AIRFLOW_CTX_TASK_ID=save_to_parquet
AIRFLOW_CTX_EXECUTION_DATE=2022-11-05T13:20:00+00:00
AIRFLOW_CTX_DAG_RUN_ID=scheduled__2022-11-05T13:20:00+00:00
[2022-12-04 12:03:42,402] {python.py:175} INFO - Done. Returned value was: None
[2022-12-04 12:03:42,513] {taskinstance.py:1277} INFO - Marking task as SUCCESS. dag_id=dag1, task_id=save_to_parquet, execution_date=20221105T132000, start_date=20221204T120339, end_date=20221204T120342
[2022-12-04 12:03:42,901] {local_task_job.py:154} INFO - Task exited with return code 0
[2022-12-04 12:03:44,874] {local_task_job.py:264} INFO - 0 downstream tasks scheduled from follow-on schedule check
