[2022-12-04 10:49:16,159] {taskinstance.py:1032} INFO - Dependencies all met for <TaskInstance: dag1.local_to_gcs_task scheduled__2022-11-02T09:20:00+00:00 [queued]>
[2022-12-04 10:49:16,217] {taskinstance.py:1032} INFO - Dependencies all met for <TaskInstance: dag1.local_to_gcs_task scheduled__2022-11-02T09:20:00+00:00 [queued]>
[2022-12-04 10:49:16,219] {taskinstance.py:1238} INFO - 
--------------------------------------------------------------------------------
[2022-12-04 10:49:16,219] {taskinstance.py:1239} INFO - Starting attempt 1 of 2
[2022-12-04 10:49:16,220] {taskinstance.py:1240} INFO - 
--------------------------------------------------------------------------------
[2022-12-04 10:49:16,267] {taskinstance.py:1259} INFO - Executing <Task(PythonOperator): local_to_gcs_task> on 2022-11-02 09:20:00+00:00
[2022-12-04 10:49:16,279] {standard_task_runner.py:52} INFO - Started process 8976 to run task
[2022-12-04 10:49:16,290] {standard_task_runner.py:76} INFO - Running: ['***', 'tasks', 'run', 'dag1', 'local_to_gcs_task', 'scheduled__2022-11-02T09:20:00+00:00', '--job-id', '4178', '--raw', '--subdir', 'DAGS_FOLDER/AirflowClean2.py', '--cfg-path', '/tmp/tmplaipogtw', '--error-file', '/tmp/tmpj2svmuk4']
[2022-12-04 10:49:16,292] {standard_task_runner.py:77} INFO - Job 4178: Subtask local_to_gcs_task
[2022-12-04 10:49:16,684] {logging_mixin.py:109} INFO - Running <TaskInstance: dag1.local_to_gcs_task scheduled__2022-11-02T09:20:00+00:00 [running]> on host 9e44869ff3ef
[2022-12-04 10:49:16,818] {taskinstance.py:1426} INFO - Exporting the following env vars:
AIRFLOW_CTX_DAG_OWNER=Fadlil
AIRFLOW_CTX_DAG_ID=dag1
AIRFLOW_CTX_TASK_ID=local_to_gcs_task
AIRFLOW_CTX_EXECUTION_DATE=2022-11-02T09:20:00+00:00
AIRFLOW_CTX_DAG_RUN_ID=scheduled__2022-11-02T09:20:00+00:00
[2022-12-04 10:49:17,601] {python.py:175} INFO - Done. Returned value was: None
[2022-12-04 10:49:17,683] {taskinstance.py:1277} INFO - Marking task as SUCCESS. dag_id=dag1, task_id=local_to_gcs_task, execution_date=20221102T092000, start_date=20221204T104916, end_date=20221204T104917
[2022-12-04 10:49:17,732] {local_task_job.py:154} INFO - Task exited with return code 0
[2022-12-04 10:49:17,974] {local_task_job.py:264} INFO - 0 downstream tasks scheduled from follow-on schedule check
