[2022-12-04 10:46:34,461] {taskinstance.py:1032} INFO - Dependencies all met for <TaskInstance: dag1.get_data scheduled__2022-11-02T03:20:00+00:00 [queued]>
[2022-12-04 10:46:34,490] {taskinstance.py:1032} INFO - Dependencies all met for <TaskInstance: dag1.get_data scheduled__2022-11-02T03:20:00+00:00 [queued]>
[2022-12-04 10:46:34,491] {taskinstance.py:1238} INFO - 
--------------------------------------------------------------------------------
[2022-12-04 10:46:34,498] {taskinstance.py:1239} INFO - Starting attempt 1 of 2
[2022-12-04 10:46:34,503] {taskinstance.py:1240} INFO - 
--------------------------------------------------------------------------------
[2022-12-04 10:46:34,594] {taskinstance.py:1259} INFO - Executing <Task(PythonOperator): get_data> on 2022-11-02 03:20:00+00:00
[2022-12-04 10:46:34,602] {standard_task_runner.py:52} INFO - Started process 8406 to run task
[2022-12-04 10:46:34,627] {standard_task_runner.py:76} INFO - Running: ['***', 'tasks', 'run', 'dag1', 'get_data', 'scheduled__2022-11-02T03:20:00+00:00', '--job-id', '4016', '--raw', '--subdir', 'DAGS_FOLDER/AirflowClean2.py', '--cfg-path', '/tmp/tmpiqd4gqws', '--error-file', '/tmp/tmp_355zsq9']
[2022-12-04 10:46:34,641] {standard_task_runner.py:77} INFO - Job 4016: Subtask get_data
[2022-12-04 10:46:34,855] {logging_mixin.py:109} INFO - Running <TaskInstance: dag1.get_data scheduled__2022-11-02T03:20:00+00:00 [running]> on host 9e44869ff3ef
[2022-12-04 10:46:35,083] {taskinstance.py:1426} INFO - Exporting the following env vars:
AIRFLOW_CTX_DAG_OWNER=Fadlil
AIRFLOW_CTX_DAG_ID=dag1
AIRFLOW_CTX_TASK_ID=get_data
AIRFLOW_CTX_EXECUTION_DATE=2022-11-02T03:20:00+00:00
AIRFLOW_CTX_DAG_RUN_ID=scheduled__2022-11-02T03:20:00+00:00
[2022-12-04 10:46:36,200] {python.py:175} INFO - Done. Returned value was: None
[2022-12-04 10:46:36,901] {taskinstance.py:1277} INFO - Marking task as SUCCESS. dag_id=dag1, task_id=get_data, execution_date=20221102T032000, start_date=20221204T104634, end_date=20221204T104636
[2022-12-04 10:46:37,205] {local_task_job.py:154} INFO - Task exited with return code 0
[2022-12-04 10:46:37,481] {local_task_job.py:264} INFO - 1 downstream tasks scheduled from follow-on schedule check
