[2022-12-03 01:41:13,227] {taskinstance.py:1032} INFO - Dependencies all met for <TaskInstance: dag1.get_data scheduled__2022-10-26T01:10:00+00:00 [queued]>
[2022-12-03 01:41:14,098] {taskinstance.py:1032} INFO - Dependencies all met for <TaskInstance: dag1.get_data scheduled__2022-10-26T01:10:00+00:00 [queued]>
[2022-12-03 01:41:14,205] {taskinstance.py:1238} INFO - 
--------------------------------------------------------------------------------
[2022-12-03 01:41:14,254] {taskinstance.py:1239} INFO - Starting attempt 2 of 2
[2022-12-03 01:41:14,270] {taskinstance.py:1240} INFO - 
--------------------------------------------------------------------------------
[2022-12-03 01:41:14,442] {taskinstance.py:1259} INFO - Executing <Task(PythonOperator): get_data> on 2022-10-26 01:10:00+00:00
[2022-12-03 01:41:14,644] {standard_task_runner.py:52} INFO - Started process 152 to run task
[2022-12-03 01:41:15,240] {standard_task_runner.py:76} INFO - Running: ['***', 'tasks', 'run', 'dag1', 'get_data', 'scheduled__2022-10-26T01:10:00+00:00', '--job-id', '47', '--raw', '--subdir', 'DAGS_FOLDER/AirflowClean2.py', '--cfg-path', '/tmp/tmp3pcx4rmk', '--error-file', '/tmp/tmpee8po_ip']
[2022-12-03 01:41:15,293] {standard_task_runner.py:77} INFO - Job 47: Subtask get_data
[2022-12-03 01:41:18,239] {logging_mixin.py:109} INFO - Running <TaskInstance: dag1.get_data scheduled__2022-10-26T01:10:00+00:00 [running]> on host 422c372562ce
[2022-12-03 01:41:21,927] {taskinstance.py:1426} INFO - Exporting the following env vars:
AIRFLOW_CTX_DAG_OWNER=Fadlil
AIRFLOW_CTX_DAG_ID=dag1
AIRFLOW_CTX_TASK_ID=get_data
AIRFLOW_CTX_EXECUTION_DATE=2022-10-26T01:10:00+00:00
AIRFLOW_CTX_DAG_RUN_ID=scheduled__2022-10-26T01:10:00+00:00
[2022-12-03 01:41:50,150] {python.py:175} INFO - Done. Returned value was: None
[2022-12-03 01:41:51,121] {taskinstance.py:1277} INFO - Marking task as SUCCESS. dag_id=dag1, task_id=get_data, execution_date=20221026T011000, start_date=20221203T014113, end_date=20221203T014151
[2022-12-03 01:41:52,059] {local_task_job.py:154} INFO - Task exited with return code 0
[2022-12-03 01:41:52,803] {local_task_job.py:264} INFO - 1 downstream tasks scheduled from follow-on schedule check
