[2022-12-04 11:01:20,813] {taskinstance.py:1032} INFO - Dependencies all met for <TaskInstance: dag1.save_to_csv scheduled__2022-11-03T18:20:00+00:00 [queued]>
[2022-12-04 11:01:20,981] {taskinstance.py:1032} INFO - Dependencies all met for <TaskInstance: dag1.save_to_csv scheduled__2022-11-03T18:20:00+00:00 [queued]>
[2022-12-04 11:01:20,984] {taskinstance.py:1238} INFO - 
--------------------------------------------------------------------------------
[2022-12-04 11:01:20,987] {taskinstance.py:1239} INFO - Starting attempt 1 of 2
[2022-12-04 11:01:20,989] {taskinstance.py:1240} INFO - 
--------------------------------------------------------------------------------
[2022-12-04 11:01:21,154] {taskinstance.py:1259} INFO - Executing <Task(PythonOperator): save_to_csv> on 2022-11-03 18:20:00+00:00
[2022-12-04 11:01:21,196] {standard_task_runner.py:52} INFO - Started process 11668 to run task
[2022-12-04 11:01:21,278] {standard_task_runner.py:76} INFO - Running: ['***', 'tasks', 'run', 'dag1', 'save_to_csv', 'scheduled__2022-11-03T18:20:00+00:00', '--job-id', '4960', '--raw', '--subdir', 'DAGS_FOLDER/AirflowClean2.py', '--cfg-path', '/tmp/tmp1et_lbo5', '--error-file', '/tmp/tmpzzftd4mv']
[2022-12-04 11:01:21,331] {standard_task_runner.py:77} INFO - Job 4960: Subtask save_to_csv
[2022-12-04 11:01:21,647] {logging_mixin.py:109} INFO - Running <TaskInstance: dag1.save_to_csv scheduled__2022-11-03T18:20:00+00:00 [running]> on host 9e44869ff3ef
[2022-12-04 11:01:22,052] {taskinstance.py:1426} INFO - Exporting the following env vars:
AIRFLOW_CTX_DAG_OWNER=Fadlil
AIRFLOW_CTX_DAG_ID=dag1
AIRFLOW_CTX_TASK_ID=save_to_csv
AIRFLOW_CTX_EXECUTION_DATE=2022-11-03T18:20:00+00:00
AIRFLOW_CTX_DAG_RUN_ID=scheduled__2022-11-03T18:20:00+00:00
[2022-12-04 11:01:22,269] {python.py:175} INFO - Done. Returned value was: None
[2022-12-04 11:01:22,331] {taskinstance.py:1277} INFO - Marking task as SUCCESS. dag_id=dag1, task_id=save_to_csv, execution_date=20221103T182000, start_date=20221204T110120, end_date=20221204T110122
[2022-12-04 11:01:22,563] {local_task_job.py:154} INFO - Task exited with return code 0
[2022-12-04 11:01:22,696] {local_task_job.py:264} INFO - 1 downstream tasks scheduled from follow-on schedule check
