[2022-12-04 04:57:33,512] {taskinstance.py:1032} INFO - Dependencies all met for <TaskInstance: dag1.get_data scheduled__2022-10-29T00:50:00+00:00 [queued]>
[2022-12-04 04:57:33,602] {taskinstance.py:1032} INFO - Dependencies all met for <TaskInstance: dag1.get_data scheduled__2022-10-29T00:50:00+00:00 [queued]>
[2022-12-04 04:57:33,607] {taskinstance.py:1238} INFO - 
--------------------------------------------------------------------------------
[2022-12-04 04:57:33,621] {taskinstance.py:1239} INFO - Starting attempt 1 of 2
[2022-12-04 04:57:33,632] {taskinstance.py:1240} INFO - 
--------------------------------------------------------------------------------
[2022-12-04 04:57:33,823] {taskinstance.py:1259} INFO - Executing <Task(PythonOperator): get_data> on 2022-10-29 00:50:00+00:00
[2022-12-04 04:57:33,980] {standard_task_runner.py:52} INFO - Started process 7056 to run task
[2022-12-04 04:57:34,007] {standard_task_runner.py:76} INFO - Running: ['***', 'tasks', 'run', 'dag1', 'get_data', 'scheduled__2022-10-29T00:50:00+00:00', '--job-id', '1773', '--raw', '--subdir', 'DAGS_FOLDER/AirflowClean2.py', '--cfg-path', '/tmp/tmpyg5yp5py', '--error-file', '/tmp/tmpkj2jphfz']
[2022-12-04 04:57:34,066] {standard_task_runner.py:77} INFO - Job 1773: Subtask get_data
[2022-12-04 04:57:35,024] {logging_mixin.py:109} INFO - Running <TaskInstance: dag1.get_data scheduled__2022-10-29T00:50:00+00:00 [running]> on host 422c372562ce
[2022-12-04 04:57:35,729] {taskinstance.py:1426} INFO - Exporting the following env vars:
AIRFLOW_CTX_DAG_OWNER=Fadlil
AIRFLOW_CTX_DAG_ID=dag1
AIRFLOW_CTX_TASK_ID=get_data
AIRFLOW_CTX_EXECUTION_DATE=2022-10-29T00:50:00+00:00
AIRFLOW_CTX_DAG_RUN_ID=scheduled__2022-10-29T00:50:00+00:00
[2022-12-04 04:57:36,828] {python.py:175} INFO - Done. Returned value was: None
[2022-12-04 04:57:36,994] {taskinstance.py:1277} INFO - Marking task as SUCCESS. dag_id=dag1, task_id=get_data, execution_date=20221029T005000, start_date=20221204T045733, end_date=20221204T045736
[2022-12-04 04:57:37,220] {local_task_job.py:154} INFO - Task exited with return code 0
[2022-12-04 04:57:37,830] {local_task_job.py:264} INFO - 1 downstream tasks scheduled from follow-on schedule check
