[2022-12-04 17:03:27,413] {taskinstance.py:1032} INFO - Dependencies all met for <TaskInstance: dag1.get_data scheduled__2022-11-09T20:10:00+00:00 [queued]>
[2022-12-04 17:03:27,504] {taskinstance.py:1032} INFO - Dependencies all met for <TaskInstance: dag1.get_data scheduled__2022-11-09T20:10:00+00:00 [queued]>
[2022-12-04 17:03:27,505] {taskinstance.py:1238} INFO - 
--------------------------------------------------------------------------------
[2022-12-04 17:03:27,508] {taskinstance.py:1239} INFO - Starting attempt 1 of 2
[2022-12-04 17:03:27,510] {taskinstance.py:1240} INFO - 
--------------------------------------------------------------------------------
[2022-12-04 17:03:27,595] {taskinstance.py:1259} INFO - Executing <Task(PythonOperator): get_data> on 2022-11-09 20:10:00+00:00
[2022-12-04 17:03:27,622] {standard_task_runner.py:52} INFO - Started process 16188 to run task
[2022-12-04 17:03:27,645] {standard_task_runner.py:76} INFO - Running: ['***', 'tasks', 'run', 'dag1', 'get_data', 'scheduled__2022-11-09T20:10:00+00:00', '--job-id', '10083', '--raw', '--subdir', 'DAGS_FOLDER/AirflowClean2.py', '--cfg-path', '/tmp/tmp3hlis04p', '--error-file', '/tmp/tmplglcmt7_']
[2022-12-04 17:03:27,656] {standard_task_runner.py:77} INFO - Job 10083: Subtask get_data
[2022-12-04 17:03:27,872] {logging_mixin.py:109} INFO - Running <TaskInstance: dag1.get_data scheduled__2022-11-09T20:10:00+00:00 [running]> on host 7a020590adae
[2022-12-04 17:03:28,110] {taskinstance.py:1426} INFO - Exporting the following env vars:
AIRFLOW_CTX_DAG_OWNER=Fadlil
AIRFLOW_CTX_DAG_ID=dag1
AIRFLOW_CTX_TASK_ID=get_data
AIRFLOW_CTX_EXECUTION_DATE=2022-11-09T20:10:00+00:00
AIRFLOW_CTX_DAG_RUN_ID=scheduled__2022-11-09T20:10:00+00:00
[2022-12-04 17:03:28,901] {python.py:175} INFO - Done. Returned value was: None
[2022-12-04 17:03:29,710] {taskinstance.py:1277} INFO - Marking task as SUCCESS. dag_id=dag1, task_id=get_data, execution_date=20221109T201000, start_date=20221204T170327, end_date=20221204T170329
[2022-12-04 17:03:29,834] {local_task_job.py:154} INFO - Task exited with return code 0
[2022-12-04 17:03:30,061] {local_task_job.py:264} INFO - 1 downstream tasks scheduled from follow-on schedule check
