[2022-12-04 09:58:53,922] {taskinstance.py:1032} INFO - Dependencies all met for <TaskInstance: dag1.save_to_csv scheduled__2022-10-30T23:50:00+00:00 [queued]>
[2022-12-04 09:58:54,000] {taskinstance.py:1032} INFO - Dependencies all met for <TaskInstance: dag1.save_to_csv scheduled__2022-10-30T23:50:00+00:00 [queued]>
[2022-12-04 09:58:54,012] {taskinstance.py:1238} INFO - 
--------------------------------------------------------------------------------
[2022-12-04 09:58:54,014] {taskinstance.py:1239} INFO - Starting attempt 1 of 2
[2022-12-04 09:58:54,017] {taskinstance.py:1240} INFO - 
--------------------------------------------------------------------------------
[2022-12-04 09:58:54,169] {taskinstance.py:1259} INFO - Executing <Task(PythonOperator): save_to_csv> on 2022-10-30 23:50:00+00:00
[2022-12-04 09:58:54,197] {standard_task_runner.py:76} INFO - Running: ['***', 'tasks', 'run', 'dag1', 'save_to_csv', 'scheduled__2022-10-30T23:50:00+00:00', '--job-id', '2756', '--raw', '--subdir', 'DAGS_FOLDER/AirflowClean2.py', '--cfg-path', '/tmp/tmpaw5ky5dp', '--error-file', '/tmp/tmpcgas5x_2']
[2022-12-04 09:58:54,211] {standard_task_runner.py:77} INFO - Job 2756: Subtask save_to_csv
[2022-12-04 09:58:54,182] {standard_task_runner.py:52} INFO - Started process 3063 to run task
[2022-12-04 09:58:54,750] {logging_mixin.py:109} INFO - Running <TaskInstance: dag1.save_to_csv scheduled__2022-10-30T23:50:00+00:00 [running]> on host 9e44869ff3ef
[2022-12-04 09:58:54,958] {taskinstance.py:1426} INFO - Exporting the following env vars:
AIRFLOW_CTX_DAG_OWNER=Fadlil
AIRFLOW_CTX_DAG_ID=dag1
AIRFLOW_CTX_TASK_ID=save_to_csv
AIRFLOW_CTX_EXECUTION_DATE=2022-10-30T23:50:00+00:00
AIRFLOW_CTX_DAG_RUN_ID=scheduled__2022-10-30T23:50:00+00:00
[2022-12-04 09:58:55,815] {python.py:175} INFO - Done. Returned value was: None
[2022-12-04 09:58:56,228] {taskinstance.py:1277} INFO - Marking task as SUCCESS. dag_id=dag1, task_id=save_to_csv, execution_date=20221030T235000, start_date=20221204T095853, end_date=20221204T095856
[2022-12-04 09:58:56,390] {local_task_job.py:154} INFO - Task exited with return code 0
[2022-12-04 09:58:56,557] {local_task_job.py:264} INFO - 1 downstream tasks scheduled from follow-on schedule check
