[2022-12-04 17:53:15,066] {taskinstance.py:1032} INFO - Dependencies all met for <TaskInstance: dag1.local_to_gcs_task scheduled__2022-11-10T14:50:00+00:00 [queued]>
[2022-12-04 17:53:15,092] {taskinstance.py:1032} INFO - Dependencies all met for <TaskInstance: dag1.local_to_gcs_task scheduled__2022-11-10T14:50:00+00:00 [queued]>
[2022-12-04 17:53:15,092] {taskinstance.py:1238} INFO - 
--------------------------------------------------------------------------------
[2022-12-04 17:53:15,093] {taskinstance.py:1239} INFO - Starting attempt 2 of 2
[2022-12-04 17:53:15,093] {taskinstance.py:1240} INFO - 
--------------------------------------------------------------------------------
[2022-12-04 17:53:15,119] {taskinstance.py:1259} INFO - Executing <Task(PythonOperator): local_to_gcs_task> on 2022-11-10 14:50:00+00:00
[2022-12-04 17:53:15,126] {standard_task_runner.py:52} INFO - Started process 20603 to run task
[2022-12-04 17:53:15,133] {standard_task_runner.py:76} INFO - Running: ['***', 'tasks', 'run', 'dag1', 'local_to_gcs_task', 'scheduled__2022-11-10T14:50:00+00:00', '--job-id', '11008', '--raw', '--subdir', 'DAGS_FOLDER/AirflowClean2.py', '--cfg-path', '/tmp/tmplgig80sh', '--error-file', '/tmp/tmpbhkweimy']
[2022-12-04 17:53:15,135] {standard_task_runner.py:77} INFO - Job 11008: Subtask local_to_gcs_task
[2022-12-04 17:53:15,232] {logging_mixin.py:109} INFO - Running <TaskInstance: dag1.local_to_gcs_task scheduled__2022-11-10T14:50:00+00:00 [running]> on host 7a020590adae
[2022-12-04 17:53:15,423] {taskinstance.py:1426} INFO - Exporting the following env vars:
AIRFLOW_CTX_DAG_OWNER=Fadlil
AIRFLOW_CTX_DAG_ID=dag1
AIRFLOW_CTX_TASK_ID=local_to_gcs_task
AIRFLOW_CTX_EXECUTION_DATE=2022-11-10T14:50:00+00:00
AIRFLOW_CTX_DAG_RUN_ID=scheduled__2022-11-10T14:50:00+00:00
[2022-12-04 17:53:16,374] {python.py:175} INFO - Done. Returned value was: None
[2022-12-04 17:53:16,440] {taskinstance.py:1277} INFO - Marking task as SUCCESS. dag_id=dag1, task_id=local_to_gcs_task, execution_date=20221110T145000, start_date=20221204T175315, end_date=20221204T175316
[2022-12-04 17:53:16,743] {local_task_job.py:154} INFO - Task exited with return code 0
[2022-12-04 17:53:17,666] {local_task_job.py:264} INFO - 0 downstream tasks scheduled from follow-on schedule check
