[2022-12-04 09:54:40,687] {taskinstance.py:1032} INFO - Dependencies all met for <TaskInstance: dag1.save_to_csv scheduled__2022-10-30T18:10:00+00:00 [queued]>
[2022-12-04 09:54:40,745] {taskinstance.py:1032} INFO - Dependencies all met for <TaskInstance: dag1.save_to_csv scheduled__2022-10-30T18:10:00+00:00 [queued]>
[2022-12-04 09:54:40,746] {taskinstance.py:1238} INFO - 
--------------------------------------------------------------------------------
[2022-12-04 09:54:40,746] {taskinstance.py:1239} INFO - Starting attempt 1 of 2
[2022-12-04 09:54:40,747] {taskinstance.py:1240} INFO - 
--------------------------------------------------------------------------------
[2022-12-04 09:54:40,834] {taskinstance.py:1259} INFO - Executing <Task(PythonOperator): save_to_csv> on 2022-10-30 18:10:00+00:00
[2022-12-04 09:54:40,849] {standard_task_runner.py:52} INFO - Started process 2633 to run task
[2022-12-04 09:54:40,860] {standard_task_runner.py:76} INFO - Running: ['***', 'tasks', 'run', 'dag1', 'save_to_csv', 'scheduled__2022-10-30T18:10:00+00:00', '--job-id', '2661', '--raw', '--subdir', 'DAGS_FOLDER/AirflowClean2.py', '--cfg-path', '/tmp/tmpl8nxlf7e', '--error-file', '/tmp/tmpx4scphtt']
[2022-12-04 09:54:40,902] {standard_task_runner.py:77} INFO - Job 2661: Subtask save_to_csv
[2022-12-04 09:54:41,353] {logging_mixin.py:109} INFO - Running <TaskInstance: dag1.save_to_csv scheduled__2022-10-30T18:10:00+00:00 [running]> on host 9e44869ff3ef
[2022-12-04 09:54:41,651] {taskinstance.py:1426} INFO - Exporting the following env vars:
AIRFLOW_CTX_DAG_OWNER=Fadlil
AIRFLOW_CTX_DAG_ID=dag1
AIRFLOW_CTX_TASK_ID=save_to_csv
AIRFLOW_CTX_EXECUTION_DATE=2022-10-30T18:10:00+00:00
AIRFLOW_CTX_DAG_RUN_ID=scheduled__2022-10-30T18:10:00+00:00
[2022-12-04 09:54:41,765] {python.py:175} INFO - Done. Returned value was: None
[2022-12-04 09:54:42,374] {taskinstance.py:1277} INFO - Marking task as SUCCESS. dag_id=dag1, task_id=save_to_csv, execution_date=20221030T181000, start_date=20221204T095440, end_date=20221204T095442
[2022-12-04 09:54:42,776] {local_task_job.py:154} INFO - Task exited with return code 0
[2022-12-04 09:54:43,215] {local_task_job.py:264} INFO - 1 downstream tasks scheduled from follow-on schedule check
