[2022-12-04 12:39:35,760] {taskinstance.py:1032} INFO - Dependencies all met for <TaskInstance: dag1.delete_local_file scheduled__2022-11-06T01:10:00+00:00 [queued]>
[2022-12-04 12:39:35,898] {taskinstance.py:1032} INFO - Dependencies all met for <TaskInstance: dag1.delete_local_file scheduled__2022-11-06T01:10:00+00:00 [queued]>
[2022-12-04 12:39:35,899] {taskinstance.py:1238} INFO - 
--------------------------------------------------------------------------------
[2022-12-04 12:39:35,900] {taskinstance.py:1239} INFO - Starting attempt 2 of 2
[2022-12-04 12:39:35,900] {taskinstance.py:1240} INFO - 
--------------------------------------------------------------------------------
[2022-12-04 12:39:36,085] {taskinstance.py:1259} INFO - Executing <Task(PythonOperator): delete_local_file> on 2022-11-06 01:10:00+00:00
[2022-12-04 12:39:37,537] {standard_task_runner.py:52} INFO - Started process 108 to run task
[2022-12-04 12:39:37,560] {standard_task_runner.py:76} INFO - Running: ['***', 'tasks', 'run', 'dag1', 'delete_local_file', 'scheduled__2022-11-06T01:10:00+00:00', '--job-id', '6716', '--raw', '--subdir', 'DAGS_FOLDER/AirflowClean2.py', '--cfg-path', '/tmp/tmplxwu86hr', '--error-file', '/tmp/tmpgacu_ubq']
[2022-12-04 12:39:37,709] {standard_task_runner.py:77} INFO - Job 6716: Subtask delete_local_file
[2022-12-04 12:39:40,681] {logging_mixin.py:109} INFO - Running <TaskInstance: dag1.delete_local_file scheduled__2022-11-06T01:10:00+00:00 [running]> on host 7a020590adae
[2022-12-04 12:39:42,269] {taskinstance.py:1426} INFO - Exporting the following env vars:
AIRFLOW_CTX_DAG_OWNER=Fadlil
AIRFLOW_CTX_DAG_ID=dag1
AIRFLOW_CTX_TASK_ID=delete_local_file
AIRFLOW_CTX_EXECUTION_DATE=2022-11-06T01:10:00+00:00
AIRFLOW_CTX_DAG_RUN_ID=scheduled__2022-11-06T01:10:00+00:00
[2022-12-04 12:39:42,400] {taskinstance.py:1700} ERROR - Task failed with exception
Traceback (most recent call last):
  File "/home/airflow/.local/lib/python3.7/site-packages/airflow/models/taskinstance.py", line 1329, in _run_raw_task
    self._execute_task_with_callbacks(context)
  File "/home/airflow/.local/lib/python3.7/site-packages/airflow/models/taskinstance.py", line 1455, in _execute_task_with_callbacks
    result = self._execute_task(context, self.task)
  File "/home/airflow/.local/lib/python3.7/site-packages/airflow/models/taskinstance.py", line 1511, in _execute_task
    result = execute_callable(context=context)
  File "/home/airflow/.local/lib/python3.7/site-packages/airflow/operators/python.py", line 174, in execute
    return_value = self.execute_callable()
  File "/home/airflow/.local/lib/python3.7/site-packages/airflow/operators/python.py", line 185, in execute_callable
    return self.python_callable(*self.op_args, **self.op_kwargs)
  File "/opt/airflow/dags/AirflowClean2.py", line 67, in delete_file
    os.remove(f"/opt/airflow/dags/{csv_filename}")
FileNotFoundError: [Errno 2] No such file or directory: '/opt/airflow/dags/us_population_yearly.csv'
[2022-12-04 12:39:42,691] {taskinstance.py:1277} INFO - Marking task as FAILED. dag_id=dag1, task_id=delete_local_file, execution_date=20221106T011000, start_date=20221204T123935, end_date=20221204T123942
[2022-12-04 12:39:43,153] {standard_task_runner.py:92} ERROR - Failed to execute job 6716 for task delete_local_file
Traceback (most recent call last):
  File "/home/airflow/.local/lib/python3.7/site-packages/airflow/task/task_runner/standard_task_runner.py", line 85, in _start_by_fork
    args.func(args, dag=self.dag)
  File "/home/airflow/.local/lib/python3.7/site-packages/airflow/cli/cli_parser.py", line 48, in command
    return func(*args, **kwargs)
  File "/home/airflow/.local/lib/python3.7/site-packages/airflow/utils/cli.py", line 92, in wrapper
    return f(*args, **kwargs)
  File "/home/airflow/.local/lib/python3.7/site-packages/airflow/cli/commands/task_command.py", line 298, in task_run
    _run_task_by_selected_method(args, dag, ti)
  File "/home/airflow/.local/lib/python3.7/site-packages/airflow/cli/commands/task_command.py", line 107, in _run_task_by_selected_method
    _run_raw_task(args, ti)
  File "/home/airflow/.local/lib/python3.7/site-packages/airflow/cli/commands/task_command.py", line 184, in _run_raw_task
    error_file=args.error_file,
  File "/home/airflow/.local/lib/python3.7/site-packages/airflow/utils/session.py", line 70, in wrapper
    return func(*args, session=session, **kwargs)
  File "/home/airflow/.local/lib/python3.7/site-packages/airflow/models/taskinstance.py", line 1329, in _run_raw_task
    self._execute_task_with_callbacks(context)
  File "/home/airflow/.local/lib/python3.7/site-packages/airflow/models/taskinstance.py", line 1455, in _execute_task_with_callbacks
    result = self._execute_task(context, self.task)
  File "/home/airflow/.local/lib/python3.7/site-packages/airflow/models/taskinstance.py", line 1511, in _execute_task
    result = execute_callable(context=context)
  File "/home/airflow/.local/lib/python3.7/site-packages/airflow/operators/python.py", line 174, in execute
    return_value = self.execute_callable()
  File "/home/airflow/.local/lib/python3.7/site-packages/airflow/operators/python.py", line 185, in execute_callable
    return self.python_callable(*self.op_args, **self.op_kwargs)
  File "/opt/airflow/dags/AirflowClean2.py", line 67, in delete_file
    os.remove(f"/opt/airflow/dags/{csv_filename}")
FileNotFoundError: [Errno 2] No such file or directory: '/opt/airflow/dags/us_population_yearly.csv'
[2022-12-04 12:39:43,319] {local_task_job.py:212} WARNING - State of this instance has been externally set to failed. Terminating instance.
[2022-12-04 12:39:43,329] {process_utils.py:124} INFO - Sending Signals.SIGTERM to group 108. PIDs of all processes in the group: [108]
[2022-12-04 12:39:43,477] {process_utils.py:75} INFO - Sending the signal Signals.SIGTERM to group 108
[2022-12-04 12:39:43,480] {process_utils.py:70} INFO - Process psutil.Process(pid=108, status='terminated', exitcode=1, started='12:39:36') (108) terminated with exit code 1
