[2022-12-04 10:18:55,507] {taskinstance.py:1032} INFO - Dependencies all met for <TaskInstance: dag1.get_data scheduled__2022-10-31T10:30:00+00:00 [queued]>
[2022-12-04 10:18:55,574] {taskinstance.py:1032} INFO - Dependencies all met for <TaskInstance: dag1.get_data scheduled__2022-10-31T10:30:00+00:00 [queued]>
[2022-12-04 10:18:55,585] {taskinstance.py:1238} INFO - 
--------------------------------------------------------------------------------
[2022-12-04 10:18:55,585] {taskinstance.py:1239} INFO - Starting attempt 1 of 2
[2022-12-04 10:18:55,586] {taskinstance.py:1240} INFO - 
--------------------------------------------------------------------------------
[2022-12-04 10:18:55,615] {taskinstance.py:1259} INFO - Executing <Task(PythonOperator): get_data> on 2022-10-31 10:30:00+00:00
[2022-12-04 10:18:55,621] {standard_task_runner.py:52} INFO - Started process 4499 to run task
[2022-12-04 10:18:55,629] {standard_task_runner.py:76} INFO - Running: ['***', 'tasks', 'run', 'dag1', 'get_data', 'scheduled__2022-10-31T10:30:00+00:00', '--job-id', '3010', '--raw', '--subdir', 'DAGS_FOLDER/AirflowClean2.py', '--cfg-path', '/tmp/tmp_juiak92', '--error-file', '/tmp/tmpqelpqjso']
[2022-12-04 10:18:55,646] {standard_task_runner.py:77} INFO - Job 3010: Subtask get_data
[2022-12-04 10:18:55,873] {logging_mixin.py:109} INFO - Running <TaskInstance: dag1.get_data scheduled__2022-10-31T10:30:00+00:00 [running]> on host 9e44869ff3ef
[2022-12-04 10:18:56,020] {taskinstance.py:1426} INFO - Exporting the following env vars:
AIRFLOW_CTX_DAG_OWNER=Fadlil
AIRFLOW_CTX_DAG_ID=dag1
AIRFLOW_CTX_TASK_ID=get_data
AIRFLOW_CTX_EXECUTION_DATE=2022-10-31T10:30:00+00:00
AIRFLOW_CTX_DAG_RUN_ID=scheduled__2022-10-31T10:30:00+00:00
[2022-12-04 10:18:57,591] {python.py:175} INFO - Done. Returned value was: None
[2022-12-04 10:18:58,216] {taskinstance.py:1277} INFO - Marking task as SUCCESS. dag_id=dag1, task_id=get_data, execution_date=20221031T103000, start_date=20221204T101855, end_date=20221204T101858
[2022-12-04 10:18:58,534] {local_task_job.py:154} INFO - Task exited with return code 0
[2022-12-04 10:18:58,820] {local_task_job.py:264} INFO - 1 downstream tasks scheduled from follow-on schedule check
