[2022-12-04 11:04:24,462] {taskinstance.py:1032} INFO - Dependencies all met for <TaskInstance: dag1.save_to_csv scheduled__2022-11-04T01:30:00+00:00 [queued]>
[2022-12-04 11:04:24,480] {taskinstance.py:1032} INFO - Dependencies all met for <TaskInstance: dag1.save_to_csv scheduled__2022-11-04T01:30:00+00:00 [queued]>
[2022-12-04 11:04:24,481] {taskinstance.py:1238} INFO - 
--------------------------------------------------------------------------------
[2022-12-04 11:04:24,481] {taskinstance.py:1239} INFO - Starting attempt 1 of 2
[2022-12-04 11:04:24,482] {taskinstance.py:1240} INFO - 
--------------------------------------------------------------------------------
[2022-12-04 11:04:24,497] {taskinstance.py:1259} INFO - Executing <Task(PythonOperator): save_to_csv> on 2022-11-04 01:30:00+00:00
[2022-12-04 11:04:24,504] {standard_task_runner.py:52} INFO - Started process 12292 to run task
[2022-12-04 11:04:24,510] {standard_task_runner.py:76} INFO - Running: ['***', 'tasks', 'run', 'dag1', 'save_to_csv', 'scheduled__2022-11-04T01:30:00+00:00', '--job-id', '5144', '--raw', '--subdir', 'DAGS_FOLDER/AirflowClean2.py', '--cfg-path', '/tmp/tmp10mb3vqo', '--error-file', '/tmp/tmpq6yb3u7z']
[2022-12-04 11:04:24,511] {standard_task_runner.py:77} INFO - Job 5144: Subtask save_to_csv
[2022-12-04 11:04:24,725] {logging_mixin.py:109} INFO - Running <TaskInstance: dag1.save_to_csv scheduled__2022-11-04T01:30:00+00:00 [running]> on host 9e44869ff3ef
[2022-12-04 11:04:24,824] {taskinstance.py:1426} INFO - Exporting the following env vars:
AIRFLOW_CTX_DAG_OWNER=Fadlil
AIRFLOW_CTX_DAG_ID=dag1
AIRFLOW_CTX_TASK_ID=save_to_csv
AIRFLOW_CTX_EXECUTION_DATE=2022-11-04T01:30:00+00:00
AIRFLOW_CTX_DAG_RUN_ID=scheduled__2022-11-04T01:30:00+00:00
[2022-12-04 11:04:24,869] {python.py:175} INFO - Done. Returned value was: None
[2022-12-04 11:04:24,887] {taskinstance.py:1277} INFO - Marking task as SUCCESS. dag_id=dag1, task_id=save_to_csv, execution_date=20221104T013000, start_date=20221204T110424, end_date=20221204T110424
[2022-12-04 11:04:24,963] {local_task_job.py:154} INFO - Task exited with return code 0
[2022-12-04 11:04:25,186] {local_task_job.py:264} INFO - 1 downstream tasks scheduled from follow-on schedule check
