[2022-12-04 04:15:43,910] {taskinstance.py:1032} INFO - Dependencies all met for <TaskInstance: dag1.get_data scheduled__2022-10-28T06:40:00+00:00 [queued]>
[2022-12-04 04:15:44,017] {taskinstance.py:1032} INFO - Dependencies all met for <TaskInstance: dag1.get_data scheduled__2022-10-28T06:40:00+00:00 [queued]>
[2022-12-04 04:15:44,023] {taskinstance.py:1238} INFO - 
--------------------------------------------------------------------------------
[2022-12-04 04:15:44,024] {taskinstance.py:1239} INFO - Starting attempt 1 of 2
[2022-12-04 04:15:44,025] {taskinstance.py:1240} INFO - 
--------------------------------------------------------------------------------
[2022-12-04 04:15:44,330] {taskinstance.py:1259} INFO - Executing <Task(PythonOperator): get_data> on 2022-10-28 06:40:00+00:00
[2022-12-04 04:15:44,369] {standard_task_runner.py:52} INFO - Started process 4533 to run task
[2022-12-04 04:15:44,414] {standard_task_runner.py:76} INFO - Running: ['***', 'tasks', 'run', 'dag1', 'get_data', 'scheduled__2022-10-28T06:40:00+00:00', '--job-id', '1325', '--raw', '--subdir', 'DAGS_FOLDER/AirflowClean2.py', '--cfg-path', '/tmp/tmppjzlbgkv', '--error-file', '/tmp/tmp8p23efhe']
[2022-12-04 04:15:44,444] {standard_task_runner.py:77} INFO - Job 1325: Subtask get_data
[2022-12-04 04:15:45,120] {logging_mixin.py:109} INFO - Running <TaskInstance: dag1.get_data scheduled__2022-10-28T06:40:00+00:00 [running]> on host 422c372562ce
[2022-12-04 04:15:45,423] {taskinstance.py:1426} INFO - Exporting the following env vars:
AIRFLOW_CTX_DAG_OWNER=Fadlil
AIRFLOW_CTX_DAG_ID=dag1
AIRFLOW_CTX_TASK_ID=get_data
AIRFLOW_CTX_EXECUTION_DATE=2022-10-28T06:40:00+00:00
AIRFLOW_CTX_DAG_RUN_ID=scheduled__2022-10-28T06:40:00+00:00
[2022-12-04 04:15:46,335] {python.py:175} INFO - Done. Returned value was: None
[2022-12-04 04:15:46,411] {taskinstance.py:1277} INFO - Marking task as SUCCESS. dag_id=dag1, task_id=get_data, execution_date=20221028T064000, start_date=20221204T041543, end_date=20221204T041546
[2022-12-04 04:15:46,547] {local_task_job.py:154} INFO - Task exited with return code 0
[2022-12-04 04:15:46,991] {local_task_job.py:264} INFO - 1 downstream tasks scheduled from follow-on schedule check
