[2022-12-04 11:51:53,379] {taskinstance.py:1032} INFO - Dependencies all met for <TaskInstance: dag1.save_to_csv scheduled__2022-11-05T09:40:00+00:00 [queued]>
[2022-12-04 11:51:53,506] {taskinstance.py:1032} INFO - Dependencies all met for <TaskInstance: dag1.save_to_csv scheduled__2022-11-05T09:40:00+00:00 [queued]>
[2022-12-04 11:51:53,511] {taskinstance.py:1238} INFO - 
--------------------------------------------------------------------------------
[2022-12-04 11:51:53,519] {taskinstance.py:1239} INFO - Starting attempt 1 of 2
[2022-12-04 11:51:53,528] {taskinstance.py:1240} INFO - 
--------------------------------------------------------------------------------
[2022-12-04 11:51:53,778] {taskinstance.py:1259} INFO - Executing <Task(PythonOperator): save_to_csv> on 2022-11-05 09:40:00+00:00
[2022-12-04 11:51:53,828] {standard_task_runner.py:52} INFO - Started process 15779 to run task
[2022-12-04 11:51:53,880] {standard_task_runner.py:76} INFO - Running: ['***', 'tasks', 'run', 'dag1', 'save_to_csv', 'scheduled__2022-11-05T09:40:00+00:00', '--job-id', '6038', '--raw', '--subdir', 'DAGS_FOLDER/AirflowClean2.py', '--cfg-path', '/tmp/tmpsk53p9rw', '--error-file', '/tmp/tmpm8w7_0hm']
[2022-12-04 11:51:53,903] {standard_task_runner.py:77} INFO - Job 6038: Subtask save_to_csv
[2022-12-04 11:51:54,285] {logging_mixin.py:109} INFO - Running <TaskInstance: dag1.save_to_csv scheduled__2022-11-05T09:40:00+00:00 [running]> on host 9e44869ff3ef
[2022-12-04 11:51:55,030] {taskinstance.py:1426} INFO - Exporting the following env vars:
AIRFLOW_CTX_DAG_OWNER=Fadlil
AIRFLOW_CTX_DAG_ID=dag1
AIRFLOW_CTX_TASK_ID=save_to_csv
AIRFLOW_CTX_EXECUTION_DATE=2022-11-05T09:40:00+00:00
AIRFLOW_CTX_DAG_RUN_ID=scheduled__2022-11-05T09:40:00+00:00
[2022-12-04 11:51:55,645] {python.py:175} INFO - Done. Returned value was: None
[2022-12-04 11:51:55,704] {taskinstance.py:1277} INFO - Marking task as SUCCESS. dag_id=dag1, task_id=save_to_csv, execution_date=20221105T094000, start_date=20221204T115153, end_date=20221204T115155
[2022-12-04 11:51:55,911] {local_task_job.py:154} INFO - Task exited with return code 0
[2022-12-04 11:51:56,436] {local_task_job.py:264} INFO - 1 downstream tasks scheduled from follow-on schedule check
