[2022-12-04 11:34:37,351] {taskinstance.py:1032} INFO - Dependencies all met for <TaskInstance: dag1.get_data scheduled__2022-11-04T15:20:00+00:00 [queued]>
[2022-12-04 11:34:37,456] {taskinstance.py:1032} INFO - Dependencies all met for <TaskInstance: dag1.get_data scheduled__2022-11-04T15:20:00+00:00 [queued]>
[2022-12-04 11:34:37,457] {taskinstance.py:1238} INFO - 
--------------------------------------------------------------------------------
[2022-12-04 11:34:37,458] {taskinstance.py:1239} INFO - Starting attempt 1 of 2
[2022-12-04 11:34:37,466] {taskinstance.py:1240} INFO - 
--------------------------------------------------------------------------------
[2022-12-04 11:34:37,596] {taskinstance.py:1259} INFO - Executing <Task(PythonOperator): get_data> on 2022-11-04 15:20:00+00:00
[2022-12-04 11:34:37,613] {standard_task_runner.py:52} INFO - Started process 13483 to run task
[2022-12-04 11:34:37,687] {standard_task_runner.py:76} INFO - Running: ['***', 'tasks', 'run', 'dag1', 'get_data', 'scheduled__2022-11-04T15:20:00+00:00', '--job-id', '5451', '--raw', '--subdir', 'DAGS_FOLDER/AirflowClean2.py', '--cfg-path', '/tmp/tmphfx9qxqa', '--error-file', '/tmp/tmp935sta05']
[2022-12-04 11:34:37,696] {standard_task_runner.py:77} INFO - Job 5451: Subtask get_data
[2022-12-04 11:34:38,201] {logging_mixin.py:109} INFO - Running <TaskInstance: dag1.get_data scheduled__2022-11-04T15:20:00+00:00 [running]> on host 9e44869ff3ef
[2022-12-04 11:34:39,432] {taskinstance.py:1426} INFO - Exporting the following env vars:
AIRFLOW_CTX_DAG_OWNER=Fadlil
AIRFLOW_CTX_DAG_ID=dag1
AIRFLOW_CTX_TASK_ID=get_data
AIRFLOW_CTX_EXECUTION_DATE=2022-11-04T15:20:00+00:00
AIRFLOW_CTX_DAG_RUN_ID=scheduled__2022-11-04T15:20:00+00:00
[2022-12-04 11:34:40,453] {python.py:175} INFO - Done. Returned value was: None
[2022-12-04 11:34:41,505] {taskinstance.py:1277} INFO - Marking task as SUCCESS. dag_id=dag1, task_id=get_data, execution_date=20221104T152000, start_date=20221204T113437, end_date=20221204T113441
[2022-12-04 11:34:41,714] {local_task_job.py:154} INFO - Task exited with return code 0
[2022-12-04 11:34:42,291] {local_task_job.py:264} INFO - 1 downstream tasks scheduled from follow-on schedule check
