[2022-12-04 11:57:04,815] {taskinstance.py:1032} INFO - Dependencies all met for <TaskInstance: dag1.save_to_parquet scheduled__2022-11-05T09:10:00+00:00 [queued]>
[2022-12-04 11:57:04,934] {taskinstance.py:1032} INFO - Dependencies all met for <TaskInstance: dag1.save_to_parquet scheduled__2022-11-05T09:10:00+00:00 [queued]>
[2022-12-04 11:57:04,940] {taskinstance.py:1238} INFO - 
--------------------------------------------------------------------------------
[2022-12-04 11:57:04,940] {taskinstance.py:1239} INFO - Starting attempt 2 of 2
[2022-12-04 11:57:04,941] {taskinstance.py:1240} INFO - 
--------------------------------------------------------------------------------
[2022-12-04 11:57:05,024] {taskinstance.py:1259} INFO - Executing <Task(PythonOperator): save_to_parquet> on 2022-11-05 09:10:00+00:00
[2022-12-04 11:57:05,031] {standard_task_runner.py:52} INFO - Started process 16158 to run task
[2022-12-04 11:57:05,046] {standard_task_runner.py:76} INFO - Running: ['***', 'tasks', 'run', 'dag1', 'save_to_parquet', 'scheduled__2022-11-05T09:10:00+00:00', '--job-id', '6089', '--raw', '--subdir', 'DAGS_FOLDER/AirflowClean2.py', '--cfg-path', '/tmp/tmpg4rfdmkp', '--error-file', '/tmp/tmpnr54d320']
[2022-12-04 11:57:05,065] {standard_task_runner.py:77} INFO - Job 6089: Subtask save_to_parquet
[2022-12-04 11:57:05,519] {logging_mixin.py:109} INFO - Running <TaskInstance: dag1.save_to_parquet scheduled__2022-11-05T09:10:00+00:00 [running]> on host 9e44869ff3ef
[2022-12-04 11:57:06,195] {taskinstance.py:1426} INFO - Exporting the following env vars:
AIRFLOW_CTX_DAG_OWNER=Fadlil
AIRFLOW_CTX_DAG_ID=dag1
AIRFLOW_CTX_TASK_ID=save_to_parquet
AIRFLOW_CTX_EXECUTION_DATE=2022-11-05T09:10:00+00:00
AIRFLOW_CTX_DAG_RUN_ID=scheduled__2022-11-05T09:10:00+00:00
[2022-12-04 11:57:06,486] {python.py:175} INFO - Done. Returned value was: None
[2022-12-04 11:57:07,660] {taskinstance.py:1277} INFO - Marking task as SUCCESS. dag_id=dag1, task_id=save_to_parquet, execution_date=20221105T091000, start_date=20221204T115704, end_date=20221204T115707
[2022-12-04 11:57:07,870] {local_task_job.py:154} INFO - Task exited with return code 0
[2022-12-04 11:57:08,156] {local_task_job.py:264} INFO - 1 downstream tasks scheduled from follow-on schedule check
