[2022-12-02 17:24:00,461] {taskinstance.py:1032} INFO - Dependencies all met for <TaskInstance: dag1.get_data scheduled__2022-10-26T00:40:00+00:00 [queued]>
[2022-12-02 17:24:00,896] {taskinstance.py:1032} INFO - Dependencies all met for <TaskInstance: dag1.get_data scheduled__2022-10-26T00:40:00+00:00 [queued]>
[2022-12-02 17:24:00,997] {taskinstance.py:1238} INFO - 
--------------------------------------------------------------------------------
[2022-12-02 17:24:01,000] {taskinstance.py:1239} INFO - Starting attempt 1 of 2
[2022-12-02 17:24:01,002] {taskinstance.py:1240} INFO - 
--------------------------------------------------------------------------------
[2022-12-02 17:24:01,436] {taskinstance.py:1259} INFO - Executing <Task(PythonOperator): get_data> on 2022-10-26 00:40:00+00:00
[2022-12-02 17:24:01,787] {standard_task_runner.py:52} INFO - Started process 138 to run task
[2022-12-02 17:24:01,805] {standard_task_runner.py:76} INFO - Running: ['***', 'tasks', 'run', 'dag1', 'get_data', 'scheduled__2022-10-26T00:40:00+00:00', '--job-id', '14', '--raw', '--subdir', 'DAGS_FOLDER/AirflowClean2.py', '--cfg-path', '/tmp/tmpu5iua963', '--error-file', '/tmp/tmpsqrgxem8']
[2022-12-02 17:24:01,898] {standard_task_runner.py:77} INFO - Job 14: Subtask get_data
[2022-12-02 17:24:02,848] {logging_mixin.py:109} INFO - Running <TaskInstance: dag1.get_data scheduled__2022-10-26T00:40:00+00:00 [running]> on host 422c372562ce
[2022-12-02 17:24:32,728] {taskinstance.py:1426} INFO - Exporting the following env vars:
AIRFLOW_CTX_DAG_OWNER=Fadlil
AIRFLOW_CTX_DAG_ID=dag1
AIRFLOW_CTX_TASK_ID=get_data
AIRFLOW_CTX_EXECUTION_DATE=2022-10-26T00:40:00+00:00
AIRFLOW_CTX_DAG_RUN_ID=scheduled__2022-10-26T00:40:00+00:00
[2022-12-02 17:24:35,462] {python.py:175} INFO - Done. Returned value was: None
[2022-12-02 17:24:36,466] {taskinstance.py:1277} INFO - Marking task as SUCCESS. dag_id=dag1, task_id=get_data, execution_date=20221026T004000, start_date=20221202T172400, end_date=20221202T172436
[2022-12-02 17:24:36,786] {local_task_job.py:154} INFO - Task exited with return code 0
[2022-12-02 17:24:37,400] {local_task_job.py:264} INFO - 1 downstream tasks scheduled from follow-on schedule check
