[2022-12-04 09:51:40,360] {taskinstance.py:1032} INFO - Dependencies all met for <TaskInstance: dag1.save_to_parquet scheduled__2022-10-30T08:40:00+00:00 [queued]>
[2022-12-04 09:51:40,398] {taskinstance.py:1032} INFO - Dependencies all met for <TaskInstance: dag1.save_to_parquet scheduled__2022-10-30T08:40:00+00:00 [queued]>
[2022-12-04 09:51:40,399] {taskinstance.py:1238} INFO - 
--------------------------------------------------------------------------------
[2022-12-04 09:51:40,399] {taskinstance.py:1239} INFO - Starting attempt 1 of 2
[2022-12-04 09:51:40,400] {taskinstance.py:1240} INFO - 
--------------------------------------------------------------------------------
[2022-12-04 09:51:40,457] {taskinstance.py:1259} INFO - Executing <Task(PythonOperator): save_to_parquet> on 2022-10-30 08:40:00+00:00
[2022-12-04 09:51:40,475] {standard_task_runner.py:52} INFO - Started process 2031 to run task
[2022-12-04 09:51:40,500] {standard_task_runner.py:76} INFO - Running: ['***', 'tasks', 'run', 'dag1', 'save_to_parquet', 'scheduled__2022-10-30T08:40:00+00:00', '--job-id', '2488', '--raw', '--subdir', 'DAGS_FOLDER/AirflowClean2.py', '--cfg-path', '/tmp/tmpi3ffjm2c', '--error-file', '/tmp/tmppkcdnodf']
[2022-12-04 09:51:40,503] {standard_task_runner.py:77} INFO - Job 2488: Subtask save_to_parquet
[2022-12-04 09:51:40,748] {logging_mixin.py:109} INFO - Running <TaskInstance: dag1.save_to_parquet scheduled__2022-10-30T08:40:00+00:00 [running]> on host 9e44869ff3ef
[2022-12-04 09:51:41,193] {taskinstance.py:1426} INFO - Exporting the following env vars:
AIRFLOW_CTX_DAG_OWNER=Fadlil
AIRFLOW_CTX_DAG_ID=dag1
AIRFLOW_CTX_TASK_ID=save_to_parquet
AIRFLOW_CTX_EXECUTION_DATE=2022-10-30T08:40:00+00:00
AIRFLOW_CTX_DAG_RUN_ID=scheduled__2022-10-30T08:40:00+00:00
[2022-12-04 09:51:41,248] {python.py:175} INFO - Done. Returned value was: None
[2022-12-04 09:51:41,375] {taskinstance.py:1277} INFO - Marking task as SUCCESS. dag_id=dag1, task_id=save_to_parquet, execution_date=20221030T084000, start_date=20221204T095140, end_date=20221204T095141
[2022-12-04 09:51:41,487] {local_task_job.py:154} INFO - Task exited with return code 0
[2022-12-04 09:51:41,631] {local_task_job.py:264} INFO - 0 downstream tasks scheduled from follow-on schedule check
