[2022-12-04 10:33:20,229] {taskinstance.py:1032} INFO - Dependencies all met for <TaskInstance: dag1.save_to_parquet scheduled__2022-10-31T19:30:00+00:00 [queued]>
[2022-12-04 10:33:20,310] {taskinstance.py:1032} INFO - Dependencies all met for <TaskInstance: dag1.save_to_parquet scheduled__2022-10-31T19:30:00+00:00 [queued]>
[2022-12-04 10:33:20,321] {taskinstance.py:1238} INFO - 
--------------------------------------------------------------------------------
[2022-12-04 10:33:20,322] {taskinstance.py:1239} INFO - Starting attempt 1 of 2
[2022-12-04 10:33:20,323] {taskinstance.py:1240} INFO - 
--------------------------------------------------------------------------------
[2022-12-04 10:33:20,372] {taskinstance.py:1259} INFO - Executing <Task(PythonOperator): save_to_parquet> on 2022-10-31 19:30:00+00:00
[2022-12-04 10:33:20,405] {standard_task_runner.py:52} INFO - Started process 5781 to run task
[2022-12-04 10:33:20,450] {standard_task_runner.py:76} INFO - Running: ['***', 'tasks', 'run', 'dag1', 'save_to_parquet', 'scheduled__2022-10-31T19:30:00+00:00', '--job-id', '3268', '--raw', '--subdir', 'DAGS_FOLDER/AirflowClean2.py', '--cfg-path', '/tmp/tmpw9yl4fj3', '--error-file', '/tmp/tmpsamnhc7y']
[2022-12-04 10:33:20,479] {standard_task_runner.py:77} INFO - Job 3268: Subtask save_to_parquet
[2022-12-04 10:33:20,906] {logging_mixin.py:109} INFO - Running <TaskInstance: dag1.save_to_parquet scheduled__2022-10-31T19:30:00+00:00 [running]> on host 9e44869ff3ef
[2022-12-04 10:33:21,689] {taskinstance.py:1426} INFO - Exporting the following env vars:
AIRFLOW_CTX_DAG_OWNER=Fadlil
AIRFLOW_CTX_DAG_ID=dag1
AIRFLOW_CTX_TASK_ID=save_to_parquet
AIRFLOW_CTX_EXECUTION_DATE=2022-10-31T19:30:00+00:00
AIRFLOW_CTX_DAG_RUN_ID=scheduled__2022-10-31T19:30:00+00:00
[2022-12-04 10:33:22,625] {python.py:175} INFO - Done. Returned value was: None
[2022-12-04 10:33:22,655] {taskinstance.py:1277} INFO - Marking task as SUCCESS. dag_id=dag1, task_id=save_to_parquet, execution_date=20221031T193000, start_date=20221204T103320, end_date=20221204T103322
[2022-12-04 10:33:22,826] {local_task_job.py:154} INFO - Task exited with return code 0
[2022-12-04 10:33:23,011] {local_task_job.py:264} INFO - 1 downstream tasks scheduled from follow-on schedule check
