[2022-12-04 09:28:27,640] {taskinstance.py:1032} INFO - Dependencies all met for <TaskInstance: dag1.get_data scheduled__2022-10-30T03:30:00+00:00 [queued]>
[2022-12-04 09:28:27,679] {taskinstance.py:1032} INFO - Dependencies all met for <TaskInstance: dag1.get_data scheduled__2022-10-30T03:30:00+00:00 [queued]>
[2022-12-04 09:28:27,680] {taskinstance.py:1238} INFO - 
--------------------------------------------------------------------------------
[2022-12-04 09:28:27,680] {taskinstance.py:1239} INFO - Starting attempt 1 of 2
[2022-12-04 09:28:27,681] {taskinstance.py:1240} INFO - 
--------------------------------------------------------------------------------
[2022-12-04 09:28:27,795] {taskinstance.py:1259} INFO - Executing <Task(PythonOperator): get_data> on 2022-10-30 03:30:00+00:00
[2022-12-04 09:28:27,809] {standard_task_runner.py:52} INFO - Started process 844 to run task
[2022-12-04 09:28:27,841] {standard_task_runner.py:76} INFO - Running: ['***', 'tasks', 'run', 'dag1', 'get_data', 'scheduled__2022-10-30T03:30:00+00:00', '--job-id', '2382', '--raw', '--subdir', 'DAGS_FOLDER/AirflowClean2.py', '--cfg-path', '/tmp/tmp2zbd4sg7', '--error-file', '/tmp/tmpj5ztm8bl']
[2022-12-04 09:28:27,855] {standard_task_runner.py:77} INFO - Job 2382: Subtask get_data
[2022-12-04 09:28:27,965] {logging_mixin.py:109} INFO - Running <TaskInstance: dag1.get_data scheduled__2022-10-30T03:30:00+00:00 [running]> on host 9e44869ff3ef
[2022-12-04 09:28:28,085] {taskinstance.py:1426} INFO - Exporting the following env vars:
AIRFLOW_CTX_DAG_OWNER=Fadlil
AIRFLOW_CTX_DAG_ID=dag1
AIRFLOW_CTX_TASK_ID=get_data
AIRFLOW_CTX_EXECUTION_DATE=2022-10-30T03:30:00+00:00
AIRFLOW_CTX_DAG_RUN_ID=scheduled__2022-10-30T03:30:00+00:00
[2022-12-04 09:28:28,857] {python.py:175} INFO - Done. Returned value was: None
[2022-12-04 09:28:28,891] {taskinstance.py:1277} INFO - Marking task as SUCCESS. dag_id=dag1, task_id=get_data, execution_date=20221030T033000, start_date=20221204T092827, end_date=20221204T092828
[2022-12-04 09:28:28,993] {local_task_job.py:154} INFO - Task exited with return code 0
[2022-12-04 09:28:29,555] {local_task_job.py:264} INFO - 0 downstream tasks scheduled from follow-on schedule check
