[2022-12-04 10:45:18,461] {taskinstance.py:1032} INFO - Dependencies all met for <TaskInstance: dag1.save_to_parquet scheduled__2022-11-01T23:50:00+00:00 [queued]>
[2022-12-04 10:45:18,511] {taskinstance.py:1032} INFO - Dependencies all met for <TaskInstance: dag1.save_to_parquet scheduled__2022-11-01T23:50:00+00:00 [queued]>
[2022-12-04 10:45:18,512] {taskinstance.py:1238} INFO - 
--------------------------------------------------------------------------------
[2022-12-04 10:45:18,513] {taskinstance.py:1239} INFO - Starting attempt 1 of 2
[2022-12-04 10:45:18,513] {taskinstance.py:1240} INFO - 
--------------------------------------------------------------------------------
[2022-12-04 10:45:18,598] {taskinstance.py:1259} INFO - Executing <Task(PythonOperator): save_to_parquet> on 2022-11-01 23:50:00+00:00
[2022-12-04 10:45:18,641] {standard_task_runner.py:52} INFO - Started process 8163 to run task
[2022-12-04 10:45:18,657] {standard_task_runner.py:76} INFO - Running: ['***', 'tasks', 'run', 'dag1', 'save_to_parquet', 'scheduled__2022-11-01T23:50:00+00:00', '--job-id', '3947', '--raw', '--subdir', 'DAGS_FOLDER/AirflowClean2.py', '--cfg-path', '/tmp/tmpe6squagc', '--error-file', '/tmp/tmp9h67fnvs']
[2022-12-04 10:45:18,663] {standard_task_runner.py:77} INFO - Job 3947: Subtask save_to_parquet
[2022-12-04 10:45:18,925] {logging_mixin.py:109} INFO - Running <TaskInstance: dag1.save_to_parquet scheduled__2022-11-01T23:50:00+00:00 [running]> on host 9e44869ff3ef
[2022-12-04 10:45:19,055] {taskinstance.py:1426} INFO - Exporting the following env vars:
AIRFLOW_CTX_DAG_OWNER=Fadlil
AIRFLOW_CTX_DAG_ID=dag1
AIRFLOW_CTX_TASK_ID=save_to_parquet
AIRFLOW_CTX_EXECUTION_DATE=2022-11-01T23:50:00+00:00
AIRFLOW_CTX_DAG_RUN_ID=scheduled__2022-11-01T23:50:00+00:00
[2022-12-04 10:45:19,114] {python.py:175} INFO - Done. Returned value was: None
[2022-12-04 10:45:19,147] {taskinstance.py:1277} INFO - Marking task as SUCCESS. dag_id=dag1, task_id=save_to_parquet, execution_date=20221101T235000, start_date=20221204T104518, end_date=20221204T104519
[2022-12-04 10:45:19,198] {local_task_job.py:154} INFO - Task exited with return code 0
[2022-12-04 10:45:19,346] {local_task_job.py:264} INFO - 1 downstream tasks scheduled from follow-on schedule check
