[2022-12-04 03:58:40,703] {taskinstance.py:1032} INFO - Dependencies all met for <TaskInstance: dag1.get_data scheduled__2022-10-27T22:50:00+00:00 [queued]>
[2022-12-04 03:58:40,725] {taskinstance.py:1032} INFO - Dependencies all met for <TaskInstance: dag1.get_data scheduled__2022-10-27T22:50:00+00:00 [queued]>
[2022-12-04 03:58:40,727] {taskinstance.py:1238} INFO - 
--------------------------------------------------------------------------------
[2022-12-04 03:58:40,728] {taskinstance.py:1239} INFO - Starting attempt 1 of 2
[2022-12-04 03:58:40,728] {taskinstance.py:1240} INFO - 
--------------------------------------------------------------------------------
[2022-12-04 03:58:40,761] {taskinstance.py:1259} INFO - Executing <Task(PythonOperator): get_data> on 2022-10-27 22:50:00+00:00
[2022-12-04 03:58:40,767] {standard_task_runner.py:52} INFO - Started process 3473 to run task
[2022-12-04 03:58:40,778] {standard_task_runner.py:76} INFO - Running: ['***', 'tasks', 'run', 'dag1', 'get_data', 'scheduled__2022-10-27T22:50:00+00:00', '--job-id', '1149', '--raw', '--subdir', 'DAGS_FOLDER/AirflowClean2.py', '--cfg-path', '/tmp/tmpvc6sbziq', '--error-file', '/tmp/tmpedtcwwr9']
[2022-12-04 03:58:40,781] {standard_task_runner.py:77} INFO - Job 1149: Subtask get_data
[2022-12-04 03:58:40,916] {logging_mixin.py:109} INFO - Running <TaskInstance: dag1.get_data scheduled__2022-10-27T22:50:00+00:00 [running]> on host 422c372562ce
[2022-12-04 03:58:41,241] {taskinstance.py:1426} INFO - Exporting the following env vars:
AIRFLOW_CTX_DAG_OWNER=Fadlil
AIRFLOW_CTX_DAG_ID=dag1
AIRFLOW_CTX_TASK_ID=get_data
AIRFLOW_CTX_EXECUTION_DATE=2022-10-27T22:50:00+00:00
AIRFLOW_CTX_DAG_RUN_ID=scheduled__2022-10-27T22:50:00+00:00
[2022-12-04 03:58:42,263] {python.py:175} INFO - Done. Returned value was: None
[2022-12-04 03:58:42,352] {taskinstance.py:1277} INFO - Marking task as SUCCESS. dag_id=dag1, task_id=get_data, execution_date=20221027T225000, start_date=20221204T035840, end_date=20221204T035842
[2022-12-04 03:58:42,579] {local_task_job.py:154} INFO - Task exited with return code 0
[2022-12-04 03:58:42,808] {local_task_job.py:264} INFO - 1 downstream tasks scheduled from follow-on schedule check
