[2022-12-04 11:45:09,427] {taskinstance.py:1032} INFO - Dependencies all met for <TaskInstance: dag1.local_to_gcs_task scheduled__2022-11-04T23:30:00+00:00 [queued]>
[2022-12-04 11:45:09,458] {taskinstance.py:1032} INFO - Dependencies all met for <TaskInstance: dag1.local_to_gcs_task scheduled__2022-11-04T23:30:00+00:00 [queued]>
[2022-12-04 11:45:09,461] {taskinstance.py:1238} INFO - 
--------------------------------------------------------------------------------
[2022-12-04 11:45:09,475] {taskinstance.py:1239} INFO - Starting attempt 1 of 2
[2022-12-04 11:45:09,479] {taskinstance.py:1240} INFO - 
--------------------------------------------------------------------------------
[2022-12-04 11:45:09,546] {taskinstance.py:1259} INFO - Executing <Task(PythonOperator): local_to_gcs_task> on 2022-11-04 23:30:00+00:00
[2022-12-04 11:45:09,562] {standard_task_runner.py:76} INFO - Running: ['***', 'tasks', 'run', 'dag1', 'local_to_gcs_task', 'scheduled__2022-11-04T23:30:00+00:00', '--job-id', '5739', '--raw', '--subdir', 'DAGS_FOLDER/AirflowClean2.py', '--cfg-path', '/tmp/tmp8b7d5xea', '--error-file', '/tmp/tmppgzy_et3']
[2022-12-04 11:45:09,565] {standard_task_runner.py:77} INFO - Job 5739: Subtask local_to_gcs_task
[2022-12-04 11:45:09,577] {standard_task_runner.py:52} INFO - Started process 14686 to run task
[2022-12-04 11:45:09,837] {logging_mixin.py:109} INFO - Running <TaskInstance: dag1.local_to_gcs_task scheduled__2022-11-04T23:30:00+00:00 [running]> on host 9e44869ff3ef
[2022-12-04 11:45:10,280] {taskinstance.py:1426} INFO - Exporting the following env vars:
AIRFLOW_CTX_DAG_OWNER=Fadlil
AIRFLOW_CTX_DAG_ID=dag1
AIRFLOW_CTX_TASK_ID=local_to_gcs_task
AIRFLOW_CTX_EXECUTION_DATE=2022-11-04T23:30:00+00:00
AIRFLOW_CTX_DAG_RUN_ID=scheduled__2022-11-04T23:30:00+00:00
[2022-12-04 11:45:11,154] {python.py:175} INFO - Done. Returned value was: None
[2022-12-04 11:45:11,185] {taskinstance.py:1277} INFO - Marking task as SUCCESS. dag_id=dag1, task_id=local_to_gcs_task, execution_date=20221104T233000, start_date=20221204T114509, end_date=20221204T114511
[2022-12-04 11:45:11,261] {local_task_job.py:154} INFO - Task exited with return code 0
[2022-12-04 11:45:11,323] {local_task_job.py:264} INFO - 1 downstream tasks scheduled from follow-on schedule check
