[2022-12-04 10:35:44,688] {taskinstance.py:1032} INFO - Dependencies all met for <TaskInstance: dag1.save_to_csv scheduled__2022-11-01T01:40:00+00:00 [queued]>
[2022-12-04 10:35:44,844] {taskinstance.py:1032} INFO - Dependencies all met for <TaskInstance: dag1.save_to_csv scheduled__2022-11-01T01:40:00+00:00 [queued]>
[2022-12-04 10:35:44,873] {taskinstance.py:1238} INFO - 
--------------------------------------------------------------------------------
[2022-12-04 10:35:44,876] {taskinstance.py:1239} INFO - Starting attempt 1 of 2
[2022-12-04 10:35:44,882] {taskinstance.py:1240} INFO - 
--------------------------------------------------------------------------------
[2022-12-04 10:35:44,967] {taskinstance.py:1259} INFO - Executing <Task(PythonOperator): save_to_csv> on 2022-11-01 01:40:00+00:00
[2022-12-04 10:35:44,986] {standard_task_runner.py:52} INFO - Started process 6268 to run task
[2022-12-04 10:35:45,036] {standard_task_runner.py:76} INFO - Running: ['***', 'tasks', 'run', 'dag1', 'save_to_csv', 'scheduled__2022-11-01T01:40:00+00:00', '--job-id', '3403', '--raw', '--subdir', 'DAGS_FOLDER/AirflowClean2.py', '--cfg-path', '/tmp/tmp35mmchwa', '--error-file', '/tmp/tmp29r027_h']
[2022-12-04 10:35:45,040] {standard_task_runner.py:77} INFO - Job 3403: Subtask save_to_csv
[2022-12-04 10:35:45,459] {logging_mixin.py:109} INFO - Running <TaskInstance: dag1.save_to_csv scheduled__2022-11-01T01:40:00+00:00 [running]> on host 9e44869ff3ef
[2022-12-04 10:35:46,001] {taskinstance.py:1426} INFO - Exporting the following env vars:
AIRFLOW_CTX_DAG_OWNER=Fadlil
AIRFLOW_CTX_DAG_ID=dag1
AIRFLOW_CTX_TASK_ID=save_to_csv
AIRFLOW_CTX_EXECUTION_DATE=2022-11-01T01:40:00+00:00
AIRFLOW_CTX_DAG_RUN_ID=scheduled__2022-11-01T01:40:00+00:00
[2022-12-04 10:35:46,129] {python.py:175} INFO - Done. Returned value was: None
[2022-12-04 10:35:46,326] {taskinstance.py:1277} INFO - Marking task as SUCCESS. dag_id=dag1, task_id=save_to_csv, execution_date=20221101T014000, start_date=20221204T103544, end_date=20221204T103546
[2022-12-04 10:35:46,550] {local_task_job.py:154} INFO - Task exited with return code 0
[2022-12-04 10:35:47,913] {local_task_job.py:264} INFO - 0 downstream tasks scheduled from follow-on schedule check
