[2022-12-04 10:59:51,176] {taskinstance.py:1032} INFO - Dependencies all met for <TaskInstance: dag1.local_to_gcs_task scheduled__2022-11-03T12:50:00+00:00 [queued]>
[2022-12-04 10:59:51,262] {taskinstance.py:1032} INFO - Dependencies all met for <TaskInstance: dag1.local_to_gcs_task scheduled__2022-11-03T12:50:00+00:00 [queued]>
[2022-12-04 10:59:51,264] {taskinstance.py:1238} INFO - 
--------------------------------------------------------------------------------
[2022-12-04 10:59:51,275] {taskinstance.py:1239} INFO - Starting attempt 1 of 2
[2022-12-04 10:59:51,281] {taskinstance.py:1240} INFO - 
--------------------------------------------------------------------------------
[2022-12-04 10:59:51,390] {taskinstance.py:1259} INFO - Executing <Task(PythonOperator): local_to_gcs_task> on 2022-11-03 12:50:00+00:00
[2022-12-04 10:59:51,402] {standard_task_runner.py:52} INFO - Started process 11329 to run task
[2022-12-04 10:59:51,489] {standard_task_runner.py:76} INFO - Running: ['***', 'tasks', 'run', 'dag1', 'local_to_gcs_task', 'scheduled__2022-11-03T12:50:00+00:00', '--job-id', '4863', '--raw', '--subdir', 'DAGS_FOLDER/AirflowClean2.py', '--cfg-path', '/tmp/tmp0_gva9dr', '--error-file', '/tmp/tmp982nbdk4']
[2022-12-04 10:59:51,513] {standard_task_runner.py:77} INFO - Job 4863: Subtask local_to_gcs_task
[2022-12-04 10:59:52,845] {logging_mixin.py:109} INFO - Running <TaskInstance: dag1.local_to_gcs_task scheduled__2022-11-03T12:50:00+00:00 [running]> on host 9e44869ff3ef
[2022-12-04 10:59:53,102] {taskinstance.py:1426} INFO - Exporting the following env vars:
AIRFLOW_CTX_DAG_OWNER=Fadlil
AIRFLOW_CTX_DAG_ID=dag1
AIRFLOW_CTX_TASK_ID=local_to_gcs_task
AIRFLOW_CTX_EXECUTION_DATE=2022-11-03T12:50:00+00:00
AIRFLOW_CTX_DAG_RUN_ID=scheduled__2022-11-03T12:50:00+00:00
[2022-12-04 10:59:53,886] {python.py:175} INFO - Done. Returned value was: None
[2022-12-04 10:59:53,945] {taskinstance.py:1277} INFO - Marking task as SUCCESS. dag_id=dag1, task_id=local_to_gcs_task, execution_date=20221103T125000, start_date=20221204T105951, end_date=20221204T105953
[2022-12-04 10:59:54,150] {local_task_job.py:154} INFO - Task exited with return code 0
[2022-12-04 10:59:54,677] {local_task_job.py:264} INFO - 0 downstream tasks scheduled from follow-on schedule check
