[2022-12-04 09:26:43,107] {taskinstance.py:1032} INFO - Dependencies all met for <TaskInstance: dag1.get_data scheduled__2022-10-29T20:40:00+00:00 [queued]>
[2022-12-04 09:26:43,159] {taskinstance.py:1032} INFO - Dependencies all met for <TaskInstance: dag1.get_data scheduled__2022-10-29T20:40:00+00:00 [queued]>
[2022-12-04 09:26:43,162] {taskinstance.py:1238} INFO - 
--------------------------------------------------------------------------------
[2022-12-04 09:26:43,162] {taskinstance.py:1239} INFO - Starting attempt 1 of 2
[2022-12-04 09:26:43,163] {taskinstance.py:1240} INFO - 
--------------------------------------------------------------------------------
[2022-12-04 09:26:43,201] {taskinstance.py:1259} INFO - Executing <Task(PythonOperator): get_data> on 2022-10-29 20:40:00+00:00
[2022-12-04 09:26:43,218] {standard_task_runner.py:52} INFO - Started process 420 to run task
[2022-12-04 09:26:43,238] {standard_task_runner.py:76} INFO - Running: ['***', 'tasks', 'run', 'dag1', 'get_data', 'scheduled__2022-10-29T20:40:00+00:00', '--job-id', '2259', '--raw', '--subdir', 'DAGS_FOLDER/AirflowClean2.py', '--cfg-path', '/tmp/tmpddiuzguc', '--error-file', '/tmp/tmpa8v1u1cs']
[2022-12-04 09:26:43,245] {standard_task_runner.py:77} INFO - Job 2259: Subtask get_data
[2022-12-04 09:26:43,549] {logging_mixin.py:109} INFO - Running <TaskInstance: dag1.get_data scheduled__2022-10-29T20:40:00+00:00 [running]> on host 9e44869ff3ef
[2022-12-04 09:26:43,776] {taskinstance.py:1426} INFO - Exporting the following env vars:
AIRFLOW_CTX_DAG_OWNER=Fadlil
AIRFLOW_CTX_DAG_ID=dag1
AIRFLOW_CTX_TASK_ID=get_data
AIRFLOW_CTX_EXECUTION_DATE=2022-10-29T20:40:00+00:00
AIRFLOW_CTX_DAG_RUN_ID=scheduled__2022-10-29T20:40:00+00:00
[2022-12-04 09:26:44,836] {python.py:175} INFO - Done. Returned value was: None
[2022-12-04 09:26:44,946] {taskinstance.py:1277} INFO - Marking task as SUCCESS. dag_id=dag1, task_id=get_data, execution_date=20221029T204000, start_date=20221204T092643, end_date=20221204T092644
[2022-12-04 09:26:45,109] {local_task_job.py:154} INFO - Task exited with return code 0
[2022-12-04 09:26:45,810] {local_task_job.py:264} INFO - 0 downstream tasks scheduled from follow-on schedule check
