[2022-12-04 14:50:18,862] {taskinstance.py:1032} INFO - Dependencies all met for <TaskInstance: dag1.get_data scheduled__2022-11-08T20:40:00+00:00 [queued]>
[2022-12-04 14:50:18,875] {taskinstance.py:1032} INFO - Dependencies all met for <TaskInstance: dag1.get_data scheduled__2022-11-08T20:40:00+00:00 [queued]>
[2022-12-04 14:50:18,875] {taskinstance.py:1238} INFO - 
--------------------------------------------------------------------------------
[2022-12-04 14:50:18,876] {taskinstance.py:1239} INFO - Starting attempt 1 of 2
[2022-12-04 14:50:18,876] {taskinstance.py:1240} INFO - 
--------------------------------------------------------------------------------
[2022-12-04 14:50:18,891] {taskinstance.py:1259} INFO - Executing <Task(PythonOperator): get_data> on 2022-11-08 20:40:00+00:00
[2022-12-04 14:50:18,898] {standard_task_runner.py:52} INFO - Started process 11933 to run task
[2022-12-04 14:50:18,902] {standard_task_runner.py:76} INFO - Running: ['***', 'tasks', 'run', 'dag1', 'get_data', 'scheduled__2022-11-08T20:40:00+00:00', '--job-id', '9209', '--raw', '--subdir', 'DAGS_FOLDER/AirflowClean2.py', '--cfg-path', '/tmp/tmpsulh3bhw', '--error-file', '/tmp/tmpv4if6qj3']
[2022-12-04 14:50:18,903] {standard_task_runner.py:77} INFO - Job 9209: Subtask get_data
[2022-12-04 14:50:18,982] {logging_mixin.py:109} INFO - Running <TaskInstance: dag1.get_data scheduled__2022-11-08T20:40:00+00:00 [running]> on host 7a020590adae
[2022-12-04 14:50:19,067] {taskinstance.py:1426} INFO - Exporting the following env vars:
AIRFLOW_CTX_DAG_OWNER=Fadlil
AIRFLOW_CTX_DAG_ID=dag1
AIRFLOW_CTX_TASK_ID=get_data
AIRFLOW_CTX_EXECUTION_DATE=2022-11-08T20:40:00+00:00
AIRFLOW_CTX_DAG_RUN_ID=scheduled__2022-11-08T20:40:00+00:00
[2022-12-04 14:50:20,338] {python.py:175} INFO - Done. Returned value was: None
[2022-12-04 14:50:20,358] {taskinstance.py:1277} INFO - Marking task as SUCCESS. dag_id=dag1, task_id=get_data, execution_date=20221108T204000, start_date=20221204T145018, end_date=20221204T145020
[2022-12-04 14:50:20,400] {local_task_job.py:154} INFO - Task exited with return code 0
[2022-12-04 14:50:20,470] {local_task_job.py:264} INFO - 1 downstream tasks scheduled from follow-on schedule check
