[2022-12-04 14:04:33,677] {taskinstance.py:1032} INFO - Dependencies all met for <TaskInstance: dag1.local_to_gcs_task scheduled__2022-11-07T22:40:00+00:00 [queued]>
[2022-12-04 14:04:33,690] {taskinstance.py:1032} INFO - Dependencies all met for <TaskInstance: dag1.local_to_gcs_task scheduled__2022-11-07T22:40:00+00:00 [queued]>
[2022-12-04 14:04:33,691] {taskinstance.py:1238} INFO - 
--------------------------------------------------------------------------------
[2022-12-04 14:04:33,691] {taskinstance.py:1239} INFO - Starting attempt 1 of 2
[2022-12-04 14:04:33,692] {taskinstance.py:1240} INFO - 
--------------------------------------------------------------------------------
[2022-12-04 14:04:33,713] {taskinstance.py:1259} INFO - Executing <Task(PythonOperator): local_to_gcs_task> on 2022-11-07 22:40:00+00:00
[2022-12-04 14:04:33,722] {standard_task_runner.py:52} INFO - Started process 7890 to run task
[2022-12-04 14:04:33,738] {standard_task_runner.py:76} INFO - Running: ['***', 'tasks', 'run', 'dag1', 'local_to_gcs_task', 'scheduled__2022-11-07T22:40:00+00:00', '--job-id', '8372', '--raw', '--subdir', 'DAGS_FOLDER/AirflowClean2.py', '--cfg-path', '/tmp/tmpcyx3l8y5', '--error-file', '/tmp/tmp_0169t68']
[2022-12-04 14:04:33,740] {standard_task_runner.py:77} INFO - Job 8372: Subtask local_to_gcs_task
[2022-12-04 14:04:33,843] {logging_mixin.py:109} INFO - Running <TaskInstance: dag1.local_to_gcs_task scheduled__2022-11-07T22:40:00+00:00 [running]> on host 7a020590adae
[2022-12-04 14:04:33,948] {taskinstance.py:1426} INFO - Exporting the following env vars:
AIRFLOW_CTX_DAG_OWNER=Fadlil
AIRFLOW_CTX_DAG_ID=dag1
AIRFLOW_CTX_TASK_ID=local_to_gcs_task
AIRFLOW_CTX_EXECUTION_DATE=2022-11-07T22:40:00+00:00
AIRFLOW_CTX_DAG_RUN_ID=scheduled__2022-11-07T22:40:00+00:00
[2022-12-04 14:04:34,599] {python.py:175} INFO - Done. Returned value was: None
[2022-12-04 14:04:34,702] {taskinstance.py:1277} INFO - Marking task as SUCCESS. dag_id=dag1, task_id=local_to_gcs_task, execution_date=20221107T224000, start_date=20221204T140433, end_date=20221204T140434
[2022-12-04 14:04:34,756] {local_task_job.py:154} INFO - Task exited with return code 0
[2022-12-04 14:04:34,854] {local_task_job.py:264} INFO - 1 downstream tasks scheduled from follow-on schedule check
