[2022-12-04 11:31:18,033] {taskinstance.py:1032} INFO - Dependencies all met for <TaskInstance: dag1.get_data scheduled__2022-11-04T14:00:00+00:00 [queued]>
[2022-12-04 11:31:18,228] {taskinstance.py:1032} INFO - Dependencies all met for <TaskInstance: dag1.get_data scheduled__2022-11-04T14:00:00+00:00 [queued]>
[2022-12-04 11:31:18,230] {taskinstance.py:1238} INFO - 
--------------------------------------------------------------------------------
[2022-12-04 11:31:18,238] {taskinstance.py:1239} INFO - Starting attempt 1 of 2
[2022-12-04 11:31:18,244] {taskinstance.py:1240} INFO - 
--------------------------------------------------------------------------------
[2022-12-04 11:31:18,446] {taskinstance.py:1259} INFO - Executing <Task(PythonOperator): get_data> on 2022-11-04 14:00:00+00:00
[2022-12-04 11:31:18,489] {standard_task_runner.py:52} INFO - Started process 13325 to run task
[2022-12-04 11:31:18,499] {standard_task_runner.py:76} INFO - Running: ['***', 'tasks', 'run', 'dag1', 'get_data', 'scheduled__2022-11-04T14:00:00+00:00', '--job-id', '5436', '--raw', '--subdir', 'DAGS_FOLDER/AirflowClean2.py', '--cfg-path', '/tmp/tmpmsntctax', '--error-file', '/tmp/tmp644890ef']
[2022-12-04 11:31:18,525] {standard_task_runner.py:77} INFO - Job 5436: Subtask get_data
[2022-12-04 11:31:20,156] {logging_mixin.py:109} INFO - Running <TaskInstance: dag1.get_data scheduled__2022-11-04T14:00:00+00:00 [running]> on host 9e44869ff3ef
[2022-12-04 11:31:20,861] {taskinstance.py:1426} INFO - Exporting the following env vars:
AIRFLOW_CTX_DAG_OWNER=Fadlil
AIRFLOW_CTX_DAG_ID=dag1
AIRFLOW_CTX_TASK_ID=get_data
AIRFLOW_CTX_EXECUTION_DATE=2022-11-04T14:00:00+00:00
AIRFLOW_CTX_DAG_RUN_ID=scheduled__2022-11-04T14:00:00+00:00
[2022-12-04 11:31:22,586] {python.py:175} INFO - Done. Returned value was: None
[2022-12-04 11:31:23,399] {taskinstance.py:1277} INFO - Marking task as SUCCESS. dag_id=dag1, task_id=get_data, execution_date=20221104T140000, start_date=20221204T113118, end_date=20221204T113123
[2022-12-04 11:31:24,120] {local_task_job.py:154} INFO - Task exited with return code 0
[2022-12-04 11:31:25,145] {local_task_job.py:264} INFO - 1 downstream tasks scheduled from follow-on schedule check
