[2022-12-04 14:45:37,533] {taskinstance.py:1032} INFO - Dependencies all met for <TaskInstance: dag1.save_to_parquet scheduled__2022-11-08T18:20:00+00:00 [queued]>
[2022-12-04 14:45:37,591] {taskinstance.py:1032} INFO - Dependencies all met for <TaskInstance: dag1.save_to_parquet scheduled__2022-11-08T18:20:00+00:00 [queued]>
[2022-12-04 14:45:37,595] {taskinstance.py:1238} INFO - 
--------------------------------------------------------------------------------
[2022-12-04 14:45:37,595] {taskinstance.py:1239} INFO - Starting attempt 1 of 2
[2022-12-04 14:45:37,596] {taskinstance.py:1240} INFO - 
--------------------------------------------------------------------------------
[2022-12-04 14:45:37,647] {taskinstance.py:1259} INFO - Executing <Task(PythonOperator): save_to_parquet> on 2022-11-08 18:20:00+00:00
[2022-12-04 14:45:37,655] {standard_task_runner.py:52} INFO - Started process 11474 to run task
[2022-12-04 14:45:37,668] {standard_task_runner.py:76} INFO - Running: ['***', 'tasks', 'run', 'dag1', 'save_to_parquet', 'scheduled__2022-11-08T18:20:00+00:00', '--job-id', '9109', '--raw', '--subdir', 'DAGS_FOLDER/AirflowClean2.py', '--cfg-path', '/tmp/tmpm_7iyeiu', '--error-file', '/tmp/tmpsvmtgvoo']
[2022-12-04 14:45:37,670] {standard_task_runner.py:77} INFO - Job 9109: Subtask save_to_parquet
[2022-12-04 14:45:37,943] {logging_mixin.py:109} INFO - Running <TaskInstance: dag1.save_to_parquet scheduled__2022-11-08T18:20:00+00:00 [running]> on host 7a020590adae
[2022-12-04 14:45:38,157] {taskinstance.py:1426} INFO - Exporting the following env vars:
AIRFLOW_CTX_DAG_OWNER=Fadlil
AIRFLOW_CTX_DAG_ID=dag1
AIRFLOW_CTX_TASK_ID=save_to_parquet
AIRFLOW_CTX_EXECUTION_DATE=2022-11-08T18:20:00+00:00
AIRFLOW_CTX_DAG_RUN_ID=scheduled__2022-11-08T18:20:00+00:00
[2022-12-04 14:45:38,224] {python.py:175} INFO - Done. Returned value was: None
[2022-12-04 14:45:38,248] {taskinstance.py:1277} INFO - Marking task as SUCCESS. dag_id=dag1, task_id=save_to_parquet, execution_date=20221108T182000, start_date=20221204T144537, end_date=20221204T144538
[2022-12-04 14:45:38,344] {local_task_job.py:154} INFO - Task exited with return code 0
[2022-12-04 14:45:38,512] {local_task_job.py:264} INFO - 1 downstream tasks scheduled from follow-on schedule check
