[2022-12-04 09:51:41,391] {taskinstance.py:1032} INFO - Dependencies all met for <TaskInstance: dag1.get_data scheduled__2022-10-30T09:00:00+00:00 [queued]>
[2022-12-04 09:51:41,414] {taskinstance.py:1032} INFO - Dependencies all met for <TaskInstance: dag1.get_data scheduled__2022-10-30T09:00:00+00:00 [queued]>
[2022-12-04 09:51:41,417] {taskinstance.py:1238} INFO - 
--------------------------------------------------------------------------------
[2022-12-04 09:51:41,418] {taskinstance.py:1239} INFO - Starting attempt 1 of 2
[2022-12-04 09:51:41,419] {taskinstance.py:1240} INFO - 
--------------------------------------------------------------------------------
[2022-12-04 09:51:41,492] {taskinstance.py:1259} INFO - Executing <Task(PythonOperator): get_data> on 2022-10-30 09:00:00+00:00
[2022-12-04 09:51:41,511] {standard_task_runner.py:52} INFO - Started process 2036 to run task
[2022-12-04 09:51:41,544] {standard_task_runner.py:76} INFO - Running: ['***', 'tasks', 'run', 'dag1', 'get_data', 'scheduled__2022-10-30T09:00:00+00:00', '--job-id', '2489', '--raw', '--subdir', 'DAGS_FOLDER/AirflowClean2.py', '--cfg-path', '/tmp/tmp03ehmtqs', '--error-file', '/tmp/tmp9xz4d5j8']
[2022-12-04 09:51:41,546] {standard_task_runner.py:77} INFO - Job 2489: Subtask get_data
[2022-12-04 09:51:41,745] {logging_mixin.py:109} INFO - Running <TaskInstance: dag1.get_data scheduled__2022-10-30T09:00:00+00:00 [running]> on host 9e44869ff3ef
[2022-12-04 09:51:42,145] {taskinstance.py:1426} INFO - Exporting the following env vars:
AIRFLOW_CTX_DAG_OWNER=Fadlil
AIRFLOW_CTX_DAG_ID=dag1
AIRFLOW_CTX_TASK_ID=get_data
AIRFLOW_CTX_EXECUTION_DATE=2022-10-30T09:00:00+00:00
AIRFLOW_CTX_DAG_RUN_ID=scheduled__2022-10-30T09:00:00+00:00
[2022-12-04 09:51:42,800] {python.py:175} INFO - Done. Returned value was: None
[2022-12-04 09:51:42,878] {taskinstance.py:1277} INFO - Marking task as SUCCESS. dag_id=dag1, task_id=get_data, execution_date=20221030T090000, start_date=20221204T095141, end_date=20221204T095142
[2022-12-04 09:51:42,963] {local_task_job.py:154} INFO - Task exited with return code 0
[2022-12-04 09:51:43,120] {local_task_job.py:264} INFO - 1 downstream tasks scheduled from follow-on schedule check
