[2022-12-04 12:04:00,821] {taskinstance.py:1032} INFO - Dependencies all met for <TaskInstance: dag1.local_to_gcs_task scheduled__2022-11-05T13:40:00+00:00 [queued]>
[2022-12-04 12:04:01,100] {taskinstance.py:1032} INFO - Dependencies all met for <TaskInstance: dag1.local_to_gcs_task scheduled__2022-11-05T13:40:00+00:00 [queued]>
[2022-12-04 12:04:01,108] {taskinstance.py:1238} INFO - 
--------------------------------------------------------------------------------
[2022-12-04 12:04:01,110] {taskinstance.py:1239} INFO - Starting attempt 1 of 2
[2022-12-04 12:04:01,128] {taskinstance.py:1240} INFO - 
--------------------------------------------------------------------------------
[2022-12-04 12:04:01,304] {taskinstance.py:1259} INFO - Executing <Task(PythonOperator): local_to_gcs_task> on 2022-11-05 13:40:00+00:00
[2022-12-04 12:04:01,400] {standard_task_runner.py:76} INFO - Running: ['***', 'tasks', 'run', 'dag1', 'local_to_gcs_task', 'scheduled__2022-11-05T13:40:00+00:00', '--job-id', '6215', '--raw', '--subdir', 'DAGS_FOLDER/AirflowClean2.py', '--cfg-path', '/tmp/tmpb09zypvl', '--error-file', '/tmp/tmp0xf8_a1b']
[2022-12-04 12:04:01,430] {standard_task_runner.py:77} INFO - Job 6215: Subtask local_to_gcs_task
[2022-12-04 12:04:01,354] {standard_task_runner.py:52} INFO - Started process 16760 to run task
[2022-12-04 12:04:02,130] {logging_mixin.py:109} INFO - Running <TaskInstance: dag1.local_to_gcs_task scheduled__2022-11-05T13:40:00+00:00 [running]> on host 9e44869ff3ef
[2022-12-04 12:04:03,091] {taskinstance.py:1426} INFO - Exporting the following env vars:
AIRFLOW_CTX_DAG_OWNER=Fadlil
AIRFLOW_CTX_DAG_ID=dag1
AIRFLOW_CTX_TASK_ID=local_to_gcs_task
AIRFLOW_CTX_EXECUTION_DATE=2022-11-05T13:40:00+00:00
AIRFLOW_CTX_DAG_RUN_ID=scheduled__2022-11-05T13:40:00+00:00
[2022-12-04 12:04:04,975] {python.py:175} INFO - Done. Returned value was: None
[2022-12-04 12:04:05,099] {taskinstance.py:1277} INFO - Marking task as SUCCESS. dag_id=dag1, task_id=local_to_gcs_task, execution_date=20221105T134000, start_date=20221204T120400, end_date=20221204T120405
[2022-12-04 12:04:05,346] {local_task_job.py:154} INFO - Task exited with return code 0
[2022-12-04 12:04:06,203] {local_task_job.py:264} INFO - 1 downstream tasks scheduled from follow-on schedule check
