[2022-12-04 17:16:28,370] {taskinstance.py:1032} INFO - Dependencies all met for <TaskInstance: dag1.bigquery_external_table_task scheduled__2022-11-10T02:10:00+00:00 [queued]>
[2022-12-04 17:16:28,529] {taskinstance.py:1032} INFO - Dependencies all met for <TaskInstance: dag1.bigquery_external_table_task scheduled__2022-11-10T02:10:00+00:00 [queued]>
[2022-12-04 17:16:28,545] {taskinstance.py:1238} INFO - 
--------------------------------------------------------------------------------
[2022-12-04 17:16:28,592] {taskinstance.py:1239} INFO - Starting attempt 1 of 2
[2022-12-04 17:16:28,628] {taskinstance.py:1240} INFO - 
--------------------------------------------------------------------------------
[2022-12-04 17:16:28,891] {taskinstance.py:1259} INFO - Executing <Task(BigQueryCreateExternalTableOperator): bigquery_external_table_task> on 2022-11-10 02:10:00+00:00
[2022-12-04 17:16:29,007] {standard_task_runner.py:52} INFO - Started process 17422 to run task
[2022-12-04 17:16:29,028] {standard_task_runner.py:76} INFO - Running: ['***', 'tasks', 'run', 'dag1', 'bigquery_external_table_task', 'scheduled__2022-11-10T02:10:00+00:00', '--job-id', '10349', '--raw', '--subdir', 'DAGS_FOLDER/AirflowClean2.py', '--cfg-path', '/tmp/tmpnbzegyq7', '--error-file', '/tmp/tmpzxct3oc5']
[2022-12-04 17:16:29,090] {standard_task_runner.py:77} INFO - Job 10349: Subtask bigquery_external_table_task
[2022-12-04 17:16:29,643] {logging_mixin.py:109} INFO - Running <TaskInstance: dag1.bigquery_external_table_task scheduled__2022-11-10T02:10:00+00:00 [running]> on host 7a020590adae
[2022-12-04 17:16:30,023] {taskinstance.py:1426} INFO - Exporting the following env vars:
AIRFLOW_CTX_DAG_OWNER=Fadlil
AIRFLOW_CTX_DAG_ID=dag1
AIRFLOW_CTX_TASK_ID=bigquery_external_table_task
AIRFLOW_CTX_EXECUTION_DATE=2022-11-10T02:10:00+00:00
AIRFLOW_CTX_DAG_RUN_ID=scheduled__2022-11-10T02:10:00+00:00
[2022-12-04 17:16:30,038] {crypto.py:82} WARNING - empty cryptography key - values will not be stored encrypted.
[2022-12-04 17:16:31,588] {taskinstance.py:1277} INFO - Marking task as SUCCESS. dag_id=dag1, task_id=bigquery_external_table_task, execution_date=20221110T021000, start_date=20221204T171628, end_date=20221204T171631
[2022-12-04 17:16:31,748] {local_task_job.py:154} INFO - Task exited with return code 0
[2022-12-04 17:16:32,193] {local_task_job.py:264} INFO - 1 downstream tasks scheduled from follow-on schedule check
