[2022-12-04 10:24:40,556] {taskinstance.py:1032} INFO - Dependencies all met for <TaskInstance: dag1.get_data scheduled__2022-10-31T12:30:00+00:00 [queued]>
[2022-12-04 10:24:40,615] {taskinstance.py:1032} INFO - Dependencies all met for <TaskInstance: dag1.get_data scheduled__2022-10-31T12:30:00+00:00 [queued]>
[2022-12-04 10:24:40,616] {taskinstance.py:1238} INFO - 
--------------------------------------------------------------------------------
[2022-12-04 10:24:40,617] {taskinstance.py:1239} INFO - Starting attempt 1 of 2
[2022-12-04 10:24:40,617] {taskinstance.py:1240} INFO - 
--------------------------------------------------------------------------------
[2022-12-04 10:24:40,685] {taskinstance.py:1259} INFO - Executing <Task(PythonOperator): get_data> on 2022-10-31 12:30:00+00:00
[2022-12-04 10:24:40,692] {standard_task_runner.py:52} INFO - Started process 4883 to run task
[2022-12-04 10:24:40,709] {standard_task_runner.py:76} INFO - Running: ['***', 'tasks', 'run', 'dag1', 'get_data', 'scheduled__2022-10-31T12:30:00+00:00', '--job-id', '3065', '--raw', '--subdir', 'DAGS_FOLDER/AirflowClean2.py', '--cfg-path', '/tmp/tmpw1_wl2t4', '--error-file', '/tmp/tmp68wdyljf']
[2022-12-04 10:24:40,710] {standard_task_runner.py:77} INFO - Job 3065: Subtask get_data
[2022-12-04 10:24:41,074] {logging_mixin.py:109} INFO - Running <TaskInstance: dag1.get_data scheduled__2022-10-31T12:30:00+00:00 [running]> on host 9e44869ff3ef
[2022-12-04 10:24:41,524] {taskinstance.py:1426} INFO - Exporting the following env vars:
AIRFLOW_CTX_DAG_OWNER=Fadlil
AIRFLOW_CTX_DAG_ID=dag1
AIRFLOW_CTX_TASK_ID=get_data
AIRFLOW_CTX_EXECUTION_DATE=2022-10-31T12:30:00+00:00
AIRFLOW_CTX_DAG_RUN_ID=scheduled__2022-10-31T12:30:00+00:00
[2022-12-04 10:24:42,654] {python.py:175} INFO - Done. Returned value was: None
[2022-12-04 10:24:42,708] {taskinstance.py:1277} INFO - Marking task as SUCCESS. dag_id=dag1, task_id=get_data, execution_date=20221031T123000, start_date=20221204T102440, end_date=20221204T102442
[2022-12-04 10:24:42,947] {local_task_job.py:154} INFO - Task exited with return code 0
[2022-12-04 10:24:43,994] {local_task_job.py:264} INFO - 0 downstream tasks scheduled from follow-on schedule check
