[2022-12-04 11:04:14,101] {taskinstance.py:1032} INFO - Dependencies all met for <TaskInstance: dag1.save_to_parquet scheduled__2022-11-04T01:00:00+00:00 [queued]>
[2022-12-04 11:04:14,212] {taskinstance.py:1032} INFO - Dependencies all met for <TaskInstance: dag1.save_to_parquet scheduled__2022-11-04T01:00:00+00:00 [queued]>
[2022-12-04 11:04:14,214] {taskinstance.py:1238} INFO - 
--------------------------------------------------------------------------------
[2022-12-04 11:04:14,219] {taskinstance.py:1239} INFO - Starting attempt 1 of 2
[2022-12-04 11:04:14,224] {taskinstance.py:1240} INFO - 
--------------------------------------------------------------------------------
[2022-12-04 11:04:14,327] {taskinstance.py:1259} INFO - Executing <Task(PythonOperator): save_to_parquet> on 2022-11-04 01:00:00+00:00
[2022-12-04 11:04:14,364] {standard_task_runner.py:52} INFO - Started process 12260 to run task
[2022-12-04 11:04:14,395] {standard_task_runner.py:76} INFO - Running: ['***', 'tasks', 'run', 'dag1', 'save_to_parquet', 'scheduled__2022-11-04T01:00:00+00:00', '--job-id', '5135', '--raw', '--subdir', 'DAGS_FOLDER/AirflowClean2.py', '--cfg-path', '/tmp/tmpn1cy3spk', '--error-file', '/tmp/tmpia27757h']
[2022-12-04 11:04:14,414] {standard_task_runner.py:77} INFO - Job 5135: Subtask save_to_parquet
[2022-12-04 11:04:14,853] {logging_mixin.py:109} INFO - Running <TaskInstance: dag1.save_to_parquet scheduled__2022-11-04T01:00:00+00:00 [running]> on host 9e44869ff3ef
[2022-12-04 11:04:15,154] {taskinstance.py:1426} INFO - Exporting the following env vars:
AIRFLOW_CTX_DAG_OWNER=Fadlil
AIRFLOW_CTX_DAG_ID=dag1
AIRFLOW_CTX_TASK_ID=save_to_parquet
AIRFLOW_CTX_EXECUTION_DATE=2022-11-04T01:00:00+00:00
AIRFLOW_CTX_DAG_RUN_ID=scheduled__2022-11-04T01:00:00+00:00
[2022-12-04 11:04:15,694] {python.py:175} INFO - Done. Returned value was: None
[2022-12-04 11:04:16,357] {taskinstance.py:1277} INFO - Marking task as SUCCESS. dag_id=dag1, task_id=save_to_parquet, execution_date=20221104T010000, start_date=20221204T110414, end_date=20221204T110416
[2022-12-04 11:04:18,160] {local_task_job.py:154} INFO - Task exited with return code 0
[2022-12-04 11:04:18,357] {local_task_job.py:264} INFO - 1 downstream tasks scheduled from follow-on schedule check
