[2022-12-04 10:50:14,845] {taskinstance.py:1032} INFO - Dependencies all met for <TaskInstance: dag1.save_to_parquet scheduled__2022-11-02T11:50:00+00:00 [queued]>
[2022-12-04 10:50:14,911] {taskinstance.py:1032} INFO - Dependencies all met for <TaskInstance: dag1.save_to_parquet scheduled__2022-11-02T11:50:00+00:00 [queued]>
[2022-12-04 10:50:14,920] {taskinstance.py:1238} INFO - 
--------------------------------------------------------------------------------
[2022-12-04 10:50:14,920] {taskinstance.py:1239} INFO - Starting attempt 1 of 2
[2022-12-04 10:50:14,920] {taskinstance.py:1240} INFO - 
--------------------------------------------------------------------------------
[2022-12-04 10:50:15,057] {taskinstance.py:1259} INFO - Executing <Task(PythonOperator): save_to_parquet> on 2022-11-02 11:50:00+00:00
[2022-12-04 10:50:15,109] {standard_task_runner.py:52} INFO - Started process 9196 to run task
[2022-12-04 10:50:15,120] {standard_task_runner.py:76} INFO - Running: ['***', 'tasks', 'run', 'dag1', 'save_to_parquet', 'scheduled__2022-11-02T11:50:00+00:00', '--job-id', '4240', '--raw', '--subdir', 'DAGS_FOLDER/AirflowClean2.py', '--cfg-path', '/tmp/tmppo4u9ilj', '--error-file', '/tmp/tmptg7pfwt4']
[2022-12-04 10:50:15,124] {standard_task_runner.py:77} INFO - Job 4240: Subtask save_to_parquet
[2022-12-04 10:50:15,783] {logging_mixin.py:109} INFO - Running <TaskInstance: dag1.save_to_parquet scheduled__2022-11-02T11:50:00+00:00 [running]> on host 9e44869ff3ef
[2022-12-04 10:50:16,072] {taskinstance.py:1426} INFO - Exporting the following env vars:
AIRFLOW_CTX_DAG_OWNER=Fadlil
AIRFLOW_CTX_DAG_ID=dag1
AIRFLOW_CTX_TASK_ID=save_to_parquet
AIRFLOW_CTX_EXECUTION_DATE=2022-11-02T11:50:00+00:00
AIRFLOW_CTX_DAG_RUN_ID=scheduled__2022-11-02T11:50:00+00:00
[2022-12-04 10:50:16,188] {python.py:175} INFO - Done. Returned value was: None
[2022-12-04 10:50:16,212] {taskinstance.py:1277} INFO - Marking task as SUCCESS. dag_id=dag1, task_id=save_to_parquet, execution_date=20221102T115000, start_date=20221204T105014, end_date=20221204T105016
[2022-12-04 10:50:16,313] {local_task_job.py:154} INFO - Task exited with return code 0
[2022-12-04 10:50:18,138] {local_task_job.py:264} INFO - 0 downstream tasks scheduled from follow-on schedule check
