[2022-12-04 17:55:52,233] {taskinstance.py:1032} INFO - Dependencies all met for <TaskInstance: dag1.save_to_parquet scheduled__2022-11-10T20:50:00+00:00 [queued]>
[2022-12-04 17:55:52,317] {taskinstance.py:1032} INFO - Dependencies all met for <TaskInstance: dag1.save_to_parquet scheduled__2022-11-10T20:50:00+00:00 [queued]>
[2022-12-04 17:55:52,318] {taskinstance.py:1238} INFO - 
--------------------------------------------------------------------------------
[2022-12-04 17:55:52,319] {taskinstance.py:1239} INFO - Starting attempt 1 of 2
[2022-12-04 17:55:52,319] {taskinstance.py:1240} INFO - 
--------------------------------------------------------------------------------
[2022-12-04 17:55:52,363] {taskinstance.py:1259} INFO - Executing <Task(PythonOperator): save_to_parquet> on 2022-11-10 20:50:00+00:00
[2022-12-04 17:55:52,385] {standard_task_runner.py:76} INFO - Running: ['***', 'tasks', 'run', 'dag1', 'save_to_parquet', 'scheduled__2022-11-10T20:50:00+00:00', '--job-id', '11053', '--raw', '--subdir', 'DAGS_FOLDER/AirflowClean2.py', '--cfg-path', '/tmp/tmp8tvqh1k2', '--error-file', '/tmp/tmppkssuy9g']
[2022-12-04 17:55:52,392] {standard_task_runner.py:77} INFO - Job 11053: Subtask save_to_parquet
[2022-12-04 17:55:52,377] {standard_task_runner.py:52} INFO - Started process 20832 to run task
[2022-12-04 17:55:52,607] {logging_mixin.py:109} INFO - Running <TaskInstance: dag1.save_to_parquet scheduled__2022-11-10T20:50:00+00:00 [running]> on host 7a020590adae
[2022-12-04 17:55:52,718] {taskinstance.py:1426} INFO - Exporting the following env vars:
AIRFLOW_CTX_DAG_OWNER=Fadlil
AIRFLOW_CTX_DAG_ID=dag1
AIRFLOW_CTX_TASK_ID=save_to_parquet
AIRFLOW_CTX_EXECUTION_DATE=2022-11-10T20:50:00+00:00
AIRFLOW_CTX_DAG_RUN_ID=scheduled__2022-11-10T20:50:00+00:00
[2022-12-04 17:55:52,831] {python.py:175} INFO - Done. Returned value was: None
[2022-12-04 17:55:53,120] {taskinstance.py:1277} INFO - Marking task as SUCCESS. dag_id=dag1, task_id=save_to_parquet, execution_date=20221110T205000, start_date=20221204T175552, end_date=20221204T175553
[2022-12-04 17:55:53,197] {local_task_job.py:154} INFO - Task exited with return code 0
[2022-12-04 17:55:53,298] {local_task_job.py:264} INFO - 1 downstream tasks scheduled from follow-on schedule check
