[2022-12-04 14:23:56,200] {taskinstance.py:1032} INFO - Dependencies all met for <TaskInstance: dag1.save_to_csv scheduled__2022-11-08T08:00:00+00:00 [queued]>
[2022-12-04 14:23:56,218] {taskinstance.py:1032} INFO - Dependencies all met for <TaskInstance: dag1.save_to_csv scheduled__2022-11-08T08:00:00+00:00 [queued]>
[2022-12-04 14:23:56,218] {taskinstance.py:1238} INFO - 
--------------------------------------------------------------------------------
[2022-12-04 14:23:56,219] {taskinstance.py:1239} INFO - Starting attempt 1 of 2
[2022-12-04 14:23:56,219] {taskinstance.py:1240} INFO - 
--------------------------------------------------------------------------------
[2022-12-04 14:23:56,237] {taskinstance.py:1259} INFO - Executing <Task(PythonOperator): save_to_csv> on 2022-11-08 08:00:00+00:00
[2022-12-04 14:23:56,243] {standard_task_runner.py:52} INFO - Started process 9572 to run task
[2022-12-04 14:23:56,249] {standard_task_runner.py:76} INFO - Running: ['***', 'tasks', 'run', 'dag1', 'save_to_csv', 'scheduled__2022-11-08T08:00:00+00:00', '--job-id', '8718', '--raw', '--subdir', 'DAGS_FOLDER/AirflowClean2.py', '--cfg-path', '/tmp/tmpscbz0icg', '--error-file', '/tmp/tmpwgye0dx5']
[2022-12-04 14:23:56,250] {standard_task_runner.py:77} INFO - Job 8718: Subtask save_to_csv
[2022-12-04 14:23:56,332] {logging_mixin.py:109} INFO - Running <TaskInstance: dag1.save_to_csv scheduled__2022-11-08T08:00:00+00:00 [running]> on host 7a020590adae
[2022-12-04 14:23:56,406] {taskinstance.py:1426} INFO - Exporting the following env vars:
AIRFLOW_CTX_DAG_OWNER=Fadlil
AIRFLOW_CTX_DAG_ID=dag1
AIRFLOW_CTX_TASK_ID=save_to_csv
AIRFLOW_CTX_EXECUTION_DATE=2022-11-08T08:00:00+00:00
AIRFLOW_CTX_DAG_RUN_ID=scheduled__2022-11-08T08:00:00+00:00
[2022-12-04 14:23:56,447] {python.py:175} INFO - Done. Returned value was: None
[2022-12-04 14:23:56,462] {taskinstance.py:1277} INFO - Marking task as SUCCESS. dag_id=dag1, task_id=save_to_csv, execution_date=20221108T080000, start_date=20221204T142356, end_date=20221204T142356
[2022-12-04 14:23:56,501] {local_task_job.py:154} INFO - Task exited with return code 0
[2022-12-04 14:23:56,554] {local_task_job.py:264} INFO - 1 downstream tasks scheduled from follow-on schedule check
