[2022-12-04 17:52:41,830] {taskinstance.py:1032} INFO - Dependencies all met for <TaskInstance: dag1.save_to_csv scheduled__2022-11-10T19:30:00+00:00 [queued]>
[2022-12-04 17:52:41,849] {taskinstance.py:1032} INFO - Dependencies all met for <TaskInstance: dag1.save_to_csv scheduled__2022-11-10T19:30:00+00:00 [queued]>
[2022-12-04 17:52:41,850] {taskinstance.py:1238} INFO - 
--------------------------------------------------------------------------------
[2022-12-04 17:52:41,850] {taskinstance.py:1239} INFO - Starting attempt 1 of 2
[2022-12-04 17:52:41,851] {taskinstance.py:1240} INFO - 
--------------------------------------------------------------------------------
[2022-12-04 17:52:41,871] {taskinstance.py:1259} INFO - Executing <Task(PythonOperator): save_to_csv> on 2022-11-10 19:30:00+00:00
[2022-12-04 17:52:41,878] {standard_task_runner.py:52} INFO - Started process 20555 to run task
[2022-12-04 17:52:41,883] {standard_task_runner.py:76} INFO - Running: ['***', 'tasks', 'run', 'dag1', 'save_to_csv', 'scheduled__2022-11-10T19:30:00+00:00', '--job-id', '10998', '--raw', '--subdir', 'DAGS_FOLDER/AirflowClean2.py', '--cfg-path', '/tmp/tmp_886ke6o', '--error-file', '/tmp/tmpw3ia3l_c']
[2022-12-04 17:52:41,885] {standard_task_runner.py:77} INFO - Job 10998: Subtask save_to_csv
[2022-12-04 17:52:42,012] {logging_mixin.py:109} INFO - Running <TaskInstance: dag1.save_to_csv scheduled__2022-11-10T19:30:00+00:00 [running]> on host 7a020590adae
[2022-12-04 17:52:42,141] {taskinstance.py:1426} INFO - Exporting the following env vars:
AIRFLOW_CTX_DAG_OWNER=Fadlil
AIRFLOW_CTX_DAG_ID=dag1
AIRFLOW_CTX_TASK_ID=save_to_csv
AIRFLOW_CTX_EXECUTION_DATE=2022-11-10T19:30:00+00:00
AIRFLOW_CTX_DAG_RUN_ID=scheduled__2022-11-10T19:30:00+00:00
[2022-12-04 17:52:42,196] {python.py:175} INFO - Done. Returned value was: None
[2022-12-04 17:52:42,213] {taskinstance.py:1277} INFO - Marking task as SUCCESS. dag_id=dag1, task_id=save_to_csv, execution_date=20221110T193000, start_date=20221204T175241, end_date=20221204T175242
[2022-12-04 17:52:42,263] {local_task_job.py:154} INFO - Task exited with return code 0
[2022-12-04 17:52:42,319] {local_task_job.py:264} INFO - 1 downstream tasks scheduled from follow-on schedule check
