[2022-12-04 03:58:58,199] {taskinstance.py:1032} INFO - Dependencies all met for <TaskInstance: dag1.get_data scheduled__2022-10-27T23:30:00+00:00 [queued]>
[2022-12-04 03:58:58,478] {taskinstance.py:1032} INFO - Dependencies all met for <TaskInstance: dag1.get_data scheduled__2022-10-27T23:30:00+00:00 [queued]>
[2022-12-04 03:58:58,479] {taskinstance.py:1238} INFO - 
--------------------------------------------------------------------------------
[2022-12-04 03:58:58,480] {taskinstance.py:1239} INFO - Starting attempt 1 of 2
[2022-12-04 03:58:58,482] {taskinstance.py:1240} INFO - 
--------------------------------------------------------------------------------
[2022-12-04 03:58:58,691] {taskinstance.py:1259} INFO - Executing <Task(PythonOperator): get_data> on 2022-10-27 23:30:00+00:00
[2022-12-04 03:58:58,782] {standard_task_runner.py:52} INFO - Started process 3508 to run task
[2022-12-04 03:58:58,851] {standard_task_runner.py:76} INFO - Running: ['***', 'tasks', 'run', 'dag1', 'get_data', 'scheduled__2022-10-27T23:30:00+00:00', '--job-id', '1155', '--raw', '--subdir', 'DAGS_FOLDER/AirflowClean2.py', '--cfg-path', '/tmp/tmpe9m_guaf', '--error-file', '/tmp/tmpvj14uwfp']
[2022-12-04 03:58:58,867] {standard_task_runner.py:77} INFO - Job 1155: Subtask get_data
[2022-12-04 03:58:59,830] {logging_mixin.py:109} INFO - Running <TaskInstance: dag1.get_data scheduled__2022-10-27T23:30:00+00:00 [running]> on host 422c372562ce
[2022-12-04 03:59:00,099] {taskinstance.py:1426} INFO - Exporting the following env vars:
AIRFLOW_CTX_DAG_OWNER=Fadlil
AIRFLOW_CTX_DAG_ID=dag1
AIRFLOW_CTX_TASK_ID=get_data
AIRFLOW_CTX_EXECUTION_DATE=2022-10-27T23:30:00+00:00
AIRFLOW_CTX_DAG_RUN_ID=scheduled__2022-10-27T23:30:00+00:00
[2022-12-04 03:59:01,081] {python.py:175} INFO - Done. Returned value was: None
[2022-12-04 03:59:02,085] {taskinstance.py:1277} INFO - Marking task as SUCCESS. dag_id=dag1, task_id=get_data, execution_date=20221027T233000, start_date=20221204T035858, end_date=20221204T035902
[2022-12-04 03:59:02,313] {local_task_job.py:154} INFO - Task exited with return code 0
[2022-12-04 03:59:02,705] {local_task_job.py:264} INFO - 1 downstream tasks scheduled from follow-on schedule check
