[2022-12-03 17:42:08,672] {taskinstance.py:1032} INFO - Dependencies all met for <TaskInstance: dag1.save_to_csv scheduled__2022-10-26T11:30:00+00:00 [queued]>
[2022-12-03 17:42:08,699] {taskinstance.py:1032} INFO - Dependencies all met for <TaskInstance: dag1.save_to_csv scheduled__2022-10-26T11:30:00+00:00 [queued]>
[2022-12-03 17:42:08,702] {taskinstance.py:1238} INFO - 
--------------------------------------------------------------------------------
[2022-12-03 17:42:08,704] {taskinstance.py:1239} INFO - Starting attempt 1 of 2
[2022-12-03 17:42:08,706] {taskinstance.py:1240} INFO - 
--------------------------------------------------------------------------------
[2022-12-03 17:42:08,781] {taskinstance.py:1259} INFO - Executing <Task(PythonOperator): save_to_csv> on 2022-10-26 11:30:00+00:00
[2022-12-03 17:42:08,790] {standard_task_runner.py:52} INFO - Started process 253 to run task
[2022-12-03 17:42:08,849] {standard_task_runner.py:76} INFO - Running: ['***', 'tasks', 'run', 'dag1', 'save_to_csv', 'scheduled__2022-10-26T11:30:00+00:00', '--job-id', '273', '--raw', '--subdir', 'DAGS_FOLDER/AirflowClean2.py', '--cfg-path', '/tmp/tmpy4o72mcu', '--error-file', '/tmp/tmpbun0p2_h']
[2022-12-03 17:42:08,853] {standard_task_runner.py:77} INFO - Job 273: Subtask save_to_csv
[2022-12-03 17:42:09,198] {logging_mixin.py:109} INFO - Running <TaskInstance: dag1.save_to_csv scheduled__2022-10-26T11:30:00+00:00 [running]> on host 422c372562ce
[2022-12-03 17:42:09,572] {taskinstance.py:1426} INFO - Exporting the following env vars:
AIRFLOW_CTX_DAG_OWNER=Fadlil
AIRFLOW_CTX_DAG_ID=dag1
AIRFLOW_CTX_TASK_ID=save_to_csv
AIRFLOW_CTX_EXECUTION_DATE=2022-10-26T11:30:00+00:00
AIRFLOW_CTX_DAG_RUN_ID=scheduled__2022-10-26T11:30:00+00:00
[2022-12-03 17:42:09,954] {python.py:175} INFO - Done. Returned value was: None
[2022-12-03 17:42:10,113] {taskinstance.py:1277} INFO - Marking task as SUCCESS. dag_id=dag1, task_id=save_to_csv, execution_date=20221026T113000, start_date=20221203T174208, end_date=20221203T174210
[2022-12-03 17:42:10,270] {local_task_job.py:154} INFO - Task exited with return code 0
[2022-12-03 17:42:11,028] {local_task_job.py:264} INFO - 0 downstream tasks scheduled from follow-on schedule check
