[2022-12-04 03:05:27,705] {taskinstance.py:1032} INFO - Dependencies all met for <TaskInstance: dag1.get_data scheduled__2022-10-27T08:30:00+00:00 [queued]>
[2022-12-04 03:05:27,784] {taskinstance.py:1032} INFO - Dependencies all met for <TaskInstance: dag1.get_data scheduled__2022-10-27T08:30:00+00:00 [queued]>
[2022-12-04 03:05:27,787] {taskinstance.py:1238} INFO - 
--------------------------------------------------------------------------------
[2022-12-04 03:05:27,787] {taskinstance.py:1239} INFO - Starting attempt 1 of 2
[2022-12-04 03:05:27,788] {taskinstance.py:1240} INFO - 
--------------------------------------------------------------------------------
[2022-12-04 03:05:27,844] {taskinstance.py:1259} INFO - Executing <Task(PythonOperator): get_data> on 2022-10-27 08:30:00+00:00
[2022-12-04 03:05:27,865] {standard_task_runner.py:52} INFO - Started process 1360 to run task
[2022-12-04 03:05:27,888] {standard_task_runner.py:76} INFO - Running: ['***', 'tasks', 'run', 'dag1', 'get_data', 'scheduled__2022-10-27T08:30:00+00:00', '--job-id', '805', '--raw', '--subdir', 'DAGS_FOLDER/AirflowClean2.py', '--cfg-path', '/tmp/tmpsl9bp6n9', '--error-file', '/tmp/tmptkydqzyb']
[2022-12-04 03:05:27,904] {standard_task_runner.py:77} INFO - Job 805: Subtask get_data
[2022-12-04 03:05:28,076] {logging_mixin.py:109} INFO - Running <TaskInstance: dag1.get_data scheduled__2022-10-27T08:30:00+00:00 [running]> on host 422c372562ce
[2022-12-04 03:05:28,291] {taskinstance.py:1426} INFO - Exporting the following env vars:
AIRFLOW_CTX_DAG_OWNER=Fadlil
AIRFLOW_CTX_DAG_ID=dag1
AIRFLOW_CTX_TASK_ID=get_data
AIRFLOW_CTX_EXECUTION_DATE=2022-10-27T08:30:00+00:00
AIRFLOW_CTX_DAG_RUN_ID=scheduled__2022-10-27T08:30:00+00:00
[2022-12-04 03:05:29,092] {python.py:175} INFO - Done. Returned value was: None
[2022-12-04 03:05:29,122] {taskinstance.py:1277} INFO - Marking task as SUCCESS. dag_id=dag1, task_id=get_data, execution_date=20221027T083000, start_date=20221204T030527, end_date=20221204T030529
[2022-12-04 03:05:29,255] {local_task_job.py:154} INFO - Task exited with return code 0
[2022-12-04 03:05:29,353] {local_task_job.py:264} INFO - 1 downstream tasks scheduled from follow-on schedule check
