[2022-12-04 09:27:23,965] {taskinstance.py:1032} INFO - Dependencies all met for <TaskInstance: dag1.get_data scheduled__2022-10-29T23:20:00+00:00 [queued]>
[2022-12-04 09:27:24,065] {taskinstance.py:1032} INFO - Dependencies all met for <TaskInstance: dag1.get_data scheduled__2022-10-29T23:20:00+00:00 [queued]>
[2022-12-04 09:27:24,093] {taskinstance.py:1238} INFO - 
--------------------------------------------------------------------------------
[2022-12-04 09:27:24,101] {taskinstance.py:1239} INFO - Starting attempt 1 of 2
[2022-12-04 09:27:24,107] {taskinstance.py:1240} INFO - 
--------------------------------------------------------------------------------
[2022-12-04 09:27:24,245] {taskinstance.py:1259} INFO - Executing <Task(PythonOperator): get_data> on 2022-10-29 23:20:00+00:00
[2022-12-04 09:27:24,262] {standard_task_runner.py:52} INFO - Started process 588 to run task
[2022-12-04 09:27:24,312] {standard_task_runner.py:76} INFO - Running: ['***', 'tasks', 'run', 'dag1', 'get_data', 'scheduled__2022-10-29T23:20:00+00:00', '--job-id', '2306', '--raw', '--subdir', 'DAGS_FOLDER/AirflowClean2.py', '--cfg-path', '/tmp/tmp36y879cp', '--error-file', '/tmp/tmpyj2kahjp']
[2022-12-04 09:27:24,317] {standard_task_runner.py:77} INFO - Job 2306: Subtask get_data
[2022-12-04 09:27:24,693] {logging_mixin.py:109} INFO - Running <TaskInstance: dag1.get_data scheduled__2022-10-29T23:20:00+00:00 [running]> on host 9e44869ff3ef
[2022-12-04 09:27:24,889] {taskinstance.py:1426} INFO - Exporting the following env vars:
AIRFLOW_CTX_DAG_OWNER=Fadlil
AIRFLOW_CTX_DAG_ID=dag1
AIRFLOW_CTX_TASK_ID=get_data
AIRFLOW_CTX_EXECUTION_DATE=2022-10-29T23:20:00+00:00
AIRFLOW_CTX_DAG_RUN_ID=scheduled__2022-10-29T23:20:00+00:00
[2022-12-04 09:27:25,666] {python.py:175} INFO - Done. Returned value was: None
[2022-12-04 09:27:25,689] {taskinstance.py:1277} INFO - Marking task as SUCCESS. dag_id=dag1, task_id=get_data, execution_date=20221029T232000, start_date=20221204T092723, end_date=20221204T092725
[2022-12-04 09:27:25,808] {local_task_job.py:154} INFO - Task exited with return code 0
[2022-12-04 09:27:25,900] {local_task_job.py:264} INFO - 1 downstream tasks scheduled from follow-on schedule check
