[2022-12-04 04:40:58,929] {taskinstance.py:1032} INFO - Dependencies all met for <TaskInstance: dag1.save_to_csv scheduled__2022-10-28T18:40:00+00:00 [queued]>
[2022-12-04 04:40:59,050] {taskinstance.py:1032} INFO - Dependencies all met for <TaskInstance: dag1.save_to_csv scheduled__2022-10-28T18:40:00+00:00 [queued]>
[2022-12-04 04:40:59,056] {taskinstance.py:1238} INFO - 
--------------------------------------------------------------------------------
[2022-12-04 04:40:59,058] {taskinstance.py:1239} INFO - Starting attempt 1 of 2
[2022-12-04 04:40:59,061] {taskinstance.py:1240} INFO - 
--------------------------------------------------------------------------------
[2022-12-04 04:40:59,143] {taskinstance.py:1259} INFO - Executing <Task(PythonOperator): save_to_csv> on 2022-10-28 18:40:00+00:00
[2022-12-04 04:40:59,162] {standard_task_runner.py:52} INFO - Started process 6113 to run task
[2022-12-04 04:40:59,177] {standard_task_runner.py:76} INFO - Running: ['***', 'tasks', 'run', 'dag1', 'save_to_csv', 'scheduled__2022-10-28T18:40:00+00:00', '--job-id', '1620', '--raw', '--subdir', 'DAGS_FOLDER/AirflowClean2.py', '--cfg-path', '/tmp/tmpdflnpxpu', '--error-file', '/tmp/tmp9hxbf74i']
[2022-12-04 04:40:59,183] {standard_task_runner.py:77} INFO - Job 1620: Subtask save_to_csv
[2022-12-04 04:40:59,488] {logging_mixin.py:109} INFO - Running <TaskInstance: dag1.save_to_csv scheduled__2022-10-28T18:40:00+00:00 [running]> on host 422c372562ce
[2022-12-04 04:40:59,705] {taskinstance.py:1426} INFO - Exporting the following env vars:
AIRFLOW_CTX_DAG_OWNER=Fadlil
AIRFLOW_CTX_DAG_ID=dag1
AIRFLOW_CTX_TASK_ID=save_to_csv
AIRFLOW_CTX_EXECUTION_DATE=2022-10-28T18:40:00+00:00
AIRFLOW_CTX_DAG_RUN_ID=scheduled__2022-10-28T18:40:00+00:00
[2022-12-04 04:40:59,980] {python.py:175} INFO - Done. Returned value was: None
[2022-12-04 04:41:00,541] {taskinstance.py:1277} INFO - Marking task as SUCCESS. dag_id=dag1, task_id=save_to_csv, execution_date=20221028T184000, start_date=20221204T044058, end_date=20221204T044100
[2022-12-04 04:41:00,653] {local_task_job.py:154} INFO - Task exited with return code 0
[2022-12-04 04:41:00,810] {local_task_job.py:264} INFO - 1 downstream tasks scheduled from follow-on schedule check
