[2022-12-04 09:28:53,136] {taskinstance.py:1032} INFO - Dependencies all met for <TaskInstance: dag1.save_to_csv scheduled__2022-10-30T04:30:00+00:00 [queued]>
[2022-12-04 09:28:53,182] {taskinstance.py:1032} INFO - Dependencies all met for <TaskInstance: dag1.save_to_csv scheduled__2022-10-30T04:30:00+00:00 [queued]>
[2022-12-04 09:28:53,203] {taskinstance.py:1238} INFO - 
--------------------------------------------------------------------------------
[2022-12-04 09:28:53,206] {taskinstance.py:1239} INFO - Starting attempt 1 of 2
[2022-12-04 09:28:53,219] {taskinstance.py:1240} INFO - 
--------------------------------------------------------------------------------
[2022-12-04 09:28:53,452] {taskinstance.py:1259} INFO - Executing <Task(PythonOperator): save_to_csv> on 2022-10-30 04:30:00+00:00
[2022-12-04 09:28:53,548] {standard_task_runner.py:52} INFO - Started process 950 to run task
[2022-12-04 09:28:53,603] {standard_task_runner.py:76} INFO - Running: ['***', 'tasks', 'run', 'dag1', 'save_to_csv', 'scheduled__2022-10-30T04:30:00+00:00', '--job-id', '2412', '--raw', '--subdir', 'DAGS_FOLDER/AirflowClean2.py', '--cfg-path', '/tmp/tmpeff7xd77', '--error-file', '/tmp/tmp10sqs3c9']
[2022-12-04 09:28:53,621] {standard_task_runner.py:77} INFO - Job 2412: Subtask save_to_csv
[2022-12-04 09:28:54,086] {logging_mixin.py:109} INFO - Running <TaskInstance: dag1.save_to_csv scheduled__2022-10-30T04:30:00+00:00 [running]> on host 9e44869ff3ef
[2022-12-04 09:28:54,527] {taskinstance.py:1426} INFO - Exporting the following env vars:
AIRFLOW_CTX_DAG_OWNER=Fadlil
AIRFLOW_CTX_DAG_ID=dag1
AIRFLOW_CTX_TASK_ID=save_to_csv
AIRFLOW_CTX_EXECUTION_DATE=2022-10-30T04:30:00+00:00
AIRFLOW_CTX_DAG_RUN_ID=scheduled__2022-10-30T04:30:00+00:00
[2022-12-04 09:28:54,663] {python.py:175} INFO - Done. Returned value was: None
[2022-12-04 09:28:54,893] {taskinstance.py:1277} INFO - Marking task as SUCCESS. dag_id=dag1, task_id=save_to_csv, execution_date=20221030T043000, start_date=20221204T092853, end_date=20221204T092854
[2022-12-04 09:28:55,003] {local_task_job.py:154} INFO - Task exited with return code 0
[2022-12-04 09:28:55,191] {local_task_job.py:264} INFO - 1 downstream tasks scheduled from follow-on schedule check
