[2022-12-04 09:53:14,374] {taskinstance.py:1032} INFO - Dependencies all met for <TaskInstance: dag1.get_data scheduled__2022-10-30T14:20:00+00:00 [queued]>
[2022-12-04 09:53:14,559] {taskinstance.py:1032} INFO - Dependencies all met for <TaskInstance: dag1.get_data scheduled__2022-10-30T14:20:00+00:00 [queued]>
[2022-12-04 09:53:14,560] {taskinstance.py:1238} INFO - 
--------------------------------------------------------------------------------
[2022-12-04 09:53:14,566] {taskinstance.py:1239} INFO - Starting attempt 1 of 2
[2022-12-04 09:53:14,583] {taskinstance.py:1240} INFO - 
--------------------------------------------------------------------------------
[2022-12-04 09:53:14,706] {taskinstance.py:1259} INFO - Executing <Task(PythonOperator): get_data> on 2022-10-30 14:20:00+00:00
[2022-12-04 09:53:14,723] {standard_task_runner.py:52} INFO - Started process 2349 to run task
[2022-12-04 09:53:14,759] {standard_task_runner.py:76} INFO - Running: ['***', 'tasks', 'run', 'dag1', 'get_data', 'scheduled__2022-10-30T14:20:00+00:00', '--job-id', '2576', '--raw', '--subdir', 'DAGS_FOLDER/AirflowClean2.py', '--cfg-path', '/tmp/tmp8i5jmhgf', '--error-file', '/tmp/tmpt3nhjvzh']
[2022-12-04 09:53:14,761] {standard_task_runner.py:77} INFO - Job 2576: Subtask get_data
[2022-12-04 09:53:15,394] {logging_mixin.py:109} INFO - Running <TaskInstance: dag1.get_data scheduled__2022-10-30T14:20:00+00:00 [running]> on host 9e44869ff3ef
[2022-12-04 09:53:15,687] {taskinstance.py:1426} INFO - Exporting the following env vars:
AIRFLOW_CTX_DAG_OWNER=Fadlil
AIRFLOW_CTX_DAG_ID=dag1
AIRFLOW_CTX_TASK_ID=get_data
AIRFLOW_CTX_EXECUTION_DATE=2022-10-30T14:20:00+00:00
AIRFLOW_CTX_DAG_RUN_ID=scheduled__2022-10-30T14:20:00+00:00
[2022-12-04 09:53:17,630] {python.py:175} INFO - Done. Returned value was: None
[2022-12-04 09:53:17,727] {taskinstance.py:1277} INFO - Marking task as SUCCESS. dag_id=dag1, task_id=get_data, execution_date=20221030T142000, start_date=20221204T095314, end_date=20221204T095317
[2022-12-04 09:53:17,835] {local_task_job.py:154} INFO - Task exited with return code 0
[2022-12-04 09:53:18,124] {local_task_job.py:264} INFO - 1 downstream tasks scheduled from follow-on schedule check
