[2022-12-04 12:25:50,375] {taskinstance.py:1032} INFO - Dependencies all met for <TaskInstance: dag1.local_to_gcs_task scheduled__2022-11-06T00:20:00+00:00 [queued]>
[2022-12-04 12:25:50,392] {taskinstance.py:1032} INFO - Dependencies all met for <TaskInstance: dag1.local_to_gcs_task scheduled__2022-11-06T00:20:00+00:00 [queued]>
[2022-12-04 12:25:50,392] {taskinstance.py:1238} INFO - 
--------------------------------------------------------------------------------
[2022-12-04 12:25:50,393] {taskinstance.py:1239} INFO - Starting attempt 1 of 2
[2022-12-04 12:25:50,393] {taskinstance.py:1240} INFO - 
--------------------------------------------------------------------------------
[2022-12-04 12:25:50,414] {taskinstance.py:1259} INFO - Executing <Task(PythonOperator): local_to_gcs_task> on 2022-11-06 00:20:00+00:00
[2022-12-04 12:25:50,425] {standard_task_runner.py:52} INFO - Started process 18568 to run task
[2022-12-04 12:25:50,428] {standard_task_runner.py:76} INFO - Running: ['***', 'tasks', 'run', 'dag1', 'local_to_gcs_task', 'scheduled__2022-11-06T00:20:00+00:00', '--job-id', '6591', '--raw', '--subdir', 'DAGS_FOLDER/AirflowClean2.py', '--cfg-path', '/tmp/tmp_va7vo1i', '--error-file', '/tmp/tmp0x7ot5h7']
[2022-12-04 12:25:50,430] {standard_task_runner.py:77} INFO - Job 6591: Subtask local_to_gcs_task
[2022-12-04 12:25:50,513] {logging_mixin.py:109} INFO - Running <TaskInstance: dag1.local_to_gcs_task scheduled__2022-11-06T00:20:00+00:00 [running]> on host 9e44869ff3ef
[2022-12-04 12:25:50,604] {taskinstance.py:1426} INFO - Exporting the following env vars:
AIRFLOW_CTX_DAG_OWNER=Fadlil
AIRFLOW_CTX_DAG_ID=dag1
AIRFLOW_CTX_TASK_ID=local_to_gcs_task
AIRFLOW_CTX_EXECUTION_DATE=2022-11-06T00:20:00+00:00
AIRFLOW_CTX_DAG_RUN_ID=scheduled__2022-11-06T00:20:00+00:00
[2022-12-04 12:25:51,287] {python.py:175} INFO - Done. Returned value was: None
[2022-12-04 12:25:52,124] {taskinstance.py:1277} INFO - Marking task as SUCCESS. dag_id=dag1, task_id=local_to_gcs_task, execution_date=20221106T002000, start_date=20221204T122550, end_date=20221204T122552
[2022-12-04 12:25:52,225] {local_task_job.py:154} INFO - Task exited with return code 0
[2022-12-04 12:25:52,358] {local_task_job.py:264} INFO - 1 downstream tasks scheduled from follow-on schedule check
