[2022-12-04 13:20:04,093] {taskinstance.py:1032} INFO - Dependencies all met for <TaskInstance: dag1.save_to_csv scheduled__2022-11-07T00:10:00+00:00 [queued]>
[2022-12-04 13:20:04,114] {taskinstance.py:1032} INFO - Dependencies all met for <TaskInstance: dag1.save_to_csv scheduled__2022-11-07T00:10:00+00:00 [queued]>
[2022-12-04 13:20:04,114] {taskinstance.py:1238} INFO - 
--------------------------------------------------------------------------------
[2022-12-04 13:20:04,115] {taskinstance.py:1239} INFO - Starting attempt 1 of 2
[2022-12-04 13:20:04,116] {taskinstance.py:1240} INFO - 
--------------------------------------------------------------------------------
[2022-12-04 13:20:04,139] {taskinstance.py:1259} INFO - Executing <Task(PythonOperator): save_to_csv> on 2022-11-07 00:10:00+00:00
[2022-12-04 13:20:04,151] {standard_task_runner.py:52} INFO - Started process 3792 to run task
[2022-12-04 13:20:04,158] {standard_task_runner.py:76} INFO - Running: ['***', 'tasks', 'run', 'dag1', 'save_to_csv', 'scheduled__2022-11-07T00:10:00+00:00', '--job-id', '7499', '--raw', '--subdir', 'DAGS_FOLDER/AirflowClean2.py', '--cfg-path', '/tmp/tmp40r4t3af', '--error-file', '/tmp/tmppwdpqrms']
[2022-12-04 13:20:04,160] {standard_task_runner.py:77} INFO - Job 7499: Subtask save_to_csv
[2022-12-04 13:20:04,314] {logging_mixin.py:109} INFO - Running <TaskInstance: dag1.save_to_csv scheduled__2022-11-07T00:10:00+00:00 [running]> on host 7a020590adae
[2022-12-04 13:20:04,428] {taskinstance.py:1426} INFO - Exporting the following env vars:
AIRFLOW_CTX_DAG_OWNER=Fadlil
AIRFLOW_CTX_DAG_ID=dag1
AIRFLOW_CTX_TASK_ID=save_to_csv
AIRFLOW_CTX_EXECUTION_DATE=2022-11-07T00:10:00+00:00
AIRFLOW_CTX_DAG_RUN_ID=scheduled__2022-11-07T00:10:00+00:00
[2022-12-04 13:20:04,479] {python.py:175} INFO - Done. Returned value was: None
[2022-12-04 13:20:04,499] {taskinstance.py:1277} INFO - Marking task as SUCCESS. dag_id=dag1, task_id=save_to_csv, execution_date=20221107T001000, start_date=20221204T132004, end_date=20221204T132004
[2022-12-04 13:20:04,571] {local_task_job.py:154} INFO - Task exited with return code 0
[2022-12-04 13:20:04,641] {local_task_job.py:264} INFO - 1 downstream tasks scheduled from follow-on schedule check
