[2022-12-04 04:05:11,121] {taskinstance.py:1032} INFO - Dependencies all met for <TaskInstance: dag1.save_to_csv scheduled__2022-10-28T02:30:00+00:00 [queued]>
[2022-12-04 04:05:11,168] {taskinstance.py:1032} INFO - Dependencies all met for <TaskInstance: dag1.save_to_csv scheduled__2022-10-28T02:30:00+00:00 [queued]>
[2022-12-04 04:05:11,179] {taskinstance.py:1238} INFO - 
--------------------------------------------------------------------------------
[2022-12-04 04:05:11,184] {taskinstance.py:1239} INFO - Starting attempt 1 of 2
[2022-12-04 04:05:11,185] {taskinstance.py:1240} INFO - 
--------------------------------------------------------------------------------
[2022-12-04 04:05:11,258] {taskinstance.py:1259} INFO - Executing <Task(PythonOperator): save_to_csv> on 2022-10-28 02:30:00+00:00
[2022-12-04 04:05:11,270] {standard_task_runner.py:52} INFO - Started process 3926 to run task
[2022-12-04 04:05:11,284] {standard_task_runner.py:76} INFO - Running: ['***', 'tasks', 'run', 'dag1', 'save_to_csv', 'scheduled__2022-10-28T02:30:00+00:00', '--job-id', '1231', '--raw', '--subdir', 'DAGS_FOLDER/AirflowClean2.py', '--cfg-path', '/tmp/tmp4my11uiy', '--error-file', '/tmp/tmp1bikdkhf']
[2022-12-04 04:05:11,298] {standard_task_runner.py:77} INFO - Job 1231: Subtask save_to_csv
[2022-12-04 04:05:11,503] {logging_mixin.py:109} INFO - Running <TaskInstance: dag1.save_to_csv scheduled__2022-10-28T02:30:00+00:00 [running]> on host 422c372562ce
[2022-12-04 04:05:11,767] {taskinstance.py:1426} INFO - Exporting the following env vars:
AIRFLOW_CTX_DAG_OWNER=Fadlil
AIRFLOW_CTX_DAG_ID=dag1
AIRFLOW_CTX_TASK_ID=save_to_csv
AIRFLOW_CTX_EXECUTION_DATE=2022-10-28T02:30:00+00:00
AIRFLOW_CTX_DAG_RUN_ID=scheduled__2022-10-28T02:30:00+00:00
[2022-12-04 04:05:11,989] {python.py:175} INFO - Done. Returned value was: None
[2022-12-04 04:05:12,531] {taskinstance.py:1277} INFO - Marking task as SUCCESS. dag_id=dag1, task_id=save_to_csv, execution_date=20221028T023000, start_date=20221204T040511, end_date=20221204T040512
[2022-12-04 04:05:12,708] {local_task_job.py:154} INFO - Task exited with return code 0
[2022-12-04 04:05:12,895] {local_task_job.py:264} INFO - 1 downstream tasks scheduled from follow-on schedule check
