[2022-12-04 09:58:44,636] {taskinstance.py:1032} INFO - Dependencies all met for <TaskInstance: dag1.get_data scheduled__2022-10-31T00:00:00+00:00 [queued]>
[2022-12-04 09:58:44,694] {taskinstance.py:1032} INFO - Dependencies all met for <TaskInstance: dag1.get_data scheduled__2022-10-31T00:00:00+00:00 [queued]>
[2022-12-04 09:58:44,695] {taskinstance.py:1238} INFO - 
--------------------------------------------------------------------------------
[2022-12-04 09:58:44,695] {taskinstance.py:1239} INFO - Starting attempt 1 of 2
[2022-12-04 09:58:44,696] {taskinstance.py:1240} INFO - 
--------------------------------------------------------------------------------
[2022-12-04 09:58:44,771] {taskinstance.py:1259} INFO - Executing <Task(PythonOperator): get_data> on 2022-10-31 00:00:00+00:00
[2022-12-04 09:58:44,778] {standard_task_runner.py:52} INFO - Started process 3028 to run task
[2022-12-04 09:58:44,788] {standard_task_runner.py:76} INFO - Running: ['***', 'tasks', 'run', 'dag1', 'get_data', 'scheduled__2022-10-31T00:00:00+00:00', '--job-id', '2750', '--raw', '--subdir', 'DAGS_FOLDER/AirflowClean2.py', '--cfg-path', '/tmp/tmpat995eah', '--error-file', '/tmp/tmph3y8cvxn']
[2022-12-04 09:58:44,803] {standard_task_runner.py:77} INFO - Job 2750: Subtask get_data
[2022-12-04 09:58:45,601] {logging_mixin.py:109} INFO - Running <TaskInstance: dag1.get_data scheduled__2022-10-31T00:00:00+00:00 [running]> on host 9e44869ff3ef
[2022-12-04 09:58:45,956] {taskinstance.py:1426} INFO - Exporting the following env vars:
AIRFLOW_CTX_DAG_OWNER=Fadlil
AIRFLOW_CTX_DAG_ID=dag1
AIRFLOW_CTX_TASK_ID=get_data
AIRFLOW_CTX_EXECUTION_DATE=2022-10-31T00:00:00+00:00
AIRFLOW_CTX_DAG_RUN_ID=scheduled__2022-10-31T00:00:00+00:00
[2022-12-04 09:58:47,300] {python.py:175} INFO - Done. Returned value was: None
[2022-12-04 09:58:47,886] {taskinstance.py:1277} INFO - Marking task as SUCCESS. dag_id=dag1, task_id=get_data, execution_date=20221031T000000, start_date=20221204T095844, end_date=20221204T095847
[2022-12-04 09:58:48,063] {local_task_job.py:154} INFO - Task exited with return code 0
[2022-12-04 09:58:50,472] {local_task_job.py:264} INFO - 0 downstream tasks scheduled from follow-on schedule check
