[2022-12-04 17:11:31,604] {taskinstance.py:1032} INFO - Dependencies all met for <TaskInstance: dag1.get_data scheduled__2022-11-10T00:10:00+00:00 [queued]>
[2022-12-04 17:11:31,652] {taskinstance.py:1032} INFO - Dependencies all met for <TaskInstance: dag1.get_data scheduled__2022-11-10T00:10:00+00:00 [queued]>
[2022-12-04 17:11:31,653] {taskinstance.py:1238} INFO - 
--------------------------------------------------------------------------------
[2022-12-04 17:11:31,653] {taskinstance.py:1239} INFO - Starting attempt 1 of 2
[2022-12-04 17:11:31,654] {taskinstance.py:1240} INFO - 
--------------------------------------------------------------------------------
[2022-12-04 17:11:31,683] {taskinstance.py:1259} INFO - Executing <Task(PythonOperator): get_data> on 2022-11-10 00:10:00+00:00
[2022-12-04 17:11:31,708] {standard_task_runner.py:76} INFO - Running: ['***', 'tasks', 'run', 'dag1', 'get_data', 'scheduled__2022-11-10T00:10:00+00:00', '--job-id', '10257', '--raw', '--subdir', 'DAGS_FOLDER/AirflowClean2.py', '--cfg-path', '/tmp/tmp6a7u9k4c', '--error-file', '/tmp/tmp04lqy0_v']
[2022-12-04 17:11:31,713] {standard_task_runner.py:77} INFO - Job 10257: Subtask get_data
[2022-12-04 17:11:31,699] {standard_task_runner.py:52} INFO - Started process 16986 to run task
[2022-12-04 17:11:31,880] {logging_mixin.py:109} INFO - Running <TaskInstance: dag1.get_data scheduled__2022-11-10T00:10:00+00:00 [running]> on host 7a020590adae
[2022-12-04 17:11:32,340] {taskinstance.py:1426} INFO - Exporting the following env vars:
AIRFLOW_CTX_DAG_OWNER=Fadlil
AIRFLOW_CTX_DAG_ID=dag1
AIRFLOW_CTX_TASK_ID=get_data
AIRFLOW_CTX_EXECUTION_DATE=2022-11-10T00:10:00+00:00
AIRFLOW_CTX_DAG_RUN_ID=scheduled__2022-11-10T00:10:00+00:00
[2022-12-04 17:11:33,216] {python.py:175} INFO - Done. Returned value was: None
[2022-12-04 17:11:33,323] {taskinstance.py:1277} INFO - Marking task as SUCCESS. dag_id=dag1, task_id=get_data, execution_date=20221110T001000, start_date=20221204T171131, end_date=20221204T171133
[2022-12-04 17:11:33,365] {local_task_job.py:154} INFO - Task exited with return code 0
[2022-12-04 17:11:33,464] {local_task_job.py:264} INFO - 1 downstream tasks scheduled from follow-on schedule check
