[2022-12-04 05:32:51,779] {taskinstance.py:1032} INFO - Dependencies all met for <TaskInstance: dag1.get_data scheduled__2022-10-29T15:40:00+00:00 [queued]>
[2022-12-04 05:32:51,874] {taskinstance.py:1032} INFO - Dependencies all met for <TaskInstance: dag1.get_data scheduled__2022-10-29T15:40:00+00:00 [queued]>
[2022-12-04 05:32:51,874] {taskinstance.py:1238} INFO - 
--------------------------------------------------------------------------------
[2022-12-04 05:32:51,875] {taskinstance.py:1239} INFO - Starting attempt 1 of 2
[2022-12-04 05:32:51,875] {taskinstance.py:1240} INFO - 
--------------------------------------------------------------------------------
[2022-12-04 05:32:52,053] {taskinstance.py:1259} INFO - Executing <Task(PythonOperator): get_data> on 2022-10-29 15:40:00+00:00
[2022-12-04 05:32:52,147] {standard_task_runner.py:76} INFO - Running: ['***', 'tasks', 'run', 'dag1', 'get_data', 'scheduled__2022-10-29T15:40:00+00:00', '--job-id', '2121', '--raw', '--subdir', 'DAGS_FOLDER/AirflowClean2.py', '--cfg-path', '/tmp/tmp_v456uw3', '--error-file', '/tmp/tmpmz49l37v']
[2022-12-04 05:32:52,173] {standard_task_runner.py:77} INFO - Job 2121: Subtask get_data
[2022-12-04 05:32:52,089] {standard_task_runner.py:52} INFO - Started process 8913 to run task
[2022-12-04 05:32:52,632] {logging_mixin.py:109} INFO - Running <TaskInstance: dag1.get_data scheduled__2022-10-29T15:40:00+00:00 [running]> on host 422c372562ce
[2022-12-04 05:32:53,206] {taskinstance.py:1426} INFO - Exporting the following env vars:
AIRFLOW_CTX_DAG_OWNER=Fadlil
AIRFLOW_CTX_DAG_ID=dag1
AIRFLOW_CTX_TASK_ID=get_data
AIRFLOW_CTX_EXECUTION_DATE=2022-10-29T15:40:00+00:00
AIRFLOW_CTX_DAG_RUN_ID=scheduled__2022-10-29T15:40:00+00:00
[2022-12-04 05:33:17,486] {python.py:175} INFO - Done. Returned value was: None
[2022-12-04 05:33:17,740] {taskinstance.py:1277} INFO - Marking task as SUCCESS. dag_id=dag1, task_id=get_data, execution_date=20221029T154000, start_date=20221204T053251, end_date=20221204T053317
[2022-12-04 05:33:17,997] {local_task_job.py:154} INFO - Task exited with return code 0
[2022-12-04 05:33:18,456] {local_task_job.py:264} INFO - 1 downstream tasks scheduled from follow-on schedule check
