[2022-12-04 11:46:19,717] {taskinstance.py:1032} INFO - Dependencies all met for <TaskInstance: dag1.save_to_parquet scheduled__2022-11-04T16:30:00+00:00 [queued]>
[2022-12-04 11:46:19,823] {taskinstance.py:1032} INFO - Dependencies all met for <TaskInstance: dag1.save_to_parquet scheduled__2022-11-04T16:30:00+00:00 [queued]>
[2022-12-04 11:46:19,824] {taskinstance.py:1238} INFO - 
--------------------------------------------------------------------------------
[2022-12-04 11:46:19,825] {taskinstance.py:1239} INFO - Starting attempt 2 of 2
[2022-12-04 11:46:19,825] {taskinstance.py:1240} INFO - 
--------------------------------------------------------------------------------
[2022-12-04 11:46:19,902] {taskinstance.py:1259} INFO - Executing <Task(PythonOperator): save_to_parquet> on 2022-11-04 16:30:00+00:00
[2022-12-04 11:46:19,932] {standard_task_runner.py:52} INFO - Started process 14904 to run task
[2022-12-04 11:46:19,964] {standard_task_runner.py:76} INFO - Running: ['***', 'tasks', 'run', 'dag1', 'save_to_parquet', 'scheduled__2022-11-04T16:30:00+00:00', '--job-id', '5798', '--raw', '--subdir', 'DAGS_FOLDER/AirflowClean2.py', '--cfg-path', '/tmp/tmp039ltrxj', '--error-file', '/tmp/tmppmnbb0t5']
[2022-12-04 11:46:19,967] {standard_task_runner.py:77} INFO - Job 5798: Subtask save_to_parquet
[2022-12-04 11:46:20,226] {logging_mixin.py:109} INFO - Running <TaskInstance: dag1.save_to_parquet scheduled__2022-11-04T16:30:00+00:00 [running]> on host 9e44869ff3ef
[2022-12-04 11:46:20,469] {taskinstance.py:1426} INFO - Exporting the following env vars:
AIRFLOW_CTX_DAG_OWNER=Fadlil
AIRFLOW_CTX_DAG_ID=dag1
AIRFLOW_CTX_TASK_ID=save_to_parquet
AIRFLOW_CTX_EXECUTION_DATE=2022-11-04T16:30:00+00:00
AIRFLOW_CTX_DAG_RUN_ID=scheduled__2022-11-04T16:30:00+00:00
[2022-12-04 11:46:20,620] {python.py:175} INFO - Done. Returned value was: None
[2022-12-04 11:46:20,745] {taskinstance.py:1277} INFO - Marking task as SUCCESS. dag_id=dag1, task_id=save_to_parquet, execution_date=20221104T163000, start_date=20221204T114619, end_date=20221204T114620
[2022-12-04 11:46:20,904] {local_task_job.py:154} INFO - Task exited with return code 0
[2022-12-04 11:46:21,154] {local_task_job.py:264} INFO - 1 downstream tasks scheduled from follow-on schedule check
