[2022-12-04 05:10:18,378] {taskinstance.py:1032} INFO - Dependencies all met for <TaskInstance: dag1.get_data scheduled__2022-10-29T06:50:00+00:00 [queued]>
[2022-12-04 05:10:18,470] {taskinstance.py:1032} INFO - Dependencies all met for <TaskInstance: dag1.get_data scheduled__2022-10-29T06:50:00+00:00 [queued]>
[2022-12-04 05:10:18,472] {taskinstance.py:1238} INFO - 
--------------------------------------------------------------------------------
[2022-12-04 05:10:18,479] {taskinstance.py:1239} INFO - Starting attempt 1 of 2
[2022-12-04 05:10:18,482] {taskinstance.py:1240} INFO - 
--------------------------------------------------------------------------------
[2022-12-04 05:10:18,647] {taskinstance.py:1259} INFO - Executing <Task(PythonOperator): get_data> on 2022-10-29 06:50:00+00:00
[2022-12-04 05:10:18,772] {standard_task_runner.py:52} INFO - Started process 7773 to run task
[2022-12-04 05:10:18,822] {standard_task_runner.py:76} INFO - Running: ['***', 'tasks', 'run', 'dag1', 'get_data', 'scheduled__2022-10-29T06:50:00+00:00', '--job-id', '1908', '--raw', '--subdir', 'DAGS_FOLDER/AirflowClean2.py', '--cfg-path', '/tmp/tmpl4ce8ko9', '--error-file', '/tmp/tmppfftmf2z']
[2022-12-04 05:10:18,843] {standard_task_runner.py:77} INFO - Job 1908: Subtask get_data
[2022-12-04 05:10:19,404] {logging_mixin.py:109} INFO - Running <TaskInstance: dag1.get_data scheduled__2022-10-29T06:50:00+00:00 [running]> on host 422c372562ce
[2022-12-04 05:10:22,550] {taskinstance.py:1426} INFO - Exporting the following env vars:
AIRFLOW_CTX_DAG_OWNER=Fadlil
AIRFLOW_CTX_DAG_ID=dag1
AIRFLOW_CTX_TASK_ID=get_data
AIRFLOW_CTX_EXECUTION_DATE=2022-10-29T06:50:00+00:00
AIRFLOW_CTX_DAG_RUN_ID=scheduled__2022-10-29T06:50:00+00:00
[2022-12-04 05:10:24,599] {python.py:175} INFO - Done. Returned value was: None
[2022-12-04 05:10:25,667] {taskinstance.py:1277} INFO - Marking task as SUCCESS. dag_id=dag1, task_id=get_data, execution_date=20221029T065000, start_date=20221204T051018, end_date=20221204T051025
[2022-12-04 05:10:26,030] {local_task_job.py:154} INFO - Task exited with return code 0
[2022-12-04 05:10:26,344] {local_task_job.py:264} INFO - 1 downstream tasks scheduled from follow-on schedule check
