[2022-12-04 11:45:30,260] {taskinstance.py:1032} INFO - Dependencies all met for <TaskInstance: dag1.save_to_csv scheduled__2022-11-04T23:50:00+00:00 [queued]>
[2022-12-04 11:45:30,350] {taskinstance.py:1032} INFO - Dependencies all met for <TaskInstance: dag1.save_to_csv scheduled__2022-11-04T23:50:00+00:00 [queued]>
[2022-12-04 11:45:30,350] {taskinstance.py:1238} INFO - 
--------------------------------------------------------------------------------
[2022-12-04 11:45:30,374] {taskinstance.py:1239} INFO - Starting attempt 1 of 2
[2022-12-04 11:45:30,385] {taskinstance.py:1240} INFO - 
--------------------------------------------------------------------------------
[2022-12-04 11:45:30,439] {taskinstance.py:1259} INFO - Executing <Task(PythonOperator): save_to_csv> on 2022-11-04 23:50:00+00:00
[2022-12-04 11:45:30,455] {standard_task_runner.py:52} INFO - Started process 14749 to run task
[2022-12-04 11:45:30,462] {standard_task_runner.py:76} INFO - Running: ['***', 'tasks', 'run', 'dag1', 'save_to_csv', 'scheduled__2022-11-04T23:50:00+00:00', '--job-id', '5753', '--raw', '--subdir', 'DAGS_FOLDER/AirflowClean2.py', '--cfg-path', '/tmp/tmpb1vurhc7', '--error-file', '/tmp/tmpv35hndy_']
[2022-12-04 11:45:30,469] {standard_task_runner.py:77} INFO - Job 5753: Subtask save_to_csv
[2022-12-04 11:45:30,963] {logging_mixin.py:109} INFO - Running <TaskInstance: dag1.save_to_csv scheduled__2022-11-04T23:50:00+00:00 [running]> on host 9e44869ff3ef
[2022-12-04 11:45:31,537] {taskinstance.py:1426} INFO - Exporting the following env vars:
AIRFLOW_CTX_DAG_OWNER=Fadlil
AIRFLOW_CTX_DAG_ID=dag1
AIRFLOW_CTX_TASK_ID=save_to_csv
AIRFLOW_CTX_EXECUTION_DATE=2022-11-04T23:50:00+00:00
AIRFLOW_CTX_DAG_RUN_ID=scheduled__2022-11-04T23:50:00+00:00
[2022-12-04 11:45:31,685] {python.py:175} INFO - Done. Returned value was: None
[2022-12-04 11:45:32,343] {taskinstance.py:1277} INFO - Marking task as SUCCESS. dag_id=dag1, task_id=save_to_csv, execution_date=20221104T235000, start_date=20221204T114530, end_date=20221204T114532
[2022-12-04 11:45:32,540] {local_task_job.py:154} INFO - Task exited with return code 0
[2022-12-04 11:45:33,542] {local_task_job.py:264} INFO - 0 downstream tasks scheduled from follow-on schedule check
