[2022-12-04 11:04:58,780] {taskinstance.py:1032} INFO - Dependencies all met for <TaskInstance: dag1.save_to_parquet scheduled__2022-11-04T02:50:00+00:00 [queued]>
[2022-12-04 11:04:58,879] {taskinstance.py:1032} INFO - Dependencies all met for <TaskInstance: dag1.save_to_parquet scheduled__2022-11-04T02:50:00+00:00 [queued]>
[2022-12-04 11:04:58,884] {taskinstance.py:1238} INFO - 
--------------------------------------------------------------------------------
[2022-12-04 11:04:58,886] {taskinstance.py:1239} INFO - Starting attempt 1 of 2
[2022-12-04 11:04:58,895] {taskinstance.py:1240} INFO - 
--------------------------------------------------------------------------------
[2022-12-04 11:04:58,954] {taskinstance.py:1259} INFO - Executing <Task(PythonOperator): save_to_parquet> on 2022-11-04 02:50:00+00:00
[2022-12-04 11:04:58,985] {standard_task_runner.py:52} INFO - Started process 12425 to run task
[2022-12-04 11:04:59,009] {standard_task_runner.py:76} INFO - Running: ['***', 'tasks', 'run', 'dag1', 'save_to_parquet', 'scheduled__2022-11-04T02:50:00+00:00', '--job-id', '5182', '--raw', '--subdir', 'DAGS_FOLDER/AirflowClean2.py', '--cfg-path', '/tmp/tmp5hg61xo1', '--error-file', '/tmp/tmpqxarox4r']
[2022-12-04 11:04:59,020] {standard_task_runner.py:77} INFO - Job 5182: Subtask save_to_parquet
[2022-12-04 11:04:59,175] {logging_mixin.py:109} INFO - Running <TaskInstance: dag1.save_to_parquet scheduled__2022-11-04T02:50:00+00:00 [running]> on host 9e44869ff3ef
[2022-12-04 11:04:59,355] {taskinstance.py:1426} INFO - Exporting the following env vars:
AIRFLOW_CTX_DAG_OWNER=Fadlil
AIRFLOW_CTX_DAG_ID=dag1
AIRFLOW_CTX_TASK_ID=save_to_parquet
AIRFLOW_CTX_EXECUTION_DATE=2022-11-04T02:50:00+00:00
AIRFLOW_CTX_DAG_RUN_ID=scheduled__2022-11-04T02:50:00+00:00
[2022-12-04 11:04:59,741] {python.py:175} INFO - Done. Returned value was: None
[2022-12-04 11:04:59,775] {taskinstance.py:1277} INFO - Marking task as SUCCESS. dag_id=dag1, task_id=save_to_parquet, execution_date=20221104T025000, start_date=20221204T110458, end_date=20221204T110459
[2022-12-04 11:04:59,915] {local_task_job.py:154} INFO - Task exited with return code 0
[2022-12-04 11:05:00,009] {local_task_job.py:264} INFO - 1 downstream tasks scheduled from follow-on schedule check
