[2022-12-04 13:23:15,571] {taskinstance.py:1032} INFO - Dependencies all met for <TaskInstance: dag1.get_data scheduled__2022-11-07T01:50:00+00:00 [queued]>
[2022-12-04 13:23:15,590] {taskinstance.py:1032} INFO - Dependencies all met for <TaskInstance: dag1.get_data scheduled__2022-11-07T01:50:00+00:00 [queued]>
[2022-12-04 13:23:15,591] {taskinstance.py:1238} INFO - 
--------------------------------------------------------------------------------
[2022-12-04 13:23:15,591] {taskinstance.py:1239} INFO - Starting attempt 1 of 2
[2022-12-04 13:23:15,592] {taskinstance.py:1240} INFO - 
--------------------------------------------------------------------------------
[2022-12-04 13:23:15,623] {taskinstance.py:1259} INFO - Executing <Task(PythonOperator): get_data> on 2022-11-07 01:50:00+00:00
[2022-12-04 13:23:15,632] {standard_task_runner.py:52} INFO - Started process 4096 to run task
[2022-12-04 13:23:15,645] {standard_task_runner.py:76} INFO - Running: ['***', 'tasks', 'run', 'dag1', 'get_data', 'scheduled__2022-11-07T01:50:00+00:00', '--job-id', '7569', '--raw', '--subdir', 'DAGS_FOLDER/AirflowClean2.py', '--cfg-path', '/tmp/tmpn9uh2l2x', '--error-file', '/tmp/tmpjkfxhwtd']
[2022-12-04 13:23:15,651] {standard_task_runner.py:77} INFO - Job 7569: Subtask get_data
[2022-12-04 13:23:15,752] {logging_mixin.py:109} INFO - Running <TaskInstance: dag1.get_data scheduled__2022-11-07T01:50:00+00:00 [running]> on host 7a020590adae
[2022-12-04 13:23:15,836] {taskinstance.py:1426} INFO - Exporting the following env vars:
AIRFLOW_CTX_DAG_OWNER=Fadlil
AIRFLOW_CTX_DAG_ID=dag1
AIRFLOW_CTX_TASK_ID=get_data
AIRFLOW_CTX_EXECUTION_DATE=2022-11-07T01:50:00+00:00
AIRFLOW_CTX_DAG_RUN_ID=scheduled__2022-11-07T01:50:00+00:00
[2022-12-04 13:23:16,508] {python.py:175} INFO - Done. Returned value was: None
[2022-12-04 13:23:16,529] {taskinstance.py:1277} INFO - Marking task as SUCCESS. dag_id=dag1, task_id=get_data, execution_date=20221107T015000, start_date=20221204T132315, end_date=20221204T132316
[2022-12-04 13:23:16,581] {local_task_job.py:154} INFO - Task exited with return code 0
[2022-12-04 13:23:16,637] {local_task_job.py:264} INFO - 1 downstream tasks scheduled from follow-on schedule check
