[2022-12-04 10:19:01,549] {taskinstance.py:1032} INFO - Dependencies all met for <TaskInstance: dag1.save_to_csv scheduled__2022-10-31T10:10:00+00:00 [queued]>
[2022-12-04 10:19:01,629] {taskinstance.py:1032} INFO - Dependencies all met for <TaskInstance: dag1.save_to_csv scheduled__2022-10-31T10:10:00+00:00 [queued]>
[2022-12-04 10:19:01,630] {taskinstance.py:1238} INFO - 
--------------------------------------------------------------------------------
[2022-12-04 10:19:01,632] {taskinstance.py:1239} INFO - Starting attempt 1 of 2
[2022-12-04 10:19:01,633] {taskinstance.py:1240} INFO - 
--------------------------------------------------------------------------------
[2022-12-04 10:19:01,711] {taskinstance.py:1259} INFO - Executing <Task(PythonOperator): save_to_csv> on 2022-10-31 10:10:00+00:00
[2022-12-04 10:19:01,718] {standard_task_runner.py:52} INFO - Started process 4518 to run task
[2022-12-04 10:19:01,741] {standard_task_runner.py:76} INFO - Running: ['***', 'tasks', 'run', 'dag1', 'save_to_csv', 'scheduled__2022-10-31T10:10:00+00:00', '--job-id', '3012', '--raw', '--subdir', 'DAGS_FOLDER/AirflowClean2.py', '--cfg-path', '/tmp/tmp4sadol9c', '--error-file', '/tmp/tmppvjjojda']
[2022-12-04 10:19:01,743] {standard_task_runner.py:77} INFO - Job 3012: Subtask save_to_csv
[2022-12-04 10:19:02,921] {logging_mixin.py:109} INFO - Running <TaskInstance: dag1.save_to_csv scheduled__2022-10-31T10:10:00+00:00 [running]> on host 9e44869ff3ef
[2022-12-04 10:19:03,218] {taskinstance.py:1426} INFO - Exporting the following env vars:
AIRFLOW_CTX_DAG_OWNER=Fadlil
AIRFLOW_CTX_DAG_ID=dag1
AIRFLOW_CTX_TASK_ID=save_to_csv
AIRFLOW_CTX_EXECUTION_DATE=2022-10-31T10:10:00+00:00
AIRFLOW_CTX_DAG_RUN_ID=scheduled__2022-10-31T10:10:00+00:00
[2022-12-04 10:19:03,345] {python.py:175} INFO - Done. Returned value was: None
[2022-12-04 10:19:03,440] {taskinstance.py:1277} INFO - Marking task as SUCCESS. dag_id=dag1, task_id=save_to_csv, execution_date=20221031T101000, start_date=20221204T101901, end_date=20221204T101903
[2022-12-04 10:19:03,559] {local_task_job.py:154} INFO - Task exited with return code 0
[2022-12-04 10:19:04,653] {local_task_job.py:264} INFO - 0 downstream tasks scheduled from follow-on schedule check
