[2022-12-04 14:12:01,456] {taskinstance.py:1032} INFO - Dependencies all met for <TaskInstance: dag1.local_to_gcs_task scheduled__2022-11-08T02:30:00+00:00 [queued]>
[2022-12-04 14:12:01,473] {taskinstance.py:1032} INFO - Dependencies all met for <TaskInstance: dag1.local_to_gcs_task scheduled__2022-11-08T02:30:00+00:00 [queued]>
[2022-12-04 14:12:01,473] {taskinstance.py:1238} INFO - 
--------------------------------------------------------------------------------
[2022-12-04 14:12:01,474] {taskinstance.py:1239} INFO - Starting attempt 1 of 2
[2022-12-04 14:12:01,474] {taskinstance.py:1240} INFO - 
--------------------------------------------------------------------------------
[2022-12-04 14:12:01,493] {taskinstance.py:1259} INFO - Executing <Task(PythonOperator): local_to_gcs_task> on 2022-11-08 02:30:00+00:00
[2022-12-04 14:12:01,500] {standard_task_runner.py:52} INFO - Started process 8557 to run task
[2022-12-04 14:12:01,507] {standard_task_runner.py:76} INFO - Running: ['***', 'tasks', 'run', 'dag1', 'local_to_gcs_task', 'scheduled__2022-11-08T02:30:00+00:00', '--job-id', '8508', '--raw', '--subdir', 'DAGS_FOLDER/AirflowClean2.py', '--cfg-path', '/tmp/tmpt3htadag', '--error-file', '/tmp/tmpj2ewmeye']
[2022-12-04 14:12:01,508] {standard_task_runner.py:77} INFO - Job 8508: Subtask local_to_gcs_task
[2022-12-04 14:12:01,605] {logging_mixin.py:109} INFO - Running <TaskInstance: dag1.local_to_gcs_task scheduled__2022-11-08T02:30:00+00:00 [running]> on host 7a020590adae
[2022-12-04 14:12:01,770] {taskinstance.py:1426} INFO - Exporting the following env vars:
AIRFLOW_CTX_DAG_OWNER=Fadlil
AIRFLOW_CTX_DAG_ID=dag1
AIRFLOW_CTX_TASK_ID=local_to_gcs_task
AIRFLOW_CTX_EXECUTION_DATE=2022-11-08T02:30:00+00:00
AIRFLOW_CTX_DAG_RUN_ID=scheduled__2022-11-08T02:30:00+00:00
[2022-12-04 14:12:02,464] {python.py:175} INFO - Done. Returned value was: None
[2022-12-04 14:12:02,606] {taskinstance.py:1277} INFO - Marking task as SUCCESS. dag_id=dag1, task_id=local_to_gcs_task, execution_date=20221108T023000, start_date=20221204T141201, end_date=20221204T141202
[2022-12-04 14:12:02,654] {local_task_job.py:154} INFO - Task exited with return code 0
[2022-12-04 14:12:02,774] {local_task_job.py:264} INFO - 1 downstream tasks scheduled from follow-on schedule check
