[2022-12-04 10:56:25,282] {taskinstance.py:1032} INFO - Dependencies all met for <TaskInstance: dag1.save_to_parquet scheduled__2022-11-03T04:20:00+00:00 [queued]>
[2022-12-04 10:56:25,416] {taskinstance.py:1032} INFO - Dependencies all met for <TaskInstance: dag1.save_to_parquet scheduled__2022-11-03T04:20:00+00:00 [queued]>
[2022-12-04 10:56:25,418] {taskinstance.py:1238} INFO - 
--------------------------------------------------------------------------------
[2022-12-04 10:56:25,420] {taskinstance.py:1239} INFO - Starting attempt 1 of 2
[2022-12-04 10:56:25,427] {taskinstance.py:1240} INFO - 
--------------------------------------------------------------------------------
[2022-12-04 10:56:25,567] {taskinstance.py:1259} INFO - Executing <Task(PythonOperator): save_to_parquet> on 2022-11-03 04:20:00+00:00
[2022-12-04 10:56:25,593] {standard_task_runner.py:52} INFO - Started process 10576 to run task
[2022-12-04 10:56:25,624] {standard_task_runner.py:76} INFO - Running: ['***', 'tasks', 'run', 'dag1', 'save_to_parquet', 'scheduled__2022-11-03T04:20:00+00:00', '--job-id', '4642', '--raw', '--subdir', 'DAGS_FOLDER/AirflowClean2.py', '--cfg-path', '/tmp/tmp7ypox3ge', '--error-file', '/tmp/tmp5w7t9uoe']
[2022-12-04 10:56:25,648] {standard_task_runner.py:77} INFO - Job 4642: Subtask save_to_parquet
[2022-12-04 10:56:26,037] {logging_mixin.py:109} INFO - Running <TaskInstance: dag1.save_to_parquet scheduled__2022-11-03T04:20:00+00:00 [running]> on host 9e44869ff3ef
[2022-12-04 10:56:26,339] {taskinstance.py:1426} INFO - Exporting the following env vars:
AIRFLOW_CTX_DAG_OWNER=Fadlil
AIRFLOW_CTX_DAG_ID=dag1
AIRFLOW_CTX_TASK_ID=save_to_parquet
AIRFLOW_CTX_EXECUTION_DATE=2022-11-03T04:20:00+00:00
AIRFLOW_CTX_DAG_RUN_ID=scheduled__2022-11-03T04:20:00+00:00
[2022-12-04 10:56:26,491] {python.py:175} INFO - Done. Returned value was: None
[2022-12-04 10:56:26,576] {taskinstance.py:1277} INFO - Marking task as SUCCESS. dag_id=dag1, task_id=save_to_parquet, execution_date=20221103T042000, start_date=20221204T105625, end_date=20221204T105626
[2022-12-04 10:56:26,741] {local_task_job.py:154} INFO - Task exited with return code 0
[2022-12-04 10:56:26,874] {local_task_job.py:264} INFO - 1 downstream tasks scheduled from follow-on schedule check
