[2022-12-04 10:32:57,414] {taskinstance.py:1032} INFO - Dependencies all met for <TaskInstance: dag1.local_to_gcs_task scheduled__2022-10-31T18:40:00+00:00 [queued]>
[2022-12-04 10:32:57,434] {taskinstance.py:1032} INFO - Dependencies all met for <TaskInstance: dag1.local_to_gcs_task scheduled__2022-10-31T18:40:00+00:00 [queued]>
[2022-12-04 10:32:57,435] {taskinstance.py:1238} INFO - 
--------------------------------------------------------------------------------
[2022-12-04 10:32:57,435] {taskinstance.py:1239} INFO - Starting attempt 1 of 2
[2022-12-04 10:32:57,436] {taskinstance.py:1240} INFO - 
--------------------------------------------------------------------------------
[2022-12-04 10:32:57,460] {taskinstance.py:1259} INFO - Executing <Task(PythonOperator): local_to_gcs_task> on 2022-10-31 18:40:00+00:00
[2022-12-04 10:32:57,469] {standard_task_runner.py:52} INFO - Started process 5703 to run task
[2022-12-04 10:32:57,475] {standard_task_runner.py:76} INFO - Running: ['***', 'tasks', 'run', 'dag1', 'local_to_gcs_task', 'scheduled__2022-10-31T18:40:00+00:00', '--job-id', '3248', '--raw', '--subdir', 'DAGS_FOLDER/AirflowClean2.py', '--cfg-path', '/tmp/tmp4i8z3nur', '--error-file', '/tmp/tmpx1aafv6k']
[2022-12-04 10:32:57,477] {standard_task_runner.py:77} INFO - Job 3248: Subtask local_to_gcs_task
[2022-12-04 10:32:57,583] {logging_mixin.py:109} INFO - Running <TaskInstance: dag1.local_to_gcs_task scheduled__2022-10-31T18:40:00+00:00 [running]> on host 9e44869ff3ef
[2022-12-04 10:32:57,701] {taskinstance.py:1426} INFO - Exporting the following env vars:
AIRFLOW_CTX_DAG_OWNER=Fadlil
AIRFLOW_CTX_DAG_ID=dag1
AIRFLOW_CTX_TASK_ID=local_to_gcs_task
AIRFLOW_CTX_EXECUTION_DATE=2022-10-31T18:40:00+00:00
AIRFLOW_CTX_DAG_RUN_ID=scheduled__2022-10-31T18:40:00+00:00
[2022-12-04 10:32:58,574] {python.py:175} INFO - Done. Returned value was: None
[2022-12-04 10:32:58,739] {taskinstance.py:1277} INFO - Marking task as SUCCESS. dag_id=dag1, task_id=local_to_gcs_task, execution_date=20221031T184000, start_date=20221204T103257, end_date=20221204T103258
[2022-12-04 10:32:58,962] {local_task_job.py:154} INFO - Task exited with return code 0
[2022-12-04 10:32:59,110] {local_task_job.py:264} INFO - 0 downstream tasks scheduled from follow-on schedule check
