[2022-12-04 09:27:46,050] {taskinstance.py:1032} INFO - Dependencies all met for <TaskInstance: dag1.save_to_csv scheduled__2022-10-30T00:20:00+00:00 [queued]>
[2022-12-04 09:27:46,108] {taskinstance.py:1032} INFO - Dependencies all met for <TaskInstance: dag1.save_to_csv scheduled__2022-10-30T00:20:00+00:00 [queued]>
[2022-12-04 09:27:46,109] {taskinstance.py:1238} INFO - 
--------------------------------------------------------------------------------
[2022-12-04 09:27:46,109] {taskinstance.py:1239} INFO - Starting attempt 1 of 2
[2022-12-04 09:27:46,110] {taskinstance.py:1240} INFO - 
--------------------------------------------------------------------------------
[2022-12-04 09:27:46,174] {taskinstance.py:1259} INFO - Executing <Task(PythonOperator): save_to_csv> on 2022-10-30 00:20:00+00:00
[2022-12-04 09:27:46,198] {standard_task_runner.py:52} INFO - Started process 683 to run task
[2022-12-04 09:27:46,209] {standard_task_runner.py:76} INFO - Running: ['***', 'tasks', 'run', 'dag1', 'save_to_csv', 'scheduled__2022-10-30T00:20:00+00:00', '--job-id', '2331', '--raw', '--subdir', 'DAGS_FOLDER/AirflowClean2.py', '--cfg-path', '/tmp/tmp16crohzq', '--error-file', '/tmp/tmpuucfq6oy']
[2022-12-04 09:27:46,238] {standard_task_runner.py:77} INFO - Job 2331: Subtask save_to_csv
[2022-12-04 09:27:46,870] {logging_mixin.py:109} INFO - Running <TaskInstance: dag1.save_to_csv scheduled__2022-10-30T00:20:00+00:00 [running]> on host 9e44869ff3ef
[2022-12-04 09:27:47,307] {taskinstance.py:1426} INFO - Exporting the following env vars:
AIRFLOW_CTX_DAG_OWNER=Fadlil
AIRFLOW_CTX_DAG_ID=dag1
AIRFLOW_CTX_TASK_ID=save_to_csv
AIRFLOW_CTX_EXECUTION_DATE=2022-10-30T00:20:00+00:00
AIRFLOW_CTX_DAG_RUN_ID=scheduled__2022-10-30T00:20:00+00:00
[2022-12-04 09:27:47,454] {python.py:175} INFO - Done. Returned value was: None
[2022-12-04 09:27:48,145] {taskinstance.py:1277} INFO - Marking task as SUCCESS. dag_id=dag1, task_id=save_to_csv, execution_date=20221030T002000, start_date=20221204T092746, end_date=20221204T092748
[2022-12-04 09:27:48,409] {local_task_job.py:154} INFO - Task exited with return code 0
[2022-12-04 09:27:48,671] {local_task_job.py:264} INFO - 1 downstream tasks scheduled from follow-on schedule check
