[2022-12-04 10:55:35,300] {taskinstance.py:1032} INFO - Dependencies all met for <TaskInstance: dag1.save_to_parquet scheduled__2022-11-03T02:10:00+00:00 [queued]>
[2022-12-04 10:55:35,433] {taskinstance.py:1032} INFO - Dependencies all met for <TaskInstance: dag1.save_to_parquet scheduled__2022-11-03T02:10:00+00:00 [queued]>
[2022-12-04 10:55:35,434] {taskinstance.py:1238} INFO - 
--------------------------------------------------------------------------------
[2022-12-04 10:55:35,440] {taskinstance.py:1239} INFO - Starting attempt 1 of 2
[2022-12-04 10:55:35,444] {taskinstance.py:1240} INFO - 
--------------------------------------------------------------------------------
[2022-12-04 10:55:35,538] {taskinstance.py:1259} INFO - Executing <Task(PythonOperator): save_to_parquet> on 2022-11-03 02:10:00+00:00
[2022-12-04 10:55:35,555] {standard_task_runner.py:52} INFO - Started process 10403 to run task
[2022-12-04 10:55:35,563] {standard_task_runner.py:76} INFO - Running: ['***', 'tasks', 'run', 'dag1', 'save_to_parquet', 'scheduled__2022-11-03T02:10:00+00:00', '--job-id', '4591', '--raw', '--subdir', 'DAGS_FOLDER/AirflowClean2.py', '--cfg-path', '/tmp/tmpae42dvrh', '--error-file', '/tmp/tmpm_w5bzom']
[2022-12-04 10:55:35,577] {standard_task_runner.py:77} INFO - Job 4591: Subtask save_to_parquet
[2022-12-04 10:55:35,992] {logging_mixin.py:109} INFO - Running <TaskInstance: dag1.save_to_parquet scheduled__2022-11-03T02:10:00+00:00 [running]> on host 9e44869ff3ef
[2022-12-04 10:55:36,514] {taskinstance.py:1426} INFO - Exporting the following env vars:
AIRFLOW_CTX_DAG_OWNER=Fadlil
AIRFLOW_CTX_DAG_ID=dag1
AIRFLOW_CTX_TASK_ID=save_to_parquet
AIRFLOW_CTX_EXECUTION_DATE=2022-11-03T02:10:00+00:00
AIRFLOW_CTX_DAG_RUN_ID=scheduled__2022-11-03T02:10:00+00:00
[2022-12-04 10:55:37,758] {python.py:175} INFO - Done. Returned value was: None
[2022-12-04 10:55:37,812] {taskinstance.py:1277} INFO - Marking task as SUCCESS. dag_id=dag1, task_id=save_to_parquet, execution_date=20221103T021000, start_date=20221204T105535, end_date=20221204T105537
[2022-12-04 10:55:37,924] {local_task_job.py:154} INFO - Task exited with return code 0
[2022-12-04 10:55:38,133] {local_task_job.py:264} INFO - 1 downstream tasks scheduled from follow-on schedule check
