[2022-12-04 11:01:17,803] {taskinstance.py:1032} INFO - Dependencies all met for <TaskInstance: dag1.save_to_csv scheduled__2022-11-03T18:00:00+00:00 [queued]>
[2022-12-04 11:01:17,857] {taskinstance.py:1032} INFO - Dependencies all met for <TaskInstance: dag1.save_to_csv scheduled__2022-11-03T18:00:00+00:00 [queued]>
[2022-12-04 11:01:17,858] {taskinstance.py:1238} INFO - 
--------------------------------------------------------------------------------
[2022-12-04 11:01:17,859] {taskinstance.py:1239} INFO - Starting attempt 1 of 2
[2022-12-04 11:01:17,860] {taskinstance.py:1240} INFO - 
--------------------------------------------------------------------------------
[2022-12-04 11:01:17,924] {taskinstance.py:1259} INFO - Executing <Task(PythonOperator): save_to_csv> on 2022-11-03 18:00:00+00:00
[2022-12-04 11:01:17,931] {standard_task_runner.py:52} INFO - Started process 11648 to run task
[2022-12-04 11:01:17,978] {standard_task_runner.py:76} INFO - Running: ['***', 'tasks', 'run', 'dag1', 'save_to_csv', 'scheduled__2022-11-03T18:00:00+00:00', '--job-id', '4953', '--raw', '--subdir', 'DAGS_FOLDER/AirflowClean2.py', '--cfg-path', '/tmp/tmp_quylcqm', '--error-file', '/tmp/tmp0z8qdd31']
[2022-12-04 11:01:17,993] {standard_task_runner.py:77} INFO - Job 4953: Subtask save_to_csv
[2022-12-04 11:01:18,126] {logging_mixin.py:109} INFO - Running <TaskInstance: dag1.save_to_csv scheduled__2022-11-03T18:00:00+00:00 [running]> on host 9e44869ff3ef
[2022-12-04 11:01:18,524] {taskinstance.py:1426} INFO - Exporting the following env vars:
AIRFLOW_CTX_DAG_OWNER=Fadlil
AIRFLOW_CTX_DAG_ID=dag1
AIRFLOW_CTX_TASK_ID=save_to_csv
AIRFLOW_CTX_EXECUTION_DATE=2022-11-03T18:00:00+00:00
AIRFLOW_CTX_DAG_RUN_ID=scheduled__2022-11-03T18:00:00+00:00
[2022-12-04 11:01:18,674] {python.py:175} INFO - Done. Returned value was: None
[2022-12-04 11:01:18,709] {taskinstance.py:1277} INFO - Marking task as SUCCESS. dag_id=dag1, task_id=save_to_csv, execution_date=20221103T180000, start_date=20221204T110117, end_date=20221204T110118
[2022-12-04 11:01:18,827] {local_task_job.py:154} INFO - Task exited with return code 0
[2022-12-04 11:01:19,014] {local_task_job.py:264} INFO - 1 downstream tasks scheduled from follow-on schedule check
