[2022-12-04 11:51:40,026] {taskinstance.py:1032} INFO - Dependencies all met for <TaskInstance: dag1.save_to_csv scheduled__2022-11-05T08:50:00+00:00 [queued]>
[2022-12-04 11:51:40,075] {taskinstance.py:1032} INFO - Dependencies all met for <TaskInstance: dag1.save_to_csv scheduled__2022-11-05T08:50:00+00:00 [queued]>
[2022-12-04 11:51:40,083] {taskinstance.py:1238} INFO - 
--------------------------------------------------------------------------------
[2022-12-04 11:51:40,083] {taskinstance.py:1239} INFO - Starting attempt 1 of 2
[2022-12-04 11:51:40,084] {taskinstance.py:1240} INFO - 
--------------------------------------------------------------------------------
[2022-12-04 11:51:40,173] {taskinstance.py:1259} INFO - Executing <Task(PythonOperator): save_to_csv> on 2022-11-05 08:50:00+00:00
[2022-12-04 11:51:40,250] {standard_task_runner.py:76} INFO - Running: ['***', 'tasks', 'run', 'dag1', 'save_to_csv', 'scheduled__2022-11-05T08:50:00+00:00', '--job-id', '6030', '--raw', '--subdir', 'DAGS_FOLDER/AirflowClean2.py', '--cfg-path', '/tmp/tmpzd17nbj5', '--error-file', '/tmp/tmpecveco5t']
[2022-12-04 11:51:40,253] {standard_task_runner.py:52} INFO - Started process 15750 to run task
[2022-12-04 11:51:40,280] {standard_task_runner.py:77} INFO - Job 6030: Subtask save_to_csv
[2022-12-04 11:51:40,731] {logging_mixin.py:109} INFO - Running <TaskInstance: dag1.save_to_csv scheduled__2022-11-05T08:50:00+00:00 [running]> on host 9e44869ff3ef
[2022-12-04 11:51:41,357] {taskinstance.py:1426} INFO - Exporting the following env vars:
AIRFLOW_CTX_DAG_OWNER=Fadlil
AIRFLOW_CTX_DAG_ID=dag1
AIRFLOW_CTX_TASK_ID=save_to_csv
AIRFLOW_CTX_EXECUTION_DATE=2022-11-05T08:50:00+00:00
AIRFLOW_CTX_DAG_RUN_ID=scheduled__2022-11-05T08:50:00+00:00
[2022-12-04 11:51:41,612] {python.py:175} INFO - Done. Returned value was: None
[2022-12-04 11:51:41,705] {taskinstance.py:1277} INFO - Marking task as SUCCESS. dag_id=dag1, task_id=save_to_csv, execution_date=20221105T085000, start_date=20221204T115140, end_date=20221204T115141
[2022-12-04 11:51:41,883] {local_task_job.py:154} INFO - Task exited with return code 0
[2022-12-04 11:51:42,677] {local_task_job.py:264} INFO - 1 downstream tasks scheduled from follow-on schedule check
