[2022-12-04 10:41:47,440] {taskinstance.py:1032} INFO - Dependencies all met for <TaskInstance: dag1.local_to_gcs_task scheduled__2022-11-01T02:40:00+00:00 [queued]>
[2022-12-04 10:41:47,498] {taskinstance.py:1032} INFO - Dependencies all met for <TaskInstance: dag1.local_to_gcs_task scheduled__2022-11-01T02:40:00+00:00 [queued]>
[2022-12-04 10:41:47,498] {taskinstance.py:1238} INFO - 
--------------------------------------------------------------------------------
[2022-12-04 10:41:47,499] {taskinstance.py:1239} INFO - Starting attempt 1 of 2
[2022-12-04 10:41:47,500] {taskinstance.py:1240} INFO - 
--------------------------------------------------------------------------------
[2022-12-04 10:41:47,565] {taskinstance.py:1259} INFO - Executing <Task(PythonOperator): local_to_gcs_task> on 2022-11-01 02:40:00+00:00
[2022-12-04 10:41:47,574] {standard_task_runner.py:52} INFO - Started process 7454 to run task
[2022-12-04 10:41:47,590] {standard_task_runner.py:76} INFO - Running: ['***', 'tasks', 'run', 'dag1', 'local_to_gcs_task', 'scheduled__2022-11-01T02:40:00+00:00', '--job-id', '3747', '--raw', '--subdir', 'DAGS_FOLDER/AirflowClean2.py', '--cfg-path', '/tmp/tmp7_kv3fai', '--error-file', '/tmp/tmpe6bqg__7']
[2022-12-04 10:41:47,592] {standard_task_runner.py:77} INFO - Job 3747: Subtask local_to_gcs_task
[2022-12-04 10:41:47,776] {logging_mixin.py:109} INFO - Running <TaskInstance: dag1.local_to_gcs_task scheduled__2022-11-01T02:40:00+00:00 [running]> on host 9e44869ff3ef
[2022-12-04 10:41:47,951] {taskinstance.py:1426} INFO - Exporting the following env vars:
AIRFLOW_CTX_DAG_OWNER=Fadlil
AIRFLOW_CTX_DAG_ID=dag1
AIRFLOW_CTX_TASK_ID=local_to_gcs_task
AIRFLOW_CTX_EXECUTION_DATE=2022-11-01T02:40:00+00:00
AIRFLOW_CTX_DAG_RUN_ID=scheduled__2022-11-01T02:40:00+00:00
[2022-12-04 10:41:49,027] {python.py:175} INFO - Done. Returned value was: None
[2022-12-04 10:41:49,068] {taskinstance.py:1277} INFO - Marking task as SUCCESS. dag_id=dag1, task_id=local_to_gcs_task, execution_date=20221101T024000, start_date=20221204T104147, end_date=20221204T104149
[2022-12-04 10:41:49,146] {local_task_job.py:154} INFO - Task exited with return code 0
[2022-12-04 10:41:49,332] {local_task_job.py:264} INFO - 0 downstream tasks scheduled from follow-on schedule check
