[2022-12-04 10:59:18,057] {taskinstance.py:1032} INFO - Dependencies all met for <TaskInstance: dag1.save_to_csv scheduled__2022-11-03T12:40:00+00:00 [queued]>
[2022-12-04 10:59:18,145] {taskinstance.py:1032} INFO - Dependencies all met for <TaskInstance: dag1.save_to_csv scheduled__2022-11-03T12:40:00+00:00 [queued]>
[2022-12-04 10:59:18,250] {taskinstance.py:1238} INFO - 
--------------------------------------------------------------------------------
[2022-12-04 10:59:18,272] {taskinstance.py:1239} INFO - Starting attempt 1 of 2
[2022-12-04 10:59:18,280] {taskinstance.py:1240} INFO - 
--------------------------------------------------------------------------------
[2022-12-04 10:59:18,531] {taskinstance.py:1259} INFO - Executing <Task(PythonOperator): save_to_csv> on 2022-11-03 12:40:00+00:00
[2022-12-04 10:59:18,555] {standard_task_runner.py:52} INFO - Started process 11210 to run task
[2022-12-04 10:59:18,604] {standard_task_runner.py:76} INFO - Running: ['***', 'tasks', 'run', 'dag1', 'save_to_csv', 'scheduled__2022-11-03T12:40:00+00:00', '--job-id', '4827', '--raw', '--subdir', 'DAGS_FOLDER/AirflowClean2.py', '--cfg-path', '/tmp/tmpdg6x91sd', '--error-file', '/tmp/tmp51w3l12k']
[2022-12-04 10:59:18,610] {standard_task_runner.py:77} INFO - Job 4827: Subtask save_to_csv
[2022-12-04 10:59:18,999] {logging_mixin.py:109} INFO - Running <TaskInstance: dag1.save_to_csv scheduled__2022-11-03T12:40:00+00:00 [running]> on host 9e44869ff3ef
[2022-12-04 10:59:20,188] {taskinstance.py:1426} INFO - Exporting the following env vars:
AIRFLOW_CTX_DAG_OWNER=Fadlil
AIRFLOW_CTX_DAG_ID=dag1
AIRFLOW_CTX_TASK_ID=save_to_csv
AIRFLOW_CTX_EXECUTION_DATE=2022-11-03T12:40:00+00:00
AIRFLOW_CTX_DAG_RUN_ID=scheduled__2022-11-03T12:40:00+00:00
[2022-12-04 10:59:20,300] {python.py:175} INFO - Done. Returned value was: None
[2022-12-04 10:59:20,384] {taskinstance.py:1277} INFO - Marking task as SUCCESS. dag_id=dag1, task_id=save_to_csv, execution_date=20221103T124000, start_date=20221204T105918, end_date=20221204T105920
[2022-12-04 10:59:20,589] {local_task_job.py:154} INFO - Task exited with return code 0
[2022-12-04 10:59:20,898] {local_task_job.py:264} INFO - 1 downstream tasks scheduled from follow-on schedule check
