[2022-12-04 13:22:30,524] {taskinstance.py:1032} INFO - Dependencies all met for <TaskInstance: dag1.save_to_parquet scheduled__2022-11-07T01:20:00+00:00 [queued]>
[2022-12-04 13:22:30,575] {taskinstance.py:1032} INFO - Dependencies all met for <TaskInstance: dag1.save_to_parquet scheduled__2022-11-07T01:20:00+00:00 [queued]>
[2022-12-04 13:22:30,585] {taskinstance.py:1238} INFO - 
--------------------------------------------------------------------------------
[2022-12-04 13:22:30,588] {taskinstance.py:1239} INFO - Starting attempt 1 of 2
[2022-12-04 13:22:30,590] {taskinstance.py:1240} INFO - 
--------------------------------------------------------------------------------
[2022-12-04 13:22:30,668] {taskinstance.py:1259} INFO - Executing <Task(PythonOperator): save_to_parquet> on 2022-11-07 01:20:00+00:00
[2022-12-04 13:22:30,678] {standard_task_runner.py:52} INFO - Started process 4014 to run task
[2022-12-04 13:22:30,718] {standard_task_runner.py:76} INFO - Running: ['***', 'tasks', 'run', 'dag1', 'save_to_parquet', 'scheduled__2022-11-07T01:20:00+00:00', '--job-id', '7546', '--raw', '--subdir', 'DAGS_FOLDER/AirflowClean2.py', '--cfg-path', '/tmp/tmpbqtzclby', '--error-file', '/tmp/tmpf_34f0df']
[2022-12-04 13:22:30,729] {standard_task_runner.py:77} INFO - Job 7546: Subtask save_to_parquet
[2022-12-04 13:22:30,914] {logging_mixin.py:109} INFO - Running <TaskInstance: dag1.save_to_parquet scheduled__2022-11-07T01:20:00+00:00 [running]> on host 7a020590adae
[2022-12-04 13:22:31,042] {taskinstance.py:1426} INFO - Exporting the following env vars:
AIRFLOW_CTX_DAG_OWNER=Fadlil
AIRFLOW_CTX_DAG_ID=dag1
AIRFLOW_CTX_TASK_ID=save_to_parquet
AIRFLOW_CTX_EXECUTION_DATE=2022-11-07T01:20:00+00:00
AIRFLOW_CTX_DAG_RUN_ID=scheduled__2022-11-07T01:20:00+00:00
[2022-12-04 13:22:31,129] {python.py:175} INFO - Done. Returned value was: None
[2022-12-04 13:22:31,447] {taskinstance.py:1277} INFO - Marking task as SUCCESS. dag_id=dag1, task_id=save_to_parquet, execution_date=20221107T012000, start_date=20221204T132230, end_date=20221204T132231
[2022-12-04 13:22:31,555] {local_task_job.py:154} INFO - Task exited with return code 0
[2022-12-04 13:22:31,651] {local_task_job.py:264} INFO - 1 downstream tasks scheduled from follow-on schedule check
