[2022-12-04 14:02:37,459] {taskinstance.py:1032} INFO - Dependencies all met for <TaskInstance: dag1.save_to_csv scheduled__2022-11-07T21:30:00+00:00 [queued]>
[2022-12-04 14:02:37,505] {taskinstance.py:1032} INFO - Dependencies all met for <TaskInstance: dag1.save_to_csv scheduled__2022-11-07T21:30:00+00:00 [queued]>
[2022-12-04 14:02:37,505] {taskinstance.py:1238} INFO - 
--------------------------------------------------------------------------------
[2022-12-04 14:02:37,506] {taskinstance.py:1239} INFO - Starting attempt 1 of 2
[2022-12-04 14:02:37,506] {taskinstance.py:1240} INFO - 
--------------------------------------------------------------------------------
[2022-12-04 14:02:37,535] {taskinstance.py:1259} INFO - Executing <Task(PythonOperator): save_to_csv> on 2022-11-07 21:30:00+00:00
[2022-12-04 14:02:37,543] {standard_task_runner.py:52} INFO - Started process 7712 to run task
[2022-12-04 14:02:37,560] {standard_task_runner.py:76} INFO - Running: ['***', 'tasks', 'run', 'dag1', 'save_to_csv', 'scheduled__2022-11-07T21:30:00+00:00', '--job-id', '8332', '--raw', '--subdir', 'DAGS_FOLDER/AirflowClean2.py', '--cfg-path', '/tmp/tmpgpxhzylg', '--error-file', '/tmp/tmpkgj3y150']
[2022-12-04 14:02:37,561] {standard_task_runner.py:77} INFO - Job 8332: Subtask save_to_csv
[2022-12-04 14:02:37,663] {logging_mixin.py:109} INFO - Running <TaskInstance: dag1.save_to_csv scheduled__2022-11-07T21:30:00+00:00 [running]> on host 7a020590adae
[2022-12-04 14:02:37,781] {taskinstance.py:1426} INFO - Exporting the following env vars:
AIRFLOW_CTX_DAG_OWNER=Fadlil
AIRFLOW_CTX_DAG_ID=dag1
AIRFLOW_CTX_TASK_ID=save_to_csv
AIRFLOW_CTX_EXECUTION_DATE=2022-11-07T21:30:00+00:00
AIRFLOW_CTX_DAG_RUN_ID=scheduled__2022-11-07T21:30:00+00:00
[2022-12-04 14:02:37,852] {python.py:175} INFO - Done. Returned value was: None
[2022-12-04 14:02:37,872] {taskinstance.py:1277} INFO - Marking task as SUCCESS. dag_id=dag1, task_id=save_to_csv, execution_date=20221107T213000, start_date=20221204T140237, end_date=20221204T140237
[2022-12-04 14:02:37,929] {local_task_job.py:154} INFO - Task exited with return code 0
[2022-12-04 14:02:38,074] {local_task_job.py:264} INFO - 1 downstream tasks scheduled from follow-on schedule check
