[2022-12-04 11:34:51,187] {taskinstance.py:1032} INFO - Dependencies all met for <TaskInstance: dag1.save_to_csv scheduled__2022-11-04T15:20:00+00:00 [queued]>
[2022-12-04 11:34:51,243] {taskinstance.py:1032} INFO - Dependencies all met for <TaskInstance: dag1.save_to_csv scheduled__2022-11-04T15:20:00+00:00 [queued]>
[2022-12-04 11:34:51,258] {taskinstance.py:1238} INFO - 
--------------------------------------------------------------------------------
[2022-12-04 11:34:51,259] {taskinstance.py:1239} INFO - Starting attempt 1 of 2
[2022-12-04 11:34:51,259] {taskinstance.py:1240} INFO - 
--------------------------------------------------------------------------------
[2022-12-04 11:34:51,309] {taskinstance.py:1259} INFO - Executing <Task(PythonOperator): save_to_csv> on 2022-11-04 15:20:00+00:00
[2022-12-04 11:34:51,343] {standard_task_runner.py:52} INFO - Started process 13526 to run task
[2022-12-04 11:34:51,372] {standard_task_runner.py:76} INFO - Running: ['***', 'tasks', 'run', 'dag1', 'save_to_csv', 'scheduled__2022-11-04T15:20:00+00:00', '--job-id', '5460', '--raw', '--subdir', 'DAGS_FOLDER/AirflowClean2.py', '--cfg-path', '/tmp/tmpwcpsx4rz', '--error-file', '/tmp/tmpu18g5gr5']
[2022-12-04 11:34:51,404] {standard_task_runner.py:77} INFO - Job 5460: Subtask save_to_csv
[2022-12-04 11:34:51,645] {logging_mixin.py:109} INFO - Running <TaskInstance: dag1.save_to_csv scheduled__2022-11-04T15:20:00+00:00 [running]> on host 9e44869ff3ef
[2022-12-04 11:34:51,780] {taskinstance.py:1426} INFO - Exporting the following env vars:
AIRFLOW_CTX_DAG_OWNER=Fadlil
AIRFLOW_CTX_DAG_ID=dag1
AIRFLOW_CTX_TASK_ID=save_to_csv
AIRFLOW_CTX_EXECUTION_DATE=2022-11-04T15:20:00+00:00
AIRFLOW_CTX_DAG_RUN_ID=scheduled__2022-11-04T15:20:00+00:00
[2022-12-04 11:34:51,901] {python.py:175} INFO - Done. Returned value was: None
[2022-12-04 11:34:51,953] {taskinstance.py:1277} INFO - Marking task as SUCCESS. dag_id=dag1, task_id=save_to_csv, execution_date=20221104T152000, start_date=20221204T113451, end_date=20221204T113451
[2022-12-04 11:34:52,150] {local_task_job.py:154} INFO - Task exited with return code 0
[2022-12-04 11:34:53,129] {local_task_job.py:264} INFO - 0 downstream tasks scheduled from follow-on schedule check
