[2022-12-04 10:24:50,381] {taskinstance.py:1032} INFO - Dependencies all met for <TaskInstance: dag1.save_to_parquet scheduled__2022-10-31T12:00:00+00:00 [queued]>
[2022-12-04 10:24:50,453] {taskinstance.py:1032} INFO - Dependencies all met for <TaskInstance: dag1.save_to_parquet scheduled__2022-10-31T12:00:00+00:00 [queued]>
[2022-12-04 10:24:50,463] {taskinstance.py:1238} INFO - 
--------------------------------------------------------------------------------
[2022-12-04 10:24:50,464] {taskinstance.py:1239} INFO - Starting attempt 1 of 2
[2022-12-04 10:24:50,464] {taskinstance.py:1240} INFO - 
--------------------------------------------------------------------------------
[2022-12-04 10:24:50,524] {taskinstance.py:1259} INFO - Executing <Task(PythonOperator): save_to_parquet> on 2022-10-31 12:00:00+00:00
[2022-12-04 10:24:50,570] {standard_task_runner.py:76} INFO - Running: ['***', 'tasks', 'run', 'dag1', 'save_to_parquet', 'scheduled__2022-10-31T12:00:00+00:00', '--job-id', '3075', '--raw', '--subdir', 'DAGS_FOLDER/AirflowClean2.py', '--cfg-path', '/tmp/tmp3ace1lrb', '--error-file', '/tmp/tmpn7ds5119']
[2022-12-04 10:24:50,583] {standard_task_runner.py:77} INFO - Job 3075: Subtask save_to_parquet
[2022-12-04 10:24:50,564] {standard_task_runner.py:52} INFO - Started process 4921 to run task
[2022-12-04 10:24:50,904] {logging_mixin.py:109} INFO - Running <TaskInstance: dag1.save_to_parquet scheduled__2022-10-31T12:00:00+00:00 [running]> on host 9e44869ff3ef
[2022-12-04 10:24:51,442] {taskinstance.py:1426} INFO - Exporting the following env vars:
AIRFLOW_CTX_DAG_OWNER=Fadlil
AIRFLOW_CTX_DAG_ID=dag1
AIRFLOW_CTX_TASK_ID=save_to_parquet
AIRFLOW_CTX_EXECUTION_DATE=2022-10-31T12:00:00+00:00
AIRFLOW_CTX_DAG_RUN_ID=scheduled__2022-10-31T12:00:00+00:00
[2022-12-04 10:24:51,590] {python.py:175} INFO - Done. Returned value was: None
[2022-12-04 10:24:51,645] {taskinstance.py:1277} INFO - Marking task as SUCCESS. dag_id=dag1, task_id=save_to_parquet, execution_date=20221031T120000, start_date=20221204T102450, end_date=20221204T102451
[2022-12-04 10:24:51,764] {local_task_job.py:154} INFO - Task exited with return code 0
[2022-12-04 10:24:51,859] {local_task_job.py:264} INFO - 1 downstream tasks scheduled from follow-on schedule check
