[2022-12-04 17:07:58,059] {taskinstance.py:1032} INFO - Dependencies all met for <TaskInstance: dag1.save_to_csv scheduled__2022-11-09T21:50:00+00:00 [queued]>
[2022-12-04 17:07:58,080] {taskinstance.py:1032} INFO - Dependencies all met for <TaskInstance: dag1.save_to_csv scheduled__2022-11-09T21:50:00+00:00 [queued]>
[2022-12-04 17:07:58,081] {taskinstance.py:1238} INFO - 
--------------------------------------------------------------------------------
[2022-12-04 17:07:58,081] {taskinstance.py:1239} INFO - Starting attempt 1 of 2
[2022-12-04 17:07:58,082] {taskinstance.py:1240} INFO - 
--------------------------------------------------------------------------------
[2022-12-04 17:07:58,113] {taskinstance.py:1259} INFO - Executing <Task(PythonOperator): save_to_csv> on 2022-11-09 21:50:00+00:00
[2022-12-04 17:07:58,123] {standard_task_runner.py:52} INFO - Started process 16605 to run task
[2022-12-04 17:07:58,131] {standard_task_runner.py:76} INFO - Running: ['***', 'tasks', 'run', 'dag1', 'save_to_csv', 'scheduled__2022-11-09T21:50:00+00:00', '--job-id', '10169', '--raw', '--subdir', 'DAGS_FOLDER/AirflowClean2.py', '--cfg-path', '/tmp/tmp9xtbn2vl', '--error-file', '/tmp/tmpjarzqtnz']
[2022-12-04 17:07:58,135] {standard_task_runner.py:77} INFO - Job 10169: Subtask save_to_csv
[2022-12-04 17:07:58,277] {logging_mixin.py:109} INFO - Running <TaskInstance: dag1.save_to_csv scheduled__2022-11-09T21:50:00+00:00 [running]> on host 7a020590adae
[2022-12-04 17:07:58,444] {taskinstance.py:1426} INFO - Exporting the following env vars:
AIRFLOW_CTX_DAG_OWNER=Fadlil
AIRFLOW_CTX_DAG_ID=dag1
AIRFLOW_CTX_TASK_ID=save_to_csv
AIRFLOW_CTX_EXECUTION_DATE=2022-11-09T21:50:00+00:00
AIRFLOW_CTX_DAG_RUN_ID=scheduled__2022-11-09T21:50:00+00:00
[2022-12-04 17:07:58,487] {python.py:175} INFO - Done. Returned value was: None
[2022-12-04 17:07:58,697] {taskinstance.py:1277} INFO - Marking task as SUCCESS. dag_id=dag1, task_id=save_to_csv, execution_date=20221109T215000, start_date=20221204T170758, end_date=20221204T170758
[2022-12-04 17:07:58,752] {local_task_job.py:154} INFO - Task exited with return code 0
[2022-12-04 17:07:58,835] {local_task_job.py:264} INFO - 1 downstream tasks scheduled from follow-on schedule check
