[2022-12-04 10:32:34,849] {taskinstance.py:1032} INFO - Dependencies all met for <TaskInstance: dag1.local_to_gcs_task scheduled__2022-10-31T13:10:00+00:00 [queued]>
[2022-12-04 10:32:34,901] {taskinstance.py:1032} INFO - Dependencies all met for <TaskInstance: dag1.local_to_gcs_task scheduled__2022-10-31T13:10:00+00:00 [queued]>
[2022-12-04 10:32:34,904] {taskinstance.py:1238} INFO - 
--------------------------------------------------------------------------------
[2022-12-04 10:32:34,905] {taskinstance.py:1239} INFO - Starting attempt 2 of 2
[2022-12-04 10:32:34,905] {taskinstance.py:1240} INFO - 
--------------------------------------------------------------------------------
[2022-12-04 10:32:34,976] {taskinstance.py:1259} INFO - Executing <Task(PythonOperator): local_to_gcs_task> on 2022-10-31 13:10:00+00:00
[2022-12-04 10:32:34,983] {standard_task_runner.py:52} INFO - Started process 5635 to run task
[2022-12-04 10:32:35,052] {standard_task_runner.py:76} INFO - Running: ['***', 'tasks', 'run', 'dag1', 'local_to_gcs_task', 'scheduled__2022-10-31T13:10:00+00:00', '--job-id', '3226', '--raw', '--subdir', 'DAGS_FOLDER/AirflowClean2.py', '--cfg-path', '/tmp/tmpuaezyyww', '--error-file', '/tmp/tmp5dleq2jf']
[2022-12-04 10:32:35,062] {standard_task_runner.py:77} INFO - Job 3226: Subtask local_to_gcs_task
[2022-12-04 10:32:35,507] {logging_mixin.py:109} INFO - Running <TaskInstance: dag1.local_to_gcs_task scheduled__2022-10-31T13:10:00+00:00 [running]> on host 9e44869ff3ef
[2022-12-04 10:32:35,771] {taskinstance.py:1426} INFO - Exporting the following env vars:
AIRFLOW_CTX_DAG_OWNER=Fadlil
AIRFLOW_CTX_DAG_ID=dag1
AIRFLOW_CTX_TASK_ID=local_to_gcs_task
AIRFLOW_CTX_EXECUTION_DATE=2022-10-31T13:10:00+00:00
AIRFLOW_CTX_DAG_RUN_ID=scheduled__2022-10-31T13:10:00+00:00
[2022-12-04 10:32:37,649] {python.py:175} INFO - Done. Returned value was: None
[2022-12-04 10:32:37,794] {taskinstance.py:1277} INFO - Marking task as SUCCESS. dag_id=dag1, task_id=local_to_gcs_task, execution_date=20221031T131000, start_date=20221204T103234, end_date=20221204T103237
[2022-12-04 10:32:37,957] {local_task_job.py:154} INFO - Task exited with return code 0
[2022-12-04 10:32:38,315] {local_task_job.py:264} INFO - 0 downstream tasks scheduled from follow-on schedule check
