[2022-12-04 12:59:44,624] {taskinstance.py:1032} INFO - Dependencies all met for <TaskInstance: dag1.delete_local_file scheduled__2022-11-06T14:10:00+00:00 [queued]>
[2022-12-04 12:59:44,647] {taskinstance.py:1032} INFO - Dependencies all met for <TaskInstance: dag1.delete_local_file scheduled__2022-11-06T14:10:00+00:00 [queued]>
[2022-12-04 12:59:44,648] {taskinstance.py:1238} INFO - 
--------------------------------------------------------------------------------
[2022-12-04 12:59:44,649] {taskinstance.py:1239} INFO - Starting attempt 1 of 2
[2022-12-04 12:59:44,650] {taskinstance.py:1240} INFO - 
--------------------------------------------------------------------------------
[2022-12-04 12:59:44,687] {taskinstance.py:1259} INFO - Executing <Task(PythonOperator): delete_local_file> on 2022-11-06 14:10:00+00:00
[2022-12-04 12:59:44,694] {standard_task_runner.py:52} INFO - Started process 1987 to run task
[2022-12-04 12:59:44,699] {standard_task_runner.py:76} INFO - Running: ['***', 'tasks', 'run', 'dag1', 'delete_local_file', 'scheduled__2022-11-06T14:10:00+00:00', '--job-id', '7120', '--raw', '--subdir', 'DAGS_FOLDER/AirflowClean2.py', '--cfg-path', '/tmp/tmp8rtks8cr', '--error-file', '/tmp/tmpd5nspfup']
[2022-12-04 12:59:44,701] {standard_task_runner.py:77} INFO - Job 7120: Subtask delete_local_file
[2022-12-04 12:59:44,797] {logging_mixin.py:109} INFO - Running <TaskInstance: dag1.delete_local_file scheduled__2022-11-06T14:10:00+00:00 [running]> on host 7a020590adae
[2022-12-04 12:59:44,917] {taskinstance.py:1426} INFO - Exporting the following env vars:
AIRFLOW_CTX_DAG_OWNER=Fadlil
AIRFLOW_CTX_DAG_ID=dag1
AIRFLOW_CTX_TASK_ID=delete_local_file
AIRFLOW_CTX_EXECUTION_DATE=2022-11-06T14:10:00+00:00
AIRFLOW_CTX_DAG_RUN_ID=scheduled__2022-11-06T14:10:00+00:00
[2022-12-04 12:59:44,922] {python.py:175} INFO - Done. Returned value was: None
[2022-12-04 12:59:44,939] {taskinstance.py:1277} INFO - Marking task as SUCCESS. dag_id=dag1, task_id=delete_local_file, execution_date=20221106T141000, start_date=20221204T125944, end_date=20221204T125944
[2022-12-04 12:59:44,991] {local_task_job.py:154} INFO - Task exited with return code 0
[2022-12-04 12:59:45,046] {local_task_job.py:264} INFO - 0 downstream tasks scheduled from follow-on schedule check
