[2022-12-04 13:48:37,233] {taskinstance.py:1032} INFO - Dependencies all met for <TaskInstance: dag1.delete_local_file scheduled__2022-11-07T15:00:00+00:00 [queued]>
[2022-12-04 13:48:37,246] {taskinstance.py:1032} INFO - Dependencies all met for <TaskInstance: dag1.delete_local_file scheduled__2022-11-07T15:00:00+00:00 [queued]>
[2022-12-04 13:48:37,247] {taskinstance.py:1238} INFO - 
--------------------------------------------------------------------------------
[2022-12-04 13:48:37,247] {taskinstance.py:1239} INFO - Starting attempt 1 of 2
[2022-12-04 13:48:37,248] {taskinstance.py:1240} INFO - 
--------------------------------------------------------------------------------
[2022-12-04 13:48:37,262] {taskinstance.py:1259} INFO - Executing <Task(PythonOperator): delete_local_file> on 2022-11-07 15:00:00+00:00
[2022-12-04 13:48:37,267] {standard_task_runner.py:52} INFO - Started process 6424 to run task
[2022-12-04 13:48:37,271] {standard_task_runner.py:76} INFO - Running: ['***', 'tasks', 'run', 'dag1', 'delete_local_file', 'scheduled__2022-11-07T15:00:00+00:00', '--job-id', '8070', '--raw', '--subdir', 'DAGS_FOLDER/AirflowClean2.py', '--cfg-path', '/tmp/tmp45xb8dys', '--error-file', '/tmp/tmp3hkq9dij']
[2022-12-04 13:48:37,272] {standard_task_runner.py:77} INFO - Job 8070: Subtask delete_local_file
[2022-12-04 13:48:37,338] {logging_mixin.py:109} INFO - Running <TaskInstance: dag1.delete_local_file scheduled__2022-11-07T15:00:00+00:00 [running]> on host 7a020590adae
[2022-12-04 13:48:37,416] {taskinstance.py:1426} INFO - Exporting the following env vars:
AIRFLOW_CTX_DAG_OWNER=Fadlil
AIRFLOW_CTX_DAG_ID=dag1
AIRFLOW_CTX_TASK_ID=delete_local_file
AIRFLOW_CTX_EXECUTION_DATE=2022-11-07T15:00:00+00:00
AIRFLOW_CTX_DAG_RUN_ID=scheduled__2022-11-07T15:00:00+00:00
[2022-12-04 13:48:37,420] {python.py:175} INFO - Done. Returned value was: None
[2022-12-04 13:48:37,438] {taskinstance.py:1277} INFO - Marking task as SUCCESS. dag_id=dag1, task_id=delete_local_file, execution_date=20221107T150000, start_date=20221204T134837, end_date=20221204T134837
[2022-12-04 13:48:37,484] {local_task_job.py:154} INFO - Task exited with return code 0
[2022-12-04 13:48:37,525] {local_task_job.py:264} INFO - 0 downstream tasks scheduled from follow-on schedule check
