[2022-12-04 09:59:24,560] {taskinstance.py:1032} INFO - Dependencies all met for <TaskInstance: dag1.get_data scheduled__2022-10-31T01:00:00+00:00 [queued]>
[2022-12-04 09:59:25,872] {taskinstance.py:1032} INFO - Dependencies all met for <TaskInstance: dag1.get_data scheduled__2022-10-31T01:00:00+00:00 [queued]>
[2022-12-04 09:59:25,880] {taskinstance.py:1238} INFO - 
--------------------------------------------------------------------------------
[2022-12-04 09:59:25,886] {taskinstance.py:1239} INFO - Starting attempt 1 of 2
[2022-12-04 09:59:25,908] {taskinstance.py:1240} INFO - 
--------------------------------------------------------------------------------
[2022-12-04 09:59:26,094] {taskinstance.py:1259} INFO - Executing <Task(PythonOperator): get_data> on 2022-10-31 01:00:00+00:00
[2022-12-04 09:59:26,123] {standard_task_runner.py:76} INFO - Running: ['***', 'tasks', 'run', 'dag1', 'get_data', 'scheduled__2022-10-31T01:00:00+00:00', '--job-id', '2774', '--raw', '--subdir', 'DAGS_FOLDER/AirflowClean2.py', '--cfg-path', '/tmp/tmpabfxhpio', '--error-file', '/tmp/tmp3lej2711']
[2022-12-04 09:59:26,164] {standard_task_runner.py:52} INFO - Started process 3133 to run task
[2022-12-04 09:59:26,144] {standard_task_runner.py:77} INFO - Job 2774: Subtask get_data
[2022-12-04 09:59:26,628] {logging_mixin.py:109} INFO - Running <TaskInstance: dag1.get_data scheduled__2022-10-31T01:00:00+00:00 [running]> on host 9e44869ff3ef
[2022-12-04 09:59:27,392] {taskinstance.py:1426} INFO - Exporting the following env vars:
AIRFLOW_CTX_DAG_OWNER=Fadlil
AIRFLOW_CTX_DAG_ID=dag1
AIRFLOW_CTX_TASK_ID=get_data
AIRFLOW_CTX_EXECUTION_DATE=2022-10-31T01:00:00+00:00
AIRFLOW_CTX_DAG_RUN_ID=scheduled__2022-10-31T01:00:00+00:00
[2022-12-04 09:59:28,646] {python.py:175} INFO - Done. Returned value was: None
[2022-12-04 09:59:28,690] {taskinstance.py:1277} INFO - Marking task as SUCCESS. dag_id=dag1, task_id=get_data, execution_date=20221031T010000, start_date=20221204T095924, end_date=20221204T095928
[2022-12-04 09:59:28,796] {local_task_job.py:154} INFO - Task exited with return code 0
[2022-12-04 09:59:28,959] {local_task_job.py:264} INFO - 1 downstream tasks scheduled from follow-on schedule check
