[2022-12-04 11:48:42,743] {taskinstance.py:1032} INFO - Dependencies all met for <TaskInstance: dag1.save_to_csv scheduled__2022-11-05T05:40:00+00:00 [queued]>
[2022-12-04 11:48:42,924] {taskinstance.py:1032} INFO - Dependencies all met for <TaskInstance: dag1.save_to_csv scheduled__2022-11-05T05:40:00+00:00 [queued]>
[2022-12-04 11:48:42,938] {taskinstance.py:1238} INFO - 
--------------------------------------------------------------------------------
[2022-12-04 11:48:42,939] {taskinstance.py:1239} INFO - Starting attempt 1 of 2
[2022-12-04 11:48:42,940] {taskinstance.py:1240} INFO - 
--------------------------------------------------------------------------------
[2022-12-04 11:48:43,103] {taskinstance.py:1259} INFO - Executing <Task(PythonOperator): save_to_csv> on 2022-11-05 05:40:00+00:00
[2022-12-04 11:48:43,126] {standard_task_runner.py:52} INFO - Started process 15341 to run task
[2022-12-04 11:48:43,240] {standard_task_runner.py:76} INFO - Running: ['***', 'tasks', 'run', 'dag1', 'save_to_csv', 'scheduled__2022-11-05T05:40:00+00:00', '--job-id', '5918', '--raw', '--subdir', 'DAGS_FOLDER/AirflowClean2.py', '--cfg-path', '/tmp/tmpb7z2__6m', '--error-file', '/tmp/tmp6xw61qkt']
[2022-12-04 11:48:43,247] {standard_task_runner.py:77} INFO - Job 5918: Subtask save_to_csv
[2022-12-04 11:48:43,885] {logging_mixin.py:109} INFO - Running <TaskInstance: dag1.save_to_csv scheduled__2022-11-05T05:40:00+00:00 [running]> on host 9e44869ff3ef
[2022-12-04 11:48:44,889] {taskinstance.py:1426} INFO - Exporting the following env vars:
AIRFLOW_CTX_DAG_OWNER=Fadlil
AIRFLOW_CTX_DAG_ID=dag1
AIRFLOW_CTX_TASK_ID=save_to_csv
AIRFLOW_CTX_EXECUTION_DATE=2022-11-05T05:40:00+00:00
AIRFLOW_CTX_DAG_RUN_ID=scheduled__2022-11-05T05:40:00+00:00
[2022-12-04 11:48:45,016] {python.py:175} INFO - Done. Returned value was: None
[2022-12-04 11:48:46,065] {taskinstance.py:1277} INFO - Marking task as SUCCESS. dag_id=dag1, task_id=save_to_csv, execution_date=20221105T054000, start_date=20221204T114842, end_date=20221204T114846
[2022-12-04 11:48:46,451] {local_task_job.py:154} INFO - Task exited with return code 0
[2022-12-04 11:48:47,764] {local_task_job.py:264} INFO - 0 downstream tasks scheduled from follow-on schedule check
