[2022-12-04 04:40:36,795] {taskinstance.py:1032} INFO - Dependencies all met for <TaskInstance: dag1.save_to_csv scheduled__2022-10-28T17:40:00+00:00 [queued]>
[2022-12-04 04:40:36,882] {taskinstance.py:1032} INFO - Dependencies all met for <TaskInstance: dag1.save_to_csv scheduled__2022-10-28T17:40:00+00:00 [queued]>
[2022-12-04 04:40:36,882] {taskinstance.py:1238} INFO - 
--------------------------------------------------------------------------------
[2022-12-04 04:40:36,894] {taskinstance.py:1239} INFO - Starting attempt 1 of 2
[2022-12-04 04:40:36,894] {taskinstance.py:1240} INFO - 
--------------------------------------------------------------------------------
[2022-12-04 04:40:37,231] {taskinstance.py:1259} INFO - Executing <Task(PythonOperator): save_to_csv> on 2022-10-28 17:40:00+00:00
[2022-12-04 04:40:37,255] {standard_task_runner.py:52} INFO - Started process 6068 to run task
[2022-12-04 04:40:37,264] {standard_task_runner.py:76} INFO - Running: ['***', 'tasks', 'run', 'dag1', 'save_to_csv', 'scheduled__2022-10-28T17:40:00+00:00', '--job-id', '1607', '--raw', '--subdir', 'DAGS_FOLDER/AirflowClean2.py', '--cfg-path', '/tmp/tmphak_8u96', '--error-file', '/tmp/tmpyatmci_3']
[2022-12-04 04:40:37,289] {standard_task_runner.py:77} INFO - Job 1607: Subtask save_to_csv
[2022-12-04 04:40:37,645] {logging_mixin.py:109} INFO - Running <TaskInstance: dag1.save_to_csv scheduled__2022-10-28T17:40:00+00:00 [running]> on host 422c372562ce
[2022-12-04 04:40:38,087] {taskinstance.py:1426} INFO - Exporting the following env vars:
AIRFLOW_CTX_DAG_OWNER=Fadlil
AIRFLOW_CTX_DAG_ID=dag1
AIRFLOW_CTX_TASK_ID=save_to_csv
AIRFLOW_CTX_EXECUTION_DATE=2022-10-28T17:40:00+00:00
AIRFLOW_CTX_DAG_RUN_ID=scheduled__2022-10-28T17:40:00+00:00
[2022-12-04 04:40:38,335] {python.py:175} INFO - Done. Returned value was: None
[2022-12-04 04:40:39,389] {taskinstance.py:1277} INFO - Marking task as SUCCESS. dag_id=dag1, task_id=save_to_csv, execution_date=20221028T174000, start_date=20221204T044036, end_date=20221204T044039
[2022-12-04 04:40:39,659] {local_task_job.py:154} INFO - Task exited with return code 0
[2022-12-04 04:40:40,394] {local_task_job.py:264} INFO - 1 downstream tasks scheduled from follow-on schedule check
