[2022-12-04 10:30:01,483] {taskinstance.py:1032} INFO - Dependencies all met for <TaskInstance: dag1.local_to_gcs_task scheduled__2022-10-31T12:20:00+00:00 [queued]>
[2022-12-04 10:30:01,515] {taskinstance.py:1032} INFO - Dependencies all met for <TaskInstance: dag1.local_to_gcs_task scheduled__2022-10-31T12:20:00+00:00 [queued]>
[2022-12-04 10:30:01,516] {taskinstance.py:1238} INFO - 
--------------------------------------------------------------------------------
[2022-12-04 10:30:01,517] {taskinstance.py:1239} INFO - Starting attempt 2 of 2
[2022-12-04 10:30:01,517] {taskinstance.py:1240} INFO - 
--------------------------------------------------------------------------------
[2022-12-04 10:30:01,545] {taskinstance.py:1259} INFO - Executing <Task(PythonOperator): local_to_gcs_task> on 2022-10-31 12:20:00+00:00
[2022-12-04 10:30:01,555] {standard_task_runner.py:52} INFO - Started process 5219 to run task
[2022-12-04 10:30:01,569] {standard_task_runner.py:76} INFO - Running: ['***', 'tasks', 'run', 'dag1', 'local_to_gcs_task', 'scheduled__2022-10-31T12:20:00+00:00', '--job-id', '3112', '--raw', '--subdir', 'DAGS_FOLDER/AirflowClean2.py', '--cfg-path', '/tmp/tmpz7zv4nlf', '--error-file', '/tmp/tmpte4c8sxq']
[2022-12-04 10:30:01,572] {standard_task_runner.py:77} INFO - Job 3112: Subtask local_to_gcs_task
[2022-12-04 10:30:01,953] {logging_mixin.py:109} INFO - Running <TaskInstance: dag1.local_to_gcs_task scheduled__2022-10-31T12:20:00+00:00 [running]> on host 9e44869ff3ef
[2022-12-04 10:30:02,275] {taskinstance.py:1426} INFO - Exporting the following env vars:
AIRFLOW_CTX_DAG_OWNER=Fadlil
AIRFLOW_CTX_DAG_ID=dag1
AIRFLOW_CTX_TASK_ID=local_to_gcs_task
AIRFLOW_CTX_EXECUTION_DATE=2022-10-31T12:20:00+00:00
AIRFLOW_CTX_DAG_RUN_ID=scheduled__2022-10-31T12:20:00+00:00
[2022-12-04 10:30:03,041] {python.py:175} INFO - Done. Returned value was: None
[2022-12-04 10:30:03,065] {taskinstance.py:1277} INFO - Marking task as SUCCESS. dag_id=dag1, task_id=local_to_gcs_task, execution_date=20221031T122000, start_date=20221204T103001, end_date=20221204T103003
[2022-12-04 10:30:03,105] {local_task_job.py:154} INFO - Task exited with return code 0
[2022-12-04 10:30:03,272] {local_task_job.py:264} INFO - 0 downstream tasks scheduled from follow-on schedule check
