[2022-12-04 14:01:39,140] {taskinstance.py:1032} INFO - Dependencies all met for <TaskInstance: dag1.get_data scheduled__2022-11-07T21:10:00+00:00 [queued]>
[2022-12-04 14:01:39,162] {taskinstance.py:1032} INFO - Dependencies all met for <TaskInstance: dag1.get_data scheduled__2022-11-07T21:10:00+00:00 [queued]>
[2022-12-04 14:01:39,163] {taskinstance.py:1238} INFO - 
--------------------------------------------------------------------------------
[2022-12-04 14:01:39,163] {taskinstance.py:1239} INFO - Starting attempt 1 of 2
[2022-12-04 14:01:39,164] {taskinstance.py:1240} INFO - 
--------------------------------------------------------------------------------
[2022-12-04 14:01:39,196] {taskinstance.py:1259} INFO - Executing <Task(PythonOperator): get_data> on 2022-11-07 21:10:00+00:00
[2022-12-04 14:01:39,205] {standard_task_runner.py:52} INFO - Started process 7621 to run task
[2022-12-04 14:01:39,211] {standard_task_runner.py:76} INFO - Running: ['***', 'tasks', 'run', 'dag1', 'get_data', 'scheduled__2022-11-07T21:10:00+00:00', '--job-id', '8315', '--raw', '--subdir', 'DAGS_FOLDER/AirflowClean2.py', '--cfg-path', '/tmp/tmpljhkdvx6', '--error-file', '/tmp/tmpbcp_qcjl']
[2022-12-04 14:01:39,222] {standard_task_runner.py:77} INFO - Job 8315: Subtask get_data
[2022-12-04 14:01:39,335] {logging_mixin.py:109} INFO - Running <TaskInstance: dag1.get_data scheduled__2022-11-07T21:10:00+00:00 [running]> on host 7a020590adae
[2022-12-04 14:01:39,420] {taskinstance.py:1426} INFO - Exporting the following env vars:
AIRFLOW_CTX_DAG_OWNER=Fadlil
AIRFLOW_CTX_DAG_ID=dag1
AIRFLOW_CTX_TASK_ID=get_data
AIRFLOW_CTX_EXECUTION_DATE=2022-11-07T21:10:00+00:00
AIRFLOW_CTX_DAG_RUN_ID=scheduled__2022-11-07T21:10:00+00:00
[2022-12-04 14:01:40,146] {python.py:175} INFO - Done. Returned value was: None
[2022-12-04 14:01:40,196] {taskinstance.py:1277} INFO - Marking task as SUCCESS. dag_id=dag1, task_id=get_data, execution_date=20221107T211000, start_date=20221204T140139, end_date=20221204T140140
[2022-12-04 14:01:40,235] {local_task_job.py:154} INFO - Task exited with return code 0
[2022-12-04 14:01:40,325] {local_task_job.py:264} INFO - 1 downstream tasks scheduled from follow-on schedule check
