[2022-12-04 11:04:02,825] {taskinstance.py:1032} INFO - Dependencies all met for <TaskInstance: dag1.save_to_csv scheduled__2022-11-04T00:50:00+00:00 [queued]>
[2022-12-04 11:04:02,915] {taskinstance.py:1032} INFO - Dependencies all met for <TaskInstance: dag1.save_to_csv scheduled__2022-11-04T00:50:00+00:00 [queued]>
[2022-12-04 11:04:02,920] {taskinstance.py:1238} INFO - 
--------------------------------------------------------------------------------
[2022-12-04 11:04:02,924] {taskinstance.py:1239} INFO - Starting attempt 1 of 2
[2022-12-04 11:04:02,925] {taskinstance.py:1240} INFO - 
--------------------------------------------------------------------------------
[2022-12-04 11:04:03,093] {taskinstance.py:1259} INFO - Executing <Task(PythonOperator): save_to_csv> on 2022-11-04 00:50:00+00:00
[2022-12-04 11:04:03,124] {standard_task_runner.py:76} INFO - Running: ['***', 'tasks', 'run', 'dag1', 'save_to_csv', 'scheduled__2022-11-04T00:50:00+00:00', '--job-id', '5122', '--raw', '--subdir', 'DAGS_FOLDER/AirflowClean2.py', '--cfg-path', '/tmp/tmpepd8l_i3', '--error-file', '/tmp/tmp7yaqvb5h']
[2022-12-04 11:04:03,129] {standard_task_runner.py:77} INFO - Job 5122: Subtask save_to_csv
[2022-12-04 11:04:03,114] {standard_task_runner.py:52} INFO - Started process 12223 to run task
[2022-12-04 11:04:04,122] {logging_mixin.py:109} INFO - Running <TaskInstance: dag1.save_to_csv scheduled__2022-11-04T00:50:00+00:00 [running]> on host 9e44869ff3ef
[2022-12-04 11:04:04,445] {taskinstance.py:1426} INFO - Exporting the following env vars:
AIRFLOW_CTX_DAG_OWNER=Fadlil
AIRFLOW_CTX_DAG_ID=dag1
AIRFLOW_CTX_TASK_ID=save_to_csv
AIRFLOW_CTX_EXECUTION_DATE=2022-11-04T00:50:00+00:00
AIRFLOW_CTX_DAG_RUN_ID=scheduled__2022-11-04T00:50:00+00:00
[2022-12-04 11:04:04,541] {python.py:175} INFO - Done. Returned value was: None
[2022-12-04 11:04:04,888] {taskinstance.py:1277} INFO - Marking task as SUCCESS. dag_id=dag1, task_id=save_to_csv, execution_date=20221104T005000, start_date=20221204T110402, end_date=20221204T110404
[2022-12-04 11:04:05,231] {local_task_job.py:154} INFO - Task exited with return code 0
[2022-12-04 11:04:06,670] {local_task_job.py:264} INFO - 0 downstream tasks scheduled from follow-on schedule check
