[2022-12-04 11:07:29,436] {taskinstance.py:1032} INFO - Dependencies all met for <TaskInstance: dag1.save_to_csv scheduled__2022-11-04T09:20:00+00:00 [queued]>
[2022-12-04 11:07:29,511] {taskinstance.py:1032} INFO - Dependencies all met for <TaskInstance: dag1.save_to_csv scheduled__2022-11-04T09:20:00+00:00 [queued]>
[2022-12-04 11:07:29,511] {taskinstance.py:1238} INFO - 
--------------------------------------------------------------------------------
[2022-12-04 11:07:29,513] {taskinstance.py:1239} INFO - Starting attempt 1 of 2
[2022-12-04 11:07:29,514] {taskinstance.py:1240} INFO - 
--------------------------------------------------------------------------------
[2022-12-04 11:07:29,556] {taskinstance.py:1259} INFO - Executing <Task(PythonOperator): save_to_csv> on 2022-11-04 09:20:00+00:00
[2022-12-04 11:07:29,586] {standard_task_runner.py:76} INFO - Running: ['***', 'tasks', 'run', 'dag1', 'save_to_csv', 'scheduled__2022-11-04T09:20:00+00:00', '--job-id', '5336', '--raw', '--subdir', 'DAGS_FOLDER/AirflowClean2.py', '--cfg-path', '/tmp/tmp1bmmnsju', '--error-file', '/tmp/tmp90gcbvz_']
[2022-12-04 11:07:29,591] {standard_task_runner.py:77} INFO - Job 5336: Subtask save_to_csv
[2022-12-04 11:07:29,568] {standard_task_runner.py:52} INFO - Started process 12954 to run task
[2022-12-04 11:07:29,834] {logging_mixin.py:109} INFO - Running <TaskInstance: dag1.save_to_csv scheduled__2022-11-04T09:20:00+00:00 [running]> on host 9e44869ff3ef
[2022-12-04 11:07:30,043] {taskinstance.py:1426} INFO - Exporting the following env vars:
AIRFLOW_CTX_DAG_OWNER=Fadlil
AIRFLOW_CTX_DAG_ID=dag1
AIRFLOW_CTX_TASK_ID=save_to_csv
AIRFLOW_CTX_EXECUTION_DATE=2022-11-04T09:20:00+00:00
AIRFLOW_CTX_DAG_RUN_ID=scheduled__2022-11-04T09:20:00+00:00
[2022-12-04 11:07:30,159] {python.py:175} INFO - Done. Returned value was: None
[2022-12-04 11:07:30,179] {taskinstance.py:1277} INFO - Marking task as SUCCESS. dag_id=dag1, task_id=save_to_csv, execution_date=20221104T092000, start_date=20221204T110729, end_date=20221204T110730
[2022-12-04 11:07:30,256] {local_task_job.py:154} INFO - Task exited with return code 0
[2022-12-04 11:07:30,446] {local_task_job.py:264} INFO - 1 downstream tasks scheduled from follow-on schedule check
