[2022-12-04 10:35:20,391] {taskinstance.py:1032} INFO - Dependencies all met for <TaskInstance: dag1.save_to_parquet scheduled__2022-11-01T00:30:00+00:00 [queued]>
[2022-12-04 10:35:20,493] {taskinstance.py:1032} INFO - Dependencies all met for <TaskInstance: dag1.save_to_parquet scheduled__2022-11-01T00:30:00+00:00 [queued]>
[2022-12-04 10:35:20,494] {taskinstance.py:1238} INFO - 
--------------------------------------------------------------------------------
[2022-12-04 10:35:20,495] {taskinstance.py:1239} INFO - Starting attempt 1 of 2
[2022-12-04 10:35:20,495] {taskinstance.py:1240} INFO - 
--------------------------------------------------------------------------------
[2022-12-04 10:35:20,588] {taskinstance.py:1259} INFO - Executing <Task(PythonOperator): save_to_parquet> on 2022-11-01 00:30:00+00:00
[2022-12-04 10:35:20,611] {standard_task_runner.py:52} INFO - Started process 6181 to run task
[2022-12-04 10:35:20,692] {standard_task_runner.py:76} INFO - Running: ['***', 'tasks', 'run', 'dag1', 'save_to_parquet', 'scheduled__2022-11-01T00:30:00+00:00', '--job-id', '3382', '--raw', '--subdir', 'DAGS_FOLDER/AirflowClean2.py', '--cfg-path', '/tmp/tmpz29h05ly', '--error-file', '/tmp/tmp6c7v92u0']
[2022-12-04 10:35:20,735] {standard_task_runner.py:77} INFO - Job 3382: Subtask save_to_parquet
[2022-12-04 10:35:21,285] {logging_mixin.py:109} INFO - Running <TaskInstance: dag1.save_to_parquet scheduled__2022-11-01T00:30:00+00:00 [running]> on host 9e44869ff3ef
[2022-12-04 10:35:21,796] {taskinstance.py:1426} INFO - Exporting the following env vars:
AIRFLOW_CTX_DAG_OWNER=Fadlil
AIRFLOW_CTX_DAG_ID=dag1
AIRFLOW_CTX_TASK_ID=save_to_parquet
AIRFLOW_CTX_EXECUTION_DATE=2022-11-01T00:30:00+00:00
AIRFLOW_CTX_DAG_RUN_ID=scheduled__2022-11-01T00:30:00+00:00
[2022-12-04 10:35:21,888] {python.py:175} INFO - Done. Returned value was: None
[2022-12-04 10:35:21,935] {taskinstance.py:1277} INFO - Marking task as SUCCESS. dag_id=dag1, task_id=save_to_parquet, execution_date=20221101T003000, start_date=20221204T103520, end_date=20221204T103521
[2022-12-04 10:35:22,265] {local_task_job.py:154} INFO - Task exited with return code 0
[2022-12-04 10:35:22,519] {local_task_job.py:264} INFO - 1 downstream tasks scheduled from follow-on schedule check
