[2022-12-04 11:40:21,503] {taskinstance.py:1032} INFO - Dependencies all met for <TaskInstance: dag1.bigquery_external_table_task scheduled__2022-11-04T15:10:00+00:00 [queued]>
[2022-12-04 11:40:21,518] {taskinstance.py:1032} INFO - Dependencies all met for <TaskInstance: dag1.bigquery_external_table_task scheduled__2022-11-04T15:10:00+00:00 [queued]>
[2022-12-04 11:40:21,519] {taskinstance.py:1238} INFO - 
--------------------------------------------------------------------------------
[2022-12-04 11:40:21,519] {taskinstance.py:1239} INFO - Starting attempt 2 of 2
[2022-12-04 11:40:21,519] {taskinstance.py:1240} INFO - 
--------------------------------------------------------------------------------
[2022-12-04 11:40:21,535] {taskinstance.py:1259} INFO - Executing <Task(BigQueryCreateExternalTableOperator): bigquery_external_table_task> on 2022-11-04 15:10:00+00:00
[2022-12-04 11:40:21,541] {standard_task_runner.py:52} INFO - Started process 13833 to run task
[2022-12-04 11:40:21,547] {standard_task_runner.py:76} INFO - Running: ['***', 'tasks', 'run', 'dag1', 'bigquery_external_table_task', 'scheduled__2022-11-04T15:10:00+00:00', '--job-id', '5496', '--raw', '--subdir', 'DAGS_FOLDER/AirflowClean2.py', '--cfg-path', '/tmp/tmpfak_l6_z', '--error-file', '/tmp/tmprnhbs051']
[2022-12-04 11:40:21,549] {standard_task_runner.py:77} INFO - Job 5496: Subtask bigquery_external_table_task
[2022-12-04 11:40:21,631] {logging_mixin.py:109} INFO - Running <TaskInstance: dag1.bigquery_external_table_task scheduled__2022-11-04T15:10:00+00:00 [running]> on host 9e44869ff3ef
[2022-12-04 11:40:21,703] {taskinstance.py:1426} INFO - Exporting the following env vars:
AIRFLOW_CTX_DAG_OWNER=Fadlil
AIRFLOW_CTX_DAG_ID=dag1
AIRFLOW_CTX_TASK_ID=bigquery_external_table_task
AIRFLOW_CTX_EXECUTION_DATE=2022-11-04T15:10:00+00:00
AIRFLOW_CTX_DAG_RUN_ID=scheduled__2022-11-04T15:10:00+00:00
[2022-12-04 11:40:21,706] {crypto.py:82} WARNING - empty cryptography key - values will not be stored encrypted.
[2022-12-04 11:40:23,135] {taskinstance.py:1277} INFO - Marking task as SUCCESS. dag_id=dag1, task_id=bigquery_external_table_task, execution_date=20221104T151000, start_date=20221204T114021, end_date=20221204T114023
[2022-12-04 11:40:23,286] {local_task_job.py:154} INFO - Task exited with return code 0
[2022-12-04 11:40:23,456] {local_task_job.py:264} INFO - 0 downstream tasks scheduled from follow-on schedule check
