[2022-12-04 04:22:49,837] {taskinstance.py:1032} INFO - Dependencies all met for <TaskInstance: dag1.get_data scheduled__2022-10-28T10:30:00+00:00 [queued]>
[2022-12-04 04:22:49,921] {taskinstance.py:1032} INFO - Dependencies all met for <TaskInstance: dag1.get_data scheduled__2022-10-28T10:30:00+00:00 [queued]>
[2022-12-04 04:22:49,922] {taskinstance.py:1238} INFO - 
--------------------------------------------------------------------------------
[2022-12-04 04:22:49,936] {taskinstance.py:1239} INFO - Starting attempt 1 of 2
[2022-12-04 04:22:49,940] {taskinstance.py:1240} INFO - 
--------------------------------------------------------------------------------
[2022-12-04 04:22:50,076] {taskinstance.py:1259} INFO - Executing <Task(PythonOperator): get_data> on 2022-10-28 10:30:00+00:00
[2022-12-04 04:22:50,148] {standard_task_runner.py:76} INFO - Running: ['***', 'tasks', 'run', 'dag1', 'get_data', 'scheduled__2022-10-28T10:30:00+00:00', '--job-id', '1417', '--raw', '--subdir', 'DAGS_FOLDER/AirflowClean2.py', '--cfg-path', '/tmp/tmp25vfstyu', '--error-file', '/tmp/tmpn0wdb7iw']
[2022-12-04 04:22:50,167] {standard_task_runner.py:77} INFO - Job 1417: Subtask get_data
[2022-12-04 04:22:50,128] {standard_task_runner.py:52} INFO - Started process 5012 to run task
[2022-12-04 04:22:50,921] {logging_mixin.py:109} INFO - Running <TaskInstance: dag1.get_data scheduled__2022-10-28T10:30:00+00:00 [running]> on host 422c372562ce
[2022-12-04 04:22:51,753] {taskinstance.py:1426} INFO - Exporting the following env vars:
AIRFLOW_CTX_DAG_OWNER=Fadlil
AIRFLOW_CTX_DAG_ID=dag1
AIRFLOW_CTX_TASK_ID=get_data
AIRFLOW_CTX_EXECUTION_DATE=2022-10-28T10:30:00+00:00
AIRFLOW_CTX_DAG_RUN_ID=scheduled__2022-10-28T10:30:00+00:00
[2022-12-04 04:22:53,685] {python.py:175} INFO - Done. Returned value was: None
[2022-12-04 04:22:53,750] {taskinstance.py:1277} INFO - Marking task as SUCCESS. dag_id=dag1, task_id=get_data, execution_date=20221028T103000, start_date=20221204T042249, end_date=20221204T042253
[2022-12-04 04:22:54,019] {local_task_job.py:154} INFO - Task exited with return code 0
[2022-12-04 04:22:54,194] {local_task_job.py:264} INFO - 1 downstream tasks scheduled from follow-on schedule check
