[2022-12-04 14:01:21,511] {taskinstance.py:1032} INFO - Dependencies all met for <TaskInstance: dag1.local_to_gcs_task scheduled__2022-11-07T18:20:00+00:00 [queued]>
[2022-12-04 14:01:21,527] {taskinstance.py:1032} INFO - Dependencies all met for <TaskInstance: dag1.local_to_gcs_task scheduled__2022-11-07T18:20:00+00:00 [queued]>
[2022-12-04 14:01:21,527] {taskinstance.py:1238} INFO - 
--------------------------------------------------------------------------------
[2022-12-04 14:01:21,527] {taskinstance.py:1239} INFO - Starting attempt 1 of 2
[2022-12-04 14:01:21,528] {taskinstance.py:1240} INFO - 
--------------------------------------------------------------------------------
[2022-12-04 14:01:21,549] {taskinstance.py:1259} INFO - Executing <Task(PythonOperator): local_to_gcs_task> on 2022-11-07 18:20:00+00:00
[2022-12-04 14:01:21,557] {standard_task_runner.py:52} INFO - Started process 7591 to run task
[2022-12-04 14:01:21,562] {standard_task_runner.py:76} INFO - Running: ['***', 'tasks', 'run', 'dag1', 'local_to_gcs_task', 'scheduled__2022-11-07T18:20:00+00:00', '--job-id', '8308', '--raw', '--subdir', 'DAGS_FOLDER/AirflowClean2.py', '--cfg-path', '/tmp/tmpcozkwcuo', '--error-file', '/tmp/tmp0qf9qqx7']
[2022-12-04 14:01:21,563] {standard_task_runner.py:77} INFO - Job 8308: Subtask local_to_gcs_task
[2022-12-04 14:01:21,642] {logging_mixin.py:109} INFO - Running <TaskInstance: dag1.local_to_gcs_task scheduled__2022-11-07T18:20:00+00:00 [running]> on host 7a020590adae
[2022-12-04 14:01:21,731] {taskinstance.py:1426} INFO - Exporting the following env vars:
AIRFLOW_CTX_DAG_OWNER=Fadlil
AIRFLOW_CTX_DAG_ID=dag1
AIRFLOW_CTX_TASK_ID=local_to_gcs_task
AIRFLOW_CTX_EXECUTION_DATE=2022-11-07T18:20:00+00:00
AIRFLOW_CTX_DAG_RUN_ID=scheduled__2022-11-07T18:20:00+00:00
[2022-12-04 14:01:22,392] {python.py:175} INFO - Done. Returned value was: None
[2022-12-04 14:01:22,426] {taskinstance.py:1277} INFO - Marking task as SUCCESS. dag_id=dag1, task_id=local_to_gcs_task, execution_date=20221107T182000, start_date=20221204T140121, end_date=20221204T140122
[2022-12-04 14:01:22,554] {local_task_job.py:154} INFO - Task exited with return code 0
[2022-12-04 14:01:22,699] {local_task_job.py:264} INFO - 1 downstream tasks scheduled from follow-on schedule check
