[2022-12-04 11:48:59,679] {taskinstance.py:1032} INFO - Dependencies all met for <TaskInstance: dag1.local_to_gcs_task scheduled__2022-11-05T05:00:00+00:00 [queued]>
[2022-12-04 11:49:00,075] {taskinstance.py:1032} INFO - Dependencies all met for <TaskInstance: dag1.local_to_gcs_task scheduled__2022-11-05T05:00:00+00:00 [queued]>
[2022-12-04 11:49:00,079] {taskinstance.py:1238} INFO - 
--------------------------------------------------------------------------------
[2022-12-04 11:49:00,082] {taskinstance.py:1239} INFO - Starting attempt 1 of 2
[2022-12-04 11:49:00,088] {taskinstance.py:1240} INFO - 
--------------------------------------------------------------------------------
[2022-12-04 11:49:00,320] {taskinstance.py:1259} INFO - Executing <Task(PythonOperator): local_to_gcs_task> on 2022-11-05 05:00:00+00:00
[2022-12-04 11:49:00,398] {standard_task_runner.py:76} INFO - Running: ['***', 'tasks', 'run', 'dag1', 'local_to_gcs_task', 'scheduled__2022-11-05T05:00:00+00:00', '--job-id', '5934', '--raw', '--subdir', 'DAGS_FOLDER/AirflowClean2.py', '--cfg-path', '/tmp/tmp3qt_yatc', '--error-file', '/tmp/tmpxy81n06b']
[2022-12-04 11:49:00,443] {standard_task_runner.py:77} INFO - Job 5934: Subtask local_to_gcs_task
[2022-12-04 11:49:00,342] {standard_task_runner.py:52} INFO - Started process 15389 to run task
[2022-12-04 11:49:01,313] {logging_mixin.py:109} INFO - Running <TaskInstance: dag1.local_to_gcs_task scheduled__2022-11-05T05:00:00+00:00 [running]> on host 9e44869ff3ef
[2022-12-04 11:49:01,988] {taskinstance.py:1426} INFO - Exporting the following env vars:
AIRFLOW_CTX_DAG_OWNER=Fadlil
AIRFLOW_CTX_DAG_ID=dag1
AIRFLOW_CTX_TASK_ID=local_to_gcs_task
AIRFLOW_CTX_EXECUTION_DATE=2022-11-05T05:00:00+00:00
AIRFLOW_CTX_DAG_RUN_ID=scheduled__2022-11-05T05:00:00+00:00
[2022-12-04 11:49:03,929] {python.py:175} INFO - Done. Returned value was: None
[2022-12-04 11:49:04,522] {taskinstance.py:1277} INFO - Marking task as SUCCESS. dag_id=dag1, task_id=local_to_gcs_task, execution_date=20221105T050000, start_date=20221204T114859, end_date=20221204T114904
[2022-12-04 11:49:04,810] {local_task_job.py:154} INFO - Task exited with return code 0
[2022-12-04 11:49:05,271] {local_task_job.py:264} INFO - 1 downstream tasks scheduled from follow-on schedule check
