[2022-12-04 10:59:40,249] {taskinstance.py:1032} INFO - Dependencies all met for <TaskInstance: dag1.get_data scheduled__2022-11-03T14:00:00+00:00 [queued]>
[2022-12-04 10:59:40,381] {taskinstance.py:1032} INFO - Dependencies all met for <TaskInstance: dag1.get_data scheduled__2022-11-03T14:00:00+00:00 [queued]>
[2022-12-04 10:59:40,390] {taskinstance.py:1238} INFO - 
--------------------------------------------------------------------------------
[2022-12-04 10:59:40,392] {taskinstance.py:1239} INFO - Starting attempt 1 of 2
[2022-12-04 10:59:40,393] {taskinstance.py:1240} INFO - 
--------------------------------------------------------------------------------
[2022-12-04 10:59:40,511] {taskinstance.py:1259} INFO - Executing <Task(PythonOperator): get_data> on 2022-11-03 14:00:00+00:00
[2022-12-04 10:59:40,537] {standard_task_runner.py:52} INFO - Started process 11292 to run task
[2022-12-04 10:59:40,586] {standard_task_runner.py:76} INFO - Running: ['***', 'tasks', 'run', 'dag1', 'get_data', 'scheduled__2022-11-03T14:00:00+00:00', '--job-id', '4850', '--raw', '--subdir', 'DAGS_FOLDER/AirflowClean2.py', '--cfg-path', '/tmp/tmpoegkzg8_', '--error-file', '/tmp/tmp0eoz9syk']
[2022-12-04 10:59:40,590] {standard_task_runner.py:77} INFO - Job 4850: Subtask get_data
[2022-12-04 10:59:41,572] {logging_mixin.py:109} INFO - Running <TaskInstance: dag1.get_data scheduled__2022-11-03T14:00:00+00:00 [running]> on host 9e44869ff3ef
[2022-12-04 10:59:41,792] {taskinstance.py:1426} INFO - Exporting the following env vars:
AIRFLOW_CTX_DAG_OWNER=Fadlil
AIRFLOW_CTX_DAG_ID=dag1
AIRFLOW_CTX_TASK_ID=get_data
AIRFLOW_CTX_EXECUTION_DATE=2022-11-03T14:00:00+00:00
AIRFLOW_CTX_DAG_RUN_ID=scheduled__2022-11-03T14:00:00+00:00
[2022-12-04 10:59:42,639] {python.py:175} INFO - Done. Returned value was: None
[2022-12-04 10:59:42,712] {taskinstance.py:1277} INFO - Marking task as SUCCESS. dag_id=dag1, task_id=get_data, execution_date=20221103T140000, start_date=20221204T105940, end_date=20221204T105942
[2022-12-04 10:59:42,991] {local_task_job.py:154} INFO - Task exited with return code 0
[2022-12-04 10:59:44,507] {local_task_job.py:264} INFO - 1 downstream tasks scheduled from follow-on schedule check
