[2022-12-04 11:57:07,715] {taskinstance.py:1032} INFO - Dependencies all met for <TaskInstance: dag1.save_to_parquet scheduled__2022-11-05T09:30:00+00:00 [queued]>
[2022-12-04 11:57:07,825] {taskinstance.py:1032} INFO - Dependencies all met for <TaskInstance: dag1.save_to_parquet scheduled__2022-11-05T09:30:00+00:00 [queued]>
[2022-12-04 11:57:07,833] {taskinstance.py:1238} INFO - 
--------------------------------------------------------------------------------
[2022-12-04 11:57:07,834] {taskinstance.py:1239} INFO - Starting attempt 2 of 2
[2022-12-04 11:57:07,834] {taskinstance.py:1240} INFO - 
--------------------------------------------------------------------------------
[2022-12-04 11:57:07,929] {taskinstance.py:1259} INFO - Executing <Task(PythonOperator): save_to_parquet> on 2022-11-05 09:30:00+00:00
[2022-12-04 11:57:07,946] {standard_task_runner.py:52} INFO - Started process 16167 to run task
[2022-12-04 11:57:07,975] {standard_task_runner.py:76} INFO - Running: ['***', 'tasks', 'run', 'dag1', 'save_to_parquet', 'scheduled__2022-11-05T09:30:00+00:00', '--job-id', '6091', '--raw', '--subdir', 'DAGS_FOLDER/AirflowClean2.py', '--cfg-path', '/tmp/tmpg4qwyp1v', '--error-file', '/tmp/tmpz_2qd3x0']
[2022-12-04 11:57:08,024] {standard_task_runner.py:77} INFO - Job 6091: Subtask save_to_parquet
[2022-12-04 11:57:08,511] {logging_mixin.py:109} INFO - Running <TaskInstance: dag1.save_to_parquet scheduled__2022-11-05T09:30:00+00:00 [running]> on host 9e44869ff3ef
[2022-12-04 11:57:08,753] {taskinstance.py:1426} INFO - Exporting the following env vars:
AIRFLOW_CTX_DAG_OWNER=Fadlil
AIRFLOW_CTX_DAG_ID=dag1
AIRFLOW_CTX_TASK_ID=save_to_parquet
AIRFLOW_CTX_EXECUTION_DATE=2022-11-05T09:30:00+00:00
AIRFLOW_CTX_DAG_RUN_ID=scheduled__2022-11-05T09:30:00+00:00
[2022-12-04 11:57:09,006] {python.py:175} INFO - Done. Returned value was: None
[2022-12-04 11:57:09,771] {taskinstance.py:1277} INFO - Marking task as SUCCESS. dag_id=dag1, task_id=save_to_parquet, execution_date=20221105T093000, start_date=20221204T115707, end_date=20221204T115709
[2022-12-04 11:57:10,030] {local_task_job.py:154} INFO - Task exited with return code 0
[2022-12-04 11:57:10,671] {local_task_job.py:264} INFO - 1 downstream tasks scheduled from follow-on schedule check
