[2022-12-04 17:19:31,800] {taskinstance.py:1032} INFO - Dependencies all met for <TaskInstance: dag1.get_data scheduled__2022-11-10T03:40:00+00:00 [queued]>
[2022-12-04 17:19:31,818] {taskinstance.py:1032} INFO - Dependencies all met for <TaskInstance: dag1.get_data scheduled__2022-11-10T03:40:00+00:00 [queued]>
[2022-12-04 17:19:31,819] {taskinstance.py:1238} INFO - 
--------------------------------------------------------------------------------
[2022-12-04 17:19:31,821] {taskinstance.py:1239} INFO - Starting attempt 1 of 2
[2022-12-04 17:19:31,821] {taskinstance.py:1240} INFO - 
--------------------------------------------------------------------------------
[2022-12-04 17:19:31,859] {taskinstance.py:1259} INFO - Executing <Task(PythonOperator): get_data> on 2022-11-10 03:40:00+00:00
[2022-12-04 17:19:31,921] {standard_task_runner.py:52} INFO - Started process 17665 to run task
[2022-12-04 17:19:31,946] {standard_task_runner.py:76} INFO - Running: ['***', 'tasks', 'run', 'dag1', 'get_data', 'scheduled__2022-11-10T03:40:00+00:00', '--job-id', '10391', '--raw', '--subdir', 'DAGS_FOLDER/AirflowClean2.py', '--cfg-path', '/tmp/tmpz9h421qo', '--error-file', '/tmp/tmprk5bkcob']
[2022-12-04 17:19:31,975] {standard_task_runner.py:77} INFO - Job 10391: Subtask get_data
[2022-12-04 17:19:32,337] {logging_mixin.py:109} INFO - Running <TaskInstance: dag1.get_data scheduled__2022-11-10T03:40:00+00:00 [running]> on host 7a020590adae
[2022-12-04 17:19:32,551] {taskinstance.py:1426} INFO - Exporting the following env vars:
AIRFLOW_CTX_DAG_OWNER=Fadlil
AIRFLOW_CTX_DAG_ID=dag1
AIRFLOW_CTX_TASK_ID=get_data
AIRFLOW_CTX_EXECUTION_DATE=2022-11-10T03:40:00+00:00
AIRFLOW_CTX_DAG_RUN_ID=scheduled__2022-11-10T03:40:00+00:00
[2022-12-04 17:19:33,259] {python.py:175} INFO - Done. Returned value was: None
[2022-12-04 17:19:33,328] {taskinstance.py:1277} INFO - Marking task as SUCCESS. dag_id=dag1, task_id=get_data, execution_date=20221110T034000, start_date=20221204T171931, end_date=20221204T171933
[2022-12-04 17:19:33,434] {local_task_job.py:154} INFO - Task exited with return code 0
[2022-12-04 17:19:33,513] {local_task_job.py:264} INFO - 1 downstream tasks scheduled from follow-on schedule check
