[2022-12-04 17:28:02,747] {taskinstance.py:1032} INFO - Dependencies all met for <TaskInstance: dag1.local_to_gcs_task scheduled__2022-11-10T07:40:00+00:00 [queued]>
[2022-12-04 17:28:02,834] {taskinstance.py:1032} INFO - Dependencies all met for <TaskInstance: dag1.local_to_gcs_task scheduled__2022-11-10T07:40:00+00:00 [queued]>
[2022-12-04 17:28:02,834] {taskinstance.py:1238} INFO - 
--------------------------------------------------------------------------------
[2022-12-04 17:28:02,835] {taskinstance.py:1239} INFO - Starting attempt 1 of 2
[2022-12-04 17:28:02,844] {taskinstance.py:1240} INFO - 
--------------------------------------------------------------------------------
[2022-12-04 17:28:02,947] {taskinstance.py:1259} INFO - Executing <Task(PythonOperator): local_to_gcs_task> on 2022-11-10 07:40:00+00:00
[2022-12-04 17:28:02,971] {standard_task_runner.py:52} INFO - Started process 18394 to run task
[2022-12-04 17:28:03,037] {standard_task_runner.py:76} INFO - Running: ['***', 'tasks', 'run', 'dag1', 'local_to_gcs_task', 'scheduled__2022-11-10T07:40:00+00:00', '--job-id', '10545', '--raw', '--subdir', 'DAGS_FOLDER/AirflowClean2.py', '--cfg-path', '/tmp/tmpwi58g8s5', '--error-file', '/tmp/tmpctw2c35s']
[2022-12-04 17:28:03,058] {standard_task_runner.py:77} INFO - Job 10545: Subtask local_to_gcs_task
[2022-12-04 17:28:03,527] {logging_mixin.py:109} INFO - Running <TaskInstance: dag1.local_to_gcs_task scheduled__2022-11-10T07:40:00+00:00 [running]> on host 7a020590adae
[2022-12-04 17:28:04,372] {taskinstance.py:1426} INFO - Exporting the following env vars:
AIRFLOW_CTX_DAG_OWNER=Fadlil
AIRFLOW_CTX_DAG_ID=dag1
AIRFLOW_CTX_TASK_ID=local_to_gcs_task
AIRFLOW_CTX_EXECUTION_DATE=2022-11-10T07:40:00+00:00
AIRFLOW_CTX_DAG_RUN_ID=scheduled__2022-11-10T07:40:00+00:00
[2022-12-04 17:28:05,748] {python.py:175} INFO - Done. Returned value was: None
[2022-12-04 17:28:06,005] {taskinstance.py:1277} INFO - Marking task as SUCCESS. dag_id=dag1, task_id=local_to_gcs_task, execution_date=20221110T074000, start_date=20221204T172802, end_date=20221204T172806
[2022-12-04 17:28:06,354] {local_task_job.py:154} INFO - Task exited with return code 0
[2022-12-04 17:28:08,179] {local_task_job.py:264} INFO - 0 downstream tasks scheduled from follow-on schedule check
