[2022-12-04 09:55:37,569] {taskinstance.py:1032} INFO - Dependencies all met for <TaskInstance: dag1.get_data scheduled__2022-10-30T21:40:00+00:00 [queued]>
[2022-12-04 09:55:37,592] {taskinstance.py:1032} INFO - Dependencies all met for <TaskInstance: dag1.get_data scheduled__2022-10-30T21:40:00+00:00 [queued]>
[2022-12-04 09:55:37,593] {taskinstance.py:1238} INFO - 
--------------------------------------------------------------------------------
[2022-12-04 09:55:37,594] {taskinstance.py:1239} INFO - Starting attempt 1 of 2
[2022-12-04 09:55:37,596] {taskinstance.py:1240} INFO - 
--------------------------------------------------------------------------------
[2022-12-04 09:55:37,635] {taskinstance.py:1259} INFO - Executing <Task(PythonOperator): get_data> on 2022-10-30 21:40:00+00:00
[2022-12-04 09:55:37,642] {standard_task_runner.py:52} INFO - Started process 2823 to run task
[2022-12-04 09:55:37,662] {standard_task_runner.py:76} INFO - Running: ['***', 'tasks', 'run', 'dag1', 'get_data', 'scheduled__2022-10-30T21:40:00+00:00', '--job-id', '2715', '--raw', '--subdir', 'DAGS_FOLDER/AirflowClean2.py', '--cfg-path', '/tmp/tmp0zw1g9sk', '--error-file', '/tmp/tmpkvoxe4ao']
[2022-12-04 09:55:37,664] {standard_task_runner.py:77} INFO - Job 2715: Subtask get_data
[2022-12-04 09:55:38,103] {logging_mixin.py:109} INFO - Running <TaskInstance: dag1.get_data scheduled__2022-10-30T21:40:00+00:00 [running]> on host 9e44869ff3ef
[2022-12-04 09:55:38,430] {taskinstance.py:1426} INFO - Exporting the following env vars:
AIRFLOW_CTX_DAG_OWNER=Fadlil
AIRFLOW_CTX_DAG_ID=dag1
AIRFLOW_CTX_TASK_ID=get_data
AIRFLOW_CTX_EXECUTION_DATE=2022-10-30T21:40:00+00:00
AIRFLOW_CTX_DAG_RUN_ID=scheduled__2022-10-30T21:40:00+00:00
[2022-12-04 09:55:39,278] {python.py:175} INFO - Done. Returned value was: None
[2022-12-04 09:55:39,311] {taskinstance.py:1277} INFO - Marking task as SUCCESS. dag_id=dag1, task_id=get_data, execution_date=20221030T214000, start_date=20221204T095537, end_date=20221204T095539
[2022-12-04 09:55:39,423] {local_task_job.py:154} INFO - Task exited with return code 0
[2022-12-04 09:55:40,090] {local_task_job.py:264} INFO - 0 downstream tasks scheduled from follow-on schedule check
