[2022-12-04 15:02:53,118] {taskinstance.py:1032} INFO - Dependencies all met for <TaskInstance: dag1.get_data scheduled__2022-11-09T03:20:00+00:00 [queued]>
[2022-12-04 15:02:53,130] {taskinstance.py:1032} INFO - Dependencies all met for <TaskInstance: dag1.get_data scheduled__2022-11-09T03:20:00+00:00 [queued]>
[2022-12-04 15:02:53,131] {taskinstance.py:1238} INFO - 
--------------------------------------------------------------------------------
[2022-12-04 15:02:53,131] {taskinstance.py:1239} INFO - Starting attempt 1 of 2
[2022-12-04 15:02:53,132] {taskinstance.py:1240} INFO - 
--------------------------------------------------------------------------------
[2022-12-04 15:02:53,151] {taskinstance.py:1259} INFO - Executing <Task(PythonOperator): get_data> on 2022-11-09 03:20:00+00:00
[2022-12-04 15:02:53,157] {standard_task_runner.py:52} INFO - Started process 13149 to run task
[2022-12-04 15:02:53,163] {standard_task_runner.py:76} INFO - Running: ['***', 'tasks', 'run', 'dag1', 'get_data', 'scheduled__2022-11-09T03:20:00+00:00', '--job-id', '9462', '--raw', '--subdir', 'DAGS_FOLDER/AirflowClean2.py', '--cfg-path', '/tmp/tmp077z_ix7', '--error-file', '/tmp/tmpc4yu6adg']
[2022-12-04 15:02:53,165] {standard_task_runner.py:77} INFO - Job 9462: Subtask get_data
[2022-12-04 15:02:53,254] {logging_mixin.py:109} INFO - Running <TaskInstance: dag1.get_data scheduled__2022-11-09T03:20:00+00:00 [running]> on host 7a020590adae
[2022-12-04 15:02:53,332] {taskinstance.py:1426} INFO - Exporting the following env vars:
AIRFLOW_CTX_DAG_OWNER=Fadlil
AIRFLOW_CTX_DAG_ID=dag1
AIRFLOW_CTX_TASK_ID=get_data
AIRFLOW_CTX_EXECUTION_DATE=2022-11-09T03:20:00+00:00
AIRFLOW_CTX_DAG_RUN_ID=scheduled__2022-11-09T03:20:00+00:00
[2022-12-04 15:02:53,995] {python.py:175} INFO - Done. Returned value was: None
[2022-12-04 15:02:54,250] {taskinstance.py:1277} INFO - Marking task as SUCCESS. dag_id=dag1, task_id=get_data, execution_date=20221109T032000, start_date=20221204T150253, end_date=20221204T150254
[2022-12-04 15:02:54,384] {local_task_job.py:154} INFO - Task exited with return code 0
[2022-12-04 15:02:54,463] {local_task_job.py:264} INFO - 1 downstream tasks scheduled from follow-on schedule check
