[2022-12-04 11:57:27,418] {taskinstance.py:1032} INFO - Dependencies all met for <TaskInstance: dag1.save_to_csv scheduled__2022-11-05T11:40:00+00:00 [queued]>
[2022-12-04 11:57:27,545] {taskinstance.py:1032} INFO - Dependencies all met for <TaskInstance: dag1.save_to_csv scheduled__2022-11-05T11:40:00+00:00 [queued]>
[2022-12-04 11:57:27,548] {taskinstance.py:1238} INFO - 
--------------------------------------------------------------------------------
[2022-12-04 11:57:27,551] {taskinstance.py:1239} INFO - Starting attempt 1 of 2
[2022-12-04 11:57:27,573] {taskinstance.py:1240} INFO - 
--------------------------------------------------------------------------------
[2022-12-04 11:57:27,821] {taskinstance.py:1259} INFO - Executing <Task(PythonOperator): save_to_csv> on 2022-11-05 11:40:00+00:00
[2022-12-04 11:57:27,945] {standard_task_runner.py:52} INFO - Started process 16234 to run task
[2022-12-04 11:57:27,881] {standard_task_runner.py:76} INFO - Running: ['***', 'tasks', 'run', 'dag1', 'save_to_csv', 'scheduled__2022-11-05T11:40:00+00:00', '--job-id', '6110', '--raw', '--subdir', 'DAGS_FOLDER/AirflowClean2.py', '--cfg-path', '/tmp/tmpp6n7br6l', '--error-file', '/tmp/tmp4jblnrmc']
[2022-12-04 11:57:28,048] {standard_task_runner.py:77} INFO - Job 6110: Subtask save_to_csv
[2022-12-04 11:57:28,901] {logging_mixin.py:109} INFO - Running <TaskInstance: dag1.save_to_csv scheduled__2022-11-05T11:40:00+00:00 [running]> on host 9e44869ff3ef
[2022-12-04 11:57:29,235] {taskinstance.py:1426} INFO - Exporting the following env vars:
AIRFLOW_CTX_DAG_OWNER=Fadlil
AIRFLOW_CTX_DAG_ID=dag1
AIRFLOW_CTX_TASK_ID=save_to_csv
AIRFLOW_CTX_EXECUTION_DATE=2022-11-05T11:40:00+00:00
AIRFLOW_CTX_DAG_RUN_ID=scheduled__2022-11-05T11:40:00+00:00
[2022-12-04 11:57:29,344] {python.py:175} INFO - Done. Returned value was: None
[2022-12-04 11:57:29,430] {taskinstance.py:1277} INFO - Marking task as SUCCESS. dag_id=dag1, task_id=save_to_csv, execution_date=20221105T114000, start_date=20221204T115727, end_date=20221204T115729
[2022-12-04 11:57:29,595] {local_task_job.py:154} INFO - Task exited with return code 0
[2022-12-04 11:57:29,852] {local_task_job.py:264} INFO - 1 downstream tasks scheduled from follow-on schedule check
