[2022-12-04 10:58:41,860] {taskinstance.py:1032} INFO - Dependencies all met for <TaskInstance: dag1.save_to_parquet scheduled__2022-11-03T10:40:00+00:00 [queued]>
[2022-12-04 10:58:41,940] {taskinstance.py:1032} INFO - Dependencies all met for <TaskInstance: dag1.save_to_parquet scheduled__2022-11-03T10:40:00+00:00 [queued]>
[2022-12-04 10:58:41,941] {taskinstance.py:1238} INFO - 
--------------------------------------------------------------------------------
[2022-12-04 10:58:41,942] {taskinstance.py:1239} INFO - Starting attempt 1 of 2
[2022-12-04 10:58:41,944] {taskinstance.py:1240} INFO - 
--------------------------------------------------------------------------------
[2022-12-04 10:58:42,100] {taskinstance.py:1259} INFO - Executing <Task(PythonOperator): save_to_parquet> on 2022-11-03 10:40:00+00:00
[2022-12-04 10:58:42,110] {standard_task_runner.py:52} INFO - Started process 11074 to run task
[2022-12-04 10:58:42,159] {standard_task_runner.py:76} INFO - Running: ['***', 'tasks', 'run', 'dag1', 'save_to_parquet', 'scheduled__2022-11-03T10:40:00+00:00', '--job-id', '4788', '--raw', '--subdir', 'DAGS_FOLDER/AirflowClean2.py', '--cfg-path', '/tmp/tmptjg5ao5u', '--error-file', '/tmp/tmpj0042hd3']
[2022-12-04 10:58:42,190] {standard_task_runner.py:77} INFO - Job 4788: Subtask save_to_parquet
[2022-12-04 10:58:42,463] {logging_mixin.py:109} INFO - Running <TaskInstance: dag1.save_to_parquet scheduled__2022-11-03T10:40:00+00:00 [running]> on host 9e44869ff3ef
[2022-12-04 10:58:42,713] {taskinstance.py:1426} INFO - Exporting the following env vars:
AIRFLOW_CTX_DAG_OWNER=Fadlil
AIRFLOW_CTX_DAG_ID=dag1
AIRFLOW_CTX_TASK_ID=save_to_parquet
AIRFLOW_CTX_EXECUTION_DATE=2022-11-03T10:40:00+00:00
AIRFLOW_CTX_DAG_RUN_ID=scheduled__2022-11-03T10:40:00+00:00
[2022-12-04 10:58:42,799] {python.py:175} INFO - Done. Returned value was: None
[2022-12-04 10:58:42,936] {taskinstance.py:1277} INFO - Marking task as SUCCESS. dag_id=dag1, task_id=save_to_parquet, execution_date=20221103T104000, start_date=20221204T105841, end_date=20221204T105842
[2022-12-04 10:58:43,065] {local_task_job.py:154} INFO - Task exited with return code 0
[2022-12-04 10:58:43,166] {local_task_job.py:264} INFO - 1 downstream tasks scheduled from follow-on schedule check
