[2022-12-04 10:56:30,063] {taskinstance.py:1032} INFO - Dependencies all met for <TaskInstance: dag1.save_to_csv scheduled__2022-11-03T05:10:00+00:00 [queued]>
[2022-12-04 10:56:30,254] {taskinstance.py:1032} INFO - Dependencies all met for <TaskInstance: dag1.save_to_csv scheduled__2022-11-03T05:10:00+00:00 [queued]>
[2022-12-04 10:56:30,256] {taskinstance.py:1238} INFO - 
--------------------------------------------------------------------------------
[2022-12-04 10:56:30,257] {taskinstance.py:1239} INFO - Starting attempt 1 of 2
[2022-12-04 10:56:30,265] {taskinstance.py:1240} INFO - 
--------------------------------------------------------------------------------
[2022-12-04 10:56:30,398] {taskinstance.py:1259} INFO - Executing <Task(PythonOperator): save_to_csv> on 2022-11-03 05:10:00+00:00
[2022-12-04 10:56:30,427] {standard_task_runner.py:76} INFO - Running: ['***', 'tasks', 'run', 'dag1', 'save_to_csv', 'scheduled__2022-11-03T05:10:00+00:00', '--job-id', '4646', '--raw', '--subdir', 'DAGS_FOLDER/AirflowClean2.py', '--cfg-path', '/tmp/tmpzlcr3q72', '--error-file', '/tmp/tmpaqjtloqr']
[2022-12-04 10:56:30,431] {standard_task_runner.py:77} INFO - Job 4646: Subtask save_to_csv
[2022-12-04 10:56:30,407] {standard_task_runner.py:52} INFO - Started process 10595 to run task
[2022-12-04 10:56:30,733] {logging_mixin.py:109} INFO - Running <TaskInstance: dag1.save_to_csv scheduled__2022-11-03T05:10:00+00:00 [running]> on host 9e44869ff3ef
[2022-12-04 10:56:31,035] {taskinstance.py:1426} INFO - Exporting the following env vars:
AIRFLOW_CTX_DAG_OWNER=Fadlil
AIRFLOW_CTX_DAG_ID=dag1
AIRFLOW_CTX_TASK_ID=save_to_csv
AIRFLOW_CTX_EXECUTION_DATE=2022-11-03T05:10:00+00:00
AIRFLOW_CTX_DAG_RUN_ID=scheduled__2022-11-03T05:10:00+00:00
[2022-12-04 10:56:31,134] {python.py:175} INFO - Done. Returned value was: None
[2022-12-04 10:56:31,192] {taskinstance.py:1277} INFO - Marking task as SUCCESS. dag_id=dag1, task_id=save_to_csv, execution_date=20221103T051000, start_date=20221204T105630, end_date=20221204T105631
[2022-12-04 10:56:31,331] {local_task_job.py:154} INFO - Task exited with return code 0
[2022-12-04 10:56:31,501] {local_task_job.py:264} INFO - 1 downstream tasks scheduled from follow-on schedule check
