[2022-12-04 17:46:51,851] {taskinstance.py:1032} INFO - Dependencies all met for <TaskInstance: dag1.save_to_csv scheduled__2022-11-10T16:40:00+00:00 [queued]>
[2022-12-04 17:46:51,897] {taskinstance.py:1032} INFO - Dependencies all met for <TaskInstance: dag1.save_to_csv scheduled__2022-11-10T16:40:00+00:00 [queued]>
[2022-12-04 17:46:51,902] {taskinstance.py:1238} INFO - 
--------------------------------------------------------------------------------
[2022-12-04 17:46:51,903] {taskinstance.py:1239} INFO - Starting attempt 1 of 2
[2022-12-04 17:46:51,903] {taskinstance.py:1240} INFO - 
--------------------------------------------------------------------------------
[2022-12-04 17:46:52,018] {taskinstance.py:1259} INFO - Executing <Task(PythonOperator): save_to_csv> on 2022-11-10 16:40:00+00:00
[2022-12-04 17:46:52,046] {standard_task_runner.py:76} INFO - Running: ['***', 'tasks', 'run', 'dag1', 'save_to_csv', 'scheduled__2022-11-10T16:40:00+00:00', '--job-id', '10890', '--raw', '--subdir', 'DAGS_FOLDER/AirflowClean2.py', '--cfg-path', '/tmp/tmpwazpnfo3', '--error-file', '/tmp/tmpe8b311wg']
[2022-12-04 17:46:52,072] {standard_task_runner.py:77} INFO - Job 10890: Subtask save_to_csv
[2022-12-04 17:46:52,027] {standard_task_runner.py:52} INFO - Started process 20039 to run task
[2022-12-04 17:46:52,410] {logging_mixin.py:109} INFO - Running <TaskInstance: dag1.save_to_csv scheduled__2022-11-10T16:40:00+00:00 [running]> on host 7a020590adae
[2022-12-04 17:46:52,662] {taskinstance.py:1426} INFO - Exporting the following env vars:
AIRFLOW_CTX_DAG_OWNER=Fadlil
AIRFLOW_CTX_DAG_ID=dag1
AIRFLOW_CTX_TASK_ID=save_to_csv
AIRFLOW_CTX_EXECUTION_DATE=2022-11-10T16:40:00+00:00
AIRFLOW_CTX_DAG_RUN_ID=scheduled__2022-11-10T16:40:00+00:00
[2022-12-04 17:46:52,801] {python.py:175} INFO - Done. Returned value was: None
[2022-12-04 17:46:53,348] {taskinstance.py:1277} INFO - Marking task as SUCCESS. dag_id=dag1, task_id=save_to_csv, execution_date=20221110T164000, start_date=20221204T174651, end_date=20221204T174653
[2022-12-04 17:46:53,423] {local_task_job.py:154} INFO - Task exited with return code 0
[2022-12-04 17:46:53,663] {local_task_job.py:264} INFO - 1 downstream tasks scheduled from follow-on schedule check
