[2022-12-03 17:47:31,228] {taskinstance.py:1032} INFO - Dependencies all met for <TaskInstance: dag1.get_data scheduled__2022-10-26T13:00:00+00:00 [queued]>
[2022-12-03 17:47:31,330] {taskinstance.py:1032} INFO - Dependencies all met for <TaskInstance: dag1.get_data scheduled__2022-10-26T13:00:00+00:00 [queued]>
[2022-12-03 17:47:31,331] {taskinstance.py:1238} INFO - 
--------------------------------------------------------------------------------
[2022-12-03 17:47:31,332] {taskinstance.py:1239} INFO - Starting attempt 1 of 2
[2022-12-03 17:47:31,333] {taskinstance.py:1240} INFO - 
--------------------------------------------------------------------------------
[2022-12-03 17:47:31,404] {taskinstance.py:1259} INFO - Executing <Task(PythonOperator): get_data> on 2022-10-26 13:00:00+00:00
[2022-12-03 17:47:31,411] {standard_task_runner.py:52} INFO - Started process 552 to run task
[2022-12-03 17:47:31,459] {standard_task_runner.py:76} INFO - Running: ['***', 'tasks', 'run', 'dag1', 'get_data', 'scheduled__2022-10-26T13:00:00+00:00', '--job-id', '309', '--raw', '--subdir', 'DAGS_FOLDER/AirflowClean2.py', '--cfg-path', '/tmp/tmp1iop90hu', '--error-file', '/tmp/tmp281le801']
[2022-12-03 17:47:31,469] {standard_task_runner.py:77} INFO - Job 309: Subtask get_data
[2022-12-03 17:47:31,671] {logging_mixin.py:109} INFO - Running <TaskInstance: dag1.get_data scheduled__2022-10-26T13:00:00+00:00 [running]> on host 422c372562ce
[2022-12-03 17:47:31,903] {taskinstance.py:1426} INFO - Exporting the following env vars:
AIRFLOW_CTX_DAG_OWNER=Fadlil
AIRFLOW_CTX_DAG_ID=dag1
AIRFLOW_CTX_TASK_ID=get_data
AIRFLOW_CTX_EXECUTION_DATE=2022-10-26T13:00:00+00:00
AIRFLOW_CTX_DAG_RUN_ID=scheduled__2022-10-26T13:00:00+00:00
[2022-12-03 17:47:32,660] {python.py:175} INFO - Done. Returned value was: None
[2022-12-03 17:47:32,848] {taskinstance.py:1277} INFO - Marking task as SUCCESS. dag_id=dag1, task_id=get_data, execution_date=20221026T130000, start_date=20221203T174731, end_date=20221203T174732
[2022-12-03 17:47:32,981] {local_task_job.py:154} INFO - Task exited with return code 0
[2022-12-03 17:47:33,735] {local_task_job.py:264} INFO - 1 downstream tasks scheduled from follow-on schedule check
