[2022-12-04 10:43:04,063] {taskinstance.py:1032} INFO - Dependencies all met for <TaskInstance: dag1.save_to_parquet scheduled__2022-11-01T18:30:00+00:00 [queued]>
[2022-12-04 10:43:04,112] {taskinstance.py:1032} INFO - Dependencies all met for <TaskInstance: dag1.save_to_parquet scheduled__2022-11-01T18:30:00+00:00 [queued]>
[2022-12-04 10:43:04,115] {taskinstance.py:1238} INFO - 
--------------------------------------------------------------------------------
[2022-12-04 10:43:04,115] {taskinstance.py:1239} INFO - Starting attempt 1 of 2
[2022-12-04 10:43:04,117] {taskinstance.py:1240} INFO - 
--------------------------------------------------------------------------------
[2022-12-04 10:43:04,182] {taskinstance.py:1259} INFO - Executing <Task(PythonOperator): save_to_parquet> on 2022-11-01 18:30:00+00:00
[2022-12-04 10:43:04,190] {standard_task_runner.py:52} INFO - Started process 7705 to run task
[2022-12-04 10:43:04,197] {standard_task_runner.py:76} INFO - Running: ['***', 'tasks', 'run', 'dag1', 'save_to_parquet', 'scheduled__2022-11-01T18:30:00+00:00', '--job-id', '3817', '--raw', '--subdir', 'DAGS_FOLDER/AirflowClean2.py', '--cfg-path', '/tmp/tmpgkp_u2dp', '--error-file', '/tmp/tmphyx1lg_z']
[2022-12-04 10:43:04,199] {standard_task_runner.py:77} INFO - Job 3817: Subtask save_to_parquet
[2022-12-04 10:43:04,533] {logging_mixin.py:109} INFO - Running <TaskInstance: dag1.save_to_parquet scheduled__2022-11-01T18:30:00+00:00 [running]> on host 9e44869ff3ef
[2022-12-04 10:43:04,784] {taskinstance.py:1426} INFO - Exporting the following env vars:
AIRFLOW_CTX_DAG_OWNER=Fadlil
AIRFLOW_CTX_DAG_ID=dag1
AIRFLOW_CTX_TASK_ID=save_to_parquet
AIRFLOW_CTX_EXECUTION_DATE=2022-11-01T18:30:00+00:00
AIRFLOW_CTX_DAG_RUN_ID=scheduled__2022-11-01T18:30:00+00:00
[2022-12-04 10:43:05,284] {python.py:175} INFO - Done. Returned value was: None
[2022-12-04 10:43:05,525] {taskinstance.py:1277} INFO - Marking task as SUCCESS. dag_id=dag1, task_id=save_to_parquet, execution_date=20221101T183000, start_date=20221204T104304, end_date=20221204T104305
[2022-12-04 10:43:05,639] {local_task_job.py:154} INFO - Task exited with return code 0
[2022-12-04 10:43:05,804] {local_task_job.py:264} INFO - 1 downstream tasks scheduled from follow-on schedule check
