[2022-12-04 17:03:21,056] {taskinstance.py:1032} INFO - Dependencies all met for <TaskInstance: dag1.get_data scheduled__2022-11-09T19:20:00+00:00 [queued]>
[2022-12-04 17:03:21,090] {taskinstance.py:1032} INFO - Dependencies all met for <TaskInstance: dag1.get_data scheduled__2022-11-09T19:20:00+00:00 [queued]>
[2022-12-04 17:03:21,091] {taskinstance.py:1238} INFO - 
--------------------------------------------------------------------------------
[2022-12-04 17:03:21,095] {taskinstance.py:1239} INFO - Starting attempt 1 of 2
[2022-12-04 17:03:21,096] {taskinstance.py:1240} INFO - 
--------------------------------------------------------------------------------
[2022-12-04 17:03:21,128] {taskinstance.py:1259} INFO - Executing <Task(PythonOperator): get_data> on 2022-11-09 19:20:00+00:00
[2022-12-04 17:03:21,136] {standard_task_runner.py:52} INFO - Started process 16163 to run task
[2022-12-04 17:03:21,144] {standard_task_runner.py:76} INFO - Running: ['***', 'tasks', 'run', 'dag1', 'get_data', 'scheduled__2022-11-09T19:20:00+00:00', '--job-id', '10076', '--raw', '--subdir', 'DAGS_FOLDER/AirflowClean2.py', '--cfg-path', '/tmp/tmpybf21gd9', '--error-file', '/tmp/tmpemoam7dz']
[2022-12-04 17:03:21,146] {standard_task_runner.py:77} INFO - Job 10076: Subtask get_data
[2022-12-04 17:03:21,415] {logging_mixin.py:109} INFO - Running <TaskInstance: dag1.get_data scheduled__2022-11-09T19:20:00+00:00 [running]> on host 7a020590adae
[2022-12-04 17:03:21,604] {taskinstance.py:1426} INFO - Exporting the following env vars:
AIRFLOW_CTX_DAG_OWNER=Fadlil
AIRFLOW_CTX_DAG_ID=dag1
AIRFLOW_CTX_TASK_ID=get_data
AIRFLOW_CTX_EXECUTION_DATE=2022-11-09T19:20:00+00:00
AIRFLOW_CTX_DAG_RUN_ID=scheduled__2022-11-09T19:20:00+00:00
[2022-12-04 17:03:22,329] {python.py:175} INFO - Done. Returned value was: None
[2022-12-04 17:03:22,774] {taskinstance.py:1277} INFO - Marking task as SUCCESS. dag_id=dag1, task_id=get_data, execution_date=20221109T192000, start_date=20221204T170321, end_date=20221204T170322
[2022-12-04 17:03:22,914] {local_task_job.py:154} INFO - Task exited with return code 0
[2022-12-04 17:03:23,098] {local_task_job.py:264} INFO - 1 downstream tasks scheduled from follow-on schedule check
