[2022-12-04 10:44:45,645] {taskinstance.py:1032} INFO - Dependencies all met for <TaskInstance: dag1.save_to_parquet scheduled__2022-11-01T22:40:00+00:00 [queued]>
[2022-12-04 10:44:45,705] {taskinstance.py:1032} INFO - Dependencies all met for <TaskInstance: dag1.save_to_parquet scheduled__2022-11-01T22:40:00+00:00 [queued]>
[2022-12-04 10:44:45,706] {taskinstance.py:1238} INFO - 
--------------------------------------------------------------------------------
[2022-12-04 10:44:45,708] {taskinstance.py:1239} INFO - Starting attempt 1 of 2
[2022-12-04 10:44:45,709] {taskinstance.py:1240} INFO - 
--------------------------------------------------------------------------------
[2022-12-04 10:44:45,853] {taskinstance.py:1259} INFO - Executing <Task(PythonOperator): save_to_parquet> on 2022-11-01 22:40:00+00:00
[2022-12-04 10:44:45,898] {standard_task_runner.py:52} INFO - Started process 8057 to run task
[2022-12-04 10:44:45,903] {standard_task_runner.py:76} INFO - Running: ['***', 'tasks', 'run', 'dag1', 'save_to_parquet', 'scheduled__2022-11-01T22:40:00+00:00', '--job-id', '3916', '--raw', '--subdir', 'DAGS_FOLDER/AirflowClean2.py', '--cfg-path', '/tmp/tmpf18vzhcb', '--error-file', '/tmp/tmprqrn6fbc']
[2022-12-04 10:44:45,936] {standard_task_runner.py:77} INFO - Job 3916: Subtask save_to_parquet
[2022-12-04 10:44:46,202] {logging_mixin.py:109} INFO - Running <TaskInstance: dag1.save_to_parquet scheduled__2022-11-01T22:40:00+00:00 [running]> on host 9e44869ff3ef
[2022-12-04 10:44:46,408] {taskinstance.py:1426} INFO - Exporting the following env vars:
AIRFLOW_CTX_DAG_OWNER=Fadlil
AIRFLOW_CTX_DAG_ID=dag1
AIRFLOW_CTX_TASK_ID=save_to_parquet
AIRFLOW_CTX_EXECUTION_DATE=2022-11-01T22:40:00+00:00
AIRFLOW_CTX_DAG_RUN_ID=scheduled__2022-11-01T22:40:00+00:00
[2022-12-04 10:44:46,467] {python.py:175} INFO - Done. Returned value was: None
[2022-12-04 10:44:47,036] {taskinstance.py:1277} INFO - Marking task as SUCCESS. dag_id=dag1, task_id=save_to_parquet, execution_date=20221101T224000, start_date=20221204T104445, end_date=20221204T104447
[2022-12-04 10:44:47,294] {local_task_job.py:154} INFO - Task exited with return code 0
[2022-12-04 10:44:47,431] {local_task_job.py:264} INFO - 1 downstream tasks scheduled from follow-on schedule check
