[2022-12-04 11:46:25,979] {taskinstance.py:1032} INFO - Dependencies all met for <TaskInstance: dag1.save_to_csv scheduled__2022-11-05T01:40:00+00:00 [queued]>
[2022-12-04 11:46:26,099] {taskinstance.py:1032} INFO - Dependencies all met for <TaskInstance: dag1.save_to_csv scheduled__2022-11-05T01:40:00+00:00 [queued]>
[2022-12-04 11:46:26,099] {taskinstance.py:1238} INFO - 
--------------------------------------------------------------------------------
[2022-12-04 11:46:26,100] {taskinstance.py:1239} INFO - Starting attempt 1 of 2
[2022-12-04 11:46:26,101] {taskinstance.py:1240} INFO - 
--------------------------------------------------------------------------------
[2022-12-04 11:46:26,289] {taskinstance.py:1259} INFO - Executing <Task(PythonOperator): save_to_csv> on 2022-11-05 01:40:00+00:00
[2022-12-04 11:46:26,355] {standard_task_runner.py:52} INFO - Started process 14935 to run task
[2022-12-04 11:46:26,416] {standard_task_runner.py:76} INFO - Running: ['***', 'tasks', 'run', 'dag1', 'save_to_csv', 'scheduled__2022-11-05T01:40:00+00:00', '--job-id', '5805', '--raw', '--subdir', 'DAGS_FOLDER/AirflowClean2.py', '--cfg-path', '/tmp/tmp2o8bwu0r', '--error-file', '/tmp/tmp5kre9udy']
[2022-12-04 11:46:26,427] {standard_task_runner.py:77} INFO - Job 5805: Subtask save_to_csv
[2022-12-04 11:46:26,806] {logging_mixin.py:109} INFO - Running <TaskInstance: dag1.save_to_csv scheduled__2022-11-05T01:40:00+00:00 [running]> on host 9e44869ff3ef
[2022-12-04 11:46:27,529] {taskinstance.py:1426} INFO - Exporting the following env vars:
AIRFLOW_CTX_DAG_OWNER=Fadlil
AIRFLOW_CTX_DAG_ID=dag1
AIRFLOW_CTX_TASK_ID=save_to_csv
AIRFLOW_CTX_EXECUTION_DATE=2022-11-05T01:40:00+00:00
AIRFLOW_CTX_DAG_RUN_ID=scheduled__2022-11-05T01:40:00+00:00
[2022-12-04 11:46:27,611] {python.py:175} INFO - Done. Returned value was: None
[2022-12-04 11:46:27,679] {taskinstance.py:1277} INFO - Marking task as SUCCESS. dag_id=dag1, task_id=save_to_csv, execution_date=20221105T014000, start_date=20221204T114626, end_date=20221204T114627
[2022-12-04 11:46:27,839] {local_task_job.py:154} INFO - Task exited with return code 0
[2022-12-04 11:46:28,872] {local_task_job.py:264} INFO - 0 downstream tasks scheduled from follow-on schedule check
