[2022-12-04 10:59:05,757] {taskinstance.py:1032} INFO - Dependencies all met for <TaskInstance: dag1.save_to_csv scheduled__2022-11-03T11:50:00+00:00 [queued]>
[2022-12-04 10:59:06,595] {taskinstance.py:1032} INFO - Dependencies all met for <TaskInstance: dag1.save_to_csv scheduled__2022-11-03T11:50:00+00:00 [queued]>
[2022-12-04 10:59:06,604] {taskinstance.py:1238} INFO - 
--------------------------------------------------------------------------------
[2022-12-04 10:59:06,605] {taskinstance.py:1239} INFO - Starting attempt 1 of 2
[2022-12-04 10:59:06,607] {taskinstance.py:1240} INFO - 
--------------------------------------------------------------------------------
[2022-12-04 10:59:06,738] {taskinstance.py:1259} INFO - Executing <Task(PythonOperator): save_to_csv> on 2022-11-03 11:50:00+00:00
[2022-12-04 10:59:06,763] {standard_task_runner.py:52} INFO - Started process 11171 to run task
[2022-12-04 10:59:06,860] {standard_task_runner.py:76} INFO - Running: ['***', 'tasks', 'run', 'dag1', 'save_to_csv', 'scheduled__2022-11-03T11:50:00+00:00', '--job-id', '4811', '--raw', '--subdir', 'DAGS_FOLDER/AirflowClean2.py', '--cfg-path', '/tmp/tmpt22ae2b5', '--error-file', '/tmp/tmps4v1th4w']
[2022-12-04 10:59:06,877] {standard_task_runner.py:77} INFO - Job 4811: Subtask save_to_csv
[2022-12-04 10:59:07,223] {logging_mixin.py:109} INFO - Running <TaskInstance: dag1.save_to_csv scheduled__2022-11-03T11:50:00+00:00 [running]> on host 9e44869ff3ef
[2022-12-04 10:59:07,453] {taskinstance.py:1426} INFO - Exporting the following env vars:
AIRFLOW_CTX_DAG_OWNER=Fadlil
AIRFLOW_CTX_DAG_ID=dag1
AIRFLOW_CTX_TASK_ID=save_to_csv
AIRFLOW_CTX_EXECUTION_DATE=2022-11-03T11:50:00+00:00
AIRFLOW_CTX_DAG_RUN_ID=scheduled__2022-11-03T11:50:00+00:00
[2022-12-04 10:59:07,609] {python.py:175} INFO - Done. Returned value was: None
[2022-12-04 10:59:07,700] {taskinstance.py:1277} INFO - Marking task as SUCCESS. dag_id=dag1, task_id=save_to_csv, execution_date=20221103T115000, start_date=20221204T105905, end_date=20221204T105907
[2022-12-04 10:59:07,910] {local_task_job.py:154} INFO - Task exited with return code 0
[2022-12-04 10:59:09,084] {local_task_job.py:264} INFO - 0 downstream tasks scheduled from follow-on schedule check
