[2022-12-04 11:04:58,848] {taskinstance.py:1032} INFO - Dependencies all met for <TaskInstance: dag1.save_to_parquet scheduled__2022-11-04T03:00:00+00:00 [queued]>
[2022-12-04 11:04:58,925] {taskinstance.py:1032} INFO - Dependencies all met for <TaskInstance: dag1.save_to_parquet scheduled__2022-11-04T03:00:00+00:00 [queued]>
[2022-12-04 11:04:58,930] {taskinstance.py:1238} INFO - 
--------------------------------------------------------------------------------
[2022-12-04 11:04:58,931] {taskinstance.py:1239} INFO - Starting attempt 1 of 2
[2022-12-04 11:04:58,932] {taskinstance.py:1240} INFO - 
--------------------------------------------------------------------------------
[2022-12-04 11:04:59,049] {taskinstance.py:1259} INFO - Executing <Task(PythonOperator): save_to_parquet> on 2022-11-04 03:00:00+00:00
[2022-12-04 11:04:59,064] {standard_task_runner.py:52} INFO - Started process 12426 to run task
[2022-12-04 11:04:59,089] {standard_task_runner.py:76} INFO - Running: ['***', 'tasks', 'run', 'dag1', 'save_to_parquet', 'scheduled__2022-11-04T03:00:00+00:00', '--job-id', '5181', '--raw', '--subdir', 'DAGS_FOLDER/AirflowClean2.py', '--cfg-path', '/tmp/tmpnz2efypq', '--error-file', '/tmp/tmp9dw6qed9']
[2022-12-04 11:04:59,094] {standard_task_runner.py:77} INFO - Job 5181: Subtask save_to_parquet
[2022-12-04 11:04:59,268] {logging_mixin.py:109} INFO - Running <TaskInstance: dag1.save_to_parquet scheduled__2022-11-04T03:00:00+00:00 [running]> on host 9e44869ff3ef
[2022-12-04 11:04:59,511] {taskinstance.py:1426} INFO - Exporting the following env vars:
AIRFLOW_CTX_DAG_OWNER=Fadlil
AIRFLOW_CTX_DAG_ID=dag1
AIRFLOW_CTX_TASK_ID=save_to_parquet
AIRFLOW_CTX_EXECUTION_DATE=2022-11-04T03:00:00+00:00
AIRFLOW_CTX_DAG_RUN_ID=scheduled__2022-11-04T03:00:00+00:00
[2022-12-04 11:04:59,681] {python.py:175} INFO - Done. Returned value was: None
[2022-12-04 11:04:59,712] {taskinstance.py:1277} INFO - Marking task as SUCCESS. dag_id=dag1, task_id=save_to_parquet, execution_date=20221104T030000, start_date=20221204T110458, end_date=20221204T110459
[2022-12-04 11:04:59,816] {local_task_job.py:154} INFO - Task exited with return code 0
[2022-12-04 11:05:00,277] {local_task_job.py:264} INFO - 0 downstream tasks scheduled from follow-on schedule check
