[2022-12-04 10:57:03,782] {taskinstance.py:1032} INFO - Dependencies all met for <TaskInstance: dag1.save_to_csv scheduled__2022-11-03T06:30:00+00:00 [queued]>
[2022-12-04 10:57:03,876] {taskinstance.py:1032} INFO - Dependencies all met for <TaskInstance: dag1.save_to_csv scheduled__2022-11-03T06:30:00+00:00 [queued]>
[2022-12-04 10:57:03,878] {taskinstance.py:1238} INFO - 
--------------------------------------------------------------------------------
[2022-12-04 10:57:03,880] {taskinstance.py:1239} INFO - Starting attempt 1 of 2
[2022-12-04 10:57:03,885] {taskinstance.py:1240} INFO - 
--------------------------------------------------------------------------------
[2022-12-04 10:57:03,949] {taskinstance.py:1259} INFO - Executing <Task(PythonOperator): save_to_csv> on 2022-11-03 06:30:00+00:00
[2022-12-04 10:57:04,045] {standard_task_runner.py:52} INFO - Started process 10712 to run task
[2022-12-04 10:57:04,077] {standard_task_runner.py:76} INFO - Running: ['***', 'tasks', 'run', 'dag1', 'save_to_csv', 'scheduled__2022-11-03T06:30:00+00:00', '--job-id', '4682', '--raw', '--subdir', 'DAGS_FOLDER/AirflowClean2.py', '--cfg-path', '/tmp/tmpxgf5az44', '--error-file', '/tmp/tmpbuez9p84']
[2022-12-04 10:57:04,096] {standard_task_runner.py:77} INFO - Job 4682: Subtask save_to_csv
[2022-12-04 10:57:04,581] {logging_mixin.py:109} INFO - Running <TaskInstance: dag1.save_to_csv scheduled__2022-11-03T06:30:00+00:00 [running]> on host 9e44869ff3ef
[2022-12-04 10:57:05,001] {taskinstance.py:1426} INFO - Exporting the following env vars:
AIRFLOW_CTX_DAG_OWNER=Fadlil
AIRFLOW_CTX_DAG_ID=dag1
AIRFLOW_CTX_TASK_ID=save_to_csv
AIRFLOW_CTX_EXECUTION_DATE=2022-11-03T06:30:00+00:00
AIRFLOW_CTX_DAG_RUN_ID=scheduled__2022-11-03T06:30:00+00:00
[2022-12-04 10:57:05,158] {python.py:175} INFO - Done. Returned value was: None
[2022-12-04 10:57:05,236] {taskinstance.py:1277} INFO - Marking task as SUCCESS. dag_id=dag1, task_id=save_to_csv, execution_date=20221103T063000, start_date=20221204T105703, end_date=20221204T105705
[2022-12-04 10:57:05,507] {local_task_job.py:154} INFO - Task exited with return code 0
[2022-12-04 10:57:05,716] {local_task_job.py:264} INFO - 1 downstream tasks scheduled from follow-on schedule check
