[2022-12-04 11:31:03,585] {taskinstance.py:1032} INFO - Dependencies all met for <TaskInstance: dag1.save_to_csv scheduled__2022-11-04T13:20:00+00:00 [queued]>
[2022-12-04 11:31:03,756] {taskinstance.py:1032} INFO - Dependencies all met for <TaskInstance: dag1.save_to_csv scheduled__2022-11-04T13:20:00+00:00 [queued]>
[2022-12-04 11:31:03,783] {taskinstance.py:1238} INFO - 
--------------------------------------------------------------------------------
[2022-12-04 11:31:03,783] {taskinstance.py:1239} INFO - Starting attempt 1 of 2
[2022-12-04 11:31:03,784] {taskinstance.py:1240} INFO - 
--------------------------------------------------------------------------------
[2022-12-04 11:31:03,928] {taskinstance.py:1259} INFO - Executing <Task(PythonOperator): save_to_csv> on 2022-11-04 13:20:00+00:00
[2022-12-04 11:31:03,937] {standard_task_runner.py:52} INFO - Started process 13282 to run task
[2022-12-04 11:31:03,972] {standard_task_runner.py:76} INFO - Running: ['***', 'tasks', 'run', 'dag1', 'save_to_csv', 'scheduled__2022-11-04T13:20:00+00:00', '--job-id', '5424', '--raw', '--subdir', 'DAGS_FOLDER/AirflowClean2.py', '--cfg-path', '/tmp/tmpyyaxx8np', '--error-file', '/tmp/tmponf0_woy']
[2022-12-04 11:31:03,981] {standard_task_runner.py:77} INFO - Job 5424: Subtask save_to_csv
[2022-12-04 11:31:04,401] {logging_mixin.py:109} INFO - Running <TaskInstance: dag1.save_to_csv scheduled__2022-11-04T13:20:00+00:00 [running]> on host 9e44869ff3ef
[2022-12-04 11:31:04,712] {taskinstance.py:1426} INFO - Exporting the following env vars:
AIRFLOW_CTX_DAG_OWNER=Fadlil
AIRFLOW_CTX_DAG_ID=dag1
AIRFLOW_CTX_TASK_ID=save_to_csv
AIRFLOW_CTX_EXECUTION_DATE=2022-11-04T13:20:00+00:00
AIRFLOW_CTX_DAG_RUN_ID=scheduled__2022-11-04T13:20:00+00:00
[2022-12-04 11:31:04,848] {python.py:175} INFO - Done. Returned value was: None
[2022-12-04 11:31:05,117] {taskinstance.py:1277} INFO - Marking task as SUCCESS. dag_id=dag1, task_id=save_to_csv, execution_date=20221104T132000, start_date=20221204T113103, end_date=20221204T113105
[2022-12-04 11:31:05,283] {local_task_job.py:154} INFO - Task exited with return code 0
[2022-12-04 11:31:05,568] {local_task_job.py:264} INFO - 1 downstream tasks scheduled from follow-on schedule check
