[2022-12-04 12:20:03,041] {taskinstance.py:1032} INFO - Dependencies all met for <TaskInstance: dag1.get_data scheduled__2022-11-05T21:30:00+00:00 [queued]>
[2022-12-04 12:20:03,060] {taskinstance.py:1032} INFO - Dependencies all met for <TaskInstance: dag1.get_data scheduled__2022-11-05T21:30:00+00:00 [queued]>
[2022-12-04 12:20:03,061] {taskinstance.py:1238} INFO - 
--------------------------------------------------------------------------------
[2022-12-04 12:20:03,061] {taskinstance.py:1239} INFO - Starting attempt 1 of 2
[2022-12-04 12:20:03,062] {taskinstance.py:1240} INFO - 
--------------------------------------------------------------------------------
[2022-12-04 12:20:03,091] {taskinstance.py:1259} INFO - Executing <Task(PythonOperator): get_data> on 2022-11-05 21:30:00+00:00
[2022-12-04 12:20:03,101] {standard_task_runner.py:52} INFO - Started process 18064 to run task
[2022-12-04 12:20:03,110] {standard_task_runner.py:76} INFO - Running: ['***', 'tasks', 'run', 'dag1', 'get_data', 'scheduled__2022-11-05T21:30:00+00:00', '--job-id', '6484', '--raw', '--subdir', 'DAGS_FOLDER/AirflowClean2.py', '--cfg-path', '/tmp/tmpu_xy4jkg', '--error-file', '/tmp/tmpp_dr1nbg']
[2022-12-04 12:20:03,111] {standard_task_runner.py:77} INFO - Job 6484: Subtask get_data
[2022-12-04 12:20:03,316] {logging_mixin.py:109} INFO - Running <TaskInstance: dag1.get_data scheduled__2022-11-05T21:30:00+00:00 [running]> on host 9e44869ff3ef
[2022-12-04 12:20:03,483] {taskinstance.py:1426} INFO - Exporting the following env vars:
AIRFLOW_CTX_DAG_OWNER=Fadlil
AIRFLOW_CTX_DAG_ID=dag1
AIRFLOW_CTX_TASK_ID=get_data
AIRFLOW_CTX_EXECUTION_DATE=2022-11-05T21:30:00+00:00
AIRFLOW_CTX_DAG_RUN_ID=scheduled__2022-11-05T21:30:00+00:00
[2022-12-04 12:20:04,195] {python.py:175} INFO - Done. Returned value was: None
[2022-12-04 12:20:04,588] {taskinstance.py:1277} INFO - Marking task as SUCCESS. dag_id=dag1, task_id=get_data, execution_date=20221105T213000, start_date=20221204T122003, end_date=20221204T122004
[2022-12-04 12:20:04,619] {local_task_job.py:154} INFO - Task exited with return code 0
[2022-12-04 12:20:04,673] {local_task_job.py:264} INFO - 1 downstream tasks scheduled from follow-on schedule check
