[2022-12-03 18:03:43,444] {taskinstance.py:1032} INFO - Dependencies all met for <TaskInstance: dag1.get_data scheduled__2022-10-26T20:50:00+00:00 [queued]>
[2022-12-03 18:03:43,466] {taskinstance.py:1032} INFO - Dependencies all met for <TaskInstance: dag1.get_data scheduled__2022-10-26T20:50:00+00:00 [queued]>
[2022-12-03 18:03:43,467] {taskinstance.py:1238} INFO - 
--------------------------------------------------------------------------------
[2022-12-03 18:03:43,467] {taskinstance.py:1239} INFO - Starting attempt 1 of 2
[2022-12-03 18:03:43,467] {taskinstance.py:1240} INFO - 
--------------------------------------------------------------------------------
[2022-12-03 18:03:43,484] {taskinstance.py:1259} INFO - Executing <Task(PythonOperator): get_data> on 2022-10-26 20:50:00+00:00
[2022-12-03 18:03:43,489] {standard_task_runner.py:52} INFO - Started process 1666 to run task
[2022-12-03 18:03:43,496] {standard_task_runner.py:76} INFO - Running: ['***', 'tasks', 'run', 'dag1', 'get_data', 'scheduled__2022-10-26T20:50:00+00:00', '--job-id', '486', '--raw', '--subdir', 'DAGS_FOLDER/AirflowClean2.py', '--cfg-path', '/tmp/tmpb9pbso07', '--error-file', '/tmp/tmp151p23am']
[2022-12-03 18:03:43,498] {standard_task_runner.py:77} INFO - Job 486: Subtask get_data
[2022-12-03 18:03:43,569] {logging_mixin.py:109} INFO - Running <TaskInstance: dag1.get_data scheduled__2022-10-26T20:50:00+00:00 [running]> on host 422c372562ce
[2022-12-03 18:03:43,742] {taskinstance.py:1426} INFO - Exporting the following env vars:
AIRFLOW_CTX_DAG_OWNER=Fadlil
AIRFLOW_CTX_DAG_ID=dag1
AIRFLOW_CTX_TASK_ID=get_data
AIRFLOW_CTX_EXECUTION_DATE=2022-10-26T20:50:00+00:00
AIRFLOW_CTX_DAG_RUN_ID=scheduled__2022-10-26T20:50:00+00:00
[2022-12-03 18:03:44,495] {python.py:175} INFO - Done. Returned value was: None
[2022-12-03 18:03:45,266] {taskinstance.py:1277} INFO - Marking task as SUCCESS. dag_id=dag1, task_id=get_data, execution_date=20221026T205000, start_date=20221203T180343, end_date=20221203T180345
[2022-12-03 18:03:45,392] {local_task_job.py:154} INFO - Task exited with return code 0
[2022-12-03 18:03:45,496] {local_task_job.py:264} INFO - 1 downstream tasks scheduled from follow-on schedule check
