[2022-12-04 04:52:49,932] {taskinstance.py:1032} INFO - Dependencies all met for <TaskInstance: dag1.get_data scheduled__2022-10-28T23:50:00+00:00 [queued]>
[2022-12-04 04:52:50,018] {taskinstance.py:1032} INFO - Dependencies all met for <TaskInstance: dag1.get_data scheduled__2022-10-28T23:50:00+00:00 [queued]>
[2022-12-04 04:52:50,031] {taskinstance.py:1238} INFO - 
--------------------------------------------------------------------------------
[2022-12-04 04:52:50,048] {taskinstance.py:1239} INFO - Starting attempt 1 of 2
[2022-12-04 04:52:50,074] {taskinstance.py:1240} INFO - 
--------------------------------------------------------------------------------
[2022-12-04 04:52:50,307] {taskinstance.py:1259} INFO - Executing <Task(PythonOperator): get_data> on 2022-10-28 23:50:00+00:00
[2022-12-04 04:52:50,423] {standard_task_runner.py:52} INFO - Started process 6806 to run task
[2022-12-04 04:52:50,571] {standard_task_runner.py:76} INFO - Running: ['***', 'tasks', 'run', 'dag1', 'get_data', 'scheduled__2022-10-28T23:50:00+00:00', '--job-id', '1737', '--raw', '--subdir', 'DAGS_FOLDER/AirflowClean2.py', '--cfg-path', '/tmp/tmpln9seusj', '--error-file', '/tmp/tmp8uk7rhuo']
[2022-12-04 04:52:50,608] {standard_task_runner.py:77} INFO - Job 1737: Subtask get_data
[2022-12-04 04:52:51,387] {logging_mixin.py:109} INFO - Running <TaskInstance: dag1.get_data scheduled__2022-10-28T23:50:00+00:00 [running]> on host 422c372562ce
[2022-12-04 04:52:52,297] {taskinstance.py:1426} INFO - Exporting the following env vars:
AIRFLOW_CTX_DAG_OWNER=Fadlil
AIRFLOW_CTX_DAG_ID=dag1
AIRFLOW_CTX_TASK_ID=get_data
AIRFLOW_CTX_EXECUTION_DATE=2022-10-28T23:50:00+00:00
AIRFLOW_CTX_DAG_RUN_ID=scheduled__2022-10-28T23:50:00+00:00
[2022-12-04 04:52:55,902] {python.py:175} INFO - Done. Returned value was: None
[2022-12-04 04:52:56,814] {taskinstance.py:1277} INFO - Marking task as SUCCESS. dag_id=dag1, task_id=get_data, execution_date=20221028T235000, start_date=20221204T045249, end_date=20221204T045256
[2022-12-04 04:52:56,948] {local_task_job.py:154} INFO - Task exited with return code 0
[2022-12-04 04:52:57,095] {local_task_job.py:264} INFO - 1 downstream tasks scheduled from follow-on schedule check
