[2022-12-03 17:42:00,951] {taskinstance.py:1032} INFO - Dependencies all met for <TaskInstance: dag1.save_to_csv scheduled__2022-10-26T11:00:00+00:00 [queued]>
[2022-12-03 17:42:01,065] {taskinstance.py:1032} INFO - Dependencies all met for <TaskInstance: dag1.save_to_csv scheduled__2022-10-26T11:00:00+00:00 [queued]>
[2022-12-03 17:42:01,069] {taskinstance.py:1238} INFO - 
--------------------------------------------------------------------------------
[2022-12-03 17:42:01,082] {taskinstance.py:1239} INFO - Starting attempt 1 of 2
[2022-12-03 17:42:01,084] {taskinstance.py:1240} INFO - 
--------------------------------------------------------------------------------
[2022-12-03 17:42:01,236] {taskinstance.py:1259} INFO - Executing <Task(PythonOperator): save_to_csv> on 2022-10-26 11:00:00+00:00
[2022-12-03 17:42:01,266] {standard_task_runner.py:52} INFO - Started process 217 to run task
[2022-12-03 17:42:01,276] {standard_task_runner.py:76} INFO - Running: ['***', 'tasks', 'run', 'dag1', 'save_to_csv', 'scheduled__2022-10-26T11:00:00+00:00', '--job-id', '261', '--raw', '--subdir', 'DAGS_FOLDER/AirflowClean2.py', '--cfg-path', '/tmp/tmpcksu5oo9', '--error-file', '/tmp/tmpq46nt3vy']
[2022-12-03 17:42:01,340] {standard_task_runner.py:77} INFO - Job 261: Subtask save_to_csv
[2022-12-03 17:42:02,282] {logging_mixin.py:109} INFO - Running <TaskInstance: dag1.save_to_csv scheduled__2022-10-26T11:00:00+00:00 [running]> on host 422c372562ce
[2022-12-03 17:42:03,330] {taskinstance.py:1426} INFO - Exporting the following env vars:
AIRFLOW_CTX_DAG_OWNER=Fadlil
AIRFLOW_CTX_DAG_ID=dag1
AIRFLOW_CTX_TASK_ID=save_to_csv
AIRFLOW_CTX_EXECUTION_DATE=2022-10-26T11:00:00+00:00
AIRFLOW_CTX_DAG_RUN_ID=scheduled__2022-10-26T11:00:00+00:00
[2022-12-03 17:42:03,614] {python.py:175} INFO - Done. Returned value was: None
[2022-12-03 17:42:03,673] {taskinstance.py:1277} INFO - Marking task as SUCCESS. dag_id=dag1, task_id=save_to_csv, execution_date=20221026T110000, start_date=20221203T174200, end_date=20221203T174203
[2022-12-03 17:42:03,862] {local_task_job.py:154} INFO - Task exited with return code 0
[2022-12-03 17:42:04,153] {local_task_job.py:264} INFO - 1 downstream tasks scheduled from follow-on schedule check
