[2022-12-04 12:18:13,494] {taskinstance.py:1032} INFO - Dependencies all met for <TaskInstance: dag1.save_to_parquet scheduled__2022-11-05T20:40:00+00:00 [queued]>
[2022-12-04 12:18:13,549] {taskinstance.py:1032} INFO - Dependencies all met for <TaskInstance: dag1.save_to_parquet scheduled__2022-11-05T20:40:00+00:00 [queued]>
[2022-12-04 12:18:13,550] {taskinstance.py:1238} INFO - 
--------------------------------------------------------------------------------
[2022-12-04 12:18:13,550] {taskinstance.py:1239} INFO - Starting attempt 1 of 2
[2022-12-04 12:18:13,551] {taskinstance.py:1240} INFO - 
--------------------------------------------------------------------------------
[2022-12-04 12:18:13,576] {taskinstance.py:1259} INFO - Executing <Task(PythonOperator): save_to_parquet> on 2022-11-05 20:40:00+00:00
[2022-12-04 12:18:13,592] {standard_task_runner.py:52} INFO - Started process 17906 to run task
[2022-12-04 12:18:13,620] {standard_task_runner.py:76} INFO - Running: ['***', 'tasks', 'run', 'dag1', 'save_to_parquet', 'scheduled__2022-11-05T20:40:00+00:00', '--job-id', '6449', '--raw', '--subdir', 'DAGS_FOLDER/AirflowClean2.py', '--cfg-path', '/tmp/tmp71w56q2m', '--error-file', '/tmp/tmprkhueypw']
[2022-12-04 12:18:13,621] {standard_task_runner.py:77} INFO - Job 6449: Subtask save_to_parquet
[2022-12-04 12:18:13,769] {logging_mixin.py:109} INFO - Running <TaskInstance: dag1.save_to_parquet scheduled__2022-11-05T20:40:00+00:00 [running]> on host 9e44869ff3ef
[2022-12-04 12:18:14,002] {taskinstance.py:1426} INFO - Exporting the following env vars:
AIRFLOW_CTX_DAG_OWNER=Fadlil
AIRFLOW_CTX_DAG_ID=dag1
AIRFLOW_CTX_TASK_ID=save_to_parquet
AIRFLOW_CTX_EXECUTION_DATE=2022-11-05T20:40:00+00:00
AIRFLOW_CTX_DAG_RUN_ID=scheduled__2022-11-05T20:40:00+00:00
[2022-12-04 12:18:14,078] {python.py:175} INFO - Done. Returned value was: None
[2022-12-04 12:18:14,500] {taskinstance.py:1277} INFO - Marking task as SUCCESS. dag_id=dag1, task_id=save_to_parquet, execution_date=20221105T204000, start_date=20221204T121813, end_date=20221204T121814
[2022-12-04 12:18:14,651] {local_task_job.py:154} INFO - Task exited with return code 0
[2022-12-04 12:18:14,934] {local_task_job.py:264} INFO - 1 downstream tasks scheduled from follow-on schedule check
