[2022-12-04 11:46:59,186] {taskinstance.py:1032} INFO - Dependencies all met for <TaskInstance: dag1.local_to_gcs_task scheduled__2022-11-05T02:30:00+00:00 [queued]>
[2022-12-04 11:46:59,250] {taskinstance.py:1032} INFO - Dependencies all met for <TaskInstance: dag1.local_to_gcs_task scheduled__2022-11-05T02:30:00+00:00 [queued]>
[2022-12-04 11:46:59,251] {taskinstance.py:1238} INFO - 
--------------------------------------------------------------------------------
[2022-12-04 11:46:59,258] {taskinstance.py:1239} INFO - Starting attempt 1 of 2
[2022-12-04 11:46:59,259] {taskinstance.py:1240} INFO - 
--------------------------------------------------------------------------------
[2022-12-04 11:46:59,399] {taskinstance.py:1259} INFO - Executing <Task(PythonOperator): local_to_gcs_task> on 2022-11-05 02:30:00+00:00
[2022-12-04 11:46:59,406] {standard_task_runner.py:52} INFO - Started process 15040 to run task
[2022-12-04 11:46:59,456] {standard_task_runner.py:76} INFO - Running: ['***', 'tasks', 'run', 'dag1', 'local_to_gcs_task', 'scheduled__2022-11-05T02:30:00+00:00', '--job-id', '5838', '--raw', '--subdir', 'DAGS_FOLDER/AirflowClean2.py', '--cfg-path', '/tmp/tmpypaymqi9', '--error-file', '/tmp/tmpvzpm2wh1']
[2022-12-04 11:46:59,462] {standard_task_runner.py:77} INFO - Job 5838: Subtask local_to_gcs_task
[2022-12-04 11:46:59,732] {logging_mixin.py:109} INFO - Running <TaskInstance: dag1.local_to_gcs_task scheduled__2022-11-05T02:30:00+00:00 [running]> on host 9e44869ff3ef
[2022-12-04 11:47:00,123] {taskinstance.py:1426} INFO - Exporting the following env vars:
AIRFLOW_CTX_DAG_OWNER=Fadlil
AIRFLOW_CTX_DAG_ID=dag1
AIRFLOW_CTX_TASK_ID=local_to_gcs_task
AIRFLOW_CTX_EXECUTION_DATE=2022-11-05T02:30:00+00:00
AIRFLOW_CTX_DAG_RUN_ID=scheduled__2022-11-05T02:30:00+00:00
[2022-12-04 11:47:00,819] {python.py:175} INFO - Done. Returned value was: None
[2022-12-04 11:47:00,900] {taskinstance.py:1277} INFO - Marking task as SUCCESS. dag_id=dag1, task_id=local_to_gcs_task, execution_date=20221105T023000, start_date=20221204T114659, end_date=20221204T114700
[2022-12-04 11:47:01,109] {local_task_job.py:154} INFO - Task exited with return code 0
[2022-12-04 11:47:01,913] {local_task_job.py:264} INFO - 0 downstream tasks scheduled from follow-on schedule check
