[2022-12-04 10:51:16,885] {taskinstance.py:1032} INFO - Dependencies all met for <TaskInstance: dag1.save_to_csv scheduled__2022-11-02T14:40:00+00:00 [queued]>
[2022-12-04 10:51:16,925] {taskinstance.py:1032} INFO - Dependencies all met for <TaskInstance: dag1.save_to_csv scheduled__2022-11-02T14:40:00+00:00 [queued]>
[2022-12-04 10:51:16,927] {taskinstance.py:1238} INFO - 
--------------------------------------------------------------------------------
[2022-12-04 10:51:16,931] {taskinstance.py:1239} INFO - Starting attempt 1 of 2
[2022-12-04 10:51:16,932] {taskinstance.py:1240} INFO - 
--------------------------------------------------------------------------------
[2022-12-04 10:51:17,051] {taskinstance.py:1259} INFO - Executing <Task(PythonOperator): save_to_csv> on 2022-11-02 14:40:00+00:00
[2022-12-04 10:51:17,070] {standard_task_runner.py:52} INFO - Started process 9427 to run task
[2022-12-04 10:51:17,095] {standard_task_runner.py:76} INFO - Running: ['***', 'tasks', 'run', 'dag1', 'save_to_csv', 'scheduled__2022-11-02T14:40:00+00:00', '--job-id', '4308', '--raw', '--subdir', 'DAGS_FOLDER/AirflowClean2.py', '--cfg-path', '/tmp/tmp721u_lrb', '--error-file', '/tmp/tmpq63g30da']
[2022-12-04 10:51:17,105] {standard_task_runner.py:77} INFO - Job 4308: Subtask save_to_csv
[2022-12-04 10:51:17,319] {logging_mixin.py:109} INFO - Running <TaskInstance: dag1.save_to_csv scheduled__2022-11-02T14:40:00+00:00 [running]> on host 9e44869ff3ef
[2022-12-04 10:51:17,455] {taskinstance.py:1426} INFO - Exporting the following env vars:
AIRFLOW_CTX_DAG_OWNER=Fadlil
AIRFLOW_CTX_DAG_ID=dag1
AIRFLOW_CTX_TASK_ID=save_to_csv
AIRFLOW_CTX_EXECUTION_DATE=2022-11-02T14:40:00+00:00
AIRFLOW_CTX_DAG_RUN_ID=scheduled__2022-11-02T14:40:00+00:00
[2022-12-04 10:51:17,540] {python.py:175} INFO - Done. Returned value was: None
[2022-12-04 10:51:17,560] {taskinstance.py:1277} INFO - Marking task as SUCCESS. dag_id=dag1, task_id=save_to_csv, execution_date=20221102T144000, start_date=20221204T105116, end_date=20221204T105117
[2022-12-04 10:51:17,646] {local_task_job.py:154} INFO - Task exited with return code 0
[2022-12-04 10:51:17,711] {local_task_job.py:264} INFO - 1 downstream tasks scheduled from follow-on schedule check
