[2022-12-04 11:07:28,641] {taskinstance.py:1032} INFO - Dependencies all met for <TaskInstance: dag1.get_data scheduled__2022-11-04T09:30:00+00:00 [queued]>
[2022-12-04 11:07:28,660] {taskinstance.py:1032} INFO - Dependencies all met for <TaskInstance: dag1.get_data scheduled__2022-11-04T09:30:00+00:00 [queued]>
[2022-12-04 11:07:28,661] {taskinstance.py:1238} INFO - 
--------------------------------------------------------------------------------
[2022-12-04 11:07:28,662] {taskinstance.py:1239} INFO - Starting attempt 1 of 2
[2022-12-04 11:07:28,662] {taskinstance.py:1240} INFO - 
--------------------------------------------------------------------------------
[2022-12-04 11:07:28,705] {taskinstance.py:1259} INFO - Executing <Task(PythonOperator): get_data> on 2022-11-04 09:30:00+00:00
[2022-12-04 11:07:28,715] {standard_task_runner.py:52} INFO - Started process 12949 to run task
[2022-12-04 11:07:28,749] {standard_task_runner.py:76} INFO - Running: ['***', 'tasks', 'run', 'dag1', 'get_data', 'scheduled__2022-11-04T09:30:00+00:00', '--job-id', '5334', '--raw', '--subdir', 'DAGS_FOLDER/AirflowClean2.py', '--cfg-path', '/tmp/tmpv4enn6ad', '--error-file', '/tmp/tmpozd5ctvx']
[2022-12-04 11:07:28,759] {standard_task_runner.py:77} INFO - Job 5334: Subtask get_data
[2022-12-04 11:07:29,050] {logging_mixin.py:109} INFO - Running <TaskInstance: dag1.get_data scheduled__2022-11-04T09:30:00+00:00 [running]> on host 9e44869ff3ef
[2022-12-04 11:07:29,485] {taskinstance.py:1426} INFO - Exporting the following env vars:
AIRFLOW_CTX_DAG_OWNER=Fadlil
AIRFLOW_CTX_DAG_ID=dag1
AIRFLOW_CTX_TASK_ID=get_data
AIRFLOW_CTX_EXECUTION_DATE=2022-11-04T09:30:00+00:00
AIRFLOW_CTX_DAG_RUN_ID=scheduled__2022-11-04T09:30:00+00:00
[2022-12-04 11:07:30,308] {python.py:175} INFO - Done. Returned value was: None
[2022-12-04 11:07:30,357] {taskinstance.py:1277} INFO - Marking task as SUCCESS. dag_id=dag1, task_id=get_data, execution_date=20221104T093000, start_date=20221204T110728, end_date=20221204T110730
[2022-12-04 11:07:30,505] {local_task_job.py:154} INFO - Task exited with return code 0
[2022-12-04 11:07:31,143] {local_task_job.py:264} INFO - 0 downstream tasks scheduled from follow-on schedule check
