[2022-12-04 10:48:34,545] {taskinstance.py:1032} INFO - Dependencies all met for <TaskInstance: dag1.save_to_parquet scheduled__2022-11-02T07:30:00+00:00 [queued]>
[2022-12-04 10:48:34,594] {taskinstance.py:1032} INFO - Dependencies all met for <TaskInstance: dag1.save_to_parquet scheduled__2022-11-02T07:30:00+00:00 [queued]>
[2022-12-04 10:48:34,595] {taskinstance.py:1238} INFO - 
--------------------------------------------------------------------------------
[2022-12-04 10:48:34,596] {taskinstance.py:1239} INFO - Starting attempt 1 of 2
[2022-12-04 10:48:34,596] {taskinstance.py:1240} INFO - 
--------------------------------------------------------------------------------
[2022-12-04 10:48:34,631] {taskinstance.py:1259} INFO - Executing <Task(PythonOperator): save_to_parquet> on 2022-11-02 07:30:00+00:00
[2022-12-04 10:48:34,638] {standard_task_runner.py:52} INFO - Started process 8824 to run task
[2022-12-04 10:48:34,674] {standard_task_runner.py:76} INFO - Running: ['***', 'tasks', 'run', 'dag1', 'save_to_parquet', 'scheduled__2022-11-02T07:30:00+00:00', '--job-id', '4134', '--raw', '--subdir', 'DAGS_FOLDER/AirflowClean2.py', '--cfg-path', '/tmp/tmpg_da7erf', '--error-file', '/tmp/tmp0uh28xrm']
[2022-12-04 10:48:34,676] {standard_task_runner.py:77} INFO - Job 4134: Subtask save_to_parquet
[2022-12-04 10:48:34,949] {logging_mixin.py:109} INFO - Running <TaskInstance: dag1.save_to_parquet scheduled__2022-11-02T07:30:00+00:00 [running]> on host 9e44869ff3ef
[2022-12-04 10:48:35,408] {taskinstance.py:1426} INFO - Exporting the following env vars:
AIRFLOW_CTX_DAG_OWNER=Fadlil
AIRFLOW_CTX_DAG_ID=dag1
AIRFLOW_CTX_TASK_ID=save_to_parquet
AIRFLOW_CTX_EXECUTION_DATE=2022-11-02T07:30:00+00:00
AIRFLOW_CTX_DAG_RUN_ID=scheduled__2022-11-02T07:30:00+00:00
[2022-12-04 10:48:35,514] {python.py:175} INFO - Done. Returned value was: None
[2022-12-04 10:48:35,619] {taskinstance.py:1277} INFO - Marking task as SUCCESS. dag_id=dag1, task_id=save_to_parquet, execution_date=20221102T073000, start_date=20221204T104834, end_date=20221204T104835
[2022-12-04 10:48:35,730] {local_task_job.py:154} INFO - Task exited with return code 0
[2022-12-04 10:48:35,942] {local_task_job.py:264} INFO - 1 downstream tasks scheduled from follow-on schedule check
