[2022-12-04 10:36:48,535] {taskinstance.py:1032} INFO - Dependencies all met for <TaskInstance: dag1.local_to_gcs_task scheduled__2022-11-01T03:30:00+00:00 [queued]>
[2022-12-04 10:36:48,595] {taskinstance.py:1032} INFO - Dependencies all met for <TaskInstance: dag1.local_to_gcs_task scheduled__2022-11-01T03:30:00+00:00 [queued]>
[2022-12-04 10:36:48,601] {taskinstance.py:1238} INFO - 
--------------------------------------------------------------------------------
[2022-12-04 10:36:48,606] {taskinstance.py:1239} INFO - Starting attempt 1 of 2
[2022-12-04 10:36:48,613] {taskinstance.py:1240} INFO - 
--------------------------------------------------------------------------------
[2022-12-04 10:36:48,656] {taskinstance.py:1259} INFO - Executing <Task(PythonOperator): local_to_gcs_task> on 2022-11-01 03:30:00+00:00
[2022-12-04 10:36:48,716] {standard_task_runner.py:52} INFO - Started process 6479 to run task
[2022-12-04 10:36:48,745] {standard_task_runner.py:76} INFO - Running: ['***', 'tasks', 'run', 'dag1', 'local_to_gcs_task', 'scheduled__2022-11-01T03:30:00+00:00', '--job-id', '3467', '--raw', '--subdir', 'DAGS_FOLDER/AirflowClean2.py', '--cfg-path', '/tmp/tmpeo39s9f9', '--error-file', '/tmp/tmpfh9bn84y']
[2022-12-04 10:36:48,753] {standard_task_runner.py:77} INFO - Job 3467: Subtask local_to_gcs_task
[2022-12-04 10:36:49,128] {logging_mixin.py:109} INFO - Running <TaskInstance: dag1.local_to_gcs_task scheduled__2022-11-01T03:30:00+00:00 [running]> on host 9e44869ff3ef
[2022-12-04 10:36:49,549] {taskinstance.py:1426} INFO - Exporting the following env vars:
AIRFLOW_CTX_DAG_OWNER=Fadlil
AIRFLOW_CTX_DAG_ID=dag1
AIRFLOW_CTX_TASK_ID=local_to_gcs_task
AIRFLOW_CTX_EXECUTION_DATE=2022-11-01T03:30:00+00:00
AIRFLOW_CTX_DAG_RUN_ID=scheduled__2022-11-01T03:30:00+00:00
[2022-12-04 10:36:50,797] {python.py:175} INFO - Done. Returned value was: None
[2022-12-04 10:36:50,832] {taskinstance.py:1277} INFO - Marking task as SUCCESS. dag_id=dag1, task_id=local_to_gcs_task, execution_date=20221101T033000, start_date=20221204T103648, end_date=20221204T103650
[2022-12-04 10:36:50,926] {local_task_job.py:154} INFO - Task exited with return code 0
[2022-12-04 10:36:51,082] {local_task_job.py:264} INFO - 0 downstream tasks scheduled from follow-on schedule check
