[2022-12-04 10:43:08,586] {taskinstance.py:1032} INFO - Dependencies all met for <TaskInstance: dag1.get_data scheduled__2022-11-01T19:30:00+00:00 [queued]>
[2022-12-04 10:43:08,651] {taskinstance.py:1032} INFO - Dependencies all met for <TaskInstance: dag1.get_data scheduled__2022-11-01T19:30:00+00:00 [queued]>
[2022-12-04 10:43:08,654] {taskinstance.py:1238} INFO - 
--------------------------------------------------------------------------------
[2022-12-04 10:43:08,655] {taskinstance.py:1239} INFO - Starting attempt 1 of 2
[2022-12-04 10:43:08,656] {taskinstance.py:1240} INFO - 
--------------------------------------------------------------------------------
[2022-12-04 10:43:08,739] {taskinstance.py:1259} INFO - Executing <Task(PythonOperator): get_data> on 2022-11-01 19:30:00+00:00
[2022-12-04 10:43:08,771] {standard_task_runner.py:76} INFO - Running: ['***', 'tasks', 'run', 'dag1', 'get_data', 'scheduled__2022-11-01T19:30:00+00:00', '--job-id', '3822', '--raw', '--subdir', 'DAGS_FOLDER/AirflowClean2.py', '--cfg-path', '/tmp/tmp7yaw7lwu', '--error-file', '/tmp/tmp6zfttsq3']
[2022-12-04 10:43:08,767] {standard_task_runner.py:52} INFO - Started process 7729 to run task
[2022-12-04 10:43:08,802] {standard_task_runner.py:77} INFO - Job 3822: Subtask get_data
[2022-12-04 10:43:09,311] {logging_mixin.py:109} INFO - Running <TaskInstance: dag1.get_data scheduled__2022-11-01T19:30:00+00:00 [running]> on host 9e44869ff3ef
[2022-12-04 10:43:09,603] {taskinstance.py:1426} INFO - Exporting the following env vars:
AIRFLOW_CTX_DAG_OWNER=Fadlil
AIRFLOW_CTX_DAG_ID=dag1
AIRFLOW_CTX_TASK_ID=get_data
AIRFLOW_CTX_EXECUTION_DATE=2022-11-01T19:30:00+00:00
AIRFLOW_CTX_DAG_RUN_ID=scheduled__2022-11-01T19:30:00+00:00
[2022-12-04 10:43:10,321] {python.py:175} INFO - Done. Returned value was: None
[2022-12-04 10:43:10,841] {taskinstance.py:1277} INFO - Marking task as SUCCESS. dag_id=dag1, task_id=get_data, execution_date=20221101T193000, start_date=20221204T104308, end_date=20221204T104310
[2022-12-04 10:43:10,955] {local_task_job.py:154} INFO - Task exited with return code 0
[2022-12-04 10:43:11,124] {local_task_job.py:264} INFO - 1 downstream tasks scheduled from follow-on schedule check
