[2022-12-04 11:00:57,877] {taskinstance.py:1032} INFO - Dependencies all met for <TaskInstance: dag1.get_data scheduled__2022-11-03T16:50:00+00:00 [queued]>
[2022-12-04 11:00:57,907] {taskinstance.py:1032} INFO - Dependencies all met for <TaskInstance: dag1.get_data scheduled__2022-11-03T16:50:00+00:00 [queued]>
[2022-12-04 11:00:57,908] {taskinstance.py:1238} INFO - 
--------------------------------------------------------------------------------
[2022-12-04 11:00:57,909] {taskinstance.py:1239} INFO - Starting attempt 1 of 2
[2022-12-04 11:00:57,909] {taskinstance.py:1240} INFO - 
--------------------------------------------------------------------------------
[2022-12-04 11:00:57,986] {taskinstance.py:1259} INFO - Executing <Task(PythonOperator): get_data> on 2022-11-03 16:50:00+00:00
[2022-12-04 11:00:57,994] {standard_task_runner.py:52} INFO - Started process 11566 to run task
[2022-12-04 11:00:58,009] {standard_task_runner.py:76} INFO - Running: ['***', 'tasks', 'run', 'dag1', 'get_data', 'scheduled__2022-11-03T16:50:00+00:00', '--job-id', '4933', '--raw', '--subdir', 'DAGS_FOLDER/AirflowClean2.py', '--cfg-path', '/tmp/tmp8u2k32v7', '--error-file', '/tmp/tmpqzv98wrk']
[2022-12-04 11:00:58,011] {standard_task_runner.py:77} INFO - Job 4933: Subtask get_data
[2022-12-04 11:00:58,198] {logging_mixin.py:109} INFO - Running <TaskInstance: dag1.get_data scheduled__2022-11-03T16:50:00+00:00 [running]> on host 9e44869ff3ef
[2022-12-04 11:00:58,708] {taskinstance.py:1426} INFO - Exporting the following env vars:
AIRFLOW_CTX_DAG_OWNER=Fadlil
AIRFLOW_CTX_DAG_ID=dag1
AIRFLOW_CTX_TASK_ID=get_data
AIRFLOW_CTX_EXECUTION_DATE=2022-11-03T16:50:00+00:00
AIRFLOW_CTX_DAG_RUN_ID=scheduled__2022-11-03T16:50:00+00:00
[2022-12-04 11:00:59,484] {python.py:175} INFO - Done. Returned value was: None
[2022-12-04 11:00:59,704] {taskinstance.py:1277} INFO - Marking task as SUCCESS. dag_id=dag1, task_id=get_data, execution_date=20221103T165000, start_date=20221204T110057, end_date=20221204T110059
[2022-12-04 11:00:59,759] {local_task_job.py:154} INFO - Task exited with return code 0
[2022-12-04 11:00:59,872] {local_task_job.py:264} INFO - 1 downstream tasks scheduled from follow-on schedule check
