[2022-12-04 10:59:58,125] {taskinstance.py:1032} INFO - Dependencies all met for <TaskInstance: dag1.save_to_parquet scheduled__2022-11-03T14:00:00+00:00 [queued]>
[2022-12-04 10:59:58,315] {taskinstance.py:1032} INFO - Dependencies all met for <TaskInstance: dag1.save_to_parquet scheduled__2022-11-03T14:00:00+00:00 [queued]>
[2022-12-04 10:59:58,354] {taskinstance.py:1238} INFO - 
--------------------------------------------------------------------------------
[2022-12-04 10:59:58,355] {taskinstance.py:1239} INFO - Starting attempt 1 of 2
[2022-12-04 10:59:58,360] {taskinstance.py:1240} INFO - 
--------------------------------------------------------------------------------
[2022-12-04 10:59:58,460] {taskinstance.py:1259} INFO - Executing <Task(PythonOperator): save_to_parquet> on 2022-11-03 14:00:00+00:00
[2022-12-04 10:59:58,514] {standard_task_runner.py:52} INFO - Started process 11360 to run task
[2022-12-04 10:59:58,582] {standard_task_runner.py:76} INFO - Running: ['***', 'tasks', 'run', 'dag1', 'save_to_parquet', 'scheduled__2022-11-03T14:00:00+00:00', '--job-id', '4873', '--raw', '--subdir', 'DAGS_FOLDER/AirflowClean2.py', '--cfg-path', '/tmp/tmpwf44mo0u', '--error-file', '/tmp/tmpzkyfv5wz']
[2022-12-04 10:59:58,611] {standard_task_runner.py:77} INFO - Job 4873: Subtask save_to_parquet
[2022-12-04 10:59:58,964] {logging_mixin.py:109} INFO - Running <TaskInstance: dag1.save_to_parquet scheduled__2022-11-03T14:00:00+00:00 [running]> on host 9e44869ff3ef
[2022-12-04 10:59:59,545] {taskinstance.py:1426} INFO - Exporting the following env vars:
AIRFLOW_CTX_DAG_OWNER=Fadlil
AIRFLOW_CTX_DAG_ID=dag1
AIRFLOW_CTX_TASK_ID=save_to_parquet
AIRFLOW_CTX_EXECUTION_DATE=2022-11-03T14:00:00+00:00
AIRFLOW_CTX_DAG_RUN_ID=scheduled__2022-11-03T14:00:00+00:00
[2022-12-04 11:00:00,059] {python.py:175} INFO - Done. Returned value was: None
[2022-12-04 11:00:00,599] {taskinstance.py:1277} INFO - Marking task as SUCCESS. dag_id=dag1, task_id=save_to_parquet, execution_date=20221103T140000, start_date=20221204T105958, end_date=20221204T110000
[2022-12-04 11:00:00,781] {local_task_job.py:154} INFO - Task exited with return code 0
[2022-12-04 11:00:00,944] {local_task_job.py:264} INFO - 1 downstream tasks scheduled from follow-on schedule check
