[2022-12-03 01:39:48,923] {processor.py:163} INFO - Started process (PID=56) to work on /opt/airflow/dags/data_ingestion_gcs_dag.py
[2022-12-03 01:39:48,937] {processor.py:642} INFO - Processing file /opt/airflow/dags/data_ingestion_gcs_dag.py for tasks to queue
[2022-12-03 01:39:48,939] {logging_mixin.py:109} INFO - [2022-12-03 01:39:48,939] {dagbag.py:500} INFO - Filling up the DagBag from /opt/airflow/dags/data_ingestion_gcs_dag.py
[2022-12-03 01:40:13,571] {processor.py:654} INFO - DAG(s) dict_keys(['data_ingestion_gcs_dag']) retrieved from /opt/airflow/dags/data_ingestion_gcs_dag.py
[2022-12-03 01:40:27,509] {logging_mixin.py:109} INFO - [2022-12-03 01:40:27,508] {dag.py:2396} INFO - Sync 1 DAGs
[2022-12-03 01:40:27,868] {logging_mixin.py:109} INFO - [2022-12-03 01:40:27,855] {dag.py:2935} INFO - Setting next_dagrun for data_ingestion_gcs_dag to 2022-12-02 00:00:00+00:00
[2022-12-03 01:40:28,119] {processor.py:171} INFO - Processing /opt/airflow/dags/data_ingestion_gcs_dag.py took 39.198 seconds
[2022-12-03 01:40:59,052] {processor.py:163} INFO - Started process (PID=115) to work on /opt/airflow/dags/data_ingestion_gcs_dag.py
[2022-12-03 01:40:59,123] {processor.py:642} INFO - Processing file /opt/airflow/dags/data_ingestion_gcs_dag.py for tasks to queue
[2022-12-03 01:40:59,174] {logging_mixin.py:109} INFO - [2022-12-03 01:40:59,174] {dagbag.py:500} INFO - Filling up the DagBag from /opt/airflow/dags/data_ingestion_gcs_dag.py
[2022-12-03 01:41:31,886] {logging_mixin.py:109} INFO - [2022-12-03 01:41:31,885] {timeout.py:36} ERROR - Process timed out, PID: 115
[2022-12-03 01:41:45,073] {logging_mixin.py:109} INFO - [2022-12-03 01:41:42,133] {dagbag.py:334} ERROR - Failed to import: /opt/airflow/dags/data_ingestion_gcs_dag.py
Traceback (most recent call last):
  File "/home/airflow/.local/lib/python3.7/site-packages/airflow/models/dagbag.py", line 331, in _load_modules_from_file
    loader.exec_module(new_module)
  File "<frozen importlib._bootstrap_external>", line 728, in exec_module
  File "<frozen importlib._bootstrap>", line 219, in _call_with_frames_removed
  File "/opt/airflow/dags/data_ingestion_gcs_dag.py", line 10, in <module>
    from airflow.providers.google.cloud.operators.bigquery import BigQueryCreateExternalTableOperator
  File "/home/airflow/.local/lib/python3.7/site-packages/airflow/providers/google/cloud/operators/bigquery.py", line 38, in <module>
    from airflow.providers.google.cloud.hooks.bigquery import BigQueryHook, BigQueryJob
  File "/home/airflow/.local/lib/python3.7/site-packages/airflow/providers/google/cloud/hooks/bigquery.py", line 48, in <module>
    from pandas_gbq import read_gbq
  File "/home/airflow/.local/lib/python3.7/site-packages/pandas_gbq/__init__.py", line 1, in <module>
    from .gbq import to_gbq, read_gbq, Context, context  # noqa
  File "/home/airflow/.local/lib/python3.7/site-packages/pandas_gbq/gbq.py", line 32, in <module>
    import tqdm  # noqa
  File "<frozen importlib._bootstrap>", line 983, in _find_and_load
  File "<frozen importlib._bootstrap>", line 963, in _find_and_load_unlocked
  File "<frozen importlib._bootstrap>", line 898, in _find_spec
  File "<frozen importlib._bootstrap>", line 855, in __enter__
  File "/home/airflow/.local/lib/python3.7/site-packages/airflow/utils/timeout.py", line 37, in handle_timeout
    raise AirflowTaskTimeout(self.error_message)
airflow.exceptions.AirflowTaskTimeout: DagBag import timeout for /opt/airflow/dags/data_ingestion_gcs_dag.py after 30.0s.
Please take a look at these docs to improve your DAG import time:
* https://airflow.apache.org/docs/apache-airflow/2.2.3/best-practices.html#top-level-python-code
* https://airflow.apache.org/docs/apache-airflow/2.2.3/best-practices.html#reducing-dag-complexity, PID: 115
[2022-12-03 01:42:11,544] {processor.py:163} INFO - Started process (PID=160) to work on /opt/airflow/dags/data_ingestion_gcs_dag.py
[2022-12-03 01:42:11,556] {processor.py:642} INFO - Processing file /opt/airflow/dags/data_ingestion_gcs_dag.py for tasks to queue
[2022-12-03 01:42:11,571] {logging_mixin.py:109} INFO - [2022-12-03 01:42:11,571] {dagbag.py:500} INFO - Filling up the DagBag from /opt/airflow/dags/data_ingestion_gcs_dag.py
[2022-12-03 01:42:18,171] {processor.py:654} INFO - DAG(s) dict_keys(['data_ingestion_gcs_dag']) retrieved from /opt/airflow/dags/data_ingestion_gcs_dag.py
[2022-12-03 01:42:18,232] {logging_mixin.py:109} INFO - [2022-12-03 01:42:18,227] {dag.py:2396} INFO - Sync 1 DAGs
[2022-12-03 01:42:18,312] {logging_mixin.py:109} INFO - [2022-12-03 01:42:18,312] {dag.py:2935} INFO - Setting next_dagrun for data_ingestion_gcs_dag to 2022-12-02 00:00:00+00:00
[2022-12-03 01:42:18,431] {processor.py:171} INFO - Processing /opt/airflow/dags/data_ingestion_gcs_dag.py took 6.891 seconds
[2022-12-03 01:42:49,434] {processor.py:163} INFO - Started process (PID=202) to work on /opt/airflow/dags/data_ingestion_gcs_dag.py
[2022-12-03 01:42:49,480] {processor.py:642} INFO - Processing file /opt/airflow/dags/data_ingestion_gcs_dag.py for tasks to queue
[2022-12-03 01:42:49,482] {logging_mixin.py:109} INFO - [2022-12-03 01:42:49,482] {dagbag.py:500} INFO - Filling up the DagBag from /opt/airflow/dags/data_ingestion_gcs_dag.py
[2022-12-03 01:43:07,493] {processor.py:654} INFO - DAG(s) dict_keys(['data_ingestion_gcs_dag']) retrieved from /opt/airflow/dags/data_ingestion_gcs_dag.py
[2022-12-03 01:43:07,578] {logging_mixin.py:109} INFO - [2022-12-03 01:43:07,578] {dag.py:2396} INFO - Sync 1 DAGs
[2022-12-03 01:43:07,693] {logging_mixin.py:109} INFO - [2022-12-03 01:43:07,693] {dag.py:2935} INFO - Setting next_dagrun for data_ingestion_gcs_dag to 2022-12-02 00:00:00+00:00
[2022-12-03 01:43:07,972] {processor.py:171} INFO - Processing /opt/airflow/dags/data_ingestion_gcs_dag.py took 18.542 seconds
[2022-12-03 01:43:40,321] {processor.py:163} INFO - Started process (PID=253) to work on /opt/airflow/dags/data_ingestion_gcs_dag.py
[2022-12-03 01:43:40,328] {processor.py:642} INFO - Processing file /opt/airflow/dags/data_ingestion_gcs_dag.py for tasks to queue
[2022-12-03 01:43:40,331] {logging_mixin.py:109} INFO - [2022-12-03 01:43:40,331] {dagbag.py:500} INFO - Filling up the DagBag from /opt/airflow/dags/data_ingestion_gcs_dag.py
[2022-12-03 01:43:45,947] {processor.py:654} INFO - DAG(s) dict_keys(['data_ingestion_gcs_dag']) retrieved from /opt/airflow/dags/data_ingestion_gcs_dag.py
[2022-12-03 01:43:46,117] {logging_mixin.py:109} INFO - [2022-12-03 01:43:46,117] {dag.py:2396} INFO - Sync 1 DAGs
[2022-12-03 01:43:46,274] {logging_mixin.py:109} INFO - [2022-12-03 01:43:46,242] {dag.py:2935} INFO - Setting next_dagrun for data_ingestion_gcs_dag to 2022-12-02 00:00:00+00:00
[2022-12-03 01:43:47,730] {processor.py:171} INFO - Processing /opt/airflow/dags/data_ingestion_gcs_dag.py took 7.449 seconds
[2022-12-03 01:44:18,056] {processor.py:163} INFO - Started process (PID=298) to work on /opt/airflow/dags/data_ingestion_gcs_dag.py
[2022-12-03 01:44:18,066] {processor.py:642} INFO - Processing file /opt/airflow/dags/data_ingestion_gcs_dag.py for tasks to queue
[2022-12-03 01:44:18,074] {logging_mixin.py:109} INFO - [2022-12-03 01:44:18,073] {dagbag.py:500} INFO - Filling up the DagBag from /opt/airflow/dags/data_ingestion_gcs_dag.py
[2022-12-03 01:44:21,106] {processor.py:654} INFO - DAG(s) dict_keys(['data_ingestion_gcs_dag']) retrieved from /opt/airflow/dags/data_ingestion_gcs_dag.py
[2022-12-03 01:44:21,138] {logging_mixin.py:109} INFO - [2022-12-03 01:44:21,137] {dag.py:2396} INFO - Sync 1 DAGs
[2022-12-03 01:44:21,195] {logging_mixin.py:109} INFO - [2022-12-03 01:44:21,195] {dag.py:2935} INFO - Setting next_dagrun for data_ingestion_gcs_dag to 2022-12-02 00:00:00+00:00
[2022-12-03 01:44:21,251] {processor.py:171} INFO - Processing /opt/airflow/dags/data_ingestion_gcs_dag.py took 3.201 seconds
[2022-12-03 01:44:56,490] {processor.py:163} INFO - Started process (PID=314) to work on /opt/airflow/dags/data_ingestion_gcs_dag.py
[2022-12-03 01:44:56,511] {processor.py:642} INFO - Processing file /opt/airflow/dags/data_ingestion_gcs_dag.py for tasks to queue
[2022-12-03 01:44:56,517] {logging_mixin.py:109} INFO - [2022-12-03 01:44:56,516] {dagbag.py:500} INFO - Filling up the DagBag from /opt/airflow/dags/data_ingestion_gcs_dag.py
[2022-12-03 01:45:06,526] {processor.py:654} INFO - DAG(s) dict_keys(['data_ingestion_gcs_dag']) retrieved from /opt/airflow/dags/data_ingestion_gcs_dag.py
[2022-12-03 01:45:06,563] {logging_mixin.py:109} INFO - [2022-12-03 01:45:06,561] {dag.py:2396} INFO - Sync 1 DAGs
[2022-12-03 01:45:06,623] {logging_mixin.py:109} INFO - [2022-12-03 01:45:06,623] {dag.py:2935} INFO - Setting next_dagrun for data_ingestion_gcs_dag to 2022-12-02 00:00:00+00:00
[2022-12-03 01:45:06,682] {processor.py:171} INFO - Processing /opt/airflow/dags/data_ingestion_gcs_dag.py took 10.221 seconds
[2022-12-03 01:45:38,387] {processor.py:163} INFO - Started process (PID=335) to work on /opt/airflow/dags/data_ingestion_gcs_dag.py
[2022-12-03 01:45:38,490] {processor.py:642} INFO - Processing file /opt/airflow/dags/data_ingestion_gcs_dag.py for tasks to queue
[2022-12-03 01:45:38,498] {logging_mixin.py:109} INFO - [2022-12-03 01:45:38,498] {dagbag.py:500} INFO - Filling up the DagBag from /opt/airflow/dags/data_ingestion_gcs_dag.py
[2022-12-03 01:45:43,446] {processor.py:654} INFO - DAG(s) dict_keys(['data_ingestion_gcs_dag']) retrieved from /opt/airflow/dags/data_ingestion_gcs_dag.py
[2022-12-03 01:45:43,488] {logging_mixin.py:109} INFO - [2022-12-03 01:45:43,486] {dag.py:2396} INFO - Sync 1 DAGs
[2022-12-03 01:45:43,537] {logging_mixin.py:109} INFO - [2022-12-03 01:45:43,537] {dag.py:2935} INFO - Setting next_dagrun for data_ingestion_gcs_dag to 2022-12-02 00:00:00+00:00
[2022-12-03 01:45:43,601] {processor.py:171} INFO - Processing /opt/airflow/dags/data_ingestion_gcs_dag.py took 5.219 seconds
[2022-12-03 01:46:14,348] {processor.py:163} INFO - Started process (PID=363) to work on /opt/airflow/dags/data_ingestion_gcs_dag.py
[2022-12-03 01:46:14,394] {processor.py:642} INFO - Processing file /opt/airflow/dags/data_ingestion_gcs_dag.py for tasks to queue
[2022-12-03 01:46:14,407] {logging_mixin.py:109} INFO - [2022-12-03 01:46:14,401] {dagbag.py:500} INFO - Filling up the DagBag from /opt/airflow/dags/data_ingestion_gcs_dag.py
[2022-12-03 01:46:21,325] {logging_mixin.py:109} INFO - [2022-12-03 01:46:21,325] {process_utils.py:237} INFO - Waiting up to 5 seconds for processes to exit...
[2022-12-03 14:08:02,635] {processor.py:163} INFO - Started process (PID=63) to work on /opt/airflow/dags/data_ingestion_gcs_dag.py
[2022-12-03 14:08:02,645] {processor.py:642} INFO - Processing file /opt/airflow/dags/data_ingestion_gcs_dag.py for tasks to queue
[2022-12-03 14:08:02,649] {logging_mixin.py:109} INFO - [2022-12-03 14:08:02,648] {dagbag.py:500} INFO - Filling up the DagBag from /opt/airflow/dags/data_ingestion_gcs_dag.py
[2022-12-03 14:08:18,298] {processor.py:654} INFO - DAG(s) dict_keys(['data_ingestion_gcs_dag']) retrieved from /opt/airflow/dags/data_ingestion_gcs_dag.py
[2022-12-03 14:08:18,337] {logging_mixin.py:109} INFO - [2022-12-03 14:08:18,337] {dag.py:2396} INFO - Sync 1 DAGs
[2022-12-03 14:08:18,448] {logging_mixin.py:109} INFO - [2022-12-03 14:08:18,447] {dag.py:2935} INFO - Setting next_dagrun for data_ingestion_gcs_dag to 2022-12-02 00:00:00+00:00
[2022-12-03 14:08:18,622] {processor.py:171} INFO - Processing /opt/airflow/dags/data_ingestion_gcs_dag.py took 16.004 seconds
[2022-12-03 14:08:48,959] {processor.py:163} INFO - Started process (PID=113) to work on /opt/airflow/dags/data_ingestion_gcs_dag.py
[2022-12-03 14:08:48,965] {processor.py:642} INFO - Processing file /opt/airflow/dags/data_ingestion_gcs_dag.py for tasks to queue
[2022-12-03 14:08:48,967] {logging_mixin.py:109} INFO - [2022-12-03 14:08:48,967] {dagbag.py:500} INFO - Filling up the DagBag from /opt/airflow/dags/data_ingestion_gcs_dag.py
[2022-12-03 14:08:52,360] {processor.py:654} INFO - DAG(s) dict_keys(['data_ingestion_gcs_dag']) retrieved from /opt/airflow/dags/data_ingestion_gcs_dag.py
[2022-12-03 14:08:52,407] {logging_mixin.py:109} INFO - [2022-12-03 14:08:52,407] {dag.py:2396} INFO - Sync 1 DAGs
[2022-12-03 14:08:52,522] {logging_mixin.py:109} INFO - [2022-12-03 14:08:52,522] {dag.py:2935} INFO - Setting next_dagrun for data_ingestion_gcs_dag to 2022-12-02 00:00:00+00:00
[2022-12-03 14:08:52,588] {processor.py:171} INFO - Processing /opt/airflow/dags/data_ingestion_gcs_dag.py took 3.647 seconds
[2022-12-03 14:09:23,282] {processor.py:163} INFO - Started process (PID=189) to work on /opt/airflow/dags/data_ingestion_gcs_dag.py
[2022-12-03 14:09:23,291] {processor.py:642} INFO - Processing file /opt/airflow/dags/data_ingestion_gcs_dag.py for tasks to queue
[2022-12-03 14:09:23,293] {logging_mixin.py:109} INFO - [2022-12-03 14:09:23,292] {dagbag.py:500} INFO - Filling up the DagBag from /opt/airflow/dags/data_ingestion_gcs_dag.py
[2022-12-03 14:09:25,903] {processor.py:654} INFO - DAG(s) dict_keys(['data_ingestion_gcs_dag']) retrieved from /opt/airflow/dags/data_ingestion_gcs_dag.py
[2022-12-03 14:09:25,917] {logging_mixin.py:109} INFO - [2022-12-03 14:09:25,916] {dag.py:2396} INFO - Sync 1 DAGs
[2022-12-03 14:09:25,944] {logging_mixin.py:109} INFO - [2022-12-03 14:09:25,944] {dag.py:2935} INFO - Setting next_dagrun for data_ingestion_gcs_dag to 2022-12-02 00:00:00+00:00
[2022-12-03 14:09:26,297] {processor.py:171} INFO - Processing /opt/airflow/dags/data_ingestion_gcs_dag.py took 3.039 seconds
[2022-12-03 14:09:56,527] {processor.py:163} INFO - Started process (PID=226) to work on /opt/airflow/dags/data_ingestion_gcs_dag.py
[2022-12-03 14:09:56,528] {processor.py:642} INFO - Processing file /opt/airflow/dags/data_ingestion_gcs_dag.py for tasks to queue
[2022-12-03 14:09:56,529] {logging_mixin.py:109} INFO - [2022-12-03 14:09:56,529] {dagbag.py:500} INFO - Filling up the DagBag from /opt/airflow/dags/data_ingestion_gcs_dag.py
[2022-12-03 14:09:57,738] {processor.py:654} INFO - DAG(s) dict_keys(['data_ingestion_gcs_dag']) retrieved from /opt/airflow/dags/data_ingestion_gcs_dag.py
[2022-12-03 14:09:57,747] {logging_mixin.py:109} INFO - [2022-12-03 14:09:57,747] {dag.py:2396} INFO - Sync 1 DAGs
[2022-12-03 14:09:57,766] {logging_mixin.py:109} INFO - [2022-12-03 14:09:57,765] {dag.py:2935} INFO - Setting next_dagrun for data_ingestion_gcs_dag to 2022-12-02 00:00:00+00:00
[2022-12-03 14:09:57,777] {processor.py:171} INFO - Processing /opt/airflow/dags/data_ingestion_gcs_dag.py took 1.254 seconds
[2022-12-03 14:10:28,427] {processor.py:163} INFO - Started process (PID=255) to work on /opt/airflow/dags/data_ingestion_gcs_dag.py
[2022-12-03 14:10:28,430] {processor.py:642} INFO - Processing file /opt/airflow/dags/data_ingestion_gcs_dag.py for tasks to queue
[2022-12-03 14:10:28,443] {logging_mixin.py:109} INFO - [2022-12-03 14:10:28,443] {dagbag.py:500} INFO - Filling up the DagBag from /opt/airflow/dags/data_ingestion_gcs_dag.py
[2022-12-03 14:10:29,709] {processor.py:654} INFO - DAG(s) dict_keys(['data_ingestion_gcs_dag']) retrieved from /opt/airflow/dags/data_ingestion_gcs_dag.py
[2022-12-03 14:10:29,721] {logging_mixin.py:109} INFO - [2022-12-03 14:10:29,720] {dag.py:2396} INFO - Sync 1 DAGs
[2022-12-03 14:10:29,744] {logging_mixin.py:109} INFO - [2022-12-03 14:10:29,744] {dag.py:2935} INFO - Setting next_dagrun for data_ingestion_gcs_dag to 2022-12-02 00:00:00+00:00
[2022-12-03 14:10:29,770] {processor.py:171} INFO - Processing /opt/airflow/dags/data_ingestion_gcs_dag.py took 1.350 seconds
[2022-12-03 14:11:00,302] {processor.py:163} INFO - Started process (PID=283) to work on /opt/airflow/dags/data_ingestion_gcs_dag.py
[2022-12-03 14:11:00,315] {processor.py:642} INFO - Processing file /opt/airflow/dags/data_ingestion_gcs_dag.py for tasks to queue
[2022-12-03 14:11:00,319] {logging_mixin.py:109} INFO - [2022-12-03 14:11:00,318] {dagbag.py:500} INFO - Filling up the DagBag from /opt/airflow/dags/data_ingestion_gcs_dag.py
[2022-12-03 14:11:04,624] {processor.py:654} INFO - DAG(s) dict_keys(['data_ingestion_gcs_dag']) retrieved from /opt/airflow/dags/data_ingestion_gcs_dag.py
[2022-12-03 14:11:04,757] {logging_mixin.py:109} INFO - [2022-12-03 14:11:04,756] {dag.py:2396} INFO - Sync 1 DAGs
[2022-12-03 14:11:04,853] {logging_mixin.py:109} INFO - [2022-12-03 14:11:04,853] {dag.py:2935} INFO - Setting next_dagrun for data_ingestion_gcs_dag to 2022-12-02 00:00:00+00:00
[2022-12-03 14:11:05,020] {processor.py:171} INFO - Processing /opt/airflow/dags/data_ingestion_gcs_dag.py took 4.723 seconds
[2022-12-03 14:11:35,507] {processor.py:163} INFO - Started process (PID=321) to work on /opt/airflow/dags/data_ingestion_gcs_dag.py
[2022-12-03 14:11:35,509] {processor.py:642} INFO - Processing file /opt/airflow/dags/data_ingestion_gcs_dag.py for tasks to queue
[2022-12-03 14:11:35,510] {logging_mixin.py:109} INFO - [2022-12-03 14:11:35,510] {dagbag.py:500} INFO - Filling up the DagBag from /opt/airflow/dags/data_ingestion_gcs_dag.py
[2022-12-03 14:11:37,295] {processor.py:654} INFO - DAG(s) dict_keys(['data_ingestion_gcs_dag']) retrieved from /opt/airflow/dags/data_ingestion_gcs_dag.py
[2022-12-03 14:11:37,316] {logging_mixin.py:109} INFO - [2022-12-03 14:11:37,316] {dag.py:2396} INFO - Sync 1 DAGs
[2022-12-03 14:11:37,351] {logging_mixin.py:109} INFO - [2022-12-03 14:11:37,351] {dag.py:2935} INFO - Setting next_dagrun for data_ingestion_gcs_dag to 2022-12-02 00:00:00+00:00
[2022-12-03 14:11:37,367] {processor.py:171} INFO - Processing /opt/airflow/dags/data_ingestion_gcs_dag.py took 1.863 seconds
[2022-12-03 14:12:07,687] {processor.py:163} INFO - Started process (PID=348) to work on /opt/airflow/dags/data_ingestion_gcs_dag.py
[2022-12-03 14:12:07,688] {processor.py:642} INFO - Processing file /opt/airflow/dags/data_ingestion_gcs_dag.py for tasks to queue
[2022-12-03 14:12:07,690] {logging_mixin.py:109} INFO - [2022-12-03 14:12:07,689] {dagbag.py:500} INFO - Filling up the DagBag from /opt/airflow/dags/data_ingestion_gcs_dag.py
[2022-12-03 14:12:08,777] {processor.py:654} INFO - DAG(s) dict_keys(['data_ingestion_gcs_dag']) retrieved from /opt/airflow/dags/data_ingestion_gcs_dag.py
[2022-12-03 14:12:08,790] {logging_mixin.py:109} INFO - [2022-12-03 14:12:08,790] {dag.py:2396} INFO - Sync 1 DAGs
[2022-12-03 14:12:08,810] {logging_mixin.py:109} INFO - [2022-12-03 14:12:08,810] {dag.py:2935} INFO - Setting next_dagrun for data_ingestion_gcs_dag to 2022-12-02 00:00:00+00:00
[2022-12-03 14:12:08,825] {processor.py:171} INFO - Processing /opt/airflow/dags/data_ingestion_gcs_dag.py took 1.143 seconds
[2022-12-03 14:12:39,062] {processor.py:163} INFO - Started process (PID=378) to work on /opt/airflow/dags/data_ingestion_gcs_dag.py
[2022-12-03 14:12:39,063] {processor.py:642} INFO - Processing file /opt/airflow/dags/data_ingestion_gcs_dag.py for tasks to queue
[2022-12-03 14:12:39,064] {logging_mixin.py:109} INFO - [2022-12-03 14:12:39,064] {dagbag.py:500} INFO - Filling up the DagBag from /opt/airflow/dags/data_ingestion_gcs_dag.py
[2022-12-03 14:12:39,853] {processor.py:654} INFO - DAG(s) dict_keys(['data_ingestion_gcs_dag']) retrieved from /opt/airflow/dags/data_ingestion_gcs_dag.py
[2022-12-03 14:12:39,862] {logging_mixin.py:109} INFO - [2022-12-03 14:12:39,862] {dag.py:2396} INFO - Sync 1 DAGs
[2022-12-03 14:12:39,878] {logging_mixin.py:109} INFO - [2022-12-03 14:12:39,878] {dag.py:2935} INFO - Setting next_dagrun for data_ingestion_gcs_dag to 2022-12-02 00:00:00+00:00
[2022-12-03 14:12:39,895] {processor.py:171} INFO - Processing /opt/airflow/dags/data_ingestion_gcs_dag.py took 0.837 seconds
[2022-12-03 14:13:10,216] {processor.py:163} INFO - Started process (PID=407) to work on /opt/airflow/dags/data_ingestion_gcs_dag.py
[2022-12-03 14:13:10,218] {processor.py:642} INFO - Processing file /opt/airflow/dags/data_ingestion_gcs_dag.py for tasks to queue
[2022-12-03 14:13:10,219] {logging_mixin.py:109} INFO - [2022-12-03 14:13:10,219] {dagbag.py:500} INFO - Filling up the DagBag from /opt/airflow/dags/data_ingestion_gcs_dag.py
[2022-12-03 14:13:11,153] {processor.py:654} INFO - DAG(s) dict_keys(['data_ingestion_gcs_dag']) retrieved from /opt/airflow/dags/data_ingestion_gcs_dag.py
[2022-12-03 14:13:11,166] {logging_mixin.py:109} INFO - [2022-12-03 14:13:11,166] {dag.py:2396} INFO - Sync 1 DAGs
[2022-12-03 14:13:11,189] {logging_mixin.py:109} INFO - [2022-12-03 14:13:11,189] {dag.py:2935} INFO - Setting next_dagrun for data_ingestion_gcs_dag to 2022-12-02 00:00:00+00:00
[2022-12-03 14:13:11,205] {processor.py:171} INFO - Processing /opt/airflow/dags/data_ingestion_gcs_dag.py took 0.993 seconds
[2022-12-03 14:13:41,446] {processor.py:163} INFO - Started process (PID=444) to work on /opt/airflow/dags/data_ingestion_gcs_dag.py
[2022-12-03 14:13:41,448] {processor.py:642} INFO - Processing file /opt/airflow/dags/data_ingestion_gcs_dag.py for tasks to queue
[2022-12-03 14:13:41,449] {logging_mixin.py:109} INFO - [2022-12-03 14:13:41,449] {dagbag.py:500} INFO - Filling up the DagBag from /opt/airflow/dags/data_ingestion_gcs_dag.py
[2022-12-03 14:13:43,016] {processor.py:654} INFO - DAG(s) dict_keys(['data_ingestion_gcs_dag']) retrieved from /opt/airflow/dags/data_ingestion_gcs_dag.py
[2022-12-03 14:13:43,031] {logging_mixin.py:109} INFO - [2022-12-03 14:13:43,030] {dag.py:2396} INFO - Sync 1 DAGs
[2022-12-03 14:13:43,058] {logging_mixin.py:109} INFO - [2022-12-03 14:13:43,058] {dag.py:2935} INFO - Setting next_dagrun for data_ingestion_gcs_dag to 2022-12-02 00:00:00+00:00
[2022-12-03 14:13:43,074] {processor.py:171} INFO - Processing /opt/airflow/dags/data_ingestion_gcs_dag.py took 1.630 seconds
[2022-12-03 14:14:13,649] {processor.py:163} INFO - Started process (PID=484) to work on /opt/airflow/dags/data_ingestion_gcs_dag.py
[2022-12-03 14:14:13,657] {processor.py:642} INFO - Processing file /opt/airflow/dags/data_ingestion_gcs_dag.py for tasks to queue
[2022-12-03 14:14:13,667] {logging_mixin.py:109} INFO - [2022-12-03 14:14:13,667] {dagbag.py:500} INFO - Filling up the DagBag from /opt/airflow/dags/data_ingestion_gcs_dag.py
[2022-12-03 14:14:15,103] {processor.py:654} INFO - DAG(s) dict_keys(['data_ingestion_gcs_dag']) retrieved from /opt/airflow/dags/data_ingestion_gcs_dag.py
[2022-12-03 14:14:15,124] {logging_mixin.py:109} INFO - [2022-12-03 14:14:15,124] {dag.py:2396} INFO - Sync 1 DAGs
[2022-12-03 14:14:15,141] {logging_mixin.py:109} INFO - [2022-12-03 14:14:15,141] {dag.py:2935} INFO - Setting next_dagrun for data_ingestion_gcs_dag to 2022-12-02 00:00:00+00:00
[2022-12-03 14:14:15,152] {processor.py:171} INFO - Processing /opt/airflow/dags/data_ingestion_gcs_dag.py took 1.507 seconds
[2022-12-03 14:14:45,593] {processor.py:163} INFO - Started process (PID=561) to work on /opt/airflow/dags/data_ingestion_gcs_dag.py
[2022-12-03 14:14:45,613] {processor.py:642} INFO - Processing file /opt/airflow/dags/data_ingestion_gcs_dag.py for tasks to queue
[2022-12-03 14:14:45,614] {logging_mixin.py:109} INFO - [2022-12-03 14:14:45,614] {dagbag.py:500} INFO - Filling up the DagBag from /opt/airflow/dags/data_ingestion_gcs_dag.py
[2022-12-03 14:14:54,032] {processor.py:654} INFO - DAG(s) dict_keys(['data_ingestion_gcs_dag']) retrieved from /opt/airflow/dags/data_ingestion_gcs_dag.py
[2022-12-03 14:14:54,068] {logging_mixin.py:109} INFO - [2022-12-03 14:14:54,068] {dag.py:2396} INFO - Sync 1 DAGs
[2022-12-03 14:14:54,116] {logging_mixin.py:109} INFO - [2022-12-03 14:14:54,116] {dag.py:2935} INFO - Setting next_dagrun for data_ingestion_gcs_dag to 2022-12-02 00:00:00+00:00
[2022-12-03 14:14:54,161] {processor.py:171} INFO - Processing /opt/airflow/dags/data_ingestion_gcs_dag.py took 9.060 seconds
[2022-12-03 14:15:24,329] {processor.py:163} INFO - Started process (PID=617) to work on /opt/airflow/dags/data_ingestion_gcs_dag.py
[2022-12-03 14:15:24,337] {processor.py:642} INFO - Processing file /opt/airflow/dags/data_ingestion_gcs_dag.py for tasks to queue
[2022-12-03 14:15:24,338] {logging_mixin.py:109} INFO - [2022-12-03 14:15:24,338] {dagbag.py:500} INFO - Filling up the DagBag from /opt/airflow/dags/data_ingestion_gcs_dag.py
[2022-12-03 14:15:29,025] {processor.py:654} INFO - DAG(s) dict_keys(['data_ingestion_gcs_dag']) retrieved from /opt/airflow/dags/data_ingestion_gcs_dag.py
[2022-12-03 14:15:29,067] {logging_mixin.py:109} INFO - [2022-12-03 14:15:29,062] {dag.py:2396} INFO - Sync 1 DAGs
[2022-12-03 14:15:29,186] {logging_mixin.py:109} INFO - [2022-12-03 14:15:29,186] {dag.py:2935} INFO - Setting next_dagrun for data_ingestion_gcs_dag to 2022-12-02 00:00:00+00:00
[2022-12-03 14:15:29,311] {processor.py:171} INFO - Processing /opt/airflow/dags/data_ingestion_gcs_dag.py took 4.986 seconds
[2022-12-03 14:16:00,293] {processor.py:163} INFO - Started process (PID=645) to work on /opt/airflow/dags/data_ingestion_gcs_dag.py
[2022-12-03 14:16:00,294] {processor.py:642} INFO - Processing file /opt/airflow/dags/data_ingestion_gcs_dag.py for tasks to queue
[2022-12-03 14:16:00,295] {logging_mixin.py:109} INFO - [2022-12-03 14:16:00,295] {dagbag.py:500} INFO - Filling up the DagBag from /opt/airflow/dags/data_ingestion_gcs_dag.py
[2022-12-03 14:16:01,344] {processor.py:654} INFO - DAG(s) dict_keys(['data_ingestion_gcs_dag']) retrieved from /opt/airflow/dags/data_ingestion_gcs_dag.py
[2022-12-03 14:16:01,358] {logging_mixin.py:109} INFO - [2022-12-03 14:16:01,357] {dag.py:2396} INFO - Sync 1 DAGs
[2022-12-03 14:16:01,375] {logging_mixin.py:109} INFO - [2022-12-03 14:16:01,375] {dag.py:2935} INFO - Setting next_dagrun for data_ingestion_gcs_dag to 2022-12-02 00:00:00+00:00
[2022-12-03 14:16:01,388] {processor.py:171} INFO - Processing /opt/airflow/dags/data_ingestion_gcs_dag.py took 1.099 seconds
[2022-12-03 14:16:31,678] {processor.py:163} INFO - Started process (PID=681) to work on /opt/airflow/dags/data_ingestion_gcs_dag.py
[2022-12-03 14:16:31,680] {processor.py:642} INFO - Processing file /opt/airflow/dags/data_ingestion_gcs_dag.py for tasks to queue
[2022-12-03 14:16:31,681] {logging_mixin.py:109} INFO - [2022-12-03 14:16:31,681] {dagbag.py:500} INFO - Filling up the DagBag from /opt/airflow/dags/data_ingestion_gcs_dag.py
[2022-12-03 14:16:32,882] {processor.py:654} INFO - DAG(s) dict_keys(['data_ingestion_gcs_dag']) retrieved from /opt/airflow/dags/data_ingestion_gcs_dag.py
[2022-12-03 14:16:32,892] {logging_mixin.py:109} INFO - [2022-12-03 14:16:32,892] {dag.py:2396} INFO - Sync 1 DAGs
[2022-12-03 14:16:32,911] {logging_mixin.py:109} INFO - [2022-12-03 14:16:32,911] {dag.py:2935} INFO - Setting next_dagrun for data_ingestion_gcs_dag to 2022-12-02 00:00:00+00:00
[2022-12-03 14:16:32,926] {processor.py:171} INFO - Processing /opt/airflow/dags/data_ingestion_gcs_dag.py took 1.251 seconds
[2022-12-03 14:17:03,162] {processor.py:163} INFO - Started process (PID=709) to work on /opt/airflow/dags/data_ingestion_gcs_dag.py
[2022-12-03 14:17:03,171] {processor.py:642} INFO - Processing file /opt/airflow/dags/data_ingestion_gcs_dag.py for tasks to queue
[2022-12-03 14:17:03,172] {logging_mixin.py:109} INFO - [2022-12-03 14:17:03,172] {dagbag.py:500} INFO - Filling up the DagBag from /opt/airflow/dags/data_ingestion_gcs_dag.py
[2022-12-03 14:17:03,981] {processor.py:654} INFO - DAG(s) dict_keys(['data_ingestion_gcs_dag']) retrieved from /opt/airflow/dags/data_ingestion_gcs_dag.py
[2022-12-03 14:17:03,990] {logging_mixin.py:109} INFO - [2022-12-03 14:17:03,990] {dag.py:2396} INFO - Sync 1 DAGs
[2022-12-03 14:17:04,008] {logging_mixin.py:109} INFO - [2022-12-03 14:17:04,008] {dag.py:2935} INFO - Setting next_dagrun for data_ingestion_gcs_dag to 2022-12-02 00:00:00+00:00
[2022-12-03 14:17:04,021] {processor.py:171} INFO - Processing /opt/airflow/dags/data_ingestion_gcs_dag.py took 0.864 seconds
[2022-12-03 14:17:42,017] {processor.py:163} INFO - Started process (PID=738) to work on /opt/airflow/dags/data_ingestion_gcs_dag.py
[2022-12-03 14:17:42,033] {processor.py:642} INFO - Processing file /opt/airflow/dags/data_ingestion_gcs_dag.py for tasks to queue
[2022-12-03 14:17:42,039] {logging_mixin.py:109} INFO - [2022-12-03 14:17:42,039] {dagbag.py:500} INFO - Filling up the DagBag from /opt/airflow/dags/data_ingestion_gcs_dag.py
[2022-12-03 14:17:45,944] {processor.py:654} INFO - DAG(s) dict_keys(['data_ingestion_gcs_dag']) retrieved from /opt/airflow/dags/data_ingestion_gcs_dag.py
[2022-12-03 14:17:45,986] {logging_mixin.py:109} INFO - [2022-12-03 14:17:45,986] {dag.py:2396} INFO - Sync 1 DAGs
[2022-12-03 14:17:46,032] {logging_mixin.py:109} INFO - [2022-12-03 14:17:46,032] {dag.py:2935} INFO - Setting next_dagrun for data_ingestion_gcs_dag to 2022-12-02 00:00:00+00:00
[2022-12-03 14:17:46,102] {processor.py:171} INFO - Processing /opt/airflow/dags/data_ingestion_gcs_dag.py took 4.092 seconds
[2022-12-03 14:18:16,499] {processor.py:163} INFO - Started process (PID=779) to work on /opt/airflow/dags/data_ingestion_gcs_dag.py
[2022-12-03 14:18:16,501] {processor.py:642} INFO - Processing file /opt/airflow/dags/data_ingestion_gcs_dag.py for tasks to queue
[2022-12-03 14:18:16,503] {logging_mixin.py:109} INFO - [2022-12-03 14:18:16,502] {dagbag.py:500} INFO - Filling up the DagBag from /opt/airflow/dags/data_ingestion_gcs_dag.py
[2022-12-03 14:18:17,655] {processor.py:654} INFO - DAG(s) dict_keys(['data_ingestion_gcs_dag']) retrieved from /opt/airflow/dags/data_ingestion_gcs_dag.py
[2022-12-03 14:18:17,668] {logging_mixin.py:109} INFO - [2022-12-03 14:18:17,667] {dag.py:2396} INFO - Sync 1 DAGs
[2022-12-03 14:18:17,690] {logging_mixin.py:109} INFO - [2022-12-03 14:18:17,690] {dag.py:2935} INFO - Setting next_dagrun for data_ingestion_gcs_dag to 2022-12-02 00:00:00+00:00
[2022-12-03 14:18:17,704] {processor.py:171} INFO - Processing /opt/airflow/dags/data_ingestion_gcs_dag.py took 1.209 seconds
[2022-12-03 17:41:02,063] {processor.py:163} INFO - Started process (PID=48) to work on /opt/airflow/dags/data_ingestion_gcs_dag.py
[2022-12-03 17:41:02,068] {processor.py:642} INFO - Processing file /opt/airflow/dags/data_ingestion_gcs_dag.py for tasks to queue
[2022-12-03 17:41:02,074] {logging_mixin.py:109} INFO - [2022-12-03 17:41:02,074] {dagbag.py:500} INFO - Filling up the DagBag from /opt/airflow/dags/data_ingestion_gcs_dag.py
[2022-12-03 17:41:14,569] {processor.py:654} INFO - DAG(s) dict_keys(['data_ingestion_gcs_dag']) retrieved from /opt/airflow/dags/data_ingestion_gcs_dag.py
[2022-12-03 17:41:14,600] {logging_mixin.py:109} INFO - [2022-12-03 17:41:14,600] {dag.py:2396} INFO - Sync 1 DAGs
[2022-12-03 17:41:14,661] {logging_mixin.py:109} INFO - [2022-12-03 17:41:14,661] {dag.py:2935} INFO - Setting next_dagrun for data_ingestion_gcs_dag to 2022-12-02 00:00:00+00:00
[2022-12-03 17:41:14,797] {processor.py:171} INFO - Processing /opt/airflow/dags/data_ingestion_gcs_dag.py took 12.745 seconds
[2022-12-03 17:41:45,467] {processor.py:163} INFO - Started process (PID=94) to work on /opt/airflow/dags/data_ingestion_gcs_dag.py
[2022-12-03 17:41:45,482] {processor.py:642} INFO - Processing file /opt/airflow/dags/data_ingestion_gcs_dag.py for tasks to queue
[2022-12-03 17:41:45,496] {logging_mixin.py:109} INFO - [2022-12-03 17:41:45,490] {dagbag.py:500} INFO - Filling up the DagBag from /opt/airflow/dags/data_ingestion_gcs_dag.py
[2022-12-03 17:41:49,059] {processor.py:654} INFO - DAG(s) dict_keys(['data_ingestion_gcs_dag']) retrieved from /opt/airflow/dags/data_ingestion_gcs_dag.py
[2022-12-03 17:41:49,113] {logging_mixin.py:109} INFO - [2022-12-03 17:41:49,113] {dag.py:2396} INFO - Sync 1 DAGs
[2022-12-03 17:41:49,177] {logging_mixin.py:109} INFO - [2022-12-03 17:41:49,177] {dag.py:2935} INFO - Setting next_dagrun for data_ingestion_gcs_dag to 2022-12-02 00:00:00+00:00
[2022-12-03 17:41:49,215] {processor.py:171} INFO - Processing /opt/airflow/dags/data_ingestion_gcs_dag.py took 3.752 seconds
[2022-12-03 17:42:19,976] {processor.py:163} INFO - Started process (PID=173) to work on /opt/airflow/dags/data_ingestion_gcs_dag.py
[2022-12-03 17:42:19,980] {processor.py:642} INFO - Processing file /opt/airflow/dags/data_ingestion_gcs_dag.py for tasks to queue
[2022-12-03 17:42:19,991] {logging_mixin.py:109} INFO - [2022-12-03 17:42:19,990] {dagbag.py:500} INFO - Filling up the DagBag from /opt/airflow/dags/data_ingestion_gcs_dag.py
[2022-12-03 17:42:22,369] {processor.py:654} INFO - DAG(s) dict_keys(['data_ingestion_gcs_dag']) retrieved from /opt/airflow/dags/data_ingestion_gcs_dag.py
[2022-12-03 17:42:22,393] {logging_mixin.py:109} INFO - [2022-12-03 17:42:22,393] {dag.py:2396} INFO - Sync 1 DAGs
[2022-12-03 17:42:22,440] {logging_mixin.py:109} INFO - [2022-12-03 17:42:22,440] {dag.py:2935} INFO - Setting next_dagrun for data_ingestion_gcs_dag to 2022-12-02 00:00:00+00:00
[2022-12-03 17:42:22,468] {processor.py:171} INFO - Processing /opt/airflow/dags/data_ingestion_gcs_dag.py took 2.497 seconds
[2022-12-03 17:42:52,711] {processor.py:163} INFO - Started process (PID=206) to work on /opt/airflow/dags/data_ingestion_gcs_dag.py
[2022-12-03 17:42:52,713] {processor.py:642} INFO - Processing file /opt/airflow/dags/data_ingestion_gcs_dag.py for tasks to queue
[2022-12-03 17:42:52,714] {logging_mixin.py:109} INFO - [2022-12-03 17:42:52,714] {dagbag.py:500} INFO - Filling up the DagBag from /opt/airflow/dags/data_ingestion_gcs_dag.py
[2022-12-03 17:42:53,814] {processor.py:654} INFO - DAG(s) dict_keys(['data_ingestion_gcs_dag']) retrieved from /opt/airflow/dags/data_ingestion_gcs_dag.py
[2022-12-03 17:42:53,825] {logging_mixin.py:109} INFO - [2022-12-03 17:42:53,825] {dag.py:2396} INFO - Sync 1 DAGs
[2022-12-03 17:42:53,848] {logging_mixin.py:109} INFO - [2022-12-03 17:42:53,848] {dag.py:2935} INFO - Setting next_dagrun for data_ingestion_gcs_dag to 2022-12-02 00:00:00+00:00
[2022-12-03 17:42:53,863] {processor.py:171} INFO - Processing /opt/airflow/dags/data_ingestion_gcs_dag.py took 1.156 seconds
[2022-12-03 17:43:24,077] {processor.py:163} INFO - Started process (PID=234) to work on /opt/airflow/dags/data_ingestion_gcs_dag.py
[2022-12-03 17:43:24,079] {processor.py:642} INFO - Processing file /opt/airflow/dags/data_ingestion_gcs_dag.py for tasks to queue
[2022-12-03 17:43:24,080] {logging_mixin.py:109} INFO - [2022-12-03 17:43:24,080] {dagbag.py:500} INFO - Filling up the DagBag from /opt/airflow/dags/data_ingestion_gcs_dag.py
[2022-12-03 17:43:25,282] {processor.py:654} INFO - DAG(s) dict_keys(['data_ingestion_gcs_dag']) retrieved from /opt/airflow/dags/data_ingestion_gcs_dag.py
[2022-12-03 17:43:25,293] {logging_mixin.py:109} INFO - [2022-12-03 17:43:25,293] {dag.py:2396} INFO - Sync 1 DAGs
[2022-12-03 17:43:25,312] {logging_mixin.py:109} INFO - [2022-12-03 17:43:25,312] {dag.py:2935} INFO - Setting next_dagrun for data_ingestion_gcs_dag to 2022-12-02 00:00:00+00:00
[2022-12-03 17:43:25,323] {processor.py:171} INFO - Processing /opt/airflow/dags/data_ingestion_gcs_dag.py took 1.249 seconds
[2022-12-03 17:43:55,759] {processor.py:163} INFO - Started process (PID=262) to work on /opt/airflow/dags/data_ingestion_gcs_dag.py
[2022-12-03 17:43:55,771] {processor.py:642} INFO - Processing file /opt/airflow/dags/data_ingestion_gcs_dag.py for tasks to queue
[2022-12-03 17:43:55,774] {logging_mixin.py:109} INFO - [2022-12-03 17:43:55,774] {dagbag.py:500} INFO - Filling up the DagBag from /opt/airflow/dags/data_ingestion_gcs_dag.py
[2022-12-03 17:43:58,911] {processor.py:654} INFO - DAG(s) dict_keys(['data_ingestion_gcs_dag']) retrieved from /opt/airflow/dags/data_ingestion_gcs_dag.py
[2022-12-03 17:43:58,933] {logging_mixin.py:109} INFO - [2022-12-03 17:43:58,931] {dag.py:2396} INFO - Sync 1 DAGs
[2022-12-03 17:43:58,977] {logging_mixin.py:109} INFO - [2022-12-03 17:43:58,977] {dag.py:2935} INFO - Setting next_dagrun for data_ingestion_gcs_dag to 2022-12-02 00:00:00+00:00
[2022-12-03 17:43:59,016] {processor.py:171} INFO - Processing /opt/airflow/dags/data_ingestion_gcs_dag.py took 3.260 seconds
[2022-12-03 17:44:29,335] {processor.py:163} INFO - Started process (PID=296) to work on /opt/airflow/dags/data_ingestion_gcs_dag.py
[2022-12-03 17:44:29,339] {processor.py:642} INFO - Processing file /opt/airflow/dags/data_ingestion_gcs_dag.py for tasks to queue
[2022-12-03 17:44:29,342] {logging_mixin.py:109} INFO - [2022-12-03 17:44:29,342] {dagbag.py:500} INFO - Filling up the DagBag from /opt/airflow/dags/data_ingestion_gcs_dag.py
[2022-12-03 17:44:34,908] {processor.py:654} INFO - DAG(s) dict_keys(['data_ingestion_gcs_dag']) retrieved from /opt/airflow/dags/data_ingestion_gcs_dag.py
[2022-12-03 17:44:34,960] {logging_mixin.py:109} INFO - [2022-12-03 17:44:34,959] {dag.py:2396} INFO - Sync 1 DAGs
[2022-12-03 17:44:35,062] {logging_mixin.py:109} INFO - [2022-12-03 17:44:35,062] {dag.py:2935} INFO - Setting next_dagrun for data_ingestion_gcs_dag to 2022-12-02 00:00:00+00:00
[2022-12-03 17:44:35,128] {processor.py:171} INFO - Processing /opt/airflow/dags/data_ingestion_gcs_dag.py took 5.809 seconds
[2022-12-03 17:45:05,477] {processor.py:163} INFO - Started process (PID=327) to work on /opt/airflow/dags/data_ingestion_gcs_dag.py
[2022-12-03 17:45:05,478] {processor.py:642} INFO - Processing file /opt/airflow/dags/data_ingestion_gcs_dag.py for tasks to queue
[2022-12-03 17:45:05,479] {logging_mixin.py:109} INFO - [2022-12-03 17:45:05,479] {dagbag.py:500} INFO - Filling up the DagBag from /opt/airflow/dags/data_ingestion_gcs_dag.py
[2022-12-03 17:45:06,514] {processor.py:654} INFO - DAG(s) dict_keys(['data_ingestion_gcs_dag']) retrieved from /opt/airflow/dags/data_ingestion_gcs_dag.py
[2022-12-03 17:45:06,530] {logging_mixin.py:109} INFO - [2022-12-03 17:45:06,530] {dag.py:2396} INFO - Sync 1 DAGs
[2022-12-03 17:45:06,554] {logging_mixin.py:109} INFO - [2022-12-03 17:45:06,554] {dag.py:2935} INFO - Setting next_dagrun for data_ingestion_gcs_dag to 2022-12-02 00:00:00+00:00
[2022-12-03 17:45:06,572] {processor.py:171} INFO - Processing /opt/airflow/dags/data_ingestion_gcs_dag.py took 1.099 seconds
[2022-12-03 17:45:36,815] {processor.py:163} INFO - Started process (PID=355) to work on /opt/airflow/dags/data_ingestion_gcs_dag.py
[2022-12-03 17:45:36,816] {processor.py:642} INFO - Processing file /opt/airflow/dags/data_ingestion_gcs_dag.py for tasks to queue
[2022-12-03 17:45:36,817] {logging_mixin.py:109} INFO - [2022-12-03 17:45:36,817] {dagbag.py:500} INFO - Filling up the DagBag from /opt/airflow/dags/data_ingestion_gcs_dag.py
[2022-12-03 17:45:37,691] {processor.py:654} INFO - DAG(s) dict_keys(['data_ingestion_gcs_dag']) retrieved from /opt/airflow/dags/data_ingestion_gcs_dag.py
[2022-12-03 17:45:37,702] {logging_mixin.py:109} INFO - [2022-12-03 17:45:37,701] {dag.py:2396} INFO - Sync 1 DAGs
[2022-12-03 17:45:37,721] {logging_mixin.py:109} INFO - [2022-12-03 17:45:37,721] {dag.py:2935} INFO - Setting next_dagrun for data_ingestion_gcs_dag to 2022-12-02 00:00:00+00:00
[2022-12-03 17:45:37,734] {processor.py:171} INFO - Processing /opt/airflow/dags/data_ingestion_gcs_dag.py took 0.923 seconds
[2022-12-03 17:46:07,869] {processor.py:163} INFO - Started process (PID=383) to work on /opt/airflow/dags/data_ingestion_gcs_dag.py
[2022-12-03 17:46:07,871] {processor.py:642} INFO - Processing file /opt/airflow/dags/data_ingestion_gcs_dag.py for tasks to queue
[2022-12-03 17:46:07,872] {logging_mixin.py:109} INFO - [2022-12-03 17:46:07,872] {dagbag.py:500} INFO - Filling up the DagBag from /opt/airflow/dags/data_ingestion_gcs_dag.py
[2022-12-03 17:46:08,892] {processor.py:654} INFO - DAG(s) dict_keys(['data_ingestion_gcs_dag']) retrieved from /opt/airflow/dags/data_ingestion_gcs_dag.py
[2022-12-03 17:46:08,903] {logging_mixin.py:109} INFO - [2022-12-03 17:46:08,903] {dag.py:2396} INFO - Sync 1 DAGs
[2022-12-03 17:46:08,931] {logging_mixin.py:109} INFO - [2022-12-03 17:46:08,931] {dag.py:2935} INFO - Setting next_dagrun for data_ingestion_gcs_dag to 2022-12-02 00:00:00+00:00
[2022-12-03 17:46:08,945] {processor.py:171} INFO - Processing /opt/airflow/dags/data_ingestion_gcs_dag.py took 1.079 seconds
[2022-12-03 17:46:39,233] {processor.py:163} INFO - Started process (PID=420) to work on /opt/airflow/dags/data_ingestion_gcs_dag.py
[2022-12-03 17:46:39,235] {processor.py:642} INFO - Processing file /opt/airflow/dags/data_ingestion_gcs_dag.py for tasks to queue
[2022-12-03 17:46:39,236] {logging_mixin.py:109} INFO - [2022-12-03 17:46:39,236] {dagbag.py:500} INFO - Filling up the DagBag from /opt/airflow/dags/data_ingestion_gcs_dag.py
[2022-12-03 17:46:40,162] {processor.py:654} INFO - DAG(s) dict_keys(['data_ingestion_gcs_dag']) retrieved from /opt/airflow/dags/data_ingestion_gcs_dag.py
[2022-12-03 17:46:40,173] {logging_mixin.py:109} INFO - [2022-12-03 17:46:40,172] {dag.py:2396} INFO - Sync 1 DAGs
[2022-12-03 17:46:40,189] {logging_mixin.py:109} INFO - [2022-12-03 17:46:40,189] {dag.py:2935} INFO - Setting next_dagrun for data_ingestion_gcs_dag to 2022-12-02 00:00:00+00:00
[2022-12-03 17:46:40,202] {processor.py:171} INFO - Processing /opt/airflow/dags/data_ingestion_gcs_dag.py took 0.973 seconds
[2022-12-03 17:47:11,094] {processor.py:163} INFO - Started process (PID=453) to work on /opt/airflow/dags/data_ingestion_gcs_dag.py
[2022-12-03 17:47:11,096] {processor.py:642} INFO - Processing file /opt/airflow/dags/data_ingestion_gcs_dag.py for tasks to queue
[2022-12-03 17:47:11,097] {logging_mixin.py:109} INFO - [2022-12-03 17:47:11,097] {dagbag.py:500} INFO - Filling up the DagBag from /opt/airflow/dags/data_ingestion_gcs_dag.py
[2022-12-03 17:47:12,555] {processor.py:654} INFO - DAG(s) dict_keys(['data_ingestion_gcs_dag']) retrieved from /opt/airflow/dags/data_ingestion_gcs_dag.py
[2022-12-03 17:47:12,570] {logging_mixin.py:109} INFO - [2022-12-03 17:47:12,569] {dag.py:2396} INFO - Sync 1 DAGs
[2022-12-03 17:47:12,606] {logging_mixin.py:109} INFO - [2022-12-03 17:47:12,606] {dag.py:2935} INFO - Setting next_dagrun for data_ingestion_gcs_dag to 2022-12-02 00:00:00+00:00
[2022-12-03 17:47:12,634] {processor.py:171} INFO - Processing /opt/airflow/dags/data_ingestion_gcs_dag.py took 1.544 seconds
[2022-12-03 17:47:42,953] {processor.py:163} INFO - Started process (PID=537) to work on /opt/airflow/dags/data_ingestion_gcs_dag.py
[2022-12-03 17:47:42,961] {processor.py:642} INFO - Processing file /opt/airflow/dags/data_ingestion_gcs_dag.py for tasks to queue
[2022-12-03 17:47:42,963] {logging_mixin.py:109} INFO - [2022-12-03 17:47:42,963] {dagbag.py:500} INFO - Filling up the DagBag from /opt/airflow/dags/data_ingestion_gcs_dag.py
[2022-12-03 17:47:47,032] {processor.py:654} INFO - DAG(s) dict_keys(['data_ingestion_gcs_dag']) retrieved from /opt/airflow/dags/data_ingestion_gcs_dag.py
[2022-12-03 17:47:47,065] {logging_mixin.py:109} INFO - [2022-12-03 17:47:47,065] {dag.py:2396} INFO - Sync 1 DAGs
[2022-12-03 17:47:47,126] {logging_mixin.py:109} INFO - [2022-12-03 17:47:47,126] {dag.py:2935} INFO - Setting next_dagrun for data_ingestion_gcs_dag to 2022-12-02 00:00:00+00:00
[2022-12-03 17:47:47,162] {processor.py:171} INFO - Processing /opt/airflow/dags/data_ingestion_gcs_dag.py took 4.213 seconds
[2022-12-03 17:48:17,530] {processor.py:163} INFO - Started process (PID=586) to work on /opt/airflow/dags/data_ingestion_gcs_dag.py
[2022-12-03 17:48:17,532] {processor.py:642} INFO - Processing file /opt/airflow/dags/data_ingestion_gcs_dag.py for tasks to queue
[2022-12-03 17:48:17,534] {logging_mixin.py:109} INFO - [2022-12-03 17:48:17,534] {dagbag.py:500} INFO - Filling up the DagBag from /opt/airflow/dags/data_ingestion_gcs_dag.py
[2022-12-03 17:48:18,789] {processor.py:654} INFO - DAG(s) dict_keys(['data_ingestion_gcs_dag']) retrieved from /opt/airflow/dags/data_ingestion_gcs_dag.py
[2022-12-03 17:48:18,811] {logging_mixin.py:109} INFO - [2022-12-03 17:48:18,810] {dag.py:2396} INFO - Sync 1 DAGs
[2022-12-03 17:48:18,836] {logging_mixin.py:109} INFO - [2022-12-03 17:48:18,836] {dag.py:2935} INFO - Setting next_dagrun for data_ingestion_gcs_dag to 2022-12-02 00:00:00+00:00
[2022-12-03 17:48:18,861] {processor.py:171} INFO - Processing /opt/airflow/dags/data_ingestion_gcs_dag.py took 1.337 seconds
[2022-12-03 17:48:49,174] {processor.py:163} INFO - Started process (PID=623) to work on /opt/airflow/dags/data_ingestion_gcs_dag.py
[2022-12-03 17:48:49,202] {processor.py:642} INFO - Processing file /opt/airflow/dags/data_ingestion_gcs_dag.py for tasks to queue
[2022-12-03 17:48:49,205] {logging_mixin.py:109} INFO - [2022-12-03 17:48:49,205] {dagbag.py:500} INFO - Filling up the DagBag from /opt/airflow/dags/data_ingestion_gcs_dag.py
[2022-12-03 17:48:51,906] {processor.py:654} INFO - DAG(s) dict_keys(['data_ingestion_gcs_dag']) retrieved from /opt/airflow/dags/data_ingestion_gcs_dag.py
[2022-12-03 17:48:51,927] {logging_mixin.py:109} INFO - [2022-12-03 17:48:51,927] {dag.py:2396} INFO - Sync 1 DAGs
[2022-12-03 17:48:51,969] {logging_mixin.py:109} INFO - [2022-12-03 17:48:51,969] {dag.py:2935} INFO - Setting next_dagrun for data_ingestion_gcs_dag to 2022-12-02 00:00:00+00:00
[2022-12-03 17:48:52,013] {processor.py:171} INFO - Processing /opt/airflow/dags/data_ingestion_gcs_dag.py took 2.852 seconds
[2022-12-03 17:49:22,365] {processor.py:163} INFO - Started process (PID=651) to work on /opt/airflow/dags/data_ingestion_gcs_dag.py
[2022-12-03 17:49:22,367] {processor.py:642} INFO - Processing file /opt/airflow/dags/data_ingestion_gcs_dag.py for tasks to queue
[2022-12-03 17:49:22,371] {logging_mixin.py:109} INFO - [2022-12-03 17:49:22,370] {dagbag.py:500} INFO - Filling up the DagBag from /opt/airflow/dags/data_ingestion_gcs_dag.py
[2022-12-03 17:49:24,087] {processor.py:654} INFO - DAG(s) dict_keys(['data_ingestion_gcs_dag']) retrieved from /opt/airflow/dags/data_ingestion_gcs_dag.py
[2022-12-03 17:49:24,102] {logging_mixin.py:109} INFO - [2022-12-03 17:49:24,101] {dag.py:2396} INFO - Sync 1 DAGs
[2022-12-03 17:49:24,130] {logging_mixin.py:109} INFO - [2022-12-03 17:49:24,130] {dag.py:2935} INFO - Setting next_dagrun for data_ingestion_gcs_dag to 2022-12-02 00:00:00+00:00
[2022-12-03 17:49:24,156] {processor.py:171} INFO - Processing /opt/airflow/dags/data_ingestion_gcs_dag.py took 1.794 seconds
[2022-12-03 17:49:54,630] {processor.py:163} INFO - Started process (PID=690) to work on /opt/airflow/dags/data_ingestion_gcs_dag.py
[2022-12-03 17:49:54,632] {processor.py:642} INFO - Processing file /opt/airflow/dags/data_ingestion_gcs_dag.py for tasks to queue
[2022-12-03 17:49:54,633] {logging_mixin.py:109} INFO - [2022-12-03 17:49:54,633] {dagbag.py:500} INFO - Filling up the DagBag from /opt/airflow/dags/data_ingestion_gcs_dag.py
[2022-12-03 17:49:55,723] {processor.py:654} INFO - DAG(s) dict_keys(['data_ingestion_gcs_dag']) retrieved from /opt/airflow/dags/data_ingestion_gcs_dag.py
[2022-12-03 17:49:55,740] {logging_mixin.py:109} INFO - [2022-12-03 17:49:55,740] {dag.py:2396} INFO - Sync 1 DAGs
[2022-12-03 17:49:55,766] {logging_mixin.py:109} INFO - [2022-12-03 17:49:55,766] {dag.py:2935} INFO - Setting next_dagrun for data_ingestion_gcs_dag to 2022-12-02 00:00:00+00:00
[2022-12-03 17:49:55,789] {processor.py:171} INFO - Processing /opt/airflow/dags/data_ingestion_gcs_dag.py took 1.163 seconds
[2022-12-03 17:50:25,846] {processor.py:163} INFO - Started process (PID=719) to work on /opt/airflow/dags/data_ingestion_gcs_dag.py
[2022-12-03 17:50:25,851] {processor.py:642} INFO - Processing file /opt/airflow/dags/data_ingestion_gcs_dag.py for tasks to queue
[2022-12-03 17:50:25,860] {logging_mixin.py:109} INFO - [2022-12-03 17:50:25,860] {dagbag.py:500} INFO - Filling up the DagBag from /opt/airflow/dags/data_ingestion_gcs_dag.py
[2022-12-03 17:50:27,347] {processor.py:654} INFO - DAG(s) dict_keys(['data_ingestion_gcs_dag']) retrieved from /opt/airflow/dags/data_ingestion_gcs_dag.py
[2022-12-03 17:50:27,360] {logging_mixin.py:109} INFO - [2022-12-03 17:50:27,359] {dag.py:2396} INFO - Sync 1 DAGs
[2022-12-03 17:50:27,382] {logging_mixin.py:109} INFO - [2022-12-03 17:50:27,382] {dag.py:2935} INFO - Setting next_dagrun for data_ingestion_gcs_dag to 2022-12-02 00:00:00+00:00
[2022-12-03 17:50:27,395] {processor.py:171} INFO - Processing /opt/airflow/dags/data_ingestion_gcs_dag.py took 1.553 seconds
[2022-12-03 17:50:57,707] {processor.py:163} INFO - Started process (PID=758) to work on /opt/airflow/dags/data_ingestion_gcs_dag.py
[2022-12-03 17:50:57,708] {processor.py:642} INFO - Processing file /opt/airflow/dags/data_ingestion_gcs_dag.py for tasks to queue
[2022-12-03 17:50:57,709] {logging_mixin.py:109} INFO - [2022-12-03 17:50:57,709] {dagbag.py:500} INFO - Filling up the DagBag from /opt/airflow/dags/data_ingestion_gcs_dag.py
[2022-12-03 17:50:58,954] {processor.py:654} INFO - DAG(s) dict_keys(['data_ingestion_gcs_dag']) retrieved from /opt/airflow/dags/data_ingestion_gcs_dag.py
[2022-12-03 17:50:58,976] {logging_mixin.py:109} INFO - [2022-12-03 17:50:58,975] {dag.py:2396} INFO - Sync 1 DAGs
[2022-12-03 17:50:59,021] {logging_mixin.py:109} INFO - [2022-12-03 17:50:59,021] {dag.py:2935} INFO - Setting next_dagrun for data_ingestion_gcs_dag to 2022-12-02 00:00:00+00:00
[2022-12-03 17:50:59,058] {processor.py:171} INFO - Processing /opt/airflow/dags/data_ingestion_gcs_dag.py took 1.355 seconds
[2022-12-03 17:51:29,403] {processor.py:163} INFO - Started process (PID=786) to work on /opt/airflow/dags/data_ingestion_gcs_dag.py
[2022-12-03 17:51:29,404] {processor.py:642} INFO - Processing file /opt/airflow/dags/data_ingestion_gcs_dag.py for tasks to queue
[2022-12-03 17:51:29,406] {logging_mixin.py:109} INFO - [2022-12-03 17:51:29,405] {dagbag.py:500} INFO - Filling up the DagBag from /opt/airflow/dags/data_ingestion_gcs_dag.py
[2022-12-03 17:51:30,682] {processor.py:654} INFO - DAG(s) dict_keys(['data_ingestion_gcs_dag']) retrieved from /opt/airflow/dags/data_ingestion_gcs_dag.py
[2022-12-03 17:51:30,699] {logging_mixin.py:109} INFO - [2022-12-03 17:51:30,698] {dag.py:2396} INFO - Sync 1 DAGs
[2022-12-03 17:51:30,725] {logging_mixin.py:109} INFO - [2022-12-03 17:51:30,725] {dag.py:2935} INFO - Setting next_dagrun for data_ingestion_gcs_dag to 2022-12-02 00:00:00+00:00
[2022-12-03 17:51:30,750] {processor.py:171} INFO - Processing /opt/airflow/dags/data_ingestion_gcs_dag.py took 1.350 seconds
[2022-12-03 17:52:01,016] {processor.py:163} INFO - Started process (PID=813) to work on /opt/airflow/dags/data_ingestion_gcs_dag.py
[2022-12-03 17:52:01,021] {processor.py:642} INFO - Processing file /opt/airflow/dags/data_ingestion_gcs_dag.py for tasks to queue
[2022-12-03 17:52:01,022] {logging_mixin.py:109} INFO - [2022-12-03 17:52:01,022] {dagbag.py:500} INFO - Filling up the DagBag from /opt/airflow/dags/data_ingestion_gcs_dag.py
[2022-12-03 17:52:02,286] {processor.py:654} INFO - DAG(s) dict_keys(['data_ingestion_gcs_dag']) retrieved from /opt/airflow/dags/data_ingestion_gcs_dag.py
[2022-12-03 17:52:02,297] {logging_mixin.py:109} INFO - [2022-12-03 17:52:02,297] {dag.py:2396} INFO - Sync 1 DAGs
[2022-12-03 17:52:02,319] {logging_mixin.py:109} INFO - [2022-12-03 17:52:02,319] {dag.py:2935} INFO - Setting next_dagrun for data_ingestion_gcs_dag to 2022-12-02 00:00:00+00:00
[2022-12-03 17:52:02,335] {processor.py:171} INFO - Processing /opt/airflow/dags/data_ingestion_gcs_dag.py took 1.327 seconds
[2022-12-03 17:52:32,595] {processor.py:163} INFO - Started process (PID=850) to work on /opt/airflow/dags/data_ingestion_gcs_dag.py
[2022-12-03 17:52:32,597] {processor.py:642} INFO - Processing file /opt/airflow/dags/data_ingestion_gcs_dag.py for tasks to queue
[2022-12-03 17:52:32,598] {logging_mixin.py:109} INFO - [2022-12-03 17:52:32,598] {dagbag.py:500} INFO - Filling up the DagBag from /opt/airflow/dags/data_ingestion_gcs_dag.py
[2022-12-03 17:52:33,994] {processor.py:654} INFO - DAG(s) dict_keys(['data_ingestion_gcs_dag']) retrieved from /opt/airflow/dags/data_ingestion_gcs_dag.py
[2022-12-03 17:52:34,006] {logging_mixin.py:109} INFO - [2022-12-03 17:52:34,006] {dag.py:2396} INFO - Sync 1 DAGs
[2022-12-03 17:52:34,024] {logging_mixin.py:109} INFO - [2022-12-03 17:52:34,024] {dag.py:2935} INFO - Setting next_dagrun for data_ingestion_gcs_dag to 2022-12-02 00:00:00+00:00
[2022-12-03 17:52:34,036] {processor.py:171} INFO - Processing /opt/airflow/dags/data_ingestion_gcs_dag.py took 1.445 seconds
[2022-12-03 17:53:04,097] {processor.py:163} INFO - Started process (PID=892) to work on /opt/airflow/dags/data_ingestion_gcs_dag.py
[2022-12-03 17:53:04,099] {processor.py:642} INFO - Processing file /opt/airflow/dags/data_ingestion_gcs_dag.py for tasks to queue
[2022-12-03 17:53:04,105] {logging_mixin.py:109} INFO - [2022-12-03 17:53:04,104] {dagbag.py:500} INFO - Filling up the DagBag from /opt/airflow/dags/data_ingestion_gcs_dag.py
[2022-12-03 17:53:06,079] {processor.py:654} INFO - DAG(s) dict_keys(['data_ingestion_gcs_dag']) retrieved from /opt/airflow/dags/data_ingestion_gcs_dag.py
[2022-12-03 17:53:06,097] {logging_mixin.py:109} INFO - [2022-12-03 17:53:06,097] {dag.py:2396} INFO - Sync 1 DAGs
[2022-12-03 17:53:06,113] {logging_mixin.py:109} INFO - [2022-12-03 17:53:06,113] {dag.py:2935} INFO - Setting next_dagrun for data_ingestion_gcs_dag to 2022-12-02 00:00:00+00:00
[2022-12-03 17:53:06,557] {processor.py:171} INFO - Processing /opt/airflow/dags/data_ingestion_gcs_dag.py took 2.464 seconds
[2022-12-03 17:53:37,016] {processor.py:163} INFO - Started process (PID=977) to work on /opt/airflow/dags/data_ingestion_gcs_dag.py
[2022-12-03 17:53:37,021] {processor.py:642} INFO - Processing file /opt/airflow/dags/data_ingestion_gcs_dag.py for tasks to queue
[2022-12-03 17:53:37,026] {logging_mixin.py:109} INFO - [2022-12-03 17:53:37,025] {dagbag.py:500} INFO - Filling up the DagBag from /opt/airflow/dags/data_ingestion_gcs_dag.py
[2022-12-03 17:53:40,207] {processor.py:654} INFO - DAG(s) dict_keys(['data_ingestion_gcs_dag']) retrieved from /opt/airflow/dags/data_ingestion_gcs_dag.py
[2022-12-03 17:53:40,284] {logging_mixin.py:109} INFO - [2022-12-03 17:53:40,284] {dag.py:2396} INFO - Sync 1 DAGs
[2022-12-03 17:53:40,464] {logging_mixin.py:109} INFO - [2022-12-03 17:53:40,464] {dag.py:2935} INFO - Setting next_dagrun for data_ingestion_gcs_dag to 2022-12-02 00:00:00+00:00
[2022-12-03 17:53:40,609] {processor.py:171} INFO - Processing /opt/airflow/dags/data_ingestion_gcs_dag.py took 3.597 seconds
[2022-12-03 17:54:10,852] {processor.py:163} INFO - Started process (PID=1008) to work on /opt/airflow/dags/data_ingestion_gcs_dag.py
[2022-12-03 17:54:10,854] {processor.py:642} INFO - Processing file /opt/airflow/dags/data_ingestion_gcs_dag.py for tasks to queue
[2022-12-03 17:54:10,856] {logging_mixin.py:109} INFO - [2022-12-03 17:54:10,856] {dagbag.py:500} INFO - Filling up the DagBag from /opt/airflow/dags/data_ingestion_gcs_dag.py
[2022-12-03 17:54:11,927] {processor.py:654} INFO - DAG(s) dict_keys(['data_ingestion_gcs_dag']) retrieved from /opt/airflow/dags/data_ingestion_gcs_dag.py
[2022-12-03 17:54:11,936] {logging_mixin.py:109} INFO - [2022-12-03 17:54:11,936] {dag.py:2396} INFO - Sync 1 DAGs
[2022-12-03 17:54:11,957] {logging_mixin.py:109} INFO - [2022-12-03 17:54:11,956] {dag.py:2935} INFO - Setting next_dagrun for data_ingestion_gcs_dag to 2022-12-02 00:00:00+00:00
[2022-12-03 17:54:11,969] {processor.py:171} INFO - Processing /opt/airflow/dags/data_ingestion_gcs_dag.py took 1.121 seconds
[2022-12-03 17:54:42,176] {processor.py:163} INFO - Started process (PID=1046) to work on /opt/airflow/dags/data_ingestion_gcs_dag.py
[2022-12-03 17:54:42,177] {processor.py:642} INFO - Processing file /opt/airflow/dags/data_ingestion_gcs_dag.py for tasks to queue
[2022-12-03 17:54:42,179] {logging_mixin.py:109} INFO - [2022-12-03 17:54:42,179] {dagbag.py:500} INFO - Filling up the DagBag from /opt/airflow/dags/data_ingestion_gcs_dag.py
[2022-12-03 17:54:43,141] {processor.py:654} INFO - DAG(s) dict_keys(['data_ingestion_gcs_dag']) retrieved from /opt/airflow/dags/data_ingestion_gcs_dag.py
[2022-12-03 17:54:43,168] {logging_mixin.py:109} INFO - [2022-12-03 17:54:43,165] {dag.py:2396} INFO - Sync 1 DAGs
[2022-12-03 17:54:43,210] {logging_mixin.py:109} INFO - [2022-12-03 17:54:43,209] {dag.py:2935} INFO - Setting next_dagrun for data_ingestion_gcs_dag to 2022-12-02 00:00:00+00:00
[2022-12-03 17:54:43,227] {processor.py:171} INFO - Processing /opt/airflow/dags/data_ingestion_gcs_dag.py took 1.056 seconds
[2022-12-03 17:55:13,398] {processor.py:163} INFO - Started process (PID=1075) to work on /opt/airflow/dags/data_ingestion_gcs_dag.py
[2022-12-03 17:55:13,399] {processor.py:642} INFO - Processing file /opt/airflow/dags/data_ingestion_gcs_dag.py for tasks to queue
[2022-12-03 17:55:13,401] {logging_mixin.py:109} INFO - [2022-12-03 17:55:13,400] {dagbag.py:500} INFO - Filling up the DagBag from /opt/airflow/dags/data_ingestion_gcs_dag.py
[2022-12-03 17:55:14,288] {processor.py:654} INFO - DAG(s) dict_keys(['data_ingestion_gcs_dag']) retrieved from /opt/airflow/dags/data_ingestion_gcs_dag.py
[2022-12-03 17:55:14,315] {logging_mixin.py:109} INFO - [2022-12-03 17:55:14,314] {dag.py:2396} INFO - Sync 1 DAGs
[2022-12-03 17:55:14,378] {logging_mixin.py:109} INFO - [2022-12-03 17:55:14,378] {dag.py:2935} INFO - Setting next_dagrun for data_ingestion_gcs_dag to 2022-12-02 00:00:00+00:00
[2022-12-03 17:55:14,424] {processor.py:171} INFO - Processing /opt/airflow/dags/data_ingestion_gcs_dag.py took 1.030 seconds
[2022-12-03 17:55:44,678] {processor.py:163} INFO - Started process (PID=1103) to work on /opt/airflow/dags/data_ingestion_gcs_dag.py
[2022-12-03 17:55:44,679] {processor.py:642} INFO - Processing file /opt/airflow/dags/data_ingestion_gcs_dag.py for tasks to queue
[2022-12-03 17:55:44,681] {logging_mixin.py:109} INFO - [2022-12-03 17:55:44,680] {dagbag.py:500} INFO - Filling up the DagBag from /opt/airflow/dags/data_ingestion_gcs_dag.py
[2022-12-03 17:55:45,487] {processor.py:654} INFO - DAG(s) dict_keys(['data_ingestion_gcs_dag']) retrieved from /opt/airflow/dags/data_ingestion_gcs_dag.py
[2022-12-03 17:55:45,497] {logging_mixin.py:109} INFO - [2022-12-03 17:55:45,497] {dag.py:2396} INFO - Sync 1 DAGs
[2022-12-03 17:55:45,516] {logging_mixin.py:109} INFO - [2022-12-03 17:55:45,516] {dag.py:2935} INFO - Setting next_dagrun for data_ingestion_gcs_dag to 2022-12-02 00:00:00+00:00
[2022-12-03 17:55:45,531] {processor.py:171} INFO - Processing /opt/airflow/dags/data_ingestion_gcs_dag.py took 0.857 seconds
[2022-12-03 17:56:15,667] {processor.py:163} INFO - Started process (PID=1131) to work on /opt/airflow/dags/data_ingestion_gcs_dag.py
[2022-12-03 17:56:15,669] {processor.py:642} INFO - Processing file /opt/airflow/dags/data_ingestion_gcs_dag.py for tasks to queue
[2022-12-03 17:56:15,670] {logging_mixin.py:109} INFO - [2022-12-03 17:56:15,670] {dagbag.py:500} INFO - Filling up the DagBag from /opt/airflow/dags/data_ingestion_gcs_dag.py
[2022-12-03 17:56:16,674] {processor.py:654} INFO - DAG(s) dict_keys(['data_ingestion_gcs_dag']) retrieved from /opt/airflow/dags/data_ingestion_gcs_dag.py
[2022-12-03 17:56:16,688] {logging_mixin.py:109} INFO - [2022-12-03 17:56:16,687] {dag.py:2396} INFO - Sync 1 DAGs
[2022-12-03 17:56:16,712] {logging_mixin.py:109} INFO - [2022-12-03 17:56:16,712] {dag.py:2935} INFO - Setting next_dagrun for data_ingestion_gcs_dag to 2022-12-02 00:00:00+00:00
[2022-12-03 17:56:16,738] {processor.py:171} INFO - Processing /opt/airflow/dags/data_ingestion_gcs_dag.py took 1.074 seconds
[2022-12-03 17:56:46,985] {processor.py:163} INFO - Started process (PID=1168) to work on /opt/airflow/dags/data_ingestion_gcs_dag.py
[2022-12-03 17:56:46,986] {processor.py:642} INFO - Processing file /opt/airflow/dags/data_ingestion_gcs_dag.py for tasks to queue
[2022-12-03 17:56:46,988] {logging_mixin.py:109} INFO - [2022-12-03 17:56:46,987] {dagbag.py:500} INFO - Filling up the DagBag from /opt/airflow/dags/data_ingestion_gcs_dag.py
[2022-12-03 17:56:47,998] {processor.py:654} INFO - DAG(s) dict_keys(['data_ingestion_gcs_dag']) retrieved from /opt/airflow/dags/data_ingestion_gcs_dag.py
[2022-12-03 17:56:48,021] {logging_mixin.py:109} INFO - [2022-12-03 17:56:48,020] {dag.py:2396} INFO - Sync 1 DAGs
[2022-12-03 17:56:48,058] {logging_mixin.py:109} INFO - [2022-12-03 17:56:48,057] {dag.py:2935} INFO - Setting next_dagrun for data_ingestion_gcs_dag to 2022-12-02 00:00:00+00:00
[2022-12-03 17:56:48,079] {processor.py:171} INFO - Processing /opt/airflow/dags/data_ingestion_gcs_dag.py took 1.098 seconds
[2022-12-03 17:57:18,375] {processor.py:163} INFO - Started process (PID=1196) to work on /opt/airflow/dags/data_ingestion_gcs_dag.py
[2022-12-03 17:57:18,377] {processor.py:642} INFO - Processing file /opt/airflow/dags/data_ingestion_gcs_dag.py for tasks to queue
[2022-12-03 17:57:18,378] {logging_mixin.py:109} INFO - [2022-12-03 17:57:18,378] {dagbag.py:500} INFO - Filling up the DagBag from /opt/airflow/dags/data_ingestion_gcs_dag.py
[2022-12-03 17:57:19,502] {processor.py:654} INFO - DAG(s) dict_keys(['data_ingestion_gcs_dag']) retrieved from /opt/airflow/dags/data_ingestion_gcs_dag.py
[2022-12-03 17:57:19,516] {logging_mixin.py:109} INFO - [2022-12-03 17:57:19,516] {dag.py:2396} INFO - Sync 1 DAGs
[2022-12-03 17:57:19,549] {logging_mixin.py:109} INFO - [2022-12-03 17:57:19,549] {dag.py:2935} INFO - Setting next_dagrun for data_ingestion_gcs_dag to 2022-12-02 00:00:00+00:00
[2022-12-03 17:57:19,569] {processor.py:171} INFO - Processing /opt/airflow/dags/data_ingestion_gcs_dag.py took 1.197 seconds
[2022-12-03 17:57:49,801] {processor.py:163} INFO - Started process (PID=1225) to work on /opt/airflow/dags/data_ingestion_gcs_dag.py
[2022-12-03 17:57:49,802] {processor.py:642} INFO - Processing file /opt/airflow/dags/data_ingestion_gcs_dag.py for tasks to queue
[2022-12-03 17:57:49,803] {logging_mixin.py:109} INFO - [2022-12-03 17:57:49,803] {dagbag.py:500} INFO - Filling up the DagBag from /opt/airflow/dags/data_ingestion_gcs_dag.py
[2022-12-03 17:57:50,773] {processor.py:654} INFO - DAG(s) dict_keys(['data_ingestion_gcs_dag']) retrieved from /opt/airflow/dags/data_ingestion_gcs_dag.py
[2022-12-03 17:57:50,786] {logging_mixin.py:109} INFO - [2022-12-03 17:57:50,785] {dag.py:2396} INFO - Sync 1 DAGs
[2022-12-03 17:57:50,809] {logging_mixin.py:109} INFO - [2022-12-03 17:57:50,809] {dag.py:2935} INFO - Setting next_dagrun for data_ingestion_gcs_dag to 2022-12-02 00:00:00+00:00
[2022-12-03 17:57:50,820] {processor.py:171} INFO - Processing /opt/airflow/dags/data_ingestion_gcs_dag.py took 1.023 seconds
[2022-12-03 17:58:21,096] {processor.py:163} INFO - Started process (PID=1265) to work on /opt/airflow/dags/data_ingestion_gcs_dag.py
[2022-12-03 17:58:21,097] {processor.py:642} INFO - Processing file /opt/airflow/dags/data_ingestion_gcs_dag.py for tasks to queue
[2022-12-03 17:58:21,098] {logging_mixin.py:109} INFO - [2022-12-03 17:58:21,098] {dagbag.py:500} INFO - Filling up the DagBag from /opt/airflow/dags/data_ingestion_gcs_dag.py
[2022-12-03 17:58:21,946] {processor.py:654} INFO - DAG(s) dict_keys(['data_ingestion_gcs_dag']) retrieved from /opt/airflow/dags/data_ingestion_gcs_dag.py
[2022-12-03 17:58:21,958] {logging_mixin.py:109} INFO - [2022-12-03 17:58:21,957] {dag.py:2396} INFO - Sync 1 DAGs
[2022-12-03 17:58:21,979] {logging_mixin.py:109} INFO - [2022-12-03 17:58:21,979] {dag.py:2935} INFO - Setting next_dagrun for data_ingestion_gcs_dag to 2022-12-02 00:00:00+00:00
[2022-12-03 17:58:21,992] {processor.py:171} INFO - Processing /opt/airflow/dags/data_ingestion_gcs_dag.py took 0.899 seconds
[2022-12-03 17:58:52,307] {processor.py:163} INFO - Started process (PID=1315) to work on /opt/airflow/dags/data_ingestion_gcs_dag.py
[2022-12-03 17:58:52,310] {processor.py:642} INFO - Processing file /opt/airflow/dags/data_ingestion_gcs_dag.py for tasks to queue
[2022-12-03 17:58:52,311] {logging_mixin.py:109} INFO - [2022-12-03 17:58:52,311] {dagbag.py:500} INFO - Filling up the DagBag from /opt/airflow/dags/data_ingestion_gcs_dag.py
[2022-12-03 17:58:53,407] {processor.py:654} INFO - DAG(s) dict_keys(['data_ingestion_gcs_dag']) retrieved from /opt/airflow/dags/data_ingestion_gcs_dag.py
[2022-12-03 17:58:53,421] {logging_mixin.py:109} INFO - [2022-12-03 17:58:53,421] {dag.py:2396} INFO - Sync 1 DAGs
[2022-12-03 17:58:53,466] {logging_mixin.py:109} INFO - [2022-12-03 17:58:53,465] {dag.py:2935} INFO - Setting next_dagrun for data_ingestion_gcs_dag to 2022-12-02 00:00:00+00:00
[2022-12-03 17:58:53,486] {processor.py:171} INFO - Processing /opt/airflow/dags/data_ingestion_gcs_dag.py took 1.182 seconds
[2022-12-03 17:59:23,735] {processor.py:163} INFO - Started process (PID=1392) to work on /opt/airflow/dags/data_ingestion_gcs_dag.py
[2022-12-03 17:59:23,741] {processor.py:642} INFO - Processing file /opt/airflow/dags/data_ingestion_gcs_dag.py for tasks to queue
[2022-12-03 17:59:23,742] {logging_mixin.py:109} INFO - [2022-12-03 17:59:23,742] {dagbag.py:500} INFO - Filling up the DagBag from /opt/airflow/dags/data_ingestion_gcs_dag.py
[2022-12-03 17:59:26,088] {processor.py:654} INFO - DAG(s) dict_keys(['data_ingestion_gcs_dag']) retrieved from /opt/airflow/dags/data_ingestion_gcs_dag.py
[2022-12-03 17:59:26,110] {logging_mixin.py:109} INFO - [2022-12-03 17:59:26,109] {dag.py:2396} INFO - Sync 1 DAGs
[2022-12-03 17:59:26,148] {logging_mixin.py:109} INFO - [2022-12-03 17:59:26,148] {dag.py:2935} INFO - Setting next_dagrun for data_ingestion_gcs_dag to 2022-12-02 00:00:00+00:00
[2022-12-03 17:59:26,171] {processor.py:171} INFO - Processing /opt/airflow/dags/data_ingestion_gcs_dag.py took 2.440 seconds
[2022-12-03 17:59:57,032] {processor.py:163} INFO - Started process (PID=1424) to work on /opt/airflow/dags/data_ingestion_gcs_dag.py
[2022-12-03 17:59:57,034] {processor.py:642} INFO - Processing file /opt/airflow/dags/data_ingestion_gcs_dag.py for tasks to queue
[2022-12-03 17:59:57,035] {logging_mixin.py:109} INFO - [2022-12-03 17:59:57,035] {dagbag.py:500} INFO - Filling up the DagBag from /opt/airflow/dags/data_ingestion_gcs_dag.py
[2022-12-03 17:59:57,881] {processor.py:654} INFO - DAG(s) dict_keys(['data_ingestion_gcs_dag']) retrieved from /opt/airflow/dags/data_ingestion_gcs_dag.py
[2022-12-03 17:59:57,890] {logging_mixin.py:109} INFO - [2022-12-03 17:59:57,890] {dag.py:2396} INFO - Sync 1 DAGs
[2022-12-03 17:59:57,908] {logging_mixin.py:109} INFO - [2022-12-03 17:59:57,908] {dag.py:2935} INFO - Setting next_dagrun for data_ingestion_gcs_dag to 2022-12-02 00:00:00+00:00
[2022-12-03 17:59:57,920] {processor.py:171} INFO - Processing /opt/airflow/dags/data_ingestion_gcs_dag.py took 0.892 seconds
[2022-12-03 18:00:28,068] {processor.py:163} INFO - Started process (PID=1461) to work on /opt/airflow/dags/data_ingestion_gcs_dag.py
[2022-12-03 18:00:28,080] {processor.py:642} INFO - Processing file /opt/airflow/dags/data_ingestion_gcs_dag.py for tasks to queue
[2022-12-03 18:00:28,084] {logging_mixin.py:109} INFO - [2022-12-03 18:00:28,084] {dagbag.py:500} INFO - Filling up the DagBag from /opt/airflow/dags/data_ingestion_gcs_dag.py
[2022-12-03 18:00:29,107] {processor.py:654} INFO - DAG(s) dict_keys(['data_ingestion_gcs_dag']) retrieved from /opt/airflow/dags/data_ingestion_gcs_dag.py
[2022-12-03 18:00:29,120] {logging_mixin.py:109} INFO - [2022-12-03 18:00:29,119] {dag.py:2396} INFO - Sync 1 DAGs
[2022-12-03 18:00:29,137] {logging_mixin.py:109} INFO - [2022-12-03 18:00:29,137] {dag.py:2935} INFO - Setting next_dagrun for data_ingestion_gcs_dag to 2022-12-02 00:00:00+00:00
[2022-12-03 18:00:29,150] {processor.py:171} INFO - Processing /opt/airflow/dags/data_ingestion_gcs_dag.py took 1.088 seconds
[2022-12-03 18:00:59,336] {processor.py:163} INFO - Started process (PID=1490) to work on /opt/airflow/dags/data_ingestion_gcs_dag.py
[2022-12-03 18:00:59,337] {processor.py:642} INFO - Processing file /opt/airflow/dags/data_ingestion_gcs_dag.py for tasks to queue
[2022-12-03 18:00:59,339] {logging_mixin.py:109} INFO - [2022-12-03 18:00:59,339] {dagbag.py:500} INFO - Filling up the DagBag from /opt/airflow/dags/data_ingestion_gcs_dag.py
[2022-12-03 18:01:00,160] {processor.py:654} INFO - DAG(s) dict_keys(['data_ingestion_gcs_dag']) retrieved from /opt/airflow/dags/data_ingestion_gcs_dag.py
[2022-12-03 18:01:00,177] {logging_mixin.py:109} INFO - [2022-12-03 18:01:00,176] {dag.py:2396} INFO - Sync 1 DAGs
[2022-12-03 18:01:00,210] {logging_mixin.py:109} INFO - [2022-12-03 18:01:00,210] {dag.py:2935} INFO - Setting next_dagrun for data_ingestion_gcs_dag to 2022-12-02 00:00:00+00:00
[2022-12-03 18:01:00,233] {processor.py:171} INFO - Processing /opt/airflow/dags/data_ingestion_gcs_dag.py took 0.901 seconds
[2022-12-03 18:01:30,561] {processor.py:163} INFO - Started process (PID=1518) to work on /opt/airflow/dags/data_ingestion_gcs_dag.py
[2022-12-03 18:01:30,563] {processor.py:642} INFO - Processing file /opt/airflow/dags/data_ingestion_gcs_dag.py for tasks to queue
[2022-12-03 18:01:30,564] {logging_mixin.py:109} INFO - [2022-12-03 18:01:30,564] {dagbag.py:500} INFO - Filling up the DagBag from /opt/airflow/dags/data_ingestion_gcs_dag.py
[2022-12-03 18:01:31,513] {processor.py:654} INFO - DAG(s) dict_keys(['data_ingestion_gcs_dag']) retrieved from /opt/airflow/dags/data_ingestion_gcs_dag.py
[2022-12-03 18:01:31,527] {logging_mixin.py:109} INFO - [2022-12-03 18:01:31,526] {dag.py:2396} INFO - Sync 1 DAGs
[2022-12-03 18:01:31,555] {logging_mixin.py:109} INFO - [2022-12-03 18:01:31,555] {dag.py:2935} INFO - Setting next_dagrun for data_ingestion_gcs_dag to 2022-12-02 00:00:00+00:00
[2022-12-03 18:01:31,570] {processor.py:171} INFO - Processing /opt/airflow/dags/data_ingestion_gcs_dag.py took 1.012 seconds
[2022-12-03 18:02:01,609] {processor.py:163} INFO - Started process (PID=1555) to work on /opt/airflow/dags/data_ingestion_gcs_dag.py
[2022-12-03 18:02:01,611] {processor.py:642} INFO - Processing file /opt/airflow/dags/data_ingestion_gcs_dag.py for tasks to queue
[2022-12-03 18:02:01,612] {logging_mixin.py:109} INFO - [2022-12-03 18:02:01,612] {dagbag.py:500} INFO - Filling up the DagBag from /opt/airflow/dags/data_ingestion_gcs_dag.py
[2022-12-03 18:02:02,760] {processor.py:654} INFO - DAG(s) dict_keys(['data_ingestion_gcs_dag']) retrieved from /opt/airflow/dags/data_ingestion_gcs_dag.py
[2022-12-03 18:02:02,774] {logging_mixin.py:109} INFO - [2022-12-03 18:02:02,774] {dag.py:2396} INFO - Sync 1 DAGs
[2022-12-03 18:02:02,804] {logging_mixin.py:109} INFO - [2022-12-03 18:02:02,804] {dag.py:2935} INFO - Setting next_dagrun for data_ingestion_gcs_dag to 2022-12-02 00:00:00+00:00
[2022-12-03 18:02:02,822] {processor.py:171} INFO - Processing /opt/airflow/dags/data_ingestion_gcs_dag.py took 1.216 seconds
[2022-12-03 18:02:33,019] {processor.py:163} INFO - Started process (PID=1584) to work on /opt/airflow/dags/data_ingestion_gcs_dag.py
[2022-12-03 18:02:33,034] {processor.py:642} INFO - Processing file /opt/airflow/dags/data_ingestion_gcs_dag.py for tasks to queue
[2022-12-03 18:02:33,036] {logging_mixin.py:109} INFO - [2022-12-03 18:02:33,036] {dagbag.py:500} INFO - Filling up the DagBag from /opt/airflow/dags/data_ingestion_gcs_dag.py
[2022-12-03 18:02:33,973] {processor.py:654} INFO - DAG(s) dict_keys(['data_ingestion_gcs_dag']) retrieved from /opt/airflow/dags/data_ingestion_gcs_dag.py
[2022-12-03 18:02:33,986] {logging_mixin.py:109} INFO - [2022-12-03 18:02:33,986] {dag.py:2396} INFO - Sync 1 DAGs
[2022-12-03 18:02:34,012] {logging_mixin.py:109} INFO - [2022-12-03 18:02:34,012] {dag.py:2935} INFO - Setting next_dagrun for data_ingestion_gcs_dag to 2022-12-02 00:00:00+00:00
[2022-12-03 18:02:34,024] {processor.py:171} INFO - Processing /opt/airflow/dags/data_ingestion_gcs_dag.py took 1.013 seconds
[2022-12-03 18:03:04,306] {processor.py:163} INFO - Started process (PID=1613) to work on /opt/airflow/dags/data_ingestion_gcs_dag.py
[2022-12-03 18:03:04,308] {processor.py:642} INFO - Processing file /opt/airflow/dags/data_ingestion_gcs_dag.py for tasks to queue
[2022-12-03 18:03:04,309] {logging_mixin.py:109} INFO - [2022-12-03 18:03:04,309] {dagbag.py:500} INFO - Filling up the DagBag from /opt/airflow/dags/data_ingestion_gcs_dag.py
[2022-12-03 18:03:05,227] {processor.py:654} INFO - DAG(s) dict_keys(['data_ingestion_gcs_dag']) retrieved from /opt/airflow/dags/data_ingestion_gcs_dag.py
[2022-12-03 18:03:05,239] {logging_mixin.py:109} INFO - [2022-12-03 18:03:05,239] {dag.py:2396} INFO - Sync 1 DAGs
[2022-12-03 18:03:05,260] {logging_mixin.py:109} INFO - [2022-12-03 18:03:05,259] {dag.py:2935} INFO - Setting next_dagrun for data_ingestion_gcs_dag to 2022-12-02 00:00:00+00:00
[2022-12-03 18:03:05,272] {processor.py:171} INFO - Processing /opt/airflow/dags/data_ingestion_gcs_dag.py took 0.972 seconds
[2022-12-03 18:03:35,533] {processor.py:163} INFO - Started process (PID=1649) to work on /opt/airflow/dags/data_ingestion_gcs_dag.py
[2022-12-03 18:03:35,534] {processor.py:642} INFO - Processing file /opt/airflow/dags/data_ingestion_gcs_dag.py for tasks to queue
[2022-12-03 18:03:35,536] {logging_mixin.py:109} INFO - [2022-12-03 18:03:35,536] {dagbag.py:500} INFO - Filling up the DagBag from /opt/airflow/dags/data_ingestion_gcs_dag.py
[2022-12-03 18:03:36,426] {processor.py:654} INFO - DAG(s) dict_keys(['data_ingestion_gcs_dag']) retrieved from /opt/airflow/dags/data_ingestion_gcs_dag.py
[2022-12-03 18:03:36,435] {logging_mixin.py:109} INFO - [2022-12-03 18:03:36,435] {dag.py:2396} INFO - Sync 1 DAGs
[2022-12-03 18:03:36,451] {logging_mixin.py:109} INFO - [2022-12-03 18:03:36,451] {dag.py:2935} INFO - Setting next_dagrun for data_ingestion_gcs_dag to 2022-12-02 00:00:00+00:00
[2022-12-03 18:03:36,463] {processor.py:171} INFO - Processing /opt/airflow/dags/data_ingestion_gcs_dag.py took 0.934 seconds
[2022-12-03 18:04:06,802] {processor.py:163} INFO - Started process (PID=1685) to work on /opt/airflow/dags/data_ingestion_gcs_dag.py
[2022-12-03 18:04:06,803] {processor.py:642} INFO - Processing file /opt/airflow/dags/data_ingestion_gcs_dag.py for tasks to queue
[2022-12-03 18:04:06,804] {logging_mixin.py:109} INFO - [2022-12-03 18:04:06,804] {dagbag.py:500} INFO - Filling up the DagBag from /opt/airflow/dags/data_ingestion_gcs_dag.py
[2022-12-03 18:04:07,579] {processor.py:654} INFO - DAG(s) dict_keys(['data_ingestion_gcs_dag']) retrieved from /opt/airflow/dags/data_ingestion_gcs_dag.py
[2022-12-03 18:04:07,589] {logging_mixin.py:109} INFO - [2022-12-03 18:04:07,588] {dag.py:2396} INFO - Sync 1 DAGs
[2022-12-03 18:04:07,605] {logging_mixin.py:109} INFO - [2022-12-03 18:04:07,605] {dag.py:2935} INFO - Setting next_dagrun for data_ingestion_gcs_dag to 2022-12-02 00:00:00+00:00
[2022-12-03 18:04:07,619] {processor.py:171} INFO - Processing /opt/airflow/dags/data_ingestion_gcs_dag.py took 0.821 seconds
[2022-12-03 18:04:37,792] {processor.py:163} INFO - Started process (PID=1727) to work on /opt/airflow/dags/data_ingestion_gcs_dag.py
[2022-12-03 18:04:37,793] {processor.py:642} INFO - Processing file /opt/airflow/dags/data_ingestion_gcs_dag.py for tasks to queue
[2022-12-03 18:04:37,794] {logging_mixin.py:109} INFO - [2022-12-03 18:04:37,794] {dagbag.py:500} INFO - Filling up the DagBag from /opt/airflow/dags/data_ingestion_gcs_dag.py
[2022-12-03 18:04:39,300] {processor.py:654} INFO - DAG(s) dict_keys(['data_ingestion_gcs_dag']) retrieved from /opt/airflow/dags/data_ingestion_gcs_dag.py
[2022-12-03 18:04:39,364] {logging_mixin.py:109} INFO - [2022-12-03 18:04:39,357] {dag.py:2396} INFO - Sync 1 DAGs
[2022-12-03 18:04:39,417] {logging_mixin.py:109} INFO - [2022-12-03 18:04:39,416] {dag.py:2935} INFO - Setting next_dagrun for data_ingestion_gcs_dag to 2022-12-02 00:00:00+00:00
[2022-12-03 18:04:39,483] {processor.py:171} INFO - Processing /opt/airflow/dags/data_ingestion_gcs_dag.py took 1.695 seconds
[2022-12-03 18:05:10,061] {processor.py:163} INFO - Started process (PID=1806) to work on /opt/airflow/dags/data_ingestion_gcs_dag.py
[2022-12-03 18:05:10,063] {processor.py:642} INFO - Processing file /opt/airflow/dags/data_ingestion_gcs_dag.py for tasks to queue
[2022-12-03 18:05:10,077] {logging_mixin.py:109} INFO - [2022-12-03 18:05:10,077] {dagbag.py:500} INFO - Filling up the DagBag from /opt/airflow/dags/data_ingestion_gcs_dag.py
[2022-12-03 18:05:11,549] {processor.py:654} INFO - DAG(s) dict_keys(['data_ingestion_gcs_dag']) retrieved from /opt/airflow/dags/data_ingestion_gcs_dag.py
[2022-12-03 18:05:11,566] {logging_mixin.py:109} INFO - [2022-12-03 18:05:11,566] {dag.py:2396} INFO - Sync 1 DAGs
[2022-12-03 18:05:11,593] {logging_mixin.py:109} INFO - [2022-12-03 18:05:11,593] {dag.py:2935} INFO - Setting next_dagrun for data_ingestion_gcs_dag to 2022-12-02 00:00:00+00:00
[2022-12-03 18:05:11,605] {processor.py:171} INFO - Processing /opt/airflow/dags/data_ingestion_gcs_dag.py took 1.568 seconds
[2022-12-03 18:05:41,867] {processor.py:163} INFO - Started process (PID=1834) to work on /opt/airflow/dags/data_ingestion_gcs_dag.py
[2022-12-03 18:05:41,869] {processor.py:642} INFO - Processing file /opt/airflow/dags/data_ingestion_gcs_dag.py for tasks to queue
[2022-12-03 18:05:41,870] {logging_mixin.py:109} INFO - [2022-12-03 18:05:41,870] {dagbag.py:500} INFO - Filling up the DagBag from /opt/airflow/dags/data_ingestion_gcs_dag.py
[2022-12-03 18:05:42,746] {processor.py:654} INFO - DAG(s) dict_keys(['data_ingestion_gcs_dag']) retrieved from /opt/airflow/dags/data_ingestion_gcs_dag.py
[2022-12-03 18:05:42,758] {logging_mixin.py:109} INFO - [2022-12-03 18:05:42,758] {dag.py:2396} INFO - Sync 1 DAGs
[2022-12-03 18:05:42,783] {logging_mixin.py:109} INFO - [2022-12-03 18:05:42,783] {dag.py:2935} INFO - Setting next_dagrun for data_ingestion_gcs_dag to 2022-12-02 00:00:00+00:00
[2022-12-03 18:05:42,799] {processor.py:171} INFO - Processing /opt/airflow/dags/data_ingestion_gcs_dag.py took 0.935 seconds
[2022-12-03 18:06:13,323] {processor.py:163} INFO - Started process (PID=1871) to work on /opt/airflow/dags/data_ingestion_gcs_dag.py
[2022-12-03 18:06:13,339] {processor.py:642} INFO - Processing file /opt/airflow/dags/data_ingestion_gcs_dag.py for tasks to queue
[2022-12-03 18:06:13,342] {logging_mixin.py:109} INFO - [2022-12-03 18:06:13,342] {dagbag.py:500} INFO - Filling up the DagBag from /opt/airflow/dags/data_ingestion_gcs_dag.py
[2022-12-03 18:06:14,639] {processor.py:654} INFO - DAG(s) dict_keys(['data_ingestion_gcs_dag']) retrieved from /opt/airflow/dags/data_ingestion_gcs_dag.py
[2022-12-03 18:06:14,648] {logging_mixin.py:109} INFO - [2022-12-03 18:06:14,648] {dag.py:2396} INFO - Sync 1 DAGs
[2022-12-03 18:06:14,664] {logging_mixin.py:109} INFO - [2022-12-03 18:06:14,664] {dag.py:2935} INFO - Setting next_dagrun for data_ingestion_gcs_dag to 2022-12-02 00:00:00+00:00
[2022-12-03 18:06:14,676] {processor.py:171} INFO - Processing /opt/airflow/dags/data_ingestion_gcs_dag.py took 1.360 seconds
[2022-12-03 18:06:45,030] {processor.py:163} INFO - Started process (PID=1899) to work on /opt/airflow/dags/data_ingestion_gcs_dag.py
[2022-12-03 18:06:45,040] {processor.py:642} INFO - Processing file /opt/airflow/dags/data_ingestion_gcs_dag.py for tasks to queue
[2022-12-03 18:06:45,042] {logging_mixin.py:109} INFO - [2022-12-03 18:06:45,042] {dagbag.py:500} INFO - Filling up the DagBag from /opt/airflow/dags/data_ingestion_gcs_dag.py
[2022-12-03 18:06:46,709] {processor.py:654} INFO - DAG(s) dict_keys(['data_ingestion_gcs_dag']) retrieved from /opt/airflow/dags/data_ingestion_gcs_dag.py
[2022-12-03 18:06:46,729] {logging_mixin.py:109} INFO - [2022-12-03 18:06:46,728] {dag.py:2396} INFO - Sync 1 DAGs
[2022-12-03 18:06:46,753] {logging_mixin.py:109} INFO - [2022-12-03 18:06:46,753] {dag.py:2935} INFO - Setting next_dagrun for data_ingestion_gcs_dag to 2022-12-02 00:00:00+00:00
[2022-12-03 18:06:46,779] {processor.py:171} INFO - Processing /opt/airflow/dags/data_ingestion_gcs_dag.py took 1.772 seconds
[2022-12-03 18:07:17,023] {processor.py:163} INFO - Started process (PID=1934) to work on /opt/airflow/dags/data_ingestion_gcs_dag.py
[2022-12-03 18:07:17,025] {processor.py:642} INFO - Processing file /opt/airflow/dags/data_ingestion_gcs_dag.py for tasks to queue
[2022-12-03 18:07:17,026] {logging_mixin.py:109} INFO - [2022-12-03 18:07:17,026] {dagbag.py:500} INFO - Filling up the DagBag from /opt/airflow/dags/data_ingestion_gcs_dag.py
[2022-12-03 18:07:18,722] {processor.py:654} INFO - DAG(s) dict_keys(['data_ingestion_gcs_dag']) retrieved from /opt/airflow/dags/data_ingestion_gcs_dag.py
[2022-12-03 18:07:18,736] {logging_mixin.py:109} INFO - [2022-12-03 18:07:18,736] {dag.py:2396} INFO - Sync 1 DAGs
[2022-12-03 18:07:18,763] {logging_mixin.py:109} INFO - [2022-12-03 18:07:18,763] {dag.py:2935} INFO - Setting next_dagrun for data_ingestion_gcs_dag to 2022-12-02 00:00:00+00:00
[2022-12-03 18:07:18,779] {processor.py:171} INFO - Processing /opt/airflow/dags/data_ingestion_gcs_dag.py took 1.763 seconds
[2022-12-03 18:07:49,561] {processor.py:163} INFO - Started process (PID=1965) to work on /opt/airflow/dags/data_ingestion_gcs_dag.py
[2022-12-03 18:07:49,563] {processor.py:642} INFO - Processing file /opt/airflow/dags/data_ingestion_gcs_dag.py for tasks to queue
[2022-12-03 18:07:49,564] {logging_mixin.py:109} INFO - [2022-12-03 18:07:49,564] {dagbag.py:500} INFO - Filling up the DagBag from /opt/airflow/dags/data_ingestion_gcs_dag.py
[2022-12-03 18:07:50,844] {processor.py:654} INFO - DAG(s) dict_keys(['data_ingestion_gcs_dag']) retrieved from /opt/airflow/dags/data_ingestion_gcs_dag.py
[2022-12-03 18:07:50,857] {logging_mixin.py:109} INFO - [2022-12-03 18:07:50,856] {dag.py:2396} INFO - Sync 1 DAGs
[2022-12-03 18:07:50,886] {logging_mixin.py:109} INFO - [2022-12-03 18:07:50,886] {dag.py:2935} INFO - Setting next_dagrun for data_ingestion_gcs_dag to 2022-12-02 00:00:00+00:00
[2022-12-03 18:07:50,902] {processor.py:171} INFO - Processing /opt/airflow/dags/data_ingestion_gcs_dag.py took 1.345 seconds
[2022-12-03 18:08:21,193] {processor.py:163} INFO - Started process (PID=1996) to work on /opt/airflow/dags/data_ingestion_gcs_dag.py
[2022-12-03 18:08:21,195] {processor.py:642} INFO - Processing file /opt/airflow/dags/data_ingestion_gcs_dag.py for tasks to queue
[2022-12-03 18:08:21,196] {logging_mixin.py:109} INFO - [2022-12-03 18:08:21,196] {dagbag.py:500} INFO - Filling up the DagBag from /opt/airflow/dags/data_ingestion_gcs_dag.py
[2022-12-03 18:08:22,334] {processor.py:654} INFO - DAG(s) dict_keys(['data_ingestion_gcs_dag']) retrieved from /opt/airflow/dags/data_ingestion_gcs_dag.py
[2022-12-03 18:08:22,344] {logging_mixin.py:109} INFO - [2022-12-03 18:08:22,344] {dag.py:2396} INFO - Sync 1 DAGs
[2022-12-03 18:08:22,367] {logging_mixin.py:109} INFO - [2022-12-03 18:08:22,366] {dag.py:2935} INFO - Setting next_dagrun for data_ingestion_gcs_dag to 2022-12-02 00:00:00+00:00
[2022-12-03 18:08:22,390] {processor.py:171} INFO - Processing /opt/airflow/dags/data_ingestion_gcs_dag.py took 1.203 seconds
[2022-12-03 18:25:23,394] {processor.py:163} INFO - Started process (PID=2023) to work on /opt/airflow/dags/data_ingestion_gcs_dag.py
[2022-12-03 18:25:23,407] {processor.py:642} INFO - Processing file /opt/airflow/dags/data_ingestion_gcs_dag.py for tasks to queue
[2022-12-03 18:25:23,441] {logging_mixin.py:109} INFO - [2022-12-03 18:25:23,441] {dagbag.py:500} INFO - Filling up the DagBag from /opt/airflow/dags/data_ingestion_gcs_dag.py
[2022-12-03 18:25:45,627] {processor.py:654} INFO - DAG(s) dict_keys(['data_ingestion_gcs_dag']) retrieved from /opt/airflow/dags/data_ingestion_gcs_dag.py
[2022-12-03 18:25:45,883] {logging_mixin.py:109} INFO - [2022-12-03 18:25:45,882] {dag.py:2396} INFO - Sync 1 DAGs
[2022-12-03 18:25:46,152] {logging_mixin.py:109} INFO - [2022-12-03 18:25:46,152] {dag.py:2935} INFO - Setting next_dagrun for data_ingestion_gcs_dag to 2022-12-02 00:00:00+00:00
[2022-12-03 18:25:46,905] {processor.py:171} INFO - Processing /opt/airflow/dags/data_ingestion_gcs_dag.py took 23.431 seconds
