[2022-12-04 10:38:53,625] {taskinstance.py:1032} INFO - Dependencies all met for <TaskInstance: dag1.local_to_gcs_task scheduled__2022-11-01T08:10:00+00:00 [queued]>
[2022-12-04 10:38:53,730] {taskinstance.py:1032} INFO - Dependencies all met for <TaskInstance: dag1.local_to_gcs_task scheduled__2022-11-01T08:10:00+00:00 [queued]>
[2022-12-04 10:38:53,732] {taskinstance.py:1238} INFO - 
--------------------------------------------------------------------------------
[2022-12-04 10:38:53,733] {taskinstance.py:1239} INFO - Starting attempt 1 of 2
[2022-12-04 10:38:53,734] {taskinstance.py:1240} INFO - 
--------------------------------------------------------------------------------
[2022-12-04 10:38:53,871] {taskinstance.py:1259} INFO - Executing <Task(PythonOperator): local_to_gcs_task> on 2022-11-01 08:10:00+00:00
[2022-12-04 10:38:53,880] {standard_task_runner.py:52} INFO - Started process 6899 to run task
[2022-12-04 10:38:53,885] {standard_task_runner.py:76} INFO - Running: ['***', 'tasks', 'run', 'dag1', 'local_to_gcs_task', 'scheduled__2022-11-01T08:10:00+00:00', '--job-id', '3588', '--raw', '--subdir', 'DAGS_FOLDER/AirflowClean2.py', '--cfg-path', '/tmp/tmpip9cbpmo', '--error-file', '/tmp/tmp1aqs55a5']
[2022-12-04 10:38:53,916] {standard_task_runner.py:77} INFO - Job 3588: Subtask local_to_gcs_task
[2022-12-04 10:38:54,213] {logging_mixin.py:109} INFO - Running <TaskInstance: dag1.local_to_gcs_task scheduled__2022-11-01T08:10:00+00:00 [running]> on host 9e44869ff3ef
[2022-12-04 10:38:54,547] {taskinstance.py:1426} INFO - Exporting the following env vars:
AIRFLOW_CTX_DAG_OWNER=Fadlil
AIRFLOW_CTX_DAG_ID=dag1
AIRFLOW_CTX_TASK_ID=local_to_gcs_task
AIRFLOW_CTX_EXECUTION_DATE=2022-11-01T08:10:00+00:00
AIRFLOW_CTX_DAG_RUN_ID=scheduled__2022-11-01T08:10:00+00:00
[2022-12-04 10:38:55,537] {python.py:175} INFO - Done. Returned value was: None
[2022-12-04 10:38:55,831] {taskinstance.py:1277} INFO - Marking task as SUCCESS. dag_id=dag1, task_id=local_to_gcs_task, execution_date=20221101T081000, start_date=20221204T103853, end_date=20221204T103855
[2022-12-04 10:38:55,923] {local_task_job.py:154} INFO - Task exited with return code 0
[2022-12-04 10:38:56,064] {local_task_job.py:264} INFO - 0 downstream tasks scheduled from follow-on schedule check
