[2022-12-04 09:55:45,608] {taskinstance.py:1032} INFO - Dependencies all met for <TaskInstance: dag1.get_data scheduled__2022-10-30T22:00:00+00:00 [queued]>
[2022-12-04 09:55:45,676] {taskinstance.py:1032} INFO - Dependencies all met for <TaskInstance: dag1.get_data scheduled__2022-10-30T22:00:00+00:00 [queued]>
[2022-12-04 09:55:45,679] {taskinstance.py:1238} INFO - 
--------------------------------------------------------------------------------
[2022-12-04 09:55:45,680] {taskinstance.py:1239} INFO - Starting attempt 1 of 2
[2022-12-04 09:55:45,680] {taskinstance.py:1240} INFO - 
--------------------------------------------------------------------------------
[2022-12-04 09:55:45,754] {taskinstance.py:1259} INFO - Executing <Task(PythonOperator): get_data> on 2022-10-30 22:00:00+00:00
[2022-12-04 09:55:45,766] {standard_task_runner.py:52} INFO - Started process 2852 to run task
[2022-12-04 09:55:45,774] {standard_task_runner.py:76} INFO - Running: ['***', 'tasks', 'run', 'dag1', 'get_data', 'scheduled__2022-10-30T22:00:00+00:00', '--job-id', '2721', '--raw', '--subdir', 'DAGS_FOLDER/AirflowClean2.py', '--cfg-path', '/tmp/tmp5btp7x7h', '--error-file', '/tmp/tmpaw6het8c']
[2022-12-04 09:55:45,794] {standard_task_runner.py:77} INFO - Job 2721: Subtask get_data
[2022-12-04 09:55:46,488] {logging_mixin.py:109} INFO - Running <TaskInstance: dag1.get_data scheduled__2022-10-30T22:00:00+00:00 [running]> on host 9e44869ff3ef
[2022-12-04 09:55:46,682] {taskinstance.py:1426} INFO - Exporting the following env vars:
AIRFLOW_CTX_DAG_OWNER=Fadlil
AIRFLOW_CTX_DAG_ID=dag1
AIRFLOW_CTX_TASK_ID=get_data
AIRFLOW_CTX_EXECUTION_DATE=2022-10-30T22:00:00+00:00
AIRFLOW_CTX_DAG_RUN_ID=scheduled__2022-10-30T22:00:00+00:00
[2022-12-04 09:55:47,641] {python.py:175} INFO - Done. Returned value was: None
[2022-12-04 09:55:47,686] {taskinstance.py:1277} INFO - Marking task as SUCCESS. dag_id=dag1, task_id=get_data, execution_date=20221030T220000, start_date=20221204T095545, end_date=20221204T095547
[2022-12-04 09:55:47,874] {local_task_job.py:154} INFO - Task exited with return code 0
[2022-12-04 09:55:48,743] {local_task_job.py:264} INFO - 0 downstream tasks scheduled from follow-on schedule check
