[2022-12-04 10:55:04,874] {taskinstance.py:1032} INFO - Dependencies all met for <TaskInstance: dag1.local_to_gcs_task scheduled__2022-11-03T00:40:00+00:00 [queued]>
[2022-12-04 10:55:05,048] {taskinstance.py:1032} INFO - Dependencies all met for <TaskInstance: dag1.local_to_gcs_task scheduled__2022-11-03T00:40:00+00:00 [queued]>
[2022-12-04 10:55:05,061] {taskinstance.py:1238} INFO - 
--------------------------------------------------------------------------------
[2022-12-04 10:55:05,063] {taskinstance.py:1239} INFO - Starting attempt 1 of 2
[2022-12-04 10:55:05,066] {taskinstance.py:1240} INFO - 
--------------------------------------------------------------------------------
[2022-12-04 10:55:05,210] {taskinstance.py:1259} INFO - Executing <Task(PythonOperator): local_to_gcs_task> on 2022-11-03 00:40:00+00:00
[2022-12-04 10:55:05,246] {standard_task_runner.py:76} INFO - Running: ['***', 'tasks', 'run', 'dag1', 'local_to_gcs_task', 'scheduled__2022-11-03T00:40:00+00:00', '--job-id', '4558', '--raw', '--subdir', 'DAGS_FOLDER/AirflowClean2.py', '--cfg-path', '/tmp/tmpxxefx18b', '--error-file', '/tmp/tmp4qr6_ve2']
[2022-12-04 10:55:05,251] {standard_task_runner.py:77} INFO - Job 4558: Subtask local_to_gcs_task
[2022-12-04 10:55:05,238] {standard_task_runner.py:52} INFO - Started process 10291 to run task
[2022-12-04 10:55:05,777] {logging_mixin.py:109} INFO - Running <TaskInstance: dag1.local_to_gcs_task scheduled__2022-11-03T00:40:00+00:00 [running]> on host 9e44869ff3ef
[2022-12-04 10:55:06,241] {taskinstance.py:1426} INFO - Exporting the following env vars:
AIRFLOW_CTX_DAG_OWNER=Fadlil
AIRFLOW_CTX_DAG_ID=dag1
AIRFLOW_CTX_TASK_ID=local_to_gcs_task
AIRFLOW_CTX_EXECUTION_DATE=2022-11-03T00:40:00+00:00
AIRFLOW_CTX_DAG_RUN_ID=scheduled__2022-11-03T00:40:00+00:00
[2022-12-04 10:55:07,175] {python.py:175} INFO - Done. Returned value was: None
[2022-12-04 10:55:07,338] {taskinstance.py:1277} INFO - Marking task as SUCCESS. dag_id=dag1, task_id=local_to_gcs_task, execution_date=20221103T004000, start_date=20221204T105504, end_date=20221204T105507
[2022-12-04 10:55:07,692] {local_task_job.py:154} INFO - Task exited with return code 0
[2022-12-04 10:55:07,828] {local_task_job.py:264} INFO - 0 downstream tasks scheduled from follow-on schedule check
