[2022-12-04 10:58:01,692] {taskinstance.py:1032} INFO - Dependencies all met for <TaskInstance: dag1.get_data scheduled__2022-11-03T09:00:00+00:00 [queued]>
[2022-12-04 10:58:01,708] {taskinstance.py:1032} INFO - Dependencies all met for <TaskInstance: dag1.get_data scheduled__2022-11-03T09:00:00+00:00 [queued]>
[2022-12-04 10:58:01,708] {taskinstance.py:1238} INFO - 
--------------------------------------------------------------------------------
[2022-12-04 10:58:01,709] {taskinstance.py:1239} INFO - Starting attempt 1 of 2
[2022-12-04 10:58:01,709] {taskinstance.py:1240} INFO - 
--------------------------------------------------------------------------------
[2022-12-04 10:58:01,727] {taskinstance.py:1259} INFO - Executing <Task(PythonOperator): get_data> on 2022-11-03 09:00:00+00:00
[2022-12-04 10:58:01,736] {standard_task_runner.py:52} INFO - Started process 10922 to run task
[2022-12-04 10:58:01,740] {standard_task_runner.py:76} INFO - Running: ['***', 'tasks', 'run', 'dag1', 'get_data', 'scheduled__2022-11-03T09:00:00+00:00', '--job-id', '4745', '--raw', '--subdir', 'DAGS_FOLDER/AirflowClean2.py', '--cfg-path', '/tmp/tmpifai59aj', '--error-file', '/tmp/tmp1gv7nsz6']
[2022-12-04 10:58:01,741] {standard_task_runner.py:77} INFO - Job 4745: Subtask get_data
[2022-12-04 10:58:01,824] {logging_mixin.py:109} INFO - Running <TaskInstance: dag1.get_data scheduled__2022-11-03T09:00:00+00:00 [running]> on host 9e44869ff3ef
[2022-12-04 10:58:01,941] {taskinstance.py:1426} INFO - Exporting the following env vars:
AIRFLOW_CTX_DAG_OWNER=Fadlil
AIRFLOW_CTX_DAG_ID=dag1
AIRFLOW_CTX_TASK_ID=get_data
AIRFLOW_CTX_EXECUTION_DATE=2022-11-03T09:00:00+00:00
AIRFLOW_CTX_DAG_RUN_ID=scheduled__2022-11-03T09:00:00+00:00
[2022-12-04 10:58:02,625] {python.py:175} INFO - Done. Returned value was: None
[2022-12-04 10:58:02,641] {taskinstance.py:1277} INFO - Marking task as SUCCESS. dag_id=dag1, task_id=get_data, execution_date=20221103T090000, start_date=20221204T105801, end_date=20221204T105802
[2022-12-04 10:58:02,725] {local_task_job.py:154} INFO - Task exited with return code 0
[2022-12-04 10:58:02,927] {local_task_job.py:264} INFO - 0 downstream tasks scheduled from follow-on schedule check
