[2022-12-04 11:45:47,282] {taskinstance.py:1032} INFO - Dependencies all met for <TaskInstance: dag1.save_to_csv scheduled__2022-11-05T01:10:00+00:00 [queued]>
[2022-12-04 11:45:47,390] {taskinstance.py:1032} INFO - Dependencies all met for <TaskInstance: dag1.save_to_csv scheduled__2022-11-05T01:10:00+00:00 [queued]>
[2022-12-04 11:45:47,395] {taskinstance.py:1238} INFO - 
--------------------------------------------------------------------------------
[2022-12-04 11:45:47,396] {taskinstance.py:1239} INFO - Starting attempt 1 of 2
[2022-12-04 11:45:47,396] {taskinstance.py:1240} INFO - 
--------------------------------------------------------------------------------
[2022-12-04 11:45:47,530] {taskinstance.py:1259} INFO - Executing <Task(PythonOperator): save_to_csv> on 2022-11-05 01:10:00+00:00
[2022-12-04 11:45:47,599] {standard_task_runner.py:52} INFO - Started process 14801 to run task
[2022-12-04 11:45:47,660] {standard_task_runner.py:76} INFO - Running: ['***', 'tasks', 'run', 'dag1', 'save_to_csv', 'scheduled__2022-11-05T01:10:00+00:00', '--job-id', '5768', '--raw', '--subdir', 'DAGS_FOLDER/AirflowClean2.py', '--cfg-path', '/tmp/tmpolcstqry', '--error-file', '/tmp/tmp8f3r5cby']
[2022-12-04 11:45:47,696] {standard_task_runner.py:77} INFO - Job 5768: Subtask save_to_csv
[2022-12-04 11:45:48,097] {logging_mixin.py:109} INFO - Running <TaskInstance: dag1.save_to_csv scheduled__2022-11-05T01:10:00+00:00 [running]> on host 9e44869ff3ef
[2022-12-04 11:45:48,567] {taskinstance.py:1426} INFO - Exporting the following env vars:
AIRFLOW_CTX_DAG_OWNER=Fadlil
AIRFLOW_CTX_DAG_ID=dag1
AIRFLOW_CTX_TASK_ID=save_to_csv
AIRFLOW_CTX_EXECUTION_DATE=2022-11-05T01:10:00+00:00
AIRFLOW_CTX_DAG_RUN_ID=scheduled__2022-11-05T01:10:00+00:00
[2022-12-04 11:45:48,665] {python.py:175} INFO - Done. Returned value was: None
[2022-12-04 11:45:49,303] {taskinstance.py:1277} INFO - Marking task as SUCCESS. dag_id=dag1, task_id=save_to_csv, execution_date=20221105T011000, start_date=20221204T114547, end_date=20221204T114549
[2022-12-04 11:45:49,442] {local_task_job.py:154} INFO - Task exited with return code 0
[2022-12-04 11:45:49,667] {local_task_job.py:264} INFO - 1 downstream tasks scheduled from follow-on schedule check
