[2022-12-04 12:51:39,163] {taskinstance.py:1032} INFO - Dependencies all met for <TaskInstance: dag1.get_data scheduled__2022-11-06T09:50:00+00:00 [queued]>
[2022-12-04 12:51:39,211] {taskinstance.py:1032} INFO - Dependencies all met for <TaskInstance: dag1.get_data scheduled__2022-11-06T09:50:00+00:00 [queued]>
[2022-12-04 12:51:39,212] {taskinstance.py:1238} INFO - 
--------------------------------------------------------------------------------
[2022-12-04 12:51:39,213] {taskinstance.py:1239} INFO - Starting attempt 1 of 2
[2022-12-04 12:51:39,213] {taskinstance.py:1240} INFO - 
--------------------------------------------------------------------------------
[2022-12-04 12:51:39,278] {taskinstance.py:1259} INFO - Executing <Task(PythonOperator): get_data> on 2022-11-06 09:50:00+00:00
[2022-12-04 12:51:39,298] {standard_task_runner.py:52} INFO - Started process 1215 to run task
[2022-12-04 12:51:39,308] {standard_task_runner.py:76} INFO - Running: ['***', 'tasks', 'run', 'dag1', 'get_data', 'scheduled__2022-11-06T09:50:00+00:00', '--job-id', '6949', '--raw', '--subdir', 'DAGS_FOLDER/AirflowClean2.py', '--cfg-path', '/tmp/tmpcy7ukjhs', '--error-file', '/tmp/tmp1_6kz_p6']
[2022-12-04 12:51:39,325] {standard_task_runner.py:77} INFO - Job 6949: Subtask get_data
[2022-12-04 12:51:39,546] {logging_mixin.py:109} INFO - Running <TaskInstance: dag1.get_data scheduled__2022-11-06T09:50:00+00:00 [running]> on host 7a020590adae
[2022-12-04 12:51:39,664] {taskinstance.py:1426} INFO - Exporting the following env vars:
AIRFLOW_CTX_DAG_OWNER=Fadlil
AIRFLOW_CTX_DAG_ID=dag1
AIRFLOW_CTX_TASK_ID=get_data
AIRFLOW_CTX_EXECUTION_DATE=2022-11-06T09:50:00+00:00
AIRFLOW_CTX_DAG_RUN_ID=scheduled__2022-11-06T09:50:00+00:00
[2022-12-04 12:51:40,363] {python.py:175} INFO - Done. Returned value was: None
[2022-12-04 12:51:40,948] {taskinstance.py:1277} INFO - Marking task as SUCCESS. dag_id=dag1, task_id=get_data, execution_date=20221106T095000, start_date=20221204T125139, end_date=20221204T125140
[2022-12-04 12:51:41,060] {local_task_job.py:154} INFO - Task exited with return code 0
[2022-12-04 12:51:41,186] {local_task_job.py:264} INFO - 1 downstream tasks scheduled from follow-on schedule check
