[2022-12-04 10:56:23,032] {taskinstance.py:1032} INFO - Dependencies all met for <TaskInstance: dag1.get_data scheduled__2022-11-03T05:20:00+00:00 [queued]>
[2022-12-04 10:56:23,131] {taskinstance.py:1032} INFO - Dependencies all met for <TaskInstance: dag1.get_data scheduled__2022-11-03T05:20:00+00:00 [queued]>
[2022-12-04 10:56:23,184] {taskinstance.py:1238} INFO - 
--------------------------------------------------------------------------------
[2022-12-04 10:56:23,185] {taskinstance.py:1239} INFO - Starting attempt 1 of 2
[2022-12-04 10:56:23,190] {taskinstance.py:1240} INFO - 
--------------------------------------------------------------------------------
[2022-12-04 10:56:23,290] {taskinstance.py:1259} INFO - Executing <Task(PythonOperator): get_data> on 2022-11-03 05:20:00+00:00
[2022-12-04 10:56:23,307] {standard_task_runner.py:52} INFO - Started process 10565 to run task
[2022-12-04 10:56:23,372] {standard_task_runner.py:76} INFO - Running: ['***', 'tasks', 'run', 'dag1', 'get_data', 'scheduled__2022-11-03T05:20:00+00:00', '--job-id', '4638', '--raw', '--subdir', 'DAGS_FOLDER/AirflowClean2.py', '--cfg-path', '/tmp/tmpbsq91vja', '--error-file', '/tmp/tmp66zrpvam']
[2022-12-04 10:56:23,387] {standard_task_runner.py:77} INFO - Job 4638: Subtask get_data
[2022-12-04 10:56:24,590] {logging_mixin.py:109} INFO - Running <TaskInstance: dag1.get_data scheduled__2022-11-03T05:20:00+00:00 [running]> on host 9e44869ff3ef
[2022-12-04 10:56:24,914] {taskinstance.py:1426} INFO - Exporting the following env vars:
AIRFLOW_CTX_DAG_OWNER=Fadlil
AIRFLOW_CTX_DAG_ID=dag1
AIRFLOW_CTX_TASK_ID=get_data
AIRFLOW_CTX_EXECUTION_DATE=2022-11-03T05:20:00+00:00
AIRFLOW_CTX_DAG_RUN_ID=scheduled__2022-11-03T05:20:00+00:00
[2022-12-04 10:56:25,651] {python.py:175} INFO - Done. Returned value was: None
[2022-12-04 10:56:25,692] {taskinstance.py:1277} INFO - Marking task as SUCCESS. dag_id=dag1, task_id=get_data, execution_date=20221103T052000, start_date=20221204T105623, end_date=20221204T105625
[2022-12-04 10:56:25,828] {local_task_job.py:154} INFO - Task exited with return code 0
[2022-12-04 10:56:26,557] {local_task_job.py:264} INFO - 1 downstream tasks scheduled from follow-on schedule check
