[2022-12-04 10:36:09,500] {taskinstance.py:1032} INFO - Dependencies all met for <TaskInstance: dag1.local_to_gcs_task scheduled__2022-11-01T02:20:00+00:00 [queued]>
[2022-12-04 10:36:09,518] {taskinstance.py:1032} INFO - Dependencies all met for <TaskInstance: dag1.local_to_gcs_task scheduled__2022-11-01T02:20:00+00:00 [queued]>
[2022-12-04 10:36:09,519] {taskinstance.py:1238} INFO - 
--------------------------------------------------------------------------------
[2022-12-04 10:36:09,519] {taskinstance.py:1239} INFO - Starting attempt 1 of 2
[2022-12-04 10:36:09,521] {taskinstance.py:1240} INFO - 
--------------------------------------------------------------------------------
[2022-12-04 10:36:09,547] {taskinstance.py:1259} INFO - Executing <Task(PythonOperator): local_to_gcs_task> on 2022-11-01 02:20:00+00:00
[2022-12-04 10:36:09,556] {standard_task_runner.py:52} INFO - Started process 6347 to run task
[2022-12-04 10:36:09,572] {standard_task_runner.py:76} INFO - Running: ['***', 'tasks', 'run', 'dag1', 'local_to_gcs_task', 'scheduled__2022-11-01T02:20:00+00:00', '--job-id', '3430', '--raw', '--subdir', 'DAGS_FOLDER/AirflowClean2.py', '--cfg-path', '/tmp/tmp912hft9r', '--error-file', '/tmp/tmpfmkq76gu']
[2022-12-04 10:36:09,579] {standard_task_runner.py:77} INFO - Job 3430: Subtask local_to_gcs_task
[2022-12-04 10:36:09,698] {logging_mixin.py:109} INFO - Running <TaskInstance: dag1.local_to_gcs_task scheduled__2022-11-01T02:20:00+00:00 [running]> on host 9e44869ff3ef
[2022-12-04 10:36:09,801] {taskinstance.py:1426} INFO - Exporting the following env vars:
AIRFLOW_CTX_DAG_OWNER=Fadlil
AIRFLOW_CTX_DAG_ID=dag1
AIRFLOW_CTX_TASK_ID=local_to_gcs_task
AIRFLOW_CTX_EXECUTION_DATE=2022-11-01T02:20:00+00:00
AIRFLOW_CTX_DAG_RUN_ID=scheduled__2022-11-01T02:20:00+00:00
[2022-12-04 10:36:11,296] {python.py:175} INFO - Done. Returned value was: None
[2022-12-04 10:36:11,320] {taskinstance.py:1277} INFO - Marking task as SUCCESS. dag_id=dag1, task_id=local_to_gcs_task, execution_date=20221101T022000, start_date=20221204T103609, end_date=20221204T103611
[2022-12-04 10:36:11,390] {local_task_job.py:154} INFO - Task exited with return code 0
[2022-12-04 10:36:11,446] {local_task_job.py:264} INFO - 0 downstream tasks scheduled from follow-on schedule check
