[2022-12-04 12:26:07,827] {taskinstance.py:1032} INFO - Dependencies all met for <TaskInstance: dag1.get_data scheduled__2022-11-06T00:30:00+00:00 [queued]>
[2022-12-04 12:26:07,847] {taskinstance.py:1032} INFO - Dependencies all met for <TaskInstance: dag1.get_data scheduled__2022-11-06T00:30:00+00:00 [queued]>
[2022-12-04 12:26:07,847] {taskinstance.py:1238} INFO - 
--------------------------------------------------------------------------------
[2022-12-04 12:26:07,848] {taskinstance.py:1239} INFO - Starting attempt 1 of 2
[2022-12-04 12:26:07,848] {taskinstance.py:1240} INFO - 
--------------------------------------------------------------------------------
[2022-12-04 12:26:07,881] {taskinstance.py:1259} INFO - Executing <Task(PythonOperator): get_data> on 2022-11-06 00:30:00+00:00
[2022-12-04 12:26:07,890] {standard_task_runner.py:52} INFO - Started process 18589 to run task
[2022-12-04 12:26:07,897] {standard_task_runner.py:76} INFO - Running: ['***', 'tasks', 'run', 'dag1', 'get_data', 'scheduled__2022-11-06T00:30:00+00:00', '--job-id', '6595', '--raw', '--subdir', 'DAGS_FOLDER/AirflowClean2.py', '--cfg-path', '/tmp/tmpbwbpcamm', '--error-file', '/tmp/tmp3xzj7vio']
[2022-12-04 12:26:07,900] {standard_task_runner.py:77} INFO - Job 6595: Subtask get_data
[2022-12-04 12:26:07,999] {logging_mixin.py:109} INFO - Running <TaskInstance: dag1.get_data scheduled__2022-11-06T00:30:00+00:00 [running]> on host 9e44869ff3ef
[2022-12-04 12:26:08,066] {taskinstance.py:1426} INFO - Exporting the following env vars:
AIRFLOW_CTX_DAG_OWNER=Fadlil
AIRFLOW_CTX_DAG_ID=dag1
AIRFLOW_CTX_TASK_ID=get_data
AIRFLOW_CTX_EXECUTION_DATE=2022-11-06T00:30:00+00:00
AIRFLOW_CTX_DAG_RUN_ID=scheduled__2022-11-06T00:30:00+00:00
[2022-12-04 12:26:08,731] {python.py:175} INFO - Done. Returned value was: None
[2022-12-04 12:26:08,914] {taskinstance.py:1277} INFO - Marking task as SUCCESS. dag_id=dag1, task_id=get_data, execution_date=20221106T003000, start_date=20221204T122607, end_date=20221204T122608
[2022-12-04 12:26:08,995] {local_task_job.py:154} INFO - Task exited with return code 0
[2022-12-04 12:26:09,063] {local_task_job.py:264} INFO - 1 downstream tasks scheduled from follow-on schedule check
