[2022-12-04 11:46:07,356] {taskinstance.py:1032} INFO - Dependencies all met for <TaskInstance: dag1.local_to_gcs_task scheduled__2022-11-05T01:10:00+00:00 [queued]>
[2022-12-04 11:46:07,504] {taskinstance.py:1032} INFO - Dependencies all met for <TaskInstance: dag1.local_to_gcs_task scheduled__2022-11-05T01:10:00+00:00 [queued]>
[2022-12-04 11:46:07,506] {taskinstance.py:1238} INFO - 
--------------------------------------------------------------------------------
[2022-12-04 11:46:07,507] {taskinstance.py:1239} INFO - Starting attempt 1 of 2
[2022-12-04 11:46:07,507] {taskinstance.py:1240} INFO - 
--------------------------------------------------------------------------------
[2022-12-04 11:46:07,661] {taskinstance.py:1259} INFO - Executing <Task(PythonOperator): local_to_gcs_task> on 2022-11-05 01:10:00+00:00
[2022-12-04 11:46:07,682] {standard_task_runner.py:52} INFO - Started process 14868 to run task
[2022-12-04 11:46:07,694] {standard_task_runner.py:76} INFO - Running: ['***', 'tasks', 'run', 'dag1', 'local_to_gcs_task', 'scheduled__2022-11-05T01:10:00+00:00', '--job-id', '5789', '--raw', '--subdir', 'DAGS_FOLDER/AirflowClean2.py', '--cfg-path', '/tmp/tmp_cfai1gh', '--error-file', '/tmp/tmpy4q4034h']
[2022-12-04 11:46:07,701] {standard_task_runner.py:77} INFO - Job 5789: Subtask local_to_gcs_task
[2022-12-04 11:46:07,943] {logging_mixin.py:109} INFO - Running <TaskInstance: dag1.local_to_gcs_task scheduled__2022-11-05T01:10:00+00:00 [running]> on host 9e44869ff3ef
[2022-12-04 11:46:08,201] {taskinstance.py:1426} INFO - Exporting the following env vars:
AIRFLOW_CTX_DAG_OWNER=Fadlil
AIRFLOW_CTX_DAG_ID=dag1
AIRFLOW_CTX_TASK_ID=local_to_gcs_task
AIRFLOW_CTX_EXECUTION_DATE=2022-11-05T01:10:00+00:00
AIRFLOW_CTX_DAG_RUN_ID=scheduled__2022-11-05T01:10:00+00:00
[2022-12-04 11:46:08,986] {python.py:175} INFO - Done. Returned value was: None
[2022-12-04 11:46:09,027] {taskinstance.py:1277} INFO - Marking task as SUCCESS. dag_id=dag1, task_id=local_to_gcs_task, execution_date=20221105T011000, start_date=20221204T114607, end_date=20221204T114609
[2022-12-04 11:46:09,088] {local_task_job.py:154} INFO - Task exited with return code 0
[2022-12-04 11:46:09,162] {local_task_job.py:264} INFO - 1 downstream tasks scheduled from follow-on schedule check
