[2022-12-04 11:49:30,296] {taskinstance.py:1032} INFO - Dependencies all met for <TaskInstance: dag1.get_data scheduled__2022-11-05T06:40:00+00:00 [queued]>
[2022-12-04 11:49:30,350] {taskinstance.py:1032} INFO - Dependencies all met for <TaskInstance: dag1.get_data scheduled__2022-11-05T06:40:00+00:00 [queued]>
[2022-12-04 11:49:30,351] {taskinstance.py:1238} INFO - 
--------------------------------------------------------------------------------
[2022-12-04 11:49:30,351] {taskinstance.py:1239} INFO - Starting attempt 1 of 2
[2022-12-04 11:49:30,352] {taskinstance.py:1240} INFO - 
--------------------------------------------------------------------------------
[2022-12-04 11:49:30,402] {taskinstance.py:1259} INFO - Executing <Task(PythonOperator): get_data> on 2022-11-05 06:40:00+00:00
[2022-12-04 11:49:30,417] {standard_task_runner.py:52} INFO - Started process 15467 to run task
[2022-12-04 11:49:30,435] {standard_task_runner.py:76} INFO - Running: ['***', 'tasks', 'run', 'dag1', 'get_data', 'scheduled__2022-11-05T06:40:00+00:00', '--job-id', '5957', '--raw', '--subdir', 'DAGS_FOLDER/AirflowClean2.py', '--cfg-path', '/tmp/tmpi9ztoyrm', '--error-file', '/tmp/tmphuwla5vx']
[2022-12-04 11:49:30,437] {standard_task_runner.py:77} INFO - Job 5957: Subtask get_data
[2022-12-04 11:49:30,646] {logging_mixin.py:109} INFO - Running <TaskInstance: dag1.get_data scheduled__2022-11-05T06:40:00+00:00 [running]> on host 9e44869ff3ef
[2022-12-04 11:49:30,911] {taskinstance.py:1426} INFO - Exporting the following env vars:
AIRFLOW_CTX_DAG_OWNER=Fadlil
AIRFLOW_CTX_DAG_ID=dag1
AIRFLOW_CTX_TASK_ID=get_data
AIRFLOW_CTX_EXECUTION_DATE=2022-11-05T06:40:00+00:00
AIRFLOW_CTX_DAG_RUN_ID=scheduled__2022-11-05T06:40:00+00:00
[2022-12-04 11:49:31,876] {python.py:175} INFO - Done. Returned value was: None
[2022-12-04 11:49:32,028] {taskinstance.py:1277} INFO - Marking task as SUCCESS. dag_id=dag1, task_id=get_data, execution_date=20221105T064000, start_date=20221204T114930, end_date=20221204T114932
[2022-12-04 11:49:32,265] {local_task_job.py:154} INFO - Task exited with return code 0
[2022-12-04 11:49:32,835] {local_task_job.py:264} INFO - 1 downstream tasks scheduled from follow-on schedule check
