[2022-12-04 11:40:44,485] {taskinstance.py:1032} INFO - Dependencies all met for <TaskInstance: dag1.local_to_gcs_task scheduled__2022-11-04T15:30:00+00:00 [queued]>
[2022-12-04 11:40:44,596] {taskinstance.py:1032} INFO - Dependencies all met for <TaskInstance: dag1.local_to_gcs_task scheduled__2022-11-04T15:30:00+00:00 [queued]>
[2022-12-04 11:40:44,604] {taskinstance.py:1238} INFO - 
--------------------------------------------------------------------------------
[2022-12-04 11:40:44,635] {taskinstance.py:1239} INFO - Starting attempt 1 of 2
[2022-12-04 11:40:44,635] {taskinstance.py:1240} INFO - 
--------------------------------------------------------------------------------
[2022-12-04 11:40:44,774] {taskinstance.py:1259} INFO - Executing <Task(PythonOperator): local_to_gcs_task> on 2022-11-04 15:30:00+00:00
[2022-12-04 11:40:44,856] {standard_task_runner.py:52} INFO - Started process 13893 to run task
[2022-12-04 11:40:44,881] {standard_task_runner.py:76} INFO - Running: ['***', 'tasks', 'run', 'dag1', 'local_to_gcs_task', 'scheduled__2022-11-04T15:30:00+00:00', '--job-id', '5513', '--raw', '--subdir', 'DAGS_FOLDER/AirflowClean2.py', '--cfg-path', '/tmp/tmprtf_v0lh', '--error-file', '/tmp/tmp_62gyafn']
[2022-12-04 11:40:44,884] {standard_task_runner.py:77} INFO - Job 5513: Subtask local_to_gcs_task
[2022-12-04 11:40:45,189] {logging_mixin.py:109} INFO - Running <TaskInstance: dag1.local_to_gcs_task scheduled__2022-11-04T15:30:00+00:00 [running]> on host 9e44869ff3ef
[2022-12-04 11:40:45,838] {taskinstance.py:1426} INFO - Exporting the following env vars:
AIRFLOW_CTX_DAG_OWNER=Fadlil
AIRFLOW_CTX_DAG_ID=dag1
AIRFLOW_CTX_TASK_ID=local_to_gcs_task
AIRFLOW_CTX_EXECUTION_DATE=2022-11-04T15:30:00+00:00
AIRFLOW_CTX_DAG_RUN_ID=scheduled__2022-11-04T15:30:00+00:00
[2022-12-04 11:40:46,632] {python.py:175} INFO - Done. Returned value was: None
[2022-12-04 11:40:46,838] {taskinstance.py:1277} INFO - Marking task as SUCCESS. dag_id=dag1, task_id=local_to_gcs_task, execution_date=20221104T153000, start_date=20221204T114044, end_date=20221204T114046
[2022-12-04 11:40:46,938] {local_task_job.py:154} INFO - Task exited with return code 0
[2022-12-04 11:40:47,299] {local_task_job.py:264} INFO - 1 downstream tasks scheduled from follow-on schedule check
