[2022-12-04 04:40:48,191] {taskinstance.py:1032} INFO - Dependencies all met for <TaskInstance: dag1.get_data scheduled__2022-10-28T18:40:00+00:00 [queued]>
[2022-12-04 04:40:48,380] {taskinstance.py:1032} INFO - Dependencies all met for <TaskInstance: dag1.get_data scheduled__2022-10-28T18:40:00+00:00 [queued]>
[2022-12-04 04:40:48,390] {taskinstance.py:1238} INFO - 
--------------------------------------------------------------------------------
[2022-12-04 04:40:48,391] {taskinstance.py:1239} INFO - Starting attempt 1 of 2
[2022-12-04 04:40:48,391] {taskinstance.py:1240} INFO - 
--------------------------------------------------------------------------------
[2022-12-04 04:40:48,621] {taskinstance.py:1259} INFO - Executing <Task(PythonOperator): get_data> on 2022-10-28 18:40:00+00:00
[2022-12-04 04:40:48,627] {standard_task_runner.py:52} INFO - Started process 6095 to run task
[2022-12-04 04:40:48,634] {standard_task_runner.py:76} INFO - Running: ['***', 'tasks', 'run', 'dag1', 'get_data', 'scheduled__2022-10-28T18:40:00+00:00', '--job-id', '1613', '--raw', '--subdir', 'DAGS_FOLDER/AirflowClean2.py', '--cfg-path', '/tmp/tmpk0_9t6mu', '--error-file', '/tmp/tmp4d14w4ig']
[2022-12-04 04:40:48,663] {standard_task_runner.py:77} INFO - Job 1613: Subtask get_data
[2022-12-04 04:40:49,056] {logging_mixin.py:109} INFO - Running <TaskInstance: dag1.get_data scheduled__2022-10-28T18:40:00+00:00 [running]> on host 422c372562ce
[2022-12-04 04:40:51,998] {taskinstance.py:1426} INFO - Exporting the following env vars:
AIRFLOW_CTX_DAG_OWNER=Fadlil
AIRFLOW_CTX_DAG_ID=dag1
AIRFLOW_CTX_TASK_ID=get_data
AIRFLOW_CTX_EXECUTION_DATE=2022-10-28T18:40:00+00:00
AIRFLOW_CTX_DAG_RUN_ID=scheduled__2022-10-28T18:40:00+00:00
[2022-12-04 04:40:52,937] {python.py:175} INFO - Done. Returned value was: None
[2022-12-04 04:40:53,036] {taskinstance.py:1277} INFO - Marking task as SUCCESS. dag_id=dag1, task_id=get_data, execution_date=20221028T184000, start_date=20221204T044048, end_date=20221204T044053
[2022-12-04 04:40:53,210] {local_task_job.py:154} INFO - Task exited with return code 0
[2022-12-04 04:40:53,410] {local_task_job.py:264} INFO - 1 downstream tasks scheduled from follow-on schedule check
