[2022-12-04 17:09:36,884] {taskinstance.py:1032} INFO - Dependencies all met for <TaskInstance: dag1.save_to_csv scheduled__2022-11-09T23:10:00+00:00 [queued]>
[2022-12-04 17:09:37,036] {taskinstance.py:1032} INFO - Dependencies all met for <TaskInstance: dag1.save_to_csv scheduled__2022-11-09T23:10:00+00:00 [queued]>
[2022-12-04 17:09:37,042] {taskinstance.py:1238} INFO - 
--------------------------------------------------------------------------------
[2022-12-04 17:09:37,044] {taskinstance.py:1239} INFO - Starting attempt 1 of 2
[2022-12-04 17:09:37,048] {taskinstance.py:1240} INFO - 
--------------------------------------------------------------------------------
[2022-12-04 17:09:37,130] {taskinstance.py:1259} INFO - Executing <Task(PythonOperator): save_to_csv> on 2022-11-09 23:10:00+00:00
[2022-12-04 17:09:37,144] {standard_task_runner.py:52} INFO - Started process 16804 to run task
[2022-12-04 17:09:37,204] {standard_task_runner.py:76} INFO - Running: ['***', 'tasks', 'run', 'dag1', 'save_to_csv', 'scheduled__2022-11-09T23:10:00+00:00', '--job-id', '10216', '--raw', '--subdir', 'DAGS_FOLDER/AirflowClean2.py', '--cfg-path', '/tmp/tmp51aqpmib', '--error-file', '/tmp/tmpdaxfvxlz']
[2022-12-04 17:09:37,206] {standard_task_runner.py:77} INFO - Job 10216: Subtask save_to_csv
[2022-12-04 17:09:37,663] {logging_mixin.py:109} INFO - Running <TaskInstance: dag1.save_to_csv scheduled__2022-11-09T23:10:00+00:00 [running]> on host 7a020590adae
[2022-12-04 17:09:37,948] {taskinstance.py:1426} INFO - Exporting the following env vars:
AIRFLOW_CTX_DAG_OWNER=Fadlil
AIRFLOW_CTX_DAG_ID=dag1
AIRFLOW_CTX_TASK_ID=save_to_csv
AIRFLOW_CTX_EXECUTION_DATE=2022-11-09T23:10:00+00:00
AIRFLOW_CTX_DAG_RUN_ID=scheduled__2022-11-09T23:10:00+00:00
[2022-12-04 17:09:38,077] {python.py:175} INFO - Done. Returned value was: None
[2022-12-04 17:09:38,317] {taskinstance.py:1277} INFO - Marking task as SUCCESS. dag_id=dag1, task_id=save_to_csv, execution_date=20221109T231000, start_date=20221204T170936, end_date=20221204T170938
[2022-12-04 17:09:38,740] {local_task_job.py:154} INFO - Task exited with return code 0
[2022-12-04 17:09:38,898] {local_task_job.py:264} INFO - 1 downstream tasks scheduled from follow-on schedule check
