[2022-12-04 09:55:09,864] {taskinstance.py:1032} INFO - Dependencies all met for <TaskInstance: dag1.get_data scheduled__2022-10-30T20:20:00+00:00 [queued]>
[2022-12-04 09:55:10,002] {taskinstance.py:1032} INFO - Dependencies all met for <TaskInstance: dag1.get_data scheduled__2022-10-30T20:20:00+00:00 [queued]>
[2022-12-04 09:55:10,014] {taskinstance.py:1238} INFO - 
--------------------------------------------------------------------------------
[2022-12-04 09:55:10,028] {taskinstance.py:1239} INFO - Starting attempt 1 of 2
[2022-12-04 09:55:10,030] {taskinstance.py:1240} INFO - 
--------------------------------------------------------------------------------
[2022-12-04 09:55:10,101] {taskinstance.py:1259} INFO - Executing <Task(PythonOperator): get_data> on 2022-10-30 20:20:00+00:00
[2022-12-04 09:55:10,132] {standard_task_runner.py:52} INFO - Started process 2731 to run task
[2022-12-04 09:55:10,205] {standard_task_runner.py:76} INFO - Running: ['***', 'tasks', 'run', 'dag1', 'get_data', 'scheduled__2022-10-30T20:20:00+00:00', '--job-id', '2686', '--raw', '--subdir', 'DAGS_FOLDER/AirflowClean2.py', '--cfg-path', '/tmp/tmps8x74ycm', '--error-file', '/tmp/tmp_e0ogili']
[2022-12-04 09:55:10,214] {standard_task_runner.py:77} INFO - Job 2686: Subtask get_data
[2022-12-04 09:55:10,614] {logging_mixin.py:109} INFO - Running <TaskInstance: dag1.get_data scheduled__2022-10-30T20:20:00+00:00 [running]> on host 9e44869ff3ef
[2022-12-04 09:55:11,412] {taskinstance.py:1426} INFO - Exporting the following env vars:
AIRFLOW_CTX_DAG_OWNER=Fadlil
AIRFLOW_CTX_DAG_ID=dag1
AIRFLOW_CTX_TASK_ID=get_data
AIRFLOW_CTX_EXECUTION_DATE=2022-10-30T20:20:00+00:00
AIRFLOW_CTX_DAG_RUN_ID=scheduled__2022-10-30T20:20:00+00:00
[2022-12-04 09:55:12,235] {python.py:175} INFO - Done. Returned value was: None
[2022-12-04 09:55:12,305] {taskinstance.py:1277} INFO - Marking task as SUCCESS. dag_id=dag1, task_id=get_data, execution_date=20221030T202000, start_date=20221204T095509, end_date=20221204T095512
[2022-12-04 09:55:12,436] {local_task_job.py:154} INFO - Task exited with return code 0
[2022-12-04 09:55:12,654] {local_task_job.py:264} INFO - 1 downstream tasks scheduled from follow-on schedule check
