[2022-12-04 10:38:16,120] {taskinstance.py:1032} INFO - Dependencies all met for <TaskInstance: dag1.local_to_gcs_task scheduled__2022-11-01T07:10:00+00:00 [queued]>
[2022-12-04 10:38:16,143] {taskinstance.py:1032} INFO - Dependencies all met for <TaskInstance: dag1.local_to_gcs_task scheduled__2022-11-01T07:10:00+00:00 [queued]>
[2022-12-04 10:38:16,146] {taskinstance.py:1238} INFO - 
--------------------------------------------------------------------------------
[2022-12-04 10:38:16,149] {taskinstance.py:1239} INFO - Starting attempt 1 of 2
[2022-12-04 10:38:16,151] {taskinstance.py:1240} INFO - 
--------------------------------------------------------------------------------
[2022-12-04 10:38:16,181] {taskinstance.py:1259} INFO - Executing <Task(PythonOperator): local_to_gcs_task> on 2022-11-01 07:10:00+00:00
[2022-12-04 10:38:16,191] {standard_task_runner.py:52} INFO - Started process 6767 to run task
[2022-12-04 10:38:16,208] {standard_task_runner.py:76} INFO - Running: ['***', 'tasks', 'run', 'dag1', 'local_to_gcs_task', 'scheduled__2022-11-01T07:10:00+00:00', '--job-id', '3551', '--raw', '--subdir', 'DAGS_FOLDER/AirflowClean2.py', '--cfg-path', '/tmp/tmp2ax3gu0g', '--error-file', '/tmp/tmpwwnwbthr']
[2022-12-04 10:38:16,210] {standard_task_runner.py:77} INFO - Job 3551: Subtask local_to_gcs_task
[2022-12-04 10:38:16,324] {logging_mixin.py:109} INFO - Running <TaskInstance: dag1.local_to_gcs_task scheduled__2022-11-01T07:10:00+00:00 [running]> on host 9e44869ff3ef
[2022-12-04 10:38:16,425] {taskinstance.py:1426} INFO - Exporting the following env vars:
AIRFLOW_CTX_DAG_OWNER=Fadlil
AIRFLOW_CTX_DAG_ID=dag1
AIRFLOW_CTX_TASK_ID=local_to_gcs_task
AIRFLOW_CTX_EXECUTION_DATE=2022-11-01T07:10:00+00:00
AIRFLOW_CTX_DAG_RUN_ID=scheduled__2022-11-01T07:10:00+00:00
[2022-12-04 10:38:17,085] {python.py:175} INFO - Done. Returned value was: None
[2022-12-04 10:38:17,344] {taskinstance.py:1277} INFO - Marking task as SUCCESS. dag_id=dag1, task_id=local_to_gcs_task, execution_date=20221101T071000, start_date=20221204T103816, end_date=20221204T103817
[2022-12-04 10:38:17,390] {local_task_job.py:154} INFO - Task exited with return code 0
[2022-12-04 10:38:17,456] {local_task_job.py:264} INFO - 0 downstream tasks scheduled from follow-on schedule check
