[2022-12-04 04:04:02,737] {taskinstance.py:1032} INFO - Dependencies all met for <TaskInstance: dag1.save_to_csv scheduled__2022-10-28T01:00:00+00:00 [queued]>
[2022-12-04 04:04:02,871] {taskinstance.py:1032} INFO - Dependencies all met for <TaskInstance: dag1.save_to_csv scheduled__2022-10-28T01:00:00+00:00 [queued]>
[2022-12-04 04:04:02,893] {taskinstance.py:1238} INFO - 
--------------------------------------------------------------------------------
[2022-12-04 04:04:02,909] {taskinstance.py:1239} INFO - Starting attempt 1 of 2
[2022-12-04 04:04:02,909] {taskinstance.py:1240} INFO - 
--------------------------------------------------------------------------------
[2022-12-04 04:04:03,021] {taskinstance.py:1259} INFO - Executing <Task(PythonOperator): save_to_csv> on 2022-10-28 01:00:00+00:00
[2022-12-04 04:04:03,103] {standard_task_runner.py:52} INFO - Started process 3796 to run task
[2022-12-04 04:04:03,198] {standard_task_runner.py:76} INFO - Running: ['***', 'tasks', 'run', 'dag1', 'save_to_csv', 'scheduled__2022-10-28T01:00:00+00:00', '--job-id', '1198', '--raw', '--subdir', 'DAGS_FOLDER/AirflowClean2.py', '--cfg-path', '/tmp/tmp49f4tshh', '--error-file', '/tmp/tmpgnj540xi']
[2022-12-04 04:04:03,200] {standard_task_runner.py:77} INFO - Job 1198: Subtask save_to_csv
[2022-12-04 04:04:03,675] {logging_mixin.py:109} INFO - Running <TaskInstance: dag1.save_to_csv scheduled__2022-10-28T01:00:00+00:00 [running]> on host 422c372562ce
[2022-12-04 04:04:03,975] {taskinstance.py:1426} INFO - Exporting the following env vars:
AIRFLOW_CTX_DAG_OWNER=Fadlil
AIRFLOW_CTX_DAG_ID=dag1
AIRFLOW_CTX_TASK_ID=save_to_csv
AIRFLOW_CTX_EXECUTION_DATE=2022-10-28T01:00:00+00:00
AIRFLOW_CTX_DAG_RUN_ID=scheduled__2022-10-28T01:00:00+00:00
[2022-12-04 04:04:04,241] {python.py:175} INFO - Done. Returned value was: None
[2022-12-04 04:04:05,430] {taskinstance.py:1277} INFO - Marking task as SUCCESS. dag_id=dag1, task_id=save_to_csv, execution_date=20221028T010000, start_date=20221204T040402, end_date=20221204T040405
[2022-12-04 04:04:05,690] {local_task_job.py:154} INFO - Task exited with return code 0
[2022-12-04 04:04:06,076] {local_task_job.py:264} INFO - 1 downstream tasks scheduled from follow-on schedule check
