[2022-12-04 10:03:59,453] {taskinstance.py:1032} INFO - Dependencies all met for <TaskInstance: dag1.save_to_csv scheduled__2022-10-30T23:10:00+00:00 [queued]>
[2022-12-04 10:03:59,471] {taskinstance.py:1032} INFO - Dependencies all met for <TaskInstance: dag1.save_to_csv scheduled__2022-10-30T23:10:00+00:00 [queued]>
[2022-12-04 10:03:59,471] {taskinstance.py:1238} INFO - 
--------------------------------------------------------------------------------
[2022-12-04 10:03:59,472] {taskinstance.py:1239} INFO - Starting attempt 1 of 2
[2022-12-04 10:03:59,472] {taskinstance.py:1240} INFO - 
--------------------------------------------------------------------------------
[2022-12-04 10:03:59,496] {taskinstance.py:1259} INFO - Executing <Task(PythonOperator): save_to_csv> on 2022-10-30 23:10:00+00:00
[2022-12-04 10:03:59,504] {standard_task_runner.py:52} INFO - Started process 3616 to run task
[2022-12-04 10:03:59,508] {standard_task_runner.py:76} INFO - Running: ['***', 'tasks', 'run', 'dag1', 'save_to_csv', 'scheduled__2022-10-30T23:10:00+00:00', '--job-id', '2892', '--raw', '--subdir', 'DAGS_FOLDER/AirflowClean2.py', '--cfg-path', '/tmp/tmpr4ujdvt5', '--error-file', '/tmp/tmpt1ixnllv']
[2022-12-04 10:03:59,510] {standard_task_runner.py:77} INFO - Job 2892: Subtask save_to_csv
[2022-12-04 10:03:59,604] {logging_mixin.py:109} INFO - Running <TaskInstance: dag1.save_to_csv scheduled__2022-10-30T23:10:00+00:00 [running]> on host 9e44869ff3ef
[2022-12-04 10:03:59,700] {taskinstance.py:1426} INFO - Exporting the following env vars:
AIRFLOW_CTX_DAG_OWNER=Fadlil
AIRFLOW_CTX_DAG_ID=dag1
AIRFLOW_CTX_TASK_ID=save_to_csv
AIRFLOW_CTX_EXECUTION_DATE=2022-10-30T23:10:00+00:00
AIRFLOW_CTX_DAG_RUN_ID=scheduled__2022-10-30T23:10:00+00:00
[2022-12-04 10:03:59,739] {python.py:175} INFO - Done. Returned value was: None
[2022-12-04 10:03:59,755] {taskinstance.py:1277} INFO - Marking task as SUCCESS. dag_id=dag1, task_id=save_to_csv, execution_date=20221030T231000, start_date=20221204T100359, end_date=20221204T100359
[2022-12-04 10:03:59,802] {local_task_job.py:154} INFO - Task exited with return code 0
[2022-12-04 10:03:59,862] {local_task_job.py:264} INFO - 1 downstream tasks scheduled from follow-on schedule check
