[2022-12-04 10:32:03,785] {taskinstance.py:1032} INFO - Dependencies all met for <TaskInstance: dag1.get_data scheduled__2022-10-31T17:20:00+00:00 [queued]>
[2022-12-04 10:32:03,818] {taskinstance.py:1032} INFO - Dependencies all met for <TaskInstance: dag1.get_data scheduled__2022-10-31T17:20:00+00:00 [queued]>
[2022-12-04 10:32:03,819] {taskinstance.py:1238} INFO - 
--------------------------------------------------------------------------------
[2022-12-04 10:32:03,820] {taskinstance.py:1239} INFO - Starting attempt 1 of 2
[2022-12-04 10:32:03,821] {taskinstance.py:1240} INFO - 
--------------------------------------------------------------------------------
[2022-12-04 10:32:03,859] {taskinstance.py:1259} INFO - Executing <Task(PythonOperator): get_data> on 2022-10-31 17:20:00+00:00
[2022-12-04 10:32:03,876] {standard_task_runner.py:52} INFO - Started process 5549 to run task
[2022-12-04 10:32:03,887] {standard_task_runner.py:76} INFO - Running: ['***', 'tasks', 'run', 'dag1', 'get_data', 'scheduled__2022-10-31T17:20:00+00:00', '--job-id', '3203', '--raw', '--subdir', 'DAGS_FOLDER/AirflowClean2.py', '--cfg-path', '/tmp/tmp4_bvz437', '--error-file', '/tmp/tmpfec411c6']
[2022-12-04 10:32:03,944] {standard_task_runner.py:77} INFO - Job 3203: Subtask get_data
[2022-12-04 10:32:04,249] {logging_mixin.py:109} INFO - Running <TaskInstance: dag1.get_data scheduled__2022-10-31T17:20:00+00:00 [running]> on host 9e44869ff3ef
[2022-12-04 10:32:04,459] {taskinstance.py:1426} INFO - Exporting the following env vars:
AIRFLOW_CTX_DAG_OWNER=Fadlil
AIRFLOW_CTX_DAG_ID=dag1
AIRFLOW_CTX_TASK_ID=get_data
AIRFLOW_CTX_EXECUTION_DATE=2022-10-31T17:20:00+00:00
AIRFLOW_CTX_DAG_RUN_ID=scheduled__2022-10-31T17:20:00+00:00
[2022-12-04 10:32:05,130] {python.py:175} INFO - Done. Returned value was: None
[2022-12-04 10:32:05,147] {taskinstance.py:1277} INFO - Marking task as SUCCESS. dag_id=dag1, task_id=get_data, execution_date=20221031T172000, start_date=20221204T103203, end_date=20221204T103205
[2022-12-04 10:32:05,200] {local_task_job.py:154} INFO - Task exited with return code 0
[2022-12-04 10:32:05,270] {local_task_job.py:264} INFO - 1 downstream tasks scheduled from follow-on schedule check
