[2022-12-04 10:54:27,467] {taskinstance.py:1032} INFO - Dependencies all met for <TaskInstance: dag1.local_to_gcs_task scheduled__2022-11-02T23:00:00+00:00 [queued]>
[2022-12-04 10:54:27,554] {taskinstance.py:1032} INFO - Dependencies all met for <TaskInstance: dag1.local_to_gcs_task scheduled__2022-11-02T23:00:00+00:00 [queued]>
[2022-12-04 10:54:27,554] {taskinstance.py:1238} INFO - 
--------------------------------------------------------------------------------
[2022-12-04 10:54:27,555] {taskinstance.py:1239} INFO - Starting attempt 1 of 2
[2022-12-04 10:54:27,556] {taskinstance.py:1240} INFO - 
--------------------------------------------------------------------------------
[2022-12-04 10:54:27,682] {taskinstance.py:1259} INFO - Executing <Task(PythonOperator): local_to_gcs_task> on 2022-11-02 23:00:00+00:00
[2022-12-04 10:54:27,729] {standard_task_runner.py:52} INFO - Started process 10152 to run task
[2022-12-04 10:54:27,750] {standard_task_runner.py:76} INFO - Running: ['***', 'tasks', 'run', 'dag1', 'local_to_gcs_task', 'scheduled__2022-11-02T23:00:00+00:00', '--job-id', '4519', '--raw', '--subdir', 'DAGS_FOLDER/AirflowClean2.py', '--cfg-path', '/tmp/tmpc20_q6no', '--error-file', '/tmp/tmprjgsofob']
[2022-12-04 10:54:27,761] {standard_task_runner.py:77} INFO - Job 4519: Subtask local_to_gcs_task
[2022-12-04 10:54:27,976] {logging_mixin.py:109} INFO - Running <TaskInstance: dag1.local_to_gcs_task scheduled__2022-11-02T23:00:00+00:00 [running]> on host 9e44869ff3ef
[2022-12-04 10:54:28,445] {taskinstance.py:1426} INFO - Exporting the following env vars:
AIRFLOW_CTX_DAG_OWNER=Fadlil
AIRFLOW_CTX_DAG_ID=dag1
AIRFLOW_CTX_TASK_ID=local_to_gcs_task
AIRFLOW_CTX_EXECUTION_DATE=2022-11-02T23:00:00+00:00
AIRFLOW_CTX_DAG_RUN_ID=scheduled__2022-11-02T23:00:00+00:00
[2022-12-04 10:54:29,231] {python.py:175} INFO - Done. Returned value was: None
[2022-12-04 10:54:30,049] {taskinstance.py:1277} INFO - Marking task as SUCCESS. dag_id=dag1, task_id=local_to_gcs_task, execution_date=20221102T230000, start_date=20221204T105427, end_date=20221204T105430
[2022-12-04 10:54:30,307] {local_task_job.py:154} INFO - Task exited with return code 0
[2022-12-04 10:54:30,448] {local_task_job.py:264} INFO - 0 downstream tasks scheduled from follow-on schedule check
