[2022-12-04 11:02:26,214] {taskinstance.py:1032} INFO - Dependencies all met for <TaskInstance: dag1.get_data scheduled__2022-11-03T21:20:00+00:00 [queued]>
[2022-12-04 11:02:26,321] {taskinstance.py:1032} INFO - Dependencies all met for <TaskInstance: dag1.get_data scheduled__2022-11-03T21:20:00+00:00 [queued]>
[2022-12-04 11:02:26,323] {taskinstance.py:1238} INFO - 
--------------------------------------------------------------------------------
[2022-12-04 11:02:26,324] {taskinstance.py:1239} INFO - Starting attempt 1 of 2
[2022-12-04 11:02:26,324] {taskinstance.py:1240} INFO - 
--------------------------------------------------------------------------------
[2022-12-04 11:02:26,406] {taskinstance.py:1259} INFO - Executing <Task(PythonOperator): get_data> on 2022-11-03 21:20:00+00:00
[2022-12-04 11:02:26,413] {standard_task_runner.py:52} INFO - Started process 11903 to run task
[2022-12-04 11:02:26,461] {standard_task_runner.py:76} INFO - Running: ['***', 'tasks', 'run', 'dag1', 'get_data', 'scheduled__2022-11-03T21:20:00+00:00', '--job-id', '5029', '--raw', '--subdir', 'DAGS_FOLDER/AirflowClean2.py', '--cfg-path', '/tmp/tmp7im3xyc1', '--error-file', '/tmp/tmpdyprv6t1']
[2022-12-04 11:02:26,469] {standard_task_runner.py:77} INFO - Job 5029: Subtask get_data
[2022-12-04 11:02:27,392] {logging_mixin.py:109} INFO - Running <TaskInstance: dag1.get_data scheduled__2022-11-03T21:20:00+00:00 [running]> on host 9e44869ff3ef
[2022-12-04 11:02:27,592] {taskinstance.py:1426} INFO - Exporting the following env vars:
AIRFLOW_CTX_DAG_OWNER=Fadlil
AIRFLOW_CTX_DAG_ID=dag1
AIRFLOW_CTX_TASK_ID=get_data
AIRFLOW_CTX_EXECUTION_DATE=2022-11-03T21:20:00+00:00
AIRFLOW_CTX_DAG_RUN_ID=scheduled__2022-11-03T21:20:00+00:00
[2022-12-04 11:02:28,414] {python.py:175} INFO - Done. Returned value was: None
[2022-12-04 11:02:28,466] {taskinstance.py:1277} INFO - Marking task as SUCCESS. dag_id=dag1, task_id=get_data, execution_date=20221103T212000, start_date=20221204T110226, end_date=20221204T110228
[2022-12-04 11:02:28,623] {local_task_job.py:154} INFO - Task exited with return code 0
[2022-12-04 11:02:29,159] {local_task_job.py:264} INFO - 1 downstream tasks scheduled from follow-on schedule check
