[2022-12-04 11:07:37,320] {taskinstance.py:1032} INFO - Dependencies all met for <TaskInstance: dag1.save_to_csv scheduled__2022-11-04T09:40:00+00:00 [queued]>
[2022-12-04 11:07:37,454] {taskinstance.py:1032} INFO - Dependencies all met for <TaskInstance: dag1.save_to_csv scheduled__2022-11-04T09:40:00+00:00 [queued]>
[2022-12-04 11:07:37,457] {taskinstance.py:1238} INFO - 
--------------------------------------------------------------------------------
[2022-12-04 11:07:37,458] {taskinstance.py:1239} INFO - Starting attempt 1 of 2
[2022-12-04 11:07:37,460] {taskinstance.py:1240} INFO - 
--------------------------------------------------------------------------------
[2022-12-04 11:07:37,577] {taskinstance.py:1259} INFO - Executing <Task(PythonOperator): save_to_csv> on 2022-11-04 09:40:00+00:00
[2022-12-04 11:07:37,591] {standard_task_runner.py:52} INFO - Started process 12991 to run task
[2022-12-04 11:07:37,639] {standard_task_runner.py:76} INFO - Running: ['***', 'tasks', 'run', 'dag1', 'save_to_csv', 'scheduled__2022-11-04T09:40:00+00:00', '--job-id', '5343', '--raw', '--subdir', 'DAGS_FOLDER/AirflowClean2.py', '--cfg-path', '/tmp/tmpmitwi1ai', '--error-file', '/tmp/tmpdoyg3h08']
[2022-12-04 11:07:37,655] {standard_task_runner.py:77} INFO - Job 5343: Subtask save_to_csv
[2022-12-04 11:07:38,023] {logging_mixin.py:109} INFO - Running <TaskInstance: dag1.save_to_csv scheduled__2022-11-04T09:40:00+00:00 [running]> on host 9e44869ff3ef
[2022-12-04 11:07:38,466] {taskinstance.py:1426} INFO - Exporting the following env vars:
AIRFLOW_CTX_DAG_OWNER=Fadlil
AIRFLOW_CTX_DAG_ID=dag1
AIRFLOW_CTX_TASK_ID=save_to_csv
AIRFLOW_CTX_EXECUTION_DATE=2022-11-04T09:40:00+00:00
AIRFLOW_CTX_DAG_RUN_ID=scheduled__2022-11-04T09:40:00+00:00
[2022-12-04 11:07:38,588] {python.py:175} INFO - Done. Returned value was: None
[2022-12-04 11:07:38,795] {taskinstance.py:1277} INFO - Marking task as SUCCESS. dag_id=dag1, task_id=save_to_csv, execution_date=20221104T094000, start_date=20221204T110737, end_date=20221204T110738
[2022-12-04 11:07:38,974] {local_task_job.py:154} INFO - Task exited with return code 0
[2022-12-04 11:07:39,251] {local_task_job.py:264} INFO - 1 downstream tasks scheduled from follow-on schedule check
