[2022-12-04 09:28:37,667] {taskinstance.py:1032} INFO - Dependencies all met for <TaskInstance: dag1.save_to_parquet scheduled__2022-10-30T03:30:00+00:00 [queued]>
[2022-12-04 09:28:37,746] {taskinstance.py:1032} INFO - Dependencies all met for <TaskInstance: dag1.save_to_parquet scheduled__2022-10-30T03:30:00+00:00 [queued]>
[2022-12-04 09:28:37,763] {taskinstance.py:1238} INFO - 
--------------------------------------------------------------------------------
[2022-12-04 09:28:37,765] {taskinstance.py:1239} INFO - Starting attempt 1 of 2
[2022-12-04 09:28:37,766] {taskinstance.py:1240} INFO - 
--------------------------------------------------------------------------------
[2022-12-04 09:28:37,932] {taskinstance.py:1259} INFO - Executing <Task(PythonOperator): save_to_parquet> on 2022-10-30 03:30:00+00:00
[2022-12-04 09:28:37,954] {standard_task_runner.py:52} INFO - Started process 891 to run task
[2022-12-04 09:28:38,025] {standard_task_runner.py:76} INFO - Running: ['***', 'tasks', 'run', 'dag1', 'save_to_parquet', 'scheduled__2022-10-30T03:30:00+00:00', '--job-id', '2396', '--raw', '--subdir', 'DAGS_FOLDER/AirflowClean2.py', '--cfg-path', '/tmp/tmpcyy5m7bm', '--error-file', '/tmp/tmp1v05qgzk']
[2022-12-04 09:28:38,033] {standard_task_runner.py:77} INFO - Job 2396: Subtask save_to_parquet
[2022-12-04 09:28:38,504] {logging_mixin.py:109} INFO - Running <TaskInstance: dag1.save_to_parquet scheduled__2022-10-30T03:30:00+00:00 [running]> on host 9e44869ff3ef
[2022-12-04 09:28:38,749] {taskinstance.py:1426} INFO - Exporting the following env vars:
AIRFLOW_CTX_DAG_OWNER=Fadlil
AIRFLOW_CTX_DAG_ID=dag1
AIRFLOW_CTX_TASK_ID=save_to_parquet
AIRFLOW_CTX_EXECUTION_DATE=2022-10-30T03:30:00+00:00
AIRFLOW_CTX_DAG_RUN_ID=scheduled__2022-10-30T03:30:00+00:00
[2022-12-04 09:28:38,887] {python.py:175} INFO - Done. Returned value was: None
[2022-12-04 09:28:39,204] {taskinstance.py:1277} INFO - Marking task as SUCCESS. dag_id=dag1, task_id=save_to_parquet, execution_date=20221030T033000, start_date=20221204T092837, end_date=20221204T092839
[2022-12-04 09:28:39,438] {local_task_job.py:154} INFO - Task exited with return code 0
[2022-12-04 09:28:39,580] {local_task_job.py:264} INFO - 0 downstream tasks scheduled from follow-on schedule check
