[2022-12-04 11:04:11,507] {taskinstance.py:1032} INFO - Dependencies all met for <TaskInstance: dag1.save_to_parquet scheduled__2022-11-04T00:50:00+00:00 [queued]>
[2022-12-04 11:04:11,601] {taskinstance.py:1032} INFO - Dependencies all met for <TaskInstance: dag1.save_to_parquet scheduled__2022-11-04T00:50:00+00:00 [queued]>
[2022-12-04 11:04:11,603] {taskinstance.py:1238} INFO - 
--------------------------------------------------------------------------------
[2022-12-04 11:04:11,604] {taskinstance.py:1239} INFO - Starting attempt 1 of 2
[2022-12-04 11:04:11,610] {taskinstance.py:1240} INFO - 
--------------------------------------------------------------------------------
[2022-12-04 11:04:11,731] {taskinstance.py:1259} INFO - Executing <Task(PythonOperator): save_to_parquet> on 2022-11-04 00:50:00+00:00
[2022-12-04 11:04:11,805] {standard_task_runner.py:52} INFO - Started process 12255 to run task
[2022-12-04 11:04:11,823] {standard_task_runner.py:76} INFO - Running: ['***', 'tasks', 'run', 'dag1', 'save_to_parquet', 'scheduled__2022-11-04T00:50:00+00:00', '--job-id', '5132', '--raw', '--subdir', 'DAGS_FOLDER/AirflowClean2.py', '--cfg-path', '/tmp/tmpfg0ju5gl', '--error-file', '/tmp/tmpq59re6uf']
[2022-12-04 11:04:11,838] {standard_task_runner.py:77} INFO - Job 5132: Subtask save_to_parquet
[2022-12-04 11:04:12,443] {logging_mixin.py:109} INFO - Running <TaskInstance: dag1.save_to_parquet scheduled__2022-11-04T00:50:00+00:00 [running]> on host 9e44869ff3ef
[2022-12-04 11:04:12,936] {taskinstance.py:1426} INFO - Exporting the following env vars:
AIRFLOW_CTX_DAG_OWNER=Fadlil
AIRFLOW_CTX_DAG_ID=dag1
AIRFLOW_CTX_TASK_ID=save_to_parquet
AIRFLOW_CTX_EXECUTION_DATE=2022-11-04T00:50:00+00:00
AIRFLOW_CTX_DAG_RUN_ID=scheduled__2022-11-04T00:50:00+00:00
[2022-12-04 11:04:13,712] {python.py:175} INFO - Done. Returned value was: None
[2022-12-04 11:04:14,052] {taskinstance.py:1277} INFO - Marking task as SUCCESS. dag_id=dag1, task_id=save_to_parquet, execution_date=20221104T005000, start_date=20221204T110411, end_date=20221204T110414
[2022-12-04 11:04:14,202] {local_task_job.py:154} INFO - Task exited with return code 0
[2022-12-04 11:04:14,428] {local_task_job.py:264} INFO - 1 downstream tasks scheduled from follow-on schedule check
