[2022-12-04 10:43:07,312] {taskinstance.py:1032} INFO - Dependencies all met for <TaskInstance: dag1.get_data scheduled__2022-11-01T19:20:00+00:00 [queued]>
[2022-12-04 10:43:07,404] {taskinstance.py:1032} INFO - Dependencies all met for <TaskInstance: dag1.get_data scheduled__2022-11-01T19:20:00+00:00 [queued]>
[2022-12-04 10:43:07,406] {taskinstance.py:1238} INFO - 
--------------------------------------------------------------------------------
[2022-12-04 10:43:07,407] {taskinstance.py:1239} INFO - Starting attempt 1 of 2
[2022-12-04 10:43:07,408] {taskinstance.py:1240} INFO - 
--------------------------------------------------------------------------------
[2022-12-04 10:43:07,451] {taskinstance.py:1259} INFO - Executing <Task(PythonOperator): get_data> on 2022-11-01 19:20:00+00:00
[2022-12-04 10:43:07,476] {standard_task_runner.py:52} INFO - Started process 7723 to run task
[2022-12-04 10:43:07,496] {standard_task_runner.py:76} INFO - Running: ['***', 'tasks', 'run', 'dag1', 'get_data', 'scheduled__2022-11-01T19:20:00+00:00', '--job-id', '3820', '--raw', '--subdir', 'DAGS_FOLDER/AirflowClean2.py', '--cfg-path', '/tmp/tmph8mb54a0', '--error-file', '/tmp/tmpcys3ejf7']
[2022-12-04 10:43:07,500] {standard_task_runner.py:77} INFO - Job 3820: Subtask get_data
[2022-12-04 10:43:07,822] {logging_mixin.py:109} INFO - Running <TaskInstance: dag1.get_data scheduled__2022-11-01T19:20:00+00:00 [running]> on host 9e44869ff3ef
[2022-12-04 10:43:08,148] {taskinstance.py:1426} INFO - Exporting the following env vars:
AIRFLOW_CTX_DAG_OWNER=Fadlil
AIRFLOW_CTX_DAG_ID=dag1
AIRFLOW_CTX_TASK_ID=get_data
AIRFLOW_CTX_EXECUTION_DATE=2022-11-01T19:20:00+00:00
AIRFLOW_CTX_DAG_RUN_ID=scheduled__2022-11-01T19:20:00+00:00
[2022-12-04 10:43:09,529] {python.py:175} INFO - Done. Returned value was: None
[2022-12-04 10:43:09,742] {taskinstance.py:1277} INFO - Marking task as SUCCESS. dag_id=dag1, task_id=get_data, execution_date=20221101T192000, start_date=20221204T104307, end_date=20221204T104309
[2022-12-04 10:43:09,839] {local_task_job.py:154} INFO - Task exited with return code 0
[2022-12-04 10:43:10,006] {local_task_job.py:264} INFO - 1 downstream tasks scheduled from follow-on schedule check
