[2022-12-04 13:05:37,866] {taskinstance.py:1032} INFO - Dependencies all met for <TaskInstance: dag1.bigquery_external_table_task scheduled__2022-11-06T17:00:00+00:00 [queued]>
[2022-12-04 13:05:37,881] {taskinstance.py:1032} INFO - Dependencies all met for <TaskInstance: dag1.bigquery_external_table_task scheduled__2022-11-06T17:00:00+00:00 [queued]>
[2022-12-04 13:05:37,882] {taskinstance.py:1238} INFO - 
--------------------------------------------------------------------------------
[2022-12-04 13:05:37,883] {taskinstance.py:1239} INFO - Starting attempt 1 of 2
[2022-12-04 13:05:37,883] {taskinstance.py:1240} INFO - 
--------------------------------------------------------------------------------
[2022-12-04 13:05:37,898] {taskinstance.py:1259} INFO - Executing <Task(BigQueryCreateExternalTableOperator): bigquery_external_table_task> on 2022-11-06 17:00:00+00:00
[2022-12-04 13:05:37,904] {standard_task_runner.py:52} INFO - Started process 2508 to run task
[2022-12-04 13:05:37,908] {standard_task_runner.py:76} INFO - Running: ['***', 'tasks', 'run', 'dag1', 'bigquery_external_table_task', 'scheduled__2022-11-06T17:00:00+00:00', '--job-id', '7233', '--raw', '--subdir', 'DAGS_FOLDER/AirflowClean2.py', '--cfg-path', '/tmp/tmpraoopare', '--error-file', '/tmp/tmpy_6_9exe']
[2022-12-04 13:05:37,909] {standard_task_runner.py:77} INFO - Job 7233: Subtask bigquery_external_table_task
[2022-12-04 13:05:37,982] {logging_mixin.py:109} INFO - Running <TaskInstance: dag1.bigquery_external_table_task scheduled__2022-11-06T17:00:00+00:00 [running]> on host 7a020590adae
[2022-12-04 13:05:38,054] {taskinstance.py:1426} INFO - Exporting the following env vars:
AIRFLOW_CTX_DAG_OWNER=Fadlil
AIRFLOW_CTX_DAG_ID=dag1
AIRFLOW_CTX_TASK_ID=bigquery_external_table_task
AIRFLOW_CTX_EXECUTION_DATE=2022-11-06T17:00:00+00:00
AIRFLOW_CTX_DAG_RUN_ID=scheduled__2022-11-06T17:00:00+00:00
[2022-12-04 13:05:38,056] {crypto.py:82} WARNING - empty cryptography key - values will not be stored encrypted.
[2022-12-04 13:05:39,314] {taskinstance.py:1277} INFO - Marking task as SUCCESS. dag_id=dag1, task_id=bigquery_external_table_task, execution_date=20221106T170000, start_date=20221204T130537, end_date=20221204T130539
[2022-12-04 13:05:39,369] {local_task_job.py:154} INFO - Task exited with return code 0
[2022-12-04 13:05:39,413] {local_task_job.py:264} INFO - 1 downstream tasks scheduled from follow-on schedule check
