[2022-12-04 11:56:10,973] {taskinstance.py:1032} INFO - Dependencies all met for <TaskInstance: dag1.save_to_csv scheduled__2022-11-05T11:20:00+00:00 [queued]>
[2022-12-04 11:56:11,012] {taskinstance.py:1032} INFO - Dependencies all met for <TaskInstance: dag1.save_to_csv scheduled__2022-11-05T11:20:00+00:00 [queued]>
[2022-12-04 11:56:11,016] {taskinstance.py:1238} INFO - 
--------------------------------------------------------------------------------
[2022-12-04 11:56:11,020] {taskinstance.py:1239} INFO - Starting attempt 1 of 2
[2022-12-04 11:56:11,029] {taskinstance.py:1240} INFO - 
--------------------------------------------------------------------------------
[2022-12-04 11:56:11,092] {taskinstance.py:1259} INFO - Executing <Task(PythonOperator): save_to_csv> on 2022-11-05 11:20:00+00:00
[2022-12-04 11:56:11,116] {standard_task_runner.py:52} INFO - Started process 16074 to run task
[2022-12-04 11:56:11,132] {standard_task_runner.py:76} INFO - Running: ['***', 'tasks', 'run', 'dag1', 'save_to_csv', 'scheduled__2022-11-05T11:20:00+00:00', '--job-id', '6074', '--raw', '--subdir', 'DAGS_FOLDER/AirflowClean2.py', '--cfg-path', '/tmp/tmphdijracc', '--error-file', '/tmp/tmpw0v0qmmm']
[2022-12-04 11:56:11,138] {standard_task_runner.py:77} INFO - Job 6074: Subtask save_to_csv
[2022-12-04 11:56:11,500] {logging_mixin.py:109} INFO - Running <TaskInstance: dag1.save_to_csv scheduled__2022-11-05T11:20:00+00:00 [running]> on host 9e44869ff3ef
[2022-12-04 11:56:11,834] {taskinstance.py:1426} INFO - Exporting the following env vars:
AIRFLOW_CTX_DAG_OWNER=Fadlil
AIRFLOW_CTX_DAG_ID=dag1
AIRFLOW_CTX_TASK_ID=save_to_csv
AIRFLOW_CTX_EXECUTION_DATE=2022-11-05T11:20:00+00:00
AIRFLOW_CTX_DAG_RUN_ID=scheduled__2022-11-05T11:20:00+00:00
[2022-12-04 11:56:12,024] {python.py:175} INFO - Done. Returned value was: None
[2022-12-04 11:56:13,089] {taskinstance.py:1277} INFO - Marking task as SUCCESS. dag_id=dag1, task_id=save_to_csv, execution_date=20221105T112000, start_date=20221204T115610, end_date=20221204T115613
[2022-12-04 11:56:13,235] {local_task_job.py:154} INFO - Task exited with return code 0
[2022-12-04 11:56:13,548] {local_task_job.py:264} INFO - 1 downstream tasks scheduled from follow-on schedule check
