[2022-12-04 11:30:18,914] {taskinstance.py:1032} INFO - Dependencies all met for <TaskInstance: dag1.save_to_csv scheduled__2022-11-04T12:50:00+00:00 [queued]>
[2022-12-04 11:30:19,083] {taskinstance.py:1032} INFO - Dependencies all met for <TaskInstance: dag1.save_to_csv scheduled__2022-11-04T12:50:00+00:00 [queued]>
[2022-12-04 11:30:19,112] {taskinstance.py:1238} INFO - 
--------------------------------------------------------------------------------
[2022-12-04 11:30:19,113] {taskinstance.py:1239} INFO - Starting attempt 1 of 2
[2022-12-04 11:30:19,113] {taskinstance.py:1240} INFO - 
--------------------------------------------------------------------------------
[2022-12-04 11:30:19,409] {taskinstance.py:1259} INFO - Executing <Task(PythonOperator): save_to_csv> on 2022-11-04 12:50:00+00:00
[2022-12-04 11:30:19,425] {standard_task_runner.py:52} INFO - Started process 13206 to run task
[2022-12-04 11:30:19,474] {standard_task_runner.py:76} INFO - Running: ['***', 'tasks', 'run', 'dag1', 'save_to_csv', 'scheduled__2022-11-04T12:50:00+00:00', '--job-id', '5402', '--raw', '--subdir', 'DAGS_FOLDER/AirflowClean2.py', '--cfg-path', '/tmp/tmp5wkygcdx', '--error-file', '/tmp/tmp46d_g9ye']
[2022-12-04 11:30:19,486] {standard_task_runner.py:77} INFO - Job 5402: Subtask save_to_csv
[2022-12-04 11:30:20,408] {logging_mixin.py:109} INFO - Running <TaskInstance: dag1.save_to_csv scheduled__2022-11-04T12:50:00+00:00 [running]> on host 9e44869ff3ef
[2022-12-04 11:30:21,295] {taskinstance.py:1426} INFO - Exporting the following env vars:
AIRFLOW_CTX_DAG_OWNER=Fadlil
AIRFLOW_CTX_DAG_ID=dag1
AIRFLOW_CTX_TASK_ID=save_to_csv
AIRFLOW_CTX_EXECUTION_DATE=2022-11-04T12:50:00+00:00
AIRFLOW_CTX_DAG_RUN_ID=scheduled__2022-11-04T12:50:00+00:00
[2022-12-04 11:30:23,581] {python.py:175} INFO - Done. Returned value was: None
[2022-12-04 11:30:23,773] {taskinstance.py:1277} INFO - Marking task as SUCCESS. dag_id=dag1, task_id=save_to_csv, execution_date=20221104T125000, start_date=20221204T113018, end_date=20221204T113023
[2022-12-04 11:30:24,361] {local_task_job.py:154} INFO - Task exited with return code 0
[2022-12-04 11:30:24,861] {local_task_job.py:264} INFO - 1 downstream tasks scheduled from follow-on schedule check
