[2022-12-04 14:33:12,365] {taskinstance.py:1032} INFO - Dependencies all met for <TaskInstance: dag1.local_to_gcs_task scheduled__2022-11-08T12:40:00+00:00 [queued]>
[2022-12-04 14:33:12,396] {taskinstance.py:1032} INFO - Dependencies all met for <TaskInstance: dag1.local_to_gcs_task scheduled__2022-11-08T12:40:00+00:00 [queued]>
[2022-12-04 14:33:12,397] {taskinstance.py:1238} INFO - 
--------------------------------------------------------------------------------
[2022-12-04 14:33:12,397] {taskinstance.py:1239} INFO - Starting attempt 1 of 2
[2022-12-04 14:33:12,398] {taskinstance.py:1240} INFO - 
--------------------------------------------------------------------------------
[2022-12-04 14:33:12,439] {taskinstance.py:1259} INFO - Executing <Task(PythonOperator): local_to_gcs_task> on 2022-11-08 12:40:00+00:00
[2022-12-04 14:33:12,451] {standard_task_runner.py:52} INFO - Started process 10467 to run task
[2022-12-04 14:33:12,465] {standard_task_runner.py:76} INFO - Running: ['***', 'tasks', 'run', 'dag1', 'local_to_gcs_task', 'scheduled__2022-11-08T12:40:00+00:00', '--job-id', '8908', '--raw', '--subdir', 'DAGS_FOLDER/AirflowClean2.py', '--cfg-path', '/tmp/tmpd_c9a6fe', '--error-file', '/tmp/tmp372zsx1c']
[2022-12-04 14:33:12,467] {standard_task_runner.py:77} INFO - Job 8908: Subtask local_to_gcs_task
[2022-12-04 14:33:12,727] {logging_mixin.py:109} INFO - Running <TaskInstance: dag1.local_to_gcs_task scheduled__2022-11-08T12:40:00+00:00 [running]> on host 7a020590adae
[2022-12-04 14:33:12,891] {taskinstance.py:1426} INFO - Exporting the following env vars:
AIRFLOW_CTX_DAG_OWNER=Fadlil
AIRFLOW_CTX_DAG_ID=dag1
AIRFLOW_CTX_TASK_ID=local_to_gcs_task
AIRFLOW_CTX_EXECUTION_DATE=2022-11-08T12:40:00+00:00
AIRFLOW_CTX_DAG_RUN_ID=scheduled__2022-11-08T12:40:00+00:00
[2022-12-04 14:33:13,956] {python.py:175} INFO - Done. Returned value was: None
[2022-12-04 14:33:14,314] {taskinstance.py:1277} INFO - Marking task as SUCCESS. dag_id=dag1, task_id=local_to_gcs_task, execution_date=20221108T124000, start_date=20221204T143312, end_date=20221204T143314
[2022-12-04 14:33:14,374] {local_task_job.py:154} INFO - Task exited with return code 0
[2022-12-04 14:33:14,457] {local_task_job.py:264} INFO - 1 downstream tasks scheduled from follow-on schedule check
