[2022-12-04 10:38:20,119] {taskinstance.py:1032} INFO - Dependencies all met for <TaskInstance: dag1.local_to_gcs_task scheduled__2022-11-01T07:30:00+00:00 [queued]>
[2022-12-04 10:38:20,132] {taskinstance.py:1032} INFO - Dependencies all met for <TaskInstance: dag1.local_to_gcs_task scheduled__2022-11-01T07:30:00+00:00 [queued]>
[2022-12-04 10:38:20,133] {taskinstance.py:1238} INFO - 
--------------------------------------------------------------------------------
[2022-12-04 10:38:20,133] {taskinstance.py:1239} INFO - Starting attempt 1 of 2
[2022-12-04 10:38:20,134] {taskinstance.py:1240} INFO - 
--------------------------------------------------------------------------------
[2022-12-04 10:38:20,151] {taskinstance.py:1259} INFO - Executing <Task(PythonOperator): local_to_gcs_task> on 2022-11-01 07:30:00+00:00
[2022-12-04 10:38:20,158] {standard_task_runner.py:52} INFO - Started process 6774 to run task
[2022-12-04 10:38:20,163] {standard_task_runner.py:76} INFO - Running: ['***', 'tasks', 'run', 'dag1', 'local_to_gcs_task', 'scheduled__2022-11-01T07:30:00+00:00', '--job-id', '3554', '--raw', '--subdir', 'DAGS_FOLDER/AirflowClean2.py', '--cfg-path', '/tmp/tmplsrvsvfb', '--error-file', '/tmp/tmpzb21kbv4']
[2022-12-04 10:38:20,164] {standard_task_runner.py:77} INFO - Job 3554: Subtask local_to_gcs_task
[2022-12-04 10:38:20,239] {logging_mixin.py:109} INFO - Running <TaskInstance: dag1.local_to_gcs_task scheduled__2022-11-01T07:30:00+00:00 [running]> on host 9e44869ff3ef
[2022-12-04 10:38:20,313] {taskinstance.py:1426} INFO - Exporting the following env vars:
AIRFLOW_CTX_DAG_OWNER=Fadlil
AIRFLOW_CTX_DAG_ID=dag1
AIRFLOW_CTX_TASK_ID=local_to_gcs_task
AIRFLOW_CTX_EXECUTION_DATE=2022-11-01T07:30:00+00:00
AIRFLOW_CTX_DAG_RUN_ID=scheduled__2022-11-01T07:30:00+00:00
[2022-12-04 10:38:20,987] {python.py:175} INFO - Done. Returned value was: None
[2022-12-04 10:38:21,028] {taskinstance.py:1277} INFO - Marking task as SUCCESS. dag_id=dag1, task_id=local_to_gcs_task, execution_date=20221101T073000, start_date=20221204T103820, end_date=20221204T103821
[2022-12-04 10:38:21,145] {local_task_job.py:154} INFO - Task exited with return code 0
[2022-12-04 10:38:21,258] {local_task_job.py:264} INFO - 0 downstream tasks scheduled from follow-on schedule check
