[2022-12-04 11:41:08,145] {taskinstance.py:1032} INFO - Dependencies all met for <TaskInstance: dag1.bigquery_external_table_task scheduled__2022-11-04T16:20:00+00:00 [queued]>
[2022-12-04 11:41:08,207] {taskinstance.py:1032} INFO - Dependencies all met for <TaskInstance: dag1.bigquery_external_table_task scheduled__2022-11-04T16:20:00+00:00 [queued]>
[2022-12-04 11:41:08,209] {taskinstance.py:1238} INFO - 
--------------------------------------------------------------------------------
[2022-12-04 11:41:08,209] {taskinstance.py:1239} INFO - Starting attempt 1 of 2
[2022-12-04 11:41:08,211] {taskinstance.py:1240} INFO - 
--------------------------------------------------------------------------------
[2022-12-04 11:41:08,261] {taskinstance.py:1259} INFO - Executing <Task(BigQueryCreateExternalTableOperator): bigquery_external_table_task> on 2022-11-04 16:20:00+00:00
[2022-12-04 11:41:08,270] {standard_task_runner.py:52} INFO - Started process 13955 to run task
[2022-12-04 11:41:08,277] {standard_task_runner.py:76} INFO - Running: ['***', 'tasks', 'run', 'dag1', 'bigquery_external_table_task', 'scheduled__2022-11-04T16:20:00+00:00', '--job-id', '5529', '--raw', '--subdir', 'DAGS_FOLDER/AirflowClean2.py', '--cfg-path', '/tmp/tmpaa1op4mr', '--error-file', '/tmp/tmpab3snczx']
[2022-12-04 11:41:08,285] {standard_task_runner.py:77} INFO - Job 5529: Subtask bigquery_external_table_task
[2022-12-04 11:41:08,559] {logging_mixin.py:109} INFO - Running <TaskInstance: dag1.bigquery_external_table_task scheduled__2022-11-04T16:20:00+00:00 [running]> on host 9e44869ff3ef
[2022-12-04 11:41:08,779] {taskinstance.py:1426} INFO - Exporting the following env vars:
AIRFLOW_CTX_DAG_OWNER=Fadlil
AIRFLOW_CTX_DAG_ID=dag1
AIRFLOW_CTX_TASK_ID=bigquery_external_table_task
AIRFLOW_CTX_EXECUTION_DATE=2022-11-04T16:20:00+00:00
AIRFLOW_CTX_DAG_RUN_ID=scheduled__2022-11-04T16:20:00+00:00
[2022-12-04 11:41:08,782] {crypto.py:82} WARNING - empty cryptography key - values will not be stored encrypted.
[2022-12-04 11:41:10,394] {taskinstance.py:1277} INFO - Marking task as SUCCESS. dag_id=dag1, task_id=bigquery_external_table_task, execution_date=20221104T162000, start_date=20221204T114108, end_date=20221204T114110
[2022-12-04 11:41:10,466] {local_task_job.py:154} INFO - Task exited with return code 0
[2022-12-04 11:41:10,602] {local_task_job.py:264} INFO - 0 downstream tasks scheduled from follow-on schedule check
