[2022-12-04 05:04:53,476] {taskinstance.py:1032} INFO - Dependencies all met for <TaskInstance: dag1.get_data scheduled__2022-10-29T04:20:00+00:00 [queued]>
[2022-12-04 05:04:53,500] {taskinstance.py:1032} INFO - Dependencies all met for <TaskInstance: dag1.get_data scheduled__2022-10-29T04:20:00+00:00 [queued]>
[2022-12-04 05:04:53,501] {taskinstance.py:1238} INFO - 
--------------------------------------------------------------------------------
[2022-12-04 05:04:53,502] {taskinstance.py:1239} INFO - Starting attempt 1 of 2
[2022-12-04 05:04:53,503] {taskinstance.py:1240} INFO - 
--------------------------------------------------------------------------------
[2022-12-04 05:04:53,549] {taskinstance.py:1259} INFO - Executing <Task(PythonOperator): get_data> on 2022-10-29 04:20:00+00:00
[2022-12-04 05:04:53,555] {standard_task_runner.py:52} INFO - Started process 7508 to run task
[2022-12-04 05:04:53,561] {standard_task_runner.py:76} INFO - Running: ['***', 'tasks', 'run', 'dag1', 'get_data', 'scheduled__2022-10-29T04:20:00+00:00', '--job-id', '1859', '--raw', '--subdir', 'DAGS_FOLDER/AirflowClean2.py', '--cfg-path', '/tmp/tmp90i_iiv1', '--error-file', '/tmp/tmp9vidvyuy']
[2022-12-04 05:04:53,563] {standard_task_runner.py:77} INFO - Job 1859: Subtask get_data
[2022-12-04 05:04:53,701] {logging_mixin.py:109} INFO - Running <TaskInstance: dag1.get_data scheduled__2022-10-29T04:20:00+00:00 [running]> on host 422c372562ce
[2022-12-04 05:04:54,003] {taskinstance.py:1426} INFO - Exporting the following env vars:
AIRFLOW_CTX_DAG_OWNER=Fadlil
AIRFLOW_CTX_DAG_ID=dag1
AIRFLOW_CTX_TASK_ID=get_data
AIRFLOW_CTX_EXECUTION_DATE=2022-10-29T04:20:00+00:00
AIRFLOW_CTX_DAG_RUN_ID=scheduled__2022-10-29T04:20:00+00:00
[2022-12-04 05:04:55,341] {python.py:175} INFO - Done. Returned value was: None
[2022-12-04 05:04:55,371] {taskinstance.py:1277} INFO - Marking task as SUCCESS. dag_id=dag1, task_id=get_data, execution_date=20221029T042000, start_date=20221204T050453, end_date=20221204T050455
[2022-12-04 05:04:55,429] {local_task_job.py:154} INFO - Task exited with return code 0
[2022-12-04 05:04:55,518] {local_task_job.py:264} INFO - 1 downstream tasks scheduled from follow-on schedule check
