[2022-12-04 11:41:29,653] {taskinstance.py:1032} INFO - Dependencies all met for <TaskInstance: dag1.get_data scheduled__2022-11-04T17:50:00+00:00 [queued]>
[2022-12-04 11:41:29,776] {taskinstance.py:1032} INFO - Dependencies all met for <TaskInstance: dag1.get_data scheduled__2022-11-04T17:50:00+00:00 [queued]>
[2022-12-04 11:41:29,777] {taskinstance.py:1238} INFO - 
--------------------------------------------------------------------------------
[2022-12-04 11:41:29,778] {taskinstance.py:1239} INFO - Starting attempt 1 of 2
[2022-12-04 11:41:29,779] {taskinstance.py:1240} INFO - 
--------------------------------------------------------------------------------
[2022-12-04 11:41:29,972] {taskinstance.py:1259} INFO - Executing <Task(PythonOperator): get_data> on 2022-11-04 17:50:00+00:00
[2022-12-04 11:41:30,008] {standard_task_runner.py:52} INFO - Started process 14022 to run task
[2022-12-04 11:41:30,030] {standard_task_runner.py:76} INFO - Running: ['***', 'tasks', 'run', 'dag1', 'get_data', 'scheduled__2022-11-04T17:50:00+00:00', '--job-id', '5546', '--raw', '--subdir', 'DAGS_FOLDER/AirflowClean2.py', '--cfg-path', '/tmp/tmp4pq7izon', '--error-file', '/tmp/tmp2oqw9_qw']
[2022-12-04 11:41:30,041] {standard_task_runner.py:77} INFO - Job 5546: Subtask get_data
[2022-12-04 11:41:30,361] {logging_mixin.py:109} INFO - Running <TaskInstance: dag1.get_data scheduled__2022-11-04T17:50:00+00:00 [running]> on host 9e44869ff3ef
[2022-12-04 11:41:30,853] {taskinstance.py:1426} INFO - Exporting the following env vars:
AIRFLOW_CTX_DAG_OWNER=Fadlil
AIRFLOW_CTX_DAG_ID=dag1
AIRFLOW_CTX_TASK_ID=get_data
AIRFLOW_CTX_EXECUTION_DATE=2022-11-04T17:50:00+00:00
AIRFLOW_CTX_DAG_RUN_ID=scheduled__2022-11-04T17:50:00+00:00
[2022-12-04 11:41:31,607] {python.py:175} INFO - Done. Returned value was: None
[2022-12-04 11:41:32,222] {taskinstance.py:1277} INFO - Marking task as SUCCESS. dag_id=dag1, task_id=get_data, execution_date=20221104T175000, start_date=20221204T114129, end_date=20221204T114132
[2022-12-04 11:41:32,334] {local_task_job.py:154} INFO - Task exited with return code 0
[2022-12-04 11:41:32,545] {local_task_job.py:264} INFO - 1 downstream tasks scheduled from follow-on schedule check
