[2022-12-04 10:24:40,967] {taskinstance.py:1032} INFO - Dependencies all met for <TaskInstance: dag1.save_to_csv scheduled__2022-10-31T11:50:00+00:00 [queued]>
[2022-12-04 10:24:41,045] {taskinstance.py:1032} INFO - Dependencies all met for <TaskInstance: dag1.save_to_csv scheduled__2022-10-31T11:50:00+00:00 [queued]>
[2022-12-04 10:24:41,048] {taskinstance.py:1238} INFO - 
--------------------------------------------------------------------------------
[2022-12-04 10:24:41,053] {taskinstance.py:1239} INFO - Starting attempt 1 of 2
[2022-12-04 10:24:41,054] {taskinstance.py:1240} INFO - 
--------------------------------------------------------------------------------
[2022-12-04 10:24:41,183] {taskinstance.py:1259} INFO - Executing <Task(PythonOperator): save_to_csv> on 2022-10-31 11:50:00+00:00
[2022-12-04 10:24:41,205] {standard_task_runner.py:52} INFO - Started process 4894 to run task
[2022-12-04 10:24:41,243] {standard_task_runner.py:76} INFO - Running: ['***', 'tasks', 'run', 'dag1', 'save_to_csv', 'scheduled__2022-10-31T11:50:00+00:00', '--job-id', '3066', '--raw', '--subdir', 'DAGS_FOLDER/AirflowClean2.py', '--cfg-path', '/tmp/tmp_6z_q7vg', '--error-file', '/tmp/tmpf7crg7_3']
[2022-12-04 10:24:41,253] {standard_task_runner.py:77} INFO - Job 3066: Subtask save_to_csv
[2022-12-04 10:24:41,664] {logging_mixin.py:109} INFO - Running <TaskInstance: dag1.save_to_csv scheduled__2022-10-31T11:50:00+00:00 [running]> on host 9e44869ff3ef
[2022-12-04 10:24:41,890] {taskinstance.py:1426} INFO - Exporting the following env vars:
AIRFLOW_CTX_DAG_OWNER=Fadlil
AIRFLOW_CTX_DAG_ID=dag1
AIRFLOW_CTX_TASK_ID=save_to_csv
AIRFLOW_CTX_EXECUTION_DATE=2022-10-31T11:50:00+00:00
AIRFLOW_CTX_DAG_RUN_ID=scheduled__2022-10-31T11:50:00+00:00
[2022-12-04 10:24:42,422] {python.py:175} INFO - Done. Returned value was: None
[2022-12-04 10:24:42,544] {taskinstance.py:1277} INFO - Marking task as SUCCESS. dag_id=dag1, task_id=save_to_csv, execution_date=20221031T115000, start_date=20221204T102440, end_date=20221204T102442
[2022-12-04 10:24:42,812] {local_task_job.py:154} INFO - Task exited with return code 0
[2022-12-04 10:24:43,980] {local_task_job.py:264} INFO - 0 downstream tasks scheduled from follow-on schedule check
