[2022-12-04 10:32:45,871] {taskinstance.py:1032} INFO - Dependencies all met for <TaskInstance: dag1.save_to_csv scheduled__2022-10-31T18:20:00+00:00 [queued]>
[2022-12-04 10:32:45,893] {taskinstance.py:1032} INFO - Dependencies all met for <TaskInstance: dag1.save_to_csv scheduled__2022-10-31T18:20:00+00:00 [queued]>
[2022-12-04 10:32:45,894] {taskinstance.py:1238} INFO - 
--------------------------------------------------------------------------------
[2022-12-04 10:32:45,895] {taskinstance.py:1239} INFO - Starting attempt 1 of 2
[2022-12-04 10:32:45,896] {taskinstance.py:1240} INFO - 
--------------------------------------------------------------------------------
[2022-12-04 10:32:45,950] {taskinstance.py:1259} INFO - Executing <Task(PythonOperator): save_to_csv> on 2022-10-31 18:20:00+00:00
[2022-12-04 10:32:45,977] {standard_task_runner.py:76} INFO - Running: ['***', 'tasks', 'run', 'dag1', 'save_to_csv', 'scheduled__2022-10-31T18:20:00+00:00', '--job-id', '3235', '--raw', '--subdir', 'DAGS_FOLDER/AirflowClean2.py', '--cfg-path', '/tmp/tmpvod59jlp', '--error-file', '/tmp/tmpabfm1ylx']
[2022-12-04 10:32:45,962] {standard_task_runner.py:52} INFO - Started process 5666 to run task
[2022-12-04 10:32:45,990] {standard_task_runner.py:77} INFO - Job 3235: Subtask save_to_csv
[2022-12-04 10:32:46,219] {logging_mixin.py:109} INFO - Running <TaskInstance: dag1.save_to_csv scheduled__2022-10-31T18:20:00+00:00 [running]> on host 9e44869ff3ef
[2022-12-04 10:32:46,445] {taskinstance.py:1426} INFO - Exporting the following env vars:
AIRFLOW_CTX_DAG_OWNER=Fadlil
AIRFLOW_CTX_DAG_ID=dag1
AIRFLOW_CTX_TASK_ID=save_to_csv
AIRFLOW_CTX_EXECUTION_DATE=2022-10-31T18:20:00+00:00
AIRFLOW_CTX_DAG_RUN_ID=scheduled__2022-10-31T18:20:00+00:00
[2022-12-04 10:32:46,521] {python.py:175} INFO - Done. Returned value was: None
[2022-12-04 10:32:46,550] {taskinstance.py:1277} INFO - Marking task as SUCCESS. dag_id=dag1, task_id=save_to_csv, execution_date=20221031T182000, start_date=20221204T103245, end_date=20221204T103246
[2022-12-04 10:32:46,611] {local_task_job.py:154} INFO - Task exited with return code 0
[2022-12-04 10:32:46,734] {local_task_job.py:264} INFO - 1 downstream tasks scheduled from follow-on schedule check
