[2022-12-04 03:15:46,882] {taskinstance.py:1032} INFO - Dependencies all met for <TaskInstance: dag1.get_data scheduled__2022-10-27T12:40:00+00:00 [queued]>
[2022-12-04 03:15:46,901] {taskinstance.py:1032} INFO - Dependencies all met for <TaskInstance: dag1.get_data scheduled__2022-10-27T12:40:00+00:00 [queued]>
[2022-12-04 03:15:46,901] {taskinstance.py:1238} INFO - 
--------------------------------------------------------------------------------
[2022-12-04 03:15:46,902] {taskinstance.py:1239} INFO - Starting attempt 1 of 2
[2022-12-04 03:15:46,902] {taskinstance.py:1240} INFO - 
--------------------------------------------------------------------------------
[2022-12-04 03:15:46,926] {taskinstance.py:1259} INFO - Executing <Task(PythonOperator): get_data> on 2022-10-27 12:40:00+00:00
[2022-12-04 03:15:46,932] {standard_task_runner.py:52} INFO - Started process 2038 to run task
[2022-12-04 03:15:46,936] {standard_task_runner.py:76} INFO - Running: ['***', 'tasks', 'run', 'dag1', 'get_data', 'scheduled__2022-10-27T12:40:00+00:00', '--job-id', '906', '--raw', '--subdir', 'DAGS_FOLDER/AirflowClean2.py', '--cfg-path', '/tmp/tmppno1fcym', '--error-file', '/tmp/tmp7c0qod2a']
[2022-12-04 03:15:46,940] {standard_task_runner.py:77} INFO - Job 906: Subtask get_data
[2022-12-04 03:15:47,046] {logging_mixin.py:109} INFO - Running <TaskInstance: dag1.get_data scheduled__2022-10-27T12:40:00+00:00 [running]> on host 422c372562ce
[2022-12-04 03:15:47,127] {taskinstance.py:1426} INFO - Exporting the following env vars:
AIRFLOW_CTX_DAG_OWNER=Fadlil
AIRFLOW_CTX_DAG_ID=dag1
AIRFLOW_CTX_TASK_ID=get_data
AIRFLOW_CTX_EXECUTION_DATE=2022-10-27T12:40:00+00:00
AIRFLOW_CTX_DAG_RUN_ID=scheduled__2022-10-27T12:40:00+00:00
[2022-12-04 03:15:47,949] {python.py:175} INFO - Done. Returned value was: None
[2022-12-04 03:15:48,176] {taskinstance.py:1277} INFO - Marking task as SUCCESS. dag_id=dag1, task_id=get_data, execution_date=20221027T124000, start_date=20221204T031546, end_date=20221204T031548
[2022-12-04 03:15:48,259] {local_task_job.py:154} INFO - Task exited with return code 0
[2022-12-04 03:15:48,347] {local_task_job.py:264} INFO - 1 downstream tasks scheduled from follow-on schedule check
