[2022-12-04 10:40:30,355] {taskinstance.py:1032} INFO - Dependencies all met for <TaskInstance: dag1.save_to_csv scheduled__2022-11-01T13:00:00+00:00 [queued]>
[2022-12-04 10:40:30,378] {taskinstance.py:1032} INFO - Dependencies all met for <TaskInstance: dag1.save_to_csv scheduled__2022-11-01T13:00:00+00:00 [queued]>
[2022-12-04 10:40:30,379] {taskinstance.py:1238} INFO - 
--------------------------------------------------------------------------------
[2022-12-04 10:40:30,379] {taskinstance.py:1239} INFO - Starting attempt 1 of 2
[2022-12-04 10:40:30,380] {taskinstance.py:1240} INFO - 
--------------------------------------------------------------------------------
[2022-12-04 10:40:30,415] {taskinstance.py:1259} INFO - Executing <Task(PythonOperator): save_to_csv> on 2022-11-01 13:00:00+00:00
[2022-12-04 10:40:30,426] {standard_task_runner.py:52} INFO - Started process 7213 to run task
[2022-12-04 10:40:30,438] {standard_task_runner.py:76} INFO - Running: ['***', 'tasks', 'run', 'dag1', 'save_to_csv', 'scheduled__2022-11-01T13:00:00+00:00', '--job-id', '3679', '--raw', '--subdir', 'DAGS_FOLDER/AirflowClean2.py', '--cfg-path', '/tmp/tmp2rjxue8i', '--error-file', '/tmp/tmpd11mtaa1']
[2022-12-04 10:40:30,439] {standard_task_runner.py:77} INFO - Job 3679: Subtask save_to_csv
[2022-12-04 10:40:30,612] {logging_mixin.py:109} INFO - Running <TaskInstance: dag1.save_to_csv scheduled__2022-11-01T13:00:00+00:00 [running]> on host 9e44869ff3ef
[2022-12-04 10:40:30,828] {taskinstance.py:1426} INFO - Exporting the following env vars:
AIRFLOW_CTX_DAG_OWNER=Fadlil
AIRFLOW_CTX_DAG_ID=dag1
AIRFLOW_CTX_TASK_ID=save_to_csv
AIRFLOW_CTX_EXECUTION_DATE=2022-11-01T13:00:00+00:00
AIRFLOW_CTX_DAG_RUN_ID=scheduled__2022-11-01T13:00:00+00:00
[2022-12-04 10:40:30,945] {python.py:175} INFO - Done. Returned value was: None
[2022-12-04 10:40:31,292] {taskinstance.py:1277} INFO - Marking task as SUCCESS. dag_id=dag1, task_id=save_to_csv, execution_date=20221101T130000, start_date=20221204T104030, end_date=20221204T104031
[2022-12-04 10:40:31,375] {local_task_job.py:154} INFO - Task exited with return code 0
[2022-12-04 10:40:31,493] {local_task_job.py:264} INFO - 1 downstream tasks scheduled from follow-on schedule check
