[2022-12-04 11:44:42,142] {taskinstance.py:1032} INFO - Dependencies all met for <TaskInstance: dag1.save_to_parquet scheduled__2022-11-04T22:20:00+00:00 [queued]>
[2022-12-04 11:44:42,226] {taskinstance.py:1032} INFO - Dependencies all met for <TaskInstance: dag1.save_to_parquet scheduled__2022-11-04T22:20:00+00:00 [queued]>
[2022-12-04 11:44:42,227] {taskinstance.py:1238} INFO - 
--------------------------------------------------------------------------------
[2022-12-04 11:44:42,230] {taskinstance.py:1239} INFO - Starting attempt 1 of 2
[2022-12-04 11:44:42,232] {taskinstance.py:1240} INFO - 
--------------------------------------------------------------------------------
[2022-12-04 11:44:42,278] {taskinstance.py:1259} INFO - Executing <Task(PythonOperator): save_to_parquet> on 2022-11-04 22:20:00+00:00
[2022-12-04 11:44:42,286] {standard_task_runner.py:52} INFO - Started process 14599 to run task
[2022-12-04 11:44:42,303] {standard_task_runner.py:76} INFO - Running: ['***', 'tasks', 'run', 'dag1', 'save_to_parquet', 'scheduled__2022-11-04T22:20:00+00:00', '--job-id', '5712', '--raw', '--subdir', 'DAGS_FOLDER/AirflowClean2.py', '--cfg-path', '/tmp/tmpqjvbjxl2', '--error-file', '/tmp/tmpta5_vn0x']
[2022-12-04 11:44:42,314] {standard_task_runner.py:77} INFO - Job 5712: Subtask save_to_parquet
[2022-12-04 11:44:42,516] {logging_mixin.py:109} INFO - Running <TaskInstance: dag1.save_to_parquet scheduled__2022-11-04T22:20:00+00:00 [running]> on host 9e44869ff3ef
[2022-12-04 11:44:42,803] {taskinstance.py:1426} INFO - Exporting the following env vars:
AIRFLOW_CTX_DAG_OWNER=Fadlil
AIRFLOW_CTX_DAG_ID=dag1
AIRFLOW_CTX_TASK_ID=save_to_parquet
AIRFLOW_CTX_EXECUTION_DATE=2022-11-04T22:20:00+00:00
AIRFLOW_CTX_DAG_RUN_ID=scheduled__2022-11-04T22:20:00+00:00
[2022-12-04 11:44:42,977] {python.py:175} INFO - Done. Returned value was: None
[2022-12-04 11:44:43,024] {taskinstance.py:1277} INFO - Marking task as SUCCESS. dag_id=dag1, task_id=save_to_parquet, execution_date=20221104T222000, start_date=20221204T114442, end_date=20221204T114443
[2022-12-04 11:44:43,151] {local_task_job.py:154} INFO - Task exited with return code 0
[2022-12-04 11:44:43,315] {local_task_job.py:264} INFO - 1 downstream tasks scheduled from follow-on schedule check
