[2022-12-04 10:30:58,146] {taskinstance.py:1032} INFO - Dependencies all met for <TaskInstance: dag1.get_data scheduled__2022-10-31T15:10:00+00:00 [queued]>
[2022-12-04 10:30:58,167] {taskinstance.py:1032} INFO - Dependencies all met for <TaskInstance: dag1.get_data scheduled__2022-10-31T15:10:00+00:00 [queued]>
[2022-12-04 10:30:58,167] {taskinstance.py:1238} INFO - 
--------------------------------------------------------------------------------
[2022-12-04 10:30:58,168] {taskinstance.py:1239} INFO - Starting attempt 1 of 2
[2022-12-04 10:30:58,168] {taskinstance.py:1240} INFO - 
--------------------------------------------------------------------------------
[2022-12-04 10:30:58,195] {taskinstance.py:1259} INFO - Executing <Task(PythonOperator): get_data> on 2022-10-31 15:10:00+00:00
[2022-12-04 10:30:58,204] {standard_task_runner.py:52} INFO - Started process 5357 to run task
[2022-12-04 10:30:58,212] {standard_task_runner.py:76} INFO - Running: ['***', 'tasks', 'run', 'dag1', 'get_data', 'scheduled__2022-10-31T15:10:00+00:00', '--job-id', '3150', '--raw', '--subdir', 'DAGS_FOLDER/AirflowClean2.py', '--cfg-path', '/tmp/tmpgj51hbg5', '--error-file', '/tmp/tmp41io81hp']
[2022-12-04 10:30:58,214] {standard_task_runner.py:77} INFO - Job 3150: Subtask get_data
[2022-12-04 10:30:58,463] {logging_mixin.py:109} INFO - Running <TaskInstance: dag1.get_data scheduled__2022-10-31T15:10:00+00:00 [running]> on host 9e44869ff3ef
[2022-12-04 10:30:58,601] {taskinstance.py:1426} INFO - Exporting the following env vars:
AIRFLOW_CTX_DAG_OWNER=Fadlil
AIRFLOW_CTX_DAG_ID=dag1
AIRFLOW_CTX_TASK_ID=get_data
AIRFLOW_CTX_EXECUTION_DATE=2022-10-31T15:10:00+00:00
AIRFLOW_CTX_DAG_RUN_ID=scheduled__2022-10-31T15:10:00+00:00
[2022-12-04 10:30:59,262] {python.py:175} INFO - Done. Returned value was: None
[2022-12-04 10:30:59,280] {taskinstance.py:1277} INFO - Marking task as SUCCESS. dag_id=dag1, task_id=get_data, execution_date=20221031T151000, start_date=20221204T103058, end_date=20221204T103059
[2022-12-04 10:30:59,321] {local_task_job.py:154} INFO - Task exited with return code 0
[2022-12-04 10:30:59,728] {local_task_job.py:264} INFO - 0 downstream tasks scheduled from follow-on schedule check
