[2022-12-04 11:01:05,699] {taskinstance.py:1032} INFO - Dependencies all met for <TaskInstance: dag1.get_data scheduled__2022-11-03T17:50:00+00:00 [queued]>
[2022-12-04 11:01:05,818] {taskinstance.py:1032} INFO - Dependencies all met for <TaskInstance: dag1.get_data scheduled__2022-11-03T17:50:00+00:00 [queued]>
[2022-12-04 11:01:05,819] {taskinstance.py:1238} INFO - 
--------------------------------------------------------------------------------
[2022-12-04 11:01:05,821] {taskinstance.py:1239} INFO - Starting attempt 1 of 2
[2022-12-04 11:01:05,829] {taskinstance.py:1240} INFO - 
--------------------------------------------------------------------------------
[2022-12-04 11:01:05,916] {taskinstance.py:1259} INFO - Executing <Task(PythonOperator): get_data> on 2022-11-03 17:50:00+00:00
[2022-12-04 11:01:05,957] {standard_task_runner.py:52} INFO - Started process 11606 to run task
[2022-12-04 11:01:05,989] {standard_task_runner.py:76} INFO - Running: ['***', 'tasks', 'run', 'dag1', 'get_data', 'scheduled__2022-11-03T17:50:00+00:00', '--job-id', '4941', '--raw', '--subdir', 'DAGS_FOLDER/AirflowClean2.py', '--cfg-path', '/tmp/tmp3bq5av9r', '--error-file', '/tmp/tmp31zdfkpf']
[2022-12-04 11:01:06,010] {standard_task_runner.py:77} INFO - Job 4941: Subtask get_data
[2022-12-04 11:01:06,937] {logging_mixin.py:109} INFO - Running <TaskInstance: dag1.get_data scheduled__2022-11-03T17:50:00+00:00 [running]> on host 9e44869ff3ef
[2022-12-04 11:01:07,726] {taskinstance.py:1426} INFO - Exporting the following env vars:
AIRFLOW_CTX_DAG_OWNER=Fadlil
AIRFLOW_CTX_DAG_ID=dag1
AIRFLOW_CTX_TASK_ID=get_data
AIRFLOW_CTX_EXECUTION_DATE=2022-11-03T17:50:00+00:00
AIRFLOW_CTX_DAG_RUN_ID=scheduled__2022-11-03T17:50:00+00:00
[2022-12-04 11:01:08,615] {python.py:175} INFO - Done. Returned value was: None
[2022-12-04 11:01:09,653] {taskinstance.py:1277} INFO - Marking task as SUCCESS. dag_id=dag1, task_id=get_data, execution_date=20221103T175000, start_date=20221204T110105, end_date=20221204T110109
[2022-12-04 11:01:09,784] {local_task_job.py:154} INFO - Task exited with return code 0
[2022-12-04 11:01:10,646] {local_task_job.py:264} INFO - 1 downstream tasks scheduled from follow-on schedule check
