[2022-12-04 13:29:35,604] {taskinstance.py:1032} INFO - Dependencies all met for <TaskInstance: dag1.save_to_parquet scheduled__2022-11-07T05:00:00+00:00 [queued]>
[2022-12-04 13:29:35,638] {taskinstance.py:1032} INFO - Dependencies all met for <TaskInstance: dag1.save_to_parquet scheduled__2022-11-07T05:00:00+00:00 [queued]>
[2022-12-04 13:29:35,639] {taskinstance.py:1238} INFO - 
--------------------------------------------------------------------------------
[2022-12-04 13:29:35,639] {taskinstance.py:1239} INFO - Starting attempt 1 of 2
[2022-12-04 13:29:35,640] {taskinstance.py:1240} INFO - 
--------------------------------------------------------------------------------
[2022-12-04 13:29:35,677] {taskinstance.py:1259} INFO - Executing <Task(PythonOperator): save_to_parquet> on 2022-11-07 05:00:00+00:00
[2022-12-04 13:29:35,684] {standard_task_runner.py:52} INFO - Started process 4643 to run task
[2022-12-04 13:29:35,694] {standard_task_runner.py:76} INFO - Running: ['***', 'tasks', 'run', 'dag1', 'save_to_parquet', 'scheduled__2022-11-07T05:00:00+00:00', '--job-id', '7686', '--raw', '--subdir', 'DAGS_FOLDER/AirflowClean2.py', '--cfg-path', '/tmp/tmpsft60g4s', '--error-file', '/tmp/tmpjf_2yvcd']
[2022-12-04 13:29:35,696] {standard_task_runner.py:77} INFO - Job 7686: Subtask save_to_parquet
[2022-12-04 13:29:35,835] {logging_mixin.py:109} INFO - Running <TaskInstance: dag1.save_to_parquet scheduled__2022-11-07T05:00:00+00:00 [running]> on host 7a020590adae
[2022-12-04 13:29:35,994] {taskinstance.py:1426} INFO - Exporting the following env vars:
AIRFLOW_CTX_DAG_OWNER=Fadlil
AIRFLOW_CTX_DAG_ID=dag1
AIRFLOW_CTX_TASK_ID=save_to_parquet
AIRFLOW_CTX_EXECUTION_DATE=2022-11-07T05:00:00+00:00
AIRFLOW_CTX_DAG_RUN_ID=scheduled__2022-11-07T05:00:00+00:00
[2022-12-04 13:29:36,060] {python.py:175} INFO - Done. Returned value was: None
[2022-12-04 13:29:36,133] {taskinstance.py:1277} INFO - Marking task as SUCCESS. dag_id=dag1, task_id=save_to_parquet, execution_date=20221107T050000, start_date=20221204T132935, end_date=20221204T132936
[2022-12-04 13:29:36,231] {local_task_job.py:154} INFO - Task exited with return code 0
[2022-12-04 13:29:36,352] {local_task_job.py:264} INFO - 1 downstream tasks scheduled from follow-on schedule check
