[2022-12-04 04:28:52,833] {taskinstance.py:1032} INFO - Dependencies all met for <TaskInstance: dag1.save_to_csv scheduled__2022-10-28T13:00:00+00:00 [queued]>
[2022-12-04 04:28:53,073] {taskinstance.py:1032} INFO - Dependencies all met for <TaskInstance: dag1.save_to_csv scheduled__2022-10-28T13:00:00+00:00 [queued]>
[2022-12-04 04:28:53,081] {taskinstance.py:1238} INFO - 
--------------------------------------------------------------------------------
[2022-12-04 04:28:53,082] {taskinstance.py:1239} INFO - Starting attempt 1 of 2
[2022-12-04 04:28:53,082] {taskinstance.py:1240} INFO - 
--------------------------------------------------------------------------------
[2022-12-04 04:28:53,277] {taskinstance.py:1259} INFO - Executing <Task(PythonOperator): save_to_csv> on 2022-10-28 13:00:00+00:00
[2022-12-04 04:28:53,393] {standard_task_runner.py:52} INFO - Started process 5388 to run task
[2022-12-04 04:28:53,467] {standard_task_runner.py:76} INFO - Running: ['***', 'tasks', 'run', 'dag1', 'save_to_csv', 'scheduled__2022-10-28T13:00:00+00:00', '--job-id', '1486', '--raw', '--subdir', 'DAGS_FOLDER/AirflowClean2.py', '--cfg-path', '/tmp/tmp0v8dcj91', '--error-file', '/tmp/tmpb4wp0m5_']
[2022-12-04 04:28:53,469] {standard_task_runner.py:77} INFO - Job 1486: Subtask save_to_csv
[2022-12-04 04:28:53,844] {logging_mixin.py:109} INFO - Running <TaskInstance: dag1.save_to_csv scheduled__2022-10-28T13:00:00+00:00 [running]> on host 422c372562ce
[2022-12-04 04:28:54,341] {taskinstance.py:1426} INFO - Exporting the following env vars:
AIRFLOW_CTX_DAG_OWNER=Fadlil
AIRFLOW_CTX_DAG_ID=dag1
AIRFLOW_CTX_TASK_ID=save_to_csv
AIRFLOW_CTX_EXECUTION_DATE=2022-10-28T13:00:00+00:00
AIRFLOW_CTX_DAG_RUN_ID=scheduled__2022-10-28T13:00:00+00:00
[2022-12-04 04:28:54,914] {python.py:175} INFO - Done. Returned value was: None
[2022-12-04 04:28:54,994] {taskinstance.py:1277} INFO - Marking task as SUCCESS. dag_id=dag1, task_id=save_to_csv, execution_date=20221028T130000, start_date=20221204T042852, end_date=20221204T042854
[2022-12-04 04:28:55,179] {local_task_job.py:154} INFO - Task exited with return code 0
[2022-12-04 04:28:55,711] {local_task_job.py:264} INFO - 1 downstream tasks scheduled from follow-on schedule check
