[2022-12-04 15:06:21,217] {taskinstance.py:1032} INFO - Dependencies all met for <TaskInstance: dag1.save_to_csv scheduled__2022-11-09T05:10:00+00:00 [queued]>
[2022-12-04 15:06:21,235] {taskinstance.py:1032} INFO - Dependencies all met for <TaskInstance: dag1.save_to_csv scheduled__2022-11-09T05:10:00+00:00 [queued]>
[2022-12-04 15:06:21,235] {taskinstance.py:1238} INFO - 
--------------------------------------------------------------------------------
[2022-12-04 15:06:21,236] {taskinstance.py:1239} INFO - Starting attempt 1 of 2
[2022-12-04 15:06:21,237] {taskinstance.py:1240} INFO - 
--------------------------------------------------------------------------------
[2022-12-04 15:06:21,268] {taskinstance.py:1259} INFO - Executing <Task(PythonOperator): save_to_csv> on 2022-11-09 05:10:00+00:00
[2022-12-04 15:06:21,275] {standard_task_runner.py:52} INFO - Started process 13489 to run task
[2022-12-04 15:06:21,280] {standard_task_runner.py:76} INFO - Running: ['***', 'tasks', 'run', 'dag1', 'save_to_csv', 'scheduled__2022-11-09T05:10:00+00:00', '--job-id', '9533', '--raw', '--subdir', 'DAGS_FOLDER/AirflowClean2.py', '--cfg-path', '/tmp/tmp91_ygk8y', '--error-file', '/tmp/tmpi064gkgx']
[2022-12-04 15:06:21,282] {standard_task_runner.py:77} INFO - Job 9533: Subtask save_to_csv
[2022-12-04 15:06:21,525] {logging_mixin.py:109} INFO - Running <TaskInstance: dag1.save_to_csv scheduled__2022-11-09T05:10:00+00:00 [running]> on host 7a020590adae
[2022-12-04 15:06:21,654] {taskinstance.py:1426} INFO - Exporting the following env vars:
AIRFLOW_CTX_DAG_OWNER=Fadlil
AIRFLOW_CTX_DAG_ID=dag1
AIRFLOW_CTX_TASK_ID=save_to_csv
AIRFLOW_CTX_EXECUTION_DATE=2022-11-09T05:10:00+00:00
AIRFLOW_CTX_DAG_RUN_ID=scheduled__2022-11-09T05:10:00+00:00
[2022-12-04 15:06:21,714] {python.py:175} INFO - Done. Returned value was: None
[2022-12-04 15:06:21,995] {taskinstance.py:1277} INFO - Marking task as SUCCESS. dag_id=dag1, task_id=save_to_csv, execution_date=20221109T051000, start_date=20221204T150621, end_date=20221204T150621
[2022-12-04 15:06:22,099] {local_task_job.py:154} INFO - Task exited with return code 0
[2022-12-04 15:06:22,217] {local_task_job.py:264} INFO - 1 downstream tasks scheduled from follow-on schedule check
