[2022-12-04 12:24:53,454] {taskinstance.py:1032} INFO - Dependencies all met for <TaskInstance: dag1.save_to_parquet scheduled__2022-11-05T23:50:00+00:00 [queued]>
[2022-12-04 12:24:53,572] {taskinstance.py:1032} INFO - Dependencies all met for <TaskInstance: dag1.save_to_parquet scheduled__2022-11-05T23:50:00+00:00 [queued]>
[2022-12-04 12:24:53,580] {taskinstance.py:1238} INFO - 
--------------------------------------------------------------------------------
[2022-12-04 12:24:53,586] {taskinstance.py:1239} INFO - Starting attempt 1 of 2
[2022-12-04 12:24:53,603] {taskinstance.py:1240} INFO - 
--------------------------------------------------------------------------------
[2022-12-04 12:24:53,739] {taskinstance.py:1259} INFO - Executing <Task(PythonOperator): save_to_parquet> on 2022-11-05 23:50:00+00:00
[2022-12-04 12:24:53,773] {standard_task_runner.py:52} INFO - Started process 18486 to run task
[2022-12-04 12:24:53,804] {standard_task_runner.py:76} INFO - Running: ['***', 'tasks', 'run', 'dag1', 'save_to_parquet', 'scheduled__2022-11-05T23:50:00+00:00', '--job-id', '6571', '--raw', '--subdir', 'DAGS_FOLDER/AirflowClean2.py', '--cfg-path', '/tmp/tmpn9_hj74b', '--error-file', '/tmp/tmp7bkw6qql']
[2022-12-04 12:24:53,865] {standard_task_runner.py:77} INFO - Job 6571: Subtask save_to_parquet
[2022-12-04 12:24:55,136] {logging_mixin.py:109} INFO - Running <TaskInstance: dag1.save_to_parquet scheduled__2022-11-05T23:50:00+00:00 [running]> on host 9e44869ff3ef
[2022-12-04 12:24:56,218] {taskinstance.py:1426} INFO - Exporting the following env vars:
AIRFLOW_CTX_DAG_OWNER=Fadlil
AIRFLOW_CTX_DAG_ID=dag1
AIRFLOW_CTX_TASK_ID=save_to_parquet
AIRFLOW_CTX_EXECUTION_DATE=2022-11-05T23:50:00+00:00
AIRFLOW_CTX_DAG_RUN_ID=scheduled__2022-11-05T23:50:00+00:00
[2022-12-04 12:24:56,866] {python.py:175} INFO - Done. Returned value was: None
[2022-12-04 12:24:58,071] {taskinstance.py:1277} INFO - Marking task as SUCCESS. dag_id=dag1, task_id=save_to_parquet, execution_date=20221105T235000, start_date=20221204T122453, end_date=20221204T122458
[2022-12-04 12:24:58,305] {local_task_job.py:154} INFO - Task exited with return code 0
[2022-12-04 12:24:58,733] {local_task_job.py:264} INFO - 1 downstream tasks scheduled from follow-on schedule check
