[2022-12-04 16:52:34,221] {taskinstance.py:1032} INFO - Dependencies all met for <TaskInstance: dag1.save_to_parquet scheduled__2022-11-09T14:30:00+00:00 [queued]>
[2022-12-04 16:52:34,285] {taskinstance.py:1032} INFO - Dependencies all met for <TaskInstance: dag1.save_to_parquet scheduled__2022-11-09T14:30:00+00:00 [queued]>
[2022-12-04 16:52:34,286] {taskinstance.py:1238} INFO - 
--------------------------------------------------------------------------------
[2022-12-04 16:52:34,291] {taskinstance.py:1239} INFO - Starting attempt 1 of 2
[2022-12-04 16:52:34,296] {taskinstance.py:1240} INFO - 
--------------------------------------------------------------------------------
[2022-12-04 16:52:34,368] {taskinstance.py:1259} INFO - Executing <Task(PythonOperator): save_to_parquet> on 2022-11-09 14:30:00+00:00
[2022-12-04 16:52:34,375] {standard_task_runner.py:52} INFO - Started process 15231 to run task
[2022-12-04 16:52:34,397] {standard_task_runner.py:76} INFO - Running: ['***', 'tasks', 'run', 'dag1', 'save_to_parquet', 'scheduled__2022-11-09T14:30:00+00:00', '--job-id', '9897', '--raw', '--subdir', 'DAGS_FOLDER/AirflowClean2.py', '--cfg-path', '/tmp/tmp9_a59a3g', '--error-file', '/tmp/tmpixxw1_0t']
[2022-12-04 16:52:34,400] {standard_task_runner.py:77} INFO - Job 9897: Subtask save_to_parquet
[2022-12-04 16:52:34,587] {logging_mixin.py:109} INFO - Running <TaskInstance: dag1.save_to_parquet scheduled__2022-11-09T14:30:00+00:00 [running]> on host 7a020590adae
[2022-12-04 16:52:34,901] {taskinstance.py:1426} INFO - Exporting the following env vars:
AIRFLOW_CTX_DAG_OWNER=Fadlil
AIRFLOW_CTX_DAG_ID=dag1
AIRFLOW_CTX_TASK_ID=save_to_parquet
AIRFLOW_CTX_EXECUTION_DATE=2022-11-09T14:30:00+00:00
AIRFLOW_CTX_DAG_RUN_ID=scheduled__2022-11-09T14:30:00+00:00
[2022-12-04 16:52:35,039] {python.py:175} INFO - Done. Returned value was: None
[2022-12-04 16:52:35,081] {taskinstance.py:1277} INFO - Marking task as SUCCESS. dag_id=dag1, task_id=save_to_parquet, execution_date=20221109T143000, start_date=20221204T165234, end_date=20221204T165235
[2022-12-04 16:52:35,192] {local_task_job.py:154} INFO - Task exited with return code 0
[2022-12-04 16:52:35,285] {local_task_job.py:264} INFO - 1 downstream tasks scheduled from follow-on schedule check
