[2022-12-04 15:08:24,269] {taskinstance.py:1032} INFO - Dependencies all met for <TaskInstance: dag1.save_to_csv scheduled__2022-11-09T06:00:00+00:00 [queued]>
[2022-12-04 15:08:24,305] {taskinstance.py:1032} INFO - Dependencies all met for <TaskInstance: dag1.save_to_csv scheduled__2022-11-09T06:00:00+00:00 [queued]>
[2022-12-04 15:08:24,306] {taskinstance.py:1238} INFO - 
--------------------------------------------------------------------------------
[2022-12-04 15:08:24,306] {taskinstance.py:1239} INFO - Starting attempt 1 of 2
[2022-12-04 15:08:24,307] {taskinstance.py:1240} INFO - 
--------------------------------------------------------------------------------
[2022-12-04 15:08:24,336] {taskinstance.py:1259} INFO - Executing <Task(PythonOperator): save_to_csv> on 2022-11-09 06:00:00+00:00
[2022-12-04 15:08:24,351] {standard_task_runner.py:52} INFO - Started process 13686 to run task
[2022-12-04 15:08:24,360] {standard_task_runner.py:76} INFO - Running: ['***', 'tasks', 'run', 'dag1', 'save_to_csv', 'scheduled__2022-11-09T06:00:00+00:00', '--job-id', '9573', '--raw', '--subdir', 'DAGS_FOLDER/AirflowClean2.py', '--cfg-path', '/tmp/tmp0vu_45xd', '--error-file', '/tmp/tmpj0u5ap9g']
[2022-12-04 15:08:24,361] {standard_task_runner.py:77} INFO - Job 9573: Subtask save_to_csv
[2022-12-04 15:08:24,477] {logging_mixin.py:109} INFO - Running <TaskInstance: dag1.save_to_csv scheduled__2022-11-09T06:00:00+00:00 [running]> on host 7a020590adae
[2022-12-04 15:08:24,573] {taskinstance.py:1426} INFO - Exporting the following env vars:
AIRFLOW_CTX_DAG_OWNER=Fadlil
AIRFLOW_CTX_DAG_ID=dag1
AIRFLOW_CTX_TASK_ID=save_to_csv
AIRFLOW_CTX_EXECUTION_DATE=2022-11-09T06:00:00+00:00
AIRFLOW_CTX_DAG_RUN_ID=scheduled__2022-11-09T06:00:00+00:00
[2022-12-04 15:08:24,626] {python.py:175} INFO - Done. Returned value was: None
[2022-12-04 15:08:24,645] {taskinstance.py:1277} INFO - Marking task as SUCCESS. dag_id=dag1, task_id=save_to_csv, execution_date=20221109T060000, start_date=20221204T150824, end_date=20221204T150824
[2022-12-04 15:08:24,701] {local_task_job.py:154} INFO - Task exited with return code 0
[2022-12-04 15:08:24,773] {local_task_job.py:264} INFO - 1 downstream tasks scheduled from follow-on schedule check
