[2022-12-04 10:51:35,484] {taskinstance.py:1032} INFO - Dependencies all met for <TaskInstance: dag1.get_data scheduled__2022-11-02T15:40:00+00:00 [queued]>
[2022-12-04 10:51:35,522] {taskinstance.py:1032} INFO - Dependencies all met for <TaskInstance: dag1.get_data scheduled__2022-11-02T15:40:00+00:00 [queued]>
[2022-12-04 10:51:35,522] {taskinstance.py:1238} INFO - 
--------------------------------------------------------------------------------
[2022-12-04 10:51:35,524] {taskinstance.py:1239} INFO - Starting attempt 1 of 2
[2022-12-04 10:51:35,529] {taskinstance.py:1240} INFO - 
--------------------------------------------------------------------------------
[2022-12-04 10:51:35,582] {taskinstance.py:1259} INFO - Executing <Task(PythonOperator): get_data> on 2022-11-02 15:40:00+00:00
[2022-12-04 10:51:35,590] {standard_task_runner.py:52} INFO - Started process 9496 to run task
[2022-12-04 10:51:35,611] {standard_task_runner.py:76} INFO - Running: ['***', 'tasks', 'run', 'dag1', 'get_data', 'scheduled__2022-11-02T15:40:00+00:00', '--job-id', '4329', '--raw', '--subdir', 'DAGS_FOLDER/AirflowClean2.py', '--cfg-path', '/tmp/tmpnm5se8h3', '--error-file', '/tmp/tmpe8q_9t1d']
[2022-12-04 10:51:35,623] {standard_task_runner.py:77} INFO - Job 4329: Subtask get_data
[2022-12-04 10:51:35,786] {logging_mixin.py:109} INFO - Running <TaskInstance: dag1.get_data scheduled__2022-11-02T15:40:00+00:00 [running]> on host 9e44869ff3ef
[2022-12-04 10:51:36,026] {taskinstance.py:1426} INFO - Exporting the following env vars:
AIRFLOW_CTX_DAG_OWNER=Fadlil
AIRFLOW_CTX_DAG_ID=dag1
AIRFLOW_CTX_TASK_ID=get_data
AIRFLOW_CTX_EXECUTION_DATE=2022-11-02T15:40:00+00:00
AIRFLOW_CTX_DAG_RUN_ID=scheduled__2022-11-02T15:40:00+00:00
[2022-12-04 10:51:36,825] {python.py:175} INFO - Done. Returned value was: None
[2022-12-04 10:51:36,885] {taskinstance.py:1277} INFO - Marking task as SUCCESS. dag_id=dag1, task_id=get_data, execution_date=20221102T154000, start_date=20221204T105135, end_date=20221204T105136
[2022-12-04 10:51:37,088] {local_task_job.py:154} INFO - Task exited with return code 0
[2022-12-04 10:51:37,307] {local_task_job.py:264} INFO - 1 downstream tasks scheduled from follow-on schedule check
