[2022-12-04 10:48:14,329] {taskinstance.py:1032} INFO - Dependencies all met for <TaskInstance: dag1.get_data scheduled__2022-11-02T07:10:00+00:00 [queued]>
[2022-12-04 10:48:14,506] {taskinstance.py:1032} INFO - Dependencies all met for <TaskInstance: dag1.get_data scheduled__2022-11-02T07:10:00+00:00 [queued]>
[2022-12-04 10:48:14,507] {taskinstance.py:1238} INFO - 
--------------------------------------------------------------------------------
[2022-12-04 10:48:14,507] {taskinstance.py:1239} INFO - Starting attempt 1 of 2
[2022-12-04 10:48:14,508] {taskinstance.py:1240} INFO - 
--------------------------------------------------------------------------------
[2022-12-04 10:48:14,618] {taskinstance.py:1259} INFO - Executing <Task(PythonOperator): get_data> on 2022-11-02 07:10:00+00:00
[2022-12-04 10:48:14,631] {standard_task_runner.py:52} INFO - Started process 8741 to run task
[2022-12-04 10:48:14,643] {standard_task_runner.py:76} INFO - Running: ['***', 'tasks', 'run', 'dag1', 'get_data', 'scheduled__2022-11-02T07:10:00+00:00', '--job-id', '4111', '--raw', '--subdir', 'DAGS_FOLDER/AirflowClean2.py', '--cfg-path', '/tmp/tmpbb3b0148', '--error-file', '/tmp/tmp_6n04fgd']
[2022-12-04 10:48:14,688] {standard_task_runner.py:77} INFO - Job 4111: Subtask get_data
[2022-12-04 10:48:14,992] {logging_mixin.py:109} INFO - Running <TaskInstance: dag1.get_data scheduled__2022-11-02T07:10:00+00:00 [running]> on host 9e44869ff3ef
[2022-12-04 10:48:15,183] {taskinstance.py:1426} INFO - Exporting the following env vars:
AIRFLOW_CTX_DAG_OWNER=Fadlil
AIRFLOW_CTX_DAG_ID=dag1
AIRFLOW_CTX_TASK_ID=get_data
AIRFLOW_CTX_EXECUTION_DATE=2022-11-02T07:10:00+00:00
AIRFLOW_CTX_DAG_RUN_ID=scheduled__2022-11-02T07:10:00+00:00
[2022-12-04 10:48:16,543] {python.py:175} INFO - Done. Returned value was: None
[2022-12-04 10:48:17,174] {taskinstance.py:1277} INFO - Marking task as SUCCESS. dag_id=dag1, task_id=get_data, execution_date=20221102T071000, start_date=20221204T104814, end_date=20221204T104817
[2022-12-04 10:48:17,350] {local_task_job.py:154} INFO - Task exited with return code 0
[2022-12-04 10:48:17,549] {local_task_job.py:264} INFO - 1 downstream tasks scheduled from follow-on schedule check
