[2022-12-04 03:16:56,616] {taskinstance.py:1032} INFO - Dependencies all met for <TaskInstance: dag1.save_to_csv scheduled__2022-10-27T13:50:00+00:00 [queued]>
[2022-12-04 03:16:56,711] {taskinstance.py:1032} INFO - Dependencies all met for <TaskInstance: dag1.save_to_csv scheduled__2022-10-27T13:50:00+00:00 [queued]>
[2022-12-04 03:16:56,713] {taskinstance.py:1238} INFO - 
--------------------------------------------------------------------------------
[2022-12-04 03:16:56,714] {taskinstance.py:1239} INFO - Starting attempt 1 of 2
[2022-12-04 03:16:56,717] {taskinstance.py:1240} INFO - 
--------------------------------------------------------------------------------
[2022-12-04 03:16:56,824] {taskinstance.py:1259} INFO - Executing <Task(PythonOperator): save_to_csv> on 2022-10-27 13:50:00+00:00
[2022-12-04 03:16:56,833] {standard_task_runner.py:52} INFO - Started process 2189 to run task
[2022-12-04 03:16:56,852] {standard_task_runner.py:76} INFO - Running: ['***', 'tasks', 'run', 'dag1', 'save_to_csv', 'scheduled__2022-10-27T13:50:00+00:00', '--job-id', '940', '--raw', '--subdir', 'DAGS_FOLDER/AirflowClean2.py', '--cfg-path', '/tmp/tmpx8y1nt7g', '--error-file', '/tmp/tmp8b84qw9a']
[2022-12-04 03:16:56,862] {standard_task_runner.py:77} INFO - Job 940: Subtask save_to_csv
[2022-12-04 03:16:57,238] {logging_mixin.py:109} INFO - Running <TaskInstance: dag1.save_to_csv scheduled__2022-10-27T13:50:00+00:00 [running]> on host 422c372562ce
[2022-12-04 03:16:57,649] {taskinstance.py:1426} INFO - Exporting the following env vars:
AIRFLOW_CTX_DAG_OWNER=Fadlil
AIRFLOW_CTX_DAG_ID=dag1
AIRFLOW_CTX_TASK_ID=save_to_csv
AIRFLOW_CTX_EXECUTION_DATE=2022-10-27T13:50:00+00:00
AIRFLOW_CTX_DAG_RUN_ID=scheduled__2022-10-27T13:50:00+00:00
[2022-12-04 03:16:58,003] {python.py:175} INFO - Done. Returned value was: None
[2022-12-04 03:16:58,631] {taskinstance.py:1277} INFO - Marking task as SUCCESS. dag_id=dag1, task_id=save_to_csv, execution_date=20221027T135000, start_date=20221204T031656, end_date=20221204T031658
[2022-12-04 03:16:58,876] {local_task_job.py:154} INFO - Task exited with return code 0
[2022-12-04 03:16:59,206] {local_task_job.py:264} INFO - 1 downstream tasks scheduled from follow-on schedule check
