[2022-12-04 17:05:00,521] {taskinstance.py:1032} INFO - Dependencies all met for <TaskInstance: dag1.save_to_csv scheduled__2022-11-09T20:40:00+00:00 [queued]>
[2022-12-04 17:05:00,535] {taskinstance.py:1032} INFO - Dependencies all met for <TaskInstance: dag1.save_to_csv scheduled__2022-11-09T20:40:00+00:00 [queued]>
[2022-12-04 17:05:00,536] {taskinstance.py:1238} INFO - 
--------------------------------------------------------------------------------
[2022-12-04 17:05:00,536] {taskinstance.py:1239} INFO - Starting attempt 1 of 2
[2022-12-04 17:05:00,536] {taskinstance.py:1240} INFO - 
--------------------------------------------------------------------------------
[2022-12-04 17:05:00,551] {taskinstance.py:1259} INFO - Executing <Task(PythonOperator): save_to_csv> on 2022-11-09 20:40:00+00:00
[2022-12-04 17:05:00,556] {standard_task_runner.py:52} INFO - Started process 16377 to run task
[2022-12-04 17:05:00,561] {standard_task_runner.py:76} INFO - Running: ['***', 'tasks', 'run', 'dag1', 'save_to_csv', 'scheduled__2022-11-09T20:40:00+00:00', '--job-id', '10130', '--raw', '--subdir', 'DAGS_FOLDER/AirflowClean2.py', '--cfg-path', '/tmp/tmpxugkger2', '--error-file', '/tmp/tmpm2crq04w']
[2022-12-04 17:05:00,562] {standard_task_runner.py:77} INFO - Job 10130: Subtask save_to_csv
[2022-12-04 17:05:00,632] {logging_mixin.py:109} INFO - Running <TaskInstance: dag1.save_to_csv scheduled__2022-11-09T20:40:00+00:00 [running]> on host 7a020590adae
[2022-12-04 17:05:00,713] {taskinstance.py:1426} INFO - Exporting the following env vars:
AIRFLOW_CTX_DAG_OWNER=Fadlil
AIRFLOW_CTX_DAG_ID=dag1
AIRFLOW_CTX_TASK_ID=save_to_csv
AIRFLOW_CTX_EXECUTION_DATE=2022-11-09T20:40:00+00:00
AIRFLOW_CTX_DAG_RUN_ID=scheduled__2022-11-09T20:40:00+00:00
[2022-12-04 17:05:00,755] {python.py:175} INFO - Done. Returned value was: None
[2022-12-04 17:05:01,155] {taskinstance.py:1277} INFO - Marking task as SUCCESS. dag_id=dag1, task_id=save_to_csv, execution_date=20221109T204000, start_date=20221204T170500, end_date=20221204T170501
[2022-12-04 17:05:01,217] {local_task_job.py:154} INFO - Task exited with return code 0
[2022-12-04 17:05:01,269] {local_task_job.py:264} INFO - 1 downstream tasks scheduled from follow-on schedule check
