[2022-12-04 11:00:33,965] {taskinstance.py:1032} INFO - Dependencies all met for <TaskInstance: dag1.save_to_csv scheduled__2022-11-03T15:50:00+00:00 [queued]>
[2022-12-04 11:00:34,050] {taskinstance.py:1032} INFO - Dependencies all met for <TaskInstance: dag1.save_to_csv scheduled__2022-11-03T15:50:00+00:00 [queued]>
[2022-12-04 11:00:34,051] {taskinstance.py:1238} INFO - 
--------------------------------------------------------------------------------
[2022-12-04 11:00:34,052] {taskinstance.py:1239} INFO - Starting attempt 1 of 2
[2022-12-04 11:00:34,053] {taskinstance.py:1240} INFO - 
--------------------------------------------------------------------------------
[2022-12-04 11:00:34,110] {taskinstance.py:1259} INFO - Executing <Task(PythonOperator): save_to_csv> on 2022-11-03 15:50:00+00:00
[2022-12-04 11:00:34,137] {standard_task_runner.py:52} INFO - Started process 11482 to run task
[2022-12-04 11:00:34,173] {standard_task_runner.py:76} INFO - Running: ['***', 'tasks', 'run', 'dag1', 'save_to_csv', 'scheduled__2022-11-03T15:50:00+00:00', '--job-id', '4907', '--raw', '--subdir', 'DAGS_FOLDER/AirflowClean2.py', '--cfg-path', '/tmp/tmpij4wj1kq', '--error-file', '/tmp/tmpubur72wc']
[2022-12-04 11:00:34,178] {standard_task_runner.py:77} INFO - Job 4907: Subtask save_to_csv
[2022-12-04 11:00:34,639] {logging_mixin.py:109} INFO - Running <TaskInstance: dag1.save_to_csv scheduled__2022-11-03T15:50:00+00:00 [running]> on host 9e44869ff3ef
[2022-12-04 11:00:35,215] {taskinstance.py:1426} INFO - Exporting the following env vars:
AIRFLOW_CTX_DAG_OWNER=Fadlil
AIRFLOW_CTX_DAG_ID=dag1
AIRFLOW_CTX_TASK_ID=save_to_csv
AIRFLOW_CTX_EXECUTION_DATE=2022-11-03T15:50:00+00:00
AIRFLOW_CTX_DAG_RUN_ID=scheduled__2022-11-03T15:50:00+00:00
[2022-12-04 11:00:35,503] {python.py:175} INFO - Done. Returned value was: None
[2022-12-04 11:00:36,105] {taskinstance.py:1277} INFO - Marking task as SUCCESS. dag_id=dag1, task_id=save_to_csv, execution_date=20221103T155000, start_date=20221204T110033, end_date=20221204T110036
[2022-12-04 11:00:36,306] {local_task_job.py:154} INFO - Task exited with return code 0
[2022-12-04 11:00:36,548] {local_task_job.py:264} INFO - 1 downstream tasks scheduled from follow-on schedule check
