[2022-12-04 14:40:18,428] {taskinstance.py:1032} INFO - Dependencies all met for <TaskInstance: dag1.get_data scheduled__2022-11-08T16:30:00+00:00 [queued]>
[2022-12-04 14:40:18,449] {taskinstance.py:1032} INFO - Dependencies all met for <TaskInstance: dag1.get_data scheduled__2022-11-08T16:30:00+00:00 [queued]>
[2022-12-04 14:40:18,449] {taskinstance.py:1238} INFO - 
--------------------------------------------------------------------------------
[2022-12-04 14:40:18,450] {taskinstance.py:1239} INFO - Starting attempt 1 of 2
[2022-12-04 14:40:18,450] {taskinstance.py:1240} INFO - 
--------------------------------------------------------------------------------
[2022-12-04 14:40:18,472] {taskinstance.py:1259} INFO - Executing <Task(PythonOperator): get_data> on 2022-11-08 16:30:00+00:00
[2022-12-04 14:40:18,477] {standard_task_runner.py:52} INFO - Started process 11106 to run task
[2022-12-04 14:40:18,482] {standard_task_runner.py:76} INFO - Running: ['***', 'tasks', 'run', 'dag1', 'get_data', 'scheduled__2022-11-08T16:30:00+00:00', '--job-id', '9043', '--raw', '--subdir', 'DAGS_FOLDER/AirflowClean2.py', '--cfg-path', '/tmp/tmpswk8ek4z', '--error-file', '/tmp/tmpk2_v2fv3']
[2022-12-04 14:40:18,483] {standard_task_runner.py:77} INFO - Job 9043: Subtask get_data
[2022-12-04 14:40:18,550] {logging_mixin.py:109} INFO - Running <TaskInstance: dag1.get_data scheduled__2022-11-08T16:30:00+00:00 [running]> on host 7a020590adae
[2022-12-04 14:40:18,652] {taskinstance.py:1426} INFO - Exporting the following env vars:
AIRFLOW_CTX_DAG_OWNER=Fadlil
AIRFLOW_CTX_DAG_ID=dag1
AIRFLOW_CTX_TASK_ID=get_data
AIRFLOW_CTX_EXECUTION_DATE=2022-11-08T16:30:00+00:00
AIRFLOW_CTX_DAG_RUN_ID=scheduled__2022-11-08T16:30:00+00:00
[2022-12-04 14:40:19,312] {python.py:175} INFO - Done. Returned value was: None
[2022-12-04 14:40:19,619] {taskinstance.py:1277} INFO - Marking task as SUCCESS. dag_id=dag1, task_id=get_data, execution_date=20221108T163000, start_date=20221204T144018, end_date=20221204T144019
[2022-12-04 14:40:19,660] {local_task_job.py:154} INFO - Task exited with return code 0
[2022-12-04 14:40:19,783] {local_task_job.py:264} INFO - 1 downstream tasks scheduled from follow-on schedule check
