[2022-12-04 03:50:19,100] {taskinstance.py:1032} INFO - Dependencies all met for <TaskInstance: dag1.save_to_csv scheduled__2022-10-27T18:40:00+00:00 [queued]>
[2022-12-04 03:50:19,186] {taskinstance.py:1032} INFO - Dependencies all met for <TaskInstance: dag1.save_to_csv scheduled__2022-10-27T18:40:00+00:00 [queued]>
[2022-12-04 03:50:19,186] {taskinstance.py:1238} INFO - 
--------------------------------------------------------------------------------
[2022-12-04 03:50:19,187] {taskinstance.py:1239} INFO - Starting attempt 1 of 2
[2022-12-04 03:50:19,188] {taskinstance.py:1240} INFO - 
--------------------------------------------------------------------------------
[2022-12-04 03:50:19,301] {taskinstance.py:1259} INFO - Executing <Task(PythonOperator): save_to_csv> on 2022-10-27 18:40:00+00:00
[2022-12-04 03:50:19,326] {standard_task_runner.py:52} INFO - Started process 2972 to run task
[2022-12-04 03:50:19,334] {standard_task_runner.py:76} INFO - Running: ['***', 'tasks', 'run', 'dag1', 'save_to_csv', 'scheduled__2022-10-27T18:40:00+00:00', '--job-id', '1061', '--raw', '--subdir', 'DAGS_FOLDER/AirflowClean2.py', '--cfg-path', '/tmp/tmpi5aoeuqf', '--error-file', '/tmp/tmpi2ffnsw_']
[2022-12-04 03:50:19,400] {standard_task_runner.py:77} INFO - Job 1061: Subtask save_to_csv
[2022-12-04 03:50:19,756] {logging_mixin.py:109} INFO - Running <TaskInstance: dag1.save_to_csv scheduled__2022-10-27T18:40:00+00:00 [running]> on host 422c372562ce
[2022-12-04 03:50:20,520] {taskinstance.py:1426} INFO - Exporting the following env vars:
AIRFLOW_CTX_DAG_OWNER=Fadlil
AIRFLOW_CTX_DAG_ID=dag1
AIRFLOW_CTX_TASK_ID=save_to_csv
AIRFLOW_CTX_EXECUTION_DATE=2022-10-27T18:40:00+00:00
AIRFLOW_CTX_DAG_RUN_ID=scheduled__2022-10-27T18:40:00+00:00
[2022-12-04 03:50:26,232] {python.py:175} INFO - Done. Returned value was: None
[2022-12-04 03:50:26,367] {taskinstance.py:1277} INFO - Marking task as SUCCESS. dag_id=dag1, task_id=save_to_csv, execution_date=20221027T184000, start_date=20221204T035019, end_date=20221204T035026
[2022-12-04 03:50:26,604] {local_task_job.py:154} INFO - Task exited with return code 0
[2022-12-04 03:50:26,751] {local_task_job.py:264} INFO - 1 downstream tasks scheduled from follow-on schedule check
