[2022-12-04 10:44:09,465] {taskinstance.py:1032} INFO - Dependencies all met for <TaskInstance: dag1.save_to_parquet scheduled__2022-11-01T20:50:00+00:00 [queued]>
[2022-12-04 10:44:09,563] {taskinstance.py:1032} INFO - Dependencies all met for <TaskInstance: dag1.save_to_parquet scheduled__2022-11-01T20:50:00+00:00 [queued]>
[2022-12-04 10:44:09,564] {taskinstance.py:1238} INFO - 
--------------------------------------------------------------------------------
[2022-12-04 10:44:09,584] {taskinstance.py:1239} INFO - Starting attempt 1 of 2
[2022-12-04 10:44:09,585] {taskinstance.py:1240} INFO - 
--------------------------------------------------------------------------------
[2022-12-04 10:44:09,660] {taskinstance.py:1259} INFO - Executing <Task(PythonOperator): save_to_parquet> on 2022-11-01 20:50:00+00:00
[2022-12-04 10:44:09,670] {standard_task_runner.py:52} INFO - Started process 7928 to run task
[2022-12-04 10:44:09,689] {standard_task_runner.py:76} INFO - Running: ['***', 'tasks', 'run', 'dag1', 'save_to_parquet', 'scheduled__2022-11-01T20:50:00+00:00', '--job-id', '3877', '--raw', '--subdir', 'DAGS_FOLDER/AirflowClean2.py', '--cfg-path', '/tmp/tmp939p4q6e', '--error-file', '/tmp/tmp17e4m2bf']
[2022-12-04 10:44:09,761] {standard_task_runner.py:77} INFO - Job 3877: Subtask save_to_parquet
[2022-12-04 10:44:10,131] {logging_mixin.py:109} INFO - Running <TaskInstance: dag1.save_to_parquet scheduled__2022-11-01T20:50:00+00:00 [running]> on host 9e44869ff3ef
[2022-12-04 10:44:10,468] {taskinstance.py:1426} INFO - Exporting the following env vars:
AIRFLOW_CTX_DAG_OWNER=Fadlil
AIRFLOW_CTX_DAG_ID=dag1
AIRFLOW_CTX_TASK_ID=save_to_parquet
AIRFLOW_CTX_EXECUTION_DATE=2022-11-01T20:50:00+00:00
AIRFLOW_CTX_DAG_RUN_ID=scheduled__2022-11-01T20:50:00+00:00
[2022-12-04 10:44:10,696] {python.py:175} INFO - Done. Returned value was: None
[2022-12-04 10:44:10,732] {taskinstance.py:1277} INFO - Marking task as SUCCESS. dag_id=dag1, task_id=save_to_parquet, execution_date=20221101T205000, start_date=20221204T104409, end_date=20221204T104410
[2022-12-04 10:44:10,847] {local_task_job.py:154} INFO - Task exited with return code 0
[2022-12-04 10:44:11,002] {local_task_job.py:264} INFO - 1 downstream tasks scheduled from follow-on schedule check
