[2022-12-04 15:13:42,268] {taskinstance.py:1032} INFO - Dependencies all met for <TaskInstance: dag1.save_to_parquet scheduled__2022-11-09T08:40:00+00:00 [queued]>
[2022-12-04 15:13:42,281] {taskinstance.py:1032} INFO - Dependencies all met for <TaskInstance: dag1.save_to_parquet scheduled__2022-11-09T08:40:00+00:00 [queued]>
[2022-12-04 15:13:42,282] {taskinstance.py:1238} INFO - 
--------------------------------------------------------------------------------
[2022-12-04 15:13:42,282] {taskinstance.py:1239} INFO - Starting attempt 1 of 2
[2022-12-04 15:13:42,282] {taskinstance.py:1240} INFO - 
--------------------------------------------------------------------------------
[2022-12-04 15:13:42,302] {taskinstance.py:1259} INFO - Executing <Task(PythonOperator): save_to_parquet> on 2022-11-09 08:40:00+00:00
[2022-12-04 15:13:42,310] {standard_task_runner.py:52} INFO - Started process 14183 to run task
[2022-12-04 15:13:42,318] {standard_task_runner.py:76} INFO - Running: ['***', 'tasks', 'run', 'dag1', 'save_to_parquet', 'scheduled__2022-11-09T08:40:00+00:00', '--job-id', '9674', '--raw', '--subdir', 'DAGS_FOLDER/AirflowClean2.py', '--cfg-path', '/tmp/tmpjr9tai0y', '--error-file', '/tmp/tmp6175autn']
[2022-12-04 15:13:42,320] {standard_task_runner.py:77} INFO - Job 9674: Subtask save_to_parquet
[2022-12-04 15:13:42,442] {logging_mixin.py:109} INFO - Running <TaskInstance: dag1.save_to_parquet scheduled__2022-11-09T08:40:00+00:00 [running]> on host 7a020590adae
[2022-12-04 15:13:42,533] {taskinstance.py:1426} INFO - Exporting the following env vars:
AIRFLOW_CTX_DAG_OWNER=Fadlil
AIRFLOW_CTX_DAG_ID=dag1
AIRFLOW_CTX_TASK_ID=save_to_parquet
AIRFLOW_CTX_EXECUTION_DATE=2022-11-09T08:40:00+00:00
AIRFLOW_CTX_DAG_RUN_ID=scheduled__2022-11-09T08:40:00+00:00
[2022-12-04 15:13:42,575] {python.py:175} INFO - Done. Returned value was: None
[2022-12-04 15:13:42,592] {taskinstance.py:1277} INFO - Marking task as SUCCESS. dag_id=dag1, task_id=save_to_parquet, execution_date=20221109T084000, start_date=20221204T151342, end_date=20221204T151342
[2022-12-04 15:13:42,652] {local_task_job.py:154} INFO - Task exited with return code 0
[2022-12-04 15:13:42,711] {local_task_job.py:264} INFO - 1 downstream tasks scheduled from follow-on schedule check
