[2022-12-04 03:22:40,708] {taskinstance.py:1032} INFO - Dependencies all met for <TaskInstance: dag1.get_data scheduled__2022-10-27T17:20:00+00:00 [queued]>
[2022-12-04 03:22:40,784] {taskinstance.py:1032} INFO - Dependencies all met for <TaskInstance: dag1.get_data scheduled__2022-10-27T17:20:00+00:00 [queued]>
[2022-12-04 03:22:40,785] {taskinstance.py:1238} INFO - 
--------------------------------------------------------------------------------
[2022-12-04 03:22:40,785] {taskinstance.py:1239} INFO - Starting attempt 1 of 2
[2022-12-04 03:22:40,786] {taskinstance.py:1240} INFO - 
--------------------------------------------------------------------------------
[2022-12-04 03:22:40,906] {taskinstance.py:1259} INFO - Executing <Task(PythonOperator): get_data> on 2022-10-27 17:20:00+00:00
[2022-12-04 03:22:40,911] {standard_task_runner.py:52} INFO - Started process 2608 to run task
[2022-12-04 03:22:40,953] {standard_task_runner.py:76} INFO - Running: ['***', 'tasks', 'run', 'dag1', 'get_data', 'scheduled__2022-10-27T17:20:00+00:00', '--job-id', '1007', '--raw', '--subdir', 'DAGS_FOLDER/AirflowClean2.py', '--cfg-path', '/tmp/tmpudzpmrvq', '--error-file', '/tmp/tmpl9pgat9t']
[2022-12-04 03:22:40,973] {standard_task_runner.py:77} INFO - Job 1007: Subtask get_data
[2022-12-04 03:22:41,366] {logging_mixin.py:109} INFO - Running <TaskInstance: dag1.get_data scheduled__2022-10-27T17:20:00+00:00 [running]> on host 422c372562ce
[2022-12-04 03:22:41,929] {taskinstance.py:1426} INFO - Exporting the following env vars:
AIRFLOW_CTX_DAG_OWNER=Fadlil
AIRFLOW_CTX_DAG_ID=dag1
AIRFLOW_CTX_TASK_ID=get_data
AIRFLOW_CTX_EXECUTION_DATE=2022-10-27T17:20:00+00:00
AIRFLOW_CTX_DAG_RUN_ID=scheduled__2022-10-27T17:20:00+00:00
[2022-12-04 03:22:42,938] {python.py:175} INFO - Done. Returned value was: None
[2022-12-04 03:22:42,959] {taskinstance.py:1277} INFO - Marking task as SUCCESS. dag_id=dag1, task_id=get_data, execution_date=20221027T172000, start_date=20221204T032240, end_date=20221204T032242
[2022-12-04 03:22:43,044] {local_task_job.py:154} INFO - Task exited with return code 0
[2022-12-04 03:22:43,297] {local_task_job.py:264} INFO - 1 downstream tasks scheduled from follow-on schedule check
