[2022-12-03 17:47:28,248] {taskinstance.py:1032} INFO - Dependencies all met for <TaskInstance: dag1.get_data scheduled__2022-10-26T12:40:00+00:00 [queued]>
[2022-12-03 17:47:28,315] {taskinstance.py:1032} INFO - Dependencies all met for <TaskInstance: dag1.get_data scheduled__2022-10-26T12:40:00+00:00 [queued]>
[2022-12-03 17:47:28,316] {taskinstance.py:1238} INFO - 
--------------------------------------------------------------------------------
[2022-12-03 17:47:28,317] {taskinstance.py:1239} INFO - Starting attempt 1 of 2
[2022-12-03 17:47:28,317] {taskinstance.py:1240} INFO - 
--------------------------------------------------------------------------------
[2022-12-03 17:47:28,357] {taskinstance.py:1259} INFO - Executing <Task(PythonOperator): get_data> on 2022-10-26 12:40:00+00:00
[2022-12-03 17:47:28,367] {standard_task_runner.py:52} INFO - Started process 538 to run task
[2022-12-03 17:47:28,378] {standard_task_runner.py:76} INFO - Running: ['***', 'tasks', 'run', 'dag1', 'get_data', 'scheduled__2022-10-26T12:40:00+00:00', '--job-id', '307', '--raw', '--subdir', 'DAGS_FOLDER/AirflowClean2.py', '--cfg-path', '/tmp/tmpzo889e9t', '--error-file', '/tmp/tmp1fsqng45']
[2022-12-03 17:47:28,390] {standard_task_runner.py:77} INFO - Job 307: Subtask get_data
[2022-12-03 17:47:28,545] {logging_mixin.py:109} INFO - Running <TaskInstance: dag1.get_data scheduled__2022-10-26T12:40:00+00:00 [running]> on host 422c372562ce
[2022-12-03 17:47:28,846] {taskinstance.py:1426} INFO - Exporting the following env vars:
AIRFLOW_CTX_DAG_OWNER=Fadlil
AIRFLOW_CTX_DAG_ID=dag1
AIRFLOW_CTX_TASK_ID=get_data
AIRFLOW_CTX_EXECUTION_DATE=2022-10-26T12:40:00+00:00
AIRFLOW_CTX_DAG_RUN_ID=scheduled__2022-10-26T12:40:00+00:00
[2022-12-03 17:47:29,740] {python.py:175} INFO - Done. Returned value was: None
[2022-12-03 17:47:29,776] {taskinstance.py:1277} INFO - Marking task as SUCCESS. dag_id=dag1, task_id=get_data, execution_date=20221026T124000, start_date=20221203T174728, end_date=20221203T174729
[2022-12-03 17:47:29,867] {local_task_job.py:154} INFO - Task exited with return code 0
[2022-12-03 17:47:29,956] {local_task_job.py:264} INFO - 1 downstream tasks scheduled from follow-on schedule check
