[2022-12-04 02:59:49,499] {taskinstance.py:1032} INFO - Dependencies all met for <TaskInstance: dag1.get_data scheduled__2022-10-27T05:50:00+00:00 [queued]>
[2022-12-04 02:59:49,525] {taskinstance.py:1032} INFO - Dependencies all met for <TaskInstance: dag1.get_data scheduled__2022-10-27T05:50:00+00:00 [queued]>
[2022-12-04 02:59:49,525] {taskinstance.py:1238} INFO - 
--------------------------------------------------------------------------------
[2022-12-04 02:59:49,526] {taskinstance.py:1239} INFO - Starting attempt 1 of 2
[2022-12-04 02:59:49,526] {taskinstance.py:1240} INFO - 
--------------------------------------------------------------------------------
[2022-12-04 02:59:49,554] {taskinstance.py:1259} INFO - Executing <Task(PythonOperator): get_data> on 2022-10-27 05:50:00+00:00
[2022-12-04 02:59:49,562] {standard_task_runner.py:52} INFO - Started process 977 to run task
[2022-12-04 02:59:49,567] {standard_task_runner.py:76} INFO - Running: ['***', 'tasks', 'run', 'dag1', 'get_data', 'scheduled__2022-10-27T05:50:00+00:00', '--job-id', '747', '--raw', '--subdir', 'DAGS_FOLDER/AirflowClean2.py', '--cfg-path', '/tmp/tmpp5js2msr', '--error-file', '/tmp/tmp1mbrrxsr']
[2022-12-04 02:59:49,584] {standard_task_runner.py:77} INFO - Job 747: Subtask get_data
[2022-12-04 02:59:49,752] {logging_mixin.py:109} INFO - Running <TaskInstance: dag1.get_data scheduled__2022-10-27T05:50:00+00:00 [running]> on host 422c372562ce
[2022-12-04 02:59:49,870] {taskinstance.py:1426} INFO - Exporting the following env vars:
AIRFLOW_CTX_DAG_OWNER=Fadlil
AIRFLOW_CTX_DAG_ID=dag1
AIRFLOW_CTX_TASK_ID=get_data
AIRFLOW_CTX_EXECUTION_DATE=2022-10-27T05:50:00+00:00
AIRFLOW_CTX_DAG_RUN_ID=scheduled__2022-10-27T05:50:00+00:00
[2022-12-04 02:59:50,622] {python.py:175} INFO - Done. Returned value was: None
[2022-12-04 02:59:50,686] {taskinstance.py:1277} INFO - Marking task as SUCCESS. dag_id=dag1, task_id=get_data, execution_date=20221027T055000, start_date=20221204T025949, end_date=20221204T025950
[2022-12-04 02:59:50,804] {local_task_job.py:154} INFO - Task exited with return code 0
[2022-12-04 02:59:50,909] {local_task_job.py:264} INFO - 1 downstream tasks scheduled from follow-on schedule check
