[2022-12-04 10:59:24,235] {taskinstance.py:1032} INFO - Dependencies all met for <TaskInstance: dag1.save_to_parquet scheduled__2022-11-03T12:40:00+00:00 [queued]>
[2022-12-04 10:59:24,291] {taskinstance.py:1032} INFO - Dependencies all met for <TaskInstance: dag1.save_to_parquet scheduled__2022-11-03T12:40:00+00:00 [queued]>
[2022-12-04 10:59:24,292] {taskinstance.py:1238} INFO - 
--------------------------------------------------------------------------------
[2022-12-04 10:59:24,295] {taskinstance.py:1239} INFO - Starting attempt 1 of 2
[2022-12-04 10:59:24,296] {taskinstance.py:1240} INFO - 
--------------------------------------------------------------------------------
[2022-12-04 10:59:24,369] {taskinstance.py:1259} INFO - Executing <Task(PythonOperator): save_to_parquet> on 2022-11-03 12:40:00+00:00
[2022-12-04 10:59:24,376] {standard_task_runner.py:52} INFO - Started process 11238 to run task
[2022-12-04 10:59:24,410] {standard_task_runner.py:76} INFO - Running: ['***', 'tasks', 'run', 'dag1', 'save_to_parquet', 'scheduled__2022-11-03T12:40:00+00:00', '--job-id', '4836', '--raw', '--subdir', 'DAGS_FOLDER/AirflowClean2.py', '--cfg-path', '/tmp/tmp6v4h6yx9', '--error-file', '/tmp/tmp48mygmag']
[2022-12-04 10:59:24,413] {standard_task_runner.py:77} INFO - Job 4836: Subtask save_to_parquet
[2022-12-04 10:59:24,774] {logging_mixin.py:109} INFO - Running <TaskInstance: dag1.save_to_parquet scheduled__2022-11-03T12:40:00+00:00 [running]> on host 9e44869ff3ef
[2022-12-04 10:59:25,013] {taskinstance.py:1426} INFO - Exporting the following env vars:
AIRFLOW_CTX_DAG_OWNER=Fadlil
AIRFLOW_CTX_DAG_ID=dag1
AIRFLOW_CTX_TASK_ID=save_to_parquet
AIRFLOW_CTX_EXECUTION_DATE=2022-11-03T12:40:00+00:00
AIRFLOW_CTX_DAG_RUN_ID=scheduled__2022-11-03T12:40:00+00:00
[2022-12-04 10:59:25,737] {python.py:175} INFO - Done. Returned value was: None
[2022-12-04 10:59:25,776] {taskinstance.py:1277} INFO - Marking task as SUCCESS. dag_id=dag1, task_id=save_to_parquet, execution_date=20221103T124000, start_date=20221204T105924, end_date=20221204T105925
[2022-12-04 10:59:25,917] {local_task_job.py:154} INFO - Task exited with return code 0
[2022-12-04 10:59:26,016] {local_task_job.py:264} INFO - 1 downstream tasks scheduled from follow-on schedule check
