[2022-12-04 10:59:03,717] {taskinstance.py:1032} INFO - Dependencies all met for <TaskInstance: dag1.save_to_parquet scheduled__2022-11-03T11:00:00+00:00 [queued]>
[2022-12-04 10:59:03,819] {taskinstance.py:1032} INFO - Dependencies all met for <TaskInstance: dag1.save_to_parquet scheduled__2022-11-03T11:00:00+00:00 [queued]>
[2022-12-04 10:59:03,821] {taskinstance.py:1238} INFO - 
--------------------------------------------------------------------------------
[2022-12-04 10:59:03,827] {taskinstance.py:1239} INFO - Starting attempt 1 of 2
[2022-12-04 10:59:03,828] {taskinstance.py:1240} INFO - 
--------------------------------------------------------------------------------
[2022-12-04 10:59:03,935] {taskinstance.py:1259} INFO - Executing <Task(PythonOperator): save_to_parquet> on 2022-11-03 11:00:00+00:00
[2022-12-04 10:59:04,000] {standard_task_runner.py:76} INFO - Running: ['***', 'tasks', 'run', 'dag1', 'save_to_parquet', 'scheduled__2022-11-03T11:00:00+00:00', '--job-id', '4809', '--raw', '--subdir', 'DAGS_FOLDER/AirflowClean2.py', '--cfg-path', '/tmp/tmptb8uujog', '--error-file', '/tmp/tmpwyp0efgn']
[2022-12-04 10:59:03,983] {standard_task_runner.py:52} INFO - Started process 11157 to run task
[2022-12-04 10:59:04,010] {standard_task_runner.py:77} INFO - Job 4809: Subtask save_to_parquet
[2022-12-04 10:59:04,429] {logging_mixin.py:109} INFO - Running <TaskInstance: dag1.save_to_parquet scheduled__2022-11-03T11:00:00+00:00 [running]> on host 9e44869ff3ef
[2022-12-04 10:59:05,011] {taskinstance.py:1426} INFO - Exporting the following env vars:
AIRFLOW_CTX_DAG_OWNER=Fadlil
AIRFLOW_CTX_DAG_ID=dag1
AIRFLOW_CTX_TASK_ID=save_to_parquet
AIRFLOW_CTX_EXECUTION_DATE=2022-11-03T11:00:00+00:00
AIRFLOW_CTX_DAG_RUN_ID=scheduled__2022-11-03T11:00:00+00:00
[2022-12-04 10:59:05,153] {python.py:175} INFO - Done. Returned value was: None
[2022-12-04 10:59:05,271] {taskinstance.py:1277} INFO - Marking task as SUCCESS. dag_id=dag1, task_id=save_to_parquet, execution_date=20221103T110000, start_date=20221204T105903, end_date=20221204T105905
[2022-12-04 10:59:05,484] {local_task_job.py:154} INFO - Task exited with return code 0
[2022-12-04 10:59:05,776] {local_task_job.py:264} INFO - 1 downstream tasks scheduled from follow-on schedule check
