[2022-12-04 17:47:54,444] {taskinstance.py:1032} INFO - Dependencies all met for <TaskInstance: dag1.local_to_gcs_task scheduled__2022-11-10T17:00:00+00:00 [queued]>
[2022-12-04 17:47:54,494] {taskinstance.py:1032} INFO - Dependencies all met for <TaskInstance: dag1.local_to_gcs_task scheduled__2022-11-10T17:00:00+00:00 [queued]>
[2022-12-04 17:47:54,497] {taskinstance.py:1238} INFO - 
--------------------------------------------------------------------------------
[2022-12-04 17:47:54,497] {taskinstance.py:1239} INFO - Starting attempt 1 of 2
[2022-12-04 17:47:54,498] {taskinstance.py:1240} INFO - 
--------------------------------------------------------------------------------
[2022-12-04 17:47:54,554] {taskinstance.py:1259} INFO - Executing <Task(PythonOperator): local_to_gcs_task> on 2022-11-10 17:00:00+00:00
[2022-12-04 17:47:54,563] {standard_task_runner.py:52} INFO - Started process 20142 to run task
[2022-12-04 17:47:54,581] {standard_task_runner.py:76} INFO - Running: ['***', 'tasks', 'run', 'dag1', 'local_to_gcs_task', 'scheduled__2022-11-10T17:00:00+00:00', '--job-id', '10915', '--raw', '--subdir', 'DAGS_FOLDER/AirflowClean2.py', '--cfg-path', '/tmp/tmprlpnsiz5', '--error-file', '/tmp/tmpl5coqn_r']
[2022-12-04 17:47:54,584] {standard_task_runner.py:77} INFO - Job 10915: Subtask local_to_gcs_task
[2022-12-04 17:47:54,782] {logging_mixin.py:109} INFO - Running <TaskInstance: dag1.local_to_gcs_task scheduled__2022-11-10T17:00:00+00:00 [running]> on host 7a020590adae
[2022-12-04 17:47:54,936] {taskinstance.py:1426} INFO - Exporting the following env vars:
AIRFLOW_CTX_DAG_OWNER=Fadlil
AIRFLOW_CTX_DAG_ID=dag1
AIRFLOW_CTX_TASK_ID=local_to_gcs_task
AIRFLOW_CTX_EXECUTION_DATE=2022-11-10T17:00:00+00:00
AIRFLOW_CTX_DAG_RUN_ID=scheduled__2022-11-10T17:00:00+00:00
[2022-12-04 17:47:55,872] {python.py:175} INFO - Done. Returned value was: None
[2022-12-04 17:47:56,011] {taskinstance.py:1277} INFO - Marking task as SUCCESS. dag_id=dag1, task_id=local_to_gcs_task, execution_date=20221110T170000, start_date=20221204T174754, end_date=20221204T174756
[2022-12-04 17:47:56,210] {local_task_job.py:154} INFO - Task exited with return code 0
[2022-12-04 17:47:56,386] {local_task_job.py:264} INFO - 1 downstream tasks scheduled from follow-on schedule check
