[2022-12-04 11:52:34,507] {taskinstance.py:1032} INFO - Dependencies all met for <TaskInstance: dag1.local_to_gcs_task scheduled__2022-11-05T10:30:00+00:00 [queued]>
[2022-12-04 11:52:34,529] {taskinstance.py:1032} INFO - Dependencies all met for <TaskInstance: dag1.local_to_gcs_task scheduled__2022-11-05T10:30:00+00:00 [queued]>
[2022-12-04 11:52:34,529] {taskinstance.py:1238} INFO - 
--------------------------------------------------------------------------------
[2022-12-04 11:52:34,530] {taskinstance.py:1239} INFO - Starting attempt 1 of 2
[2022-12-04 11:52:34,530] {taskinstance.py:1240} INFO - 
--------------------------------------------------------------------------------
[2022-12-04 11:52:34,552] {taskinstance.py:1259} INFO - Executing <Task(PythonOperator): local_to_gcs_task> on 2022-11-05 10:30:00+00:00
[2022-12-04 11:52:34,561] {standard_task_runner.py:52} INFO - Started process 15859 to run task
[2022-12-04 11:52:34,567] {standard_task_runner.py:76} INFO - Running: ['***', 'tasks', 'run', 'dag1', 'local_to_gcs_task', 'scheduled__2022-11-05T10:30:00+00:00', '--job-id', '6045', '--raw', '--subdir', 'DAGS_FOLDER/AirflowClean2.py', '--cfg-path', '/tmp/tmpnl6std2o', '--error-file', '/tmp/tmp08dr4_93']
[2022-12-04 11:52:34,569] {standard_task_runner.py:77} INFO - Job 6045: Subtask local_to_gcs_task
[2022-12-04 11:52:34,706] {logging_mixin.py:109} INFO - Running <TaskInstance: dag1.local_to_gcs_task scheduled__2022-11-05T10:30:00+00:00 [running]> on host 9e44869ff3ef
[2022-12-04 11:52:34,842] {taskinstance.py:1426} INFO - Exporting the following env vars:
AIRFLOW_CTX_DAG_OWNER=Fadlil
AIRFLOW_CTX_DAG_ID=dag1
AIRFLOW_CTX_TASK_ID=local_to_gcs_task
AIRFLOW_CTX_EXECUTION_DATE=2022-11-05T10:30:00+00:00
AIRFLOW_CTX_DAG_RUN_ID=scheduled__2022-11-05T10:30:00+00:00
[2022-12-04 11:52:35,789] {python.py:175} INFO - Done. Returned value was: None
[2022-12-04 11:52:36,127] {taskinstance.py:1277} INFO - Marking task as SUCCESS. dag_id=dag1, task_id=local_to_gcs_task, execution_date=20221105T103000, start_date=20221204T115234, end_date=20221204T115236
[2022-12-04 11:52:36,185] {local_task_job.py:154} INFO - Task exited with return code 0
[2022-12-04 11:52:36,252] {local_task_job.py:264} INFO - 1 downstream tasks scheduled from follow-on schedule check
