[2022-12-04 17:40:54,990] {taskinstance.py:1032} INFO - Dependencies all met for <TaskInstance: dag1.delete_local_file scheduled__2022-11-10T14:10:00+00:00 [queued]>
[2022-12-04 17:40:55,008] {taskinstance.py:1032} INFO - Dependencies all met for <TaskInstance: dag1.delete_local_file scheduled__2022-11-10T14:10:00+00:00 [queued]>
[2022-12-04 17:40:55,009] {taskinstance.py:1238} INFO - 
--------------------------------------------------------------------------------
[2022-12-04 17:40:55,009] {taskinstance.py:1239} INFO - Starting attempt 1 of 2
[2022-12-04 17:40:55,010] {taskinstance.py:1240} INFO - 
--------------------------------------------------------------------------------
[2022-12-04 17:40:55,029] {taskinstance.py:1259} INFO - Executing <Task(PythonOperator): delete_local_file> on 2022-11-10 14:10:00+00:00
[2022-12-04 17:40:55,037] {standard_task_runner.py:52} INFO - Started process 19588 to run task
[2022-12-04 17:40:55,055] {standard_task_runner.py:76} INFO - Running: ['***', 'tasks', 'run', 'dag1', 'delete_local_file', 'scheduled__2022-11-10T14:10:00+00:00', '--job-id', '10798', '--raw', '--subdir', 'DAGS_FOLDER/AirflowClean2.py', '--cfg-path', '/tmp/tmp66u7kfl8', '--error-file', '/tmp/tmpfdxj5y5k']
[2022-12-04 17:40:55,062] {standard_task_runner.py:77} INFO - Job 10798: Subtask delete_local_file
[2022-12-04 17:40:55,179] {logging_mixin.py:109} INFO - Running <TaskInstance: dag1.delete_local_file scheduled__2022-11-10T14:10:00+00:00 [running]> on host 7a020590adae
[2022-12-04 17:40:55,296] {taskinstance.py:1426} INFO - Exporting the following env vars:
AIRFLOW_CTX_DAG_OWNER=Fadlil
AIRFLOW_CTX_DAG_ID=dag1
AIRFLOW_CTX_TASK_ID=delete_local_file
AIRFLOW_CTX_EXECUTION_DATE=2022-11-10T14:10:00+00:00
AIRFLOW_CTX_DAG_RUN_ID=scheduled__2022-11-10T14:10:00+00:00
[2022-12-04 17:40:55,301] {python.py:175} INFO - Done. Returned value was: None
[2022-12-04 17:40:55,323] {taskinstance.py:1277} INFO - Marking task as SUCCESS. dag_id=dag1, task_id=delete_local_file, execution_date=20221110T141000, start_date=20221204T174054, end_date=20221204T174055
[2022-12-04 17:40:55,395] {local_task_job.py:154} INFO - Task exited with return code 0
[2022-12-04 17:40:55,450] {local_task_job.py:264} INFO - 0 downstream tasks scheduled from follow-on schedule check
