[2022-12-04 10:58:55,695] {taskinstance.py:1032} INFO - Dependencies all met for <TaskInstance: dag1.get_data scheduled__2022-11-03T11:40:00+00:00 [queued]>
[2022-12-04 10:58:55,787] {taskinstance.py:1032} INFO - Dependencies all met for <TaskInstance: dag1.get_data scheduled__2022-11-03T11:40:00+00:00 [queued]>
[2022-12-04 10:58:55,790] {taskinstance.py:1238} INFO - 
--------------------------------------------------------------------------------
[2022-12-04 10:58:55,791] {taskinstance.py:1239} INFO - Starting attempt 1 of 2
[2022-12-04 10:58:55,792] {taskinstance.py:1240} INFO - 
--------------------------------------------------------------------------------
[2022-12-04 10:58:55,958] {taskinstance.py:1259} INFO - Executing <Task(PythonOperator): get_data> on 2022-11-03 11:40:00+00:00
[2022-12-04 10:58:55,976] {standard_task_runner.py:52} INFO - Started process 11118 to run task
[2022-12-04 10:58:55,990] {standard_task_runner.py:76} INFO - Running: ['***', 'tasks', 'run', 'dag1', 'get_data', 'scheduled__2022-11-03T11:40:00+00:00', '--job-id', '4800', '--raw', '--subdir', 'DAGS_FOLDER/AirflowClean2.py', '--cfg-path', '/tmp/tmpjd1_p9md', '--error-file', '/tmp/tmps8e_itaz']
[2022-12-04 10:58:55,993] {standard_task_runner.py:77} INFO - Job 4800: Subtask get_data
[2022-12-04 10:58:56,357] {logging_mixin.py:109} INFO - Running <TaskInstance: dag1.get_data scheduled__2022-11-03T11:40:00+00:00 [running]> on host 9e44869ff3ef
[2022-12-04 10:58:56,719] {taskinstance.py:1426} INFO - Exporting the following env vars:
AIRFLOW_CTX_DAG_OWNER=Fadlil
AIRFLOW_CTX_DAG_ID=dag1
AIRFLOW_CTX_TASK_ID=get_data
AIRFLOW_CTX_EXECUTION_DATE=2022-11-03T11:40:00+00:00
AIRFLOW_CTX_DAG_RUN_ID=scheduled__2022-11-03T11:40:00+00:00
[2022-12-04 10:58:57,443] {python.py:175} INFO - Done. Returned value was: None
[2022-12-04 10:58:57,481] {taskinstance.py:1277} INFO - Marking task as SUCCESS. dag_id=dag1, task_id=get_data, execution_date=20221103T114000, start_date=20221204T105855, end_date=20221204T105857
[2022-12-04 10:58:57,619] {local_task_job.py:154} INFO - Task exited with return code 0
[2022-12-04 10:58:57,882] {local_task_job.py:264} INFO - 1 downstream tasks scheduled from follow-on schedule check
