[2022-12-04 10:33:33,578] {taskinstance.py:1032} INFO - Dependencies all met for <TaskInstance: dag1.local_to_gcs_task scheduled__2022-10-31T19:50:00+00:00 [queued]>
[2022-12-04 10:33:33,623] {taskinstance.py:1032} INFO - Dependencies all met for <TaskInstance: dag1.local_to_gcs_task scheduled__2022-10-31T19:50:00+00:00 [queued]>
[2022-12-04 10:33:33,626] {taskinstance.py:1238} INFO - 
--------------------------------------------------------------------------------
[2022-12-04 10:33:33,627] {taskinstance.py:1239} INFO - Starting attempt 1 of 2
[2022-12-04 10:33:33,627] {taskinstance.py:1240} INFO - 
--------------------------------------------------------------------------------
[2022-12-04 10:33:33,675] {taskinstance.py:1259} INFO - Executing <Task(PythonOperator): local_to_gcs_task> on 2022-10-31 19:50:00+00:00
[2022-12-04 10:33:33,682] {standard_task_runner.py:52} INFO - Started process 5831 to run task
[2022-12-04 10:33:33,697] {standard_task_runner.py:76} INFO - Running: ['***', 'tasks', 'run', 'dag1', 'local_to_gcs_task', 'scheduled__2022-10-31T19:50:00+00:00', '--job-id', '3282', '--raw', '--subdir', 'DAGS_FOLDER/AirflowClean2.py', '--cfg-path', '/tmp/tmpkuzay627', '--error-file', '/tmp/tmpg42b8fab']
[2022-12-04 10:33:33,701] {standard_task_runner.py:77} INFO - Job 3282: Subtask local_to_gcs_task
[2022-12-04 10:33:33,844] {logging_mixin.py:109} INFO - Running <TaskInstance: dag1.local_to_gcs_task scheduled__2022-10-31T19:50:00+00:00 [running]> on host 9e44869ff3ef
[2022-12-04 10:33:34,018] {taskinstance.py:1426} INFO - Exporting the following env vars:
AIRFLOW_CTX_DAG_OWNER=Fadlil
AIRFLOW_CTX_DAG_ID=dag1
AIRFLOW_CTX_TASK_ID=local_to_gcs_task
AIRFLOW_CTX_EXECUTION_DATE=2022-10-31T19:50:00+00:00
AIRFLOW_CTX_DAG_RUN_ID=scheduled__2022-10-31T19:50:00+00:00
[2022-12-04 10:33:34,818] {python.py:175} INFO - Done. Returned value was: None
[2022-12-04 10:33:35,274] {taskinstance.py:1277} INFO - Marking task as SUCCESS. dag_id=dag1, task_id=local_to_gcs_task, execution_date=20221031T195000, start_date=20221204T103333, end_date=20221204T103335
[2022-12-04 10:33:35,370] {local_task_job.py:154} INFO - Task exited with return code 0
[2022-12-04 10:33:35,482] {local_task_job.py:264} INFO - 0 downstream tasks scheduled from follow-on schedule check
