[2022-12-04 13:53:17,202] {taskinstance.py:1032} INFO - Dependencies all met for <TaskInstance: dag1.bigquery_external_table_task scheduled__2022-11-07T17:00:00+00:00 [queued]>
[2022-12-04 13:53:17,217] {taskinstance.py:1032} INFO - Dependencies all met for <TaskInstance: dag1.bigquery_external_table_task scheduled__2022-11-07T17:00:00+00:00 [queued]>
[2022-12-04 13:53:17,218] {taskinstance.py:1238} INFO - 
--------------------------------------------------------------------------------
[2022-12-04 13:53:17,218] {taskinstance.py:1239} INFO - Starting attempt 1 of 2
[2022-12-04 13:53:17,219] {taskinstance.py:1240} INFO - 
--------------------------------------------------------------------------------
[2022-12-04 13:53:17,249] {taskinstance.py:1259} INFO - Executing <Task(BigQueryCreateExternalTableOperator): bigquery_external_table_task> on 2022-11-07 17:00:00+00:00
[2022-12-04 13:53:17,257] {standard_task_runner.py:52} INFO - Started process 6853 to run task
[2022-12-04 13:53:17,261] {standard_task_runner.py:76} INFO - Running: ['***', 'tasks', 'run', 'dag1', 'bigquery_external_table_task', 'scheduled__2022-11-07T17:00:00+00:00', '--job-id', '8155', '--raw', '--subdir', 'DAGS_FOLDER/AirflowClean2.py', '--cfg-path', '/tmp/tmpog4isdb2', '--error-file', '/tmp/tmpsy3yj8lc']
[2022-12-04 13:53:17,263] {standard_task_runner.py:77} INFO - Job 8155: Subtask bigquery_external_table_task
[2022-12-04 13:53:17,783] {logging_mixin.py:109} INFO - Running <TaskInstance: dag1.bigquery_external_table_task scheduled__2022-11-07T17:00:00+00:00 [running]> on host 7a020590adae
[2022-12-04 13:53:17,887] {taskinstance.py:1426} INFO - Exporting the following env vars:
AIRFLOW_CTX_DAG_OWNER=Fadlil
AIRFLOW_CTX_DAG_ID=dag1
AIRFLOW_CTX_TASK_ID=bigquery_external_table_task
AIRFLOW_CTX_EXECUTION_DATE=2022-11-07T17:00:00+00:00
AIRFLOW_CTX_DAG_RUN_ID=scheduled__2022-11-07T17:00:00+00:00
[2022-12-04 13:53:17,889] {crypto.py:82} WARNING - empty cryptography key - values will not be stored encrypted.
[2022-12-04 13:53:18,919] {taskinstance.py:1277} INFO - Marking task as SUCCESS. dag_id=dag1, task_id=bigquery_external_table_task, execution_date=20221107T170000, start_date=20221204T135317, end_date=20221204T135318
[2022-12-04 13:53:18,971] {local_task_job.py:154} INFO - Task exited with return code 0
[2022-12-04 13:53:19,026] {local_task_job.py:264} INFO - 1 downstream tasks scheduled from follow-on schedule check
