[2022-12-04 10:02:47,104] {taskinstance.py:1032} INFO - Dependencies all met for <TaskInstance: dag1.save_to_parquet scheduled__2022-10-31T05:20:00+00:00 [queued]>
[2022-12-04 10:02:47,260] {taskinstance.py:1032} INFO - Dependencies all met for <TaskInstance: dag1.save_to_parquet scheduled__2022-10-31T05:20:00+00:00 [queued]>
[2022-12-04 10:02:47,263] {taskinstance.py:1238} INFO - 
--------------------------------------------------------------------------------
[2022-12-04 10:02:47,265] {taskinstance.py:1239} INFO - Starting attempt 1 of 2
[2022-12-04 10:02:47,268] {taskinstance.py:1240} INFO - 
--------------------------------------------------------------------------------
[2022-12-04 10:02:47,338] {taskinstance.py:1259} INFO - Executing <Task(PythonOperator): save_to_parquet> on 2022-10-31 05:20:00+00:00
[2022-12-04 10:02:47,353] {standard_task_runner.py:52} INFO - Started process 3542 to run task
[2022-12-04 10:02:47,374] {standard_task_runner.py:76} INFO - Running: ['***', 'tasks', 'run', 'dag1', 'save_to_parquet', 'scheduled__2022-10-31T05:20:00+00:00', '--job-id', '2880', '--raw', '--subdir', 'DAGS_FOLDER/AirflowClean2.py', '--cfg-path', '/tmp/tmpnjq_gp05', '--error-file', '/tmp/tmpv1d0m2sm']
[2022-12-04 10:02:47,380] {standard_task_runner.py:77} INFO - Job 2880: Subtask save_to_parquet
[2022-12-04 10:02:48,118] {logging_mixin.py:109} INFO - Running <TaskInstance: dag1.save_to_parquet scheduled__2022-10-31T05:20:00+00:00 [running]> on host 9e44869ff3ef
[2022-12-04 10:02:49,243] {taskinstance.py:1426} INFO - Exporting the following env vars:
AIRFLOW_CTX_DAG_OWNER=Fadlil
AIRFLOW_CTX_DAG_ID=dag1
AIRFLOW_CTX_TASK_ID=save_to_parquet
AIRFLOW_CTX_EXECUTION_DATE=2022-10-31T05:20:00+00:00
AIRFLOW_CTX_DAG_RUN_ID=scheduled__2022-10-31T05:20:00+00:00
[2022-12-04 10:02:50,145] {python.py:175} INFO - Done. Returned value was: None
[2022-12-04 10:02:50,171] {taskinstance.py:1277} INFO - Marking task as SUCCESS. dag_id=dag1, task_id=save_to_parquet, execution_date=20221031T052000, start_date=20221204T100247, end_date=20221204T100250
[2022-12-04 10:02:50,261] {local_task_job.py:154} INFO - Task exited with return code 0
[2022-12-04 10:02:50,446] {local_task_job.py:264} INFO - 0 downstream tasks scheduled from follow-on schedule check
