[2022-12-04 11:01:12,370] {taskinstance.py:1032} INFO - Dependencies all met for <TaskInstance: dag1.save_to_parquet scheduled__2022-11-03T16:50:00+00:00 [queued]>
[2022-12-04 11:01:12,467] {taskinstance.py:1032} INFO - Dependencies all met for <TaskInstance: dag1.save_to_parquet scheduled__2022-11-03T16:50:00+00:00 [queued]>
[2022-12-04 11:01:12,485] {taskinstance.py:1238} INFO - 
--------------------------------------------------------------------------------
[2022-12-04 11:01:12,488] {taskinstance.py:1239} INFO - Starting attempt 1 of 2
[2022-12-04 11:01:12,489] {taskinstance.py:1240} INFO - 
--------------------------------------------------------------------------------
[2022-12-04 11:01:12,806] {taskinstance.py:1259} INFO - Executing <Task(PythonOperator): save_to_parquet> on 2022-11-03 16:50:00+00:00
[2022-12-04 11:01:12,839] {standard_task_runner.py:76} INFO - Running: ['***', 'tasks', 'run', 'dag1', 'save_to_parquet', 'scheduled__2022-11-03T16:50:00+00:00', '--job-id', '4951', '--raw', '--subdir', 'DAGS_FOLDER/AirflowClean2.py', '--cfg-path', '/tmp/tmp20w7fyo4', '--error-file', '/tmp/tmp52gpxjga']
[2022-12-04 11:01:12,847] {standard_task_runner.py:52} INFO - Started process 11629 to run task
[2022-12-04 11:01:12,959] {standard_task_runner.py:77} INFO - Job 4951: Subtask save_to_parquet
[2022-12-04 11:01:13,631] {logging_mixin.py:109} INFO - Running <TaskInstance: dag1.save_to_parquet scheduled__2022-11-03T16:50:00+00:00 [running]> on host 9e44869ff3ef
[2022-12-04 11:01:14,068] {taskinstance.py:1426} INFO - Exporting the following env vars:
AIRFLOW_CTX_DAG_OWNER=Fadlil
AIRFLOW_CTX_DAG_ID=dag1
AIRFLOW_CTX_TASK_ID=save_to_parquet
AIRFLOW_CTX_EXECUTION_DATE=2022-11-03T16:50:00+00:00
AIRFLOW_CTX_DAG_RUN_ID=scheduled__2022-11-03T16:50:00+00:00
[2022-12-04 11:01:14,338] {python.py:175} INFO - Done. Returned value was: None
[2022-12-04 11:01:15,034] {taskinstance.py:1277} INFO - Marking task as SUCCESS. dag_id=dag1, task_id=save_to_parquet, execution_date=20221103T165000, start_date=20221204T110112, end_date=20221204T110115
[2022-12-04 11:01:15,861] {local_task_job.py:154} INFO - Task exited with return code 0
[2022-12-04 11:01:16,036] {local_task_job.py:264} INFO - 1 downstream tasks scheduled from follow-on schedule check
