[2022-12-04 11:00:39,680] {taskinstance.py:1032} INFO - Dependencies all met for <TaskInstance: dag1.save_to_parquet scheduled__2022-11-03T15:30:00+00:00 [queued]>
[2022-12-04 11:00:39,782] {taskinstance.py:1032} INFO - Dependencies all met for <TaskInstance: dag1.save_to_parquet scheduled__2022-11-03T15:30:00+00:00 [queued]>
[2022-12-04 11:00:39,790] {taskinstance.py:1238} INFO - 
--------------------------------------------------------------------------------
[2022-12-04 11:00:39,793] {taskinstance.py:1239} INFO - Starting attempt 1 of 2
[2022-12-04 11:00:39,796] {taskinstance.py:1240} INFO - 
--------------------------------------------------------------------------------
[2022-12-04 11:00:39,904] {taskinstance.py:1259} INFO - Executing <Task(PythonOperator): save_to_parquet> on 2022-11-03 15:30:00+00:00
[2022-12-04 11:00:39,920] {standard_task_runner.py:52} INFO - Started process 11504 to run task
[2022-12-04 11:00:39,983] {standard_task_runner.py:76} INFO - Running: ['***', 'tasks', 'run', 'dag1', 'save_to_parquet', 'scheduled__2022-11-03T15:30:00+00:00', '--job-id', '4913', '--raw', '--subdir', 'DAGS_FOLDER/AirflowClean2.py', '--cfg-path', '/tmp/tmp4nezefhy', '--error-file', '/tmp/tmpkslwx7u7']
[2022-12-04 11:00:39,987] {standard_task_runner.py:77} INFO - Job 4913: Subtask save_to_parquet
[2022-12-04 11:00:41,444] {logging_mixin.py:109} INFO - Running <TaskInstance: dag1.save_to_parquet scheduled__2022-11-03T15:30:00+00:00 [running]> on host 9e44869ff3ef
[2022-12-04 11:00:42,119] {taskinstance.py:1426} INFO - Exporting the following env vars:
AIRFLOW_CTX_DAG_OWNER=Fadlil
AIRFLOW_CTX_DAG_ID=dag1
AIRFLOW_CTX_TASK_ID=save_to_parquet
AIRFLOW_CTX_EXECUTION_DATE=2022-11-03T15:30:00+00:00
AIRFLOW_CTX_DAG_RUN_ID=scheduled__2022-11-03T15:30:00+00:00
[2022-12-04 11:00:42,482] {python.py:175} INFO - Done. Returned value was: None
[2022-12-04 11:00:42,526] {taskinstance.py:1277} INFO - Marking task as SUCCESS. dag_id=dag1, task_id=save_to_parquet, execution_date=20221103T153000, start_date=20221204T110039, end_date=20221204T110042
[2022-12-04 11:00:42,697] {local_task_job.py:154} INFO - Task exited with return code 0
[2022-12-04 11:00:43,566] {local_task_job.py:264} INFO - 0 downstream tasks scheduled from follow-on schedule check
