[2022-12-04 12:10:14,704] {taskinstance.py:1032} INFO - Dependencies all met for <TaskInstance: dag1.save_to_parquet scheduled__2022-11-05T16:30:00+00:00 [queued]>
[2022-12-04 12:10:14,742] {taskinstance.py:1032} INFO - Dependencies all met for <TaskInstance: dag1.save_to_parquet scheduled__2022-11-05T16:30:00+00:00 [queued]>
[2022-12-04 12:10:14,743] {taskinstance.py:1238} INFO - 
--------------------------------------------------------------------------------
[2022-12-04 12:10:14,744] {taskinstance.py:1239} INFO - Starting attempt 1 of 2
[2022-12-04 12:10:14,745] {taskinstance.py:1240} INFO - 
--------------------------------------------------------------------------------
[2022-12-04 12:10:14,795] {taskinstance.py:1259} INFO - Executing <Task(PythonOperator): save_to_parquet> on 2022-11-05 16:30:00+00:00
[2022-12-04 12:10:14,803] {standard_task_runner.py:52} INFO - Started process 17257 to run task
[2022-12-04 12:10:14,821] {standard_task_runner.py:76} INFO - Running: ['***', 'tasks', 'run', 'dag1', 'save_to_parquet', 'scheduled__2022-11-05T16:30:00+00:00', '--job-id', '6316', '--raw', '--subdir', 'DAGS_FOLDER/AirflowClean2.py', '--cfg-path', '/tmp/tmpu97d27_w', '--error-file', '/tmp/tmp_0yrtmo9']
[2022-12-04 12:10:14,823] {standard_task_runner.py:77} INFO - Job 6316: Subtask save_to_parquet
[2022-12-04 12:10:14,955] {logging_mixin.py:109} INFO - Running <TaskInstance: dag1.save_to_parquet scheduled__2022-11-05T16:30:00+00:00 [running]> on host 9e44869ff3ef
[2022-12-04 12:10:15,096] {taskinstance.py:1426} INFO - Exporting the following env vars:
AIRFLOW_CTX_DAG_OWNER=Fadlil
AIRFLOW_CTX_DAG_ID=dag1
AIRFLOW_CTX_TASK_ID=save_to_parquet
AIRFLOW_CTX_EXECUTION_DATE=2022-11-05T16:30:00+00:00
AIRFLOW_CTX_DAG_RUN_ID=scheduled__2022-11-05T16:30:00+00:00
[2022-12-04 12:10:15,158] {python.py:175} INFO - Done. Returned value was: None
[2022-12-04 12:10:15,178] {taskinstance.py:1277} INFO - Marking task as SUCCESS. dag_id=dag1, task_id=save_to_parquet, execution_date=20221105T163000, start_date=20221204T121014, end_date=20221204T121015
[2022-12-04 12:10:15,234] {local_task_job.py:154} INFO - Task exited with return code 0
[2022-12-04 12:10:15,328] {local_task_job.py:264} INFO - 1 downstream tasks scheduled from follow-on schedule check
