[2022-12-04 12:23:38,151] {taskinstance.py:1032} INFO - Dependencies all met for <TaskInstance: dag1.delete_local_file scheduled__2022-11-05T20:10:00+00:00 [queued]>
[2022-12-04 12:23:38,166] {taskinstance.py:1032} INFO - Dependencies all met for <TaskInstance: dag1.delete_local_file scheduled__2022-11-05T20:10:00+00:00 [queued]>
[2022-12-04 12:23:38,166] {taskinstance.py:1238} INFO - 
--------------------------------------------------------------------------------
[2022-12-04 12:23:38,167] {taskinstance.py:1239} INFO - Starting attempt 2 of 2
[2022-12-04 12:23:38,167] {taskinstance.py:1240} INFO - 
--------------------------------------------------------------------------------
[2022-12-04 12:23:38,185] {taskinstance.py:1259} INFO - Executing <Task(PythonOperator): delete_local_file> on 2022-11-05 20:10:00+00:00
[2022-12-04 12:23:38,194] {standard_task_runner.py:52} INFO - Started process 18347 to run task
[2022-12-04 12:23:38,199] {standard_task_runner.py:76} INFO - Running: ['***', 'tasks', 'run', 'dag1', 'delete_local_file', 'scheduled__2022-11-05T20:10:00+00:00', '--job-id', '6538', '--raw', '--subdir', 'DAGS_FOLDER/AirflowClean2.py', '--cfg-path', '/tmp/tmp37qi4y_7', '--error-file', '/tmp/tmpl7jietja']
[2022-12-04 12:23:38,200] {standard_task_runner.py:77} INFO - Job 6538: Subtask delete_local_file
[2022-12-04 12:23:38,291] {logging_mixin.py:109} INFO - Running <TaskInstance: dag1.delete_local_file scheduled__2022-11-05T20:10:00+00:00 [running]> on host 9e44869ff3ef
[2022-12-04 12:23:38,408] {taskinstance.py:1426} INFO - Exporting the following env vars:
AIRFLOW_CTX_DAG_OWNER=Fadlil
AIRFLOW_CTX_DAG_ID=dag1
AIRFLOW_CTX_TASK_ID=delete_local_file
AIRFLOW_CTX_EXECUTION_DATE=2022-11-05T20:10:00+00:00
AIRFLOW_CTX_DAG_RUN_ID=scheduled__2022-11-05T20:10:00+00:00
[2022-12-04 12:23:38,413] {python.py:175} INFO - Done. Returned value was: None
[2022-12-04 12:23:38,783] {taskinstance.py:1277} INFO - Marking task as SUCCESS. dag_id=dag1, task_id=delete_local_file, execution_date=20221105T201000, start_date=20221204T122338, end_date=20221204T122338
[2022-12-04 12:23:38,813] {local_task_job.py:154} INFO - Task exited with return code 0
[2022-12-04 12:23:38,851] {local_task_job.py:264} INFO - 0 downstream tasks scheduled from follow-on schedule check
