[2022-12-04 10:59:47,553] {taskinstance.py:1032} INFO - Dependencies all met for <TaskInstance: dag1.get_data scheduled__2022-11-03T14:30:00+00:00 [queued]>
[2022-12-04 10:59:47,701] {taskinstance.py:1032} INFO - Dependencies all met for <TaskInstance: dag1.get_data scheduled__2022-11-03T14:30:00+00:00 [queued]>
[2022-12-04 10:59:47,750] {taskinstance.py:1238} INFO - 
--------------------------------------------------------------------------------
[2022-12-04 10:59:47,751] {taskinstance.py:1239} INFO - Starting attempt 1 of 2
[2022-12-04 10:59:47,751] {taskinstance.py:1240} INFO - 
--------------------------------------------------------------------------------
[2022-12-04 10:59:47,850] {taskinstance.py:1259} INFO - Executing <Task(PythonOperator): get_data> on 2022-11-03 14:30:00+00:00
[2022-12-04 10:59:47,886] {standard_task_runner.py:52} INFO - Started process 11322 to run task
[2022-12-04 10:59:47,908] {standard_task_runner.py:76} INFO - Running: ['***', 'tasks', 'run', 'dag1', 'get_data', 'scheduled__2022-11-03T14:30:00+00:00', '--job-id', '4859', '--raw', '--subdir', 'DAGS_FOLDER/AirflowClean2.py', '--cfg-path', '/tmp/tmpg_fkys_0', '--error-file', '/tmp/tmpuucmzfoy']
[2022-12-04 10:59:47,920] {standard_task_runner.py:77} INFO - Job 4859: Subtask get_data
[2022-12-04 10:59:48,419] {logging_mixin.py:109} INFO - Running <TaskInstance: dag1.get_data scheduled__2022-11-03T14:30:00+00:00 [running]> on host 9e44869ff3ef
[2022-12-04 10:59:48,839] {taskinstance.py:1426} INFO - Exporting the following env vars:
AIRFLOW_CTX_DAG_OWNER=Fadlil
AIRFLOW_CTX_DAG_ID=dag1
AIRFLOW_CTX_TASK_ID=get_data
AIRFLOW_CTX_EXECUTION_DATE=2022-11-03T14:30:00+00:00
AIRFLOW_CTX_DAG_RUN_ID=scheduled__2022-11-03T14:30:00+00:00
[2022-12-04 10:59:49,656] {python.py:175} INFO - Done. Returned value was: None
[2022-12-04 10:59:49,696] {taskinstance.py:1277} INFO - Marking task as SUCCESS. dag_id=dag1, task_id=get_data, execution_date=20221103T143000, start_date=20221204T105947, end_date=20221204T105949
[2022-12-04 10:59:49,857] {local_task_job.py:154} INFO - Task exited with return code 0
[2022-12-04 10:59:49,980] {local_task_job.py:264} INFO - 1 downstream tasks scheduled from follow-on schedule check
