[2022-12-04 17:23:01,846] {taskinstance.py:1032} INFO - Dependencies all met for <TaskInstance: dag1.bigquery_external_table_task scheduled__2022-11-10T05:50:00+00:00 [queued]>
[2022-12-04 17:23:02,001] {taskinstance.py:1032} INFO - Dependencies all met for <TaskInstance: dag1.bigquery_external_table_task scheduled__2022-11-10T05:50:00+00:00 [queued]>
[2022-12-04 17:23:02,017] {taskinstance.py:1238} INFO - 
--------------------------------------------------------------------------------
[2022-12-04 17:23:02,029] {taskinstance.py:1239} INFO - Starting attempt 1 of 2
[2022-12-04 17:23:02,034] {taskinstance.py:1240} INFO - 
--------------------------------------------------------------------------------
[2022-12-04 17:23:02,153] {taskinstance.py:1259} INFO - Executing <Task(BigQueryCreateExternalTableOperator): bigquery_external_table_task> on 2022-11-10 05:50:00+00:00
[2022-12-04 17:23:02,205] {standard_task_runner.py:52} INFO - Started process 18030 to run task
[2022-12-04 17:23:02,230] {standard_task_runner.py:76} INFO - Running: ['***', 'tasks', 'run', 'dag1', 'bigquery_external_table_task', 'scheduled__2022-11-10T05:50:00+00:00', '--job-id', '10479', '--raw', '--subdir', 'DAGS_FOLDER/AirflowClean2.py', '--cfg-path', '/tmp/tmpd0cg0ns5', '--error-file', '/tmp/tmpz98ufn__']
[2022-12-04 17:23:02,238] {standard_task_runner.py:77} INFO - Job 10479: Subtask bigquery_external_table_task
[2022-12-04 17:23:02,638] {logging_mixin.py:109} INFO - Running <TaskInstance: dag1.bigquery_external_table_task scheduled__2022-11-10T05:50:00+00:00 [running]> on host 7a020590adae
[2022-12-04 17:23:02,801] {taskinstance.py:1426} INFO - Exporting the following env vars:
AIRFLOW_CTX_DAG_OWNER=Fadlil
AIRFLOW_CTX_DAG_ID=dag1
AIRFLOW_CTX_TASK_ID=bigquery_external_table_task
AIRFLOW_CTX_EXECUTION_DATE=2022-11-10T05:50:00+00:00
AIRFLOW_CTX_DAG_RUN_ID=scheduled__2022-11-10T05:50:00+00:00
[2022-12-04 17:23:02,803] {crypto.py:82} WARNING - empty cryptography key - values will not be stored encrypted.
[2022-12-04 17:23:04,085] {taskinstance.py:1277} INFO - Marking task as SUCCESS. dag_id=dag1, task_id=bigquery_external_table_task, execution_date=20221110T055000, start_date=20221204T172301, end_date=20221204T172304
[2022-12-04 17:23:04,143] {local_task_job.py:154} INFO - Task exited with return code 0
[2022-12-04 17:23:04,213] {local_task_job.py:264} INFO - 1 downstream tasks scheduled from follow-on schedule check
