[2022-12-04 10:56:40,637] {taskinstance.py:1032} INFO - Dependencies all met for <TaskInstance: dag1.local_to_gcs_task scheduled__2022-11-03T05:10:00+00:00 [queued]>
[2022-12-04 10:56:40,658] {taskinstance.py:1032} INFO - Dependencies all met for <TaskInstance: dag1.local_to_gcs_task scheduled__2022-11-03T05:10:00+00:00 [queued]>
[2022-12-04 10:56:40,659] {taskinstance.py:1238} INFO - 
--------------------------------------------------------------------------------
[2022-12-04 10:56:40,659] {taskinstance.py:1239} INFO - Starting attempt 1 of 2
[2022-12-04 10:56:40,660] {taskinstance.py:1240} INFO - 
--------------------------------------------------------------------------------
[2022-12-04 10:56:40,693] {taskinstance.py:1259} INFO - Executing <Task(PythonOperator): local_to_gcs_task> on 2022-11-03 05:10:00+00:00
[2022-12-04 10:56:40,701] {standard_task_runner.py:52} INFO - Started process 10630 to run task
[2022-12-04 10:56:40,708] {standard_task_runner.py:76} INFO - Running: ['***', 'tasks', 'run', 'dag1', 'local_to_gcs_task', 'scheduled__2022-11-03T05:10:00+00:00', '--job-id', '4660', '--raw', '--subdir', 'DAGS_FOLDER/AirflowClean2.py', '--cfg-path', '/tmp/tmpbois6_ky', '--error-file', '/tmp/tmpdxwxfi6l']
[2022-12-04 10:56:40,709] {standard_task_runner.py:77} INFO - Job 4660: Subtask local_to_gcs_task
[2022-12-04 10:56:40,815] {logging_mixin.py:109} INFO - Running <TaskInstance: dag1.local_to_gcs_task scheduled__2022-11-03T05:10:00+00:00 [running]> on host 9e44869ff3ef
[2022-12-04 10:56:40,919] {taskinstance.py:1426} INFO - Exporting the following env vars:
AIRFLOW_CTX_DAG_OWNER=Fadlil
AIRFLOW_CTX_DAG_ID=dag1
AIRFLOW_CTX_TASK_ID=local_to_gcs_task
AIRFLOW_CTX_EXECUTION_DATE=2022-11-03T05:10:00+00:00
AIRFLOW_CTX_DAG_RUN_ID=scheduled__2022-11-03T05:10:00+00:00
[2022-12-04 10:56:41,589] {python.py:175} INFO - Done. Returned value was: None
[2022-12-04 10:56:41,607] {taskinstance.py:1277} INFO - Marking task as SUCCESS. dag_id=dag1, task_id=local_to_gcs_task, execution_date=20221103T051000, start_date=20221204T105640, end_date=20221204T105641
[2022-12-04 10:56:41,652] {local_task_job.py:154} INFO - Task exited with return code 0
[2022-12-04 10:56:41,698] {local_task_job.py:264} INFO - 0 downstream tasks scheduled from follow-on schedule check
