[2022-12-04 17:13:09,537] {taskinstance.py:1032} INFO - Dependencies all met for <TaskInstance: dag1.get_data scheduled__2022-11-10T00:40:00+00:00 [queued]>
[2022-12-04 17:13:09,554] {taskinstance.py:1032} INFO - Dependencies all met for <TaskInstance: dag1.get_data scheduled__2022-11-10T00:40:00+00:00 [queued]>
[2022-12-04 17:13:09,555] {taskinstance.py:1238} INFO - 
--------------------------------------------------------------------------------
[2022-12-04 17:13:09,555] {taskinstance.py:1239} INFO - Starting attempt 1 of 2
[2022-12-04 17:13:09,556] {taskinstance.py:1240} INFO - 
--------------------------------------------------------------------------------
[2022-12-04 17:13:09,631] {taskinstance.py:1259} INFO - Executing <Task(PythonOperator): get_data> on 2022-11-10 00:40:00+00:00
[2022-12-04 17:13:09,637] {standard_task_runner.py:52} INFO - Started process 17097 to run task
[2022-12-04 17:13:09,693] {standard_task_runner.py:76} INFO - Running: ['***', 'tasks', 'run', 'dag1', 'get_data', 'scheduled__2022-11-10T00:40:00+00:00', '--job-id', '10275', '--raw', '--subdir', 'DAGS_FOLDER/AirflowClean2.py', '--cfg-path', '/tmp/tmpf8mbz5s8', '--error-file', '/tmp/tmpbilpk6xj']
[2022-12-04 17:13:09,694] {standard_task_runner.py:77} INFO - Job 10275: Subtask get_data
[2022-12-04 17:13:09,943] {logging_mixin.py:109} INFO - Running <TaskInstance: dag1.get_data scheduled__2022-11-10T00:40:00+00:00 [running]> on host 7a020590adae
[2022-12-04 17:13:10,206] {taskinstance.py:1426} INFO - Exporting the following env vars:
AIRFLOW_CTX_DAG_OWNER=Fadlil
AIRFLOW_CTX_DAG_ID=dag1
AIRFLOW_CTX_TASK_ID=get_data
AIRFLOW_CTX_EXECUTION_DATE=2022-11-10T00:40:00+00:00
AIRFLOW_CTX_DAG_RUN_ID=scheduled__2022-11-10T00:40:00+00:00
[2022-12-04 17:13:11,041] {python.py:175} INFO - Done. Returned value was: None
[2022-12-04 17:13:11,063] {taskinstance.py:1277} INFO - Marking task as SUCCESS. dag_id=dag1, task_id=get_data, execution_date=20221110T004000, start_date=20221204T171309, end_date=20221204T171311
[2022-12-04 17:13:11,163] {local_task_job.py:154} INFO - Task exited with return code 0
[2022-12-04 17:13:11,246] {local_task_job.py:264} INFO - 1 downstream tasks scheduled from follow-on schedule check
