[2022-12-04 15:21:36,191] {taskinstance.py:1032} INFO - Dependencies all met for <TaskInstance: dag1.local_to_gcs_task scheduled__2022-11-09T13:10:00+00:00 [queued]>
[2022-12-04 15:21:36,244] {taskinstance.py:1032} INFO - Dependencies all met for <TaskInstance: dag1.local_to_gcs_task scheduled__2022-11-09T13:10:00+00:00 [queued]>
[2022-12-04 15:21:36,245] {taskinstance.py:1238} INFO - 
--------------------------------------------------------------------------------
[2022-12-04 15:21:36,245] {taskinstance.py:1239} INFO - Starting attempt 1 of 2
[2022-12-04 15:21:36,246] {taskinstance.py:1240} INFO - 
--------------------------------------------------------------------------------
[2022-12-04 15:21:36,284] {taskinstance.py:1259} INFO - Executing <Task(PythonOperator): local_to_gcs_task> on 2022-11-09 13:10:00+00:00
[2022-12-04 15:21:36,291] {standard_task_runner.py:52} INFO - Started process 14983 to run task
[2022-12-04 15:21:36,306] {standard_task_runner.py:76} INFO - Running: ['***', 'tasks', 'run', 'dag1', 'local_to_gcs_task', 'scheduled__2022-11-09T13:10:00+00:00', '--job-id', '9844', '--raw', '--subdir', 'DAGS_FOLDER/AirflowClean2.py', '--cfg-path', '/tmp/tmpwkm8g4hn', '--error-file', '/tmp/tmpvt95ac4h']
[2022-12-04 15:21:36,308] {standard_task_runner.py:77} INFO - Job 9844: Subtask local_to_gcs_task
[2022-12-04 15:21:36,497] {logging_mixin.py:109} INFO - Running <TaskInstance: dag1.local_to_gcs_task scheduled__2022-11-09T13:10:00+00:00 [running]> on host 7a020590adae
[2022-12-04 15:21:36,690] {taskinstance.py:1426} INFO - Exporting the following env vars:
AIRFLOW_CTX_DAG_OWNER=Fadlil
AIRFLOW_CTX_DAG_ID=dag1
AIRFLOW_CTX_TASK_ID=local_to_gcs_task
AIRFLOW_CTX_EXECUTION_DATE=2022-11-09T13:10:00+00:00
AIRFLOW_CTX_DAG_RUN_ID=scheduled__2022-11-09T13:10:00+00:00
[2022-12-04 15:21:37,587] {python.py:175} INFO - Done. Returned value was: None
[2022-12-04 15:21:37,781] {taskinstance.py:1277} INFO - Marking task as SUCCESS. dag_id=dag1, task_id=local_to_gcs_task, execution_date=20221109T131000, start_date=20221204T152136, end_date=20221204T152137
[2022-12-04 15:21:37,858] {local_task_job.py:154} INFO - Task exited with return code 0
[2022-12-04 15:21:37,993] {local_task_job.py:264} INFO - 1 downstream tasks scheduled from follow-on schedule check
