[2022-12-04 12:19:43,740] {taskinstance.py:1032} INFO - Dependencies all met for <TaskInstance: dag1.bigquery_external_table_task scheduled__2022-11-05T21:20:00+00:00 [queued]>
[2022-12-04 12:19:43,756] {taskinstance.py:1032} INFO - Dependencies all met for <TaskInstance: dag1.bigquery_external_table_task scheduled__2022-11-05T21:20:00+00:00 [queued]>
[2022-12-04 12:19:43,757] {taskinstance.py:1238} INFO - 
--------------------------------------------------------------------------------
[2022-12-04 12:19:43,757] {taskinstance.py:1239} INFO - Starting attempt 1 of 2
[2022-12-04 12:19:43,758] {taskinstance.py:1240} INFO - 
--------------------------------------------------------------------------------
[2022-12-04 12:19:43,779] {taskinstance.py:1259} INFO - Executing <Task(BigQueryCreateExternalTableOperator): bigquery_external_table_task> on 2022-11-05 21:20:00+00:00
[2022-12-04 12:19:43,788] {standard_task_runner.py:52} INFO - Started process 18049 to run task
[2022-12-04 12:19:43,794] {standard_task_runner.py:76} INFO - Running: ['***', 'tasks', 'run', 'dag1', 'bigquery_external_table_task', 'scheduled__2022-11-05T21:20:00+00:00', '--job-id', '6482', '--raw', '--subdir', 'DAGS_FOLDER/AirflowClean2.py', '--cfg-path', '/tmp/tmpd36o_2l2', '--error-file', '/tmp/tmpv_fpjxxu']
[2022-12-04 12:19:43,796] {standard_task_runner.py:77} INFO - Job 6482: Subtask bigquery_external_table_task
[2022-12-04 12:19:43,889] {logging_mixin.py:109} INFO - Running <TaskInstance: dag1.bigquery_external_table_task scheduled__2022-11-05T21:20:00+00:00 [running]> on host 9e44869ff3ef
[2022-12-04 12:19:44,015] {taskinstance.py:1426} INFO - Exporting the following env vars:
AIRFLOW_CTX_DAG_OWNER=Fadlil
AIRFLOW_CTX_DAG_ID=dag1
AIRFLOW_CTX_TASK_ID=bigquery_external_table_task
AIRFLOW_CTX_EXECUTION_DATE=2022-11-05T21:20:00+00:00
AIRFLOW_CTX_DAG_RUN_ID=scheduled__2022-11-05T21:20:00+00:00
[2022-12-04 12:19:44,021] {crypto.py:82} WARNING - empty cryptography key - values will not be stored encrypted.
[2022-12-04 12:19:45,324] {taskinstance.py:1277} INFO - Marking task as SUCCESS. dag_id=dag1, task_id=bigquery_external_table_task, execution_date=20221105T212000, start_date=20221204T121943, end_date=20221204T121945
[2022-12-04 12:19:45,403] {local_task_job.py:154} INFO - Task exited with return code 0
[2022-12-04 12:19:45,451] {local_task_job.py:264} INFO - 1 downstream tasks scheduled from follow-on schedule check
