[2022-12-04 12:49:44,864] {taskinstance.py:1032} INFO - Dependencies all met for <TaskInstance: dag1.get_data scheduled__2022-11-06T09:00:00+00:00 [queued]>
[2022-12-04 12:49:44,910] {taskinstance.py:1032} INFO - Dependencies all met for <TaskInstance: dag1.get_data scheduled__2022-11-06T09:00:00+00:00 [queued]>
[2022-12-04 12:49:44,912] {taskinstance.py:1238} INFO - 
--------------------------------------------------------------------------------
[2022-12-04 12:49:44,913] {taskinstance.py:1239} INFO - Starting attempt 1 of 2
[2022-12-04 12:49:44,913] {taskinstance.py:1240} INFO - 
--------------------------------------------------------------------------------
[2022-12-04 12:49:44,975] {taskinstance.py:1259} INFO - Executing <Task(PythonOperator): get_data> on 2022-11-06 09:00:00+00:00
[2022-12-04 12:49:44,984] {standard_task_runner.py:52} INFO - Started process 1052 to run task
[2022-12-04 12:49:45,002] {standard_task_runner.py:76} INFO - Running: ['***', 'tasks', 'run', 'dag1', 'get_data', 'scheduled__2022-11-06T09:00:00+00:00', '--job-id', '6916', '--raw', '--subdir', 'DAGS_FOLDER/AirflowClean2.py', '--cfg-path', '/tmp/tmp2cp6fu2r', '--error-file', '/tmp/tmp1flny11b']
[2022-12-04 12:49:45,015] {standard_task_runner.py:77} INFO - Job 6916: Subtask get_data
[2022-12-04 12:49:45,183] {logging_mixin.py:109} INFO - Running <TaskInstance: dag1.get_data scheduled__2022-11-06T09:00:00+00:00 [running]> on host 7a020590adae
[2022-12-04 12:49:45,332] {taskinstance.py:1426} INFO - Exporting the following env vars:
AIRFLOW_CTX_DAG_OWNER=Fadlil
AIRFLOW_CTX_DAG_ID=dag1
AIRFLOW_CTX_TASK_ID=get_data
AIRFLOW_CTX_EXECUTION_DATE=2022-11-06T09:00:00+00:00
AIRFLOW_CTX_DAG_RUN_ID=scheduled__2022-11-06T09:00:00+00:00
[2022-12-04 12:49:46,062] {python.py:175} INFO - Done. Returned value was: None
[2022-12-04 12:49:46,913] {taskinstance.py:1277} INFO - Marking task as SUCCESS. dag_id=dag1, task_id=get_data, execution_date=20221106T090000, start_date=20221204T124944, end_date=20221204T124946
[2022-12-04 12:49:47,068] {local_task_job.py:154} INFO - Task exited with return code 0
[2022-12-04 12:49:47,273] {local_task_job.py:264} INFO - 1 downstream tasks scheduled from follow-on schedule check
