[2022-12-04 12:00:00,107] {taskinstance.py:1032} INFO - Dependencies all met for <TaskInstance: dag1.local_to_gcs_task scheduled__2022-11-05T12:30:00+00:00 [queued]>
[2022-12-04 12:00:00,122] {taskinstance.py:1032} INFO - Dependencies all met for <TaskInstance: dag1.local_to_gcs_task scheduled__2022-11-05T12:30:00+00:00 [queued]>
[2022-12-04 12:00:00,122] {taskinstance.py:1238} INFO - 
--------------------------------------------------------------------------------
[2022-12-04 12:00:00,122] {taskinstance.py:1239} INFO - Starting attempt 1 of 2
[2022-12-04 12:00:00,123] {taskinstance.py:1240} INFO - 
--------------------------------------------------------------------------------
[2022-12-04 12:00:00,168] {taskinstance.py:1259} INFO - Executing <Task(PythonOperator): local_to_gcs_task> on 2022-11-05 12:30:00+00:00
[2022-12-04 12:00:00,177] {standard_task_runner.py:52} INFO - Started process 16434 to run task
[2022-12-04 12:00:00,186] {standard_task_runner.py:76} INFO - Running: ['***', 'tasks', 'run', 'dag1', 'local_to_gcs_task', 'scheduled__2022-11-05T12:30:00+00:00', '--job-id', '6150', '--raw', '--subdir', 'DAGS_FOLDER/AirflowClean2.py', '--cfg-path', '/tmp/tmprtq1vwri', '--error-file', '/tmp/tmp70zmbdn2']
[2022-12-04 12:00:00,189] {standard_task_runner.py:77} INFO - Job 6150: Subtask local_to_gcs_task
[2022-12-04 12:00:00,322] {logging_mixin.py:109} INFO - Running <TaskInstance: dag1.local_to_gcs_task scheduled__2022-11-05T12:30:00+00:00 [running]> on host 9e44869ff3ef
[2022-12-04 12:00:00,480] {taskinstance.py:1426} INFO - Exporting the following env vars:
AIRFLOW_CTX_DAG_OWNER=Fadlil
AIRFLOW_CTX_DAG_ID=dag1
AIRFLOW_CTX_TASK_ID=local_to_gcs_task
AIRFLOW_CTX_EXECUTION_DATE=2022-11-05T12:30:00+00:00
AIRFLOW_CTX_DAG_RUN_ID=scheduled__2022-11-05T12:30:00+00:00
[2022-12-04 12:00:01,193] {python.py:175} INFO - Done. Returned value was: None
[2022-12-04 12:00:01,479] {taskinstance.py:1277} INFO - Marking task as SUCCESS. dag_id=dag1, task_id=local_to_gcs_task, execution_date=20221105T123000, start_date=20221204T120000, end_date=20221204T120001
[2022-12-04 12:00:01,511] {local_task_job.py:154} INFO - Task exited with return code 0
[2022-12-04 12:00:01,582] {local_task_job.py:264} INFO - 1 downstream tasks scheduled from follow-on schedule check
