[2022-12-04 09:28:10,397] {taskinstance.py:1032} INFO - Dependencies all met for <TaskInstance: dag1.save_to_csv scheduled__2022-10-30T02:00:00+00:00 [queued]>
[2022-12-04 09:28:10,522] {taskinstance.py:1032} INFO - Dependencies all met for <TaskInstance: dag1.save_to_csv scheduled__2022-10-30T02:00:00+00:00 [queued]>
[2022-12-04 09:28:10,533] {taskinstance.py:1238} INFO - 
--------------------------------------------------------------------------------
[2022-12-04 09:28:10,544] {taskinstance.py:1239} INFO - Starting attempt 1 of 2
[2022-12-04 09:28:10,545] {taskinstance.py:1240} INFO - 
--------------------------------------------------------------------------------
[2022-12-04 09:28:10,627] {taskinstance.py:1259} INFO - Executing <Task(PythonOperator): save_to_csv> on 2022-10-30 02:00:00+00:00
[2022-12-04 09:28:10,655] {standard_task_runner.py:52} INFO - Started process 781 to run task
[2022-12-04 09:28:10,668] {standard_task_runner.py:76} INFO - Running: ['***', 'tasks', 'run', 'dag1', 'save_to_csv', 'scheduled__2022-10-30T02:00:00+00:00', '--job-id', '2363', '--raw', '--subdir', 'DAGS_FOLDER/AirflowClean2.py', '--cfg-path', '/tmp/tmp9srmr58c', '--error-file', '/tmp/tmp89sl0q3c']
[2022-12-04 09:28:10,685] {standard_task_runner.py:77} INFO - Job 2363: Subtask save_to_csv
[2022-12-04 09:28:11,244] {logging_mixin.py:109} INFO - Running <TaskInstance: dag1.save_to_csv scheduled__2022-10-30T02:00:00+00:00 [running]> on host 9e44869ff3ef
[2022-12-04 09:28:11,844] {taskinstance.py:1426} INFO - Exporting the following env vars:
AIRFLOW_CTX_DAG_OWNER=Fadlil
AIRFLOW_CTX_DAG_ID=dag1
AIRFLOW_CTX_TASK_ID=save_to_csv
AIRFLOW_CTX_EXECUTION_DATE=2022-10-30T02:00:00+00:00
AIRFLOW_CTX_DAG_RUN_ID=scheduled__2022-10-30T02:00:00+00:00
[2022-12-04 09:28:12,290] {python.py:175} INFO - Done. Returned value was: None
[2022-12-04 09:28:12,350] {taskinstance.py:1277} INFO - Marking task as SUCCESS. dag_id=dag1, task_id=save_to_csv, execution_date=20221030T020000, start_date=20221204T092810, end_date=20221204T092812
[2022-12-04 09:28:12,489] {local_task_job.py:154} INFO - Task exited with return code 0
[2022-12-04 09:28:12,630] {local_task_job.py:264} INFO - 1 downstream tasks scheduled from follow-on schedule check
