[2022-12-04 12:03:32,088] {taskinstance.py:1032} INFO - Dependencies all met for <TaskInstance: dag1.get_data scheduled__2022-11-05T14:50:00+00:00 [queued]>
[2022-12-04 12:03:32,402] {taskinstance.py:1032} INFO - Dependencies all met for <TaskInstance: dag1.get_data scheduled__2022-11-05T14:50:00+00:00 [queued]>
[2022-12-04 12:03:32,415] {taskinstance.py:1238} INFO - 
--------------------------------------------------------------------------------
[2022-12-04 12:03:32,417] {taskinstance.py:1239} INFO - Starting attempt 1 of 2
[2022-12-04 12:03:32,419] {taskinstance.py:1240} INFO - 
--------------------------------------------------------------------------------
[2022-12-04 12:03:32,615] {taskinstance.py:1259} INFO - Executing <Task(PythonOperator): get_data> on 2022-11-05 14:50:00+00:00
[2022-12-04 12:03:32,656] {standard_task_runner.py:52} INFO - Started process 16705 to run task
[2022-12-04 12:03:32,672] {standard_task_runner.py:76} INFO - Running: ['***', 'tasks', 'run', 'dag1', 'get_data', 'scheduled__2022-11-05T14:50:00+00:00', '--job-id', '6199', '--raw', '--subdir', 'DAGS_FOLDER/AirflowClean2.py', '--cfg-path', '/tmp/tmpshhnap4w', '--error-file', '/tmp/tmpnm2t5th2']
[2022-12-04 12:03:32,696] {standard_task_runner.py:77} INFO - Job 6199: Subtask get_data
[2022-12-04 12:03:33,098] {logging_mixin.py:109} INFO - Running <TaskInstance: dag1.get_data scheduled__2022-11-05T14:50:00+00:00 [running]> on host 9e44869ff3ef
[2022-12-04 12:03:33,776] {taskinstance.py:1426} INFO - Exporting the following env vars:
AIRFLOW_CTX_DAG_OWNER=Fadlil
AIRFLOW_CTX_DAG_ID=dag1
AIRFLOW_CTX_TASK_ID=get_data
AIRFLOW_CTX_EXECUTION_DATE=2022-11-05T14:50:00+00:00
AIRFLOW_CTX_DAG_RUN_ID=scheduled__2022-11-05T14:50:00+00:00
[2022-12-04 12:03:34,698] {python.py:175} INFO - Done. Returned value was: None
[2022-12-04 12:03:35,793] {taskinstance.py:1277} INFO - Marking task as SUCCESS. dag_id=dag1, task_id=get_data, execution_date=20221105T145000, start_date=20221204T120332, end_date=20221204T120335
[2022-12-04 12:03:36,268] {local_task_job.py:154} INFO - Task exited with return code 0
[2022-12-04 12:03:39,126] {local_task_job.py:264} INFO - 0 downstream tasks scheduled from follow-on schedule check
