[2022-12-04 09:54:37,818] {taskinstance.py:1032} INFO - Dependencies all met for <TaskInstance: dag1.save_to_csv scheduled__2022-10-30T17:50:00+00:00 [queued]>
[2022-12-04 09:54:37,856] {taskinstance.py:1032} INFO - Dependencies all met for <TaskInstance: dag1.save_to_csv scheduled__2022-10-30T17:50:00+00:00 [queued]>
[2022-12-04 09:54:37,863] {taskinstance.py:1238} INFO - 
--------------------------------------------------------------------------------
[2022-12-04 09:54:37,863] {taskinstance.py:1239} INFO - Starting attempt 1 of 2
[2022-12-04 09:54:37,864] {taskinstance.py:1240} INFO - 
--------------------------------------------------------------------------------
[2022-12-04 09:54:37,946] {taskinstance.py:1259} INFO - Executing <Task(PythonOperator): save_to_csv> on 2022-10-30 17:50:00+00:00
[2022-12-04 09:54:37,956] {standard_task_runner.py:52} INFO - Started process 2619 to run task
[2022-12-04 09:54:37,977] {standard_task_runner.py:76} INFO - Running: ['***', 'tasks', 'run', 'dag1', 'save_to_csv', 'scheduled__2022-10-30T17:50:00+00:00', '--job-id', '2655', '--raw', '--subdir', 'DAGS_FOLDER/AirflowClean2.py', '--cfg-path', '/tmp/tmpg9cujeia', '--error-file', '/tmp/tmpvl__4jq8']
[2022-12-04 09:54:37,986] {standard_task_runner.py:77} INFO - Job 2655: Subtask save_to_csv
[2022-12-04 09:54:38,444] {logging_mixin.py:109} INFO - Running <TaskInstance: dag1.save_to_csv scheduled__2022-10-30T17:50:00+00:00 [running]> on host 9e44869ff3ef
[2022-12-04 09:54:38,723] {taskinstance.py:1426} INFO - Exporting the following env vars:
AIRFLOW_CTX_DAG_OWNER=Fadlil
AIRFLOW_CTX_DAG_ID=dag1
AIRFLOW_CTX_TASK_ID=save_to_csv
AIRFLOW_CTX_EXECUTION_DATE=2022-10-30T17:50:00+00:00
AIRFLOW_CTX_DAG_RUN_ID=scheduled__2022-10-30T17:50:00+00:00
[2022-12-04 09:54:38,822] {python.py:175} INFO - Done. Returned value was: None
[2022-12-04 09:54:39,384] {taskinstance.py:1277} INFO - Marking task as SUCCESS. dag_id=dag1, task_id=save_to_csv, execution_date=20221030T175000, start_date=20221204T095437, end_date=20221204T095439
[2022-12-04 09:54:39,450] {local_task_job.py:154} INFO - Task exited with return code 0
[2022-12-04 09:54:39,556] {local_task_job.py:264} INFO - 1 downstream tasks scheduled from follow-on schedule check
