[2022-12-04 10:41:53,918] {taskinstance.py:1032} INFO - Dependencies all met for <TaskInstance: dag1.get_data scheduled__2022-11-01T15:50:00+00:00 [queued]>
[2022-12-04 10:41:53,948] {taskinstance.py:1032} INFO - Dependencies all met for <TaskInstance: dag1.get_data scheduled__2022-11-01T15:50:00+00:00 [queued]>
[2022-12-04 10:41:53,949] {taskinstance.py:1238} INFO - 
--------------------------------------------------------------------------------
[2022-12-04 10:41:53,949] {taskinstance.py:1239} INFO - Starting attempt 1 of 2
[2022-12-04 10:41:53,950] {taskinstance.py:1240} INFO - 
--------------------------------------------------------------------------------
[2022-12-04 10:41:53,984] {taskinstance.py:1259} INFO - Executing <Task(PythonOperator): get_data> on 2022-11-01 15:50:00+00:00
[2022-12-04 10:41:53,991] {standard_task_runner.py:52} INFO - Started process 7475 to run task
[2022-12-04 10:41:54,005] {standard_task_runner.py:76} INFO - Running: ['***', 'tasks', 'run', 'dag1', 'get_data', 'scheduled__2022-11-01T15:50:00+00:00', '--job-id', '3750', '--raw', '--subdir', 'DAGS_FOLDER/AirflowClean2.py', '--cfg-path', '/tmp/tmpsynchmdi', '--error-file', '/tmp/tmpsjm81k4y']
[2022-12-04 10:41:54,007] {standard_task_runner.py:77} INFO - Job 3750: Subtask get_data
[2022-12-04 10:41:54,230] {logging_mixin.py:109} INFO - Running <TaskInstance: dag1.get_data scheduled__2022-11-01T15:50:00+00:00 [running]> on host 9e44869ff3ef
[2022-12-04 10:41:54,458] {taskinstance.py:1426} INFO - Exporting the following env vars:
AIRFLOW_CTX_DAG_OWNER=Fadlil
AIRFLOW_CTX_DAG_ID=dag1
AIRFLOW_CTX_TASK_ID=get_data
AIRFLOW_CTX_EXECUTION_DATE=2022-11-01T15:50:00+00:00
AIRFLOW_CTX_DAG_RUN_ID=scheduled__2022-11-01T15:50:00+00:00
[2022-12-04 10:41:55,155] {python.py:175} INFO - Done. Returned value was: None
[2022-12-04 10:41:55,185] {taskinstance.py:1277} INFO - Marking task as SUCCESS. dag_id=dag1, task_id=get_data, execution_date=20221101T155000, start_date=20221204T104153, end_date=20221204T104155
[2022-12-04 10:41:55,296] {local_task_job.py:154} INFO - Task exited with return code 0
[2022-12-04 10:41:56,235] {local_task_job.py:264} INFO - 0 downstream tasks scheduled from follow-on schedule check
