[2022-12-04 10:36:06,405] {taskinstance.py:1032} INFO - Dependencies all met for <TaskInstance: dag1.local_to_gcs_task scheduled__2022-11-01T01:50:00+00:00 [queued]>
[2022-12-04 10:36:06,556] {taskinstance.py:1032} INFO - Dependencies all met for <TaskInstance: dag1.local_to_gcs_task scheduled__2022-11-01T01:50:00+00:00 [queued]>
[2022-12-04 10:36:06,557] {taskinstance.py:1238} INFO - 
--------------------------------------------------------------------------------
[2022-12-04 10:36:06,558] {taskinstance.py:1239} INFO - Starting attempt 1 of 2
[2022-12-04 10:36:06,558] {taskinstance.py:1240} INFO - 
--------------------------------------------------------------------------------
[2022-12-04 10:36:06,635] {taskinstance.py:1259} INFO - Executing <Task(PythonOperator): local_to_gcs_task> on 2022-11-01 01:50:00+00:00
[2022-12-04 10:36:06,644] {standard_task_runner.py:52} INFO - Started process 6342 to run task
[2022-12-04 10:36:06,658] {standard_task_runner.py:76} INFO - Running: ['***', 'tasks', 'run', 'dag1', 'local_to_gcs_task', 'scheduled__2022-11-01T01:50:00+00:00', '--job-id', '3427', '--raw', '--subdir', 'DAGS_FOLDER/AirflowClean2.py', '--cfg-path', '/tmp/tmpp3nqt3vx', '--error-file', '/tmp/tmp_kfqdlc2']
[2022-12-04 10:36:06,684] {standard_task_runner.py:77} INFO - Job 3427: Subtask local_to_gcs_task
[2022-12-04 10:36:06,920] {logging_mixin.py:109} INFO - Running <TaskInstance: dag1.local_to_gcs_task scheduled__2022-11-01T01:50:00+00:00 [running]> on host 9e44869ff3ef
[2022-12-04 10:36:07,274] {taskinstance.py:1426} INFO - Exporting the following env vars:
AIRFLOW_CTX_DAG_OWNER=Fadlil
AIRFLOW_CTX_DAG_ID=dag1
AIRFLOW_CTX_TASK_ID=local_to_gcs_task
AIRFLOW_CTX_EXECUTION_DATE=2022-11-01T01:50:00+00:00
AIRFLOW_CTX_DAG_RUN_ID=scheduled__2022-11-01T01:50:00+00:00
[2022-12-04 10:36:08,083] {python.py:175} INFO - Done. Returned value was: None
[2022-12-04 10:36:08,106] {taskinstance.py:1277} INFO - Marking task as SUCCESS. dag_id=dag1, task_id=local_to_gcs_task, execution_date=20221101T015000, start_date=20221204T103606, end_date=20221204T103608
[2022-12-04 10:36:08,217] {local_task_job.py:154} INFO - Task exited with return code 0
[2022-12-04 10:36:08,389] {local_task_job.py:264} INFO - 0 downstream tasks scheduled from follow-on schedule check
