[2022-12-04 13:59:12,736] {taskinstance.py:1032} INFO - Dependencies all met for <TaskInstance: dag1.bigquery_external_table_task scheduled__2022-11-07T20:00:00+00:00 [queued]>
[2022-12-04 13:59:12,771] {taskinstance.py:1032} INFO - Dependencies all met for <TaskInstance: dag1.bigquery_external_table_task scheduled__2022-11-07T20:00:00+00:00 [queued]>
[2022-12-04 13:59:12,772] {taskinstance.py:1238} INFO - 
--------------------------------------------------------------------------------
[2022-12-04 13:59:12,773] {taskinstance.py:1239} INFO - Starting attempt 1 of 2
[2022-12-04 13:59:12,785] {taskinstance.py:1240} INFO - 
--------------------------------------------------------------------------------
[2022-12-04 13:59:12,854] {taskinstance.py:1259} INFO - Executing <Task(BigQueryCreateExternalTableOperator): bigquery_external_table_task> on 2022-11-07 20:00:00+00:00
[2022-12-04 13:59:12,877] {standard_task_runner.py:52} INFO - Started process 7415 to run task
[2022-12-04 13:59:12,908] {standard_task_runner.py:76} INFO - Running: ['***', 'tasks', 'run', 'dag1', 'bigquery_external_table_task', 'scheduled__2022-11-07T20:00:00+00:00', '--job-id', '8272', '--raw', '--subdir', 'DAGS_FOLDER/AirflowClean2.py', '--cfg-path', '/tmp/tmpyfoyg30l', '--error-file', '/tmp/tmpm02k_xj5']
[2022-12-04 13:59:12,916] {standard_task_runner.py:77} INFO - Job 8272: Subtask bigquery_external_table_task
[2022-12-04 13:59:13,075] {logging_mixin.py:109} INFO - Running <TaskInstance: dag1.bigquery_external_table_task scheduled__2022-11-07T20:00:00+00:00 [running]> on host 7a020590adae
[2022-12-04 13:59:13,208] {taskinstance.py:1426} INFO - Exporting the following env vars:
AIRFLOW_CTX_DAG_OWNER=Fadlil
AIRFLOW_CTX_DAG_ID=dag1
AIRFLOW_CTX_TASK_ID=bigquery_external_table_task
AIRFLOW_CTX_EXECUTION_DATE=2022-11-07T20:00:00+00:00
AIRFLOW_CTX_DAG_RUN_ID=scheduled__2022-11-07T20:00:00+00:00
[2022-12-04 13:59:13,211] {crypto.py:82} WARNING - empty cryptography key - values will not be stored encrypted.
[2022-12-04 13:59:15,091] {taskinstance.py:1277} INFO - Marking task as SUCCESS. dag_id=dag1, task_id=bigquery_external_table_task, execution_date=20221107T200000, start_date=20221204T135912, end_date=20221204T135915
[2022-12-04 13:59:15,136] {local_task_job.py:154} INFO - Task exited with return code 0
[2022-12-04 13:59:15,207] {local_task_job.py:264} INFO - 1 downstream tasks scheduled from follow-on schedule check
