[2022-12-04 10:55:45,907] {taskinstance.py:1032} INFO - Dependencies all met for <TaskInstance: dag1.save_to_csv scheduled__2022-11-03T03:10:00+00:00 [queued]>
[2022-12-04 10:55:46,026] {taskinstance.py:1032} INFO - Dependencies all met for <TaskInstance: dag1.save_to_csv scheduled__2022-11-03T03:10:00+00:00 [queued]>
[2022-12-04 10:55:46,039] {taskinstance.py:1238} INFO - 
--------------------------------------------------------------------------------
[2022-12-04 10:55:46,056] {taskinstance.py:1239} INFO - Starting attempt 1 of 2
[2022-12-04 10:55:46,058] {taskinstance.py:1240} INFO - 
--------------------------------------------------------------------------------
[2022-12-04 10:55:46,161] {taskinstance.py:1259} INFO - Executing <Task(PythonOperator): save_to_csv> on 2022-11-03 03:10:00+00:00
[2022-12-04 10:55:46,234] {standard_task_runner.py:52} INFO - Started process 10443 to run task
[2022-12-04 10:55:46,315] {standard_task_runner.py:76} INFO - Running: ['***', 'tasks', 'run', 'dag1', 'save_to_csv', 'scheduled__2022-11-03T03:10:00+00:00', '--job-id', '4603', '--raw', '--subdir', 'DAGS_FOLDER/AirflowClean2.py', '--cfg-path', '/tmp/tmp8th8dfo8', '--error-file', '/tmp/tmpa2kv7vbc']
[2022-12-04 10:55:46,319] {standard_task_runner.py:77} INFO - Job 4603: Subtask save_to_csv
[2022-12-04 10:55:46,757] {logging_mixin.py:109} INFO - Running <TaskInstance: dag1.save_to_csv scheduled__2022-11-03T03:10:00+00:00 [running]> on host 9e44869ff3ef
[2022-12-04 10:55:47,120] {taskinstance.py:1426} INFO - Exporting the following env vars:
AIRFLOW_CTX_DAG_OWNER=Fadlil
AIRFLOW_CTX_DAG_ID=dag1
AIRFLOW_CTX_TASK_ID=save_to_csv
AIRFLOW_CTX_EXECUTION_DATE=2022-11-03T03:10:00+00:00
AIRFLOW_CTX_DAG_RUN_ID=scheduled__2022-11-03T03:10:00+00:00
[2022-12-04 10:55:47,336] {python.py:175} INFO - Done. Returned value was: None
[2022-12-04 10:55:47,365] {taskinstance.py:1277} INFO - Marking task as SUCCESS. dag_id=dag1, task_id=save_to_csv, execution_date=20221103T031000, start_date=20221204T105545, end_date=20221204T105547
[2022-12-04 10:55:47,465] {local_task_job.py:154} INFO - Task exited with return code 0
[2022-12-04 10:55:48,353] {local_task_job.py:264} INFO - 0 downstream tasks scheduled from follow-on schedule check
