[2022-12-04 15:14:18,254] {taskinstance.py:1032} INFO - Dependencies all met for <TaskInstance: dag1.delete_local_file scheduled__2022-11-09T09:10:00+00:00 [queued]>
[2022-12-04 15:14:18,273] {taskinstance.py:1032} INFO - Dependencies all met for <TaskInstance: dag1.delete_local_file scheduled__2022-11-09T09:10:00+00:00 [queued]>
[2022-12-04 15:14:18,274] {taskinstance.py:1238} INFO - 
--------------------------------------------------------------------------------
[2022-12-04 15:14:18,274] {taskinstance.py:1239} INFO - Starting attempt 1 of 2
[2022-12-04 15:14:18,275] {taskinstance.py:1240} INFO - 
--------------------------------------------------------------------------------
[2022-12-04 15:14:18,302] {taskinstance.py:1259} INFO - Executing <Task(PythonOperator): delete_local_file> on 2022-11-09 09:10:00+00:00
[2022-12-04 15:14:18,309] {standard_task_runner.py:52} INFO - Started process 14267 to run task
[2022-12-04 15:14:18,315] {standard_task_runner.py:76} INFO - Running: ['***', 'tasks', 'run', 'dag1', 'delete_local_file', 'scheduled__2022-11-09T09:10:00+00:00', '--job-id', '9694', '--raw', '--subdir', 'DAGS_FOLDER/AirflowClean2.py', '--cfg-path', '/tmp/tmpl3btlvsw', '--error-file', '/tmp/tmptu99vuq6']
[2022-12-04 15:14:18,317] {standard_task_runner.py:77} INFO - Job 9694: Subtask delete_local_file
[2022-12-04 15:14:18,409] {logging_mixin.py:109} INFO - Running <TaskInstance: dag1.delete_local_file scheduled__2022-11-09T09:10:00+00:00 [running]> on host 7a020590adae
[2022-12-04 15:14:18,517] {taskinstance.py:1426} INFO - Exporting the following env vars:
AIRFLOW_CTX_DAG_OWNER=Fadlil
AIRFLOW_CTX_DAG_ID=dag1
AIRFLOW_CTX_TASK_ID=delete_local_file
AIRFLOW_CTX_EXECUTION_DATE=2022-11-09T09:10:00+00:00
AIRFLOW_CTX_DAG_RUN_ID=scheduled__2022-11-09T09:10:00+00:00
[2022-12-04 15:14:18,522] {python.py:175} INFO - Done. Returned value was: None
[2022-12-04 15:14:18,547] {taskinstance.py:1277} INFO - Marking task as SUCCESS. dag_id=dag1, task_id=delete_local_file, execution_date=20221109T091000, start_date=20221204T151418, end_date=20221204T151418
[2022-12-04 15:14:18,617] {local_task_job.py:154} INFO - Task exited with return code 0
[2022-12-04 15:14:18,729] {local_task_job.py:264} INFO - 0 downstream tasks scheduled from follow-on schedule check
