[2022-12-04 10:30:35,245] {taskinstance.py:1032} INFO - Dependencies all met for <TaskInstance: dag1.save_to_csv scheduled__2022-10-31T14:10:00+00:00 [queued]>
[2022-12-04 10:30:35,268] {taskinstance.py:1032} INFO - Dependencies all met for <TaskInstance: dag1.save_to_csv scheduled__2022-10-31T14:10:00+00:00 [queued]>
[2022-12-04 10:30:35,269] {taskinstance.py:1238} INFO - 
--------------------------------------------------------------------------------
[2022-12-04 10:30:35,270] {taskinstance.py:1239} INFO - Starting attempt 1 of 2
[2022-12-04 10:30:35,270] {taskinstance.py:1240} INFO - 
--------------------------------------------------------------------------------
[2022-12-04 10:30:35,305] {taskinstance.py:1259} INFO - Executing <Task(PythonOperator): save_to_csv> on 2022-10-31 14:10:00+00:00
[2022-12-04 10:30:35,312] {standard_task_runner.py:52} INFO - Started process 5274 to run task
[2022-12-04 10:30:35,323] {standard_task_runner.py:76} INFO - Running: ['***', 'tasks', 'run', 'dag1', 'save_to_csv', 'scheduled__2022-10-31T14:10:00+00:00', '--job-id', '3126', '--raw', '--subdir', 'DAGS_FOLDER/AirflowClean2.py', '--cfg-path', '/tmp/tmp351g7rzz', '--error-file', '/tmp/tmp3f0k_5hz']
[2022-12-04 10:30:35,326] {standard_task_runner.py:77} INFO - Job 3126: Subtask save_to_csv
[2022-12-04 10:30:35,483] {logging_mixin.py:109} INFO - Running <TaskInstance: dag1.save_to_csv scheduled__2022-10-31T14:10:00+00:00 [running]> on host 9e44869ff3ef
[2022-12-04 10:30:35,623] {taskinstance.py:1426} INFO - Exporting the following env vars:
AIRFLOW_CTX_DAG_OWNER=Fadlil
AIRFLOW_CTX_DAG_ID=dag1
AIRFLOW_CTX_TASK_ID=save_to_csv
AIRFLOW_CTX_EXECUTION_DATE=2022-10-31T14:10:00+00:00
AIRFLOW_CTX_DAG_RUN_ID=scheduled__2022-10-31T14:10:00+00:00
[2022-12-04 10:30:35,713] {python.py:175} INFO - Done. Returned value was: None
[2022-12-04 10:30:35,751] {taskinstance.py:1277} INFO - Marking task as SUCCESS. dag_id=dag1, task_id=save_to_csv, execution_date=20221031T141000, start_date=20221204T103035, end_date=20221204T103035
[2022-12-04 10:30:35,834] {local_task_job.py:154} INFO - Task exited with return code 0
[2022-12-04 10:30:35,923] {local_task_job.py:264} INFO - 1 downstream tasks scheduled from follow-on schedule check
