[2022-12-04 10:44:00,878] {taskinstance.py:1032} INFO - Dependencies all met for <TaskInstance: dag1.get_data scheduled__2022-11-01T21:10:00+00:00 [queued]>
[2022-12-04 10:44:00,899] {taskinstance.py:1032} INFO - Dependencies all met for <TaskInstance: dag1.get_data scheduled__2022-11-01T21:10:00+00:00 [queued]>
[2022-12-04 10:44:00,900] {taskinstance.py:1238} INFO - 
--------------------------------------------------------------------------------
[2022-12-04 10:44:00,911] {taskinstance.py:1239} INFO - Starting attempt 1 of 2
[2022-12-04 10:44:00,911] {taskinstance.py:1240} INFO - 
--------------------------------------------------------------------------------
[2022-12-04 10:44:00,970] {taskinstance.py:1259} INFO - Executing <Task(PythonOperator): get_data> on 2022-11-01 21:10:00+00:00
[2022-12-04 10:44:00,983] {standard_task_runner.py:52} INFO - Started process 7894 to run task
[2022-12-04 10:44:00,993] {standard_task_runner.py:76} INFO - Running: ['***', 'tasks', 'run', 'dag1', 'get_data', 'scheduled__2022-11-01T21:10:00+00:00', '--job-id', '3872', '--raw', '--subdir', 'DAGS_FOLDER/AirflowClean2.py', '--cfg-path', '/tmp/tmpu_ro1y9r', '--error-file', '/tmp/tmpp05pcybg']
[2022-12-04 10:44:01,016] {standard_task_runner.py:77} INFO - Job 3872: Subtask get_data
[2022-12-04 10:44:01,269] {logging_mixin.py:109} INFO - Running <TaskInstance: dag1.get_data scheduled__2022-11-01T21:10:00+00:00 [running]> on host 9e44869ff3ef
[2022-12-04 10:44:01,510] {taskinstance.py:1426} INFO - Exporting the following env vars:
AIRFLOW_CTX_DAG_OWNER=Fadlil
AIRFLOW_CTX_DAG_ID=dag1
AIRFLOW_CTX_TASK_ID=get_data
AIRFLOW_CTX_EXECUTION_DATE=2022-11-01T21:10:00+00:00
AIRFLOW_CTX_DAG_RUN_ID=scheduled__2022-11-01T21:10:00+00:00
[2022-12-04 10:44:02,301] {python.py:175} INFO - Done. Returned value was: None
[2022-12-04 10:44:02,727] {taskinstance.py:1277} INFO - Marking task as SUCCESS. dag_id=dag1, task_id=get_data, execution_date=20221101T211000, start_date=20221204T104400, end_date=20221204T104402
[2022-12-04 10:44:02,851] {local_task_job.py:154} INFO - Task exited with return code 0
[2022-12-04 10:44:03,066] {local_task_job.py:264} INFO - 1 downstream tasks scheduled from follow-on schedule check
