[2022-12-04 13:04:58,366] {taskinstance.py:1032} INFO - Dependencies all met for <TaskInstance: dag1.bigquery_external_table_task scheduled__2022-11-06T16:50:00+00:00 [queued]>
[2022-12-04 13:04:58,409] {taskinstance.py:1032} INFO - Dependencies all met for <TaskInstance: dag1.bigquery_external_table_task scheduled__2022-11-06T16:50:00+00:00 [queued]>
[2022-12-04 13:04:58,410] {taskinstance.py:1238} INFO - 
--------------------------------------------------------------------------------
[2022-12-04 13:04:58,411] {taskinstance.py:1239} INFO - Starting attempt 1 of 2
[2022-12-04 13:04:58,423] {taskinstance.py:1240} INFO - 
--------------------------------------------------------------------------------
[2022-12-04 13:04:58,486] {taskinstance.py:1259} INFO - Executing <Task(BigQueryCreateExternalTableOperator): bigquery_external_table_task> on 2022-11-06 16:50:00+00:00
[2022-12-04 13:04:58,500] {standard_task_runner.py:52} INFO - Started process 2466 to run task
[2022-12-04 13:04:58,509] {standard_task_runner.py:76} INFO - Running: ['***', 'tasks', 'run', 'dag1', 'bigquery_external_table_task', 'scheduled__2022-11-06T16:50:00+00:00', '--job-id', '7225', '--raw', '--subdir', 'DAGS_FOLDER/AirflowClean2.py', '--cfg-path', '/tmp/tmp691uz8qu', '--error-file', '/tmp/tmpfca36f3g']
[2022-12-04 13:04:58,515] {standard_task_runner.py:77} INFO - Job 7225: Subtask bigquery_external_table_task
[2022-12-04 13:04:58,762] {logging_mixin.py:109} INFO - Running <TaskInstance: dag1.bigquery_external_table_task scheduled__2022-11-06T16:50:00+00:00 [running]> on host 7a020590adae
[2022-12-04 13:04:58,958] {taskinstance.py:1426} INFO - Exporting the following env vars:
AIRFLOW_CTX_DAG_OWNER=Fadlil
AIRFLOW_CTX_DAG_ID=dag1
AIRFLOW_CTX_TASK_ID=bigquery_external_table_task
AIRFLOW_CTX_EXECUTION_DATE=2022-11-06T16:50:00+00:00
AIRFLOW_CTX_DAG_RUN_ID=scheduled__2022-11-06T16:50:00+00:00
[2022-12-04 13:04:58,961] {crypto.py:82} WARNING - empty cryptography key - values will not be stored encrypted.
[2022-12-04 13:05:00,096] {taskinstance.py:1277} INFO - Marking task as SUCCESS. dag_id=dag1, task_id=bigquery_external_table_task, execution_date=20221106T165000, start_date=20221204T130458, end_date=20221204T130500
[2022-12-04 13:05:00,153] {local_task_job.py:154} INFO - Task exited with return code 0
[2022-12-04 13:05:00,305] {local_task_job.py:264} INFO - 1 downstream tasks scheduled from follow-on schedule check
