[2022-12-04 10:54:54,436] {taskinstance.py:1032} INFO - Dependencies all met for <TaskInstance: dag1.save_to_parquet scheduled__2022-11-03T00:20:00+00:00 [queued]>
[2022-12-04 10:54:54,482] {taskinstance.py:1032} INFO - Dependencies all met for <TaskInstance: dag1.save_to_parquet scheduled__2022-11-03T00:20:00+00:00 [queued]>
[2022-12-04 10:54:54,483] {taskinstance.py:1238} INFO - 
--------------------------------------------------------------------------------
[2022-12-04 10:54:54,483] {taskinstance.py:1239} INFO - Starting attempt 1 of 2
[2022-12-04 10:54:54,484] {taskinstance.py:1240} INFO - 
--------------------------------------------------------------------------------
[2022-12-04 10:54:54,528] {taskinstance.py:1259} INFO - Executing <Task(PythonOperator): save_to_parquet> on 2022-11-03 00:20:00+00:00
[2022-12-04 10:54:54,542] {standard_task_runner.py:52} INFO - Started process 10250 to run task
[2022-12-04 10:54:54,559] {standard_task_runner.py:76} INFO - Running: ['***', 'tasks', 'run', 'dag1', 'save_to_parquet', 'scheduled__2022-11-03T00:20:00+00:00', '--job-id', '4546', '--raw', '--subdir', 'DAGS_FOLDER/AirflowClean2.py', '--cfg-path', '/tmp/tmpoolc6cw1', '--error-file', '/tmp/tmp6qc_7j2p']
[2022-12-04 10:54:54,562] {standard_task_runner.py:77} INFO - Job 4546: Subtask save_to_parquet
[2022-12-04 10:54:55,060] {logging_mixin.py:109} INFO - Running <TaskInstance: dag1.save_to_parquet scheduled__2022-11-03T00:20:00+00:00 [running]> on host 9e44869ff3ef
[2022-12-04 10:54:55,238] {taskinstance.py:1426} INFO - Exporting the following env vars:
AIRFLOW_CTX_DAG_OWNER=Fadlil
AIRFLOW_CTX_DAG_ID=dag1
AIRFLOW_CTX_TASK_ID=save_to_parquet
AIRFLOW_CTX_EXECUTION_DATE=2022-11-03T00:20:00+00:00
AIRFLOW_CTX_DAG_RUN_ID=scheduled__2022-11-03T00:20:00+00:00
[2022-12-04 10:54:55,339] {python.py:175} INFO - Done. Returned value was: None
[2022-12-04 10:54:55,358] {taskinstance.py:1277} INFO - Marking task as SUCCESS. dag_id=dag1, task_id=save_to_parquet, execution_date=20221103T002000, start_date=20221204T105454, end_date=20221204T105455
[2022-12-04 10:54:55,456] {local_task_job.py:154} INFO - Task exited with return code 0
[2022-12-04 10:54:56,126] {local_task_job.py:264} INFO - 1 downstream tasks scheduled from follow-on schedule check
