[2022-12-04 13:59:46,705] {taskinstance.py:1032} INFO - Dependencies all met for <TaskInstance: dag1.get_data scheduled__2022-11-07T20:30:00+00:00 [queued]>
[2022-12-04 13:59:46,724] {taskinstance.py:1032} INFO - Dependencies all met for <TaskInstance: dag1.get_data scheduled__2022-11-07T20:30:00+00:00 [queued]>
[2022-12-04 13:59:46,724] {taskinstance.py:1238} INFO - 
--------------------------------------------------------------------------------
[2022-12-04 13:59:46,725] {taskinstance.py:1239} INFO - Starting attempt 1 of 2
[2022-12-04 13:59:46,725] {taskinstance.py:1240} INFO - 
--------------------------------------------------------------------------------
[2022-12-04 13:59:46,747] {taskinstance.py:1259} INFO - Executing <Task(PythonOperator): get_data> on 2022-11-07 20:30:00+00:00
[2022-12-04 13:59:46,756] {standard_task_runner.py:52} INFO - Started process 7469 to run task
[2022-12-04 13:59:46,761] {standard_task_runner.py:76} INFO - Running: ['***', 'tasks', 'run', 'dag1', 'get_data', 'scheduled__2022-11-07T20:30:00+00:00', '--job-id', '8284', '--raw', '--subdir', 'DAGS_FOLDER/AirflowClean2.py', '--cfg-path', '/tmp/tmpf4jtltj1', '--error-file', '/tmp/tmpv_md5cls']
[2022-12-04 13:59:46,763] {standard_task_runner.py:77} INFO - Job 8284: Subtask get_data
[2022-12-04 13:59:46,846] {logging_mixin.py:109} INFO - Running <TaskInstance: dag1.get_data scheduled__2022-11-07T20:30:00+00:00 [running]> on host 7a020590adae
[2022-12-04 13:59:46,929] {taskinstance.py:1426} INFO - Exporting the following env vars:
AIRFLOW_CTX_DAG_OWNER=Fadlil
AIRFLOW_CTX_DAG_ID=dag1
AIRFLOW_CTX_TASK_ID=get_data
AIRFLOW_CTX_EXECUTION_DATE=2022-11-07T20:30:00+00:00
AIRFLOW_CTX_DAG_RUN_ID=scheduled__2022-11-07T20:30:00+00:00
[2022-12-04 13:59:47,580] {python.py:175} INFO - Done. Returned value was: None
[2022-12-04 13:59:47,595] {taskinstance.py:1277} INFO - Marking task as SUCCESS. dag_id=dag1, task_id=get_data, execution_date=20221107T203000, start_date=20221204T135946, end_date=20221204T135947
[2022-12-04 13:59:47,659] {local_task_job.py:154} INFO - Task exited with return code 0
[2022-12-04 13:59:47,707] {local_task_job.py:264} INFO - 1 downstream tasks scheduled from follow-on schedule check
