[2022-12-04 10:41:12,919] {taskinstance.py:1032} INFO - Dependencies all met for <TaskInstance: dag1.get_data scheduled__2022-11-01T14:50:00+00:00 [queued]>
[2022-12-04 10:41:13,069] {taskinstance.py:1032} INFO - Dependencies all met for <TaskInstance: dag1.get_data scheduled__2022-11-01T14:50:00+00:00 [queued]>
[2022-12-04 10:41:13,070] {taskinstance.py:1238} INFO - 
--------------------------------------------------------------------------------
[2022-12-04 10:41:13,070] {taskinstance.py:1239} INFO - Starting attempt 1 of 2
[2022-12-04 10:41:13,071] {taskinstance.py:1240} INFO - 
--------------------------------------------------------------------------------
[2022-12-04 10:41:13,206] {taskinstance.py:1259} INFO - Executing <Task(PythonOperator): get_data> on 2022-11-01 14:50:00+00:00
[2022-12-04 10:41:13,220] {standard_task_runner.py:52} INFO - Started process 7357 to run task
[2022-12-04 10:41:13,277] {standard_task_runner.py:76} INFO - Running: ['***', 'tasks', 'run', 'dag1', 'get_data', 'scheduled__2022-11-01T14:50:00+00:00', '--job-id', '3717', '--raw', '--subdir', 'DAGS_FOLDER/AirflowClean2.py', '--cfg-path', '/tmp/tmp3uydyobb', '--error-file', '/tmp/tmpwejh5axt']
[2022-12-04 10:41:13,288] {standard_task_runner.py:77} INFO - Job 3717: Subtask get_data
[2022-12-04 10:41:14,322] {logging_mixin.py:109} INFO - Running <TaskInstance: dag1.get_data scheduled__2022-11-01T14:50:00+00:00 [running]> on host 9e44869ff3ef
[2022-12-04 10:41:14,765] {taskinstance.py:1426} INFO - Exporting the following env vars:
AIRFLOW_CTX_DAG_OWNER=Fadlil
AIRFLOW_CTX_DAG_ID=dag1
AIRFLOW_CTX_TASK_ID=get_data
AIRFLOW_CTX_EXECUTION_DATE=2022-11-01T14:50:00+00:00
AIRFLOW_CTX_DAG_RUN_ID=scheduled__2022-11-01T14:50:00+00:00
[2022-12-04 10:41:15,583] {python.py:175} INFO - Done. Returned value was: None
[2022-12-04 10:41:15,642] {taskinstance.py:1277} INFO - Marking task as SUCCESS. dag_id=dag1, task_id=get_data, execution_date=20221101T145000, start_date=20221204T104112, end_date=20221204T104115
[2022-12-04 10:41:15,886] {local_task_job.py:154} INFO - Task exited with return code 0
[2022-12-04 10:41:16,987] {local_task_job.py:264} INFO - 1 downstream tasks scheduled from follow-on schedule check
