[2022-12-04 13:27:49,904] {taskinstance.py:1032} INFO - Dependencies all met for <TaskInstance: dag1.save_to_csv scheduled__2022-11-07T03:50:00+00:00 [queued]>
[2022-12-04 13:27:49,943] {taskinstance.py:1032} INFO - Dependencies all met for <TaskInstance: dag1.save_to_csv scheduled__2022-11-07T03:50:00+00:00 [queued]>
[2022-12-04 13:27:49,946] {taskinstance.py:1238} INFO - 
--------------------------------------------------------------------------------
[2022-12-04 13:27:49,947] {taskinstance.py:1239} INFO - Starting attempt 1 of 2
[2022-12-04 13:27:49,948] {taskinstance.py:1240} INFO - 
--------------------------------------------------------------------------------
[2022-12-04 13:27:50,013] {taskinstance.py:1259} INFO - Executing <Task(PythonOperator): save_to_csv> on 2022-11-07 03:50:00+00:00
[2022-12-04 13:27:50,027] {standard_task_runner.py:52} INFO - Started process 4461 to run task
[2022-12-04 13:27:50,035] {standard_task_runner.py:76} INFO - Running: ['***', 'tasks', 'run', 'dag1', 'save_to_csv', 'scheduled__2022-11-07T03:50:00+00:00', '--job-id', '7642', '--raw', '--subdir', 'DAGS_FOLDER/AirflowClean2.py', '--cfg-path', '/tmp/tmpe7yxgmya', '--error-file', '/tmp/tmpwvjuvpoo']
[2022-12-04 13:27:50,037] {standard_task_runner.py:77} INFO - Job 7642: Subtask save_to_csv
[2022-12-04 13:27:50,179] {logging_mixin.py:109} INFO - Running <TaskInstance: dag1.save_to_csv scheduled__2022-11-07T03:50:00+00:00 [running]> on host 7a020590adae
[2022-12-04 13:27:50,410] {taskinstance.py:1426} INFO - Exporting the following env vars:
AIRFLOW_CTX_DAG_OWNER=Fadlil
AIRFLOW_CTX_DAG_ID=dag1
AIRFLOW_CTX_TASK_ID=save_to_csv
AIRFLOW_CTX_EXECUTION_DATE=2022-11-07T03:50:00+00:00
AIRFLOW_CTX_DAG_RUN_ID=scheduled__2022-11-07T03:50:00+00:00
[2022-12-04 13:27:50,479] {python.py:175} INFO - Done. Returned value was: None
[2022-12-04 13:27:50,494] {taskinstance.py:1277} INFO - Marking task as SUCCESS. dag_id=dag1, task_id=save_to_csv, execution_date=20221107T035000, start_date=20221204T132749, end_date=20221204T132750
[2022-12-04 13:27:50,570] {local_task_job.py:154} INFO - Task exited with return code 0
[2022-12-04 13:27:50,669] {local_task_job.py:264} INFO - 1 downstream tasks scheduled from follow-on schedule check
