[2022-12-04 17:47:54,460] {taskinstance.py:1032} INFO - Dependencies all met for <TaskInstance: dag1.local_to_gcs_task scheduled__2022-11-10T17:10:00+00:00 [queued]>
[2022-12-04 17:47:54,509] {taskinstance.py:1032} INFO - Dependencies all met for <TaskInstance: dag1.local_to_gcs_task scheduled__2022-11-10T17:10:00+00:00 [queued]>
[2022-12-04 17:47:54,511] {taskinstance.py:1238} INFO - 
--------------------------------------------------------------------------------
[2022-12-04 17:47:54,512] {taskinstance.py:1239} INFO - Starting attempt 1 of 2
[2022-12-04 17:47:54,513] {taskinstance.py:1240} INFO - 
--------------------------------------------------------------------------------
[2022-12-04 17:47:54,557] {taskinstance.py:1259} INFO - Executing <Task(PythonOperator): local_to_gcs_task> on 2022-11-10 17:10:00+00:00
[2022-12-04 17:47:54,571] {standard_task_runner.py:52} INFO - Started process 20143 to run task
[2022-12-04 17:47:54,579] {standard_task_runner.py:76} INFO - Running: ['***', 'tasks', 'run', 'dag1', 'local_to_gcs_task', 'scheduled__2022-11-10T17:10:00+00:00', '--job-id', '10916', '--raw', '--subdir', 'DAGS_FOLDER/AirflowClean2.py', '--cfg-path', '/tmp/tmp9mkr4h28', '--error-file', '/tmp/tmpu2ui7ukl']
[2022-12-04 17:47:54,581] {standard_task_runner.py:77} INFO - Job 10916: Subtask local_to_gcs_task
[2022-12-04 17:47:54,772] {logging_mixin.py:109} INFO - Running <TaskInstance: dag1.local_to_gcs_task scheduled__2022-11-10T17:10:00+00:00 [running]> on host 7a020590adae
[2022-12-04 17:47:54,957] {taskinstance.py:1426} INFO - Exporting the following env vars:
AIRFLOW_CTX_DAG_OWNER=Fadlil
AIRFLOW_CTX_DAG_ID=dag1
AIRFLOW_CTX_TASK_ID=local_to_gcs_task
AIRFLOW_CTX_EXECUTION_DATE=2022-11-10T17:10:00+00:00
AIRFLOW_CTX_DAG_RUN_ID=scheduled__2022-11-10T17:10:00+00:00
[2022-12-04 17:47:55,718] {python.py:175} INFO - Done. Returned value was: None
[2022-12-04 17:47:56,002] {taskinstance.py:1277} INFO - Marking task as SUCCESS. dag_id=dag1, task_id=local_to_gcs_task, execution_date=20221110T171000, start_date=20221204T174754, end_date=20221204T174756
[2022-12-04 17:47:56,198] {local_task_job.py:154} INFO - Task exited with return code 0
[2022-12-04 17:47:56,419] {local_task_job.py:264} INFO - 1 downstream tasks scheduled from follow-on schedule check
