[2022-12-04 14:29:47,293] {taskinstance.py:1032} INFO - Dependencies all met for <TaskInstance: dag1.local_to_gcs_task scheduled__2022-11-08T11:00:00+00:00 [queued]>
[2022-12-04 14:29:47,312] {taskinstance.py:1032} INFO - Dependencies all met for <TaskInstance: dag1.local_to_gcs_task scheduled__2022-11-08T11:00:00+00:00 [queued]>
[2022-12-04 14:29:47,313] {taskinstance.py:1238} INFO - 
--------------------------------------------------------------------------------
[2022-12-04 14:29:47,313] {taskinstance.py:1239} INFO - Starting attempt 1 of 2
[2022-12-04 14:29:47,313] {taskinstance.py:1240} INFO - 
--------------------------------------------------------------------------------
[2022-12-04 14:29:47,333] {taskinstance.py:1259} INFO - Executing <Task(PythonOperator): local_to_gcs_task> on 2022-11-08 11:00:00+00:00
[2022-12-04 14:29:47,339] {standard_task_runner.py:52} INFO - Started process 10155 to run task
[2022-12-04 14:29:47,344] {standard_task_runner.py:76} INFO - Running: ['***', 'tasks', 'run', 'dag1', 'local_to_gcs_task', 'scheduled__2022-11-08T11:00:00+00:00', '--job-id', '8843', '--raw', '--subdir', 'DAGS_FOLDER/AirflowClean2.py', '--cfg-path', '/tmp/tmpnxy41v40', '--error-file', '/tmp/tmpuko5lrn6']
[2022-12-04 14:29:47,346] {standard_task_runner.py:77} INFO - Job 8843: Subtask local_to_gcs_task
[2022-12-04 14:29:47,431] {logging_mixin.py:109} INFO - Running <TaskInstance: dag1.local_to_gcs_task scheduled__2022-11-08T11:00:00+00:00 [running]> on host 7a020590adae
[2022-12-04 14:29:47,521] {taskinstance.py:1426} INFO - Exporting the following env vars:
AIRFLOW_CTX_DAG_OWNER=Fadlil
AIRFLOW_CTX_DAG_ID=dag1
AIRFLOW_CTX_TASK_ID=local_to_gcs_task
AIRFLOW_CTX_EXECUTION_DATE=2022-11-08T11:00:00+00:00
AIRFLOW_CTX_DAG_RUN_ID=scheduled__2022-11-08T11:00:00+00:00
[2022-12-04 14:29:48,201] {python.py:175} INFO - Done. Returned value was: None
[2022-12-04 14:29:48,457] {taskinstance.py:1277} INFO - Marking task as SUCCESS. dag_id=dag1, task_id=local_to_gcs_task, execution_date=20221108T110000, start_date=20221204T142947, end_date=20221204T142948
[2022-12-04 14:29:48,561] {local_task_job.py:154} INFO - Task exited with return code 0
[2022-12-04 14:29:48,689] {local_task_job.py:264} INFO - 1 downstream tasks scheduled from follow-on schedule check
