[2022-12-04 16:52:33,739] {taskinstance.py:1032} INFO - Dependencies all met for <TaskInstance: dag1.save_to_csv scheduled__2022-11-09T15:10:00+00:00 [queued]>
[2022-12-04 16:52:33,851] {taskinstance.py:1032} INFO - Dependencies all met for <TaskInstance: dag1.save_to_csv scheduled__2022-11-09T15:10:00+00:00 [queued]>
[2022-12-04 16:52:33,856] {taskinstance.py:1238} INFO - 
--------------------------------------------------------------------------------
[2022-12-04 16:52:33,857] {taskinstance.py:1239} INFO - Starting attempt 1 of 2
[2022-12-04 16:52:33,857] {taskinstance.py:1240} INFO - 
--------------------------------------------------------------------------------
[2022-12-04 16:52:34,042] {taskinstance.py:1259} INFO - Executing <Task(PythonOperator): save_to_csv> on 2022-11-09 15:10:00+00:00
[2022-12-04 16:52:34,050] {standard_task_runner.py:52} INFO - Started process 15230 to run task
[2022-12-04 16:52:34,073] {standard_task_runner.py:76} INFO - Running: ['***', 'tasks', 'run', 'dag1', 'save_to_csv', 'scheduled__2022-11-09T15:10:00+00:00', '--job-id', '9895', '--raw', '--subdir', 'DAGS_FOLDER/AirflowClean2.py', '--cfg-path', '/tmp/tmplaaynuf4', '--error-file', '/tmp/tmpi2elnk_s']
[2022-12-04 16:52:34,078] {standard_task_runner.py:77} INFO - Job 9895: Subtask save_to_csv
[2022-12-04 16:52:34,345] {logging_mixin.py:109} INFO - Running <TaskInstance: dag1.save_to_csv scheduled__2022-11-09T15:10:00+00:00 [running]> on host 7a020590adae
[2022-12-04 16:52:34,563] {taskinstance.py:1426} INFO - Exporting the following env vars:
AIRFLOW_CTX_DAG_OWNER=Fadlil
AIRFLOW_CTX_DAG_ID=dag1
AIRFLOW_CTX_TASK_ID=save_to_csv
AIRFLOW_CTX_EXECUTION_DATE=2022-11-09T15:10:00+00:00
AIRFLOW_CTX_DAG_RUN_ID=scheduled__2022-11-09T15:10:00+00:00
[2022-12-04 16:52:34,689] {python.py:175} INFO - Done. Returned value was: None
[2022-12-04 16:52:34,719] {taskinstance.py:1277} INFO - Marking task as SUCCESS. dag_id=dag1, task_id=save_to_csv, execution_date=20221109T151000, start_date=20221204T165233, end_date=20221204T165234
[2022-12-04 16:52:34,814] {local_task_job.py:154} INFO - Task exited with return code 0
[2022-12-04 16:52:34,942] {local_task_job.py:264} INFO - 1 downstream tasks scheduled from follow-on schedule check
