[2022-12-04 12:54:40,189] {taskinstance.py:1032} INFO - Dependencies all met for <TaskInstance: dag1.save_to_csv scheduled__2022-11-06T11:30:00+00:00 [queued]>
[2022-12-04 12:54:40,225] {taskinstance.py:1032} INFO - Dependencies all met for <TaskInstance: dag1.save_to_csv scheduled__2022-11-06T11:30:00+00:00 [queued]>
[2022-12-04 12:54:40,226] {taskinstance.py:1238} INFO - 
--------------------------------------------------------------------------------
[2022-12-04 12:54:40,226] {taskinstance.py:1239} INFO - Starting attempt 1 of 2
[2022-12-04 12:54:40,226] {taskinstance.py:1240} INFO - 
--------------------------------------------------------------------------------
[2022-12-04 12:54:40,354] {taskinstance.py:1259} INFO - Executing <Task(PythonOperator): save_to_csv> on 2022-11-06 11:30:00+00:00
[2022-12-04 12:54:40,360] {standard_task_runner.py:52} INFO - Started process 1522 to run task
[2022-12-04 12:54:40,364] {standard_task_runner.py:76} INFO - Running: ['***', 'tasks', 'run', 'dag1', 'save_to_csv', 'scheduled__2022-11-06T11:30:00+00:00', '--job-id', '7021', '--raw', '--subdir', 'DAGS_FOLDER/AirflowClean2.py', '--cfg-path', '/tmp/tmpxf2puw83', '--error-file', '/tmp/tmprjg95niy']
[2022-12-04 12:54:40,365] {standard_task_runner.py:77} INFO - Job 7021: Subtask save_to_csv
[2022-12-04 12:54:40,448] {logging_mixin.py:109} INFO - Running <TaskInstance: dag1.save_to_csv scheduled__2022-11-06T11:30:00+00:00 [running]> on host 7a020590adae
[2022-12-04 12:54:40,568] {taskinstance.py:1426} INFO - Exporting the following env vars:
AIRFLOW_CTX_DAG_OWNER=Fadlil
AIRFLOW_CTX_DAG_ID=dag1
AIRFLOW_CTX_TASK_ID=save_to_csv
AIRFLOW_CTX_EXECUTION_DATE=2022-11-06T11:30:00+00:00
AIRFLOW_CTX_DAG_RUN_ID=scheduled__2022-11-06T11:30:00+00:00
[2022-12-04 12:54:40,624] {python.py:175} INFO - Done. Returned value was: None
[2022-12-04 12:54:40,645] {taskinstance.py:1277} INFO - Marking task as SUCCESS. dag_id=dag1, task_id=save_to_csv, execution_date=20221106T113000, start_date=20221204T125440, end_date=20221204T125440
[2022-12-04 12:54:40,704] {local_task_job.py:154} INFO - Task exited with return code 0
[2022-12-04 12:54:40,790] {local_task_job.py:264} INFO - 1 downstream tasks scheduled from follow-on schedule check
