[2022-12-04 09:59:37,418] {taskinstance.py:1032} INFO - Dependencies all met for <TaskInstance: dag1.save_to_parquet scheduled__2022-10-31T01:20:00+00:00 [queued]>
[2022-12-04 09:59:37,458] {taskinstance.py:1032} INFO - Dependencies all met for <TaskInstance: dag1.save_to_parquet scheduled__2022-10-31T01:20:00+00:00 [queued]>
[2022-12-04 09:59:37,459] {taskinstance.py:1238} INFO - 
--------------------------------------------------------------------------------
[2022-12-04 09:59:37,459] {taskinstance.py:1239} INFO - Starting attempt 1 of 2
[2022-12-04 09:59:37,460] {taskinstance.py:1240} INFO - 
--------------------------------------------------------------------------------
[2022-12-04 09:59:37,500] {taskinstance.py:1259} INFO - Executing <Task(PythonOperator): save_to_parquet> on 2022-10-31 01:20:00+00:00
[2022-12-04 09:59:37,514] {standard_task_runner.py:52} INFO - Started process 3170 to run task
[2022-12-04 09:59:37,522] {standard_task_runner.py:76} INFO - Running: ['***', 'tasks', 'run', 'dag1', 'save_to_parquet', 'scheduled__2022-10-31T01:20:00+00:00', '--job-id', '2787', '--raw', '--subdir', 'DAGS_FOLDER/AirflowClean2.py', '--cfg-path', '/tmp/tmpx106k15v', '--error-file', '/tmp/tmpcic50pg5']
[2022-12-04 09:59:37,523] {standard_task_runner.py:77} INFO - Job 2787: Subtask save_to_parquet
[2022-12-04 09:59:37,765] {logging_mixin.py:109} INFO - Running <TaskInstance: dag1.save_to_parquet scheduled__2022-10-31T01:20:00+00:00 [running]> on host 9e44869ff3ef
[2022-12-04 09:59:38,117] {taskinstance.py:1426} INFO - Exporting the following env vars:
AIRFLOW_CTX_DAG_OWNER=Fadlil
AIRFLOW_CTX_DAG_ID=dag1
AIRFLOW_CTX_TASK_ID=save_to_parquet
AIRFLOW_CTX_EXECUTION_DATE=2022-10-31T01:20:00+00:00
AIRFLOW_CTX_DAG_RUN_ID=scheduled__2022-10-31T01:20:00+00:00
[2022-12-04 09:59:38,367] {python.py:175} INFO - Done. Returned value was: None
[2022-12-04 09:59:38,458] {taskinstance.py:1277} INFO - Marking task as SUCCESS. dag_id=dag1, task_id=save_to_parquet, execution_date=20221031T012000, start_date=20221204T095937, end_date=20221204T095938
[2022-12-04 09:59:38,658] {local_task_job.py:154} INFO - Task exited with return code 0
[2022-12-04 09:59:39,244] {local_task_job.py:264} INFO - 0 downstream tasks scheduled from follow-on schedule check
