[2022-12-04 13:35:43,225] {taskinstance.py:1032} INFO - Dependencies all met for <TaskInstance: dag1.local_to_gcs_task scheduled__2022-11-07T07:50:00+00:00 [queued]>
[2022-12-04 13:35:43,259] {taskinstance.py:1032} INFO - Dependencies all met for <TaskInstance: dag1.local_to_gcs_task scheduled__2022-11-07T07:50:00+00:00 [queued]>
[2022-12-04 13:35:43,259] {taskinstance.py:1238} INFO - 
--------------------------------------------------------------------------------
[2022-12-04 13:35:43,260] {taskinstance.py:1239} INFO - Starting attempt 1 of 2
[2022-12-04 13:35:43,260] {taskinstance.py:1240} INFO - 
--------------------------------------------------------------------------------
[2022-12-04 13:35:43,305] {taskinstance.py:1259} INFO - Executing <Task(PythonOperator): local_to_gcs_task> on 2022-11-07 07:50:00+00:00
[2022-12-04 13:35:43,325] {standard_task_runner.py:52} INFO - Started process 5169 to run task
[2022-12-04 13:35:43,331] {standard_task_runner.py:76} INFO - Running: ['***', 'tasks', 'run', 'dag1', 'local_to_gcs_task', 'scheduled__2022-11-07T07:50:00+00:00', '--job-id', '7798', '--raw', '--subdir', 'DAGS_FOLDER/AirflowClean2.py', '--cfg-path', '/tmp/tmp6qeq38p2', '--error-file', '/tmp/tmp6alrrknm']
[2022-12-04 13:35:43,332] {standard_task_runner.py:77} INFO - Job 7798: Subtask local_to_gcs_task
[2022-12-04 13:35:43,410] {logging_mixin.py:109} INFO - Running <TaskInstance: dag1.local_to_gcs_task scheduled__2022-11-07T07:50:00+00:00 [running]> on host 7a020590adae
[2022-12-04 13:35:43,507] {taskinstance.py:1426} INFO - Exporting the following env vars:
AIRFLOW_CTX_DAG_OWNER=Fadlil
AIRFLOW_CTX_DAG_ID=dag1
AIRFLOW_CTX_TASK_ID=local_to_gcs_task
AIRFLOW_CTX_EXECUTION_DATE=2022-11-07T07:50:00+00:00
AIRFLOW_CTX_DAG_RUN_ID=scheduled__2022-11-07T07:50:00+00:00
[2022-12-04 13:35:44,171] {python.py:175} INFO - Done. Returned value was: None
[2022-12-04 13:35:44,186] {taskinstance.py:1277} INFO - Marking task as SUCCESS. dag_id=dag1, task_id=local_to_gcs_task, execution_date=20221107T075000, start_date=20221204T133543, end_date=20221204T133544
[2022-12-04 13:35:44,226] {local_task_job.py:154} INFO - Task exited with return code 0
[2022-12-04 13:35:44,279] {local_task_job.py:264} INFO - 1 downstream tasks scheduled from follow-on schedule check
