[2022-12-04 10:49:09,920] {taskinstance.py:1032} INFO - Dependencies all met for <TaskInstance: dag1.save_to_parquet scheduled__2022-11-02T09:00:00+00:00 [queued]>
[2022-12-04 10:49:10,052] {taskinstance.py:1032} INFO - Dependencies all met for <TaskInstance: dag1.save_to_parquet scheduled__2022-11-02T09:00:00+00:00 [queued]>
[2022-12-04 10:49:10,058] {taskinstance.py:1238} INFO - 
--------------------------------------------------------------------------------
[2022-12-04 10:49:10,059] {taskinstance.py:1239} INFO - Starting attempt 1 of 2
[2022-12-04 10:49:10,059] {taskinstance.py:1240} INFO - 
--------------------------------------------------------------------------------
[2022-12-04 10:49:10,146] {taskinstance.py:1259} INFO - Executing <Task(PythonOperator): save_to_parquet> on 2022-11-02 09:00:00+00:00
[2022-12-04 10:49:10,225] {standard_task_runner.py:76} INFO - Running: ['***', 'tasks', 'run', 'dag1', 'save_to_parquet', 'scheduled__2022-11-02T09:00:00+00:00', '--job-id', '4171', '--raw', '--subdir', 'DAGS_FOLDER/AirflowClean2.py', '--cfg-path', '/tmp/tmpsk1te0m7', '--error-file', '/tmp/tmppjqn9g_v']
[2022-12-04 10:49:10,233] {standard_task_runner.py:77} INFO - Job 4171: Subtask save_to_parquet
[2022-12-04 10:49:10,184] {standard_task_runner.py:52} INFO - Started process 8951 to run task
[2022-12-04 10:49:10,609] {logging_mixin.py:109} INFO - Running <TaskInstance: dag1.save_to_parquet scheduled__2022-11-02T09:00:00+00:00 [running]> on host 9e44869ff3ef
[2022-12-04 10:49:11,348] {taskinstance.py:1426} INFO - Exporting the following env vars:
AIRFLOW_CTX_DAG_OWNER=Fadlil
AIRFLOW_CTX_DAG_ID=dag1
AIRFLOW_CTX_TASK_ID=save_to_parquet
AIRFLOW_CTX_EXECUTION_DATE=2022-11-02T09:00:00+00:00
AIRFLOW_CTX_DAG_RUN_ID=scheduled__2022-11-02T09:00:00+00:00
[2022-12-04 10:49:11,455] {python.py:175} INFO - Done. Returned value was: None
[2022-12-04 10:49:11,557] {taskinstance.py:1277} INFO - Marking task as SUCCESS. dag_id=dag1, task_id=save_to_parquet, execution_date=20221102T090000, start_date=20221204T104909, end_date=20221204T104911
[2022-12-04 10:49:11,767] {local_task_job.py:154} INFO - Task exited with return code 0
[2022-12-04 10:49:12,074] {local_task_job.py:264} INFO - 1 downstream tasks scheduled from follow-on schedule check
