[2022-12-04 14:06:25,815] {taskinstance.py:1032} INFO - Dependencies all met for <TaskInstance: dag1.get_data scheduled__2022-11-07T23:50:00+00:00 [queued]>
[2022-12-04 14:06:25,835] {taskinstance.py:1032} INFO - Dependencies all met for <TaskInstance: dag1.get_data scheduled__2022-11-07T23:50:00+00:00 [queued]>
[2022-12-04 14:06:25,836] {taskinstance.py:1238} INFO - 
--------------------------------------------------------------------------------
[2022-12-04 14:06:25,836] {taskinstance.py:1239} INFO - Starting attempt 1 of 2
[2022-12-04 14:06:25,836] {taskinstance.py:1240} INFO - 
--------------------------------------------------------------------------------
[2022-12-04 14:06:25,852] {taskinstance.py:1259} INFO - Executing <Task(PythonOperator): get_data> on 2022-11-07 23:50:00+00:00
[2022-12-04 14:06:25,859] {standard_task_runner.py:52} INFO - Started process 8073 to run task
[2022-12-04 14:06:25,864] {standard_task_runner.py:76} INFO - Running: ['***', 'tasks', 'run', 'dag1', 'get_data', 'scheduled__2022-11-07T23:50:00+00:00', '--job-id', '8412', '--raw', '--subdir', 'DAGS_FOLDER/AirflowClean2.py', '--cfg-path', '/tmp/tmp55ibhof_', '--error-file', '/tmp/tmp80gpdehd']
[2022-12-04 14:06:25,866] {standard_task_runner.py:77} INFO - Job 8412: Subtask get_data
[2022-12-04 14:06:25,948] {logging_mixin.py:109} INFO - Running <TaskInstance: dag1.get_data scheduled__2022-11-07T23:50:00+00:00 [running]> on host 7a020590adae
[2022-12-04 14:06:26,032] {taskinstance.py:1426} INFO - Exporting the following env vars:
AIRFLOW_CTX_DAG_OWNER=Fadlil
AIRFLOW_CTX_DAG_ID=dag1
AIRFLOW_CTX_TASK_ID=get_data
AIRFLOW_CTX_EXECUTION_DATE=2022-11-07T23:50:00+00:00
AIRFLOW_CTX_DAG_RUN_ID=scheduled__2022-11-07T23:50:00+00:00
[2022-12-04 14:06:26,685] {python.py:175} INFO - Done. Returned value was: None
[2022-12-04 14:06:27,019] {taskinstance.py:1277} INFO - Marking task as SUCCESS. dag_id=dag1, task_id=get_data, execution_date=20221107T235000, start_date=20221204T140625, end_date=20221204T140627
[2022-12-04 14:06:27,083] {local_task_job.py:154} INFO - Task exited with return code 0
[2022-12-04 14:06:27,159] {local_task_job.py:264} INFO - 1 downstream tasks scheduled from follow-on schedule check
