[2022-12-04 02:53:48,024] {taskinstance.py:1032} INFO - Dependencies all met for <TaskInstance: dag1.get_data scheduled__2022-10-27T02:30:00+00:00 [queued]>
[2022-12-04 02:53:48,063] {taskinstance.py:1032} INFO - Dependencies all met for <TaskInstance: dag1.get_data scheduled__2022-10-27T02:30:00+00:00 [queued]>
[2022-12-04 02:53:48,074] {taskinstance.py:1238} INFO - 
--------------------------------------------------------------------------------
[2022-12-04 02:53:48,074] {taskinstance.py:1239} INFO - Starting attempt 1 of 2
[2022-12-04 02:53:48,075] {taskinstance.py:1240} INFO - 
--------------------------------------------------------------------------------
[2022-12-04 02:53:48,238] {taskinstance.py:1259} INFO - Executing <Task(PythonOperator): get_data> on 2022-10-27 02:30:00+00:00
[2022-12-04 02:53:48,265] {standard_task_runner.py:52} INFO - Started process 519 to run task
[2022-12-04 02:53:48,272] {standard_task_runner.py:76} INFO - Running: ['***', 'tasks', 'run', 'dag1', 'get_data', 'scheduled__2022-10-27T02:30:00+00:00', '--job-id', '662', '--raw', '--subdir', 'DAGS_FOLDER/AirflowClean2.py', '--cfg-path', '/tmp/tmpetkqu_5k', '--error-file', '/tmp/tmpm_kzpxyn']
[2022-12-04 02:53:48,312] {standard_task_runner.py:77} INFO - Job 662: Subtask get_data
[2022-12-04 02:53:48,766] {logging_mixin.py:109} INFO - Running <TaskInstance: dag1.get_data scheduled__2022-10-27T02:30:00+00:00 [running]> on host 422c372562ce
[2022-12-04 02:53:49,238] {taskinstance.py:1426} INFO - Exporting the following env vars:
AIRFLOW_CTX_DAG_OWNER=Fadlil
AIRFLOW_CTX_DAG_ID=dag1
AIRFLOW_CTX_TASK_ID=get_data
AIRFLOW_CTX_EXECUTION_DATE=2022-10-27T02:30:00+00:00
AIRFLOW_CTX_DAG_RUN_ID=scheduled__2022-10-27T02:30:00+00:00
[2022-12-04 02:53:50,204] {python.py:175} INFO - Done. Returned value was: None
[2022-12-04 02:53:50,254] {taskinstance.py:1277} INFO - Marking task as SUCCESS. dag_id=dag1, task_id=get_data, execution_date=20221027T023000, start_date=20221204T025348, end_date=20221204T025350
[2022-12-04 02:53:50,420] {local_task_job.py:154} INFO - Task exited with return code 0
[2022-12-04 02:53:50,924] {local_task_job.py:264} INFO - 1 downstream tasks scheduled from follow-on schedule check
