[2022-12-04 16:55:36,903] {taskinstance.py:1032} INFO - Dependencies all met for <TaskInstance: dag1.delete_local_file scheduled__2022-11-09T16:20:00+00:00 [queued]>
[2022-12-04 16:55:36,929] {taskinstance.py:1032} INFO - Dependencies all met for <TaskInstance: dag1.delete_local_file scheduled__2022-11-09T16:20:00+00:00 [queued]>
[2022-12-04 16:55:36,929] {taskinstance.py:1238} INFO - 
--------------------------------------------------------------------------------
[2022-12-04 16:55:36,930] {taskinstance.py:1239} INFO - Starting attempt 1 of 2
[2022-12-04 16:55:36,930] {taskinstance.py:1240} INFO - 
--------------------------------------------------------------------------------
[2022-12-04 16:55:36,949] {taskinstance.py:1259} INFO - Executing <Task(PythonOperator): delete_local_file> on 2022-11-09 16:20:00+00:00
[2022-12-04 16:55:36,969] {standard_task_runner.py:76} INFO - Running: ['***', 'tasks', 'run', 'dag1', 'delete_local_file', 'scheduled__2022-11-09T16:20:00+00:00', '--job-id', '9939', '--raw', '--subdir', 'DAGS_FOLDER/AirflowClean2.py', '--cfg-path', '/tmp/tmp1d_m_tsh', '--error-file', '/tmp/tmpcqpcio8n']
[2022-12-04 16:55:36,963] {standard_task_runner.py:52} INFO - Started process 15458 to run task
[2022-12-04 16:55:36,971] {standard_task_runner.py:77} INFO - Job 9939: Subtask delete_local_file
[2022-12-04 16:55:37,067] {logging_mixin.py:109} INFO - Running <TaskInstance: dag1.delete_local_file scheduled__2022-11-09T16:20:00+00:00 [running]> on host 7a020590adae
[2022-12-04 16:55:37,168] {taskinstance.py:1426} INFO - Exporting the following env vars:
AIRFLOW_CTX_DAG_OWNER=Fadlil
AIRFLOW_CTX_DAG_ID=dag1
AIRFLOW_CTX_TASK_ID=delete_local_file
AIRFLOW_CTX_EXECUTION_DATE=2022-11-09T16:20:00+00:00
AIRFLOW_CTX_DAG_RUN_ID=scheduled__2022-11-09T16:20:00+00:00
[2022-12-04 16:55:37,176] {python.py:175} INFO - Done. Returned value was: None
[2022-12-04 16:55:37,191] {taskinstance.py:1277} INFO - Marking task as SUCCESS. dag_id=dag1, task_id=delete_local_file, execution_date=20221109T162000, start_date=20221204T165536, end_date=20221204T165537
[2022-12-04 16:55:37,228] {local_task_job.py:154} INFO - Task exited with return code 0
[2022-12-04 16:55:37,326] {local_task_job.py:264} INFO - 0 downstream tasks scheduled from follow-on schedule check
