[2022-12-04 14:03:15,364] {taskinstance.py:1032} INFO - Dependencies all met for <TaskInstance: dag1.get_data scheduled__2022-11-07T22:10:00+00:00 [queued]>
[2022-12-04 14:03:15,379] {taskinstance.py:1032} INFO - Dependencies all met for <TaskInstance: dag1.get_data scheduled__2022-11-07T22:10:00+00:00 [queued]>
[2022-12-04 14:03:15,380] {taskinstance.py:1238} INFO - 
--------------------------------------------------------------------------------
[2022-12-04 14:03:15,380] {taskinstance.py:1239} INFO - Starting attempt 1 of 2
[2022-12-04 14:03:15,380] {taskinstance.py:1240} INFO - 
--------------------------------------------------------------------------------
[2022-12-04 14:03:15,400] {taskinstance.py:1259} INFO - Executing <Task(PythonOperator): get_data> on 2022-11-07 22:10:00+00:00
[2022-12-04 14:03:15,406] {standard_task_runner.py:52} INFO - Started process 7769 to run task
[2022-12-04 14:03:15,411] {standard_task_runner.py:76} INFO - Running: ['***', 'tasks', 'run', 'dag1', 'get_data', 'scheduled__2022-11-07T22:10:00+00:00', '--job-id', '8344', '--raw', '--subdir', 'DAGS_FOLDER/AirflowClean2.py', '--cfg-path', '/tmp/tmpe9cwk4wt', '--error-file', '/tmp/tmpd8g0bt8y']
[2022-12-04 14:03:15,412] {standard_task_runner.py:77} INFO - Job 8344: Subtask get_data
[2022-12-04 14:03:15,500] {logging_mixin.py:109} INFO - Running <TaskInstance: dag1.get_data scheduled__2022-11-07T22:10:00+00:00 [running]> on host 7a020590adae
[2022-12-04 14:03:15,594] {taskinstance.py:1426} INFO - Exporting the following env vars:
AIRFLOW_CTX_DAG_OWNER=Fadlil
AIRFLOW_CTX_DAG_ID=dag1
AIRFLOW_CTX_TASK_ID=get_data
AIRFLOW_CTX_EXECUTION_DATE=2022-11-07T22:10:00+00:00
AIRFLOW_CTX_DAG_RUN_ID=scheduled__2022-11-07T22:10:00+00:00
[2022-12-04 14:03:16,274] {python.py:175} INFO - Done. Returned value was: None
[2022-12-04 14:03:16,323] {taskinstance.py:1277} INFO - Marking task as SUCCESS. dag_id=dag1, task_id=get_data, execution_date=20221107T221000, start_date=20221204T140315, end_date=20221204T140316
[2022-12-04 14:03:16,387] {local_task_job.py:154} INFO - Task exited with return code 0
[2022-12-04 14:03:16,572] {local_task_job.py:264} INFO - 1 downstream tasks scheduled from follow-on schedule check
