[2022-12-04 10:42:50,796] {taskinstance.py:1032} INFO - Dependencies all met for <TaskInstance: dag1.save_to_parquet scheduled__2022-11-01T18:20:00+00:00 [queued]>
[2022-12-04 10:42:50,867] {taskinstance.py:1032} INFO - Dependencies all met for <TaskInstance: dag1.save_to_parquet scheduled__2022-11-01T18:20:00+00:00 [queued]>
[2022-12-04 10:42:50,868] {taskinstance.py:1238} INFO - 
--------------------------------------------------------------------------------
[2022-12-04 10:42:50,869] {taskinstance.py:1239} INFO - Starting attempt 1 of 2
[2022-12-04 10:42:50,869] {taskinstance.py:1240} INFO - 
--------------------------------------------------------------------------------
[2022-12-04 10:42:50,932] {taskinstance.py:1259} INFO - Executing <Task(PythonOperator): save_to_parquet> on 2022-11-01 18:20:00+00:00
[2022-12-04 10:42:50,951] {standard_task_runner.py:52} INFO - Started process 7672 to run task
[2022-12-04 10:42:50,977] {standard_task_runner.py:76} INFO - Running: ['***', 'tasks', 'run', 'dag1', 'save_to_parquet', 'scheduled__2022-11-01T18:20:00+00:00', '--job-id', '3808', '--raw', '--subdir', 'DAGS_FOLDER/AirflowClean2.py', '--cfg-path', '/tmp/tmp03j1qn6l', '--error-file', '/tmp/tmp82lavo9p']
[2022-12-04 10:42:50,995] {standard_task_runner.py:77} INFO - Job 3808: Subtask save_to_parquet
[2022-12-04 10:42:51,245] {logging_mixin.py:109} INFO - Running <TaskInstance: dag1.save_to_parquet scheduled__2022-11-01T18:20:00+00:00 [running]> on host 9e44869ff3ef
[2022-12-04 10:42:51,413] {taskinstance.py:1426} INFO - Exporting the following env vars:
AIRFLOW_CTX_DAG_OWNER=Fadlil
AIRFLOW_CTX_DAG_ID=dag1
AIRFLOW_CTX_TASK_ID=save_to_parquet
AIRFLOW_CTX_EXECUTION_DATE=2022-11-01T18:20:00+00:00
AIRFLOW_CTX_DAG_RUN_ID=scheduled__2022-11-01T18:20:00+00:00
[2022-12-04 10:42:51,730] {python.py:175} INFO - Done. Returned value was: None
[2022-12-04 10:42:51,785] {taskinstance.py:1277} INFO - Marking task as SUCCESS. dag_id=dag1, task_id=save_to_parquet, execution_date=20221101T182000, start_date=20221204T104250, end_date=20221204T104251
[2022-12-04 10:42:51,984] {local_task_job.py:154} INFO - Task exited with return code 0
[2022-12-04 10:42:52,331] {local_task_job.py:264} INFO - 1 downstream tasks scheduled from follow-on schedule check
