[2022-12-04 14:56:46,010] {taskinstance.py:1032} INFO - Dependencies all met for <TaskInstance: dag1.bigquery_external_table_task scheduled__2022-11-08T23:40:00+00:00 [queued]>
[2022-12-04 14:56:46,031] {taskinstance.py:1032} INFO - Dependencies all met for <TaskInstance: dag1.bigquery_external_table_task scheduled__2022-11-08T23:40:00+00:00 [queued]>
[2022-12-04 14:56:46,032] {taskinstance.py:1238} INFO - 
--------------------------------------------------------------------------------
[2022-12-04 14:56:46,032] {taskinstance.py:1239} INFO - Starting attempt 1 of 2
[2022-12-04 14:56:46,033] {taskinstance.py:1240} INFO - 
--------------------------------------------------------------------------------
[2022-12-04 14:56:46,054] {taskinstance.py:1259} INFO - Executing <Task(BigQueryCreateExternalTableOperator): bigquery_external_table_task> on 2022-11-08 23:40:00+00:00
[2022-12-04 14:56:46,061] {standard_task_runner.py:52} INFO - Started process 12521 to run task
[2022-12-04 14:56:46,067] {standard_task_runner.py:76} INFO - Running: ['***', 'tasks', 'run', 'dag1', 'bigquery_external_table_task', 'scheduled__2022-11-08T23:40:00+00:00', '--job-id', '9325', '--raw', '--subdir', 'DAGS_FOLDER/AirflowClean2.py', '--cfg-path', '/tmp/tmp02s9ejrq', '--error-file', '/tmp/tmpgmlw2p6s']
[2022-12-04 14:56:46,068] {standard_task_runner.py:77} INFO - Job 9325: Subtask bigquery_external_table_task
[2022-12-04 14:56:46,168] {logging_mixin.py:109} INFO - Running <TaskInstance: dag1.bigquery_external_table_task scheduled__2022-11-08T23:40:00+00:00 [running]> on host 7a020590adae
[2022-12-04 14:56:46,289] {taskinstance.py:1426} INFO - Exporting the following env vars:
AIRFLOW_CTX_DAG_OWNER=Fadlil
AIRFLOW_CTX_DAG_ID=dag1
AIRFLOW_CTX_TASK_ID=bigquery_external_table_task
AIRFLOW_CTX_EXECUTION_DATE=2022-11-08T23:40:00+00:00
AIRFLOW_CTX_DAG_RUN_ID=scheduled__2022-11-08T23:40:00+00:00
[2022-12-04 14:56:46,293] {crypto.py:82} WARNING - empty cryptography key - values will not be stored encrypted.
[2022-12-04 14:56:47,403] {taskinstance.py:1277} INFO - Marking task as SUCCESS. dag_id=dag1, task_id=bigquery_external_table_task, execution_date=20221108T234000, start_date=20221204T145646, end_date=20221204T145647
[2022-12-04 14:56:47,459] {local_task_job.py:154} INFO - Task exited with return code 0
[2022-12-04 14:56:47,503] {local_task_job.py:264} INFO - 1 downstream tasks scheduled from follow-on schedule check
