[2022-12-04 14:35:46,093] {taskinstance.py:1032} INFO - Dependencies all met for <TaskInstance: dag1.bigquery_external_table_task scheduled__2022-11-08T13:30:00+00:00 [queued]>
[2022-12-04 14:35:46,120] {taskinstance.py:1032} INFO - Dependencies all met for <TaskInstance: dag1.bigquery_external_table_task scheduled__2022-11-08T13:30:00+00:00 [queued]>
[2022-12-04 14:35:46,121] {taskinstance.py:1238} INFO - 
--------------------------------------------------------------------------------
[2022-12-04 14:35:46,122] {taskinstance.py:1239} INFO - Starting attempt 1 of 2
[2022-12-04 14:35:46,122] {taskinstance.py:1240} INFO - 
--------------------------------------------------------------------------------
[2022-12-04 14:35:46,175] {taskinstance.py:1259} INFO - Executing <Task(BigQueryCreateExternalTableOperator): bigquery_external_table_task> on 2022-11-08 13:30:00+00:00
[2022-12-04 14:35:46,190] {standard_task_runner.py:52} INFO - Started process 10650 to run task
[2022-12-04 14:35:46,206] {standard_task_runner.py:76} INFO - Running: ['***', 'tasks', 'run', 'dag1', 'bigquery_external_table_task', 'scheduled__2022-11-08T13:30:00+00:00', '--job-id', '8942', '--raw', '--subdir', 'DAGS_FOLDER/AirflowClean2.py', '--cfg-path', '/tmp/tmp8n_3r2jy', '--error-file', '/tmp/tmpr_z_88ks']
[2022-12-04 14:35:46,209] {standard_task_runner.py:77} INFO - Job 8942: Subtask bigquery_external_table_task
[2022-12-04 14:35:46,359] {logging_mixin.py:109} INFO - Running <TaskInstance: dag1.bigquery_external_table_task scheduled__2022-11-08T13:30:00+00:00 [running]> on host 7a020590adae
[2022-12-04 14:35:46,470] {taskinstance.py:1426} INFO - Exporting the following env vars:
AIRFLOW_CTX_DAG_OWNER=Fadlil
AIRFLOW_CTX_DAG_ID=dag1
AIRFLOW_CTX_TASK_ID=bigquery_external_table_task
AIRFLOW_CTX_EXECUTION_DATE=2022-11-08T13:30:00+00:00
AIRFLOW_CTX_DAG_RUN_ID=scheduled__2022-11-08T13:30:00+00:00
[2022-12-04 14:35:46,473] {crypto.py:82} WARNING - empty cryptography key - values will not be stored encrypted.
[2022-12-04 14:35:47,934] {taskinstance.py:1277} INFO - Marking task as SUCCESS. dag_id=dag1, task_id=bigquery_external_table_task, execution_date=20221108T133000, start_date=20221204T143546, end_date=20221204T143547
[2022-12-04 14:35:48,009] {local_task_job.py:154} INFO - Task exited with return code 0
[2022-12-04 14:35:48,062] {local_task_job.py:264} INFO - 1 downstream tasks scheduled from follow-on schedule check
