[2022-12-04 11:00:36,165] {taskinstance.py:1032} INFO - Dependencies all met for <TaskInstance: dag1.save_to_parquet scheduled__2022-11-03T15:20:00+00:00 [queued]>
[2022-12-04 11:00:36,277] {taskinstance.py:1032} INFO - Dependencies all met for <TaskInstance: dag1.save_to_parquet scheduled__2022-11-03T15:20:00+00:00 [queued]>
[2022-12-04 11:00:36,303] {taskinstance.py:1238} INFO - 
--------------------------------------------------------------------------------
[2022-12-04 11:00:36,304] {taskinstance.py:1239} INFO - Starting attempt 1 of 2
[2022-12-04 11:00:36,304] {taskinstance.py:1240} INFO - 
--------------------------------------------------------------------------------
[2022-12-04 11:00:36,407] {taskinstance.py:1259} INFO - Executing <Task(PythonOperator): save_to_parquet> on 2022-11-03 15:20:00+00:00
[2022-12-04 11:00:36,459] {standard_task_runner.py:52} INFO - Started process 11492 to run task
[2022-12-04 11:00:36,511] {standard_task_runner.py:76} INFO - Running: ['***', 'tasks', 'run', 'dag1', 'save_to_parquet', 'scheduled__2022-11-03T15:20:00+00:00', '--job-id', '4910', '--raw', '--subdir', 'DAGS_FOLDER/AirflowClean2.py', '--cfg-path', '/tmp/tmp8p2x2ppp', '--error-file', '/tmp/tmp173vwj6d']
[2022-12-04 11:00:36,551] {standard_task_runner.py:77} INFO - Job 4910: Subtask save_to_parquet
[2022-12-04 11:00:37,324] {logging_mixin.py:109} INFO - Running <TaskInstance: dag1.save_to_parquet scheduled__2022-11-03T15:20:00+00:00 [running]> on host 9e44869ff3ef
[2022-12-04 11:00:37,814] {taskinstance.py:1426} INFO - Exporting the following env vars:
AIRFLOW_CTX_DAG_OWNER=Fadlil
AIRFLOW_CTX_DAG_ID=dag1
AIRFLOW_CTX_TASK_ID=save_to_parquet
AIRFLOW_CTX_EXECUTION_DATE=2022-11-03T15:20:00+00:00
AIRFLOW_CTX_DAG_RUN_ID=scheduled__2022-11-03T15:20:00+00:00
[2022-12-04 11:00:39,157] {python.py:175} INFO - Done. Returned value was: None
[2022-12-04 11:00:39,630] {taskinstance.py:1277} INFO - Marking task as SUCCESS. dag_id=dag1, task_id=save_to_parquet, execution_date=20221103T152000, start_date=20221204T110036, end_date=20221204T110039
[2022-12-04 11:00:39,879] {local_task_job.py:154} INFO - Task exited with return code 0
[2022-12-04 11:00:40,835] {local_task_job.py:264} INFO - 0 downstream tasks scheduled from follow-on schedule check
