[2022-12-04 14:21:15,219] {taskinstance.py:1032} INFO - Dependencies all met for <TaskInstance: dag1.get_data scheduled__2022-11-08T06:50:00+00:00 [queued]>
[2022-12-04 14:21:15,238] {taskinstance.py:1032} INFO - Dependencies all met for <TaskInstance: dag1.get_data scheduled__2022-11-08T06:50:00+00:00 [queued]>
[2022-12-04 14:21:15,239] {taskinstance.py:1238} INFO - 
--------------------------------------------------------------------------------
[2022-12-04 14:21:15,239] {taskinstance.py:1239} INFO - Starting attempt 1 of 2
[2022-12-04 14:21:15,240] {taskinstance.py:1240} INFO - 
--------------------------------------------------------------------------------
[2022-12-04 14:21:15,274] {taskinstance.py:1259} INFO - Executing <Task(PythonOperator): get_data> on 2022-11-08 06:50:00+00:00
[2022-12-04 14:21:15,282] {standard_task_runner.py:52} INFO - Started process 9325 to run task
[2022-12-04 14:21:15,292] {standard_task_runner.py:76} INFO - Running: ['***', 'tasks', 'run', 'dag1', 'get_data', 'scheduled__2022-11-08T06:50:00+00:00', '--job-id', '8665', '--raw', '--subdir', 'DAGS_FOLDER/AirflowClean2.py', '--cfg-path', '/tmp/tmpzbt2v38_', '--error-file', '/tmp/tmpgfk0_71g']
[2022-12-04 14:21:15,294] {standard_task_runner.py:77} INFO - Job 8665: Subtask get_data
[2022-12-04 14:21:15,423] {logging_mixin.py:109} INFO - Running <TaskInstance: dag1.get_data scheduled__2022-11-08T06:50:00+00:00 [running]> on host 7a020590adae
[2022-12-04 14:21:15,563] {taskinstance.py:1426} INFO - Exporting the following env vars:
AIRFLOW_CTX_DAG_OWNER=Fadlil
AIRFLOW_CTX_DAG_ID=dag1
AIRFLOW_CTX_TASK_ID=get_data
AIRFLOW_CTX_EXECUTION_DATE=2022-11-08T06:50:00+00:00
AIRFLOW_CTX_DAG_RUN_ID=scheduled__2022-11-08T06:50:00+00:00
[2022-12-04 14:21:16,264] {python.py:175} INFO - Done. Returned value was: None
[2022-12-04 14:21:16,281] {taskinstance.py:1277} INFO - Marking task as SUCCESS. dag_id=dag1, task_id=get_data, execution_date=20221108T065000, start_date=20221204T142115, end_date=20221204T142116
[2022-12-04 14:21:16,314] {local_task_job.py:154} INFO - Task exited with return code 0
[2022-12-04 14:21:16,391] {local_task_job.py:264} INFO - 1 downstream tasks scheduled from follow-on schedule check
