[2022-12-04 12:03:45,145] {taskinstance.py:1032} INFO - Dependencies all met for <TaskInstance: dag1.save_to_parquet scheduled__2022-11-05T13:50:00+00:00 [queued]>
[2022-12-04 12:03:45,296] {taskinstance.py:1032} INFO - Dependencies all met for <TaskInstance: dag1.save_to_parquet scheduled__2022-11-05T13:50:00+00:00 [queued]>
[2022-12-04 12:03:45,297] {taskinstance.py:1238} INFO - 
--------------------------------------------------------------------------------
[2022-12-04 12:03:45,297] {taskinstance.py:1239} INFO - Starting attempt 1 of 2
[2022-12-04 12:03:45,298] {taskinstance.py:1240} INFO - 
--------------------------------------------------------------------------------
[2022-12-04 12:03:45,463] {taskinstance.py:1259} INFO - Executing <Task(PythonOperator): save_to_parquet> on 2022-11-05 13:50:00+00:00
[2022-12-04 12:03:45,507] {standard_task_runner.py:52} INFO - Started process 16734 to run task
[2022-12-04 12:03:45,546] {standard_task_runner.py:76} INFO - Running: ['***', 'tasks', 'run', 'dag1', 'save_to_parquet', 'scheduled__2022-11-05T13:50:00+00:00', '--job-id', '6207', '--raw', '--subdir', 'DAGS_FOLDER/AirflowClean2.py', '--cfg-path', '/tmp/tmp1nr3pj5c', '--error-file', '/tmp/tmp35_w1k8e']
[2022-12-04 12:03:45,619] {standard_task_runner.py:77} INFO - Job 6207: Subtask save_to_parquet
[2022-12-04 12:03:46,334] {logging_mixin.py:109} INFO - Running <TaskInstance: dag1.save_to_parquet scheduled__2022-11-05T13:50:00+00:00 [running]> on host 9e44869ff3ef
[2022-12-04 12:03:47,344] {taskinstance.py:1426} INFO - Exporting the following env vars:
AIRFLOW_CTX_DAG_OWNER=Fadlil
AIRFLOW_CTX_DAG_ID=dag1
AIRFLOW_CTX_TASK_ID=save_to_parquet
AIRFLOW_CTX_EXECUTION_DATE=2022-11-05T13:50:00+00:00
AIRFLOW_CTX_DAG_RUN_ID=scheduled__2022-11-05T13:50:00+00:00
[2022-12-04 12:03:48,013] {python.py:175} INFO - Done. Returned value was: None
[2022-12-04 12:03:48,163] {taskinstance.py:1277} INFO - Marking task as SUCCESS. dag_id=dag1, task_id=save_to_parquet, execution_date=20221105T135000, start_date=20221204T120345, end_date=20221204T120348
[2022-12-04 12:03:48,654] {local_task_job.py:154} INFO - Task exited with return code 0
[2022-12-04 12:03:49,289] {local_task_job.py:264} INFO - 1 downstream tasks scheduled from follow-on schedule check
