[2022-12-04 11:45:59,904] {taskinstance.py:1032} INFO - Dependencies all met for <TaskInstance: dag1.local_to_gcs_task scheduled__2022-11-05T00:40:00+00:00 [queued]>
[2022-12-04 11:46:00,012] {taskinstance.py:1032} INFO - Dependencies all met for <TaskInstance: dag1.local_to_gcs_task scheduled__2022-11-05T00:40:00+00:00 [queued]>
[2022-12-04 11:46:00,023] {taskinstance.py:1238} INFO - 
--------------------------------------------------------------------------------
[2022-12-04 11:46:00,041] {taskinstance.py:1239} INFO - Starting attempt 1 of 2
[2022-12-04 11:46:00,046] {taskinstance.py:1240} INFO - 
--------------------------------------------------------------------------------
[2022-12-04 11:46:00,218] {taskinstance.py:1259} INFO - Executing <Task(PythonOperator): local_to_gcs_task> on 2022-11-05 00:40:00+00:00
[2022-12-04 11:46:00,329] {standard_task_runner.py:52} INFO - Started process 14851 to run task
[2022-12-04 11:46:00,376] {standard_task_runner.py:76} INFO - Running: ['***', 'tasks', 'run', 'dag1', 'local_to_gcs_task', 'scheduled__2022-11-05T00:40:00+00:00', '--job-id', '5784', '--raw', '--subdir', 'DAGS_FOLDER/AirflowClean2.py', '--cfg-path', '/tmp/tmp3fbok936', '--error-file', '/tmp/tmpq1c5vwpq']
[2022-12-04 11:46:00,425] {standard_task_runner.py:77} INFO - Job 5784: Subtask local_to_gcs_task
[2022-12-04 11:46:00,837] {logging_mixin.py:109} INFO - Running <TaskInstance: dag1.local_to_gcs_task scheduled__2022-11-05T00:40:00+00:00 [running]> on host 9e44869ff3ef
[2022-12-04 11:46:01,162] {taskinstance.py:1426} INFO - Exporting the following env vars:
AIRFLOW_CTX_DAG_OWNER=Fadlil
AIRFLOW_CTX_DAG_ID=dag1
AIRFLOW_CTX_TASK_ID=local_to_gcs_task
AIRFLOW_CTX_EXECUTION_DATE=2022-11-05T00:40:00+00:00
AIRFLOW_CTX_DAG_RUN_ID=scheduled__2022-11-05T00:40:00+00:00
[2022-12-04 11:46:02,151] {python.py:175} INFO - Done. Returned value was: None
[2022-12-04 11:46:02,281] {taskinstance.py:1277} INFO - Marking task as SUCCESS. dag_id=dag1, task_id=local_to_gcs_task, execution_date=20221105T004000, start_date=20221204T114559, end_date=20221204T114602
[2022-12-04 11:46:02,436] {local_task_job.py:154} INFO - Task exited with return code 0
[2022-12-04 11:46:02,672] {local_task_job.py:264} INFO - 1 downstream tasks scheduled from follow-on schedule check
