[2022-12-03 18:05:03,522] {taskinstance.py:1032} INFO - Dependencies all met for <TaskInstance: dag1.save_to_csv scheduled__2022-10-26T22:50:00+00:00 [queued]>
[2022-12-03 18:05:03,600] {taskinstance.py:1032} INFO - Dependencies all met for <TaskInstance: dag1.save_to_csv scheduled__2022-10-26T22:50:00+00:00 [queued]>
[2022-12-03 18:05:03,601] {taskinstance.py:1238} INFO - 
--------------------------------------------------------------------------------
[2022-12-03 18:05:03,601] {taskinstance.py:1239} INFO - Starting attempt 1 of 2
[2022-12-03 18:05:03,602] {taskinstance.py:1240} INFO - 
--------------------------------------------------------------------------------
[2022-12-03 18:05:03,687] {taskinstance.py:1259} INFO - Executing <Task(PythonOperator): save_to_csv> on 2022-10-26 22:50:00+00:00
[2022-12-03 18:05:03,698] {standard_task_runner.py:52} INFO - Started process 1871 to run task
[2022-12-03 18:05:03,729] {standard_task_runner.py:76} INFO - Running: ['***', 'tasks', 'run', 'dag1', 'save_to_csv', 'scheduled__2022-10-26T22:50:00+00:00', '--job-id', '538', '--raw', '--subdir', 'DAGS_FOLDER/AirflowClean2.py', '--cfg-path', '/tmp/tmpoxv1y1l_', '--error-file', '/tmp/tmp7yzpn53j']
[2022-12-03 18:05:03,746] {standard_task_runner.py:77} INFO - Job 538: Subtask save_to_csv
[2022-12-03 18:05:03,994] {logging_mixin.py:109} INFO - Running <TaskInstance: dag1.save_to_csv scheduled__2022-10-26T22:50:00+00:00 [running]> on host 422c372562ce
[2022-12-03 18:05:04,292] {taskinstance.py:1426} INFO - Exporting the following env vars:
AIRFLOW_CTX_DAG_OWNER=Fadlil
AIRFLOW_CTX_DAG_ID=dag1
AIRFLOW_CTX_TASK_ID=save_to_csv
AIRFLOW_CTX_EXECUTION_DATE=2022-10-26T22:50:00+00:00
AIRFLOW_CTX_DAG_RUN_ID=scheduled__2022-10-26T22:50:00+00:00
[2022-12-03 18:05:04,622] {python.py:175} INFO - Done. Returned value was: None
[2022-12-03 18:05:05,169] {taskinstance.py:1277} INFO - Marking task as SUCCESS. dag_id=dag1, task_id=save_to_csv, execution_date=20221026T225000, start_date=20221203T180503, end_date=20221203T180505
[2022-12-03 18:05:05,372] {local_task_job.py:154} INFO - Task exited with return code 0
[2022-12-03 18:05:06,342] {local_task_job.py:264} INFO - 0 downstream tasks scheduled from follow-on schedule check
