[2022-12-04 13:16:30,287] {taskinstance.py:1032} INFO - Dependencies all met for <TaskInstance: dag1.save_to_parquet scheduled__2022-11-06T22:30:00+00:00 [queued]>
[2022-12-04 13:16:30,331] {taskinstance.py:1032} INFO - Dependencies all met for <TaskInstance: dag1.save_to_parquet scheduled__2022-11-06T22:30:00+00:00 [queued]>
[2022-12-04 13:16:30,332] {taskinstance.py:1238} INFO - 
--------------------------------------------------------------------------------
[2022-12-04 13:16:30,332] {taskinstance.py:1239} INFO - Starting attempt 1 of 2
[2022-12-04 13:16:30,333] {taskinstance.py:1240} INFO - 
--------------------------------------------------------------------------------
[2022-12-04 13:16:30,357] {taskinstance.py:1259} INFO - Executing <Task(PythonOperator): save_to_parquet> on 2022-11-06 22:30:00+00:00
[2022-12-04 13:16:30,364] {standard_task_runner.py:52} INFO - Started process 3510 to run task
[2022-12-04 13:16:30,374] {standard_task_runner.py:76} INFO - Running: ['***', 'tasks', 'run', 'dag1', 'save_to_parquet', 'scheduled__2022-11-06T22:30:00+00:00', '--job-id', '7444', '--raw', '--subdir', 'DAGS_FOLDER/AirflowClean2.py', '--cfg-path', '/tmp/tmpx2zg4nx6', '--error-file', '/tmp/tmpwbft8hsl']
[2022-12-04 13:16:30,375] {standard_task_runner.py:77} INFO - Job 7444: Subtask save_to_parquet
[2022-12-04 13:16:30,492] {logging_mixin.py:109} INFO - Running <TaskInstance: dag1.save_to_parquet scheduled__2022-11-06T22:30:00+00:00 [running]> on host 7a020590adae
[2022-12-04 13:16:30,575] {taskinstance.py:1426} INFO - Exporting the following env vars:
AIRFLOW_CTX_DAG_OWNER=Fadlil
AIRFLOW_CTX_DAG_ID=dag1
AIRFLOW_CTX_TASK_ID=save_to_parquet
AIRFLOW_CTX_EXECUTION_DATE=2022-11-06T22:30:00+00:00
AIRFLOW_CTX_DAG_RUN_ID=scheduled__2022-11-06T22:30:00+00:00
[2022-12-04 13:16:30,623] {python.py:175} INFO - Done. Returned value was: None
[2022-12-04 13:16:30,642] {taskinstance.py:1277} INFO - Marking task as SUCCESS. dag_id=dag1, task_id=save_to_parquet, execution_date=20221106T223000, start_date=20221204T131630, end_date=20221204T131630
[2022-12-04 13:16:30,686] {local_task_job.py:154} INFO - Task exited with return code 0
[2022-12-04 13:16:30,805] {local_task_job.py:264} INFO - 1 downstream tasks scheduled from follow-on schedule check
