[2022-12-04 11:01:26,116] {taskinstance.py:1032} INFO - Dependencies all met for <TaskInstance: dag1.local_to_gcs_task scheduled__2022-11-03T17:00:00+00:00 [queued]>
[2022-12-04 11:01:26,188] {taskinstance.py:1032} INFO - Dependencies all met for <TaskInstance: dag1.local_to_gcs_task scheduled__2022-11-03T17:00:00+00:00 [queued]>
[2022-12-04 11:01:26,191] {taskinstance.py:1238} INFO - 
--------------------------------------------------------------------------------
[2022-12-04 11:01:26,202] {taskinstance.py:1239} INFO - Starting attempt 1 of 2
[2022-12-04 11:01:26,207] {taskinstance.py:1240} INFO - 
--------------------------------------------------------------------------------
[2022-12-04 11:01:26,287] {taskinstance.py:1259} INFO - Executing <Task(PythonOperator): local_to_gcs_task> on 2022-11-03 17:00:00+00:00
[2022-12-04 11:01:26,294] {standard_task_runner.py:52} INFO - Started process 11690 to run task
[2022-12-04 11:01:26,354] {standard_task_runner.py:76} INFO - Running: ['***', 'tasks', 'run', 'dag1', 'local_to_gcs_task', 'scheduled__2022-11-03T17:00:00+00:00', '--job-id', '4966', '--raw', '--subdir', 'DAGS_FOLDER/AirflowClean2.py', '--cfg-path', '/tmp/tmpum2le46d', '--error-file', '/tmp/tmpbnuvn0op']
[2022-12-04 11:01:26,379] {standard_task_runner.py:77} INFO - Job 4966: Subtask local_to_gcs_task
[2022-12-04 11:01:26,753] {logging_mixin.py:109} INFO - Running <TaskInstance: dag1.local_to_gcs_task scheduled__2022-11-03T17:00:00+00:00 [running]> on host 9e44869ff3ef
[2022-12-04 11:01:28,218] {taskinstance.py:1426} INFO - Exporting the following env vars:
AIRFLOW_CTX_DAG_OWNER=Fadlil
AIRFLOW_CTX_DAG_ID=dag1
AIRFLOW_CTX_TASK_ID=local_to_gcs_task
AIRFLOW_CTX_EXECUTION_DATE=2022-11-03T17:00:00+00:00
AIRFLOW_CTX_DAG_RUN_ID=scheduled__2022-11-03T17:00:00+00:00
[2022-12-04 11:01:29,436] {python.py:175} INFO - Done. Returned value was: None
[2022-12-04 11:01:29,515] {taskinstance.py:1277} INFO - Marking task as SUCCESS. dag_id=dag1, task_id=local_to_gcs_task, execution_date=20221103T170000, start_date=20221204T110126, end_date=20221204T110129
[2022-12-04 11:01:29,863] {local_task_job.py:154} INFO - Task exited with return code 0
[2022-12-04 11:01:30,040] {local_task_job.py:264} INFO - 0 downstream tasks scheduled from follow-on schedule check
