[2022-12-04 17:46:30,588] {taskinstance.py:1032} INFO - Dependencies all met for <TaskInstance: dag1.local_to_gcs_task scheduled__2022-11-10T14:20:00+00:00 [queued]>
[2022-12-04 17:46:30,684] {taskinstance.py:1032} INFO - Dependencies all met for <TaskInstance: dag1.local_to_gcs_task scheduled__2022-11-10T14:20:00+00:00 [queued]>
[2022-12-04 17:46:30,701] {taskinstance.py:1238} INFO - 
--------------------------------------------------------------------------------
[2022-12-04 17:46:30,718] {taskinstance.py:1239} INFO - Starting attempt 1 of 2
[2022-12-04 17:46:30,735] {taskinstance.py:1240} INFO - 
--------------------------------------------------------------------------------
[2022-12-04 17:46:30,892] {taskinstance.py:1259} INFO - Executing <Task(PythonOperator): local_to_gcs_task> on 2022-11-10 14:20:00+00:00
[2022-12-04 17:46:30,961] {standard_task_runner.py:52} INFO - Started process 20000 to run task
[2022-12-04 17:46:31,040] {standard_task_runner.py:76} INFO - Running: ['***', 'tasks', 'run', 'dag1', 'local_to_gcs_task', 'scheduled__2022-11-10T14:20:00+00:00', '--job-id', '10878', '--raw', '--subdir', 'DAGS_FOLDER/AirflowClean2.py', '--cfg-path', '/tmp/tmpl6b_sen2', '--error-file', '/tmp/tmp3yv0siim']
[2022-12-04 17:46:31,099] {standard_task_runner.py:77} INFO - Job 10878: Subtask local_to_gcs_task
[2022-12-04 17:46:31,966] {logging_mixin.py:109} INFO - Running <TaskInstance: dag1.local_to_gcs_task scheduled__2022-11-10T14:20:00+00:00 [running]> on host 7a020590adae
[2022-12-04 17:46:33,293] {taskinstance.py:1426} INFO - Exporting the following env vars:
AIRFLOW_CTX_DAG_OWNER=Fadlil
AIRFLOW_CTX_DAG_ID=dag1
AIRFLOW_CTX_TASK_ID=local_to_gcs_task
AIRFLOW_CTX_EXECUTION_DATE=2022-11-10T14:20:00+00:00
AIRFLOW_CTX_DAG_RUN_ID=scheduled__2022-11-10T14:20:00+00:00
[2022-12-04 17:46:34,996] {python.py:175} INFO - Done. Returned value was: None
[2022-12-04 17:46:35,108] {taskinstance.py:1277} INFO - Marking task as SUCCESS. dag_id=dag1, task_id=local_to_gcs_task, execution_date=20221110T142000, start_date=20221204T174630, end_date=20221204T174635
[2022-12-04 17:46:35,287] {local_task_job.py:154} INFO - Task exited with return code 0
[2022-12-04 17:46:35,668] {local_task_job.py:264} INFO - 1 downstream tasks scheduled from follow-on schedule check
