[2022-12-04 15:02:12,992] {taskinstance.py:1032} INFO - Dependencies all met for <TaskInstance: dag1.local_to_gcs_task scheduled__2022-11-09T02:40:00+00:00 [queued]>
[2022-12-04 15:02:13,018] {taskinstance.py:1032} INFO - Dependencies all met for <TaskInstance: dag1.local_to_gcs_task scheduled__2022-11-09T02:40:00+00:00 [queued]>
[2022-12-04 15:02:13,019] {taskinstance.py:1238} INFO - 
--------------------------------------------------------------------------------
[2022-12-04 15:02:13,020] {taskinstance.py:1239} INFO - Starting attempt 1 of 2
[2022-12-04 15:02:13,021] {taskinstance.py:1240} INFO - 
--------------------------------------------------------------------------------
[2022-12-04 15:02:13,076] {taskinstance.py:1259} INFO - Executing <Task(PythonOperator): local_to_gcs_task> on 2022-11-09 02:40:00+00:00
[2022-12-04 15:02:13,083] {standard_task_runner.py:52} INFO - Started process 13075 to run task
[2022-12-04 15:02:13,088] {standard_task_runner.py:76} INFO - Running: ['***', 'tasks', 'run', 'dag1', 'local_to_gcs_task', 'scheduled__2022-11-09T02:40:00+00:00', '--job-id', '9445', '--raw', '--subdir', 'DAGS_FOLDER/AirflowClean2.py', '--cfg-path', '/tmp/tmpde572ziu', '--error-file', '/tmp/tmpmda9h8u1']
[2022-12-04 15:02:13,093] {standard_task_runner.py:77} INFO - Job 9445: Subtask local_to_gcs_task
[2022-12-04 15:02:13,217] {logging_mixin.py:109} INFO - Running <TaskInstance: dag1.local_to_gcs_task scheduled__2022-11-09T02:40:00+00:00 [running]> on host 7a020590adae
[2022-12-04 15:02:13,415] {taskinstance.py:1426} INFO - Exporting the following env vars:
AIRFLOW_CTX_DAG_OWNER=Fadlil
AIRFLOW_CTX_DAG_ID=dag1
AIRFLOW_CTX_TASK_ID=local_to_gcs_task
AIRFLOW_CTX_EXECUTION_DATE=2022-11-09T02:40:00+00:00
AIRFLOW_CTX_DAG_RUN_ID=scheduled__2022-11-09T02:40:00+00:00
[2022-12-04 15:02:14,838] {python.py:175} INFO - Done. Returned value was: None
[2022-12-04 15:02:14,859] {taskinstance.py:1277} INFO - Marking task as SUCCESS. dag_id=dag1, task_id=local_to_gcs_task, execution_date=20221109T024000, start_date=20221204T150212, end_date=20221204T150214
[2022-12-04 15:02:14,903] {local_task_job.py:154} INFO - Task exited with return code 0
[2022-12-04 15:02:14,953] {local_task_job.py:264} INFO - 1 downstream tasks scheduled from follow-on schedule check
