[2022-12-04 03:26:51,489] {taskinstance.py:1032} INFO - Dependencies all met for <TaskInstance: dag1.get_data scheduled__2022-10-27T18:20:00+00:00 [queued]>
[2022-12-04 03:26:51,535] {taskinstance.py:1032} INFO - Dependencies all met for <TaskInstance: dag1.get_data scheduled__2022-10-27T18:20:00+00:00 [queued]>
[2022-12-04 03:26:51,536] {taskinstance.py:1238} INFO - 
--------------------------------------------------------------------------------
[2022-12-04 03:26:51,537] {taskinstance.py:1239} INFO - Starting attempt 1 of 2
[2022-12-04 03:26:51,540] {taskinstance.py:1240} INFO - 
--------------------------------------------------------------------------------
[2022-12-04 03:26:51,600] {taskinstance.py:1259} INFO - Executing <Task(PythonOperator): get_data> on 2022-10-27 18:20:00+00:00
[2022-12-04 03:26:51,620] {standard_task_runner.py:52} INFO - Started process 2834 to run task
[2022-12-04 03:26:51,631] {standard_task_runner.py:76} INFO - Running: ['***', 'tasks', 'run', 'dag1', 'get_data', 'scheduled__2022-10-27T18:20:00+00:00', '--job-id', '1038', '--raw', '--subdir', 'DAGS_FOLDER/AirflowClean2.py', '--cfg-path', '/tmp/tmpscezkzw8', '--error-file', '/tmp/tmpn_n9rwfc']
[2022-12-04 03:26:51,632] {standard_task_runner.py:77} INFO - Job 1038: Subtask get_data
[2022-12-04 03:26:51,884] {logging_mixin.py:109} INFO - Running <TaskInstance: dag1.get_data scheduled__2022-10-27T18:20:00+00:00 [running]> on host 422c372562ce
[2022-12-04 03:26:52,046] {taskinstance.py:1426} INFO - Exporting the following env vars:
AIRFLOW_CTX_DAG_OWNER=Fadlil
AIRFLOW_CTX_DAG_ID=dag1
AIRFLOW_CTX_TASK_ID=get_data
AIRFLOW_CTX_EXECUTION_DATE=2022-10-27T18:20:00+00:00
AIRFLOW_CTX_DAG_RUN_ID=scheduled__2022-10-27T18:20:00+00:00
[2022-12-04 03:26:52,893] {python.py:175} INFO - Done. Returned value was: None
[2022-12-04 03:26:53,682] {taskinstance.py:1277} INFO - Marking task as SUCCESS. dag_id=dag1, task_id=get_data, execution_date=20221027T182000, start_date=20221204T032651, end_date=20221204T032653
[2022-12-04 03:26:53,809] {local_task_job.py:154} INFO - Task exited with return code 0
[2022-12-04 03:26:54,063] {local_task_job.py:264} INFO - 1 downstream tasks scheduled from follow-on schedule check
