[2022-12-04 11:40:44,366] {taskinstance.py:1032} INFO - Dependencies all met for <TaskInstance: dag1.get_data scheduled__2022-11-04T16:10:00+00:00 [queued]>
[2022-12-04 11:40:44,473] {taskinstance.py:1032} INFO - Dependencies all met for <TaskInstance: dag1.get_data scheduled__2022-11-04T16:10:00+00:00 [queued]>
[2022-12-04 11:40:44,483] {taskinstance.py:1238} INFO - 
--------------------------------------------------------------------------------
[2022-12-04 11:40:44,503] {taskinstance.py:1239} INFO - Starting attempt 1 of 2
[2022-12-04 11:40:44,506] {taskinstance.py:1240} INFO - 
--------------------------------------------------------------------------------
[2022-12-04 11:40:44,614] {taskinstance.py:1259} INFO - Executing <Task(PythonOperator): get_data> on 2022-11-04 16:10:00+00:00
[2022-12-04 11:40:44,673] {standard_task_runner.py:76} INFO - Running: ['***', 'tasks', 'run', 'dag1', 'get_data', 'scheduled__2022-11-04T16:10:00+00:00', '--job-id', '5511', '--raw', '--subdir', 'DAGS_FOLDER/AirflowClean2.py', '--cfg-path', '/tmp/tmp5gk9ox2l', '--error-file', '/tmp/tmp23zdo30q']
[2022-12-04 11:40:44,686] {standard_task_runner.py:77} INFO - Job 5511: Subtask get_data
[2022-12-04 11:40:44,621] {standard_task_runner.py:52} INFO - Started process 13892 to run task
[2022-12-04 11:40:45,057] {logging_mixin.py:109} INFO - Running <TaskInstance: dag1.get_data scheduled__2022-11-04T16:10:00+00:00 [running]> on host 9e44869ff3ef
[2022-12-04 11:40:45,593] {taskinstance.py:1426} INFO - Exporting the following env vars:
AIRFLOW_CTX_DAG_OWNER=Fadlil
AIRFLOW_CTX_DAG_ID=dag1
AIRFLOW_CTX_TASK_ID=get_data
AIRFLOW_CTX_EXECUTION_DATE=2022-11-04T16:10:00+00:00
AIRFLOW_CTX_DAG_RUN_ID=scheduled__2022-11-04T16:10:00+00:00
[2022-12-04 11:40:46,415] {python.py:175} INFO - Done. Returned value was: None
[2022-12-04 11:40:46,836] {taskinstance.py:1277} INFO - Marking task as SUCCESS. dag_id=dag1, task_id=get_data, execution_date=20221104T161000, start_date=20221204T114044, end_date=20221204T114046
[2022-12-04 11:40:47,096] {local_task_job.py:154} INFO - Task exited with return code 0
[2022-12-04 11:40:47,345] {local_task_job.py:264} INFO - 1 downstream tasks scheduled from follow-on schedule check
