[2022-12-04 12:52:30,368] {taskinstance.py:1032} INFO - Dependencies all met for <TaskInstance: dag1.save_to_csv scheduled__2022-11-06T10:20:00+00:00 [queued]>
[2022-12-04 12:52:30,463] {taskinstance.py:1032} INFO - Dependencies all met for <TaskInstance: dag1.save_to_csv scheduled__2022-11-06T10:20:00+00:00 [queued]>
[2022-12-04 12:52:30,475] {taskinstance.py:1238} INFO - 
--------------------------------------------------------------------------------
[2022-12-04 12:52:30,476] {taskinstance.py:1239} INFO - Starting attempt 1 of 2
[2022-12-04 12:52:30,477] {taskinstance.py:1240} INFO - 
--------------------------------------------------------------------------------
[2022-12-04 12:52:30,554] {taskinstance.py:1259} INFO - Executing <Task(PythonOperator): save_to_csv> on 2022-11-06 10:20:00+00:00
[2022-12-04 12:52:30,570] {standard_task_runner.py:52} INFO - Started process 1327 to run task
[2022-12-04 12:52:30,590] {standard_task_runner.py:76} INFO - Running: ['***', 'tasks', 'run', 'dag1', 'save_to_csv', 'scheduled__2022-11-06T10:20:00+00:00', '--job-id', '6979', '--raw', '--subdir', 'DAGS_FOLDER/AirflowClean2.py', '--cfg-path', '/tmp/tmpxn7fk4em', '--error-file', '/tmp/tmp23sbmkii']
[2022-12-04 12:52:30,607] {standard_task_runner.py:77} INFO - Job 6979: Subtask save_to_csv
[2022-12-04 12:52:30,960] {logging_mixin.py:109} INFO - Running <TaskInstance: dag1.save_to_csv scheduled__2022-11-06T10:20:00+00:00 [running]> on host 7a020590adae
[2022-12-04 12:52:31,417] {taskinstance.py:1426} INFO - Exporting the following env vars:
AIRFLOW_CTX_DAG_OWNER=Fadlil
AIRFLOW_CTX_DAG_ID=dag1
AIRFLOW_CTX_TASK_ID=save_to_csv
AIRFLOW_CTX_EXECUTION_DATE=2022-11-06T10:20:00+00:00
AIRFLOW_CTX_DAG_RUN_ID=scheduled__2022-11-06T10:20:00+00:00
[2022-12-04 12:52:31,665] {python.py:175} INFO - Done. Returned value was: None
[2022-12-04 12:52:32,710] {taskinstance.py:1277} INFO - Marking task as SUCCESS. dag_id=dag1, task_id=save_to_csv, execution_date=20221106T102000, start_date=20221204T125230, end_date=20221204T125232
[2022-12-04 12:52:32,825] {local_task_job.py:154} INFO - Task exited with return code 0
[2022-12-04 12:52:33,067] {local_task_job.py:264} INFO - 1 downstream tasks scheduled from follow-on schedule check
