[2022-12-04 11:02:29,407] {taskinstance.py:1032} INFO - Dependencies all met for <TaskInstance: dag1.save_to_parquet scheduled__2022-11-03T20:30:00+00:00 [queued]>
[2022-12-04 11:02:29,466] {taskinstance.py:1032} INFO - Dependencies all met for <TaskInstance: dag1.save_to_parquet scheduled__2022-11-03T20:30:00+00:00 [queued]>
[2022-12-04 11:02:29,470] {taskinstance.py:1238} INFO - 
--------------------------------------------------------------------------------
[2022-12-04 11:02:29,471] {taskinstance.py:1239} INFO - Starting attempt 1 of 2
[2022-12-04 11:02:29,471] {taskinstance.py:1240} INFO - 
--------------------------------------------------------------------------------
[2022-12-04 11:02:29,535] {taskinstance.py:1259} INFO - Executing <Task(PythonOperator): save_to_parquet> on 2022-11-03 20:30:00+00:00
[2022-12-04 11:02:29,548] {standard_task_runner.py:52} INFO - Started process 11916 to run task
[2022-12-04 11:02:29,570] {standard_task_runner.py:76} INFO - Running: ['***', 'tasks', 'run', 'dag1', 'save_to_parquet', 'scheduled__2022-11-03T20:30:00+00:00', '--job-id', '5035', '--raw', '--subdir', 'DAGS_FOLDER/AirflowClean2.py', '--cfg-path', '/tmp/tmpj3tcbkfd', '--error-file', '/tmp/tmpif1cu8oq']
[2022-12-04 11:02:29,595] {standard_task_runner.py:77} INFO - Job 5035: Subtask save_to_parquet
[2022-12-04 11:02:29,892] {logging_mixin.py:109} INFO - Running <TaskInstance: dag1.save_to_parquet scheduled__2022-11-03T20:30:00+00:00 [running]> on host 9e44869ff3ef
[2022-12-04 11:02:30,293] {taskinstance.py:1426} INFO - Exporting the following env vars:
AIRFLOW_CTX_DAG_OWNER=Fadlil
AIRFLOW_CTX_DAG_ID=dag1
AIRFLOW_CTX_TASK_ID=save_to_parquet
AIRFLOW_CTX_EXECUTION_DATE=2022-11-03T20:30:00+00:00
AIRFLOW_CTX_DAG_RUN_ID=scheduled__2022-11-03T20:30:00+00:00
[2022-12-04 11:02:31,000] {python.py:175} INFO - Done. Returned value was: None
[2022-12-04 11:02:31,132] {taskinstance.py:1277} INFO - Marking task as SUCCESS. dag_id=dag1, task_id=save_to_parquet, execution_date=20221103T203000, start_date=20221204T110229, end_date=20221204T110231
[2022-12-04 11:02:31,311] {local_task_job.py:154} INFO - Task exited with return code 0
[2022-12-04 11:02:31,738] {local_task_job.py:264} INFO - 1 downstream tasks scheduled from follow-on schedule check
