[2022-12-04 17:46:02,288] {taskinstance.py:1032} INFO - Dependencies all met for <TaskInstance: dag1.get_data scheduled__2022-11-10T16:10:00+00:00 [queued]>
[2022-12-04 17:46:02,304] {taskinstance.py:1032} INFO - Dependencies all met for <TaskInstance: dag1.get_data scheduled__2022-11-10T16:10:00+00:00 [queued]>
[2022-12-04 17:46:02,305] {taskinstance.py:1238} INFO - 
--------------------------------------------------------------------------------
[2022-12-04 17:46:02,305] {taskinstance.py:1239} INFO - Starting attempt 1 of 2
[2022-12-04 17:46:02,306] {taskinstance.py:1240} INFO - 
--------------------------------------------------------------------------------
[2022-12-04 17:46:02,326] {taskinstance.py:1259} INFO - Executing <Task(PythonOperator): get_data> on 2022-11-10 16:10:00+00:00
[2022-12-04 17:46:02,335] {standard_task_runner.py:52} INFO - Started process 19942 to run task
[2022-12-04 17:46:02,340] {standard_task_runner.py:76} INFO - Running: ['***', 'tasks', 'run', 'dag1', 'get_data', 'scheduled__2022-11-10T16:10:00+00:00', '--job-id', '10866', '--raw', '--subdir', 'DAGS_FOLDER/AirflowClean2.py', '--cfg-path', '/tmp/tmp29jasg83', '--error-file', '/tmp/tmp304dhu8_']
[2022-12-04 17:46:02,342] {standard_task_runner.py:77} INFO - Job 10866: Subtask get_data
[2022-12-04 17:46:02,448] {logging_mixin.py:109} INFO - Running <TaskInstance: dag1.get_data scheduled__2022-11-10T16:10:00+00:00 [running]> on host 7a020590adae
[2022-12-04 17:46:02,689] {taskinstance.py:1426} INFO - Exporting the following env vars:
AIRFLOW_CTX_DAG_OWNER=Fadlil
AIRFLOW_CTX_DAG_ID=dag1
AIRFLOW_CTX_TASK_ID=get_data
AIRFLOW_CTX_EXECUTION_DATE=2022-11-10T16:10:00+00:00
AIRFLOW_CTX_DAG_RUN_ID=scheduled__2022-11-10T16:10:00+00:00
[2022-12-04 17:46:03,675] {python.py:175} INFO - Done. Returned value was: None
[2022-12-04 17:46:04,581] {taskinstance.py:1277} INFO - Marking task as SUCCESS. dag_id=dag1, task_id=get_data, execution_date=20221110T161000, start_date=20221204T174602, end_date=20221204T174604
[2022-12-04 17:46:04,707] {local_task_job.py:154} INFO - Task exited with return code 0
[2022-12-04 17:46:04,926] {local_task_job.py:264} INFO - 1 downstream tasks scheduled from follow-on schedule check
