[2022-12-04 10:52:44,391] {taskinstance.py:1032} INFO - Dependencies all met for <TaskInstance: dag1.local_to_gcs_task scheduled__2022-11-02T18:30:00+00:00 [queued]>
[2022-12-04 10:52:44,472] {taskinstance.py:1032} INFO - Dependencies all met for <TaskInstance: dag1.local_to_gcs_task scheduled__2022-11-02T18:30:00+00:00 [queued]>
[2022-12-04 10:52:44,499] {taskinstance.py:1238} INFO - 
--------------------------------------------------------------------------------
[2022-12-04 10:52:44,500] {taskinstance.py:1239} INFO - Starting attempt 1 of 2
[2022-12-04 10:52:44,501] {taskinstance.py:1240} INFO - 
--------------------------------------------------------------------------------
[2022-12-04 10:52:44,614] {taskinstance.py:1259} INFO - Executing <Task(PythonOperator): local_to_gcs_task> on 2022-11-02 18:30:00+00:00
[2022-12-04 10:52:44,649] {standard_task_runner.py:76} INFO - Running: ['***', 'tasks', 'run', 'dag1', 'local_to_gcs_task', 'scheduled__2022-11-02T18:30:00+00:00', '--job-id', '4405', '--raw', '--subdir', 'DAGS_FOLDER/AirflowClean2.py', '--cfg-path', '/tmp/tmp50tutnuw', '--error-file', '/tmp/tmpxs4tqrbu']
[2022-12-04 10:52:44,703] {standard_task_runner.py:77} INFO - Job 4405: Subtask local_to_gcs_task
[2022-12-04 10:52:44,622] {standard_task_runner.py:52} INFO - Started process 9765 to run task
[2022-12-04 10:52:45,019] {logging_mixin.py:109} INFO - Running <TaskInstance: dag1.local_to_gcs_task scheduled__2022-11-02T18:30:00+00:00 [running]> on host 9e44869ff3ef
[2022-12-04 10:52:45,358] {taskinstance.py:1426} INFO - Exporting the following env vars:
AIRFLOW_CTX_DAG_OWNER=Fadlil
AIRFLOW_CTX_DAG_ID=dag1
AIRFLOW_CTX_TASK_ID=local_to_gcs_task
AIRFLOW_CTX_EXECUTION_DATE=2022-11-02T18:30:00+00:00
AIRFLOW_CTX_DAG_RUN_ID=scheduled__2022-11-02T18:30:00+00:00
[2022-12-04 10:52:46,267] {python.py:175} INFO - Done. Returned value was: None
[2022-12-04 10:52:46,785] {taskinstance.py:1277} INFO - Marking task as SUCCESS. dag_id=dag1, task_id=local_to_gcs_task, execution_date=20221102T183000, start_date=20221204T105244, end_date=20221204T105246
[2022-12-04 10:52:46,867] {local_task_job.py:154} INFO - Task exited with return code 0
[2022-12-04 10:52:47,279] {local_task_job.py:264} INFO - 0 downstream tasks scheduled from follow-on schedule check
