[2022-12-04 10:38:27,751] {taskinstance.py:1032} INFO - Dependencies all met for <TaskInstance: dag1.save_to_csv scheduled__2022-11-01T07:50:00+00:00 [queued]>
[2022-12-04 10:38:27,863] {taskinstance.py:1032} INFO - Dependencies all met for <TaskInstance: dag1.save_to_csv scheduled__2022-11-01T07:50:00+00:00 [queued]>
[2022-12-04 10:38:27,868] {taskinstance.py:1238} INFO - 
--------------------------------------------------------------------------------
[2022-12-04 10:38:27,869] {taskinstance.py:1239} INFO - Starting attempt 1 of 2
[2022-12-04 10:38:27,869] {taskinstance.py:1240} INFO - 
--------------------------------------------------------------------------------
[2022-12-04 10:38:28,084] {taskinstance.py:1259} INFO - Executing <Task(PythonOperator): save_to_csv> on 2022-11-01 07:50:00+00:00
[2022-12-04 10:38:28,119] {standard_task_runner.py:76} INFO - Running: ['***', 'tasks', 'run', 'dag1', 'save_to_csv', 'scheduled__2022-11-01T07:50:00+00:00', '--job-id', '3558', '--raw', '--subdir', 'DAGS_FOLDER/AirflowClean2.py', '--cfg-path', '/tmp/tmptxz4j85v', '--error-file', '/tmp/tmpou0te5m5']
[2022-12-04 10:38:28,122] {standard_task_runner.py:77} INFO - Job 3558: Subtask save_to_csv
[2022-12-04 10:38:28,111] {standard_task_runner.py:52} INFO - Started process 6801 to run task
[2022-12-04 10:38:28,468] {logging_mixin.py:109} INFO - Running <TaskInstance: dag1.save_to_csv scheduled__2022-11-01T07:50:00+00:00 [running]> on host 9e44869ff3ef
[2022-12-04 10:38:28,719] {taskinstance.py:1426} INFO - Exporting the following env vars:
AIRFLOW_CTX_DAG_OWNER=Fadlil
AIRFLOW_CTX_DAG_ID=dag1
AIRFLOW_CTX_TASK_ID=save_to_csv
AIRFLOW_CTX_EXECUTION_DATE=2022-11-01T07:50:00+00:00
AIRFLOW_CTX_DAG_RUN_ID=scheduled__2022-11-01T07:50:00+00:00
[2022-12-04 10:38:29,395] {python.py:175} INFO - Done. Returned value was: None
[2022-12-04 10:38:29,824] {taskinstance.py:1277} INFO - Marking task as SUCCESS. dag_id=dag1, task_id=save_to_csv, execution_date=20221101T075000, start_date=20221204T103827, end_date=20221204T103829
[2022-12-04 10:38:29,912] {local_task_job.py:154} INFO - Task exited with return code 0
[2022-12-04 10:38:30,114] {local_task_job.py:264} INFO - 1 downstream tasks scheduled from follow-on schedule check
