[2022-12-04 09:59:45,726] {taskinstance.py:1032} INFO - Dependencies all met for <TaskInstance: dag1.get_data scheduled__2022-10-31T02:00:00+00:00 [queued]>
[2022-12-04 09:59:45,771] {taskinstance.py:1032} INFO - Dependencies all met for <TaskInstance: dag1.get_data scheduled__2022-10-31T02:00:00+00:00 [queued]>
[2022-12-04 09:59:45,776] {taskinstance.py:1238} INFO - 
--------------------------------------------------------------------------------
[2022-12-04 09:59:45,792] {taskinstance.py:1239} INFO - Starting attempt 1 of 2
[2022-12-04 09:59:45,795] {taskinstance.py:1240} INFO - 
--------------------------------------------------------------------------------
[2022-12-04 09:59:45,830] {taskinstance.py:1259} INFO - Executing <Task(PythonOperator): get_data> on 2022-10-31 02:00:00+00:00
[2022-12-04 09:59:45,849] {standard_task_runner.py:52} INFO - Started process 3189 to run task
[2022-12-04 09:59:45,867] {standard_task_runner.py:76} INFO - Running: ['***', 'tasks', 'run', 'dag1', 'get_data', 'scheduled__2022-10-31T02:00:00+00:00', '--job-id', '2792', '--raw', '--subdir', 'DAGS_FOLDER/AirflowClean2.py', '--cfg-path', '/tmp/tmpiy5ooqjk', '--error-file', '/tmp/tmp0zc3wewk']
[2022-12-04 09:59:45,869] {standard_task_runner.py:77} INFO - Job 2792: Subtask get_data
[2022-12-04 09:59:46,015] {logging_mixin.py:109} INFO - Running <TaskInstance: dag1.get_data scheduled__2022-10-31T02:00:00+00:00 [running]> on host 9e44869ff3ef
[2022-12-04 09:59:46,178] {taskinstance.py:1426} INFO - Exporting the following env vars:
AIRFLOW_CTX_DAG_OWNER=Fadlil
AIRFLOW_CTX_DAG_ID=dag1
AIRFLOW_CTX_TASK_ID=get_data
AIRFLOW_CTX_EXECUTION_DATE=2022-10-31T02:00:00+00:00
AIRFLOW_CTX_DAG_RUN_ID=scheduled__2022-10-31T02:00:00+00:00
[2022-12-04 09:59:46,992] {python.py:175} INFO - Done. Returned value was: None
[2022-12-04 09:59:47,344] {taskinstance.py:1277} INFO - Marking task as SUCCESS. dag_id=dag1, task_id=get_data, execution_date=20221031T020000, start_date=20221204T095945, end_date=20221204T095947
[2022-12-04 09:59:47,451] {local_task_job.py:154} INFO - Task exited with return code 0
[2022-12-04 09:59:47,630] {local_task_job.py:264} INFO - 1 downstream tasks scheduled from follow-on schedule check
