[2022-12-04 10:47:51,272] {taskinstance.py:1032} INFO - Dependencies all met for <TaskInstance: dag1.save_to_csv scheduled__2022-11-02T06:10:00+00:00 [queued]>
[2022-12-04 10:47:51,355] {taskinstance.py:1032} INFO - Dependencies all met for <TaskInstance: dag1.save_to_csv scheduled__2022-11-02T06:10:00+00:00 [queued]>
[2022-12-04 10:47:51,363] {taskinstance.py:1238} INFO - 
--------------------------------------------------------------------------------
[2022-12-04 10:47:51,364] {taskinstance.py:1239} INFO - Starting attempt 1 of 2
[2022-12-04 10:47:51,364] {taskinstance.py:1240} INFO - 
--------------------------------------------------------------------------------
[2022-12-04 10:47:51,472] {taskinstance.py:1259} INFO - Executing <Task(PythonOperator): save_to_csv> on 2022-11-02 06:10:00+00:00
[2022-12-04 10:47:51,489] {standard_task_runner.py:52} INFO - Started process 8674 to run task
[2022-12-04 10:47:51,540] {standard_task_runner.py:76} INFO - Running: ['***', 'tasks', 'run', 'dag1', 'save_to_csv', 'scheduled__2022-11-02T06:10:00+00:00', '--job-id', '4090', '--raw', '--subdir', 'DAGS_FOLDER/AirflowClean2.py', '--cfg-path', '/tmp/tmpr06bg7v_', '--error-file', '/tmp/tmpst2cz8jg']
[2022-12-04 10:47:51,585] {standard_task_runner.py:77} INFO - Job 4090: Subtask save_to_csv
[2022-12-04 10:47:52,669] {logging_mixin.py:109} INFO - Running <TaskInstance: dag1.save_to_csv scheduled__2022-11-02T06:10:00+00:00 [running]> on host 9e44869ff3ef
[2022-12-04 10:47:53,864] {taskinstance.py:1426} INFO - Exporting the following env vars:
AIRFLOW_CTX_DAG_OWNER=Fadlil
AIRFLOW_CTX_DAG_ID=dag1
AIRFLOW_CTX_TASK_ID=save_to_csv
AIRFLOW_CTX_EXECUTION_DATE=2022-11-02T06:10:00+00:00
AIRFLOW_CTX_DAG_RUN_ID=scheduled__2022-11-02T06:10:00+00:00
[2022-12-04 10:47:54,116] {python.py:175} INFO - Done. Returned value was: None
[2022-12-04 10:47:54,136] {taskinstance.py:1277} INFO - Marking task as SUCCESS. dag_id=dag1, task_id=save_to_csv, execution_date=20221102T061000, start_date=20221204T104751, end_date=20221204T104754
[2022-12-04 10:47:54,241] {local_task_job.py:154} INFO - Task exited with return code 0
[2022-12-04 10:47:54,578] {local_task_job.py:264} INFO - 1 downstream tasks scheduled from follow-on schedule check
