[2022-12-03 01:44:04,399] {taskinstance.py:1032} INFO - Dependencies all met for <TaskInstance: dag1.save_to_csv scheduled__2022-10-26T04:40:00+00:00 [queued]>
[2022-12-03 01:44:04,904] {taskinstance.py:1032} INFO - Dependencies all met for <TaskInstance: dag1.save_to_csv scheduled__2022-10-26T04:40:00+00:00 [queued]>
[2022-12-03 01:44:04,907] {taskinstance.py:1238} INFO - 
--------------------------------------------------------------------------------
[2022-12-03 01:44:04,972] {taskinstance.py:1239} INFO - Starting attempt 1 of 2
[2022-12-03 01:44:05,020] {taskinstance.py:1240} INFO - 
--------------------------------------------------------------------------------
[2022-12-03 01:44:05,717] {taskinstance.py:1259} INFO - Executing <Task(PythonOperator): save_to_csv> on 2022-10-26 04:40:00+00:00
[2022-12-03 01:44:06,199] {standard_task_runner.py:52} INFO - Started process 341 to run task
[2022-12-03 01:44:06,291] {standard_task_runner.py:76} INFO - Running: ['***', 'tasks', 'run', 'dag1', 'save_to_csv', 'scheduled__2022-10-26T04:40:00+00:00', '--job-id', '86', '--raw', '--subdir', 'DAGS_FOLDER/AirflowClean2.py', '--cfg-path', '/tmp/tmp7j_e_j9c', '--error-file', '/tmp/tmpanlebanp']
[2022-12-03 01:44:06,433] {standard_task_runner.py:77} INFO - Job 86: Subtask save_to_csv
[2022-12-03 01:44:10,262] {logging_mixin.py:109} INFO - Running <TaskInstance: dag1.save_to_csv scheduled__2022-10-26T04:40:00+00:00 [running]> on host 422c372562ce
[2022-12-03 01:44:11,713] {taskinstance.py:1426} INFO - Exporting the following env vars:
AIRFLOW_CTX_DAG_OWNER=Fadlil
AIRFLOW_CTX_DAG_ID=dag1
AIRFLOW_CTX_TASK_ID=save_to_csv
AIRFLOW_CTX_EXECUTION_DATE=2022-10-26T04:40:00+00:00
AIRFLOW_CTX_DAG_RUN_ID=scheduled__2022-10-26T04:40:00+00:00
[2022-12-03 01:44:19,708] {python.py:175} INFO - Done. Returned value was: None
[2022-12-03 01:44:19,952] {taskinstance.py:1277} INFO - Marking task as SUCCESS. dag_id=dag1, task_id=save_to_csv, execution_date=20221026T044000, start_date=20221203T014404, end_date=20221203T014419
[2022-12-03 01:44:20,365] {local_task_job.py:154} INFO - Task exited with return code 0
[2022-12-03 01:44:21,154] {local_task_job.py:264} INFO - 0 downstream tasks scheduled from follow-on schedule check
