[2022-12-04 03:17:03,522] {taskinstance.py:1032} INFO - Dependencies all met for <TaskInstance: dag1.save_to_csv scheduled__2022-10-27T14:20:00+00:00 [queued]>
[2022-12-04 03:17:03,645] {taskinstance.py:1032} INFO - Dependencies all met for <TaskInstance: dag1.save_to_csv scheduled__2022-10-27T14:20:00+00:00 [queued]>
[2022-12-04 03:17:03,646] {taskinstance.py:1238} INFO - 
--------------------------------------------------------------------------------
[2022-12-04 03:17:03,648] {taskinstance.py:1239} INFO - Starting attempt 1 of 2
[2022-12-04 03:17:03,650] {taskinstance.py:1240} INFO - 
--------------------------------------------------------------------------------
[2022-12-04 03:17:03,734] {taskinstance.py:1259} INFO - Executing <Task(PythonOperator): save_to_csv> on 2022-10-27 14:20:00+00:00
[2022-12-04 03:17:03,740] {standard_task_runner.py:52} INFO - Started process 2219 to run task
[2022-12-04 03:17:03,789] {standard_task_runner.py:76} INFO - Running: ['***', 'tasks', 'run', 'dag1', 'save_to_csv', 'scheduled__2022-10-27T14:20:00+00:00', '--job-id', '950', '--raw', '--subdir', 'DAGS_FOLDER/AirflowClean2.py', '--cfg-path', '/tmp/tmpltq79f25', '--error-file', '/tmp/tmpul7wbk3c']
[2022-12-04 03:17:03,824] {standard_task_runner.py:77} INFO - Job 950: Subtask save_to_csv
[2022-12-04 03:17:04,076] {logging_mixin.py:109} INFO - Running <TaskInstance: dag1.save_to_csv scheduled__2022-10-27T14:20:00+00:00 [running]> on host 422c372562ce
[2022-12-04 03:17:04,515] {taskinstance.py:1426} INFO - Exporting the following env vars:
AIRFLOW_CTX_DAG_OWNER=Fadlil
AIRFLOW_CTX_DAG_ID=dag1
AIRFLOW_CTX_TASK_ID=save_to_csv
AIRFLOW_CTX_EXECUTION_DATE=2022-10-27T14:20:00+00:00
AIRFLOW_CTX_DAG_RUN_ID=scheduled__2022-10-27T14:20:00+00:00
[2022-12-04 03:17:04,729] {python.py:175} INFO - Done. Returned value was: None
[2022-12-04 03:17:05,103] {taskinstance.py:1277} INFO - Marking task as SUCCESS. dag_id=dag1, task_id=save_to_csv, execution_date=20221027T142000, start_date=20221204T031703, end_date=20221204T031705
[2022-12-04 03:17:05,217] {local_task_job.py:154} INFO - Task exited with return code 0
[2022-12-04 03:17:05,370] {local_task_job.py:264} INFO - 1 downstream tasks scheduled from follow-on schedule check
