[2022-12-04 17:19:58,725] {taskinstance.py:1032} INFO - Dependencies all met for <TaskInstance: dag1.save_to_csv scheduled__2022-11-10T04:10:00+00:00 [queued]>
[2022-12-04 17:19:58,766] {taskinstance.py:1032} INFO - Dependencies all met for <TaskInstance: dag1.save_to_csv scheduled__2022-11-10T04:10:00+00:00 [queued]>
[2022-12-04 17:19:58,769] {taskinstance.py:1238} INFO - 
--------------------------------------------------------------------------------
[2022-12-04 17:19:58,770] {taskinstance.py:1239} INFO - Starting attempt 1 of 2
[2022-12-04 17:19:58,771] {taskinstance.py:1240} INFO - 
--------------------------------------------------------------------------------
[2022-12-04 17:19:58,805] {taskinstance.py:1259} INFO - Executing <Task(PythonOperator): save_to_csv> on 2022-11-10 04:10:00+00:00
[2022-12-04 17:19:58,813] {standard_task_runner.py:52} INFO - Started process 17738 to run task
[2022-12-04 17:19:58,819] {standard_task_runner.py:76} INFO - Running: ['***', 'tasks', 'run', 'dag1', 'save_to_csv', 'scheduled__2022-11-10T04:10:00+00:00', '--job-id', '10412', '--raw', '--subdir', 'DAGS_FOLDER/AirflowClean2.py', '--cfg-path', '/tmp/tmp8mx0ib3w', '--error-file', '/tmp/tmph08at6lh']
[2022-12-04 17:19:58,851] {standard_task_runner.py:77} INFO - Job 10412: Subtask save_to_csv
[2022-12-04 17:19:58,960] {logging_mixin.py:109} INFO - Running <TaskInstance: dag1.save_to_csv scheduled__2022-11-10T04:10:00+00:00 [running]> on host 7a020590adae
[2022-12-04 17:19:59,058] {taskinstance.py:1426} INFO - Exporting the following env vars:
AIRFLOW_CTX_DAG_OWNER=Fadlil
AIRFLOW_CTX_DAG_ID=dag1
AIRFLOW_CTX_TASK_ID=save_to_csv
AIRFLOW_CTX_EXECUTION_DATE=2022-11-10T04:10:00+00:00
AIRFLOW_CTX_DAG_RUN_ID=scheduled__2022-11-10T04:10:00+00:00
[2022-12-04 17:19:59,105] {python.py:175} INFO - Done. Returned value was: None
[2022-12-04 17:19:59,125] {taskinstance.py:1277} INFO - Marking task as SUCCESS. dag_id=dag1, task_id=save_to_csv, execution_date=20221110T041000, start_date=20221204T171958, end_date=20221204T171959
[2022-12-04 17:19:59,166] {local_task_job.py:154} INFO - Task exited with return code 0
[2022-12-04 17:19:59,234] {local_task_job.py:264} INFO - 1 downstream tasks scheduled from follow-on schedule check
