[2022-12-04 10:51:17,485] {taskinstance.py:1032} INFO - Dependencies all met for <TaskInstance: dag1.save_to_parquet scheduled__2022-11-02T14:30:00+00:00 [queued]>
[2022-12-04 10:51:17,507] {taskinstance.py:1032} INFO - Dependencies all met for <TaskInstance: dag1.save_to_parquet scheduled__2022-11-02T14:30:00+00:00 [queued]>
[2022-12-04 10:51:17,513] {taskinstance.py:1238} INFO - 
--------------------------------------------------------------------------------
[2022-12-04 10:51:17,514] {taskinstance.py:1239} INFO - Starting attempt 1 of 2
[2022-12-04 10:51:17,514] {taskinstance.py:1240} INFO - 
--------------------------------------------------------------------------------
[2022-12-04 10:51:17,554] {taskinstance.py:1259} INFO - Executing <Task(PythonOperator): save_to_parquet> on 2022-11-02 14:30:00+00:00
[2022-12-04 10:51:17,562] {standard_task_runner.py:52} INFO - Started process 9428 to run task
[2022-12-04 10:51:17,572] {standard_task_runner.py:76} INFO - Running: ['***', 'tasks', 'run', 'dag1', 'save_to_parquet', 'scheduled__2022-11-02T14:30:00+00:00', '--job-id', '4311', '--raw', '--subdir', 'DAGS_FOLDER/AirflowClean2.py', '--cfg-path', '/tmp/tmpg_mea1da', '--error-file', '/tmp/tmpoa_dshzh']
[2022-12-04 10:51:17,574] {standard_task_runner.py:77} INFO - Job 4311: Subtask save_to_parquet
[2022-12-04 10:51:17,869] {logging_mixin.py:109} INFO - Running <TaskInstance: dag1.save_to_parquet scheduled__2022-11-02T14:30:00+00:00 [running]> on host 9e44869ff3ef
[2022-12-04 10:51:17,980] {taskinstance.py:1426} INFO - Exporting the following env vars:
AIRFLOW_CTX_DAG_OWNER=Fadlil
AIRFLOW_CTX_DAG_ID=dag1
AIRFLOW_CTX_TASK_ID=save_to_parquet
AIRFLOW_CTX_EXECUTION_DATE=2022-11-02T14:30:00+00:00
AIRFLOW_CTX_DAG_RUN_ID=scheduled__2022-11-02T14:30:00+00:00
[2022-12-04 10:51:18,024] {python.py:175} INFO - Done. Returned value was: None
[2022-12-04 10:51:18,040] {taskinstance.py:1277} INFO - Marking task as SUCCESS. dag_id=dag1, task_id=save_to_parquet, execution_date=20221102T143000, start_date=20221204T105117, end_date=20221204T105118
[2022-12-04 10:51:18,119] {local_task_job.py:154} INFO - Task exited with return code 0
[2022-12-04 10:51:18,369] {local_task_job.py:264} INFO - 0 downstream tasks scheduled from follow-on schedule check
