[2022-12-04 10:43:29,889] {taskinstance.py:1032} INFO - Dependencies all met for <TaskInstance: dag1.get_data scheduled__2022-11-01T19:40:00+00:00 [queued]>
[2022-12-04 10:43:29,932] {taskinstance.py:1032} INFO - Dependencies all met for <TaskInstance: dag1.get_data scheduled__2022-11-01T19:40:00+00:00 [queued]>
[2022-12-04 10:43:29,933] {taskinstance.py:1238} INFO - 
--------------------------------------------------------------------------------
[2022-12-04 10:43:29,941] {taskinstance.py:1239} INFO - Starting attempt 1 of 2
[2022-12-04 10:43:29,942] {taskinstance.py:1240} INFO - 
--------------------------------------------------------------------------------
[2022-12-04 10:43:30,014] {taskinstance.py:1259} INFO - Executing <Task(PythonOperator): get_data> on 2022-11-01 19:40:00+00:00
[2022-12-04 10:43:30,022] {standard_task_runner.py:52} INFO - Started process 7794 to run task
[2022-12-04 10:43:30,031] {standard_task_runner.py:76} INFO - Running: ['***', 'tasks', 'run', 'dag1', 'get_data', 'scheduled__2022-11-01T19:40:00+00:00', '--job-id', '3841', '--raw', '--subdir', 'DAGS_FOLDER/AirflowClean2.py', '--cfg-path', '/tmp/tmp6r0st190', '--error-file', '/tmp/tmpr9k4gdk0']
[2022-12-04 10:43:30,056] {standard_task_runner.py:77} INFO - Job 3841: Subtask get_data
[2022-12-04 10:43:30,254] {logging_mixin.py:109} INFO - Running <TaskInstance: dag1.get_data scheduled__2022-11-01T19:40:00+00:00 [running]> on host 9e44869ff3ef
[2022-12-04 10:43:30,464] {taskinstance.py:1426} INFO - Exporting the following env vars:
AIRFLOW_CTX_DAG_OWNER=Fadlil
AIRFLOW_CTX_DAG_ID=dag1
AIRFLOW_CTX_TASK_ID=get_data
AIRFLOW_CTX_EXECUTION_DATE=2022-11-01T19:40:00+00:00
AIRFLOW_CTX_DAG_RUN_ID=scheduled__2022-11-01T19:40:00+00:00
[2022-12-04 10:43:31,288] {python.py:175} INFO - Done. Returned value was: None
[2022-12-04 10:43:31,611] {taskinstance.py:1277} INFO - Marking task as SUCCESS. dag_id=dag1, task_id=get_data, execution_date=20221101T194000, start_date=20221204T104329, end_date=20221204T104331
[2022-12-04 10:43:31,690] {local_task_job.py:154} INFO - Task exited with return code 0
[2022-12-04 10:43:32,802] {local_task_job.py:264} INFO - 0 downstream tasks scheduled from follow-on schedule check
