[2022-12-04 13:50:28,839] {taskinstance.py:1032} INFO - Dependencies all met for <TaskInstance: dag1.save_to_csv scheduled__2022-11-07T15:40:00+00:00 [queued]>
[2022-12-04 13:50:28,895] {taskinstance.py:1032} INFO - Dependencies all met for <TaskInstance: dag1.save_to_csv scheduled__2022-11-07T15:40:00+00:00 [queued]>
[2022-12-04 13:50:28,905] {taskinstance.py:1238} INFO - 
--------------------------------------------------------------------------------
[2022-12-04 13:50:28,915] {taskinstance.py:1239} INFO - Starting attempt 1 of 2
[2022-12-04 13:50:28,925] {taskinstance.py:1240} INFO - 
--------------------------------------------------------------------------------
[2022-12-04 13:50:28,972] {taskinstance.py:1259} INFO - Executing <Task(PythonOperator): save_to_csv> on 2022-11-07 15:40:00+00:00
[2022-12-04 13:50:28,984] {standard_task_runner.py:52} INFO - Started process 6572 to run task
[2022-12-04 13:50:29,010] {standard_task_runner.py:76} INFO - Running: ['***', 'tasks', 'run', 'dag1', 'save_to_csv', 'scheduled__2022-11-07T15:40:00+00:00', '--job-id', '8094', '--raw', '--subdir', 'DAGS_FOLDER/AirflowClean2.py', '--cfg-path', '/tmp/tmp3gqt5g89', '--error-file', '/tmp/tmpg4_eqnu_']
[2022-12-04 13:50:29,012] {standard_task_runner.py:77} INFO - Job 8094: Subtask save_to_csv
[2022-12-04 13:50:29,128] {logging_mixin.py:109} INFO - Running <TaskInstance: dag1.save_to_csv scheduled__2022-11-07T15:40:00+00:00 [running]> on host 7a020590adae
[2022-12-04 13:50:29,231] {taskinstance.py:1426} INFO - Exporting the following env vars:
AIRFLOW_CTX_DAG_OWNER=Fadlil
AIRFLOW_CTX_DAG_ID=dag1
AIRFLOW_CTX_TASK_ID=save_to_csv
AIRFLOW_CTX_EXECUTION_DATE=2022-11-07T15:40:00+00:00
AIRFLOW_CTX_DAG_RUN_ID=scheduled__2022-11-07T15:40:00+00:00
[2022-12-04 13:50:29,306] {python.py:175} INFO - Done. Returned value was: None
[2022-12-04 13:50:29,337] {taskinstance.py:1277} INFO - Marking task as SUCCESS. dag_id=dag1, task_id=save_to_csv, execution_date=20221107T154000, start_date=20221204T135028, end_date=20221204T135029
[2022-12-04 13:50:29,395] {local_task_job.py:154} INFO - Task exited with return code 0
[2022-12-04 13:50:29,470] {local_task_job.py:264} INFO - 1 downstream tasks scheduled from follow-on schedule check
