[2022-12-04 13:02:48,129] {taskinstance.py:1032} INFO - Dependencies all met for <TaskInstance: dag1.save_to_parquet scheduled__2022-11-06T15:20:00+00:00 [queued]>
[2022-12-04 13:02:48,186] {taskinstance.py:1032} INFO - Dependencies all met for <TaskInstance: dag1.save_to_parquet scheduled__2022-11-06T15:20:00+00:00 [queued]>
[2022-12-04 13:02:48,188] {taskinstance.py:1238} INFO - 
--------------------------------------------------------------------------------
[2022-12-04 13:02:48,189] {taskinstance.py:1239} INFO - Starting attempt 1 of 2
[2022-12-04 13:02:48,190] {taskinstance.py:1240} INFO - 
--------------------------------------------------------------------------------
[2022-12-04 13:02:48,285] {taskinstance.py:1259} INFO - Executing <Task(PythonOperator): save_to_parquet> on 2022-11-06 15:20:00+00:00
[2022-12-04 13:02:48,316] {standard_task_runner.py:52} INFO - Started process 2218 to run task
[2022-12-04 13:02:48,317] {standard_task_runner.py:76} INFO - Running: ['***', 'tasks', 'run', 'dag1', 'save_to_parquet', 'scheduled__2022-11-06T15:20:00+00:00', '--job-id', '7163', '--raw', '--subdir', 'DAGS_FOLDER/AirflowClean2.py', '--cfg-path', '/tmp/tmpay5buzgx', '--error-file', '/tmp/tmpgejzn9dp']
[2022-12-04 13:02:48,352] {standard_task_runner.py:77} INFO - Job 7163: Subtask save_to_parquet
[2022-12-04 13:02:48,689] {logging_mixin.py:109} INFO - Running <TaskInstance: dag1.save_to_parquet scheduled__2022-11-06T15:20:00+00:00 [running]> on host 7a020590adae
[2022-12-04 13:02:48,929] {taskinstance.py:1426} INFO - Exporting the following env vars:
AIRFLOW_CTX_DAG_OWNER=Fadlil
AIRFLOW_CTX_DAG_ID=dag1
AIRFLOW_CTX_TASK_ID=save_to_parquet
AIRFLOW_CTX_EXECUTION_DATE=2022-11-06T15:20:00+00:00
AIRFLOW_CTX_DAG_RUN_ID=scheduled__2022-11-06T15:20:00+00:00
[2022-12-04 13:02:49,113] {python.py:175} INFO - Done. Returned value was: None
[2022-12-04 13:02:49,627] {taskinstance.py:1277} INFO - Marking task as SUCCESS. dag_id=dag1, task_id=save_to_parquet, execution_date=20221106T152000, start_date=20221204T130248, end_date=20221204T130249
[2022-12-04 13:02:49,748] {local_task_job.py:154} INFO - Task exited with return code 0
[2022-12-04 13:02:49,893] {local_task_job.py:264} INFO - 1 downstream tasks scheduled from follow-on schedule check
