[2022-12-04 10:33:11,830] {taskinstance.py:1032} INFO - Dependencies all met for <TaskInstance: dag1.get_data scheduled__2022-10-31T20:00:00+00:00 [queued]>
[2022-12-04 10:33:11,867] {taskinstance.py:1032} INFO - Dependencies all met for <TaskInstance: dag1.get_data scheduled__2022-10-31T20:00:00+00:00 [queued]>
[2022-12-04 10:33:11,870] {taskinstance.py:1238} INFO - 
--------------------------------------------------------------------------------
[2022-12-04 10:33:11,876] {taskinstance.py:1239} INFO - Starting attempt 1 of 2
[2022-12-04 10:33:11,879] {taskinstance.py:1240} INFO - 
--------------------------------------------------------------------------------
[2022-12-04 10:33:12,018] {taskinstance.py:1259} INFO - Executing <Task(PythonOperator): get_data> on 2022-10-31 20:00:00+00:00
[2022-12-04 10:33:12,041] {standard_task_runner.py:52} INFO - Started process 5746 to run task
[2022-12-04 10:33:12,064] {standard_task_runner.py:76} INFO - Running: ['***', 'tasks', 'run', 'dag1', 'get_data', 'scheduled__2022-10-31T20:00:00+00:00', '--job-id', '3257', '--raw', '--subdir', 'DAGS_FOLDER/AirflowClean2.py', '--cfg-path', '/tmp/tmpabmzn2vz', '--error-file', '/tmp/tmpsc1y17sd']
[2022-12-04 10:33:12,129] {standard_task_runner.py:77} INFO - Job 3257: Subtask get_data
[2022-12-04 10:33:12,804] {logging_mixin.py:109} INFO - Running <TaskInstance: dag1.get_data scheduled__2022-10-31T20:00:00+00:00 [running]> on host 9e44869ff3ef
[2022-12-04 10:33:13,074] {taskinstance.py:1426} INFO - Exporting the following env vars:
AIRFLOW_CTX_DAG_OWNER=Fadlil
AIRFLOW_CTX_DAG_ID=dag1
AIRFLOW_CTX_TASK_ID=get_data
AIRFLOW_CTX_EXECUTION_DATE=2022-10-31T20:00:00+00:00
AIRFLOW_CTX_DAG_RUN_ID=scheduled__2022-10-31T20:00:00+00:00
[2022-12-04 10:33:13,878] {python.py:175} INFO - Done. Returned value was: None
[2022-12-04 10:33:13,916] {taskinstance.py:1277} INFO - Marking task as SUCCESS. dag_id=dag1, task_id=get_data, execution_date=20221031T200000, start_date=20221204T103311, end_date=20221204T103313
[2022-12-04 10:33:14,035] {local_task_job.py:154} INFO - Task exited with return code 0
[2022-12-04 10:33:15,340] {local_task_job.py:264} INFO - 0 downstream tasks scheduled from follow-on schedule check
