[2022-12-04 10:59:50,290] {taskinstance.py:1032} INFO - Dependencies all met for <TaskInstance: dag1.save_to_csv scheduled__2022-11-03T13:50:00+00:00 [queued]>
[2022-12-04 10:59:50,342] {taskinstance.py:1032} INFO - Dependencies all met for <TaskInstance: dag1.save_to_csv scheduled__2022-11-03T13:50:00+00:00 [queued]>
[2022-12-04 10:59:50,350] {taskinstance.py:1238} INFO - 
--------------------------------------------------------------------------------
[2022-12-04 10:59:50,351] {taskinstance.py:1239} INFO - Starting attempt 1 of 2
[2022-12-04 10:59:50,351] {taskinstance.py:1240} INFO - 
--------------------------------------------------------------------------------
[2022-12-04 10:59:50,413] {taskinstance.py:1259} INFO - Executing <Task(PythonOperator): save_to_csv> on 2022-11-03 13:50:00+00:00
[2022-12-04 10:59:50,421] {standard_task_runner.py:52} INFO - Started process 11326 to run task
[2022-12-04 10:59:50,451] {standard_task_runner.py:76} INFO - Running: ['***', 'tasks', 'run', 'dag1', 'save_to_csv', 'scheduled__2022-11-03T13:50:00+00:00', '--job-id', '4860', '--raw', '--subdir', 'DAGS_FOLDER/AirflowClean2.py', '--cfg-path', '/tmp/tmpcp85xd29', '--error-file', '/tmp/tmpup7ggstb']
[2022-12-04 10:59:50,452] {standard_task_runner.py:77} INFO - Job 4860: Subtask save_to_csv
[2022-12-04 10:59:50,787] {logging_mixin.py:109} INFO - Running <TaskInstance: dag1.save_to_csv scheduled__2022-11-03T13:50:00+00:00 [running]> on host 9e44869ff3ef
[2022-12-04 10:59:51,030] {taskinstance.py:1426} INFO - Exporting the following env vars:
AIRFLOW_CTX_DAG_OWNER=Fadlil
AIRFLOW_CTX_DAG_ID=dag1
AIRFLOW_CTX_TASK_ID=save_to_csv
AIRFLOW_CTX_EXECUTION_DATE=2022-11-03T13:50:00+00:00
AIRFLOW_CTX_DAG_RUN_ID=scheduled__2022-11-03T13:50:00+00:00
[2022-12-04 10:59:51,127] {python.py:175} INFO - Done. Returned value was: None
[2022-12-04 10:59:51,155] {taskinstance.py:1277} INFO - Marking task as SUCCESS. dag_id=dag1, task_id=save_to_csv, execution_date=20221103T135000, start_date=20221204T105950, end_date=20221204T105951
[2022-12-04 10:59:51,231] {local_task_job.py:154} INFO - Task exited with return code 0
[2022-12-04 10:59:51,399] {local_task_job.py:264} INFO - 1 downstream tasks scheduled from follow-on schedule check
