[2022-12-04 14:21:37,311] {taskinstance.py:1032} INFO - Dependencies all met for <TaskInstance: dag1.delete_local_file scheduled__2022-11-08T06:50:00+00:00 [queued]>
[2022-12-04 14:21:37,347] {taskinstance.py:1032} INFO - Dependencies all met for <TaskInstance: dag1.delete_local_file scheduled__2022-11-08T06:50:00+00:00 [queued]>
[2022-12-04 14:21:37,347] {taskinstance.py:1238} INFO - 
--------------------------------------------------------------------------------
[2022-12-04 14:21:37,348] {taskinstance.py:1239} INFO - Starting attempt 1 of 2
[2022-12-04 14:21:37,348] {taskinstance.py:1240} INFO - 
--------------------------------------------------------------------------------
[2022-12-04 14:21:37,401] {taskinstance.py:1259} INFO - Executing <Task(PythonOperator): delete_local_file> on 2022-11-08 06:50:00+00:00
[2022-12-04 14:21:37,434] {standard_task_runner.py:52} INFO - Started process 9390 to run task
[2022-12-04 14:21:37,450] {standard_task_runner.py:76} INFO - Running: ['***', 'tasks', 'run', 'dag1', 'delete_local_file', 'scheduled__2022-11-08T06:50:00+00:00', '--job-id', '8684', '--raw', '--subdir', 'DAGS_FOLDER/AirflowClean2.py', '--cfg-path', '/tmp/tmpf9_r_lk3', '--error-file', '/tmp/tmp9ohgkhmu']
[2022-12-04 14:21:37,452] {standard_task_runner.py:77} INFO - Job 8684: Subtask delete_local_file
[2022-12-04 14:21:37,646] {logging_mixin.py:109} INFO - Running <TaskInstance: dag1.delete_local_file scheduled__2022-11-08T06:50:00+00:00 [running]> on host 7a020590adae
[2022-12-04 14:21:37,985] {taskinstance.py:1426} INFO - Exporting the following env vars:
AIRFLOW_CTX_DAG_OWNER=Fadlil
AIRFLOW_CTX_DAG_ID=dag1
AIRFLOW_CTX_TASK_ID=delete_local_file
AIRFLOW_CTX_EXECUTION_DATE=2022-11-08T06:50:00+00:00
AIRFLOW_CTX_DAG_RUN_ID=scheduled__2022-11-08T06:50:00+00:00
[2022-12-04 14:21:37,993] {python.py:175} INFO - Done. Returned value was: None
[2022-12-04 14:21:38,368] {taskinstance.py:1277} INFO - Marking task as SUCCESS. dag_id=dag1, task_id=delete_local_file, execution_date=20221108T065000, start_date=20221204T142137, end_date=20221204T142138
[2022-12-04 14:21:38,525] {local_task_job.py:154} INFO - Task exited with return code 0
[2022-12-04 14:21:38,620] {local_task_job.py:264} INFO - 0 downstream tasks scheduled from follow-on schedule check
