[2022-12-04 12:12:01,878] {taskinstance.py:1032} INFO - Dependencies all met for <TaskInstance: dag1.get_data scheduled__2022-11-05T18:20:00+00:00 [queued]>
[2022-12-04 12:12:01,896] {taskinstance.py:1032} INFO - Dependencies all met for <TaskInstance: dag1.get_data scheduled__2022-11-05T18:20:00+00:00 [queued]>
[2022-12-04 12:12:01,897] {taskinstance.py:1238} INFO - 
--------------------------------------------------------------------------------
[2022-12-04 12:12:01,897] {taskinstance.py:1239} INFO - Starting attempt 1 of 2
[2022-12-04 12:12:01,898] {taskinstance.py:1240} INFO - 
--------------------------------------------------------------------------------
[2022-12-04 12:12:01,980] {taskinstance.py:1259} INFO - Executing <Task(PythonOperator): get_data> on 2022-11-05 18:20:00+00:00
[2022-12-04 12:12:01,989] {standard_task_runner.py:52} INFO - Started process 17459 to run task
[2022-12-04 12:12:02,023] {standard_task_runner.py:76} INFO - Running: ['***', 'tasks', 'run', 'dag1', 'get_data', 'scheduled__2022-11-05T18:20:00+00:00', '--job-id', '6367', '--raw', '--subdir', 'DAGS_FOLDER/AirflowClean2.py', '--cfg-path', '/tmp/tmpx8x1hdpm', '--error-file', '/tmp/tmplnkclz4_']
[2022-12-04 12:12:02,030] {standard_task_runner.py:77} INFO - Job 6367: Subtask get_data
[2022-12-04 12:12:02,299] {logging_mixin.py:109} INFO - Running <TaskInstance: dag1.get_data scheduled__2022-11-05T18:20:00+00:00 [running]> on host 9e44869ff3ef
[2022-12-04 12:12:02,412] {taskinstance.py:1426} INFO - Exporting the following env vars:
AIRFLOW_CTX_DAG_OWNER=Fadlil
AIRFLOW_CTX_DAG_ID=dag1
AIRFLOW_CTX_TASK_ID=get_data
AIRFLOW_CTX_EXECUTION_DATE=2022-11-05T18:20:00+00:00
AIRFLOW_CTX_DAG_RUN_ID=scheduled__2022-11-05T18:20:00+00:00
[2022-12-04 12:12:03,145] {python.py:175} INFO - Done. Returned value was: None
[2022-12-04 12:12:03,161] {taskinstance.py:1277} INFO - Marking task as SUCCESS. dag_id=dag1, task_id=get_data, execution_date=20221105T182000, start_date=20221204T121201, end_date=20221204T121203
[2022-12-04 12:12:03,213] {local_task_job.py:154} INFO - Task exited with return code 0
[2022-12-04 12:12:03,297] {local_task_job.py:264} INFO - 1 downstream tasks scheduled from follow-on schedule check
