[2022-12-04 11:44:41,160] {taskinstance.py:1032} INFO - Dependencies all met for <TaskInstance: dag1.get_data scheduled__2022-11-04T23:30:00+00:00 [queued]>
[2022-12-04 11:44:41,219] {taskinstance.py:1032} INFO - Dependencies all met for <TaskInstance: dag1.get_data scheduled__2022-11-04T23:30:00+00:00 [queued]>
[2022-12-04 11:44:41,220] {taskinstance.py:1238} INFO - 
--------------------------------------------------------------------------------
[2022-12-04 11:44:41,220] {taskinstance.py:1239} INFO - Starting attempt 1 of 2
[2022-12-04 11:44:41,221] {taskinstance.py:1240} INFO - 
--------------------------------------------------------------------------------
[2022-12-04 11:44:41,257] {taskinstance.py:1259} INFO - Executing <Task(PythonOperator): get_data> on 2022-11-04 23:30:00+00:00
[2022-12-04 11:44:41,275] {standard_task_runner.py:52} INFO - Started process 14598 to run task
[2022-12-04 11:44:41,330] {standard_task_runner.py:76} INFO - Running: ['***', 'tasks', 'run', 'dag1', 'get_data', 'scheduled__2022-11-04T23:30:00+00:00', '--job-id', '5710', '--raw', '--subdir', 'DAGS_FOLDER/AirflowClean2.py', '--cfg-path', '/tmp/tmp3971f3g3', '--error-file', '/tmp/tmpmyuikkmd']
[2022-12-04 11:44:41,335] {standard_task_runner.py:77} INFO - Job 5710: Subtask get_data
[2022-12-04 11:44:41,620] {logging_mixin.py:109} INFO - Running <TaskInstance: dag1.get_data scheduled__2022-11-04T23:30:00+00:00 [running]> on host 9e44869ff3ef
[2022-12-04 11:44:41,861] {taskinstance.py:1426} INFO - Exporting the following env vars:
AIRFLOW_CTX_DAG_OWNER=Fadlil
AIRFLOW_CTX_DAG_ID=dag1
AIRFLOW_CTX_TASK_ID=get_data
AIRFLOW_CTX_EXECUTION_DATE=2022-11-04T23:30:00+00:00
AIRFLOW_CTX_DAG_RUN_ID=scheduled__2022-11-04T23:30:00+00:00
[2022-12-04 11:44:42,711] {python.py:175} INFO - Done. Returned value was: None
[2022-12-04 11:44:42,741] {taskinstance.py:1277} INFO - Marking task as SUCCESS. dag_id=dag1, task_id=get_data, execution_date=20221104T233000, start_date=20221204T114441, end_date=20221204T114442
[2022-12-04 11:44:42,838] {local_task_job.py:154} INFO - Task exited with return code 0
[2022-12-04 11:44:42,999] {local_task_job.py:264} INFO - 1 downstream tasks scheduled from follow-on schedule check
