[2022-12-04 15:05:27,580] {taskinstance.py:1032} INFO - Dependencies all met for <TaskInstance: dag1.bigquery_external_table_task scheduled__2022-11-09T04:30:00+00:00 [queued]>
[2022-12-04 15:05:27,597] {taskinstance.py:1032} INFO - Dependencies all met for <TaskInstance: dag1.bigquery_external_table_task scheduled__2022-11-09T04:30:00+00:00 [queued]>
[2022-12-04 15:05:27,598] {taskinstance.py:1238} INFO - 
--------------------------------------------------------------------------------
[2022-12-04 15:05:27,598] {taskinstance.py:1239} INFO - Starting attempt 1 of 2
[2022-12-04 15:05:27,598] {taskinstance.py:1240} INFO - 
--------------------------------------------------------------------------------
[2022-12-04 15:05:27,616] {taskinstance.py:1259} INFO - Executing <Task(BigQueryCreateExternalTableOperator): bigquery_external_table_task> on 2022-11-09 04:30:00+00:00
[2022-12-04 15:05:27,622] {standard_task_runner.py:52} INFO - Started process 13405 to run task
[2022-12-04 15:05:27,627] {standard_task_runner.py:76} INFO - Running: ['***', 'tasks', 'run', 'dag1', 'bigquery_external_table_task', 'scheduled__2022-11-09T04:30:00+00:00', '--job-id', '9517', '--raw', '--subdir', 'DAGS_FOLDER/AirflowClean2.py', '--cfg-path', '/tmp/tmpsik1uwza', '--error-file', '/tmp/tmpsb7zj75a']
[2022-12-04 15:05:27,628] {standard_task_runner.py:77} INFO - Job 9517: Subtask bigquery_external_table_task
[2022-12-04 15:05:27,722] {logging_mixin.py:109} INFO - Running <TaskInstance: dag1.bigquery_external_table_task scheduled__2022-11-09T04:30:00+00:00 [running]> on host 7a020590adae
[2022-12-04 15:05:27,814] {taskinstance.py:1426} INFO - Exporting the following env vars:
AIRFLOW_CTX_DAG_OWNER=Fadlil
AIRFLOW_CTX_DAG_ID=dag1
AIRFLOW_CTX_TASK_ID=bigquery_external_table_task
AIRFLOW_CTX_EXECUTION_DATE=2022-11-09T04:30:00+00:00
AIRFLOW_CTX_DAG_RUN_ID=scheduled__2022-11-09T04:30:00+00:00
[2022-12-04 15:05:27,816] {crypto.py:82} WARNING - empty cryptography key - values will not be stored encrypted.
[2022-12-04 15:05:28,855] {taskinstance.py:1277} INFO - Marking task as SUCCESS. dag_id=dag1, task_id=bigquery_external_table_task, execution_date=20221109T043000, start_date=20221204T150527, end_date=20221204T150528
[2022-12-04 15:05:28,923] {local_task_job.py:154} INFO - Task exited with return code 0
[2022-12-04 15:05:28,961] {local_task_job.py:264} INFO - 1 downstream tasks scheduled from follow-on schedule check
