[2022-12-04 13:25:19,019] {taskinstance.py:1032} INFO - Dependencies all met for <TaskInstance: dag1.bigquery_external_table_task scheduled__2022-11-07T02:40:00+00:00 [queued]>
[2022-12-04 13:25:19,044] {taskinstance.py:1032} INFO - Dependencies all met for <TaskInstance: dag1.bigquery_external_table_task scheduled__2022-11-07T02:40:00+00:00 [queued]>
[2022-12-04 13:25:19,044] {taskinstance.py:1238} INFO - 
--------------------------------------------------------------------------------
[2022-12-04 13:25:19,045] {taskinstance.py:1239} INFO - Starting attempt 1 of 2
[2022-12-04 13:25:19,046] {taskinstance.py:1240} INFO - 
--------------------------------------------------------------------------------
[2022-12-04 13:25:19,091] {taskinstance.py:1259} INFO - Executing <Task(BigQueryCreateExternalTableOperator): bigquery_external_table_task> on 2022-11-07 02:40:00+00:00
[2022-12-04 13:25:19,099] {standard_task_runner.py:52} INFO - Started process 4274 to run task
[2022-12-04 13:25:19,122] {standard_task_runner.py:76} INFO - Running: ['***', 'tasks', 'run', 'dag1', 'bigquery_external_table_task', 'scheduled__2022-11-07T02:40:00+00:00', '--job-id', '7607', '--raw', '--subdir', 'DAGS_FOLDER/AirflowClean2.py', '--cfg-path', '/tmp/tmp7y5u155a', '--error-file', '/tmp/tmp8cezmswk']
[2022-12-04 13:25:19,135] {standard_task_runner.py:77} INFO - Job 7607: Subtask bigquery_external_table_task
[2022-12-04 13:25:19,289] {logging_mixin.py:109} INFO - Running <TaskInstance: dag1.bigquery_external_table_task scheduled__2022-11-07T02:40:00+00:00 [running]> on host 7a020590adae
[2022-12-04 13:25:19,523] {taskinstance.py:1426} INFO - Exporting the following env vars:
AIRFLOW_CTX_DAG_OWNER=Fadlil
AIRFLOW_CTX_DAG_ID=dag1
AIRFLOW_CTX_TASK_ID=bigquery_external_table_task
AIRFLOW_CTX_EXECUTION_DATE=2022-11-07T02:40:00+00:00
AIRFLOW_CTX_DAG_RUN_ID=scheduled__2022-11-07T02:40:00+00:00
[2022-12-04 13:25:19,530] {crypto.py:82} WARNING - empty cryptography key - values will not be stored encrypted.
[2022-12-04 13:25:20,722] {taskinstance.py:1277} INFO - Marking task as SUCCESS. dag_id=dag1, task_id=bigquery_external_table_task, execution_date=20221107T024000, start_date=20221204T132519, end_date=20221204T132520
[2022-12-04 13:25:20,810] {local_task_job.py:154} INFO - Task exited with return code 0
[2022-12-04 13:25:20,865] {local_task_job.py:264} INFO - 1 downstream tasks scheduled from follow-on schedule check
