[2022-12-04 12:51:46,924] {taskinstance.py:1032} INFO - Dependencies all met for <TaskInstance: dag1.save_to_parquet scheduled__2022-11-06T09:50:00+00:00 [queued]>
[2022-12-04 12:51:46,950] {taskinstance.py:1032} INFO - Dependencies all met for <TaskInstance: dag1.save_to_parquet scheduled__2022-11-06T09:50:00+00:00 [queued]>
[2022-12-04 12:51:46,955] {taskinstance.py:1238} INFO - 
--------------------------------------------------------------------------------
[2022-12-04 12:51:46,956] {taskinstance.py:1239} INFO - Starting attempt 1 of 2
[2022-12-04 12:51:46,959] {taskinstance.py:1240} INFO - 
--------------------------------------------------------------------------------
[2022-12-04 12:51:47,006] {taskinstance.py:1259} INFO - Executing <Task(PythonOperator): save_to_parquet> on 2022-11-06 09:50:00+00:00
[2022-12-04 12:51:47,021] {standard_task_runner.py:52} INFO - Started process 1230 to run task
[2022-12-04 12:51:47,028] {standard_task_runner.py:76} INFO - Running: ['***', 'tasks', 'run', 'dag1', 'save_to_parquet', 'scheduled__2022-11-06T09:50:00+00:00', '--job-id', '6954', '--raw', '--subdir', 'DAGS_FOLDER/AirflowClean2.py', '--cfg-path', '/tmp/tmpj3sq20yy', '--error-file', '/tmp/tmpjiep5147']
[2022-12-04 12:51:47,030] {standard_task_runner.py:77} INFO - Job 6954: Subtask save_to_parquet
[2022-12-04 12:51:47,173] {logging_mixin.py:109} INFO - Running <TaskInstance: dag1.save_to_parquet scheduled__2022-11-06T09:50:00+00:00 [running]> on host 7a020590adae
[2022-12-04 12:51:47,257] {taskinstance.py:1426} INFO - Exporting the following env vars:
AIRFLOW_CTX_DAG_OWNER=Fadlil
AIRFLOW_CTX_DAG_ID=dag1
AIRFLOW_CTX_TASK_ID=save_to_parquet
AIRFLOW_CTX_EXECUTION_DATE=2022-11-06T09:50:00+00:00
AIRFLOW_CTX_DAG_RUN_ID=scheduled__2022-11-06T09:50:00+00:00
[2022-12-04 12:51:47,292] {python.py:175} INFO - Done. Returned value was: None
[2022-12-04 12:51:47,307] {taskinstance.py:1277} INFO - Marking task as SUCCESS. dag_id=dag1, task_id=save_to_parquet, execution_date=20221106T095000, start_date=20221204T125146, end_date=20221204T125147
[2022-12-04 12:51:47,364] {local_task_job.py:154} INFO - Task exited with return code 0
[2022-12-04 12:51:47,451] {local_task_job.py:264} INFO - 1 downstream tasks scheduled from follow-on schedule check
