[2022-12-04 10:33:48,794] {taskinstance.py:1032} INFO - Dependencies all met for <TaskInstance: dag1.save_to_csv scheduled__2022-10-31T20:50:00+00:00 [queued]>
[2022-12-04 10:33:49,528] {taskinstance.py:1032} INFO - Dependencies all met for <TaskInstance: dag1.save_to_csv scheduled__2022-10-31T20:50:00+00:00 [queued]>
[2022-12-04 10:33:49,535] {taskinstance.py:1238} INFO - 
--------------------------------------------------------------------------------
[2022-12-04 10:33:49,536] {taskinstance.py:1239} INFO - Starting attempt 1 of 2
[2022-12-04 10:33:49,537] {taskinstance.py:1240} INFO - 
--------------------------------------------------------------------------------
[2022-12-04 10:33:49,617] {taskinstance.py:1259} INFO - Executing <Task(PythonOperator): save_to_csv> on 2022-10-31 20:50:00+00:00
[2022-12-04 10:33:49,646] {standard_task_runner.py:52} INFO - Started process 5884 to run task
[2022-12-04 10:33:49,672] {standard_task_runner.py:76} INFO - Running: ['***', 'tasks', 'run', 'dag1', 'save_to_csv', 'scheduled__2022-10-31T20:50:00+00:00', '--job-id', '3292', '--raw', '--subdir', 'DAGS_FOLDER/AirflowClean2.py', '--cfg-path', '/tmp/tmpyljd_ega', '--error-file', '/tmp/tmph0j18z56']
[2022-12-04 10:33:49,681] {standard_task_runner.py:77} INFO - Job 3292: Subtask save_to_csv
[2022-12-04 10:33:49,956] {logging_mixin.py:109} INFO - Running <TaskInstance: dag1.save_to_csv scheduled__2022-10-31T20:50:00+00:00 [running]> on host 9e44869ff3ef
[2022-12-04 10:33:50,257] {taskinstance.py:1426} INFO - Exporting the following env vars:
AIRFLOW_CTX_DAG_OWNER=Fadlil
AIRFLOW_CTX_DAG_ID=dag1
AIRFLOW_CTX_TASK_ID=save_to_csv
AIRFLOW_CTX_EXECUTION_DATE=2022-10-31T20:50:00+00:00
AIRFLOW_CTX_DAG_RUN_ID=scheduled__2022-10-31T20:50:00+00:00
[2022-12-04 10:33:50,400] {python.py:175} INFO - Done. Returned value was: None
[2022-12-04 10:33:50,647] {taskinstance.py:1277} INFO - Marking task as SUCCESS. dag_id=dag1, task_id=save_to_csv, execution_date=20221031T205000, start_date=20221204T103348, end_date=20221204T103350
[2022-12-04 10:33:50,785] {local_task_job.py:154} INFO - Task exited with return code 0
[2022-12-04 10:33:51,084] {local_task_job.py:264} INFO - 1 downstream tasks scheduled from follow-on schedule check
