[2022-12-04 10:54:52,380] {taskinstance.py:1032} INFO - Dependencies all met for <TaskInstance: dag1.save_to_csv scheduled__2022-11-03T00:30:00+00:00 [queued]>
[2022-12-04 10:54:52,418] {taskinstance.py:1032} INFO - Dependencies all met for <TaskInstance: dag1.save_to_csv scheduled__2022-11-03T00:30:00+00:00 [queued]>
[2022-12-04 10:54:52,428] {taskinstance.py:1238} INFO - 
--------------------------------------------------------------------------------
[2022-12-04 10:54:52,435] {taskinstance.py:1239} INFO - Starting attempt 1 of 2
[2022-12-04 10:54:52,437] {taskinstance.py:1240} INFO - 
--------------------------------------------------------------------------------
[2022-12-04 10:54:52,476] {taskinstance.py:1259} INFO - Executing <Task(PythonOperator): save_to_csv> on 2022-11-03 00:30:00+00:00
[2022-12-04 10:54:52,499] {standard_task_runner.py:52} INFO - Started process 10239 to run task
[2022-12-04 10:54:52,529] {standard_task_runner.py:76} INFO - Running: ['***', 'tasks', 'run', 'dag1', 'save_to_csv', 'scheduled__2022-11-03T00:30:00+00:00', '--job-id', '4544', '--raw', '--subdir', 'DAGS_FOLDER/AirflowClean2.py', '--cfg-path', '/tmp/tmp_lv10ixd', '--error-file', '/tmp/tmp1v_xmq5u']
[2022-12-04 10:54:52,541] {standard_task_runner.py:77} INFO - Job 4544: Subtask save_to_csv
[2022-12-04 10:54:52,802] {logging_mixin.py:109} INFO - Running <TaskInstance: dag1.save_to_csv scheduled__2022-11-03T00:30:00+00:00 [running]> on host 9e44869ff3ef
[2022-12-04 10:54:52,938] {taskinstance.py:1426} INFO - Exporting the following env vars:
AIRFLOW_CTX_DAG_OWNER=Fadlil
AIRFLOW_CTX_DAG_ID=dag1
AIRFLOW_CTX_TASK_ID=save_to_csv
AIRFLOW_CTX_EXECUTION_DATE=2022-11-03T00:30:00+00:00
AIRFLOW_CTX_DAG_RUN_ID=scheduled__2022-11-03T00:30:00+00:00
[2022-12-04 10:54:52,995] {python.py:175} INFO - Done. Returned value was: None
[2022-12-04 10:54:53,041] {taskinstance.py:1277} INFO - Marking task as SUCCESS. dag_id=dag1, task_id=save_to_csv, execution_date=20221103T003000, start_date=20221204T105452, end_date=20221204T105453
[2022-12-04 10:54:53,094] {local_task_job.py:154} INFO - Task exited with return code 0
[2022-12-04 10:54:53,280] {local_task_job.py:264} INFO - 1 downstream tasks scheduled from follow-on schedule check
