[2022-12-04 13:22:20,737] {taskinstance.py:1032} INFO - Dependencies all met for <TaskInstance: dag1.get_data scheduled__2022-11-07T01:30:00+00:00 [queued]>
[2022-12-04 13:22:20,805] {taskinstance.py:1032} INFO - Dependencies all met for <TaskInstance: dag1.get_data scheduled__2022-11-07T01:30:00+00:00 [queued]>
[2022-12-04 13:22:20,806] {taskinstance.py:1238} INFO - 
--------------------------------------------------------------------------------
[2022-12-04 13:22:20,807] {taskinstance.py:1239} INFO - Starting attempt 1 of 2
[2022-12-04 13:22:20,807] {taskinstance.py:1240} INFO - 
--------------------------------------------------------------------------------
[2022-12-04 13:22:20,899] {taskinstance.py:1259} INFO - Executing <Task(PythonOperator): get_data> on 2022-11-07 01:30:00+00:00
[2022-12-04 13:22:20,922] {standard_task_runner.py:76} INFO - Running: ['***', 'tasks', 'run', 'dag1', 'get_data', 'scheduled__2022-11-07T01:30:00+00:00', '--job-id', '7538', '--raw', '--subdir', 'DAGS_FOLDER/AirflowClean2.py', '--cfg-path', '/tmp/tmpvuhy2tud', '--error-file', '/tmp/tmp_4wtmlzc']
[2022-12-04 13:22:20,935] {standard_task_runner.py:77} INFO - Job 7538: Subtask get_data
[2022-12-04 13:22:20,955] {standard_task_runner.py:52} INFO - Started process 3985 to run task
[2022-12-04 13:22:21,186] {logging_mixin.py:109} INFO - Running <TaskInstance: dag1.get_data scheduled__2022-11-07T01:30:00+00:00 [running]> on host 7a020590adae
[2022-12-04 13:22:21,358] {taskinstance.py:1426} INFO - Exporting the following env vars:
AIRFLOW_CTX_DAG_OWNER=Fadlil
AIRFLOW_CTX_DAG_ID=dag1
AIRFLOW_CTX_TASK_ID=get_data
AIRFLOW_CTX_EXECUTION_DATE=2022-11-07T01:30:00+00:00
AIRFLOW_CTX_DAG_RUN_ID=scheduled__2022-11-07T01:30:00+00:00
[2022-12-04 13:22:22,227] {python.py:175} INFO - Done. Returned value was: None
[2022-12-04 13:22:22,323] {taskinstance.py:1277} INFO - Marking task as SUCCESS. dag_id=dag1, task_id=get_data, execution_date=20221107T013000, start_date=20221204T132220, end_date=20221204T132222
[2022-12-04 13:22:22,433] {local_task_job.py:154} INFO - Task exited with return code 0
[2022-12-04 13:22:23,202] {local_task_job.py:264} INFO - 0 downstream tasks scheduled from follow-on schedule check
