[2022-12-04 10:31:26,569] {taskinstance.py:1032} INFO - Dependencies all met for <TaskInstance: dag1.local_to_gcs_task scheduled__2022-10-31T15:50:00+00:00 [queued]>
[2022-12-04 10:31:26,600] {taskinstance.py:1032} INFO - Dependencies all met for <TaskInstance: dag1.local_to_gcs_task scheduled__2022-10-31T15:50:00+00:00 [queued]>
[2022-12-04 10:31:26,602] {taskinstance.py:1238} INFO - 
--------------------------------------------------------------------------------
[2022-12-04 10:31:26,603] {taskinstance.py:1239} INFO - Starting attempt 1 of 2
[2022-12-04 10:31:26,604] {taskinstance.py:1240} INFO - 
--------------------------------------------------------------------------------
[2022-12-04 10:31:26,626] {taskinstance.py:1259} INFO - Executing <Task(PythonOperator): local_to_gcs_task> on 2022-10-31 15:50:00+00:00
[2022-12-04 10:31:26,635] {standard_task_runner.py:52} INFO - Started process 5450 to run task
[2022-12-04 10:31:26,643] {standard_task_runner.py:76} INFO - Running: ['***', 'tasks', 'run', 'dag1', 'local_to_gcs_task', 'scheduled__2022-10-31T15:50:00+00:00', '--job-id', '3176', '--raw', '--subdir', 'DAGS_FOLDER/AirflowClean2.py', '--cfg-path', '/tmp/tmpatklo4gt', '--error-file', '/tmp/tmppd8tcttu']
[2022-12-04 10:31:26,645] {standard_task_runner.py:77} INFO - Job 3176: Subtask local_to_gcs_task
[2022-12-04 10:31:26,731] {logging_mixin.py:109} INFO - Running <TaskInstance: dag1.local_to_gcs_task scheduled__2022-10-31T15:50:00+00:00 [running]> on host 9e44869ff3ef
[2022-12-04 10:31:26,860] {taskinstance.py:1426} INFO - Exporting the following env vars:
AIRFLOW_CTX_DAG_OWNER=Fadlil
AIRFLOW_CTX_DAG_ID=dag1
AIRFLOW_CTX_TASK_ID=local_to_gcs_task
AIRFLOW_CTX_EXECUTION_DATE=2022-10-31T15:50:00+00:00
AIRFLOW_CTX_DAG_RUN_ID=scheduled__2022-10-31T15:50:00+00:00
[2022-12-04 10:31:27,627] {python.py:175} INFO - Done. Returned value was: None
[2022-12-04 10:31:27,693] {taskinstance.py:1277} INFO - Marking task as SUCCESS. dag_id=dag1, task_id=local_to_gcs_task, execution_date=20221031T155000, start_date=20221204T103126, end_date=20221204T103127
[2022-12-04 10:31:27,939] {local_task_job.py:154} INFO - Task exited with return code 0
[2022-12-04 10:31:28,152] {local_task_job.py:264} INFO - 0 downstream tasks scheduled from follow-on schedule check
