[2022-12-04 10:34:33,510] {taskinstance.py:1032} INFO - Dependencies all met for <TaskInstance: dag1.save_to_parquet scheduled__2022-10-31T22:10:00+00:00 [queued]>
[2022-12-04 10:34:33,584] {taskinstance.py:1032} INFO - Dependencies all met for <TaskInstance: dag1.save_to_parquet scheduled__2022-10-31T22:10:00+00:00 [queued]>
[2022-12-04 10:34:33,586] {taskinstance.py:1238} INFO - 
--------------------------------------------------------------------------------
[2022-12-04 10:34:33,594] {taskinstance.py:1239} INFO - Starting attempt 1 of 2
[2022-12-04 10:34:33,595] {taskinstance.py:1240} INFO - 
--------------------------------------------------------------------------------
[2022-12-04 10:34:33,719] {taskinstance.py:1259} INFO - Executing <Task(PythonOperator): save_to_parquet> on 2022-10-31 22:10:00+00:00
[2022-12-04 10:34:33,754] {standard_task_runner.py:76} INFO - Running: ['***', 'tasks', 'run', 'dag1', 'save_to_parquet', 'scheduled__2022-10-31T22:10:00+00:00', '--job-id', '3338', '--raw', '--subdir', 'DAGS_FOLDER/AirflowClean2.py', '--cfg-path', '/tmp/tmpdhb20aw8', '--error-file', '/tmp/tmp6tlakbkv']
[2022-12-04 10:34:33,759] {standard_task_runner.py:77} INFO - Job 3338: Subtask save_to_parquet
[2022-12-04 10:34:33,740] {standard_task_runner.py:52} INFO - Started process 6034 to run task
[2022-12-04 10:34:34,156] {logging_mixin.py:109} INFO - Running <TaskInstance: dag1.save_to_parquet scheduled__2022-10-31T22:10:00+00:00 [running]> on host 9e44869ff3ef
[2022-12-04 10:34:34,505] {taskinstance.py:1426} INFO - Exporting the following env vars:
AIRFLOW_CTX_DAG_OWNER=Fadlil
AIRFLOW_CTX_DAG_ID=dag1
AIRFLOW_CTX_TASK_ID=save_to_parquet
AIRFLOW_CTX_EXECUTION_DATE=2022-10-31T22:10:00+00:00
AIRFLOW_CTX_DAG_RUN_ID=scheduled__2022-10-31T22:10:00+00:00
[2022-12-04 10:34:34,645] {python.py:175} INFO - Done. Returned value was: None
[2022-12-04 10:34:35,285] {taskinstance.py:1277} INFO - Marking task as SUCCESS. dag_id=dag1, task_id=save_to_parquet, execution_date=20221031T221000, start_date=20221204T103433, end_date=20221204T103435
[2022-12-04 10:34:35,400] {local_task_job.py:154} INFO - Task exited with return code 0
[2022-12-04 10:34:35,587] {local_task_job.py:264} INFO - 1 downstream tasks scheduled from follow-on schedule check
