[2022-12-04 16:54:26,926] {taskinstance.py:1032} INFO - Dependencies all met for <TaskInstance: dag1.local_to_gcs_task scheduled__2022-11-09T16:00:00+00:00 [queued]>
[2022-12-04 16:54:26,946] {taskinstance.py:1032} INFO - Dependencies all met for <TaskInstance: dag1.local_to_gcs_task scheduled__2022-11-09T16:00:00+00:00 [queued]>
[2022-12-04 16:54:26,948] {taskinstance.py:1238} INFO - 
--------------------------------------------------------------------------------
[2022-12-04 16:54:26,948] {taskinstance.py:1239} INFO - Starting attempt 1 of 2
[2022-12-04 16:54:26,949] {taskinstance.py:1240} INFO - 
--------------------------------------------------------------------------------
[2022-12-04 16:54:26,999] {taskinstance.py:1259} INFO - Executing <Task(PythonOperator): local_to_gcs_task> on 2022-11-09 16:00:00+00:00
[2022-12-04 16:54:27,007] {standard_task_runner.py:52} INFO - Started process 15379 to run task
[2022-12-04 16:54:27,012] {standard_task_runner.py:76} INFO - Running: ['***', 'tasks', 'run', 'dag1', 'local_to_gcs_task', 'scheduled__2022-11-09T16:00:00+00:00', '--job-id', '9925', '--raw', '--subdir', 'DAGS_FOLDER/AirflowClean2.py', '--cfg-path', '/tmp/tmpeh3a3eaz', '--error-file', '/tmp/tmp4u6zusvr']
[2022-12-04 16:54:27,015] {standard_task_runner.py:77} INFO - Job 9925: Subtask local_to_gcs_task
[2022-12-04 16:54:27,097] {logging_mixin.py:109} INFO - Running <TaskInstance: dag1.local_to_gcs_task scheduled__2022-11-09T16:00:00+00:00 [running]> on host 7a020590adae
[2022-12-04 16:54:27,185] {taskinstance.py:1426} INFO - Exporting the following env vars:
AIRFLOW_CTX_DAG_OWNER=Fadlil
AIRFLOW_CTX_DAG_ID=dag1
AIRFLOW_CTX_TASK_ID=local_to_gcs_task
AIRFLOW_CTX_EXECUTION_DATE=2022-11-09T16:00:00+00:00
AIRFLOW_CTX_DAG_RUN_ID=scheduled__2022-11-09T16:00:00+00:00
[2022-12-04 16:54:27,871] {python.py:175} INFO - Done. Returned value was: None
[2022-12-04 16:54:27,966] {taskinstance.py:1277} INFO - Marking task as SUCCESS. dag_id=dag1, task_id=local_to_gcs_task, execution_date=20221109T160000, start_date=20221204T165426, end_date=20221204T165427
[2022-12-04 16:54:28,044] {local_task_job.py:154} INFO - Task exited with return code 0
[2022-12-04 16:54:28,099] {local_task_job.py:264} INFO - 1 downstream tasks scheduled from follow-on schedule check
