[2022-12-04 17:44:39,706] {taskinstance.py:1032} INFO - Dependencies all met for <TaskInstance: dag1.local_to_gcs_task scheduled__2022-11-10T15:30:00+00:00 [queued]>
[2022-12-04 17:44:39,742] {taskinstance.py:1032} INFO - Dependencies all met for <TaskInstance: dag1.local_to_gcs_task scheduled__2022-11-10T15:30:00+00:00 [queued]>
[2022-12-04 17:44:39,744] {taskinstance.py:1238} INFO - 
--------------------------------------------------------------------------------
[2022-12-04 17:44:39,746] {taskinstance.py:1239} INFO - Starting attempt 1 of 2
[2022-12-04 17:44:39,755] {taskinstance.py:1240} INFO - 
--------------------------------------------------------------------------------
[2022-12-04 17:44:39,807] {taskinstance.py:1259} INFO - Executing <Task(PythonOperator): local_to_gcs_task> on 2022-11-10 15:30:00+00:00
[2022-12-04 17:44:39,818] {standard_task_runner.py:52} INFO - Started process 19844 to run task
[2022-12-04 17:44:39,830] {standard_task_runner.py:76} INFO - Running: ['***', 'tasks', 'run', 'dag1', 'local_to_gcs_task', 'scheduled__2022-11-10T15:30:00+00:00', '--job-id', '10846', '--raw', '--subdir', 'DAGS_FOLDER/AirflowClean2.py', '--cfg-path', '/tmp/tmp1jiqt929', '--error-file', '/tmp/tmpfnpbpmdt']
[2022-12-04 17:44:39,832] {standard_task_runner.py:77} INFO - Job 10846: Subtask local_to_gcs_task
[2022-12-04 17:44:39,998] {logging_mixin.py:109} INFO - Running <TaskInstance: dag1.local_to_gcs_task scheduled__2022-11-10T15:30:00+00:00 [running]> on host 7a020590adae
[2022-12-04 17:44:40,166] {taskinstance.py:1426} INFO - Exporting the following env vars:
AIRFLOW_CTX_DAG_OWNER=Fadlil
AIRFLOW_CTX_DAG_ID=dag1
AIRFLOW_CTX_TASK_ID=local_to_gcs_task
AIRFLOW_CTX_EXECUTION_DATE=2022-11-10T15:30:00+00:00
AIRFLOW_CTX_DAG_RUN_ID=scheduled__2022-11-10T15:30:00+00:00
[2022-12-04 17:44:40,886] {python.py:175} INFO - Done. Returned value was: None
[2022-12-04 17:44:41,358] {taskinstance.py:1277} INFO - Marking task as SUCCESS. dag_id=dag1, task_id=local_to_gcs_task, execution_date=20221110T153000, start_date=20221204T174439, end_date=20221204T174441
[2022-12-04 17:44:41,434] {local_task_job.py:154} INFO - Task exited with return code 0
[2022-12-04 17:44:41,503] {local_task_job.py:264} INFO - 1 downstream tasks scheduled from follow-on schedule check
