[2022-12-04 11:31:26,148] {taskinstance.py:1032} INFO - Dependencies all met for <TaskInstance: dag1.local_to_gcs_task scheduled__2022-11-04T13:20:00+00:00 [queued]>
[2022-12-04 11:31:26,224] {taskinstance.py:1032} INFO - Dependencies all met for <TaskInstance: dag1.local_to_gcs_task scheduled__2022-11-04T13:20:00+00:00 [queued]>
[2022-12-04 11:31:26,228] {taskinstance.py:1238} INFO - 
--------------------------------------------------------------------------------
[2022-12-04 11:31:26,232] {taskinstance.py:1239} INFO - Starting attempt 1 of 2
[2022-12-04 11:31:26,234] {taskinstance.py:1240} INFO - 
--------------------------------------------------------------------------------
[2022-12-04 11:31:26,425] {taskinstance.py:1259} INFO - Executing <Task(PythonOperator): local_to_gcs_task> on 2022-11-04 13:20:00+00:00
[2022-12-04 11:31:26,509] {standard_task_runner.py:52} INFO - Started process 13334 to run task
[2022-12-04 11:31:26,538] {standard_task_runner.py:76} INFO - Running: ['***', 'tasks', 'run', 'dag1', 'local_to_gcs_task', 'scheduled__2022-11-04T13:20:00+00:00', '--job-id', '5442', '--raw', '--subdir', 'DAGS_FOLDER/AirflowClean2.py', '--cfg-path', '/tmp/tmptgdyc4po', '--error-file', '/tmp/tmpg1m7rib_']
[2022-12-04 11:31:26,540] {standard_task_runner.py:77} INFO - Job 5442: Subtask local_to_gcs_task
[2022-12-04 11:31:28,129] {logging_mixin.py:109} INFO - Running <TaskInstance: dag1.local_to_gcs_task scheduled__2022-11-04T13:20:00+00:00 [running]> on host 9e44869ff3ef
[2022-12-04 11:31:28,341] {taskinstance.py:1426} INFO - Exporting the following env vars:
AIRFLOW_CTX_DAG_OWNER=Fadlil
AIRFLOW_CTX_DAG_ID=dag1
AIRFLOW_CTX_TASK_ID=local_to_gcs_task
AIRFLOW_CTX_EXECUTION_DATE=2022-11-04T13:20:00+00:00
AIRFLOW_CTX_DAG_RUN_ID=scheduled__2022-11-04T13:20:00+00:00
[2022-12-04 11:31:29,131] {python.py:175} INFO - Done. Returned value was: None
[2022-12-04 11:31:29,168] {taskinstance.py:1277} INFO - Marking task as SUCCESS. dag_id=dag1, task_id=local_to_gcs_task, execution_date=20221104T132000, start_date=20221204T113126, end_date=20221204T113129
[2022-12-04 11:31:29,358] {local_task_job.py:154} INFO - Task exited with return code 0
[2022-12-04 11:31:30,350] {local_task_job.py:264} INFO - 0 downstream tasks scheduled from follow-on schedule check
[2022-12-04 11:31:30,461] {dagrun.py:545} INFO - Marking run <DagRun dag1 @ 2022-11-04 13:20:00+00:00: scheduled__2022-11-04T13:20:00+00:00, externally triggered: False> successful
[2022-12-04 11:31:30,462] {dagrun.py:605} INFO - DagRun Finished: dag_id=dag1, execution_date=2022-11-04 13:20:00+00:00, run_id=scheduled__2022-11-04T13:20:00+00:00, run_start_date=2022-12-04 11:30:37.787667+00:00, run_end_date=2022-12-04 11:31:30.462553+00:00, run_duration=52.674886, state=success, external_trigger=False, run_type=scheduled, data_interval_start=2022-11-04 13:20:00+00:00, data_interval_end=2022-11-04 13:30:00+00:00, dag_hash=54ce3d8396c822ced26aef81958a2dc8
