[2022-12-04 11:06:03,858] {taskinstance.py:1032} INFO - Dependencies all met for <TaskInstance: dag1.save_to_parquet scheduled__2022-11-04T05:20:00+00:00 [queued]>
[2022-12-04 11:06:03,983] {taskinstance.py:1032} INFO - Dependencies all met for <TaskInstance: dag1.save_to_parquet scheduled__2022-11-04T05:20:00+00:00 [queued]>
[2022-12-04 11:06:03,984] {taskinstance.py:1238} INFO - 
--------------------------------------------------------------------------------
[2022-12-04 11:06:03,985] {taskinstance.py:1239} INFO - Starting attempt 1 of 2
[2022-12-04 11:06:03,988] {taskinstance.py:1240} INFO - 
--------------------------------------------------------------------------------
[2022-12-04 11:06:04,056] {taskinstance.py:1259} INFO - Executing <Task(PythonOperator): save_to_parquet> on 2022-11-04 05:20:00+00:00
[2022-12-04 11:06:04,072] {standard_task_runner.py:52} INFO - Started process 12661 to run task
[2022-12-04 11:06:04,086] {standard_task_runner.py:76} INFO - Running: ['***', 'tasks', 'run', 'dag1', 'save_to_parquet', 'scheduled__2022-11-04T05:20:00+00:00', '--job-id', '5248', '--raw', '--subdir', 'DAGS_FOLDER/AirflowClean2.py', '--cfg-path', '/tmp/tmp66mn9e9e', '--error-file', '/tmp/tmpme7ni749']
[2022-12-04 11:06:04,087] {standard_task_runner.py:77} INFO - Job 5248: Subtask save_to_parquet
[2022-12-04 11:06:04,502] {logging_mixin.py:109} INFO - Running <TaskInstance: dag1.save_to_parquet scheduled__2022-11-04T05:20:00+00:00 [running]> on host 9e44869ff3ef
[2022-12-04 11:06:04,835] {taskinstance.py:1426} INFO - Exporting the following env vars:
AIRFLOW_CTX_DAG_OWNER=Fadlil
AIRFLOW_CTX_DAG_ID=dag1
AIRFLOW_CTX_TASK_ID=save_to_parquet
AIRFLOW_CTX_EXECUTION_DATE=2022-11-04T05:20:00+00:00
AIRFLOW_CTX_DAG_RUN_ID=scheduled__2022-11-04T05:20:00+00:00
[2022-12-04 11:06:05,749] {python.py:175} INFO - Done. Returned value was: None
[2022-12-04 11:06:06,241] {taskinstance.py:1277} INFO - Marking task as SUCCESS. dag_id=dag1, task_id=save_to_parquet, execution_date=20221104T052000, start_date=20221204T110603, end_date=20221204T110606
[2022-12-04 11:06:06,420] {local_task_job.py:154} INFO - Task exited with return code 0
[2022-12-04 11:06:06,550] {local_task_job.py:264} INFO - 1 downstream tasks scheduled from follow-on schedule check
