[2022-12-04 10:35:14,455] {taskinstance.py:1032} INFO - Dependencies all met for <TaskInstance: dag1.save_to_parquet scheduled__2022-11-01T00:10:00+00:00 [queued]>
[2022-12-04 10:35:14,583] {taskinstance.py:1032} INFO - Dependencies all met for <TaskInstance: dag1.save_to_parquet scheduled__2022-11-01T00:10:00+00:00 [queued]>
[2022-12-04 10:35:14,585] {taskinstance.py:1238} INFO - 
--------------------------------------------------------------------------------
[2022-12-04 10:35:14,586] {taskinstance.py:1239} INFO - Starting attempt 1 of 2
[2022-12-04 10:35:14,586] {taskinstance.py:1240} INFO - 
--------------------------------------------------------------------------------
[2022-12-04 10:35:14,697] {taskinstance.py:1259} INFO - Executing <Task(PythonOperator): save_to_parquet> on 2022-11-01 00:10:00+00:00
[2022-12-04 10:35:14,725] {standard_task_runner.py:52} INFO - Started process 6172 to run task
[2022-12-04 10:35:14,842] {standard_task_runner.py:76} INFO - Running: ['***', 'tasks', 'run', 'dag1', 'save_to_parquet', 'scheduled__2022-11-01T00:10:00+00:00', '--job-id', '3377', '--raw', '--subdir', 'DAGS_FOLDER/AirflowClean2.py', '--cfg-path', '/tmp/tmpdzq6ier5', '--error-file', '/tmp/tmpkbip1luo']
[2022-12-04 10:35:14,861] {standard_task_runner.py:77} INFO - Job 3377: Subtask save_to_parquet
[2022-12-04 10:35:15,487] {logging_mixin.py:109} INFO - Running <TaskInstance: dag1.save_to_parquet scheduled__2022-11-01T00:10:00+00:00 [running]> on host 9e44869ff3ef
[2022-12-04 10:35:16,193] {taskinstance.py:1426} INFO - Exporting the following env vars:
AIRFLOW_CTX_DAG_OWNER=Fadlil
AIRFLOW_CTX_DAG_ID=dag1
AIRFLOW_CTX_TASK_ID=save_to_parquet
AIRFLOW_CTX_EXECUTION_DATE=2022-11-01T00:10:00+00:00
AIRFLOW_CTX_DAG_RUN_ID=scheduled__2022-11-01T00:10:00+00:00
[2022-12-04 10:35:16,631] {python.py:175} INFO - Done. Returned value was: None
[2022-12-04 10:35:16,746] {taskinstance.py:1277} INFO - Marking task as SUCCESS. dag_id=dag1, task_id=save_to_parquet, execution_date=20221101T001000, start_date=20221204T103514, end_date=20221204T103516
[2022-12-04 10:35:18,216] {local_task_job.py:154} INFO - Task exited with return code 0
[2022-12-04 10:35:20,395] {local_task_job.py:264} INFO - 0 downstream tasks scheduled from follow-on schedule check
