[2022-12-04 17:34:52,337] {taskinstance.py:1032} INFO - Dependencies all met for <TaskInstance: dag1.delete_local_file scheduled__2022-11-10T10:40:00+00:00 [queued]>
[2022-12-04 17:34:52,367] {taskinstance.py:1032} INFO - Dependencies all met for <TaskInstance: dag1.delete_local_file scheduled__2022-11-10T10:40:00+00:00 [queued]>
[2022-12-04 17:34:52,368] {taskinstance.py:1238} INFO - 
--------------------------------------------------------------------------------
[2022-12-04 17:34:52,368] {taskinstance.py:1239} INFO - Starting attempt 1 of 2
[2022-12-04 17:34:52,369] {taskinstance.py:1240} INFO - 
--------------------------------------------------------------------------------
[2022-12-04 17:34:52,434] {taskinstance.py:1259} INFO - Executing <Task(PythonOperator): delete_local_file> on 2022-11-10 10:40:00+00:00
[2022-12-04 17:34:52,442] {standard_task_runner.py:52} INFO - Started process 19025 to run task
[2022-12-04 17:34:52,458] {standard_task_runner.py:76} INFO - Running: ['***', 'tasks', 'run', 'dag1', 'delete_local_file', 'scheduled__2022-11-10T10:40:00+00:00', '--job-id', '10681', '--raw', '--subdir', 'DAGS_FOLDER/AirflowClean2.py', '--cfg-path', '/tmp/tmpl142b1o4', '--error-file', '/tmp/tmpp9hn_m_f']
[2022-12-04 17:34:52,469] {standard_task_runner.py:77} INFO - Job 10681: Subtask delete_local_file
[2022-12-04 17:34:52,732] {logging_mixin.py:109} INFO - Running <TaskInstance: dag1.delete_local_file scheduled__2022-11-10T10:40:00+00:00 [running]> on host 7a020590adae
[2022-12-04 17:34:52,972] {taskinstance.py:1426} INFO - Exporting the following env vars:
AIRFLOW_CTX_DAG_OWNER=Fadlil
AIRFLOW_CTX_DAG_ID=dag1
AIRFLOW_CTX_TASK_ID=delete_local_file
AIRFLOW_CTX_EXECUTION_DATE=2022-11-10T10:40:00+00:00
AIRFLOW_CTX_DAG_RUN_ID=scheduled__2022-11-10T10:40:00+00:00
[2022-12-04 17:34:52,976] {python.py:175} INFO - Done. Returned value was: None
[2022-12-04 17:34:53,957] {taskinstance.py:1277} INFO - Marking task as SUCCESS. dag_id=dag1, task_id=delete_local_file, execution_date=20221110T104000, start_date=20221204T173452, end_date=20221204T173453
[2022-12-04 17:34:54,087] {local_task_job.py:154} INFO - Task exited with return code 0
[2022-12-04 17:34:54,336] {local_task_job.py:264} INFO - 0 downstream tasks scheduled from follow-on schedule check
