[2022-12-04 11:07:13,739] {taskinstance.py:1032} INFO - Dependencies all met for <TaskInstance: dag1.save_to_csv scheduled__2022-11-04T09:00:00+00:00 [queued]>
[2022-12-04 11:07:13,787] {taskinstance.py:1032} INFO - Dependencies all met for <TaskInstance: dag1.save_to_csv scheduled__2022-11-04T09:00:00+00:00 [queued]>
[2022-12-04 11:07:13,789] {taskinstance.py:1238} INFO - 
--------------------------------------------------------------------------------
[2022-12-04 11:07:13,790] {taskinstance.py:1239} INFO - Starting attempt 1 of 2
[2022-12-04 11:07:13,790] {taskinstance.py:1240} INFO - 
--------------------------------------------------------------------------------
[2022-12-04 11:07:13,851] {taskinstance.py:1259} INFO - Executing <Task(PythonOperator): save_to_csv> on 2022-11-04 09:00:00+00:00
[2022-12-04 11:07:13,862] {standard_task_runner.py:52} INFO - Started process 12909 to run task
[2022-12-04 11:07:13,879] {standard_task_runner.py:76} INFO - Running: ['***', 'tasks', 'run', 'dag1', 'save_to_csv', 'scheduled__2022-11-04T09:00:00+00:00', '--job-id', '5320', '--raw', '--subdir', 'DAGS_FOLDER/AirflowClean2.py', '--cfg-path', '/tmp/tmpevyttpqx', '--error-file', '/tmp/tmpm5zexidb']
[2022-12-04 11:07:13,900] {standard_task_runner.py:77} INFO - Job 5320: Subtask save_to_csv
[2022-12-04 11:07:14,547] {logging_mixin.py:109} INFO - Running <TaskInstance: dag1.save_to_csv scheduled__2022-11-04T09:00:00+00:00 [running]> on host 9e44869ff3ef
[2022-12-04 11:07:14,741] {taskinstance.py:1426} INFO - Exporting the following env vars:
AIRFLOW_CTX_DAG_OWNER=Fadlil
AIRFLOW_CTX_DAG_ID=dag1
AIRFLOW_CTX_TASK_ID=save_to_csv
AIRFLOW_CTX_EXECUTION_DATE=2022-11-04T09:00:00+00:00
AIRFLOW_CTX_DAG_RUN_ID=scheduled__2022-11-04T09:00:00+00:00
[2022-12-04 11:07:14,872] {python.py:175} INFO - Done. Returned value was: None
[2022-12-04 11:07:15,212] {taskinstance.py:1277} INFO - Marking task as SUCCESS. dag_id=dag1, task_id=save_to_csv, execution_date=20221104T090000, start_date=20221204T110713, end_date=20221204T110715
[2022-12-04 11:07:15,341] {local_task_job.py:154} INFO - Task exited with return code 0
[2022-12-04 11:07:16,052] {local_task_job.py:264} INFO - 1 downstream tasks scheduled from follow-on schedule check
