[2022-12-04 14:02:39,726] {taskinstance.py:1032} INFO - Dependencies all met for <TaskInstance: dag1.save_to_csv scheduled__2022-11-07T21:40:00+00:00 [queued]>
[2022-12-04 14:02:39,757] {taskinstance.py:1032} INFO - Dependencies all met for <TaskInstance: dag1.save_to_csv scheduled__2022-11-07T21:40:00+00:00 [queued]>
[2022-12-04 14:02:39,760] {taskinstance.py:1238} INFO - 
--------------------------------------------------------------------------------
[2022-12-04 14:02:39,763] {taskinstance.py:1239} INFO - Starting attempt 1 of 2
[2022-12-04 14:02:39,763] {taskinstance.py:1240} INFO - 
--------------------------------------------------------------------------------
[2022-12-04 14:02:39,811] {taskinstance.py:1259} INFO - Executing <Task(PythonOperator): save_to_csv> on 2022-11-07 21:40:00+00:00
[2022-12-04 14:02:39,829] {standard_task_runner.py:76} INFO - Running: ['***', 'tasks', 'run', 'dag1', 'save_to_csv', 'scheduled__2022-11-07T21:40:00+00:00', '--job-id', '8334', '--raw', '--subdir', 'DAGS_FOLDER/AirflowClean2.py', '--cfg-path', '/tmp/tmpr34y1zlu', '--error-file', '/tmp/tmpo5p6ik8m']
[2022-12-04 14:02:39,834] {standard_task_runner.py:77} INFO - Job 8334: Subtask save_to_csv
[2022-12-04 14:02:39,823] {standard_task_runner.py:52} INFO - Started process 7714 to run task
[2022-12-04 14:02:40,028] {logging_mixin.py:109} INFO - Running <TaskInstance: dag1.save_to_csv scheduled__2022-11-07T21:40:00+00:00 [running]> on host 7a020590adae
[2022-12-04 14:02:40,292] {taskinstance.py:1426} INFO - Exporting the following env vars:
AIRFLOW_CTX_DAG_OWNER=Fadlil
AIRFLOW_CTX_DAG_ID=dag1
AIRFLOW_CTX_TASK_ID=save_to_csv
AIRFLOW_CTX_EXECUTION_DATE=2022-11-07T21:40:00+00:00
AIRFLOW_CTX_DAG_RUN_ID=scheduled__2022-11-07T21:40:00+00:00
[2022-12-04 14:02:40,354] {python.py:175} INFO - Done. Returned value was: None
[2022-12-04 14:02:40,942] {taskinstance.py:1277} INFO - Marking task as SUCCESS. dag_id=dag1, task_id=save_to_csv, execution_date=20221107T214000, start_date=20221204T140239, end_date=20221204T140240
[2022-12-04 14:02:41,033] {local_task_job.py:154} INFO - Task exited with return code 0
[2022-12-04 14:02:41,110] {local_task_job.py:264} INFO - 1 downstream tasks scheduled from follow-on schedule check
