[2022-12-04 11:57:18,078] {taskinstance.py:1032} INFO - Dependencies all met for <TaskInstance: dag1.local_to_gcs_task scheduled__2022-11-05T09:30:00+00:00 [queued]>
[2022-12-04 11:57:18,181] {taskinstance.py:1032} INFO - Dependencies all met for <TaskInstance: dag1.local_to_gcs_task scheduled__2022-11-05T09:30:00+00:00 [queued]>
[2022-12-04 11:57:18,190] {taskinstance.py:1238} INFO - 
--------------------------------------------------------------------------------
[2022-12-04 11:57:18,191] {taskinstance.py:1239} INFO - Starting attempt 1 of 2
[2022-12-04 11:57:18,191] {taskinstance.py:1240} INFO - 
--------------------------------------------------------------------------------
[2022-12-04 11:57:18,306] {taskinstance.py:1259} INFO - Executing <Task(PythonOperator): local_to_gcs_task> on 2022-11-05 09:30:00+00:00
[2022-12-04 11:57:18,314] {standard_task_runner.py:52} INFO - Started process 16199 to run task
[2022-12-04 11:57:18,369] {standard_task_runner.py:76} INFO - Running: ['***', 'tasks', 'run', 'dag1', 'local_to_gcs_task', 'scheduled__2022-11-05T09:30:00+00:00', '--job-id', '6102', '--raw', '--subdir', 'DAGS_FOLDER/AirflowClean2.py', '--cfg-path', '/tmp/tmpq7drpmfk', '--error-file', '/tmp/tmprpuwoimk']
[2022-12-04 11:57:18,409] {standard_task_runner.py:77} INFO - Job 6102: Subtask local_to_gcs_task
[2022-12-04 11:57:18,720] {logging_mixin.py:109} INFO - Running <TaskInstance: dag1.local_to_gcs_task scheduled__2022-11-05T09:30:00+00:00 [running]> on host 9e44869ff3ef
[2022-12-04 11:57:18,961] {taskinstance.py:1426} INFO - Exporting the following env vars:
AIRFLOW_CTX_DAG_OWNER=Fadlil
AIRFLOW_CTX_DAG_ID=dag1
AIRFLOW_CTX_TASK_ID=local_to_gcs_task
AIRFLOW_CTX_EXECUTION_DATE=2022-11-05T09:30:00+00:00
AIRFLOW_CTX_DAG_RUN_ID=scheduled__2022-11-05T09:30:00+00:00
[2022-12-04 11:57:19,705] {python.py:175} INFO - Done. Returned value was: None
[2022-12-04 11:57:19,901] {taskinstance.py:1277} INFO - Marking task as SUCCESS. dag_id=dag1, task_id=local_to_gcs_task, execution_date=20221105T093000, start_date=20221204T115718, end_date=20221204T115719
[2022-12-04 11:57:19,994] {local_task_job.py:154} INFO - Task exited with return code 0
[2022-12-04 11:57:20,160] {local_task_job.py:264} INFO - 1 downstream tasks scheduled from follow-on schedule check
