[2022-12-04 13:43:08,949] {taskinstance.py:1032} INFO - Dependencies all met for <TaskInstance: dag1.bigquery_external_table_task scheduled__2022-11-07T12:10:00+00:00 [queued]>
[2022-12-04 13:43:08,962] {taskinstance.py:1032} INFO - Dependencies all met for <TaskInstance: dag1.bigquery_external_table_task scheduled__2022-11-07T12:10:00+00:00 [queued]>
[2022-12-04 13:43:08,963] {taskinstance.py:1238} INFO - 
--------------------------------------------------------------------------------
[2022-12-04 13:43:08,964] {taskinstance.py:1239} INFO - Starting attempt 1 of 2
[2022-12-04 13:43:08,964] {taskinstance.py:1240} INFO - 
--------------------------------------------------------------------------------
[2022-12-04 13:43:08,980] {taskinstance.py:1259} INFO - Executing <Task(BigQueryCreateExternalTableOperator): bigquery_external_table_task> on 2022-11-07 12:10:00+00:00
[2022-12-04 13:43:08,989] {standard_task_runner.py:52} INFO - Started process 5937 to run task
[2022-12-04 13:43:08,994] {standard_task_runner.py:76} INFO - Running: ['***', 'tasks', 'run', 'dag1', 'bigquery_external_table_task', 'scheduled__2022-11-07T12:10:00+00:00', '--job-id', '7968', '--raw', '--subdir', 'DAGS_FOLDER/AirflowClean2.py', '--cfg-path', '/tmp/tmpbu_38eob', '--error-file', '/tmp/tmpeowljuyr']
[2022-12-04 13:43:08,995] {standard_task_runner.py:77} INFO - Job 7968: Subtask bigquery_external_table_task
[2022-12-04 13:43:09,067] {logging_mixin.py:109} INFO - Running <TaskInstance: dag1.bigquery_external_table_task scheduled__2022-11-07T12:10:00+00:00 [running]> on host 7a020590adae
[2022-12-04 13:43:09,205] {taskinstance.py:1426} INFO - Exporting the following env vars:
AIRFLOW_CTX_DAG_OWNER=Fadlil
AIRFLOW_CTX_DAG_ID=dag1
AIRFLOW_CTX_TASK_ID=bigquery_external_table_task
AIRFLOW_CTX_EXECUTION_DATE=2022-11-07T12:10:00+00:00
AIRFLOW_CTX_DAG_RUN_ID=scheduled__2022-11-07T12:10:00+00:00
[2022-12-04 13:43:09,207] {crypto.py:82} WARNING - empty cryptography key - values will not be stored encrypted.
[2022-12-04 13:43:10,364] {taskinstance.py:1277} INFO - Marking task as SUCCESS. dag_id=dag1, task_id=bigquery_external_table_task, execution_date=20221107T121000, start_date=20221204T134308, end_date=20221204T134310
[2022-12-04 13:43:10,411] {local_task_job.py:154} INFO - Task exited with return code 0
[2022-12-04 13:43:10,456] {local_task_job.py:264} INFO - 1 downstream tasks scheduled from follow-on schedule check
