[2022-12-04 03:21:33,375] {taskinstance.py:1032} INFO - Dependencies all met for <TaskInstance: dag1.get_data scheduled__2022-10-27T15:50:00+00:00 [queued]>
[2022-12-04 03:21:33,394] {taskinstance.py:1032} INFO - Dependencies all met for <TaskInstance: dag1.get_data scheduled__2022-10-27T15:50:00+00:00 [queued]>
[2022-12-04 03:21:33,395] {taskinstance.py:1238} INFO - 
--------------------------------------------------------------------------------
[2022-12-04 03:21:33,395] {taskinstance.py:1239} INFO - Starting attempt 1 of 2
[2022-12-04 03:21:33,396] {taskinstance.py:1240} INFO - 
--------------------------------------------------------------------------------
[2022-12-04 03:21:33,421] {taskinstance.py:1259} INFO - Executing <Task(PythonOperator): get_data> on 2022-10-27 15:50:00+00:00
[2022-12-04 03:21:33,427] {standard_task_runner.py:52} INFO - Started process 2460 to run task
[2022-12-04 03:21:33,432] {standard_task_runner.py:76} INFO - Running: ['***', 'tasks', 'run', 'dag1', 'get_data', 'scheduled__2022-10-27T15:50:00+00:00', '--job-id', '975', '--raw', '--subdir', 'DAGS_FOLDER/AirflowClean2.py', '--cfg-path', '/tmp/tmp8ok3b73s', '--error-file', '/tmp/tmpuywly2w6']
[2022-12-04 03:21:33,433] {standard_task_runner.py:77} INFO - Job 975: Subtask get_data
[2022-12-04 03:21:33,567] {logging_mixin.py:109} INFO - Running <TaskInstance: dag1.get_data scheduled__2022-10-27T15:50:00+00:00 [running]> on host 422c372562ce
[2022-12-04 03:21:33,650] {taskinstance.py:1426} INFO - Exporting the following env vars:
AIRFLOW_CTX_DAG_OWNER=Fadlil
AIRFLOW_CTX_DAG_ID=dag1
AIRFLOW_CTX_TASK_ID=get_data
AIRFLOW_CTX_EXECUTION_DATE=2022-10-27T15:50:00+00:00
AIRFLOW_CTX_DAG_RUN_ID=scheduled__2022-10-27T15:50:00+00:00
[2022-12-04 03:21:34,324] {python.py:175} INFO - Done. Returned value was: None
[2022-12-04 03:21:34,345] {taskinstance.py:1277} INFO - Marking task as SUCCESS. dag_id=dag1, task_id=get_data, execution_date=20221027T155000, start_date=20221204T032133, end_date=20221204T032134
[2022-12-04 03:21:34,415] {local_task_job.py:154} INFO - Task exited with return code 0
[2022-12-04 03:21:35,406] {local_task_job.py:264} INFO - 0 downstream tasks scheduled from follow-on schedule check
