[2022-12-04 11:41:00,509] {taskinstance.py:1032} INFO - Dependencies all met for <TaskInstance: dag1.local_to_gcs_task scheduled__2022-11-04T16:00:00+00:00 [queued]>
[2022-12-04 11:41:00,688] {taskinstance.py:1032} INFO - Dependencies all met for <TaskInstance: dag1.local_to_gcs_task scheduled__2022-11-04T16:00:00+00:00 [queued]>
[2022-12-04 11:41:00,689] {taskinstance.py:1238} INFO - 
--------------------------------------------------------------------------------
[2022-12-04 11:41:00,726] {taskinstance.py:1239} INFO - Starting attempt 1 of 2
[2022-12-04 11:41:00,743] {taskinstance.py:1240} INFO - 
--------------------------------------------------------------------------------
[2022-12-04 11:41:00,951] {taskinstance.py:1259} INFO - Executing <Task(PythonOperator): local_to_gcs_task> on 2022-11-04 16:00:00+00:00
[2022-12-04 11:41:00,977] {standard_task_runner.py:76} INFO - Running: ['***', 'tasks', 'run', 'dag1', 'local_to_gcs_task', 'scheduled__2022-11-04T16:00:00+00:00', '--job-id', '5525', '--raw', '--subdir', 'DAGS_FOLDER/AirflowClean2.py', '--cfg-path', '/tmp/tmpw0p8w3my', '--error-file', '/tmp/tmpbb4z6t4p']
[2022-12-04 11:41:00,996] {standard_task_runner.py:77} INFO - Job 5525: Subtask local_to_gcs_task
[2022-12-04 11:41:00,978] {standard_task_runner.py:52} INFO - Started process 13942 to run task
[2022-12-04 11:41:01,729] {logging_mixin.py:109} INFO - Running <TaskInstance: dag1.local_to_gcs_task scheduled__2022-11-04T16:00:00+00:00 [running]> on host 9e44869ff3ef
[2022-12-04 11:41:02,570] {taskinstance.py:1426} INFO - Exporting the following env vars:
AIRFLOW_CTX_DAG_OWNER=Fadlil
AIRFLOW_CTX_DAG_ID=dag1
AIRFLOW_CTX_TASK_ID=local_to_gcs_task
AIRFLOW_CTX_EXECUTION_DATE=2022-11-04T16:00:00+00:00
AIRFLOW_CTX_DAG_RUN_ID=scheduled__2022-11-04T16:00:00+00:00
[2022-12-04 11:41:04,075] {python.py:175} INFO - Done. Returned value was: None
[2022-12-04 11:41:04,535] {taskinstance.py:1277} INFO - Marking task as SUCCESS. dag_id=dag1, task_id=local_to_gcs_task, execution_date=20221104T160000, start_date=20221204T114100, end_date=20221204T114104
[2022-12-04 11:41:04,728] {local_task_job.py:154} INFO - Task exited with return code 0
[2022-12-04 11:41:04,868] {local_task_job.py:264} INFO - 1 downstream tasks scheduled from follow-on schedule check
