[2022-12-04 10:50:41,786] {taskinstance.py:1032} INFO - Dependencies all met for <TaskInstance: dag1.save_to_csv scheduled__2022-11-02T13:00:00+00:00 [queued]>
[2022-12-04 10:50:41,865] {taskinstance.py:1032} INFO - Dependencies all met for <TaskInstance: dag1.save_to_csv scheduled__2022-11-02T13:00:00+00:00 [queued]>
[2022-12-04 10:50:41,873] {taskinstance.py:1238} INFO - 
--------------------------------------------------------------------------------
[2022-12-04 10:50:41,876] {taskinstance.py:1239} INFO - Starting attempt 1 of 2
[2022-12-04 10:50:41,876] {taskinstance.py:1240} INFO - 
--------------------------------------------------------------------------------
[2022-12-04 10:50:41,980] {taskinstance.py:1259} INFO - Executing <Task(PythonOperator): save_to_csv> on 2022-11-02 13:00:00+00:00
[2022-12-04 10:50:42,005] {standard_task_runner.py:52} INFO - Started process 9286 to run task
[2022-12-04 10:50:42,024] {standard_task_runner.py:76} INFO - Running: ['***', 'tasks', 'run', 'dag1', 'save_to_csv', 'scheduled__2022-11-02T13:00:00+00:00', '--job-id', '4268', '--raw', '--subdir', 'DAGS_FOLDER/AirflowClean2.py', '--cfg-path', '/tmp/tmp9x72sshx', '--error-file', '/tmp/tmp0t3shmx8']
[2022-12-04 10:50:42,030] {standard_task_runner.py:77} INFO - Job 4268: Subtask save_to_csv
[2022-12-04 10:50:42,303] {logging_mixin.py:109} INFO - Running <TaskInstance: dag1.save_to_csv scheduled__2022-11-02T13:00:00+00:00 [running]> on host 9e44869ff3ef
[2022-12-04 10:50:42,557] {taskinstance.py:1426} INFO - Exporting the following env vars:
AIRFLOW_CTX_DAG_OWNER=Fadlil
AIRFLOW_CTX_DAG_ID=dag1
AIRFLOW_CTX_TASK_ID=save_to_csv
AIRFLOW_CTX_EXECUTION_DATE=2022-11-02T13:00:00+00:00
AIRFLOW_CTX_DAG_RUN_ID=scheduled__2022-11-02T13:00:00+00:00
[2022-12-04 10:50:42,621] {python.py:175} INFO - Done. Returned value was: None
[2022-12-04 10:50:42,685] {taskinstance.py:1277} INFO - Marking task as SUCCESS. dag_id=dag1, task_id=save_to_csv, execution_date=20221102T130000, start_date=20221204T105041, end_date=20221204T105042
[2022-12-04 10:50:42,747] {local_task_job.py:154} INFO - Task exited with return code 0
[2022-12-04 10:50:43,183] {local_task_job.py:264} INFO - 0 downstream tasks scheduled from follow-on schedule check
