[2022-12-04 15:21:22,252] {taskinstance.py:1032} INFO - Dependencies all met for <TaskInstance: dag1.get_data scheduled__2022-11-09T13:20:00+00:00 [queued]>
[2022-12-04 15:21:22,293] {taskinstance.py:1032} INFO - Dependencies all met for <TaskInstance: dag1.get_data scheduled__2022-11-09T13:20:00+00:00 [queued]>
[2022-12-04 15:21:22,297] {taskinstance.py:1238} INFO - 
--------------------------------------------------------------------------------
[2022-12-04 15:21:22,300] {taskinstance.py:1239} INFO - Starting attempt 1 of 2
[2022-12-04 15:21:22,301] {taskinstance.py:1240} INFO - 
--------------------------------------------------------------------------------
[2022-12-04 15:21:22,353] {taskinstance.py:1259} INFO - Executing <Task(PythonOperator): get_data> on 2022-11-09 13:20:00+00:00
[2022-12-04 15:21:22,377] {standard_task_runner.py:52} INFO - Started process 14933 to run task
[2022-12-04 15:21:22,382] {standard_task_runner.py:76} INFO - Running: ['***', 'tasks', 'run', 'dag1', 'get_data', 'scheduled__2022-11-09T13:20:00+00:00', '--job-id', '9830', '--raw', '--subdir', 'DAGS_FOLDER/AirflowClean2.py', '--cfg-path', '/tmp/tmpn47q9hd5', '--error-file', '/tmp/tmp4wq2a6m3']
[2022-12-04 15:21:22,397] {standard_task_runner.py:77} INFO - Job 9830: Subtask get_data
[2022-12-04 15:21:22,591] {logging_mixin.py:109} INFO - Running <TaskInstance: dag1.get_data scheduled__2022-11-09T13:20:00+00:00 [running]> on host 7a020590adae
[2022-12-04 15:21:22,741] {taskinstance.py:1426} INFO - Exporting the following env vars:
AIRFLOW_CTX_DAG_OWNER=Fadlil
AIRFLOW_CTX_DAG_ID=dag1
AIRFLOW_CTX_TASK_ID=get_data
AIRFLOW_CTX_EXECUTION_DATE=2022-11-09T13:20:00+00:00
AIRFLOW_CTX_DAG_RUN_ID=scheduled__2022-11-09T13:20:00+00:00
[2022-12-04 15:21:23,657] {python.py:175} INFO - Done. Returned value was: None
[2022-12-04 15:21:24,169] {taskinstance.py:1277} INFO - Marking task as SUCCESS. dag_id=dag1, task_id=get_data, execution_date=20221109T132000, start_date=20221204T152122, end_date=20221204T152124
[2022-12-04 15:21:24,233] {local_task_job.py:154} INFO - Task exited with return code 0
[2022-12-04 15:21:24,378] {local_task_job.py:264} INFO - 1 downstream tasks scheduled from follow-on schedule check
