[2022-12-04 11:02:01,746] {taskinstance.py:1032} INFO - Dependencies all met for <TaskInstance: dag1.local_to_gcs_task scheduled__2022-11-03T18:30:00+00:00 [queued]>
[2022-12-04 11:02:01,848] {taskinstance.py:1032} INFO - Dependencies all met for <TaskInstance: dag1.local_to_gcs_task scheduled__2022-11-03T18:30:00+00:00 [queued]>
[2022-12-04 11:02:01,857] {taskinstance.py:1238} INFO - 
--------------------------------------------------------------------------------
[2022-12-04 11:02:01,873] {taskinstance.py:1239} INFO - Starting attempt 1 of 2
[2022-12-04 11:02:01,874] {taskinstance.py:1240} INFO - 
--------------------------------------------------------------------------------
[2022-12-04 11:02:02,127] {taskinstance.py:1259} INFO - Executing <Task(PythonOperator): local_to_gcs_task> on 2022-11-03 18:30:00+00:00
[2022-12-04 11:02:02,154] {standard_task_runner.py:52} INFO - Started process 11822 to run task
[2022-12-04 11:02:02,307] {standard_task_runner.py:76} INFO - Running: ['***', 'tasks', 'run', 'dag1', 'local_to_gcs_task', 'scheduled__2022-11-03T18:30:00+00:00', '--job-id', '5006', '--raw', '--subdir', 'DAGS_FOLDER/AirflowClean2.py', '--cfg-path', '/tmp/tmpof6rh24f', '--error-file', '/tmp/tmp_7l21u6o']
[2022-12-04 11:02:02,321] {standard_task_runner.py:77} INFO - Job 5006: Subtask local_to_gcs_task
[2022-12-04 11:02:02,857] {logging_mixin.py:109} INFO - Running <TaskInstance: dag1.local_to_gcs_task scheduled__2022-11-03T18:30:00+00:00 [running]> on host 9e44869ff3ef
[2022-12-04 11:02:03,554] {taskinstance.py:1426} INFO - Exporting the following env vars:
AIRFLOW_CTX_DAG_OWNER=Fadlil
AIRFLOW_CTX_DAG_ID=dag1
AIRFLOW_CTX_TASK_ID=local_to_gcs_task
AIRFLOW_CTX_EXECUTION_DATE=2022-11-03T18:30:00+00:00
AIRFLOW_CTX_DAG_RUN_ID=scheduled__2022-11-03T18:30:00+00:00
[2022-12-04 11:02:04,634] {python.py:175} INFO - Done. Returned value was: None
[2022-12-04 11:02:05,566] {taskinstance.py:1277} INFO - Marking task as SUCCESS. dag_id=dag1, task_id=local_to_gcs_task, execution_date=20221103T183000, start_date=20221204T110201, end_date=20221204T110205
[2022-12-04 11:02:05,776] {local_task_job.py:154} INFO - Task exited with return code 0
[2022-12-04 11:02:06,084] {local_task_job.py:264} INFO - 0 downstream tasks scheduled from follow-on schedule check
