[2022-12-04 10:38:35,955] {taskinstance.py:1032} INFO - Dependencies all met for <TaskInstance: dag1.save_to_csv scheduled__2022-11-01T08:00:00+00:00 [queued]>
[2022-12-04 10:38:36,631] {taskinstance.py:1032} INFO - Dependencies all met for <TaskInstance: dag1.save_to_csv scheduled__2022-11-01T08:00:00+00:00 [queued]>
[2022-12-04 10:38:36,646] {taskinstance.py:1238} INFO - 
--------------------------------------------------------------------------------
[2022-12-04 10:38:36,656] {taskinstance.py:1239} INFO - Starting attempt 1 of 2
[2022-12-04 10:38:36,658] {taskinstance.py:1240} INFO - 
--------------------------------------------------------------------------------
[2022-12-04 10:38:36,808] {taskinstance.py:1259} INFO - Executing <Task(PythonOperator): save_to_csv> on 2022-11-01 08:00:00+00:00
[2022-12-04 10:38:36,828] {standard_task_runner.py:52} INFO - Started process 6843 to run task
[2022-12-04 10:38:36,871] {standard_task_runner.py:76} INFO - Running: ['***', 'tasks', 'run', 'dag1', 'save_to_csv', 'scheduled__2022-11-01T08:00:00+00:00', '--job-id', '3567', '--raw', '--subdir', 'DAGS_FOLDER/AirflowClean2.py', '--cfg-path', '/tmp/tmpvhd74d4v', '--error-file', '/tmp/tmp4fcvf015']
[2022-12-04 10:38:36,892] {standard_task_runner.py:77} INFO - Job 3567: Subtask save_to_csv
[2022-12-04 10:38:37,613] {logging_mixin.py:109} INFO - Running <TaskInstance: dag1.save_to_csv scheduled__2022-11-01T08:00:00+00:00 [running]> on host 9e44869ff3ef
[2022-12-04 10:38:38,152] {taskinstance.py:1426} INFO - Exporting the following env vars:
AIRFLOW_CTX_DAG_OWNER=Fadlil
AIRFLOW_CTX_DAG_ID=dag1
AIRFLOW_CTX_TASK_ID=save_to_csv
AIRFLOW_CTX_EXECUTION_DATE=2022-11-01T08:00:00+00:00
AIRFLOW_CTX_DAG_RUN_ID=scheduled__2022-11-01T08:00:00+00:00
[2022-12-04 10:38:38,572] {python.py:175} INFO - Done. Returned value was: None
[2022-12-04 10:38:38,609] {taskinstance.py:1277} INFO - Marking task as SUCCESS. dag_id=dag1, task_id=save_to_csv, execution_date=20221101T080000, start_date=20221204T103835, end_date=20221204T103838
[2022-12-04 10:38:38,691] {local_task_job.py:154} INFO - Task exited with return code 0
[2022-12-04 10:38:38,949] {local_task_job.py:264} INFO - 1 downstream tasks scheduled from follow-on schedule check
