[2022-12-03 14:08:57,412] {taskinstance.py:1032} INFO - Dependencies all met for <TaskInstance: dag1.get_data scheduled__2022-10-26T05:40:00+00:00 [queued]>
[2022-12-03 14:08:57,436] {taskinstance.py:1032} INFO - Dependencies all met for <TaskInstance: dag1.get_data scheduled__2022-10-26T05:40:00+00:00 [queued]>
[2022-12-03 14:08:57,437] {taskinstance.py:1238} INFO - 
--------------------------------------------------------------------------------
[2022-12-03 14:08:57,437] {taskinstance.py:1239} INFO - Starting attempt 1 of 2
[2022-12-03 14:08:57,438] {taskinstance.py:1240} INFO - 
--------------------------------------------------------------------------------
[2022-12-03 14:08:57,500] {taskinstance.py:1259} INFO - Executing <Task(PythonOperator): get_data> on 2022-10-26 05:40:00+00:00
[2022-12-03 14:08:57,526] {standard_task_runner.py:52} INFO - Started process 193 to run task
[2022-12-03 14:08:57,552] {standard_task_runner.py:76} INFO - Running: ['***', 'tasks', 'run', 'dag1', 'get_data', 'scheduled__2022-10-26T05:40:00+00:00', '--job-id', '122', '--raw', '--subdir', 'DAGS_FOLDER/AirflowClean2.py', '--cfg-path', '/tmp/tmpz51ictub', '--error-file', '/tmp/tmpqeckucsb']
[2022-12-03 14:08:57,576] {standard_task_runner.py:77} INFO - Job 122: Subtask get_data
[2022-12-03 14:08:57,791] {logging_mixin.py:109} INFO - Running <TaskInstance: dag1.get_data scheduled__2022-10-26T05:40:00+00:00 [running]> on host 422c372562ce
[2022-12-03 14:08:58,158] {taskinstance.py:1426} INFO - Exporting the following env vars:
AIRFLOW_CTX_DAG_OWNER=Fadlil
AIRFLOW_CTX_DAG_ID=dag1
AIRFLOW_CTX_TASK_ID=get_data
AIRFLOW_CTX_EXECUTION_DATE=2022-10-26T05:40:00+00:00
AIRFLOW_CTX_DAG_RUN_ID=scheduled__2022-10-26T05:40:00+00:00
[2022-12-03 14:08:59,348] {python.py:175} INFO - Done. Returned value was: None
[2022-12-03 14:08:59,434] {taskinstance.py:1277} INFO - Marking task as SUCCESS. dag_id=dag1, task_id=get_data, execution_date=20221026T054000, start_date=20221203T140857, end_date=20221203T140859
[2022-12-03 14:08:59,631] {local_task_job.py:154} INFO - Task exited with return code 0
[2022-12-03 14:08:59,838] {local_task_job.py:264} INFO - 1 downstream tasks scheduled from follow-on schedule check
