[2022-12-04 10:54:28,603] {taskinstance.py:1032} INFO - Dependencies all met for <TaskInstance: dag1.save_to_csv scheduled__2022-11-02T23:40:00+00:00 [queued]>
[2022-12-04 10:54:28,918] {taskinstance.py:1032} INFO - Dependencies all met for <TaskInstance: dag1.save_to_csv scheduled__2022-11-02T23:40:00+00:00 [queued]>
[2022-12-04 10:54:28,918] {taskinstance.py:1238} INFO - 
--------------------------------------------------------------------------------
[2022-12-04 10:54:28,919] {taskinstance.py:1239} INFO - Starting attempt 1 of 2
[2022-12-04 10:54:28,919] {taskinstance.py:1240} INFO - 
--------------------------------------------------------------------------------
[2022-12-04 10:54:28,974] {taskinstance.py:1259} INFO - Executing <Task(PythonOperator): save_to_csv> on 2022-11-02 23:40:00+00:00
[2022-12-04 10:54:28,982] {standard_task_runner.py:52} INFO - Started process 10156 to run task
[2022-12-04 10:54:29,003] {standard_task_runner.py:76} INFO - Running: ['***', 'tasks', 'run', 'dag1', 'save_to_csv', 'scheduled__2022-11-02T23:40:00+00:00', '--job-id', '4520', '--raw', '--subdir', 'DAGS_FOLDER/AirflowClean2.py', '--cfg-path', '/tmp/tmp44uofo8x', '--error-file', '/tmp/tmp3l4vcnrc']
[2022-12-04 10:54:29,012] {standard_task_runner.py:77} INFO - Job 4520: Subtask save_to_csv
[2022-12-04 10:54:29,244] {logging_mixin.py:109} INFO - Running <TaskInstance: dag1.save_to_csv scheduled__2022-11-02T23:40:00+00:00 [running]> on host 9e44869ff3ef
[2022-12-04 10:54:29,627] {taskinstance.py:1426} INFO - Exporting the following env vars:
AIRFLOW_CTX_DAG_OWNER=Fadlil
AIRFLOW_CTX_DAG_ID=dag1
AIRFLOW_CTX_TASK_ID=save_to_csv
AIRFLOW_CTX_EXECUTION_DATE=2022-11-02T23:40:00+00:00
AIRFLOW_CTX_DAG_RUN_ID=scheduled__2022-11-02T23:40:00+00:00
[2022-12-04 10:54:29,771] {python.py:175} INFO - Done. Returned value was: None
[2022-12-04 10:54:30,051] {taskinstance.py:1277} INFO - Marking task as SUCCESS. dag_id=dag1, task_id=save_to_csv, execution_date=20221102T234000, start_date=20221204T105428, end_date=20221204T105430
[2022-12-04 10:54:30,145] {local_task_job.py:154} INFO - Task exited with return code 0
[2022-12-04 10:54:30,424] {local_task_job.py:264} INFO - 1 downstream tasks scheduled from follow-on schedule check
