[2022-12-04 17:04:25,060] {taskinstance.py:1032} INFO - Dependencies all met for <TaskInstance: dag1.get_data scheduled__2022-11-09T20:30:00+00:00 [queued]>
[2022-12-04 17:04:25,074] {taskinstance.py:1032} INFO - Dependencies all met for <TaskInstance: dag1.get_data scheduled__2022-11-09T20:30:00+00:00 [queued]>
[2022-12-04 17:04:25,074] {taskinstance.py:1238} INFO - 
--------------------------------------------------------------------------------
[2022-12-04 17:04:25,075] {taskinstance.py:1239} INFO - Starting attempt 1 of 2
[2022-12-04 17:04:25,075] {taskinstance.py:1240} INFO - 
--------------------------------------------------------------------------------
[2022-12-04 17:04:25,090] {taskinstance.py:1259} INFO - Executing <Task(PythonOperator): get_data> on 2022-11-09 20:30:00+00:00
[2022-12-04 17:04:25,096] {standard_task_runner.py:52} INFO - Started process 16337 to run task
[2022-12-04 17:04:25,100] {standard_task_runner.py:76} INFO - Running: ['***', 'tasks', 'run', 'dag1', 'get_data', 'scheduled__2022-11-09T20:30:00+00:00', '--job-id', '10123', '--raw', '--subdir', 'DAGS_FOLDER/AirflowClean2.py', '--cfg-path', '/tmp/tmp39_deirc', '--error-file', '/tmp/tmpsl6lrnvr']
[2022-12-04 17:04:25,101] {standard_task_runner.py:77} INFO - Job 10123: Subtask get_data
[2022-12-04 17:04:25,172] {logging_mixin.py:109} INFO - Running <TaskInstance: dag1.get_data scheduled__2022-11-09T20:30:00+00:00 [running]> on host 7a020590adae
[2022-12-04 17:04:25,241] {taskinstance.py:1426} INFO - Exporting the following env vars:
AIRFLOW_CTX_DAG_OWNER=Fadlil
AIRFLOW_CTX_DAG_ID=dag1
AIRFLOW_CTX_TASK_ID=get_data
AIRFLOW_CTX_EXECUTION_DATE=2022-11-09T20:30:00+00:00
AIRFLOW_CTX_DAG_RUN_ID=scheduled__2022-11-09T20:30:00+00:00
[2022-12-04 17:04:25,964] {python.py:175} INFO - Done. Returned value was: None
[2022-12-04 17:04:26,211] {taskinstance.py:1277} INFO - Marking task as SUCCESS. dag_id=dag1, task_id=get_data, execution_date=20221109T203000, start_date=20221204T170425, end_date=20221204T170426
[2022-12-04 17:04:26,278] {local_task_job.py:154} INFO - Task exited with return code 0
[2022-12-04 17:04:26,344] {local_task_job.py:264} INFO - 1 downstream tasks scheduled from follow-on schedule check
