[2022-12-04 05:13:16,410] {taskinstance.py:1032} INFO - Dependencies all met for <TaskInstance: dag1.get_data scheduled__2022-10-29T08:30:00+00:00 [queued]>
[2022-12-04 05:13:16,761] {taskinstance.py:1032} INFO - Dependencies all met for <TaskInstance: dag1.get_data scheduled__2022-10-29T08:30:00+00:00 [queued]>
[2022-12-04 05:13:16,776] {taskinstance.py:1238} INFO - 
--------------------------------------------------------------------------------
[2022-12-04 05:13:16,829] {taskinstance.py:1239} INFO - Starting attempt 1 of 2
[2022-12-04 05:13:16,854] {taskinstance.py:1240} INFO - 
--------------------------------------------------------------------------------
[2022-12-04 05:13:17,249] {taskinstance.py:1259} INFO - Executing <Task(PythonOperator): get_data> on 2022-10-29 08:30:00+00:00
[2022-12-04 05:13:17,271] {standard_task_runner.py:52} INFO - Started process 7941 to run task
[2022-12-04 05:13:17,500] {standard_task_runner.py:76} INFO - Running: ['***', 'tasks', 'run', 'dag1', 'get_data', 'scheduled__2022-10-29T08:30:00+00:00', '--job-id', '1946', '--raw', '--subdir', 'DAGS_FOLDER/AirflowClean2.py', '--cfg-path', '/tmp/tmpjvl3yddh', '--error-file', '/tmp/tmpts5f6_iq']
[2022-12-04 05:13:17,508] {standard_task_runner.py:77} INFO - Job 1946: Subtask get_data
[2022-12-04 05:13:18,362] {logging_mixin.py:109} INFO - Running <TaskInstance: dag1.get_data scheduled__2022-10-29T08:30:00+00:00 [running]> on host 422c372562ce
[2022-12-04 05:13:19,123] {taskinstance.py:1426} INFO - Exporting the following env vars:
AIRFLOW_CTX_DAG_OWNER=Fadlil
AIRFLOW_CTX_DAG_ID=dag1
AIRFLOW_CTX_TASK_ID=get_data
AIRFLOW_CTX_EXECUTION_DATE=2022-10-29T08:30:00+00:00
AIRFLOW_CTX_DAG_RUN_ID=scheduled__2022-10-29T08:30:00+00:00
[2022-12-04 05:13:20,228] {python.py:175} INFO - Done. Returned value was: None
[2022-12-04 05:13:20,326] {taskinstance.py:1277} INFO - Marking task as SUCCESS. dag_id=dag1, task_id=get_data, execution_date=20221029T083000, start_date=20221204T051316, end_date=20221204T051320
[2022-12-04 05:13:20,543] {local_task_job.py:154} INFO - Task exited with return code 0
[2022-12-04 05:13:20,966] {local_task_job.py:264} INFO - 1 downstream tasks scheduled from follow-on schedule check
