[2022-12-04 10:52:21,498] {taskinstance.py:1032} INFO - Dependencies all met for <TaskInstance: dag1.save_to_parquet scheduled__2022-11-02T17:20:00+00:00 [queued]>
[2022-12-04 10:52:21,570] {taskinstance.py:1032} INFO - Dependencies all met for <TaskInstance: dag1.save_to_parquet scheduled__2022-11-02T17:20:00+00:00 [queued]>
[2022-12-04 10:52:21,574] {taskinstance.py:1238} INFO - 
--------------------------------------------------------------------------------
[2022-12-04 10:52:21,580] {taskinstance.py:1239} INFO - Starting attempt 1 of 2
[2022-12-04 10:52:21,580] {taskinstance.py:1240} INFO - 
--------------------------------------------------------------------------------
[2022-12-04 10:52:21,623] {taskinstance.py:1259} INFO - Executing <Task(PythonOperator): save_to_parquet> on 2022-11-02 17:20:00+00:00
[2022-12-04 10:52:21,637] {standard_task_runner.py:52} INFO - Started process 9677 to run task
[2022-12-04 10:52:21,687] {standard_task_runner.py:76} INFO - Running: ['***', 'tasks', 'run', 'dag1', 'save_to_parquet', 'scheduled__2022-11-02T17:20:00+00:00', '--job-id', '4379', '--raw', '--subdir', 'DAGS_FOLDER/AirflowClean2.py', '--cfg-path', '/tmp/tmp7t6xwv97', '--error-file', '/tmp/tmpsd5jn96o']
[2022-12-04 10:52:21,688] {standard_task_runner.py:77} INFO - Job 4379: Subtask save_to_parquet
[2022-12-04 10:52:21,894] {logging_mixin.py:109} INFO - Running <TaskInstance: dag1.save_to_parquet scheduled__2022-11-02T17:20:00+00:00 [running]> on host 9e44869ff3ef
[2022-12-04 10:52:22,379] {taskinstance.py:1426} INFO - Exporting the following env vars:
AIRFLOW_CTX_DAG_OWNER=Fadlil
AIRFLOW_CTX_DAG_ID=dag1
AIRFLOW_CTX_TASK_ID=save_to_parquet
AIRFLOW_CTX_EXECUTION_DATE=2022-11-02T17:20:00+00:00
AIRFLOW_CTX_DAG_RUN_ID=scheduled__2022-11-02T17:20:00+00:00
[2022-12-04 10:52:22,861] {python.py:175} INFO - Done. Returned value was: None
[2022-12-04 10:52:22,911] {taskinstance.py:1277} INFO - Marking task as SUCCESS. dag_id=dag1, task_id=save_to_parquet, execution_date=20221102T172000, start_date=20221204T105221, end_date=20221204T105222
[2022-12-04 10:52:23,034] {local_task_job.py:154} INFO - Task exited with return code 0
[2022-12-04 10:52:23,417] {local_task_job.py:264} INFO - 1 downstream tasks scheduled from follow-on schedule check
