[2022-12-04 05:13:13,433] {taskinstance.py:1032} INFO - Dependencies all met for <TaskInstance: dag1.save_to_csv scheduled__2022-10-29T07:40:00+00:00 [queued]>
[2022-12-04 05:13:13,515] {taskinstance.py:1032} INFO - Dependencies all met for <TaskInstance: dag1.save_to_csv scheduled__2022-10-29T07:40:00+00:00 [queued]>
[2022-12-04 05:13:13,520] {taskinstance.py:1238} INFO - 
--------------------------------------------------------------------------------
[2022-12-04 05:13:13,521] {taskinstance.py:1239} INFO - Starting attempt 1 of 2
[2022-12-04 05:13:13,529] {taskinstance.py:1240} INFO - 
--------------------------------------------------------------------------------
[2022-12-04 05:13:13,627] {taskinstance.py:1259} INFO - Executing <Task(PythonOperator): save_to_csv> on 2022-10-29 07:40:00+00:00
[2022-12-04 05:13:13,634] {standard_task_runner.py:52} INFO - Started process 7931 to run task
[2022-12-04 05:13:13,675] {standard_task_runner.py:76} INFO - Running: ['***', 'tasks', 'run', 'dag1', 'save_to_csv', 'scheduled__2022-10-29T07:40:00+00:00', '--job-id', '1944', '--raw', '--subdir', 'DAGS_FOLDER/AirflowClean2.py', '--cfg-path', '/tmp/tmpa0qr7b1x', '--error-file', '/tmp/tmpvicp9b2m']
[2022-12-04 05:13:13,685] {standard_task_runner.py:77} INFO - Job 1944: Subtask save_to_csv
[2022-12-04 05:13:14,048] {logging_mixin.py:109} INFO - Running <TaskInstance: dag1.save_to_csv scheduled__2022-10-29T07:40:00+00:00 [running]> on host 422c372562ce
[2022-12-04 05:13:14,283] {taskinstance.py:1426} INFO - Exporting the following env vars:
AIRFLOW_CTX_DAG_OWNER=Fadlil
AIRFLOW_CTX_DAG_ID=dag1
AIRFLOW_CTX_TASK_ID=save_to_csv
AIRFLOW_CTX_EXECUTION_DATE=2022-10-29T07:40:00+00:00
AIRFLOW_CTX_DAG_RUN_ID=scheduled__2022-10-29T07:40:00+00:00
[2022-12-04 05:13:14,586] {python.py:175} INFO - Done. Returned value was: None
[2022-12-04 05:13:16,180] {taskinstance.py:1277} INFO - Marking task as SUCCESS. dag_id=dag1, task_id=save_to_csv, execution_date=20221029T074000, start_date=20221204T051313, end_date=20221204T051316
[2022-12-04 05:13:16,709] {local_task_job.py:154} INFO - Task exited with return code 0
[2022-12-04 05:13:17,192] {local_task_job.py:264} INFO - 1 downstream tasks scheduled from follow-on schedule check
