[2022-12-03 17:42:10,257] {taskinstance.py:1032} INFO - Dependencies all met for <TaskInstance: dag1.save_to_csv scheduled__2022-10-26T11:50:00+00:00 [queued]>
[2022-12-03 17:42:10,313] {taskinstance.py:1032} INFO - Dependencies all met for <TaskInstance: dag1.save_to_csv scheduled__2022-10-26T11:50:00+00:00 [queued]>
[2022-12-03 17:42:10,319] {taskinstance.py:1238} INFO - 
--------------------------------------------------------------------------------
[2022-12-03 17:42:10,326] {taskinstance.py:1239} INFO - Starting attempt 1 of 2
[2022-12-03 17:42:10,328] {taskinstance.py:1240} INFO - 
--------------------------------------------------------------------------------
[2022-12-03 17:42:10,474] {taskinstance.py:1259} INFO - Executing <Task(PythonOperator): save_to_csv> on 2022-10-26 11:50:00+00:00
[2022-12-03 17:42:10,602] {standard_task_runner.py:52} INFO - Started process 260 to run task
[2022-12-03 17:42:10,655] {standard_task_runner.py:76} INFO - Running: ['***', 'tasks', 'run', 'dag1', 'save_to_csv', 'scheduled__2022-10-26T11:50:00+00:00', '--job-id', '277', '--raw', '--subdir', 'DAGS_FOLDER/AirflowClean2.py', '--cfg-path', '/tmp/tmp4sd2k1rb', '--error-file', '/tmp/tmprmwm9mfw']
[2022-12-03 17:42:10,689] {standard_task_runner.py:77} INFO - Job 277: Subtask save_to_csv
[2022-12-03 17:42:10,977] {logging_mixin.py:109} INFO - Running <TaskInstance: dag1.save_to_csv scheduled__2022-10-26T11:50:00+00:00 [running]> on host 422c372562ce
[2022-12-03 17:42:11,273] {taskinstance.py:1426} INFO - Exporting the following env vars:
AIRFLOW_CTX_DAG_OWNER=Fadlil
AIRFLOW_CTX_DAG_ID=dag1
AIRFLOW_CTX_TASK_ID=save_to_csv
AIRFLOW_CTX_EXECUTION_DATE=2022-10-26T11:50:00+00:00
AIRFLOW_CTX_DAG_RUN_ID=scheduled__2022-10-26T11:50:00+00:00
[2022-12-03 17:42:11,486] {python.py:175} INFO - Done. Returned value was: None
[2022-12-03 17:42:11,529] {taskinstance.py:1277} INFO - Marking task as SUCCESS. dag_id=dag1, task_id=save_to_csv, execution_date=20221026T115000, start_date=20221203T174210, end_date=20221203T174211
[2022-12-03 17:42:11,653] {local_task_job.py:154} INFO - Task exited with return code 0
[2022-12-03 17:42:12,412] {local_task_job.py:264} INFO - 0 downstream tasks scheduled from follow-on schedule check
