[2022-12-04 05:05:52,377] {taskinstance.py:1032} INFO - Dependencies all met for <TaskInstance: dag1.get_data scheduled__2022-10-29T04:30:00+00:00 [queued]>
[2022-12-04 05:05:52,483] {taskinstance.py:1032} INFO - Dependencies all met for <TaskInstance: dag1.get_data scheduled__2022-10-29T04:30:00+00:00 [queued]>
[2022-12-04 05:05:52,496] {taskinstance.py:1238} INFO - 
--------------------------------------------------------------------------------
[2022-12-04 05:05:52,497] {taskinstance.py:1239} INFO - Starting attempt 1 of 2
[2022-12-04 05:05:52,497] {taskinstance.py:1240} INFO - 
--------------------------------------------------------------------------------
[2022-12-04 05:05:52,576] {taskinstance.py:1259} INFO - Executing <Task(PythonOperator): get_data> on 2022-10-29 04:30:00+00:00
[2022-12-04 05:05:52,588] {standard_task_runner.py:76} INFO - Running: ['***', 'tasks', 'run', 'dag1', 'get_data', 'scheduled__2022-10-29T04:30:00+00:00', '--job-id', '1865', '--raw', '--subdir', 'DAGS_FOLDER/AirflowClean2.py', '--cfg-path', '/tmp/tmpuhyr_o7o', '--error-file', '/tmp/tmp1rfmwdxs']
[2022-12-04 05:05:52,582] {standard_task_runner.py:52} INFO - Started process 7555 to run task
[2022-12-04 05:05:52,603] {standard_task_runner.py:77} INFO - Job 1865: Subtask get_data
[2022-12-04 05:05:52,799] {logging_mixin.py:109} INFO - Running <TaskInstance: dag1.get_data scheduled__2022-10-29T04:30:00+00:00 [running]> on host 422c372562ce
[2022-12-04 05:05:53,494] {taskinstance.py:1426} INFO - Exporting the following env vars:
AIRFLOW_CTX_DAG_OWNER=Fadlil
AIRFLOW_CTX_DAG_ID=dag1
AIRFLOW_CTX_TASK_ID=get_data
AIRFLOW_CTX_EXECUTION_DATE=2022-10-29T04:30:00+00:00
AIRFLOW_CTX_DAG_RUN_ID=scheduled__2022-10-29T04:30:00+00:00
[2022-12-04 05:05:54,501] {python.py:175} INFO - Done. Returned value was: None
[2022-12-04 05:05:54,580] {taskinstance.py:1277} INFO - Marking task as SUCCESS. dag_id=dag1, task_id=get_data, execution_date=20221029T043000, start_date=20221204T050552, end_date=20221204T050554
[2022-12-04 05:05:54,801] {local_task_job.py:154} INFO - Task exited with return code 0
[2022-12-04 05:06:14,944] {local_task_job.py:264} INFO - 0 downstream tasks scheduled from follow-on schedule check
