[2022-12-03 17:59:25,601] {taskinstance.py:1032} INFO - Dependencies all met for <TaskInstance: dag1.save_to_csv scheduled__2022-10-26T20:20:00+00:00 [queued]>
[2022-12-03 17:59:25,655] {taskinstance.py:1032} INFO - Dependencies all met for <TaskInstance: dag1.save_to_csv scheduled__2022-10-26T20:20:00+00:00 [queued]>
[2022-12-03 17:59:25,656] {taskinstance.py:1238} INFO - 
--------------------------------------------------------------------------------
[2022-12-03 17:59:25,656] {taskinstance.py:1239} INFO - Starting attempt 1 of 2
[2022-12-03 17:59:25,657] {taskinstance.py:1240} INFO - 
--------------------------------------------------------------------------------
[2022-12-03 17:59:25,742] {taskinstance.py:1259} INFO - Executing <Task(PythonOperator): save_to_csv> on 2022-10-26 20:20:00+00:00
[2022-12-03 17:59:25,792] {standard_task_runner.py:52} INFO - Started process 1476 to run task
[2022-12-03 17:59:25,878] {standard_task_runner.py:76} INFO - Running: ['***', 'tasks', 'run', 'dag1', 'save_to_csv', 'scheduled__2022-10-26T20:20:00+00:00', '--job-id', '477', '--raw', '--subdir', 'DAGS_FOLDER/AirflowClean2.py', '--cfg-path', '/tmp/tmps0jcr9ay', '--error-file', '/tmp/tmppl5djp1u']
[2022-12-03 17:59:25,925] {standard_task_runner.py:77} INFO - Job 477: Subtask save_to_csv
[2022-12-03 17:59:26,242] {logging_mixin.py:109} INFO - Running <TaskInstance: dag1.save_to_csv scheduled__2022-10-26T20:20:00+00:00 [running]> on host 422c372562ce
[2022-12-03 17:59:26,443] {taskinstance.py:1426} INFO - Exporting the following env vars:
AIRFLOW_CTX_DAG_OWNER=Fadlil
AIRFLOW_CTX_DAG_ID=dag1
AIRFLOW_CTX_TASK_ID=save_to_csv
AIRFLOW_CTX_EXECUTION_DATE=2022-10-26T20:20:00+00:00
AIRFLOW_CTX_DAG_RUN_ID=scheduled__2022-10-26T20:20:00+00:00
[2022-12-03 17:59:26,649] {python.py:175} INFO - Done. Returned value was: None
[2022-12-03 17:59:26,767] {taskinstance.py:1277} INFO - Marking task as SUCCESS. dag_id=dag1, task_id=save_to_csv, execution_date=20221026T202000, start_date=20221203T175925, end_date=20221203T175926
[2022-12-03 17:59:26,941] {local_task_job.py:154} INFO - Task exited with return code 0
[2022-12-03 17:59:27,103] {local_task_job.py:264} INFO - 1 downstream tasks scheduled from follow-on schedule check
