[2022-12-04 11:04:56,802] {taskinstance.py:1032} INFO - Dependencies all met for <TaskInstance: dag1.save_to_parquet scheduled__2022-11-04T02:40:00+00:00 [queued]>
[2022-12-04 11:04:57,343] {taskinstance.py:1032} INFO - Dependencies all met for <TaskInstance: dag1.save_to_parquet scheduled__2022-11-04T02:40:00+00:00 [queued]>
[2022-12-04 11:04:57,345] {taskinstance.py:1238} INFO - 
--------------------------------------------------------------------------------
[2022-12-04 11:04:57,352] {taskinstance.py:1239} INFO - Starting attempt 1 of 2
[2022-12-04 11:04:57,354] {taskinstance.py:1240} INFO - 
--------------------------------------------------------------------------------
[2022-12-04 11:04:57,443] {taskinstance.py:1259} INFO - Executing <Task(PythonOperator): save_to_parquet> on 2022-11-04 02:40:00+00:00
[2022-12-04 11:04:57,452] {standard_task_runner.py:52} INFO - Started process 12423 to run task
[2022-12-04 11:04:57,495] {standard_task_runner.py:76} INFO - Running: ['***', 'tasks', 'run', 'dag1', 'save_to_parquet', 'scheduled__2022-11-04T02:40:00+00:00', '--job-id', '5180', '--raw', '--subdir', 'DAGS_FOLDER/AirflowClean2.py', '--cfg-path', '/tmp/tmpxgq4p1me', '--error-file', '/tmp/tmpkitezsue']
[2022-12-04 11:04:57,505] {standard_task_runner.py:77} INFO - Job 5180: Subtask save_to_parquet
[2022-12-04 11:04:57,847] {logging_mixin.py:109} INFO - Running <TaskInstance: dag1.save_to_parquet scheduled__2022-11-04T02:40:00+00:00 [running]> on host 9e44869ff3ef
[2022-12-04 11:04:58,078] {taskinstance.py:1426} INFO - Exporting the following env vars:
AIRFLOW_CTX_DAG_OWNER=Fadlil
AIRFLOW_CTX_DAG_ID=dag1
AIRFLOW_CTX_TASK_ID=save_to_parquet
AIRFLOW_CTX_EXECUTION_DATE=2022-11-04T02:40:00+00:00
AIRFLOW_CTX_DAG_RUN_ID=scheduled__2022-11-04T02:40:00+00:00
[2022-12-04 11:04:58,155] {python.py:175} INFO - Done. Returned value was: None
[2022-12-04 11:04:58,478] {taskinstance.py:1277} INFO - Marking task as SUCCESS. dag_id=dag1, task_id=save_to_parquet, execution_date=20221104T024000, start_date=20221204T110456, end_date=20221204T110458
[2022-12-04 11:04:58,595] {local_task_job.py:154} INFO - Task exited with return code 0
[2022-12-04 11:04:58,758] {local_task_job.py:264} INFO - 1 downstream tasks scheduled from follow-on schedule check
