[2022-12-04 14:27:09,774] {taskinstance.py:1032} INFO - Dependencies all met for <TaskInstance: dag1.save_to_parquet scheduled__2022-11-08T09:30:00+00:00 [queued]>
[2022-12-04 14:27:09,815] {taskinstance.py:1032} INFO - Dependencies all met for <TaskInstance: dag1.save_to_parquet scheduled__2022-11-08T09:30:00+00:00 [queued]>
[2022-12-04 14:27:09,818] {taskinstance.py:1238} INFO - 
--------------------------------------------------------------------------------
[2022-12-04 14:27:09,819] {taskinstance.py:1239} INFO - Starting attempt 1 of 2
[2022-12-04 14:27:09,824] {taskinstance.py:1240} INFO - 
--------------------------------------------------------------------------------
[2022-12-04 14:27:09,866] {taskinstance.py:1259} INFO - Executing <Task(PythonOperator): save_to_parquet> on 2022-11-08 09:30:00+00:00
[2022-12-04 14:27:09,887] {standard_task_runner.py:52} INFO - Started process 9891 to run task
[2022-12-04 14:27:09,891] {standard_task_runner.py:76} INFO - Running: ['***', 'tasks', 'run', 'dag1', 'save_to_parquet', 'scheduled__2022-11-08T09:30:00+00:00', '--job-id', '8783', '--raw', '--subdir', 'DAGS_FOLDER/AirflowClean2.py', '--cfg-path', '/tmp/tmpy7s4riif', '--error-file', '/tmp/tmpf64mnmha']
[2022-12-04 14:27:09,897] {standard_task_runner.py:77} INFO - Job 8783: Subtask save_to_parquet
[2022-12-04 14:27:10,040] {logging_mixin.py:109} INFO - Running <TaskInstance: dag1.save_to_parquet scheduled__2022-11-08T09:30:00+00:00 [running]> on host 7a020590adae
[2022-12-04 14:27:10,193] {taskinstance.py:1426} INFO - Exporting the following env vars:
AIRFLOW_CTX_DAG_OWNER=Fadlil
AIRFLOW_CTX_DAG_ID=dag1
AIRFLOW_CTX_TASK_ID=save_to_parquet
AIRFLOW_CTX_EXECUTION_DATE=2022-11-08T09:30:00+00:00
AIRFLOW_CTX_DAG_RUN_ID=scheduled__2022-11-08T09:30:00+00:00
[2022-12-04 14:27:10,315] {python.py:175} INFO - Done. Returned value was: None
[2022-12-04 14:27:10,342] {taskinstance.py:1277} INFO - Marking task as SUCCESS. dag_id=dag1, task_id=save_to_parquet, execution_date=20221108T093000, start_date=20221204T142709, end_date=20221204T142710
[2022-12-04 14:27:10,417] {local_task_job.py:154} INFO - Task exited with return code 0
[2022-12-04 14:27:10,603] {local_task_job.py:264} INFO - 1 downstream tasks scheduled from follow-on schedule check
