[2022-12-04 16:52:21,270] {taskinstance.py:1032} INFO - Dependencies all met for <TaskInstance: dag1.get_data scheduled__2022-11-09T14:50:00+00:00 [queued]>
[2022-12-04 16:52:21,294] {taskinstance.py:1032} INFO - Dependencies all met for <TaskInstance: dag1.get_data scheduled__2022-11-09T14:50:00+00:00 [queued]>
[2022-12-04 16:52:21,295] {taskinstance.py:1238} INFO - 
--------------------------------------------------------------------------------
[2022-12-04 16:52:21,295] {taskinstance.py:1239} INFO - Starting attempt 1 of 2
[2022-12-04 16:52:21,296] {taskinstance.py:1240} INFO - 
--------------------------------------------------------------------------------
[2022-12-04 16:52:21,368] {taskinstance.py:1259} INFO - Executing <Task(PythonOperator): get_data> on 2022-11-09 14:50:00+00:00
[2022-12-04 16:52:21,382] {standard_task_runner.py:52} INFO - Started process 15179 to run task
[2022-12-04 16:52:21,398] {standard_task_runner.py:76} INFO - Running: ['***', 'tasks', 'run', 'dag1', 'get_data', 'scheduled__2022-11-09T14:50:00+00:00', '--job-id', '9884', '--raw', '--subdir', 'DAGS_FOLDER/AirflowClean2.py', '--cfg-path', '/tmp/tmp70g5rx12', '--error-file', '/tmp/tmp26sae8p6']
[2022-12-04 16:52:21,399] {standard_task_runner.py:77} INFO - Job 9884: Subtask get_data
[2022-12-04 16:52:21,703] {logging_mixin.py:109} INFO - Running <TaskInstance: dag1.get_data scheduled__2022-11-09T14:50:00+00:00 [running]> on host 7a020590adae
[2022-12-04 16:52:21,882] {taskinstance.py:1426} INFO - Exporting the following env vars:
AIRFLOW_CTX_DAG_OWNER=Fadlil
AIRFLOW_CTX_DAG_ID=dag1
AIRFLOW_CTX_TASK_ID=get_data
AIRFLOW_CTX_EXECUTION_DATE=2022-11-09T14:50:00+00:00
AIRFLOW_CTX_DAG_RUN_ID=scheduled__2022-11-09T14:50:00+00:00
[2022-12-04 16:52:22,694] {python.py:175} INFO - Done. Returned value was: None
[2022-12-04 16:52:22,722] {taskinstance.py:1277} INFO - Marking task as SUCCESS. dag_id=dag1, task_id=get_data, execution_date=20221109T145000, start_date=20221204T165221, end_date=20221204T165222
[2022-12-04 16:52:22,808] {local_task_job.py:154} INFO - Task exited with return code 0
[2022-12-04 16:52:22,998] {local_task_job.py:264} INFO - 1 downstream tasks scheduled from follow-on schedule check
