[2022-12-04 11:05:04,485] {taskinstance.py:1032} INFO - Dependencies all met for <TaskInstance: dag1.save_to_parquet scheduled__2022-11-04T03:20:00+00:00 [queued]>
[2022-12-04 11:05:04,524] {taskinstance.py:1032} INFO - Dependencies all met for <TaskInstance: dag1.save_to_parquet scheduled__2022-11-04T03:20:00+00:00 [queued]>
[2022-12-04 11:05:04,525] {taskinstance.py:1238} INFO - 
--------------------------------------------------------------------------------
[2022-12-04 11:05:04,525] {taskinstance.py:1239} INFO - Starting attempt 1 of 2
[2022-12-04 11:05:04,526] {taskinstance.py:1240} INFO - 
--------------------------------------------------------------------------------
[2022-12-04 11:05:04,550] {taskinstance.py:1259} INFO - Executing <Task(PythonOperator): save_to_parquet> on 2022-11-04 03:20:00+00:00
[2022-12-04 11:05:04,556] {standard_task_runner.py:52} INFO - Started process 12445 to run task
[2022-12-04 11:05:04,563] {standard_task_runner.py:76} INFO - Running: ['***', 'tasks', 'run', 'dag1', 'save_to_parquet', 'scheduled__2022-11-04T03:20:00+00:00', '--job-id', '5188', '--raw', '--subdir', 'DAGS_FOLDER/AirflowClean2.py', '--cfg-path', '/tmp/tmpu_94brri', '--error-file', '/tmp/tmpf84p9ud_']
[2022-12-04 11:05:04,565] {standard_task_runner.py:77} INFO - Job 5188: Subtask save_to_parquet
[2022-12-04 11:05:04,658] {logging_mixin.py:109} INFO - Running <TaskInstance: dag1.save_to_parquet scheduled__2022-11-04T03:20:00+00:00 [running]> on host 9e44869ff3ef
[2022-12-04 11:05:04,756] {taskinstance.py:1426} INFO - Exporting the following env vars:
AIRFLOW_CTX_DAG_OWNER=Fadlil
AIRFLOW_CTX_DAG_ID=dag1
AIRFLOW_CTX_TASK_ID=save_to_parquet
AIRFLOW_CTX_EXECUTION_DATE=2022-11-04T03:20:00+00:00
AIRFLOW_CTX_DAG_RUN_ID=scheduled__2022-11-04T03:20:00+00:00
[2022-12-04 11:05:04,973] {python.py:175} INFO - Done. Returned value was: None
[2022-12-04 11:05:05,199] {taskinstance.py:1277} INFO - Marking task as SUCCESS. dag_id=dag1, task_id=save_to_parquet, execution_date=20221104T032000, start_date=20221204T110504, end_date=20221204T110505
[2022-12-04 11:05:05,262] {local_task_job.py:154} INFO - Task exited with return code 0
[2022-12-04 11:05:05,318] {local_task_job.py:264} INFO - 1 downstream tasks scheduled from follow-on schedule check
