[2022-12-04 12:52:55,368] {taskinstance.py:1032} INFO - Dependencies all met for <TaskInstance: dag1.delete_local_file scheduled__2022-11-06T10:10:00+00:00 [queued]>
[2022-12-04 12:52:55,429] {taskinstance.py:1032} INFO - Dependencies all met for <TaskInstance: dag1.delete_local_file scheduled__2022-11-06T10:10:00+00:00 [queued]>
[2022-12-04 12:52:55,437] {taskinstance.py:1238} INFO - 
--------------------------------------------------------------------------------
[2022-12-04 12:52:55,438] {taskinstance.py:1239} INFO - Starting attempt 1 of 2
[2022-12-04 12:52:55,438] {taskinstance.py:1240} INFO - 
--------------------------------------------------------------------------------
[2022-12-04 12:52:55,489] {taskinstance.py:1259} INFO - Executing <Task(PythonOperator): delete_local_file> on 2022-11-06 10:10:00+00:00
[2022-12-04 12:52:55,498] {standard_task_runner.py:52} INFO - Started process 1413 to run task
[2022-12-04 12:52:55,512] {standard_task_runner.py:76} INFO - Running: ['***', 'tasks', 'run', 'dag1', 'delete_local_file', 'scheduled__2022-11-06T10:10:00+00:00', '--job-id', '7002', '--raw', '--subdir', 'DAGS_FOLDER/AirflowClean2.py', '--cfg-path', '/tmp/tmpp3cvgy6n', '--error-file', '/tmp/tmpbgzn67uk']
[2022-12-04 12:52:55,518] {standard_task_runner.py:77} INFO - Job 7002: Subtask delete_local_file
[2022-12-04 12:52:55,761] {logging_mixin.py:109} INFO - Running <TaskInstance: dag1.delete_local_file scheduled__2022-11-06T10:10:00+00:00 [running]> on host 7a020590adae
[2022-12-04 12:52:55,915] {taskinstance.py:1426} INFO - Exporting the following env vars:
AIRFLOW_CTX_DAG_OWNER=Fadlil
AIRFLOW_CTX_DAG_ID=dag1
AIRFLOW_CTX_TASK_ID=delete_local_file
AIRFLOW_CTX_EXECUTION_DATE=2022-11-06T10:10:00+00:00
AIRFLOW_CTX_DAG_RUN_ID=scheduled__2022-11-06T10:10:00+00:00
[2022-12-04 12:52:55,924] {python.py:175} INFO - Done. Returned value was: None
[2022-12-04 12:52:55,941] {taskinstance.py:1277} INFO - Marking task as SUCCESS. dag_id=dag1, task_id=delete_local_file, execution_date=20221106T101000, start_date=20221204T125255, end_date=20221204T125255
[2022-12-04 12:52:56,006] {local_task_job.py:154} INFO - Task exited with return code 0
[2022-12-04 12:52:56,065] {local_task_job.py:264} INFO - 0 downstream tasks scheduled from follow-on schedule check
