[2022-12-04 04:51:40,212] {taskinstance.py:1032} INFO - Dependencies all met for <TaskInstance: dag1.save_to_csv scheduled__2022-10-28T22:30:00+00:00 [queued]>
[2022-12-04 04:51:40,283] {taskinstance.py:1032} INFO - Dependencies all met for <TaskInstance: dag1.save_to_csv scheduled__2022-10-28T22:30:00+00:00 [queued]>
[2022-12-04 04:51:40,284] {taskinstance.py:1238} INFO - 
--------------------------------------------------------------------------------
[2022-12-04 04:51:40,289] {taskinstance.py:1239} INFO - Starting attempt 1 of 2
[2022-12-04 04:51:40,292] {taskinstance.py:1240} INFO - 
--------------------------------------------------------------------------------
[2022-12-04 04:51:40,361] {taskinstance.py:1259} INFO - Executing <Task(PythonOperator): save_to_csv> on 2022-10-28 22:30:00+00:00
[2022-12-04 04:51:40,386] {standard_task_runner.py:52} INFO - Started process 6714 to run task
[2022-12-04 04:51:40,411] {standard_task_runner.py:76} INFO - Running: ['***', 'tasks', 'run', 'dag1', 'save_to_csv', 'scheduled__2022-10-28T22:30:00+00:00', '--job-id', '1716', '--raw', '--subdir', 'DAGS_FOLDER/AirflowClean2.py', '--cfg-path', '/tmp/tmp_rw1qwc2', '--error-file', '/tmp/tmprvgf_70l']
[2022-12-04 04:51:40,414] {standard_task_runner.py:77} INFO - Job 1716: Subtask save_to_csv
[2022-12-04 04:51:40,890] {logging_mixin.py:109} INFO - Running <TaskInstance: dag1.save_to_csv scheduled__2022-10-28T22:30:00+00:00 [running]> on host 422c372562ce
[2022-12-04 04:51:41,322] {taskinstance.py:1426} INFO - Exporting the following env vars:
AIRFLOW_CTX_DAG_OWNER=Fadlil
AIRFLOW_CTX_DAG_ID=dag1
AIRFLOW_CTX_TASK_ID=save_to_csv
AIRFLOW_CTX_EXECUTION_DATE=2022-10-28T22:30:00+00:00
AIRFLOW_CTX_DAG_RUN_ID=scheduled__2022-10-28T22:30:00+00:00
[2022-12-04 04:51:41,657] {python.py:175} INFO - Done. Returned value was: None
[2022-12-04 04:51:42,309] {taskinstance.py:1277} INFO - Marking task as SUCCESS. dag_id=dag1, task_id=save_to_csv, execution_date=20221028T223000, start_date=20221204T045140, end_date=20221204T045142
[2022-12-04 04:51:42,431] {local_task_job.py:154} INFO - Task exited with return code 0
[2022-12-04 04:51:42,573] {local_task_job.py:264} INFO - 1 downstream tasks scheduled from follow-on schedule check
