[2022-12-04 09:53:04,053] {taskinstance.py:1032} INFO - Dependencies all met for <TaskInstance: dag1.get_data scheduled__2022-10-30T13:40:00+00:00 [queued]>
[2022-12-04 09:53:04,148] {taskinstance.py:1032} INFO - Dependencies all met for <TaskInstance: dag1.get_data scheduled__2022-10-30T13:40:00+00:00 [queued]>
[2022-12-04 09:53:04,160] {taskinstance.py:1238} INFO - 
--------------------------------------------------------------------------------
[2022-12-04 09:53:04,161] {taskinstance.py:1239} INFO - Starting attempt 1 of 2
[2022-12-04 09:53:04,169] {taskinstance.py:1240} INFO - 
--------------------------------------------------------------------------------
[2022-12-04 09:53:04,269] {taskinstance.py:1259} INFO - Executing <Task(PythonOperator): get_data> on 2022-10-30 13:40:00+00:00
[2022-12-04 09:53:04,305] {standard_task_runner.py:52} INFO - Started process 2305 to run task
[2022-12-04 09:53:04,334] {standard_task_runner.py:76} INFO - Running: ['***', 'tasks', 'run', 'dag1', 'get_data', 'scheduled__2022-10-30T13:40:00+00:00', '--job-id', '2565', '--raw', '--subdir', 'DAGS_FOLDER/AirflowClean2.py', '--cfg-path', '/tmp/tmpzhxluinv', '--error-file', '/tmp/tmpqmgye10i']
[2022-12-04 09:53:04,345] {standard_task_runner.py:77} INFO - Job 2565: Subtask get_data
[2022-12-04 09:53:04,988] {logging_mixin.py:109} INFO - Running <TaskInstance: dag1.get_data scheduled__2022-10-30T13:40:00+00:00 [running]> on host 9e44869ff3ef
[2022-12-04 09:53:05,234] {taskinstance.py:1426} INFO - Exporting the following env vars:
AIRFLOW_CTX_DAG_OWNER=Fadlil
AIRFLOW_CTX_DAG_ID=dag1
AIRFLOW_CTX_TASK_ID=get_data
AIRFLOW_CTX_EXECUTION_DATE=2022-10-30T13:40:00+00:00
AIRFLOW_CTX_DAG_RUN_ID=scheduled__2022-10-30T13:40:00+00:00
[2022-12-04 09:53:05,988] {python.py:175} INFO - Done. Returned value was: None
[2022-12-04 09:53:06,639] {taskinstance.py:1277} INFO - Marking task as SUCCESS. dag_id=dag1, task_id=get_data, execution_date=20221030T134000, start_date=20221204T095304, end_date=20221204T095306
[2022-12-04 09:53:06,827] {local_task_job.py:154} INFO - Task exited with return code 0
[2022-12-04 09:53:08,894] {local_task_job.py:264} INFO - 0 downstream tasks scheduled from follow-on schedule check
