[2022-12-04 17:40:37,883] {taskinstance.py:1032} INFO - Dependencies all met for <TaskInstance: dag1.save_to_csv scheduled__2022-11-10T14:10:00+00:00 [queued]>
[2022-12-04 17:40:37,907] {taskinstance.py:1032} INFO - Dependencies all met for <TaskInstance: dag1.save_to_csv scheduled__2022-11-10T14:10:00+00:00 [queued]>
[2022-12-04 17:40:37,914] {taskinstance.py:1238} INFO - 
--------------------------------------------------------------------------------
[2022-12-04 17:40:37,916] {taskinstance.py:1239} INFO - Starting attempt 1 of 2
[2022-12-04 17:40:37,919] {taskinstance.py:1240} INFO - 
--------------------------------------------------------------------------------
[2022-12-04 17:40:37,958] {taskinstance.py:1259} INFO - Executing <Task(PythonOperator): save_to_csv> on 2022-11-10 14:10:00+00:00
[2022-12-04 17:40:37,965] {standard_task_runner.py:52} INFO - Started process 19545 to run task
[2022-12-04 17:40:37,980] {standard_task_runner.py:76} INFO - Running: ['***', 'tasks', 'run', 'dag1', 'save_to_csv', 'scheduled__2022-11-10T14:10:00+00:00', '--job-id', '10787', '--raw', '--subdir', 'DAGS_FOLDER/AirflowClean2.py', '--cfg-path', '/tmp/tmpnxo9wdpm', '--error-file', '/tmp/tmpip393_7e']
[2022-12-04 17:40:37,982] {standard_task_runner.py:77} INFO - Job 10787: Subtask save_to_csv
[2022-12-04 17:40:38,092] {logging_mixin.py:109} INFO - Running <TaskInstance: dag1.save_to_csv scheduled__2022-11-10T14:10:00+00:00 [running]> on host 7a020590adae
[2022-12-04 17:40:38,206] {taskinstance.py:1426} INFO - Exporting the following env vars:
AIRFLOW_CTX_DAG_OWNER=Fadlil
AIRFLOW_CTX_DAG_ID=dag1
AIRFLOW_CTX_TASK_ID=save_to_csv
AIRFLOW_CTX_EXECUTION_DATE=2022-11-10T14:10:00+00:00
AIRFLOW_CTX_DAG_RUN_ID=scheduled__2022-11-10T14:10:00+00:00
[2022-12-04 17:40:38,369] {python.py:175} INFO - Done. Returned value was: None
[2022-12-04 17:40:38,428] {taskinstance.py:1277} INFO - Marking task as SUCCESS. dag_id=dag1, task_id=save_to_csv, execution_date=20221110T141000, start_date=20221204T174037, end_date=20221204T174038
[2022-12-04 17:40:38,534] {local_task_job.py:154} INFO - Task exited with return code 0
[2022-12-04 17:40:39,053] {local_task_job.py:264} INFO - 0 downstream tasks scheduled from follow-on schedule check
