[2022-12-04 12:41:38,625] {taskinstance.py:1032} INFO - Dependencies all met for <TaskInstance: dag1.bigquery_external_table_task scheduled__2022-11-06T05:20:00+00:00 [queued]>
[2022-12-04 12:41:38,644] {taskinstance.py:1032} INFO - Dependencies all met for <TaskInstance: dag1.bigquery_external_table_task scheduled__2022-11-06T05:20:00+00:00 [queued]>
[2022-12-04 12:41:38,644] {taskinstance.py:1238} INFO - 
--------------------------------------------------------------------------------
[2022-12-04 12:41:38,645] {taskinstance.py:1239} INFO - Starting attempt 1 of 2
[2022-12-04 12:41:38,645] {taskinstance.py:1240} INFO - 
--------------------------------------------------------------------------------
[2022-12-04 12:41:38,670] {taskinstance.py:1259} INFO - Executing <Task(BigQueryCreateExternalTableOperator): bigquery_external_table_task> on 2022-11-06 05:20:00+00:00
[2022-12-04 12:41:38,678] {standard_task_runner.py:52} INFO - Started process 385 to run task
[2022-12-04 12:41:38,684] {standard_task_runner.py:76} INFO - Running: ['***', 'tasks', 'run', 'dag1', 'bigquery_external_table_task', 'scheduled__2022-11-06T05:20:00+00:00', '--job-id', '6786', '--raw', '--subdir', 'DAGS_FOLDER/AirflowClean2.py', '--cfg-path', '/tmp/tmph4yit6zs', '--error-file', '/tmp/tmpqks9tuv9']
[2022-12-04 12:41:38,685] {standard_task_runner.py:77} INFO - Job 6786: Subtask bigquery_external_table_task
[2022-12-04 12:41:38,766] {logging_mixin.py:109} INFO - Running <TaskInstance: dag1.bigquery_external_table_task scheduled__2022-11-06T05:20:00+00:00 [running]> on host 7a020590adae
[2022-12-04 12:41:38,843] {taskinstance.py:1426} INFO - Exporting the following env vars:
AIRFLOW_CTX_DAG_OWNER=Fadlil
AIRFLOW_CTX_DAG_ID=dag1
AIRFLOW_CTX_TASK_ID=bigquery_external_table_task
AIRFLOW_CTX_EXECUTION_DATE=2022-11-06T05:20:00+00:00
AIRFLOW_CTX_DAG_RUN_ID=scheduled__2022-11-06T05:20:00+00:00
[2022-12-04 12:41:38,845] {crypto.py:82} WARNING - empty cryptography key - values will not be stored encrypted.
[2022-12-04 12:41:39,938] {taskinstance.py:1277} INFO - Marking task as SUCCESS. dag_id=dag1, task_id=bigquery_external_table_task, execution_date=20221106T052000, start_date=20221204T124138, end_date=20221204T124139
[2022-12-04 12:41:40,022] {local_task_job.py:154} INFO - Task exited with return code 0
[2022-12-04 12:41:40,062] {local_task_job.py:264} INFO - 1 downstream tasks scheduled from follow-on schedule check
