[2022-12-04 09:27:42,582] {taskinstance.py:1032} INFO - Dependencies all met for <TaskInstance: dag1.save_to_csv scheduled__2022-10-30T00:00:00+00:00 [queued]>
[2022-12-04 09:27:42,701] {taskinstance.py:1032} INFO - Dependencies all met for <TaskInstance: dag1.save_to_csv scheduled__2022-10-30T00:00:00+00:00 [queued]>
[2022-12-04 09:27:42,704] {taskinstance.py:1238} INFO - 
--------------------------------------------------------------------------------
[2022-12-04 09:27:42,705] {taskinstance.py:1239} INFO - Starting attempt 1 of 2
[2022-12-04 09:27:42,706] {taskinstance.py:1240} INFO - 
--------------------------------------------------------------------------------
[2022-12-04 09:27:42,854] {taskinstance.py:1259} INFO - Executing <Task(PythonOperator): save_to_csv> on 2022-10-30 00:00:00+00:00
[2022-12-04 09:27:42,896] {standard_task_runner.py:52} INFO - Started process 667 to run task
[2022-12-04 09:27:42,974] {standard_task_runner.py:76} INFO - Running: ['***', 'tasks', 'run', 'dag1', 'save_to_csv', 'scheduled__2022-10-30T00:00:00+00:00', '--job-id', '2329', '--raw', '--subdir', 'DAGS_FOLDER/AirflowClean2.py', '--cfg-path', '/tmp/tmphn1k0wfv', '--error-file', '/tmp/tmpl6vwsze5']
[2022-12-04 09:27:42,984] {standard_task_runner.py:77} INFO - Job 2329: Subtask save_to_csv
[2022-12-04 09:27:43,229] {logging_mixin.py:109} INFO - Running <TaskInstance: dag1.save_to_csv scheduled__2022-10-30T00:00:00+00:00 [running]> on host 9e44869ff3ef
[2022-12-04 09:27:43,664] {taskinstance.py:1426} INFO - Exporting the following env vars:
AIRFLOW_CTX_DAG_OWNER=Fadlil
AIRFLOW_CTX_DAG_ID=dag1
AIRFLOW_CTX_TASK_ID=save_to_csv
AIRFLOW_CTX_EXECUTION_DATE=2022-10-30T00:00:00+00:00
AIRFLOW_CTX_DAG_RUN_ID=scheduled__2022-10-30T00:00:00+00:00
[2022-12-04 09:27:43,784] {python.py:175} INFO - Done. Returned value was: None
[2022-12-04 09:27:43,847] {taskinstance.py:1277} INFO - Marking task as SUCCESS. dag_id=dag1, task_id=save_to_csv, execution_date=20221030T000000, start_date=20221204T092742, end_date=20221204T092743
[2022-12-04 09:27:43,957] {local_task_job.py:154} INFO - Task exited with return code 0
[2022-12-04 09:27:44,162] {local_task_job.py:264} INFO - 1 downstream tasks scheduled from follow-on schedule check
