[2022-12-04 09:29:15,282] {taskinstance.py:1032} INFO - Dependencies all met for <TaskInstance: dag1.get_data scheduled__2022-10-30T06:20:00+00:00 [queued]>
[2022-12-04 09:29:15,299] {taskinstance.py:1032} INFO - Dependencies all met for <TaskInstance: dag1.get_data scheduled__2022-10-30T06:20:00+00:00 [queued]>
[2022-12-04 09:29:15,299] {taskinstance.py:1238} INFO - 
--------------------------------------------------------------------------------
[2022-12-04 09:29:15,300] {taskinstance.py:1239} INFO - Starting attempt 1 of 2
[2022-12-04 09:29:15,300] {taskinstance.py:1240} INFO - 
--------------------------------------------------------------------------------
[2022-12-04 09:29:15,531] {taskinstance.py:1259} INFO - Executing <Task(PythonOperator): get_data> on 2022-10-30 06:20:00+00:00
[2022-12-04 09:29:15,540] {standard_task_runner.py:52} INFO - Started process 1028 to run task
[2022-12-04 09:29:15,568] {standard_task_runner.py:76} INFO - Running: ['***', 'tasks', 'run', 'dag1', 'get_data', 'scheduled__2022-10-30T06:20:00+00:00', '--job-id', '2435', '--raw', '--subdir', 'DAGS_FOLDER/AirflowClean2.py', '--cfg-path', '/tmp/tmpi6g24bob', '--error-file', '/tmp/tmp3t0ov0vj']
[2022-12-04 09:29:15,573] {standard_task_runner.py:77} INFO - Job 2435: Subtask get_data
[2022-12-04 09:29:15,829] {logging_mixin.py:109} INFO - Running <TaskInstance: dag1.get_data scheduled__2022-10-30T06:20:00+00:00 [running]> on host 9e44869ff3ef
[2022-12-04 09:29:16,248] {taskinstance.py:1426} INFO - Exporting the following env vars:
AIRFLOW_CTX_DAG_OWNER=Fadlil
AIRFLOW_CTX_DAG_ID=dag1
AIRFLOW_CTX_TASK_ID=get_data
AIRFLOW_CTX_EXECUTION_DATE=2022-10-30T06:20:00+00:00
AIRFLOW_CTX_DAG_RUN_ID=scheduled__2022-10-30T06:20:00+00:00
[2022-12-04 09:29:17,028] {python.py:175} INFO - Done. Returned value was: None
[2022-12-04 09:29:17,155] {taskinstance.py:1277} INFO - Marking task as SUCCESS. dag_id=dag1, task_id=get_data, execution_date=20221030T062000, start_date=20221204T092915, end_date=20221204T092917
[2022-12-04 09:29:17,331] {local_task_job.py:154} INFO - Task exited with return code 0
[2022-12-04 09:29:18,065] {local_task_job.py:264} INFO - 1 downstream tasks scheduled from follow-on schedule check
