[2022-12-04 15:12:58,576] {taskinstance.py:1032} INFO - Dependencies all met for <TaskInstance: dag1.save_to_csv scheduled__2022-11-09T08:30:00+00:00 [queued]>
[2022-12-04 15:12:58,595] {taskinstance.py:1032} INFO - Dependencies all met for <TaskInstance: dag1.save_to_csv scheduled__2022-11-09T08:30:00+00:00 [queued]>
[2022-12-04 15:12:58,596] {taskinstance.py:1238} INFO - 
--------------------------------------------------------------------------------
[2022-12-04 15:12:58,596] {taskinstance.py:1239} INFO - Starting attempt 1 of 2
[2022-12-04 15:12:58,597] {taskinstance.py:1240} INFO - 
--------------------------------------------------------------------------------
[2022-12-04 15:12:58,618] {taskinstance.py:1259} INFO - Executing <Task(PythonOperator): save_to_csv> on 2022-11-09 08:30:00+00:00
[2022-12-04 15:12:58,626] {standard_task_runner.py:52} INFO - Started process 14119 to run task
[2022-12-04 15:12:58,634] {standard_task_runner.py:76} INFO - Running: ['***', 'tasks', 'run', 'dag1', 'save_to_csv', 'scheduled__2022-11-09T08:30:00+00:00', '--job-id', '9660', '--raw', '--subdir', 'DAGS_FOLDER/AirflowClean2.py', '--cfg-path', '/tmp/tmpo5qat3oe', '--error-file', '/tmp/tmpn9h5je1a']
[2022-12-04 15:12:58,635] {standard_task_runner.py:77} INFO - Job 9660: Subtask save_to_csv
[2022-12-04 15:12:58,737] {logging_mixin.py:109} INFO - Running <TaskInstance: dag1.save_to_csv scheduled__2022-11-09T08:30:00+00:00 [running]> on host 7a020590adae
[2022-12-04 15:12:58,822] {taskinstance.py:1426} INFO - Exporting the following env vars:
AIRFLOW_CTX_DAG_OWNER=Fadlil
AIRFLOW_CTX_DAG_ID=dag1
AIRFLOW_CTX_TASK_ID=save_to_csv
AIRFLOW_CTX_EXECUTION_DATE=2022-11-09T08:30:00+00:00
AIRFLOW_CTX_DAG_RUN_ID=scheduled__2022-11-09T08:30:00+00:00
[2022-12-04 15:12:58,867] {python.py:175} INFO - Done. Returned value was: None
[2022-12-04 15:12:58,891] {taskinstance.py:1277} INFO - Marking task as SUCCESS. dag_id=dag1, task_id=save_to_csv, execution_date=20221109T083000, start_date=20221204T151258, end_date=20221204T151258
[2022-12-04 15:12:58,925] {local_task_job.py:154} INFO - Task exited with return code 0
[2022-12-04 15:12:58,997] {local_task_job.py:264} INFO - 1 downstream tasks scheduled from follow-on schedule check
