[2022-12-02 17:24:00,469] {taskinstance.py:1032} INFO - Dependencies all met for <TaskInstance: dag1.get_data scheduled__2022-10-26T00:30:00+00:00 [queued]>
[2022-12-02 17:24:00,682] {taskinstance.py:1032} INFO - Dependencies all met for <TaskInstance: dag1.get_data scheduled__2022-10-26T00:30:00+00:00 [queued]>
[2022-12-02 17:24:00,683] {taskinstance.py:1238} INFO - 
--------------------------------------------------------------------------------
[2022-12-02 17:24:00,684] {taskinstance.py:1239} INFO - Starting attempt 1 of 2
[2022-12-02 17:24:00,684] {taskinstance.py:1240} INFO - 
--------------------------------------------------------------------------------
[2022-12-02 17:24:00,947] {taskinstance.py:1259} INFO - Executing <Task(PythonOperator): get_data> on 2022-10-26 00:30:00+00:00
[2022-12-02 17:24:01,124] {standard_task_runner.py:52} INFO - Started process 134 to run task
[2022-12-02 17:24:01,123] {standard_task_runner.py:76} INFO - Running: ['***', 'tasks', 'run', 'dag1', 'get_data', 'scheduled__2022-10-26T00:30:00+00:00', '--job-id', '15', '--raw', '--subdir', 'DAGS_FOLDER/AirflowClean2.py', '--cfg-path', '/tmp/tmpuvmqwuqn', '--error-file', '/tmp/tmpfh5q3_wy']
[2022-12-02 17:24:01,300] {standard_task_runner.py:77} INFO - Job 15: Subtask get_data
[2022-12-02 17:24:02,762] {logging_mixin.py:109} INFO - Running <TaskInstance: dag1.get_data scheduled__2022-10-26T00:30:00+00:00 [running]> on host 422c372562ce
[2022-12-02 17:24:03,550] {taskinstance.py:1426} INFO - Exporting the following env vars:
AIRFLOW_CTX_DAG_OWNER=Fadlil
AIRFLOW_CTX_DAG_ID=dag1
AIRFLOW_CTX_TASK_ID=get_data
AIRFLOW_CTX_EXECUTION_DATE=2022-10-26T00:30:00+00:00
AIRFLOW_CTX_DAG_RUN_ID=scheduled__2022-10-26T00:30:00+00:00
[2022-12-02 17:24:30,375] {python.py:175} INFO - Done. Returned value was: None
[2022-12-02 17:24:32,308] {taskinstance.py:1277} INFO - Marking task as SUCCESS. dag_id=dag1, task_id=get_data, execution_date=20221026T003000, start_date=20221202T172400, end_date=20221202T172432
[2022-12-02 17:24:34,031] {local_task_job.py:154} INFO - Task exited with return code 0
[2022-12-02 17:24:35,069] {local_task_job.py:264} INFO - 1 downstream tasks scheduled from follow-on schedule check
