[2022-12-04 02:48:04,542] {taskinstance.py:1032} INFO - Dependencies all met for <TaskInstance: dag1.save_to_csv scheduled__2022-10-27T00:20:00+00:00 [queued]>
[2022-12-04 02:48:04,673] {taskinstance.py:1032} INFO - Dependencies all met for <TaskInstance: dag1.save_to_csv scheduled__2022-10-27T00:20:00+00:00 [queued]>
[2022-12-04 02:48:04,678] {taskinstance.py:1238} INFO - 
--------------------------------------------------------------------------------
[2022-12-04 02:48:04,682] {taskinstance.py:1239} INFO - Starting attempt 1 of 2
[2022-12-04 02:48:04,683] {taskinstance.py:1240} INFO - 
--------------------------------------------------------------------------------
[2022-12-04 02:48:04,897] {taskinstance.py:1259} INFO - Executing <Task(PythonOperator): save_to_csv> on 2022-10-27 00:20:00+00:00
[2022-12-04 02:48:04,917] {standard_task_runner.py:52} INFO - Started process 198 to run task
[2022-12-04 02:48:04,938] {standard_task_runner.py:76} INFO - Running: ['***', 'tasks', 'run', 'dag1', 'save_to_csv', 'scheduled__2022-10-27T00:20:00+00:00', '--job-id', '613', '--raw', '--subdir', 'DAGS_FOLDER/AirflowClean2.py', '--cfg-path', '/tmp/tmp93y5qq8c', '--error-file', '/tmp/tmpvt45p1ah']
[2022-12-04 02:48:05,005] {standard_task_runner.py:77} INFO - Job 613: Subtask save_to_csv
[2022-12-04 02:48:06,688] {logging_mixin.py:109} INFO - Running <TaskInstance: dag1.save_to_csv scheduled__2022-10-27T00:20:00+00:00 [running]> on host 422c372562ce
[2022-12-04 02:48:08,936] {taskinstance.py:1426} INFO - Exporting the following env vars:
AIRFLOW_CTX_DAG_OWNER=Fadlil
AIRFLOW_CTX_DAG_ID=dag1
AIRFLOW_CTX_TASK_ID=save_to_csv
AIRFLOW_CTX_EXECUTION_DATE=2022-10-27T00:20:00+00:00
AIRFLOW_CTX_DAG_RUN_ID=scheduled__2022-10-27T00:20:00+00:00
[2022-12-04 02:48:09,904] {python.py:175} INFO - Done. Returned value was: None
[2022-12-04 02:48:10,614] {taskinstance.py:1277} INFO - Marking task as SUCCESS. dag_id=dag1, task_id=save_to_csv, execution_date=20221027T002000, start_date=20221204T024804, end_date=20221204T024810
[2022-12-04 02:48:11,280] {local_task_job.py:154} INFO - Task exited with return code 0
[2022-12-04 02:48:12,025] {local_task_job.py:264} INFO - 1 downstream tasks scheduled from follow-on schedule check
