[2022-12-04 12:56:17,834] {taskinstance.py:1032} INFO - Dependencies all met for <TaskInstance: dag1.save_to_parquet scheduled__2022-11-06T12:00:00+00:00 [queued]>
[2022-12-04 12:56:17,847] {taskinstance.py:1032} INFO - Dependencies all met for <TaskInstance: dag1.save_to_parquet scheduled__2022-11-06T12:00:00+00:00 [queued]>
[2022-12-04 12:56:17,848] {taskinstance.py:1238} INFO - 
--------------------------------------------------------------------------------
[2022-12-04 12:56:17,848] {taskinstance.py:1239} INFO - Starting attempt 1 of 2
[2022-12-04 12:56:17,849] {taskinstance.py:1240} INFO - 
--------------------------------------------------------------------------------
[2022-12-04 12:56:17,863] {taskinstance.py:1259} INFO - Executing <Task(PythonOperator): save_to_parquet> on 2022-11-06 12:00:00+00:00
[2022-12-04 12:56:17,869] {standard_task_runner.py:52} INFO - Started process 1632 to run task
[2022-12-04 12:56:17,873] {standard_task_runner.py:76} INFO - Running: ['***', 'tasks', 'run', 'dag1', 'save_to_parquet', 'scheduled__2022-11-06T12:00:00+00:00', '--job-id', '7040', '--raw', '--subdir', 'DAGS_FOLDER/AirflowClean2.py', '--cfg-path', '/tmp/tmp61s3co0z', '--error-file', '/tmp/tmpf59i9tzq']
[2022-12-04 12:56:17,875] {standard_task_runner.py:77} INFO - Job 7040: Subtask save_to_parquet
[2022-12-04 12:56:17,945] {logging_mixin.py:109} INFO - Running <TaskInstance: dag1.save_to_parquet scheduled__2022-11-06T12:00:00+00:00 [running]> on host 7a020590adae
[2022-12-04 12:56:18,017] {taskinstance.py:1426} INFO - Exporting the following env vars:
AIRFLOW_CTX_DAG_OWNER=Fadlil
AIRFLOW_CTX_DAG_ID=dag1
AIRFLOW_CTX_TASK_ID=save_to_parquet
AIRFLOW_CTX_EXECUTION_DATE=2022-11-06T12:00:00+00:00
AIRFLOW_CTX_DAG_RUN_ID=scheduled__2022-11-06T12:00:00+00:00
[2022-12-04 12:56:18,055] {python.py:175} INFO - Done. Returned value was: None
[2022-12-04 12:56:18,069] {taskinstance.py:1277} INFO - Marking task as SUCCESS. dag_id=dag1, task_id=save_to_parquet, execution_date=20221106T120000, start_date=20221204T125617, end_date=20221204T125618
[2022-12-04 12:56:18,126] {local_task_job.py:154} INFO - Task exited with return code 0
[2022-12-04 12:56:18,172] {local_task_job.py:264} INFO - 1 downstream tasks scheduled from follow-on schedule check
