[2022-12-04 10:47:19,836] {taskinstance.py:1032} INFO - Dependencies all met for <TaskInstance: dag1.save_to_parquet scheduled__2022-11-02T04:30:00+00:00 [queued]>
[2022-12-04 10:47:19,915] {taskinstance.py:1032} INFO - Dependencies all met for <TaskInstance: dag1.save_to_parquet scheduled__2022-11-02T04:30:00+00:00 [queued]>
[2022-12-04 10:47:19,929] {taskinstance.py:1238} INFO - 
--------------------------------------------------------------------------------
[2022-12-04 10:47:19,933] {taskinstance.py:1239} INFO - Starting attempt 1 of 2
[2022-12-04 10:47:19,943] {taskinstance.py:1240} INFO - 
--------------------------------------------------------------------------------
[2022-12-04 10:47:20,006] {taskinstance.py:1259} INFO - Executing <Task(PythonOperator): save_to_parquet> on 2022-11-02 04:30:00+00:00
[2022-12-04 10:47:20,030] {standard_task_runner.py:52} INFO - Started process 8561 to run task
[2022-12-04 10:47:20,035] {standard_task_runner.py:76} INFO - Running: ['***', 'tasks', 'run', 'dag1', 'save_to_parquet', 'scheduled__2022-11-02T04:30:00+00:00', '--job-id', '4061', '--raw', '--subdir', 'DAGS_FOLDER/AirflowClean2.py', '--cfg-path', '/tmp/tmpz3wk8327', '--error-file', '/tmp/tmphhg03iva']
[2022-12-04 10:47:20,061] {standard_task_runner.py:77} INFO - Job 4061: Subtask save_to_parquet
[2022-12-04 10:47:20,419] {logging_mixin.py:109} INFO - Running <TaskInstance: dag1.save_to_parquet scheduled__2022-11-02T04:30:00+00:00 [running]> on host 9e44869ff3ef
[2022-12-04 10:47:20,745] {taskinstance.py:1426} INFO - Exporting the following env vars:
AIRFLOW_CTX_DAG_OWNER=Fadlil
AIRFLOW_CTX_DAG_ID=dag1
AIRFLOW_CTX_TASK_ID=save_to_parquet
AIRFLOW_CTX_EXECUTION_DATE=2022-11-02T04:30:00+00:00
AIRFLOW_CTX_DAG_RUN_ID=scheduled__2022-11-02T04:30:00+00:00
[2022-12-04 10:47:20,876] {python.py:175} INFO - Done. Returned value was: None
[2022-12-04 10:47:21,347] {taskinstance.py:1277} INFO - Marking task as SUCCESS. dag_id=dag1, task_id=save_to_parquet, execution_date=20221102T043000, start_date=20221204T104719, end_date=20221204T104721
[2022-12-04 10:47:21,411] {local_task_job.py:154} INFO - Task exited with return code 0
[2022-12-04 10:47:21,583] {local_task_job.py:264} INFO - 1 downstream tasks scheduled from follow-on schedule check
