[2022-12-04 10:47:38,723] {taskinstance.py:1032} INFO - Dependencies all met for <TaskInstance: dag1.get_data scheduled__2022-11-02T05:40:00+00:00 [queued]>
[2022-12-04 10:47:38,747] {taskinstance.py:1032} INFO - Dependencies all met for <TaskInstance: dag1.get_data scheduled__2022-11-02T05:40:00+00:00 [queued]>
[2022-12-04 10:47:38,747] {taskinstance.py:1238} INFO - 
--------------------------------------------------------------------------------
[2022-12-04 10:47:38,748] {taskinstance.py:1239} INFO - Starting attempt 1 of 2
[2022-12-04 10:47:38,748] {taskinstance.py:1240} INFO - 
--------------------------------------------------------------------------------
[2022-12-04 10:47:39,035] {taskinstance.py:1259} INFO - Executing <Task(PythonOperator): get_data> on 2022-11-02 05:40:00+00:00
[2022-12-04 10:47:39,079] {standard_task_runner.py:52} INFO - Started process 8617 to run task
[2022-12-04 10:47:39,107] {standard_task_runner.py:76} INFO - Running: ['***', 'tasks', 'run', 'dag1', 'get_data', 'scheduled__2022-11-02T05:40:00+00:00', '--job-id', '4076', '--raw', '--subdir', 'DAGS_FOLDER/AirflowClean2.py', '--cfg-path', '/tmp/tmplcwj3nl0', '--error-file', '/tmp/tmp7k1ilv10']
[2022-12-04 10:47:39,123] {standard_task_runner.py:77} INFO - Job 4076: Subtask get_data
[2022-12-04 10:47:39,451] {logging_mixin.py:109} INFO - Running <TaskInstance: dag1.get_data scheduled__2022-11-02T05:40:00+00:00 [running]> on host 9e44869ff3ef
[2022-12-04 10:47:39,929] {taskinstance.py:1426} INFO - Exporting the following env vars:
AIRFLOW_CTX_DAG_OWNER=Fadlil
AIRFLOW_CTX_DAG_ID=dag1
AIRFLOW_CTX_TASK_ID=get_data
AIRFLOW_CTX_EXECUTION_DATE=2022-11-02T05:40:00+00:00
AIRFLOW_CTX_DAG_RUN_ID=scheduled__2022-11-02T05:40:00+00:00
[2022-12-04 10:47:40,679] {python.py:175} INFO - Done. Returned value was: None
[2022-12-04 10:47:40,715] {taskinstance.py:1277} INFO - Marking task as SUCCESS. dag_id=dag1, task_id=get_data, execution_date=20221102T054000, start_date=20221204T104738, end_date=20221204T104740
[2022-12-04 10:47:40,854] {local_task_job.py:154} INFO - Task exited with return code 0
[2022-12-04 10:47:41,190] {local_task_job.py:264} INFO - 1 downstream tasks scheduled from follow-on schedule check
