[2022-12-04 10:39:38,626] {taskinstance.py:1032} INFO - Dependencies all met for <TaskInstance: dag1.local_to_gcs_task scheduled__2022-11-01T10:20:00+00:00 [queued]>
[2022-12-04 10:39:38,695] {taskinstance.py:1032} INFO - Dependencies all met for <TaskInstance: dag1.local_to_gcs_task scheduled__2022-11-01T10:20:00+00:00 [queued]>
[2022-12-04 10:39:38,701] {taskinstance.py:1238} INFO - 
--------------------------------------------------------------------------------
[2022-12-04 10:39:38,702] {taskinstance.py:1239} INFO - Starting attempt 1 of 2
[2022-12-04 10:39:38,707] {taskinstance.py:1240} INFO - 
--------------------------------------------------------------------------------
[2022-12-04 10:39:38,808] {taskinstance.py:1259} INFO - Executing <Task(PythonOperator): local_to_gcs_task> on 2022-11-01 10:20:00+00:00
[2022-12-04 10:39:38,859] {standard_task_runner.py:52} INFO - Started process 7051 to run task
[2022-12-04 10:39:38,879] {standard_task_runner.py:76} INFO - Running: ['***', 'tasks', 'run', 'dag1', 'local_to_gcs_task', 'scheduled__2022-11-01T10:20:00+00:00', '--job-id', '3631', '--raw', '--subdir', 'DAGS_FOLDER/AirflowClean2.py', '--cfg-path', '/tmp/tmpvjk8wz3m', '--error-file', '/tmp/tmpjhm0vrft']
[2022-12-04 10:39:38,883] {standard_task_runner.py:77} INFO - Job 3631: Subtask local_to_gcs_task
[2022-12-04 10:39:39,140] {logging_mixin.py:109} INFO - Running <TaskInstance: dag1.local_to_gcs_task scheduled__2022-11-01T10:20:00+00:00 [running]> on host 9e44869ff3ef
[2022-12-04 10:39:39,378] {taskinstance.py:1426} INFO - Exporting the following env vars:
AIRFLOW_CTX_DAG_OWNER=Fadlil
AIRFLOW_CTX_DAG_ID=dag1
AIRFLOW_CTX_TASK_ID=local_to_gcs_task
AIRFLOW_CTX_EXECUTION_DATE=2022-11-01T10:20:00+00:00
AIRFLOW_CTX_DAG_RUN_ID=scheduled__2022-11-01T10:20:00+00:00
[2022-12-04 10:39:40,084] {python.py:175} INFO - Done. Returned value was: None
[2022-12-04 10:39:40,124] {taskinstance.py:1277} INFO - Marking task as SUCCESS. dag_id=dag1, task_id=local_to_gcs_task, execution_date=20221101T102000, start_date=20221204T103938, end_date=20221204T103940
[2022-12-04 10:39:40,252] {local_task_job.py:154} INFO - Task exited with return code 0
[2022-12-04 10:39:40,805] {local_task_job.py:264} INFO - 0 downstream tasks scheduled from follow-on schedule check
