[2022-12-04 14:27:13,524] {taskinstance.py:1032} INFO - Dependencies all met for <TaskInstance: dag1.local_to_gcs_task scheduled__2022-11-08T09:40:00+00:00 [queued]>
[2022-12-04 14:27:13,568] {taskinstance.py:1032} INFO - Dependencies all met for <TaskInstance: dag1.local_to_gcs_task scheduled__2022-11-08T09:40:00+00:00 [queued]>
[2022-12-04 14:27:13,582] {taskinstance.py:1238} INFO - 
--------------------------------------------------------------------------------
[2022-12-04 14:27:13,584] {taskinstance.py:1239} INFO - Starting attempt 1 of 2
[2022-12-04 14:27:13,586] {taskinstance.py:1240} INFO - 
--------------------------------------------------------------------------------
[2022-12-04 14:27:13,630] {taskinstance.py:1259} INFO - Executing <Task(PythonOperator): local_to_gcs_task> on 2022-11-08 09:40:00+00:00
[2022-12-04 14:27:13,639] {standard_task_runner.py:52} INFO - Started process 9900 to run task
[2022-12-04 14:27:13,649] {standard_task_runner.py:76} INFO - Running: ['***', 'tasks', 'run', 'dag1', 'local_to_gcs_task', 'scheduled__2022-11-08T09:40:00+00:00', '--job-id', '8786', '--raw', '--subdir', 'DAGS_FOLDER/AirflowClean2.py', '--cfg-path', '/tmp/tmp0rh0wcv9', '--error-file', '/tmp/tmp3y_8xwve']
[2022-12-04 14:27:13,651] {standard_task_runner.py:77} INFO - Job 8786: Subtask local_to_gcs_task
[2022-12-04 14:27:13,851] {logging_mixin.py:109} INFO - Running <TaskInstance: dag1.local_to_gcs_task scheduled__2022-11-08T09:40:00+00:00 [running]> on host 7a020590adae
[2022-12-04 14:27:13,999] {taskinstance.py:1426} INFO - Exporting the following env vars:
AIRFLOW_CTX_DAG_OWNER=Fadlil
AIRFLOW_CTX_DAG_ID=dag1
AIRFLOW_CTX_TASK_ID=local_to_gcs_task
AIRFLOW_CTX_EXECUTION_DATE=2022-11-08T09:40:00+00:00
AIRFLOW_CTX_DAG_RUN_ID=scheduled__2022-11-08T09:40:00+00:00
[2022-12-04 14:27:14,731] {python.py:175} INFO - Done. Returned value was: None
[2022-12-04 14:27:14,746] {taskinstance.py:1277} INFO - Marking task as SUCCESS. dag_id=dag1, task_id=local_to_gcs_task, execution_date=20221108T094000, start_date=20221204T142713, end_date=20221204T142714
[2022-12-04 14:27:14,781] {local_task_job.py:154} INFO - Task exited with return code 0
[2022-12-04 14:27:14,828] {local_task_job.py:264} INFO - 1 downstream tasks scheduled from follow-on schedule check
