[2022-12-04 11:07:57,292] {taskinstance.py:1032} INFO - Dependencies all met for <TaskInstance: dag1.local_to_gcs_task scheduled__2022-11-04T10:00:00+00:00 [queued]>
[2022-12-04 11:07:57,416] {taskinstance.py:1032} INFO - Dependencies all met for <TaskInstance: dag1.local_to_gcs_task scheduled__2022-11-04T10:00:00+00:00 [queued]>
[2022-12-04 11:07:57,420] {taskinstance.py:1238} INFO - 
--------------------------------------------------------------------------------
[2022-12-04 11:07:57,421] {taskinstance.py:1239} INFO - Starting attempt 1 of 2
[2022-12-04 11:07:57,421] {taskinstance.py:1240} INFO - 
--------------------------------------------------------------------------------
[2022-12-04 11:07:57,582] {taskinstance.py:1259} INFO - Executing <Task(PythonOperator): local_to_gcs_task> on 2022-11-04 10:00:00+00:00
[2022-12-04 11:07:57,632] {standard_task_runner.py:52} INFO - Started process 13071 to run task
[2022-12-04 11:07:57,667] {standard_task_runner.py:76} INFO - Running: ['***', 'tasks', 'run', 'dag1', 'local_to_gcs_task', 'scheduled__2022-11-04T10:00:00+00:00', '--job-id', '5368', '--raw', '--subdir', 'DAGS_FOLDER/AirflowClean2.py', '--cfg-path', '/tmp/tmp768_bwuv', '--error-file', '/tmp/tmpsoal5m0k']
[2022-12-04 11:07:57,669] {standard_task_runner.py:77} INFO - Job 5368: Subtask local_to_gcs_task
[2022-12-04 11:07:57,902] {logging_mixin.py:109} INFO - Running <TaskInstance: dag1.local_to_gcs_task scheduled__2022-11-04T10:00:00+00:00 [running]> on host 9e44869ff3ef
[2022-12-04 11:07:58,203] {taskinstance.py:1426} INFO - Exporting the following env vars:
AIRFLOW_CTX_DAG_OWNER=Fadlil
AIRFLOW_CTX_DAG_ID=dag1
AIRFLOW_CTX_TASK_ID=local_to_gcs_task
AIRFLOW_CTX_EXECUTION_DATE=2022-11-04T10:00:00+00:00
AIRFLOW_CTX_DAG_RUN_ID=scheduled__2022-11-04T10:00:00+00:00
[2022-12-04 11:07:59,055] {python.py:175} INFO - Done. Returned value was: None
[2022-12-04 11:07:59,109] {taskinstance.py:1277} INFO - Marking task as SUCCESS. dag_id=dag1, task_id=local_to_gcs_task, execution_date=20221104T100000, start_date=20221204T110757, end_date=20221204T110759
[2022-12-04 11:07:59,277] {local_task_job.py:154} INFO - Task exited with return code 0
[2022-12-04 11:07:59,823] {local_task_job.py:264} INFO - 0 downstream tasks scheduled from follow-on schedule check
