[2022-12-04 10:55:49,270] {taskinstance.py:1032} INFO - Dependencies all met for <TaskInstance: dag1.save_to_csv scheduled__2022-11-03T03:30:00+00:00 [queued]>
[2022-12-04 10:55:49,955] {taskinstance.py:1032} INFO - Dependencies all met for <TaskInstance: dag1.save_to_csv scheduled__2022-11-03T03:30:00+00:00 [queued]>
[2022-12-04 10:55:49,955] {taskinstance.py:1238} INFO - 
--------------------------------------------------------------------------------
[2022-12-04 10:55:49,956] {taskinstance.py:1239} INFO - Starting attempt 1 of 2
[2022-12-04 10:55:49,959] {taskinstance.py:1240} INFO - 
--------------------------------------------------------------------------------
[2022-12-04 10:55:50,063] {taskinstance.py:1259} INFO - Executing <Task(PythonOperator): save_to_csv> on 2022-11-03 03:30:00+00:00
[2022-12-04 10:55:50,073] {standard_task_runner.py:52} INFO - Started process 10454 to run task
[2022-12-04 10:55:50,138] {standard_task_runner.py:76} INFO - Running: ['***', 'tasks', 'run', 'dag1', 'save_to_csv', 'scheduled__2022-11-03T03:30:00+00:00', '--job-id', '4607', '--raw', '--subdir', 'DAGS_FOLDER/AirflowClean2.py', '--cfg-path', '/tmp/tmpnsmt90bx', '--error-file', '/tmp/tmp873dpk0x']
[2022-12-04 10:55:50,163] {standard_task_runner.py:77} INFO - Job 4607: Subtask save_to_csv
[2022-12-04 10:55:50,439] {logging_mixin.py:109} INFO - Running <TaskInstance: dag1.save_to_csv scheduled__2022-11-03T03:30:00+00:00 [running]> on host 9e44869ff3ef
[2022-12-04 10:55:50,694] {taskinstance.py:1426} INFO - Exporting the following env vars:
AIRFLOW_CTX_DAG_OWNER=Fadlil
AIRFLOW_CTX_DAG_ID=dag1
AIRFLOW_CTX_TASK_ID=save_to_csv
AIRFLOW_CTX_EXECUTION_DATE=2022-11-03T03:30:00+00:00
AIRFLOW_CTX_DAG_RUN_ID=scheduled__2022-11-03T03:30:00+00:00
[2022-12-04 10:55:50,828] {python.py:175} INFO - Done. Returned value was: None
[2022-12-04 10:55:50,867] {taskinstance.py:1277} INFO - Marking task as SUCCESS. dag_id=dag1, task_id=save_to_csv, execution_date=20221103T033000, start_date=20221204T105549, end_date=20221204T105550
[2022-12-04 10:55:51,002] {local_task_job.py:154} INFO - Task exited with return code 0
[2022-12-04 10:55:51,211] {local_task_job.py:264} INFO - 1 downstream tasks scheduled from follow-on schedule check
