[2022-12-04 10:56:59,511] {taskinstance.py:1032} INFO - Dependencies all met for <TaskInstance: dag1.get_data scheduled__2022-11-03T07:00:00+00:00 [queued]>
[2022-12-04 10:56:59,630] {taskinstance.py:1032} INFO - Dependencies all met for <TaskInstance: dag1.get_data scheduled__2022-11-03T07:00:00+00:00 [queued]>
[2022-12-04 10:56:59,635] {taskinstance.py:1238} INFO - 
--------------------------------------------------------------------------------
[2022-12-04 10:56:59,640] {taskinstance.py:1239} INFO - Starting attempt 1 of 2
[2022-12-04 10:56:59,643] {taskinstance.py:1240} INFO - 
--------------------------------------------------------------------------------
[2022-12-04 10:56:59,794] {taskinstance.py:1259} INFO - Executing <Task(PythonOperator): get_data> on 2022-11-03 07:00:00+00:00
[2022-12-04 10:56:59,811] {standard_task_runner.py:76} INFO - Running: ['***', 'tasks', 'run', 'dag1', 'get_data', 'scheduled__2022-11-03T07:00:00+00:00', '--job-id', '4678', '--raw', '--subdir', 'DAGS_FOLDER/AirflowClean2.py', '--cfg-path', '/tmp/tmpfgpsaaka', '--error-file', '/tmp/tmp9x9t18i5']
[2022-12-04 10:56:59,813] {standard_task_runner.py:77} INFO - Job 4678: Subtask get_data
[2022-12-04 10:56:59,801] {standard_task_runner.py:52} INFO - Started process 10701 to run task
[2022-12-04 10:57:00,185] {logging_mixin.py:109} INFO - Running <TaskInstance: dag1.get_data scheduled__2022-11-03T07:00:00+00:00 [running]> on host 9e44869ff3ef
[2022-12-04 10:57:00,394] {taskinstance.py:1426} INFO - Exporting the following env vars:
AIRFLOW_CTX_DAG_OWNER=Fadlil
AIRFLOW_CTX_DAG_ID=dag1
AIRFLOW_CTX_TASK_ID=get_data
AIRFLOW_CTX_EXECUTION_DATE=2022-11-03T07:00:00+00:00
AIRFLOW_CTX_DAG_RUN_ID=scheduled__2022-11-03T07:00:00+00:00
[2022-12-04 10:57:01,302] {python.py:175} INFO - Done. Returned value was: None
[2022-12-04 10:57:02,323] {taskinstance.py:1277} INFO - Marking task as SUCCESS. dag_id=dag1, task_id=get_data, execution_date=20221103T070000, start_date=20221204T105659, end_date=20221204T105702
[2022-12-04 10:57:02,509] {local_task_job.py:154} INFO - Task exited with return code 0
[2022-12-04 10:57:02,881] {local_task_job.py:264} INFO - 1 downstream tasks scheduled from follow-on schedule check
