[2022-12-04 17:00:48,906] {taskinstance.py:1032} INFO - Dependencies all met for <TaskInstance: dag1.local_to_gcs_task scheduled__2022-11-09T18:10:00+00:00 [queued]>
[2022-12-04 17:00:48,924] {taskinstance.py:1032} INFO - Dependencies all met for <TaskInstance: dag1.local_to_gcs_task scheduled__2022-11-09T18:10:00+00:00 [queued]>
[2022-12-04 17:00:48,925] {taskinstance.py:1238} INFO - 
--------------------------------------------------------------------------------
[2022-12-04 17:00:48,926] {taskinstance.py:1239} INFO - Starting attempt 1 of 2
[2022-12-04 17:00:48,927] {taskinstance.py:1240} INFO - 
--------------------------------------------------------------------------------
[2022-12-04 17:00:48,956] {taskinstance.py:1259} INFO - Executing <Task(PythonOperator): local_to_gcs_task> on 2022-11-09 18:10:00+00:00
[2022-12-04 17:00:48,969] {standard_task_runner.py:52} INFO - Started process 15934 to run task
[2022-12-04 17:00:48,974] {standard_task_runner.py:76} INFO - Running: ['***', 'tasks', 'run', 'dag1', 'local_to_gcs_task', 'scheduled__2022-11-09T18:10:00+00:00', '--job-id', '10032', '--raw', '--subdir', 'DAGS_FOLDER/AirflowClean2.py', '--cfg-path', '/tmp/tmpfcw4f0wk', '--error-file', '/tmp/tmpyo60crtl']
[2022-12-04 17:00:48,975] {standard_task_runner.py:77} INFO - Job 10032: Subtask local_to_gcs_task
[2022-12-04 17:00:49,051] {logging_mixin.py:109} INFO - Running <TaskInstance: dag1.local_to_gcs_task scheduled__2022-11-09T18:10:00+00:00 [running]> on host 7a020590adae
[2022-12-04 17:00:49,122] {taskinstance.py:1426} INFO - Exporting the following env vars:
AIRFLOW_CTX_DAG_OWNER=Fadlil
AIRFLOW_CTX_DAG_ID=dag1
AIRFLOW_CTX_TASK_ID=local_to_gcs_task
AIRFLOW_CTX_EXECUTION_DATE=2022-11-09T18:10:00+00:00
AIRFLOW_CTX_DAG_RUN_ID=scheduled__2022-11-09T18:10:00+00:00
[2022-12-04 17:00:49,867] {python.py:175} INFO - Done. Returned value was: None
[2022-12-04 17:00:49,973] {taskinstance.py:1277} INFO - Marking task as SUCCESS. dag_id=dag1, task_id=local_to_gcs_task, execution_date=20221109T181000, start_date=20221204T170048, end_date=20221204T170049
[2022-12-04 17:00:50,037] {local_task_job.py:154} INFO - Task exited with return code 0
[2022-12-04 17:00:50,089] {local_task_job.py:264} INFO - 1 downstream tasks scheduled from follow-on schedule check
