[2022-12-04 10:37:19,714] {taskinstance.py:1032} INFO - Dependencies all met for <TaskInstance: dag1.local_to_gcs_task scheduled__2022-11-01T04:10:00+00:00 [queued]>
[2022-12-04 10:37:20,679] {taskinstance.py:1032} INFO - Dependencies all met for <TaskInstance: dag1.local_to_gcs_task scheduled__2022-11-01T04:10:00+00:00 [queued]>
[2022-12-04 10:37:20,681] {taskinstance.py:1238} INFO - 
--------------------------------------------------------------------------------
[2022-12-04 10:37:20,689] {taskinstance.py:1239} INFO - Starting attempt 1 of 2
[2022-12-04 10:37:20,693] {taskinstance.py:1240} INFO - 
--------------------------------------------------------------------------------
[2022-12-04 10:37:20,777] {taskinstance.py:1259} INFO - Executing <Task(PythonOperator): local_to_gcs_task> on 2022-11-01 04:10:00+00:00
[2022-12-04 10:37:20,799] {standard_task_runner.py:52} INFO - Started process 6593 to run task
[2022-12-04 10:37:20,837] {standard_task_runner.py:76} INFO - Running: ['***', 'tasks', 'run', 'dag1', 'local_to_gcs_task', 'scheduled__2022-11-01T04:10:00+00:00', '--job-id', '3496', '--raw', '--subdir', 'DAGS_FOLDER/AirflowClean2.py', '--cfg-path', '/tmp/tmp7brw_uzu', '--error-file', '/tmp/tmpvrl__im_']
[2022-12-04 10:37:20,878] {standard_task_runner.py:77} INFO - Job 3496: Subtask local_to_gcs_task
[2022-12-04 10:37:21,525] {logging_mixin.py:109} INFO - Running <TaskInstance: dag1.local_to_gcs_task scheduled__2022-11-01T04:10:00+00:00 [running]> on host 9e44869ff3ef
[2022-12-04 10:37:22,255] {taskinstance.py:1426} INFO - Exporting the following env vars:
AIRFLOW_CTX_DAG_OWNER=Fadlil
AIRFLOW_CTX_DAG_ID=dag1
AIRFLOW_CTX_TASK_ID=local_to_gcs_task
AIRFLOW_CTX_EXECUTION_DATE=2022-11-01T04:10:00+00:00
AIRFLOW_CTX_DAG_RUN_ID=scheduled__2022-11-01T04:10:00+00:00
[2022-12-04 10:37:23,058] {python.py:175} INFO - Done. Returned value was: None
[2022-12-04 10:37:23,638] {taskinstance.py:1277} INFO - Marking task as SUCCESS. dag_id=dag1, task_id=local_to_gcs_task, execution_date=20221101T041000, start_date=20221204T103719, end_date=20221204T103723
[2022-12-04 10:37:23,856] {local_task_job.py:154} INFO - Task exited with return code 0
[2022-12-04 10:37:24,081] {local_task_job.py:264} INFO - 0 downstream tasks scheduled from follow-on schedule check
