[2022-12-04 03:11:29,050] {taskinstance.py:1032} INFO - Dependencies all met for <TaskInstance: dag1.save_to_csv scheduled__2022-10-27T12:20:00+00:00 [queued]>
[2022-12-04 03:11:29,124] {taskinstance.py:1032} INFO - Dependencies all met for <TaskInstance: dag1.save_to_csv scheduled__2022-10-27T12:20:00+00:00 [queued]>
[2022-12-04 03:11:29,125] {taskinstance.py:1238} INFO - 
--------------------------------------------------------------------------------
[2022-12-04 03:11:29,125] {taskinstance.py:1239} INFO - Starting attempt 1 of 2
[2022-12-04 03:11:29,126] {taskinstance.py:1240} INFO - 
--------------------------------------------------------------------------------
[2022-12-04 03:11:29,163] {taskinstance.py:1259} INFO - Executing <Task(PythonOperator): save_to_csv> on 2022-10-27 12:20:00+00:00
[2022-12-04 03:11:29,170] {standard_task_runner.py:52} INFO - Started process 1847 to run task
[2022-12-04 03:11:29,186] {standard_task_runner.py:76} INFO - Running: ['***', 'tasks', 'run', 'dag1', 'save_to_csv', 'scheduled__2022-10-27T12:20:00+00:00', '--job-id', '895', '--raw', '--subdir', 'DAGS_FOLDER/AirflowClean2.py', '--cfg-path', '/tmp/tmposbfa_i1', '--error-file', '/tmp/tmpuvmkd10j']
[2022-12-04 03:11:29,197] {standard_task_runner.py:77} INFO - Job 895: Subtask save_to_csv
[2022-12-04 03:11:29,353] {logging_mixin.py:109} INFO - Running <TaskInstance: dag1.save_to_csv scheduled__2022-10-27T12:20:00+00:00 [running]> on host 422c372562ce
[2022-12-04 03:11:29,643] {taskinstance.py:1426} INFO - Exporting the following env vars:
AIRFLOW_CTX_DAG_OWNER=Fadlil
AIRFLOW_CTX_DAG_ID=dag1
AIRFLOW_CTX_TASK_ID=save_to_csv
AIRFLOW_CTX_EXECUTION_DATE=2022-10-27T12:20:00+00:00
AIRFLOW_CTX_DAG_RUN_ID=scheduled__2022-10-27T12:20:00+00:00
[2022-12-04 03:11:29,802] {python.py:175} INFO - Done. Returned value was: None
[2022-12-04 03:11:30,494] {taskinstance.py:1277} INFO - Marking task as SUCCESS. dag_id=dag1, task_id=save_to_csv, execution_date=20221027T122000, start_date=20221204T031129, end_date=20221204T031130
[2022-12-04 03:11:30,627] {local_task_job.py:154} INFO - Task exited with return code 0
[2022-12-04 03:11:30,703] {local_task_job.py:264} INFO - 1 downstream tasks scheduled from follow-on schedule check
