[2022-12-04 09:27:31,613] {taskinstance.py:1032} INFO - Dependencies all met for <TaskInstance: dag1.save_to_parquet scheduled__2022-10-29T23:00:00+00:00 [queued]>
[2022-12-04 09:27:31,679] {taskinstance.py:1032} INFO - Dependencies all met for <TaskInstance: dag1.save_to_parquet scheduled__2022-10-29T23:00:00+00:00 [queued]>
[2022-12-04 09:27:31,680] {taskinstance.py:1238} INFO - 
--------------------------------------------------------------------------------
[2022-12-04 09:27:31,680] {taskinstance.py:1239} INFO - Starting attempt 1 of 2
[2022-12-04 09:27:31,681] {taskinstance.py:1240} INFO - 
--------------------------------------------------------------------------------
[2022-12-04 09:27:31,724] {taskinstance.py:1259} INFO - Executing <Task(PythonOperator): save_to_parquet> on 2022-10-29 23:00:00+00:00
[2022-12-04 09:27:31,731] {standard_task_runner.py:52} INFO - Started process 618 to run task
[2022-12-04 09:27:31,768] {standard_task_runner.py:76} INFO - Running: ['***', 'tasks', 'run', 'dag1', 'save_to_parquet', 'scheduled__2022-10-29T23:00:00+00:00', '--job-id', '2316', '--raw', '--subdir', 'DAGS_FOLDER/AirflowClean2.py', '--cfg-path', '/tmp/tmpyvp1py9t', '--error-file', '/tmp/tmpgk19wcsk']
[2022-12-04 09:27:31,779] {standard_task_runner.py:77} INFO - Job 2316: Subtask save_to_parquet
[2022-12-04 09:27:31,968] {logging_mixin.py:109} INFO - Running <TaskInstance: dag1.save_to_parquet scheduled__2022-10-29T23:00:00+00:00 [running]> on host 9e44869ff3ef
[2022-12-04 09:27:32,264] {taskinstance.py:1426} INFO - Exporting the following env vars:
AIRFLOW_CTX_DAG_OWNER=Fadlil
AIRFLOW_CTX_DAG_ID=dag1
AIRFLOW_CTX_TASK_ID=save_to_parquet
AIRFLOW_CTX_EXECUTION_DATE=2022-10-29T23:00:00+00:00
AIRFLOW_CTX_DAG_RUN_ID=scheduled__2022-10-29T23:00:00+00:00
[2022-12-04 09:27:32,317] {python.py:175} INFO - Done. Returned value was: None
[2022-12-04 09:27:32,345] {taskinstance.py:1277} INFO - Marking task as SUCCESS. dag_id=dag1, task_id=save_to_parquet, execution_date=20221029T230000, start_date=20221204T092731, end_date=20221204T092732
[2022-12-04 09:27:32,430] {local_task_job.py:154} INFO - Task exited with return code 0
[2022-12-04 09:27:32,526] {local_task_job.py:264} INFO - 0 downstream tasks scheduled from follow-on schedule check
