[2022-12-04 11:31:26,193] {taskinstance.py:1032} INFO - Dependencies all met for <TaskInstance: dag1.get_data scheduled__2022-11-04T14:20:00+00:00 [queued]>
[2022-12-04 11:31:26,336] {taskinstance.py:1032} INFO - Dependencies all met for <TaskInstance: dag1.get_data scheduled__2022-11-04T14:20:00+00:00 [queued]>
[2022-12-04 11:31:26,354] {taskinstance.py:1238} INFO - 
--------------------------------------------------------------------------------
[2022-12-04 11:31:26,377] {taskinstance.py:1239} INFO - Starting attempt 1 of 2
[2022-12-04 11:31:26,379] {taskinstance.py:1240} INFO - 
--------------------------------------------------------------------------------
[2022-12-04 11:31:26,528] {taskinstance.py:1259} INFO - Executing <Task(PythonOperator): get_data> on 2022-11-04 14:20:00+00:00
[2022-12-04 11:31:26,549] {standard_task_runner.py:52} INFO - Started process 13335 to run task
[2022-12-04 11:31:26,587] {standard_task_runner.py:76} INFO - Running: ['***', 'tasks', 'run', 'dag1', 'get_data', 'scheduled__2022-11-04T14:20:00+00:00', '--job-id', '5441', '--raw', '--subdir', 'DAGS_FOLDER/AirflowClean2.py', '--cfg-path', '/tmp/tmpkrw58e8v', '--error-file', '/tmp/tmpso1w2knc']
[2022-12-04 11:31:26,593] {standard_task_runner.py:77} INFO - Job 5441: Subtask get_data
[2022-12-04 11:31:27,065] {logging_mixin.py:109} INFO - Running <TaskInstance: dag1.get_data scheduled__2022-11-04T14:20:00+00:00 [running]> on host 9e44869ff3ef
[2022-12-04 11:31:27,869] {taskinstance.py:1426} INFO - Exporting the following env vars:
AIRFLOW_CTX_DAG_OWNER=Fadlil
AIRFLOW_CTX_DAG_ID=dag1
AIRFLOW_CTX_TASK_ID=get_data
AIRFLOW_CTX_EXECUTION_DATE=2022-11-04T14:20:00+00:00
AIRFLOW_CTX_DAG_RUN_ID=scheduled__2022-11-04T14:20:00+00:00
[2022-12-04 11:31:29,134] {python.py:175} INFO - Done. Returned value was: None
[2022-12-04 11:31:29,177] {taskinstance.py:1277} INFO - Marking task as SUCCESS. dag_id=dag1, task_id=get_data, execution_date=20221104T142000, start_date=20221204T113126, end_date=20221204T113129
[2022-12-04 11:31:29,315] {local_task_job.py:154} INFO - Task exited with return code 0
[2022-12-04 11:31:29,712] {local_task_job.py:264} INFO - 1 downstream tasks scheduled from follow-on schedule check
