[2022-12-04 10:07:49,245] {taskinstance.py:1032} INFO - Dependencies all met for <TaskInstance: dag1.save_to_parquet scheduled__2022-10-31T06:50:00+00:00 [queued]>
[2022-12-04 10:07:49,291] {taskinstance.py:1032} INFO - Dependencies all met for <TaskInstance: dag1.save_to_parquet scheduled__2022-10-31T06:50:00+00:00 [queued]>
[2022-12-04 10:07:49,303] {taskinstance.py:1238} INFO - 
--------------------------------------------------------------------------------
[2022-12-04 10:07:49,306] {taskinstance.py:1239} INFO - Starting attempt 1 of 2
[2022-12-04 10:07:49,306] {taskinstance.py:1240} INFO - 
--------------------------------------------------------------------------------
[2022-12-04 10:07:49,383] {taskinstance.py:1259} INFO - Executing <Task(PythonOperator): save_to_parquet> on 2022-10-31 06:50:00+00:00
[2022-12-04 10:07:49,390] {standard_task_runner.py:52} INFO - Started process 3805 to run task
[2022-12-04 10:07:49,395] {standard_task_runner.py:76} INFO - Running: ['***', 'tasks', 'run', 'dag1', 'save_to_parquet', 'scheduled__2022-10-31T06:50:00+00:00', '--job-id', '2906', '--raw', '--subdir', 'DAGS_FOLDER/AirflowClean2.py', '--cfg-path', '/tmp/tmp0i7tz3mr', '--error-file', '/tmp/tmpb_yennin']
[2022-12-04 10:07:49,430] {standard_task_runner.py:77} INFO - Job 2906: Subtask save_to_parquet
[2022-12-04 10:07:49,813] {logging_mixin.py:109} INFO - Running <TaskInstance: dag1.save_to_parquet scheduled__2022-10-31T06:50:00+00:00 [running]> on host 9e44869ff3ef
[2022-12-04 10:07:50,206] {taskinstance.py:1426} INFO - Exporting the following env vars:
AIRFLOW_CTX_DAG_OWNER=Fadlil
AIRFLOW_CTX_DAG_ID=dag1
AIRFLOW_CTX_TASK_ID=save_to_parquet
AIRFLOW_CTX_EXECUTION_DATE=2022-10-31T06:50:00+00:00
AIRFLOW_CTX_DAG_RUN_ID=scheduled__2022-10-31T06:50:00+00:00
[2022-12-04 10:07:50,405] {python.py:175} INFO - Done. Returned value was: None
[2022-12-04 10:07:50,693] {taskinstance.py:1277} INFO - Marking task as SUCCESS. dag_id=dag1, task_id=save_to_parquet, execution_date=20221031T065000, start_date=20221204T100749, end_date=20221204T100750
[2022-12-04 10:07:50,840] {local_task_job.py:154} INFO - Task exited with return code 0
[2022-12-04 10:07:50,959] {local_task_job.py:264} INFO - 1 downstream tasks scheduled from follow-on schedule check
