[2022-12-04 03:52:15,215] {taskinstance.py:1032} INFO - Dependencies all met for <TaskInstance: dag1.save_to_csv scheduled__2022-10-27T20:10:00+00:00 [queued]>
[2022-12-04 03:52:15,310] {taskinstance.py:1032} INFO - Dependencies all met for <TaskInstance: dag1.save_to_csv scheduled__2022-10-27T20:10:00+00:00 [queued]>
[2022-12-04 03:52:15,313] {taskinstance.py:1238} INFO - 
--------------------------------------------------------------------------------
[2022-12-04 03:52:15,314] {taskinstance.py:1239} INFO - Starting attempt 1 of 2
[2022-12-04 03:52:15,314] {taskinstance.py:1240} INFO - 
--------------------------------------------------------------------------------
[2022-12-04 03:52:15,919] {taskinstance.py:1259} INFO - Executing <Task(PythonOperator): save_to_csv> on 2022-10-27 20:10:00+00:00
[2022-12-04 03:52:15,934] {standard_task_runner.py:52} INFO - Started process 3111 to run task
[2022-12-04 03:52:15,946] {standard_task_runner.py:76} INFO - Running: ['***', 'tasks', 'run', 'dag1', 'save_to_csv', 'scheduled__2022-10-27T20:10:00+00:00', '--job-id', '1089', '--raw', '--subdir', 'DAGS_FOLDER/AirflowClean2.py', '--cfg-path', '/tmp/tmp98e2_tok', '--error-file', '/tmp/tmpl335nd6k']
[2022-12-04 03:52:15,948] {standard_task_runner.py:77} INFO - Job 1089: Subtask save_to_csv
[2022-12-04 03:52:16,886] {logging_mixin.py:109} INFO - Running <TaskInstance: dag1.save_to_csv scheduled__2022-10-27T20:10:00+00:00 [running]> on host 422c372562ce
[2022-12-04 03:52:17,658] {taskinstance.py:1426} INFO - Exporting the following env vars:
AIRFLOW_CTX_DAG_OWNER=Fadlil
AIRFLOW_CTX_DAG_ID=dag1
AIRFLOW_CTX_TASK_ID=save_to_csv
AIRFLOW_CTX_EXECUTION_DATE=2022-10-27T20:10:00+00:00
AIRFLOW_CTX_DAG_RUN_ID=scheduled__2022-10-27T20:10:00+00:00
[2022-12-04 03:52:18,521] {python.py:175} INFO - Done. Returned value was: None
[2022-12-04 03:52:18,590] {taskinstance.py:1277} INFO - Marking task as SUCCESS. dag_id=dag1, task_id=save_to_csv, execution_date=20221027T201000, start_date=20221204T035215, end_date=20221204T035218
[2022-12-04 03:52:18,929] {local_task_job.py:154} INFO - Task exited with return code 0
[2022-12-04 03:52:19,809] {local_task_job.py:264} INFO - 1 downstream tasks scheduled from follow-on schedule check
