[2022-12-04 10:54:16,575] {taskinstance.py:1032} INFO - Dependencies all met for <TaskInstance: dag1.get_data scheduled__2022-11-02T23:20:00+00:00 [queued]>
[2022-12-04 10:54:16,662] {taskinstance.py:1032} INFO - Dependencies all met for <TaskInstance: dag1.get_data scheduled__2022-11-02T23:20:00+00:00 [queued]>
[2022-12-04 10:54:16,673] {taskinstance.py:1238} INFO - 
--------------------------------------------------------------------------------
[2022-12-04 10:54:16,674] {taskinstance.py:1239} INFO - Starting attempt 1 of 2
[2022-12-04 10:54:16,684] {taskinstance.py:1240} INFO - 
--------------------------------------------------------------------------------
[2022-12-04 10:54:16,799] {taskinstance.py:1259} INFO - Executing <Task(PythonOperator): get_data> on 2022-11-02 23:20:00+00:00
[2022-12-04 10:54:16,849] {standard_task_runner.py:52} INFO - Started process 10109 to run task
[2022-12-04 10:54:16,863] {standard_task_runner.py:76} INFO - Running: ['***', 'tasks', 'run', 'dag1', 'get_data', 'scheduled__2022-11-02T23:20:00+00:00', '--job-id', '4505', '--raw', '--subdir', 'DAGS_FOLDER/AirflowClean2.py', '--cfg-path', '/tmp/tmppuphpv37', '--error-file', '/tmp/tmpb5f02677']
[2022-12-04 10:54:16,897] {standard_task_runner.py:77} INFO - Job 4505: Subtask get_data
[2022-12-04 10:54:17,999] {logging_mixin.py:109} INFO - Running <TaskInstance: dag1.get_data scheduled__2022-11-02T23:20:00+00:00 [running]> on host 9e44869ff3ef
[2022-12-04 10:54:18,484] {taskinstance.py:1426} INFO - Exporting the following env vars:
AIRFLOW_CTX_DAG_OWNER=Fadlil
AIRFLOW_CTX_DAG_ID=dag1
AIRFLOW_CTX_TASK_ID=get_data
AIRFLOW_CTX_EXECUTION_DATE=2022-11-02T23:20:00+00:00
AIRFLOW_CTX_DAG_RUN_ID=scheduled__2022-11-02T23:20:00+00:00
[2022-12-04 10:54:19,372] {python.py:175} INFO - Done. Returned value was: None
[2022-12-04 10:54:19,525] {taskinstance.py:1277} INFO - Marking task as SUCCESS. dag_id=dag1, task_id=get_data, execution_date=20221102T232000, start_date=20221204T105416, end_date=20221204T105419
[2022-12-04 10:54:19,637] {local_task_job.py:154} INFO - Task exited with return code 0
[2022-12-04 10:54:20,677] {local_task_job.py:264} INFO - 0 downstream tasks scheduled from follow-on schedule check
