[2022-12-04 12:40:54,008] {taskinstance.py:1032} INFO - Dependencies all met for <TaskInstance: dag1.bigquery_external_table_task scheduled__2022-11-06T04:40:00+00:00 [queued]>
[2022-12-04 12:40:54,099] {taskinstance.py:1032} INFO - Dependencies all met for <TaskInstance: dag1.bigquery_external_table_task scheduled__2022-11-06T04:40:00+00:00 [queued]>
[2022-12-04 12:40:54,102] {taskinstance.py:1238} INFO - 
--------------------------------------------------------------------------------
[2022-12-04 12:40:54,103] {taskinstance.py:1239} INFO - Starting attempt 1 of 2
[2022-12-04 12:40:54,108] {taskinstance.py:1240} INFO - 
--------------------------------------------------------------------------------
[2022-12-04 12:40:54,189] {taskinstance.py:1259} INFO - Executing <Task(BigQueryCreateExternalTableOperator): bigquery_external_table_task> on 2022-11-06 04:40:00+00:00
[2022-12-04 12:40:54,211] {standard_task_runner.py:52} INFO - Started process 291 to run task
[2022-12-04 12:40:54,245] {standard_task_runner.py:76} INFO - Running: ['***', 'tasks', 'run', 'dag1', 'bigquery_external_table_task', 'scheduled__2022-11-06T04:40:00+00:00', '--job-id', '6762', '--raw', '--subdir', 'DAGS_FOLDER/AirflowClean2.py', '--cfg-path', '/tmp/tmprmj2m8c9', '--error-file', '/tmp/tmp0ic5npe9']
[2022-12-04 12:40:54,276] {standard_task_runner.py:77} INFO - Job 6762: Subtask bigquery_external_table_task
[2022-12-04 12:40:54,663] {logging_mixin.py:109} INFO - Running <TaskInstance: dag1.bigquery_external_table_task scheduled__2022-11-06T04:40:00+00:00 [running]> on host 7a020590adae
[2022-12-04 12:40:54,916] {taskinstance.py:1426} INFO - Exporting the following env vars:
AIRFLOW_CTX_DAG_OWNER=Fadlil
AIRFLOW_CTX_DAG_ID=dag1
AIRFLOW_CTX_TASK_ID=bigquery_external_table_task
AIRFLOW_CTX_EXECUTION_DATE=2022-11-06T04:40:00+00:00
AIRFLOW_CTX_DAG_RUN_ID=scheduled__2022-11-06T04:40:00+00:00
[2022-12-04 12:40:54,918] {crypto.py:82} WARNING - empty cryptography key - values will not be stored encrypted.
[2022-12-04 12:40:56,193] {taskinstance.py:1277} INFO - Marking task as SUCCESS. dag_id=dag1, task_id=bigquery_external_table_task, execution_date=20221106T044000, start_date=20221204T124054, end_date=20221204T124056
[2022-12-04 12:40:56,371] {local_task_job.py:154} INFO - Task exited with return code 0
[2022-12-04 12:40:57,514] {local_task_job.py:264} INFO - 0 downstream tasks scheduled from follow-on schedule check
