[2022-12-04 17:10:00,160] {taskinstance.py:1032} INFO - Dependencies all met for <TaskInstance: dag1.bigquery_external_table_task scheduled__2022-11-09T22:50:00+00:00 [queued]>
[2022-12-04 17:10:00,242] {taskinstance.py:1032} INFO - Dependencies all met for <TaskInstance: dag1.bigquery_external_table_task scheduled__2022-11-09T22:50:00+00:00 [queued]>
[2022-12-04 17:10:00,248] {taskinstance.py:1238} INFO - 
--------------------------------------------------------------------------------
[2022-12-04 17:10:00,250] {taskinstance.py:1239} INFO - Starting attempt 1 of 2
[2022-12-04 17:10:00,251] {taskinstance.py:1240} INFO - 
--------------------------------------------------------------------------------
[2022-12-04 17:10:00,358] {taskinstance.py:1259} INFO - Executing <Task(BigQueryCreateExternalTableOperator): bigquery_external_table_task> on 2022-11-09 22:50:00+00:00
[2022-12-04 17:10:00,365] {standard_task_runner.py:52} INFO - Started process 16861 to run task
[2022-12-04 17:10:00,405] {standard_task_runner.py:76} INFO - Running: ['***', 'tasks', 'run', 'dag1', 'bigquery_external_table_task', 'scheduled__2022-11-09T22:50:00+00:00', '--job-id', '10230', '--raw', '--subdir', 'DAGS_FOLDER/AirflowClean2.py', '--cfg-path', '/tmp/tmpp6im3kqq', '--error-file', '/tmp/tmp_ld86uzo']
[2022-12-04 17:10:00,410] {standard_task_runner.py:77} INFO - Job 10230: Subtask bigquery_external_table_task
[2022-12-04 17:10:00,812] {logging_mixin.py:109} INFO - Running <TaskInstance: dag1.bigquery_external_table_task scheduled__2022-11-09T22:50:00+00:00 [running]> on host 7a020590adae
[2022-12-04 17:10:01,377] {taskinstance.py:1426} INFO - Exporting the following env vars:
AIRFLOW_CTX_DAG_OWNER=Fadlil
AIRFLOW_CTX_DAG_ID=dag1
AIRFLOW_CTX_TASK_ID=bigquery_external_table_task
AIRFLOW_CTX_EXECUTION_DATE=2022-11-09T22:50:00+00:00
AIRFLOW_CTX_DAG_RUN_ID=scheduled__2022-11-09T22:50:00+00:00
[2022-12-04 17:10:01,383] {crypto.py:82} WARNING - empty cryptography key - values will not be stored encrypted.
[2022-12-04 17:10:03,515] {taskinstance.py:1277} INFO - Marking task as SUCCESS. dag_id=dag1, task_id=bigquery_external_table_task, execution_date=20221109T225000, start_date=20221204T171000, end_date=20221204T171003
[2022-12-04 17:10:03,704] {local_task_job.py:154} INFO - Task exited with return code 0
[2022-12-04 17:10:03,896] {local_task_job.py:264} INFO - 1 downstream tasks scheduled from follow-on schedule check
