[2022-12-04 14:10:37,898] {taskinstance.py:1032} INFO - Dependencies all met for <TaskInstance: dag1.get_data scheduled__2022-11-08T02:00:00+00:00 [queued]>
[2022-12-04 14:10:37,922] {taskinstance.py:1032} INFO - Dependencies all met for <TaskInstance: dag1.get_data scheduled__2022-11-08T02:00:00+00:00 [queued]>
[2022-12-04 14:10:37,923] {taskinstance.py:1238} INFO - 
--------------------------------------------------------------------------------
[2022-12-04 14:10:37,923] {taskinstance.py:1239} INFO - Starting attempt 1 of 2
[2022-12-04 14:10:37,924] {taskinstance.py:1240} INFO - 
--------------------------------------------------------------------------------
[2022-12-04 14:10:37,962] {taskinstance.py:1259} INFO - Executing <Task(PythonOperator): get_data> on 2022-11-08 02:00:00+00:00
[2022-12-04 14:10:37,972] {standard_task_runner.py:52} INFO - Started process 8448 to run task
[2022-12-04 14:10:37,978] {standard_task_runner.py:76} INFO - Running: ['***', 'tasks', 'run', 'dag1', 'get_data', 'scheduled__2022-11-08T02:00:00+00:00', '--job-id', '8487', '--raw', '--subdir', 'DAGS_FOLDER/AirflowClean2.py', '--cfg-path', '/tmp/tmpqf2r91al', '--error-file', '/tmp/tmpwnm77ti5']
[2022-12-04 14:10:37,979] {standard_task_runner.py:77} INFO - Job 8487: Subtask get_data
[2022-12-04 14:10:38,109] {logging_mixin.py:109} INFO - Running <TaskInstance: dag1.get_data scheduled__2022-11-08T02:00:00+00:00 [running]> on host 7a020590adae
[2022-12-04 14:10:38,242] {taskinstance.py:1426} INFO - Exporting the following env vars:
AIRFLOW_CTX_DAG_OWNER=Fadlil
AIRFLOW_CTX_DAG_ID=dag1
AIRFLOW_CTX_TASK_ID=get_data
AIRFLOW_CTX_EXECUTION_DATE=2022-11-08T02:00:00+00:00
AIRFLOW_CTX_DAG_RUN_ID=scheduled__2022-11-08T02:00:00+00:00
[2022-12-04 14:10:38,905] {python.py:175} INFO - Done. Returned value was: None
[2022-12-04 14:10:38,967] {taskinstance.py:1277} INFO - Marking task as SUCCESS. dag_id=dag1, task_id=get_data, execution_date=20221108T020000, start_date=20221204T141037, end_date=20221204T141038
[2022-12-04 14:10:39,047] {local_task_job.py:154} INFO - Task exited with return code 0
[2022-12-04 14:10:39,134] {local_task_job.py:264} INFO - 1 downstream tasks scheduled from follow-on schedule check
