[2022-12-04 10:32:44,344] {taskinstance.py:1032} INFO - Dependencies all met for <TaskInstance: dag1.get_data scheduled__2022-10-31T18:50:00+00:00 [queued]>
[2022-12-04 10:32:44,448] {taskinstance.py:1032} INFO - Dependencies all met for <TaskInstance: dag1.get_data scheduled__2022-10-31T18:50:00+00:00 [queued]>
[2022-12-04 10:32:44,452] {taskinstance.py:1238} INFO - 
--------------------------------------------------------------------------------
[2022-12-04 10:32:44,456] {taskinstance.py:1239} INFO - Starting attempt 1 of 2
[2022-12-04 10:32:44,462] {taskinstance.py:1240} INFO - 
--------------------------------------------------------------------------------
[2022-12-04 10:32:44,555] {taskinstance.py:1259} INFO - Executing <Task(PythonOperator): get_data> on 2022-10-31 18:50:00+00:00
[2022-12-04 10:32:44,570] {standard_task_runner.py:52} INFO - Started process 5664 to run task
[2022-12-04 10:32:44,599] {standard_task_runner.py:76} INFO - Running: ['***', 'tasks', 'run', 'dag1', 'get_data', 'scheduled__2022-10-31T18:50:00+00:00', '--job-id', '3233', '--raw', '--subdir', 'DAGS_FOLDER/AirflowClean2.py', '--cfg-path', '/tmp/tmp3wf5u8jt', '--error-file', '/tmp/tmpn5lcakt5']
[2022-12-04 10:32:44,673] {standard_task_runner.py:77} INFO - Job 3233: Subtask get_data
[2022-12-04 10:32:44,884] {logging_mixin.py:109} INFO - Running <TaskInstance: dag1.get_data scheduled__2022-10-31T18:50:00+00:00 [running]> on host 9e44869ff3ef
[2022-12-04 10:32:45,150] {taskinstance.py:1426} INFO - Exporting the following env vars:
AIRFLOW_CTX_DAG_OWNER=Fadlil
AIRFLOW_CTX_DAG_ID=dag1
AIRFLOW_CTX_TASK_ID=get_data
AIRFLOW_CTX_EXECUTION_DATE=2022-10-31T18:50:00+00:00
AIRFLOW_CTX_DAG_RUN_ID=scheduled__2022-10-31T18:50:00+00:00
[2022-12-04 10:32:46,031] {python.py:175} INFO - Done. Returned value was: None
[2022-12-04 10:32:46,076] {taskinstance.py:1277} INFO - Marking task as SUCCESS. dag_id=dag1, task_id=get_data, execution_date=20221031T185000, start_date=20221204T103244, end_date=20221204T103246
[2022-12-04 10:32:46,181] {local_task_job.py:154} INFO - Task exited with return code 0
[2022-12-04 10:32:46,325] {local_task_job.py:264} INFO - 1 downstream tasks scheduled from follow-on schedule check
