[2022-12-03 17:53:28,768] {taskinstance.py:1032} INFO - Dependencies all met for <TaskInstance: dag1.get_data scheduled__2022-10-26T17:30:00+00:00 [queued]>
[2022-12-03 17:53:28,916] {taskinstance.py:1032} INFO - Dependencies all met for <TaskInstance: dag1.get_data scheduled__2022-10-26T17:30:00+00:00 [queued]>
[2022-12-03 17:53:28,920] {taskinstance.py:1238} INFO - 
--------------------------------------------------------------------------------
[2022-12-03 17:53:28,925] {taskinstance.py:1239} INFO - Starting attempt 1 of 2
[2022-12-03 17:53:28,927] {taskinstance.py:1240} INFO - 
--------------------------------------------------------------------------------
[2022-12-03 17:53:29,243] {taskinstance.py:1259} INFO - Executing <Task(PythonOperator): get_data> on 2022-10-26 17:30:00+00:00
[2022-12-03 17:53:29,314] {standard_task_runner.py:52} INFO - Started process 1034 to run task
[2022-12-03 17:53:29,358] {standard_task_runner.py:76} INFO - Running: ['***', 'tasks', 'run', 'dag1', 'get_data', 'scheduled__2022-10-26T17:30:00+00:00', '--job-id', '397', '--raw', '--subdir', 'DAGS_FOLDER/AirflowClean2.py', '--cfg-path', '/tmp/tmp__8kc3y2', '--error-file', '/tmp/tmpectnc8k5']
[2022-12-03 17:53:29,374] {standard_task_runner.py:77} INFO - Job 397: Subtask get_data
[2022-12-03 17:53:30,063] {logging_mixin.py:109} INFO - Running <TaskInstance: dag1.get_data scheduled__2022-10-26T17:30:00+00:00 [running]> on host 422c372562ce
[2022-12-03 17:53:30,862] {taskinstance.py:1426} INFO - Exporting the following env vars:
AIRFLOW_CTX_DAG_OWNER=Fadlil
AIRFLOW_CTX_DAG_ID=dag1
AIRFLOW_CTX_TASK_ID=get_data
AIRFLOW_CTX_EXECUTION_DATE=2022-10-26T17:30:00+00:00
AIRFLOW_CTX_DAG_RUN_ID=scheduled__2022-10-26T17:30:00+00:00
[2022-12-03 17:53:31,697] {python.py:175} INFO - Done. Returned value was: None
[2022-12-03 17:53:32,124] {taskinstance.py:1277} INFO - Marking task as SUCCESS. dag_id=dag1, task_id=get_data, execution_date=20221026T173000, start_date=20221203T175328, end_date=20221203T175332
[2022-12-03 17:53:32,340] {local_task_job.py:154} INFO - Task exited with return code 0
[2022-12-03 17:53:33,751] {local_task_job.py:264} INFO - 0 downstream tasks scheduled from follow-on schedule check
