[2022-12-04 10:38:10,365] {taskinstance.py:1032} INFO - Dependencies all met for <TaskInstance: dag1.local_to_gcs_task scheduled__2022-11-01T06:40:00+00:00 [queued]>
[2022-12-04 10:38:10,474] {taskinstance.py:1032} INFO - Dependencies all met for <TaskInstance: dag1.local_to_gcs_task scheduled__2022-11-01T06:40:00+00:00 [queued]>
[2022-12-04 10:38:10,480] {taskinstance.py:1238} INFO - 
--------------------------------------------------------------------------------
[2022-12-04 10:38:10,483] {taskinstance.py:1239} INFO - Starting attempt 1 of 2
[2022-12-04 10:38:10,483] {taskinstance.py:1240} INFO - 
--------------------------------------------------------------------------------
[2022-12-04 10:38:10,550] {taskinstance.py:1259} INFO - Executing <Task(PythonOperator): local_to_gcs_task> on 2022-11-01 06:40:00+00:00
[2022-12-04 10:38:10,558] {standard_task_runner.py:52} INFO - Started process 6755 to run task
[2022-12-04 10:38:10,674] {standard_task_runner.py:76} INFO - Running: ['***', 'tasks', 'run', 'dag1', 'local_to_gcs_task', 'scheduled__2022-11-01T06:40:00+00:00', '--job-id', '3544', '--raw', '--subdir', 'DAGS_FOLDER/AirflowClean2.py', '--cfg-path', '/tmp/tmpk2d26w3c', '--error-file', '/tmp/tmppaeqo6zy']
[2022-12-04 10:38:10,707] {standard_task_runner.py:77} INFO - Job 3544: Subtask local_to_gcs_task
[2022-12-04 10:38:11,017] {logging_mixin.py:109} INFO - Running <TaskInstance: dag1.local_to_gcs_task scheduled__2022-11-01T06:40:00+00:00 [running]> on host 9e44869ff3ef
[2022-12-04 10:38:11,420] {taskinstance.py:1426} INFO - Exporting the following env vars:
AIRFLOW_CTX_DAG_OWNER=Fadlil
AIRFLOW_CTX_DAG_ID=dag1
AIRFLOW_CTX_TASK_ID=local_to_gcs_task
AIRFLOW_CTX_EXECUTION_DATE=2022-11-01T06:40:00+00:00
AIRFLOW_CTX_DAG_RUN_ID=scheduled__2022-11-01T06:40:00+00:00
[2022-12-04 10:38:14,185] {python.py:175} INFO - Done. Returned value was: None
[2022-12-04 10:38:14,262] {taskinstance.py:1277} INFO - Marking task as SUCCESS. dag_id=dag1, task_id=local_to_gcs_task, execution_date=20221101T064000, start_date=20221204T103810, end_date=20221204T103814
[2022-12-04 10:38:14,453] {local_task_job.py:154} INFO - Task exited with return code 0
[2022-12-04 10:38:15,342] {local_task_job.py:264} INFO - 0 downstream tasks scheduled from follow-on schedule check
