[2022-12-04 11:07:59,879] {taskinstance.py:1032} INFO - Dependencies all met for <TaskInstance: dag1.save_to_parquet scheduled__2022-11-04T11:00:00+00:00 [queued]>
[2022-12-04 11:07:59,944] {taskinstance.py:1032} INFO - Dependencies all met for <TaskInstance: dag1.save_to_parquet scheduled__2022-11-04T11:00:00+00:00 [queued]>
[2022-12-04 11:07:59,945] {taskinstance.py:1238} INFO - 
--------------------------------------------------------------------------------
[2022-12-04 11:07:59,946] {taskinstance.py:1239} INFO - Starting attempt 1 of 2
[2022-12-04 11:07:59,946] {taskinstance.py:1240} INFO - 
--------------------------------------------------------------------------------
[2022-12-04 11:08:00,059] {taskinstance.py:1259} INFO - Executing <Task(PythonOperator): save_to_parquet> on 2022-11-04 11:00:00+00:00
[2022-12-04 11:08:00,085] {standard_task_runner.py:76} INFO - Running: ['***', 'tasks', 'run', 'dag1', 'save_to_parquet', 'scheduled__2022-11-04T11:00:00+00:00', '--job-id', '5372', '--raw', '--subdir', 'DAGS_FOLDER/AirflowClean2.py', '--cfg-path', '/tmp/tmpbjjn1hkn', '--error-file', '/tmp/tmpwkbrkb4o']
[2022-12-04 11:08:00,087] {standard_task_runner.py:77} INFO - Job 5372: Subtask save_to_parquet
[2022-12-04 11:08:00,066] {standard_task_runner.py:52} INFO - Started process 13080 to run task
[2022-12-04 11:08:00,572] {logging_mixin.py:109} INFO - Running <TaskInstance: dag1.save_to_parquet scheduled__2022-11-04T11:00:00+00:00 [running]> on host 9e44869ff3ef
[2022-12-04 11:08:00,800] {taskinstance.py:1426} INFO - Exporting the following env vars:
AIRFLOW_CTX_DAG_OWNER=Fadlil
AIRFLOW_CTX_DAG_ID=dag1
AIRFLOW_CTX_TASK_ID=save_to_parquet
AIRFLOW_CTX_EXECUTION_DATE=2022-11-04T11:00:00+00:00
AIRFLOW_CTX_DAG_RUN_ID=scheduled__2022-11-04T11:00:00+00:00
[2022-12-04 11:08:00,864] {python.py:175} INFO - Done. Returned value was: None
[2022-12-04 11:08:00,887] {taskinstance.py:1277} INFO - Marking task as SUCCESS. dag_id=dag1, task_id=save_to_parquet, execution_date=20221104T110000, start_date=20221204T110759, end_date=20221204T110800
[2022-12-04 11:08:01,075] {local_task_job.py:154} INFO - Task exited with return code 0
[2022-12-04 11:08:01,542] {local_task_job.py:264} INFO - 0 downstream tasks scheduled from follow-on schedule check
