[2022-12-04 11:48:23,192] {taskinstance.py:1032} INFO - Dependencies all met for <TaskInstance: dag1.get_data scheduled__2022-11-05T05:00:00+00:00 [queued]>
[2022-12-04 11:48:23,280] {taskinstance.py:1032} INFO - Dependencies all met for <TaskInstance: dag1.get_data scheduled__2022-11-05T05:00:00+00:00 [queued]>
[2022-12-04 11:48:23,296] {taskinstance.py:1238} INFO - 
--------------------------------------------------------------------------------
[2022-12-04 11:48:23,361] {taskinstance.py:1239} INFO - Starting attempt 1 of 2
[2022-12-04 11:48:23,404] {taskinstance.py:1240} INFO - 
--------------------------------------------------------------------------------
[2022-12-04 11:48:23,670] {taskinstance.py:1259} INFO - Executing <Task(PythonOperator): get_data> on 2022-11-05 05:00:00+00:00
[2022-12-04 11:48:23,679] {standard_task_runner.py:52} INFO - Started process 15280 to run task
[2022-12-04 11:48:23,806] {standard_task_runner.py:76} INFO - Running: ['***', 'tasks', 'run', 'dag1', 'get_data', 'scheduled__2022-11-05T05:00:00+00:00', '--job-id', '5904', '--raw', '--subdir', 'DAGS_FOLDER/AirflowClean2.py', '--cfg-path', '/tmp/tmpdd58jg4m', '--error-file', '/tmp/tmpuo0yzs4b']
[2022-12-04 11:48:23,811] {standard_task_runner.py:77} INFO - Job 5904: Subtask get_data
[2022-12-04 11:48:24,188] {logging_mixin.py:109} INFO - Running <TaskInstance: dag1.get_data scheduled__2022-11-05T05:00:00+00:00 [running]> on host 9e44869ff3ef
[2022-12-04 11:48:24,442] {taskinstance.py:1426} INFO - Exporting the following env vars:
AIRFLOW_CTX_DAG_OWNER=Fadlil
AIRFLOW_CTX_DAG_ID=dag1
AIRFLOW_CTX_TASK_ID=get_data
AIRFLOW_CTX_EXECUTION_DATE=2022-11-05T05:00:00+00:00
AIRFLOW_CTX_DAG_RUN_ID=scheduled__2022-11-05T05:00:00+00:00
[2022-12-04 11:48:25,172] {python.py:175} INFO - Done. Returned value was: None
[2022-12-04 11:48:25,683] {taskinstance.py:1277} INFO - Marking task as SUCCESS. dag_id=dag1, task_id=get_data, execution_date=20221105T050000, start_date=20221204T114823, end_date=20221204T114825
[2022-12-04 11:48:25,851] {local_task_job.py:154} INFO - Task exited with return code 0
[2022-12-04 11:48:26,074] {local_task_job.py:264} INFO - 1 downstream tasks scheduled from follow-on schedule check
