[2022-12-04 12:25:15,982] {taskinstance.py:1032} INFO - Dependencies all met for <TaskInstance: dag1.save_to_csv scheduled__2022-11-06T00:10:00+00:00 [queued]>
[2022-12-04 12:25:16,014] {taskinstance.py:1032} INFO - Dependencies all met for <TaskInstance: dag1.save_to_csv scheduled__2022-11-06T00:10:00+00:00 [queued]>
[2022-12-04 12:25:16,015] {taskinstance.py:1238} INFO - 
--------------------------------------------------------------------------------
[2022-12-04 12:25:16,015] {taskinstance.py:1239} INFO - Starting attempt 1 of 2
[2022-12-04 12:25:16,016] {taskinstance.py:1240} INFO - 
--------------------------------------------------------------------------------
[2022-12-04 12:25:16,037] {taskinstance.py:1259} INFO - Executing <Task(PythonOperator): save_to_csv> on 2022-11-06 00:10:00+00:00
[2022-12-04 12:25:16,051] {standard_task_runner.py:76} INFO - Running: ['***', 'tasks', 'run', 'dag1', 'save_to_csv', 'scheduled__2022-11-06T00:10:00+00:00', '--job-id', '6583', '--raw', '--subdir', 'DAGS_FOLDER/AirflowClean2.py', '--cfg-path', '/tmp/tmpu0999fgp', '--error-file', '/tmp/tmp3r8wt0sl']
[2022-12-04 12:25:16,052] {standard_task_runner.py:77} INFO - Job 6583: Subtask save_to_csv
[2022-12-04 12:25:16,044] {standard_task_runner.py:52} INFO - Started process 18526 to run task
[2022-12-04 12:25:16,171] {logging_mixin.py:109} INFO - Running <TaskInstance: dag1.save_to_csv scheduled__2022-11-06T00:10:00+00:00 [running]> on host 9e44869ff3ef
[2022-12-04 12:25:16,254] {taskinstance.py:1426} INFO - Exporting the following env vars:
AIRFLOW_CTX_DAG_OWNER=Fadlil
AIRFLOW_CTX_DAG_ID=dag1
AIRFLOW_CTX_TASK_ID=save_to_csv
AIRFLOW_CTX_EXECUTION_DATE=2022-11-06T00:10:00+00:00
AIRFLOW_CTX_DAG_RUN_ID=scheduled__2022-11-06T00:10:00+00:00
[2022-12-04 12:25:16,368] {python.py:175} INFO - Done. Returned value was: None
[2022-12-04 12:25:16,413] {taskinstance.py:1277} INFO - Marking task as SUCCESS. dag_id=dag1, task_id=save_to_csv, execution_date=20221106T001000, start_date=20221204T122515, end_date=20221204T122516
[2022-12-04 12:25:16,493] {local_task_job.py:154} INFO - Task exited with return code 0
[2022-12-04 12:25:16,555] {local_task_job.py:264} INFO - 1 downstream tasks scheduled from follow-on schedule check
