[2022-12-04 10:55:45,944] {taskinstance.py:1032} INFO - Dependencies all met for <TaskInstance: dag1.local_to_gcs_task scheduled__2022-11-03T02:20:00+00:00 [queued]>
[2022-12-04 10:55:46,062] {taskinstance.py:1032} INFO - Dependencies all met for <TaskInstance: dag1.local_to_gcs_task scheduled__2022-11-03T02:20:00+00:00 [queued]>
[2022-12-04 10:55:46,091] {taskinstance.py:1238} INFO - 
--------------------------------------------------------------------------------
[2022-12-04 10:55:46,108] {taskinstance.py:1239} INFO - Starting attempt 1 of 2
[2022-12-04 10:55:46,113] {taskinstance.py:1240} INFO - 
--------------------------------------------------------------------------------
[2022-12-04 10:55:46,253] {taskinstance.py:1259} INFO - Executing <Task(PythonOperator): local_to_gcs_task> on 2022-11-03 02:20:00+00:00
[2022-12-04 10:55:46,274] {standard_task_runner.py:52} INFO - Started process 10444 to run task
[2022-12-04 10:55:46,388] {standard_task_runner.py:76} INFO - Running: ['***', 'tasks', 'run', 'dag1', 'local_to_gcs_task', 'scheduled__2022-11-03T02:20:00+00:00', '--job-id', '4602', '--raw', '--subdir', 'DAGS_FOLDER/AirflowClean2.py', '--cfg-path', '/tmp/tmps725o58j', '--error-file', '/tmp/tmpjh3tis0y']
[2022-12-04 10:55:46,401] {standard_task_runner.py:77} INFO - Job 4602: Subtask local_to_gcs_task
[2022-12-04 10:55:46,748] {logging_mixin.py:109} INFO - Running <TaskInstance: dag1.local_to_gcs_task scheduled__2022-11-03T02:20:00+00:00 [running]> on host 9e44869ff3ef
[2022-12-04 10:55:47,250] {taskinstance.py:1426} INFO - Exporting the following env vars:
AIRFLOW_CTX_DAG_OWNER=Fadlil
AIRFLOW_CTX_DAG_ID=dag1
AIRFLOW_CTX_TASK_ID=local_to_gcs_task
AIRFLOW_CTX_EXECUTION_DATE=2022-11-03T02:20:00+00:00
AIRFLOW_CTX_DAG_RUN_ID=scheduled__2022-11-03T02:20:00+00:00
[2022-12-04 10:55:48,149] {python.py:175} INFO - Done. Returned value was: None
[2022-12-04 10:55:48,278] {taskinstance.py:1277} INFO - Marking task as SUCCESS. dag_id=dag1, task_id=local_to_gcs_task, execution_date=20221103T022000, start_date=20221204T105545, end_date=20221204T105548
[2022-12-04 10:55:48,421] {local_task_job.py:154} INFO - Task exited with return code 0
[2022-12-04 10:55:49,311] {local_task_job.py:264} INFO - 0 downstream tasks scheduled from follow-on schedule check
