[2022-12-04 10:47:56,161] {taskinstance.py:1032} INFO - Dependencies all met for <TaskInstance: dag1.save_to_parquet scheduled__2022-11-02T06:00:00+00:00 [queued]>
[2022-12-04 10:47:56,885] {taskinstance.py:1032} INFO - Dependencies all met for <TaskInstance: dag1.save_to_parquet scheduled__2022-11-02T06:00:00+00:00 [queued]>
[2022-12-04 10:47:56,897] {taskinstance.py:1238} INFO - 
--------------------------------------------------------------------------------
[2022-12-04 10:47:56,913] {taskinstance.py:1239} INFO - Starting attempt 1 of 2
[2022-12-04 10:47:56,916] {taskinstance.py:1240} INFO - 
--------------------------------------------------------------------------------
[2022-12-04 10:47:57,025] {taskinstance.py:1259} INFO - Executing <Task(PythonOperator): save_to_parquet> on 2022-11-02 06:00:00+00:00
[2022-12-04 10:47:57,048] {standard_task_runner.py:52} INFO - Started process 8690 to run task
[2022-12-04 10:47:57,102] {standard_task_runner.py:76} INFO - Running: ['***', 'tasks', 'run', 'dag1', 'save_to_parquet', 'scheduled__2022-11-02T06:00:00+00:00', '--job-id', '4095', '--raw', '--subdir', 'DAGS_FOLDER/AirflowClean2.py', '--cfg-path', '/tmp/tmpvvgsbrzz', '--error-file', '/tmp/tmplp3qve6r']
[2022-12-04 10:47:57,159] {standard_task_runner.py:77} INFO - Job 4095: Subtask save_to_parquet
[2022-12-04 10:47:57,809] {logging_mixin.py:109} INFO - Running <TaskInstance: dag1.save_to_parquet scheduled__2022-11-02T06:00:00+00:00 [running]> on host 9e44869ff3ef
[2022-12-04 10:47:58,405] {taskinstance.py:1426} INFO - Exporting the following env vars:
AIRFLOW_CTX_DAG_OWNER=Fadlil
AIRFLOW_CTX_DAG_ID=dag1
AIRFLOW_CTX_TASK_ID=save_to_parquet
AIRFLOW_CTX_EXECUTION_DATE=2022-11-02T06:00:00+00:00
AIRFLOW_CTX_DAG_RUN_ID=scheduled__2022-11-02T06:00:00+00:00
[2022-12-04 10:47:58,701] {python.py:175} INFO - Done. Returned value was: None
[2022-12-04 10:47:58,792] {taskinstance.py:1277} INFO - Marking task as SUCCESS. dag_id=dag1, task_id=save_to_parquet, execution_date=20221102T060000, start_date=20221204T104756, end_date=20221204T104758
[2022-12-04 10:47:59,096] {local_task_job.py:154} INFO - Task exited with return code 0
[2022-12-04 10:47:59,492] {local_task_job.py:264} INFO - 1 downstream tasks scheduled from follow-on schedule check
