[2022-12-04 15:01:28,855] {taskinstance.py:1032} INFO - Dependencies all met for <TaskInstance: dag1.get_data scheduled__2022-11-09T02:20:00+00:00 [queued]>
[2022-12-04 15:01:28,868] {taskinstance.py:1032} INFO - Dependencies all met for <TaskInstance: dag1.get_data scheduled__2022-11-09T02:20:00+00:00 [queued]>
[2022-12-04 15:01:28,868] {taskinstance.py:1238} INFO - 
--------------------------------------------------------------------------------
[2022-12-04 15:01:28,869] {taskinstance.py:1239} INFO - Starting attempt 1 of 2
[2022-12-04 15:01:28,869] {taskinstance.py:1240} INFO - 
--------------------------------------------------------------------------------
[2022-12-04 15:01:28,889] {taskinstance.py:1259} INFO - Executing <Task(PythonOperator): get_data> on 2022-11-09 02:20:00+00:00
[2022-12-04 15:01:28,898] {standard_task_runner.py:52} INFO - Started process 12993 to run task
[2022-12-04 15:01:28,903] {standard_task_runner.py:76} INFO - Running: ['***', 'tasks', 'run', 'dag1', 'get_data', 'scheduled__2022-11-09T02:20:00+00:00', '--job-id', '9428', '--raw', '--subdir', 'DAGS_FOLDER/AirflowClean2.py', '--cfg-path', '/tmp/tmpdgxh3jah', '--error-file', '/tmp/tmp0elw4_um']
[2022-12-04 15:01:28,905] {standard_task_runner.py:77} INFO - Job 9428: Subtask get_data
[2022-12-04 15:01:29,058] {logging_mixin.py:109} INFO - Running <TaskInstance: dag1.get_data scheduled__2022-11-09T02:20:00+00:00 [running]> on host 7a020590adae
[2022-12-04 15:01:29,127] {taskinstance.py:1426} INFO - Exporting the following env vars:
AIRFLOW_CTX_DAG_OWNER=Fadlil
AIRFLOW_CTX_DAG_ID=dag1
AIRFLOW_CTX_TASK_ID=get_data
AIRFLOW_CTX_EXECUTION_DATE=2022-11-09T02:20:00+00:00
AIRFLOW_CTX_DAG_RUN_ID=scheduled__2022-11-09T02:20:00+00:00
[2022-12-04 15:01:29,859] {python.py:175} INFO - Done. Returned value was: None
[2022-12-04 15:01:30,039] {taskinstance.py:1277} INFO - Marking task as SUCCESS. dag_id=dag1, task_id=get_data, execution_date=20221109T022000, start_date=20221204T150128, end_date=20221204T150130
[2022-12-04 15:01:30,087] {local_task_job.py:154} INFO - Task exited with return code 0
[2022-12-04 15:01:30,179] {local_task_job.py:264} INFO - 1 downstream tasks scheduled from follow-on schedule check
