[2022-12-04 11:46:57,097] {taskinstance.py:1032} INFO - Dependencies all met for <TaskInstance: dag1.save_to_parquet scheduled__2022-11-05T02:50:00+00:00 [queued]>
[2022-12-04 11:46:57,173] {taskinstance.py:1032} INFO - Dependencies all met for <TaskInstance: dag1.save_to_parquet scheduled__2022-11-05T02:50:00+00:00 [queued]>
[2022-12-04 11:46:57,183] {taskinstance.py:1238} INFO - 
--------------------------------------------------------------------------------
[2022-12-04 11:46:57,188] {taskinstance.py:1239} INFO - Starting attempt 1 of 2
[2022-12-04 11:46:57,189] {taskinstance.py:1240} INFO - 
--------------------------------------------------------------------------------
[2022-12-04 11:46:57,271] {taskinstance.py:1259} INFO - Executing <Task(PythonOperator): save_to_parquet> on 2022-11-05 02:50:00+00:00
[2022-12-04 11:46:57,280] {standard_task_runner.py:52} INFO - Started process 15034 to run task
[2022-12-04 11:46:57,335] {standard_task_runner.py:76} INFO - Running: ['***', 'tasks', 'run', 'dag1', 'save_to_parquet', 'scheduled__2022-11-05T02:50:00+00:00', '--job-id', '5833', '--raw', '--subdir', 'DAGS_FOLDER/AirflowClean2.py', '--cfg-path', '/tmp/tmp7507wfel', '--error-file', '/tmp/tmp51f3cpfz']
[2022-12-04 11:46:57,345] {standard_task_runner.py:77} INFO - Job 5833: Subtask save_to_parquet
[2022-12-04 11:46:57,694] {logging_mixin.py:109} INFO - Running <TaskInstance: dag1.save_to_parquet scheduled__2022-11-05T02:50:00+00:00 [running]> on host 9e44869ff3ef
[2022-12-04 11:46:58,148] {taskinstance.py:1426} INFO - Exporting the following env vars:
AIRFLOW_CTX_DAG_OWNER=Fadlil
AIRFLOW_CTX_DAG_ID=dag1
AIRFLOW_CTX_TASK_ID=save_to_parquet
AIRFLOW_CTX_EXECUTION_DATE=2022-11-05T02:50:00+00:00
AIRFLOW_CTX_DAG_RUN_ID=scheduled__2022-11-05T02:50:00+00:00
[2022-12-04 11:46:58,517] {python.py:175} INFO - Done. Returned value was: None
[2022-12-04 11:46:59,005] {taskinstance.py:1277} INFO - Marking task as SUCCESS. dag_id=dag1, task_id=save_to_parquet, execution_date=20221105T025000, start_date=20221204T114657, end_date=20221204T114659
[2022-12-04 11:46:59,130] {local_task_job.py:154} INFO - Task exited with return code 0
[2022-12-04 11:46:59,316] {local_task_job.py:264} INFO - 1 downstream tasks scheduled from follow-on schedule check
