[2022-12-04 02:47:35,754] {taskinstance.py:1032} INFO - Dependencies all met for <TaskInstance: dag1.get_data scheduled__2022-10-26T23:40:00+00:00 [queued]>
[2022-12-04 02:47:36,120] {taskinstance.py:1032} INFO - Dependencies all met for <TaskInstance: dag1.get_data scheduled__2022-10-26T23:40:00+00:00 [queued]>
[2022-12-04 02:47:36,123] {taskinstance.py:1238} INFO - 
--------------------------------------------------------------------------------
[2022-12-04 02:47:36,136] {taskinstance.py:1239} INFO - Starting attempt 1 of 2
[2022-12-04 02:47:36,139] {taskinstance.py:1240} INFO - 
--------------------------------------------------------------------------------
[2022-12-04 02:47:36,713] {taskinstance.py:1259} INFO - Executing <Task(PythonOperator): get_data> on 2022-10-26 23:40:00+00:00
[2022-12-04 02:47:36,804] {standard_task_runner.py:52} INFO - Started process 152 to run task
[2022-12-04 02:47:36,819] {standard_task_runner.py:76} INFO - Running: ['***', 'tasks', 'run', 'dag1', 'get_data', 'scheduled__2022-10-26T23:40:00+00:00', '--job-id', '607', '--raw', '--subdir', 'DAGS_FOLDER/AirflowClean2.py', '--cfg-path', '/tmp/tmpw4q7a17j', '--error-file', '/tmp/tmp4bmenljf']
[2022-12-04 02:47:36,945] {standard_task_runner.py:77} INFO - Job 607: Subtask get_data
[2022-12-04 02:47:38,750] {logging_mixin.py:109} INFO - Running <TaskInstance: dag1.get_data scheduled__2022-10-26T23:40:00+00:00 [running]> on host 422c372562ce
[2022-12-04 02:47:40,847] {taskinstance.py:1426} INFO - Exporting the following env vars:
AIRFLOW_CTX_DAG_OWNER=Fadlil
AIRFLOW_CTX_DAG_ID=dag1
AIRFLOW_CTX_TASK_ID=get_data
AIRFLOW_CTX_EXECUTION_DATE=2022-10-26T23:40:00+00:00
AIRFLOW_CTX_DAG_RUN_ID=scheduled__2022-10-26T23:40:00+00:00
[2022-12-04 02:47:42,286] {python.py:175} INFO - Done. Returned value was: None
[2022-12-04 02:47:42,536] {taskinstance.py:1277} INFO - Marking task as SUCCESS. dag_id=dag1, task_id=get_data, execution_date=20221026T234000, start_date=20221204T024735, end_date=20221204T024742
[2022-12-04 02:47:43,627] {local_task_job.py:154} INFO - Task exited with return code 0
[2022-12-04 02:47:44,482] {local_task_job.py:264} INFO - 1 downstream tasks scheduled from follow-on schedule check
