[2022-12-04 11:44:24,036] {taskinstance.py:1032} INFO - Dependencies all met for <TaskInstance: dag1.get_data scheduled__2022-11-04T22:00:00+00:00 [queued]>
[2022-12-04 11:44:24,058] {taskinstance.py:1032} INFO - Dependencies all met for <TaskInstance: dag1.get_data scheduled__2022-11-04T22:00:00+00:00 [queued]>
[2022-12-04 11:44:24,059] {taskinstance.py:1238} INFO - 
--------------------------------------------------------------------------------
[2022-12-04 11:44:24,059] {taskinstance.py:1239} INFO - Starting attempt 1 of 2
[2022-12-04 11:44:24,059] {taskinstance.py:1240} INFO - 
--------------------------------------------------------------------------------
[2022-12-04 11:44:24,095] {taskinstance.py:1259} INFO - Executing <Task(PythonOperator): get_data> on 2022-11-04 22:00:00+00:00
[2022-12-04 11:44:24,109] {standard_task_runner.py:52} INFO - Started process 14537 to run task
[2022-12-04 11:44:24,120] {standard_task_runner.py:76} INFO - Running: ['***', 'tasks', 'run', 'dag1', 'get_data', 'scheduled__2022-11-04T22:00:00+00:00', '--job-id', '5695', '--raw', '--subdir', 'DAGS_FOLDER/AirflowClean2.py', '--cfg-path', '/tmp/tmp4387qfpb', '--error-file', '/tmp/tmpvf7hffzx']
[2022-12-04 11:44:24,123] {standard_task_runner.py:77} INFO - Job 5695: Subtask get_data
[2022-12-04 11:44:24,311] {logging_mixin.py:109} INFO - Running <TaskInstance: dag1.get_data scheduled__2022-11-04T22:00:00+00:00 [running]> on host 9e44869ff3ef
[2022-12-04 11:44:24,489] {taskinstance.py:1426} INFO - Exporting the following env vars:
AIRFLOW_CTX_DAG_OWNER=Fadlil
AIRFLOW_CTX_DAG_ID=dag1
AIRFLOW_CTX_TASK_ID=get_data
AIRFLOW_CTX_EXECUTION_DATE=2022-11-04T22:00:00+00:00
AIRFLOW_CTX_DAG_RUN_ID=scheduled__2022-11-04T22:00:00+00:00
[2022-12-04 11:44:25,288] {python.py:175} INFO - Done. Returned value was: None
[2022-12-04 11:44:25,868] {taskinstance.py:1277} INFO - Marking task as SUCCESS. dag_id=dag1, task_id=get_data, execution_date=20221104T220000, start_date=20221204T114424, end_date=20221204T114425
[2022-12-04 11:44:25,976] {local_task_job.py:154} INFO - Task exited with return code 0
[2022-12-04 11:44:26,072] {local_task_job.py:264} INFO - 1 downstream tasks scheduled from follow-on schedule check
