[2022-12-04 17:28:25,938] {taskinstance.py:1032} INFO - Dependencies all met for <TaskInstance: dag1.save_to_csv scheduled__2022-11-10T07:50:00+00:00 [queued]>
[2022-12-04 17:28:26,022] {taskinstance.py:1032} INFO - Dependencies all met for <TaskInstance: dag1.save_to_csv scheduled__2022-11-10T07:50:00+00:00 [queued]>
[2022-12-04 17:28:26,049] {taskinstance.py:1238} INFO - 
--------------------------------------------------------------------------------
[2022-12-04 17:28:26,058] {taskinstance.py:1239} INFO - Starting attempt 1 of 2
[2022-12-04 17:28:26,077] {taskinstance.py:1240} INFO - 
--------------------------------------------------------------------------------
[2022-12-04 17:28:26,199] {taskinstance.py:1259} INFO - Executing <Task(PythonOperator): save_to_csv> on 2022-11-10 07:50:00+00:00
[2022-12-04 17:28:26,249] {standard_task_runner.py:52} INFO - Started process 18448 to run task
[2022-12-04 17:28:26,301] {standard_task_runner.py:76} INFO - Running: ['***', 'tasks', 'run', 'dag1', 'save_to_csv', 'scheduled__2022-11-10T07:50:00+00:00', '--job-id', '10558', '--raw', '--subdir', 'DAGS_FOLDER/AirflowClean2.py', '--cfg-path', '/tmp/tmp5__e0qdx', '--error-file', '/tmp/tmpkchxpo9w']
[2022-12-04 17:28:26,311] {standard_task_runner.py:77} INFO - Job 10558: Subtask save_to_csv
[2022-12-04 17:28:26,733] {logging_mixin.py:109} INFO - Running <TaskInstance: dag1.save_to_csv scheduled__2022-11-10T07:50:00+00:00 [running]> on host 7a020590adae
[2022-12-04 17:28:27,292] {taskinstance.py:1426} INFO - Exporting the following env vars:
AIRFLOW_CTX_DAG_OWNER=Fadlil
AIRFLOW_CTX_DAG_ID=dag1
AIRFLOW_CTX_TASK_ID=save_to_csv
AIRFLOW_CTX_EXECUTION_DATE=2022-11-10T07:50:00+00:00
AIRFLOW_CTX_DAG_RUN_ID=scheduled__2022-11-10T07:50:00+00:00
[2022-12-04 17:28:27,582] {python.py:175} INFO - Done. Returned value was: None
[2022-12-04 17:28:28,002] {taskinstance.py:1277} INFO - Marking task as SUCCESS. dag_id=dag1, task_id=save_to_csv, execution_date=20221110T075000, start_date=20221204T172825, end_date=20221204T172828
[2022-12-04 17:28:28,129] {local_task_job.py:154} INFO - Task exited with return code 0
[2022-12-04 17:28:28,282] {local_task_job.py:264} INFO - 1 downstream tasks scheduled from follow-on schedule check
