[2022-12-04 11:50:57,614] {taskinstance.py:1032} INFO - Dependencies all met for <TaskInstance: dag1.bigquery_external_table_task scheduled__2022-11-05T07:00:00+00:00 [queued]>
[2022-12-04 11:50:57,793] {taskinstance.py:1032} INFO - Dependencies all met for <TaskInstance: dag1.bigquery_external_table_task scheduled__2022-11-05T07:00:00+00:00 [queued]>
[2022-12-04 11:50:57,794] {taskinstance.py:1238} INFO - 
--------------------------------------------------------------------------------
[2022-12-04 11:50:57,794] {taskinstance.py:1239} INFO - Starting attempt 1 of 2
[2022-12-04 11:50:57,795] {taskinstance.py:1240} INFO - 
--------------------------------------------------------------------------------
[2022-12-04 11:50:57,910] {taskinstance.py:1259} INFO - Executing <Task(BigQueryCreateExternalTableOperator): bigquery_external_table_task> on 2022-11-05 07:00:00+00:00
[2022-12-04 11:50:57,932] {standard_task_runner.py:76} INFO - Running: ['***', 'tasks', 'run', 'dag1', 'bigquery_external_table_task', 'scheduled__2022-11-05T07:00:00+00:00', '--job-id', '6002', '--raw', '--subdir', 'DAGS_FOLDER/AirflowClean2.py', '--cfg-path', '/tmp/tmp57yfzail', '--error-file', '/tmp/tmp8txj_l0e']
[2022-12-04 11:50:57,962] {standard_task_runner.py:77} INFO - Job 6002: Subtask bigquery_external_table_task
[2022-12-04 11:50:57,918] {standard_task_runner.py:52} INFO - Started process 15650 to run task
[2022-12-04 11:50:58,206] {logging_mixin.py:109} INFO - Running <TaskInstance: dag1.bigquery_external_table_task scheduled__2022-11-05T07:00:00+00:00 [running]> on host 9e44869ff3ef
[2022-12-04 11:50:58,941] {taskinstance.py:1426} INFO - Exporting the following env vars:
AIRFLOW_CTX_DAG_OWNER=Fadlil
AIRFLOW_CTX_DAG_ID=dag1
AIRFLOW_CTX_TASK_ID=bigquery_external_table_task
AIRFLOW_CTX_EXECUTION_DATE=2022-11-05T07:00:00+00:00
AIRFLOW_CTX_DAG_RUN_ID=scheduled__2022-11-05T07:00:00+00:00
[2022-12-04 11:50:58,944] {crypto.py:82} WARNING - empty cryptography key - values will not be stored encrypted.
[2022-12-04 11:51:00,493] {taskinstance.py:1277} INFO - Marking task as SUCCESS. dag_id=dag1, task_id=bigquery_external_table_task, execution_date=20221105T070000, start_date=20221204T115057, end_date=20221204T115100
[2022-12-04 11:51:00,742] {local_task_job.py:154} INFO - Task exited with return code 0
[2022-12-04 11:51:00,875] {local_task_job.py:264} INFO - 0 downstream tasks scheduled from follow-on schedule check
