[2022-12-04 11:00:23,609] {taskinstance.py:1032} INFO - Dependencies all met for <TaskInstance: dag1.get_data scheduled__2022-11-03T15:40:00+00:00 [queued]>
[2022-12-04 11:00:23,660] {taskinstance.py:1032} INFO - Dependencies all met for <TaskInstance: dag1.get_data scheduled__2022-11-03T15:40:00+00:00 [queued]>
[2022-12-04 11:00:23,661] {taskinstance.py:1238} INFO - 
--------------------------------------------------------------------------------
[2022-12-04 11:00:23,662] {taskinstance.py:1239} INFO - Starting attempt 1 of 2
[2022-12-04 11:00:23,663] {taskinstance.py:1240} INFO - 
--------------------------------------------------------------------------------
[2022-12-04 11:00:23,740] {taskinstance.py:1259} INFO - Executing <Task(PythonOperator): get_data> on 2022-11-03 15:40:00+00:00
[2022-12-04 11:00:23,753] {standard_task_runner.py:52} INFO - Started process 11443 to run task
[2022-12-04 11:00:23,770] {standard_task_runner.py:76} INFO - Running: ['***', 'tasks', 'run', 'dag1', 'get_data', 'scheduled__2022-11-03T15:40:00+00:00', '--job-id', '4895', '--raw', '--subdir', 'DAGS_FOLDER/AirflowClean2.py', '--cfg-path', '/tmp/tmpx5b2ti5g', '--error-file', '/tmp/tmp8tabfvuw']
[2022-12-04 11:00:23,781] {standard_task_runner.py:77} INFO - Job 4895: Subtask get_data
[2022-12-04 11:00:24,428] {logging_mixin.py:109} INFO - Running <TaskInstance: dag1.get_data scheduled__2022-11-03T15:40:00+00:00 [running]> on host 9e44869ff3ef
[2022-12-04 11:00:24,729] {taskinstance.py:1426} INFO - Exporting the following env vars:
AIRFLOW_CTX_DAG_OWNER=Fadlil
AIRFLOW_CTX_DAG_ID=dag1
AIRFLOW_CTX_TASK_ID=get_data
AIRFLOW_CTX_EXECUTION_DATE=2022-11-03T15:40:00+00:00
AIRFLOW_CTX_DAG_RUN_ID=scheduled__2022-11-03T15:40:00+00:00
[2022-12-04 11:00:25,488] {python.py:175} INFO - Done. Returned value was: None
[2022-12-04 11:00:25,520] {taskinstance.py:1277} INFO - Marking task as SUCCESS. dag_id=dag1, task_id=get_data, execution_date=20221103T154000, start_date=20221204T110023, end_date=20221204T110025
[2022-12-04 11:00:25,690] {local_task_job.py:154} INFO - Task exited with return code 0
[2022-12-04 11:00:27,944] {local_task_job.py:264} INFO - 0 downstream tasks scheduled from follow-on schedule check
