[2022-12-04 11:06:07,326] {taskinstance.py:1032} INFO - Dependencies all met for <TaskInstance: dag1.save_to_parquet scheduled__2022-11-04T05:50:00+00:00 [queued]>
[2022-12-04 11:06:07,374] {taskinstance.py:1032} INFO - Dependencies all met for <TaskInstance: dag1.save_to_parquet scheduled__2022-11-04T05:50:00+00:00 [queued]>
[2022-12-04 11:06:07,382] {taskinstance.py:1238} INFO - 
--------------------------------------------------------------------------------
[2022-12-04 11:06:07,383] {taskinstance.py:1239} INFO - Starting attempt 1 of 2
[2022-12-04 11:06:07,393] {taskinstance.py:1240} INFO - 
--------------------------------------------------------------------------------
[2022-12-04 11:06:07,580] {taskinstance.py:1259} INFO - Executing <Task(PythonOperator): save_to_parquet> on 2022-11-04 05:50:00+00:00
[2022-12-04 11:06:07,589] {standard_task_runner.py:52} INFO - Started process 12675 to run task
[2022-12-04 11:06:07,679] {standard_task_runner.py:76} INFO - Running: ['***', 'tasks', 'run', 'dag1', 'save_to_parquet', 'scheduled__2022-11-04T05:50:00+00:00', '--job-id', '5253', '--raw', '--subdir', 'DAGS_FOLDER/AirflowClean2.py', '--cfg-path', '/tmp/tmpp7zpufze', '--error-file', '/tmp/tmpri139xbx']
[2022-12-04 11:06:07,692] {standard_task_runner.py:77} INFO - Job 5253: Subtask save_to_parquet
[2022-12-04 11:06:08,171] {logging_mixin.py:109} INFO - Running <TaskInstance: dag1.save_to_parquet scheduled__2022-11-04T05:50:00+00:00 [running]> on host 9e44869ff3ef
[2022-12-04 11:06:08,499] {taskinstance.py:1426} INFO - Exporting the following env vars:
AIRFLOW_CTX_DAG_OWNER=Fadlil
AIRFLOW_CTX_DAG_ID=dag1
AIRFLOW_CTX_TASK_ID=save_to_parquet
AIRFLOW_CTX_EXECUTION_DATE=2022-11-04T05:50:00+00:00
AIRFLOW_CTX_DAG_RUN_ID=scheduled__2022-11-04T05:50:00+00:00
[2022-12-04 11:06:08,609] {python.py:175} INFO - Done. Returned value was: None
[2022-12-04 11:06:08,926] {taskinstance.py:1277} INFO - Marking task as SUCCESS. dag_id=dag1, task_id=save_to_parquet, execution_date=20221104T055000, start_date=20221204T110607, end_date=20221204T110608
[2022-12-04 11:06:09,164] {local_task_job.py:154} INFO - Task exited with return code 0
[2022-12-04 11:06:09,329] {local_task_job.py:264} INFO - 1 downstream tasks scheduled from follow-on schedule check
