[2022-12-04 09:59:04,326] {taskinstance.py:1032} INFO - Dependencies all met for <TaskInstance: dag1.save_to_parquet scheduled__2022-10-30T23:50:00+00:00 [queued]>
[2022-12-04 09:59:04,638] {taskinstance.py:1032} INFO - Dependencies all met for <TaskInstance: dag1.save_to_parquet scheduled__2022-10-30T23:50:00+00:00 [queued]>
[2022-12-04 09:59:04,656] {taskinstance.py:1238} INFO - 
--------------------------------------------------------------------------------
[2022-12-04 09:59:04,666] {taskinstance.py:1239} INFO - Starting attempt 1 of 2
[2022-12-04 09:59:04,669] {taskinstance.py:1240} INFO - 
--------------------------------------------------------------------------------
[2022-12-04 09:59:04,905] {taskinstance.py:1259} INFO - Executing <Task(PythonOperator): save_to_parquet> on 2022-10-30 23:50:00+00:00
[2022-12-04 09:59:04,945] {standard_task_runner.py:52} INFO - Started process 3092 to run task
[2022-12-04 09:59:05,041] {standard_task_runner.py:76} INFO - Running: ['***', 'tasks', 'run', 'dag1', 'save_to_parquet', 'scheduled__2022-10-30T23:50:00+00:00', '--job-id', '2767', '--raw', '--subdir', 'DAGS_FOLDER/AirflowClean2.py', '--cfg-path', '/tmp/tmpo2j0nsxx', '--error-file', '/tmp/tmpqafia033']
[2022-12-04 09:59:05,074] {standard_task_runner.py:77} INFO - Job 2767: Subtask save_to_parquet
[2022-12-04 09:59:05,716] {logging_mixin.py:109} INFO - Running <TaskInstance: dag1.save_to_parquet scheduled__2022-10-30T23:50:00+00:00 [running]> on host 9e44869ff3ef
[2022-12-04 09:59:06,620] {taskinstance.py:1426} INFO - Exporting the following env vars:
AIRFLOW_CTX_DAG_OWNER=Fadlil
AIRFLOW_CTX_DAG_ID=dag1
AIRFLOW_CTX_TASK_ID=save_to_parquet
AIRFLOW_CTX_EXECUTION_DATE=2022-10-30T23:50:00+00:00
AIRFLOW_CTX_DAG_RUN_ID=scheduled__2022-10-30T23:50:00+00:00
[2022-12-04 09:59:08,990] {python.py:175} INFO - Done. Returned value was: None
[2022-12-04 09:59:09,055] {taskinstance.py:1277} INFO - Marking task as SUCCESS. dag_id=dag1, task_id=save_to_parquet, execution_date=20221030T235000, start_date=20221204T095904, end_date=20221204T095909
[2022-12-04 09:59:09,282] {local_task_job.py:154} INFO - Task exited with return code 0
[2022-12-04 09:59:09,428] {local_task_job.py:264} INFO - 0 downstream tasks scheduled from follow-on schedule check
[2022-12-04 09:59:09,510] {dagrun.py:545} INFO - Marking run <DagRun dag1 @ 2022-10-30 23:50:00+00:00: scheduled__2022-10-30T23:50:00+00:00, externally triggered: False> successful
[2022-12-04 09:59:09,514] {dagrun.py:605} INFO - DagRun Finished: dag_id=dag1, execution_date=2022-10-30 23:50:00+00:00, run_id=scheduled__2022-10-30T23:50:00+00:00, run_start_date=2022-12-04 09:58:40.495899+00:00, run_end_date=2022-12-04 09:59:09.514256+00:00, run_duration=29.018357, state=success, external_trigger=False, run_type=scheduled, data_interval_start=2022-10-30 23:50:00+00:00, data_interval_end=2022-10-31 00:00:00+00:00, dag_hash=dcc10ff25aa2b772f0ff316f834ef601
