[2022-12-04 10:45:37,267] {taskinstance.py:1032} INFO - Dependencies all met for <TaskInstance: dag1.save_to_csv scheduled__2022-11-02T00:40:00+00:00 [queued]>
[2022-12-04 10:45:37,319] {taskinstance.py:1032} INFO - Dependencies all met for <TaskInstance: dag1.save_to_csv scheduled__2022-11-02T00:40:00+00:00 [queued]>
[2022-12-04 10:45:37,321] {taskinstance.py:1238} INFO - 
--------------------------------------------------------------------------------
[2022-12-04 10:45:37,323] {taskinstance.py:1239} INFO - Starting attempt 1 of 2
[2022-12-04 10:45:37,324] {taskinstance.py:1240} INFO - 
--------------------------------------------------------------------------------
[2022-12-04 10:45:37,381] {taskinstance.py:1259} INFO - Executing <Task(PythonOperator): save_to_csv> on 2022-11-02 00:40:00+00:00
[2022-12-04 10:45:37,389] {standard_task_runner.py:52} INFO - Started process 8224 to run task
[2022-12-04 10:45:37,399] {standard_task_runner.py:76} INFO - Running: ['***', 'tasks', 'run', 'dag1', 'save_to_csv', 'scheduled__2022-11-02T00:40:00+00:00', '--job-id', '3965', '--raw', '--subdir', 'DAGS_FOLDER/AirflowClean2.py', '--cfg-path', '/tmp/tmpc6i7zf7_', '--error-file', '/tmp/tmpfs48g6ig']
[2022-12-04 10:45:37,401] {standard_task_runner.py:77} INFO - Job 3965: Subtask save_to_csv
[2022-12-04 10:45:38,216] {logging_mixin.py:109} INFO - Running <TaskInstance: dag1.save_to_csv scheduled__2022-11-02T00:40:00+00:00 [running]> on host 9e44869ff3ef
[2022-12-04 10:45:38,670] {taskinstance.py:1426} INFO - Exporting the following env vars:
AIRFLOW_CTX_DAG_OWNER=Fadlil
AIRFLOW_CTX_DAG_ID=dag1
AIRFLOW_CTX_TASK_ID=save_to_csv
AIRFLOW_CTX_EXECUTION_DATE=2022-11-02T00:40:00+00:00
AIRFLOW_CTX_DAG_RUN_ID=scheduled__2022-11-02T00:40:00+00:00
[2022-12-04 10:45:38,837] {python.py:175} INFO - Done. Returned value was: None
[2022-12-04 10:45:38,914] {taskinstance.py:1277} INFO - Marking task as SUCCESS. dag_id=dag1, task_id=save_to_csv, execution_date=20221102T004000, start_date=20221204T104537, end_date=20221204T104538
[2022-12-04 10:45:39,133] {local_task_job.py:154} INFO - Task exited with return code 0
[2022-12-04 10:45:40,755] {local_task_job.py:264} INFO - 0 downstream tasks scheduled from follow-on schedule check
