[2022-12-04 09:52:46,380] {taskinstance.py:1032} INFO - Dependencies all met for <TaskInstance: dag1.save_to_parquet scheduled__2022-10-30T11:30:00+00:00 [queued]>
[2022-12-04 09:52:46,517] {taskinstance.py:1032} INFO - Dependencies all met for <TaskInstance: dag1.save_to_parquet scheduled__2022-10-30T11:30:00+00:00 [queued]>
[2022-12-04 09:52:46,523] {taskinstance.py:1238} INFO - 
--------------------------------------------------------------------------------
[2022-12-04 09:52:46,524] {taskinstance.py:1239} INFO - Starting attempt 1 of 2
[2022-12-04 09:52:46,524] {taskinstance.py:1240} INFO - 
--------------------------------------------------------------------------------
[2022-12-04 09:52:46,619] {taskinstance.py:1259} INFO - Executing <Task(PythonOperator): save_to_parquet> on 2022-10-30 11:30:00+00:00
[2022-12-04 09:52:46,629] {standard_task_runner.py:52} INFO - Started process 2250 to run task
[2022-12-04 09:52:46,650] {standard_task_runner.py:76} INFO - Running: ['***', 'tasks', 'run', 'dag1', 'save_to_parquet', 'scheduled__2022-10-30T11:30:00+00:00', '--job-id', '2550', '--raw', '--subdir', 'DAGS_FOLDER/AirflowClean2.py', '--cfg-path', '/tmp/tmpuqmvh86e', '--error-file', '/tmp/tmp1bsxgqho']
[2022-12-04 09:52:46,656] {standard_task_runner.py:77} INFO - Job 2550: Subtask save_to_parquet
[2022-12-04 09:52:47,047] {logging_mixin.py:109} INFO - Running <TaskInstance: dag1.save_to_parquet scheduled__2022-10-30T11:30:00+00:00 [running]> on host 9e44869ff3ef
[2022-12-04 09:52:47,803] {taskinstance.py:1426} INFO - Exporting the following env vars:
AIRFLOW_CTX_DAG_OWNER=Fadlil
AIRFLOW_CTX_DAG_ID=dag1
AIRFLOW_CTX_TASK_ID=save_to_parquet
AIRFLOW_CTX_EXECUTION_DATE=2022-10-30T11:30:00+00:00
AIRFLOW_CTX_DAG_RUN_ID=scheduled__2022-10-30T11:30:00+00:00
[2022-12-04 09:52:48,426] {python.py:175} INFO - Done. Returned value was: None
[2022-12-04 09:52:48,504] {taskinstance.py:1277} INFO - Marking task as SUCCESS. dag_id=dag1, task_id=save_to_parquet, execution_date=20221030T113000, start_date=20221204T095246, end_date=20221204T095248
[2022-12-04 09:52:48,665] {local_task_job.py:154} INFO - Task exited with return code 0
[2022-12-04 09:52:48,827] {local_task_job.py:264} INFO - 0 downstream tasks scheduled from follow-on schedule check
