[2022-12-04 11:50:19,691] {taskinstance.py:1032} INFO - Dependencies all met for <TaskInstance: dag1.save_to_csv scheduled__2022-11-05T08:20:00+00:00 [queued]>
[2022-12-04 11:50:19,926] {taskinstance.py:1032} INFO - Dependencies all met for <TaskInstance: dag1.save_to_csv scheduled__2022-11-05T08:20:00+00:00 [queued]>
[2022-12-04 11:50:19,943] {taskinstance.py:1238} INFO - 
--------------------------------------------------------------------------------
[2022-12-04 11:50:19,944] {taskinstance.py:1239} INFO - Starting attempt 1 of 2
[2022-12-04 11:50:19,944] {taskinstance.py:1240} INFO - 
--------------------------------------------------------------------------------
[2022-12-04 11:50:20,342] {taskinstance.py:1259} INFO - Executing <Task(PythonOperator): save_to_csv> on 2022-11-05 08:20:00+00:00
[2022-12-04 11:50:20,511] {standard_task_runner.py:76} INFO - Running: ['***', 'tasks', 'run', 'dag1', 'save_to_csv', 'scheduled__2022-11-05T08:20:00+00:00', '--job-id', '5985', '--raw', '--subdir', 'DAGS_FOLDER/AirflowClean2.py', '--cfg-path', '/tmp/tmp9lgy8l33', '--error-file', '/tmp/tmpv4d37wgv']
[2022-12-04 11:50:20,533] {standard_task_runner.py:77} INFO - Job 5985: Subtask save_to_csv
[2022-12-04 11:50:20,434] {standard_task_runner.py:52} INFO - Started process 15575 to run task
[2022-12-04 11:50:22,457] {logging_mixin.py:109} INFO - Running <TaskInstance: dag1.save_to_csv scheduled__2022-11-05T08:20:00+00:00 [running]> on host 9e44869ff3ef
[2022-12-04 11:50:23,712] {taskinstance.py:1426} INFO - Exporting the following env vars:
AIRFLOW_CTX_DAG_OWNER=Fadlil
AIRFLOW_CTX_DAG_ID=dag1
AIRFLOW_CTX_TASK_ID=save_to_csv
AIRFLOW_CTX_EXECUTION_DATE=2022-11-05T08:20:00+00:00
AIRFLOW_CTX_DAG_RUN_ID=scheduled__2022-11-05T08:20:00+00:00
[2022-12-04 11:50:24,755] {python.py:175} INFO - Done. Returned value was: None
[2022-12-04 11:50:25,842] {taskinstance.py:1277} INFO - Marking task as SUCCESS. dag_id=dag1, task_id=save_to_csv, execution_date=20221105T082000, start_date=20221204T115019, end_date=20221204T115025
[2022-12-04 11:50:26,332] {local_task_job.py:154} INFO - Task exited with return code 0
[2022-12-04 11:50:27,118] {local_task_job.py:264} INFO - 1 downstream tasks scheduled from follow-on schedule check
