[2022-12-04 13:21:07,012] {taskinstance.py:1032} INFO - Dependencies all met for <TaskInstance: dag1.save_to_csv scheduled__2022-11-07T00:20:00+00:00 [queued]>
[2022-12-04 13:21:07,038] {taskinstance.py:1032} INFO - Dependencies all met for <TaskInstance: dag1.save_to_csv scheduled__2022-11-07T00:20:00+00:00 [queued]>
[2022-12-04 13:21:07,039] {taskinstance.py:1238} INFO - 
--------------------------------------------------------------------------------
[2022-12-04 13:21:07,039] {taskinstance.py:1239} INFO - Starting attempt 1 of 2
[2022-12-04 13:21:07,040] {taskinstance.py:1240} INFO - 
--------------------------------------------------------------------------------
[2022-12-04 13:21:07,071] {taskinstance.py:1259} INFO - Executing <Task(PythonOperator): save_to_csv> on 2022-11-07 00:20:00+00:00
[2022-12-04 13:21:07,079] {standard_task_runner.py:52} INFO - Started process 3853 to run task
[2022-12-04 13:21:07,084] {standard_task_runner.py:76} INFO - Running: ['***', 'tasks', 'run', 'dag1', 'save_to_csv', 'scheduled__2022-11-07T00:20:00+00:00', '--job-id', '7510', '--raw', '--subdir', 'DAGS_FOLDER/AirflowClean2.py', '--cfg-path', '/tmp/tmp821613_u', '--error-file', '/tmp/tmp3nyjl6k5']
[2022-12-04 13:21:07,086] {standard_task_runner.py:77} INFO - Job 7510: Subtask save_to_csv
[2022-12-04 13:21:07,203] {logging_mixin.py:109} INFO - Running <TaskInstance: dag1.save_to_csv scheduled__2022-11-07T00:20:00+00:00 [running]> on host 7a020590adae
[2022-12-04 13:21:07,280] {taskinstance.py:1426} INFO - Exporting the following env vars:
AIRFLOW_CTX_DAG_OWNER=Fadlil
AIRFLOW_CTX_DAG_ID=dag1
AIRFLOW_CTX_TASK_ID=save_to_csv
AIRFLOW_CTX_EXECUTION_DATE=2022-11-07T00:20:00+00:00
AIRFLOW_CTX_DAG_RUN_ID=scheduled__2022-11-07T00:20:00+00:00
[2022-12-04 13:21:07,320] {python.py:175} INFO - Done. Returned value was: None
[2022-12-04 13:21:07,335] {taskinstance.py:1277} INFO - Marking task as SUCCESS. dag_id=dag1, task_id=save_to_csv, execution_date=20221107T002000, start_date=20221204T132107, end_date=20221204T132107
[2022-12-04 13:21:07,382] {local_task_job.py:154} INFO - Task exited with return code 0
[2022-12-04 13:21:07,437] {local_task_job.py:264} INFO - 1 downstream tasks scheduled from follow-on schedule check
