[2022-12-04 14:23:58,457] {taskinstance.py:1032} INFO - Dependencies all met for <TaskInstance: dag1.save_to_parquet scheduled__2022-11-08T08:00:00+00:00 [queued]>
[2022-12-04 14:23:58,477] {taskinstance.py:1032} INFO - Dependencies all met for <TaskInstance: dag1.save_to_parquet scheduled__2022-11-08T08:00:00+00:00 [queued]>
[2022-12-04 14:23:58,477] {taskinstance.py:1238} INFO - 
--------------------------------------------------------------------------------
[2022-12-04 14:23:58,478] {taskinstance.py:1239} INFO - Starting attempt 1 of 2
[2022-12-04 14:23:58,478] {taskinstance.py:1240} INFO - 
--------------------------------------------------------------------------------
[2022-12-04 14:23:58,492] {taskinstance.py:1259} INFO - Executing <Task(PythonOperator): save_to_parquet> on 2022-11-08 08:00:00+00:00
[2022-12-04 14:23:58,498] {standard_task_runner.py:52} INFO - Started process 9575 to run task
[2022-12-04 14:23:58,502] {standard_task_runner.py:76} INFO - Running: ['***', 'tasks', 'run', 'dag1', 'save_to_parquet', 'scheduled__2022-11-08T08:00:00+00:00', '--job-id', '8719', '--raw', '--subdir', 'DAGS_FOLDER/AirflowClean2.py', '--cfg-path', '/tmp/tmpw3fl0_8t', '--error-file', '/tmp/tmp7y93ejpy']
[2022-12-04 14:23:58,503] {standard_task_runner.py:77} INFO - Job 8719: Subtask save_to_parquet
[2022-12-04 14:23:58,568] {logging_mixin.py:109} INFO - Running <TaskInstance: dag1.save_to_parquet scheduled__2022-11-08T08:00:00+00:00 [running]> on host 7a020590adae
[2022-12-04 14:23:58,639] {taskinstance.py:1426} INFO - Exporting the following env vars:
AIRFLOW_CTX_DAG_OWNER=Fadlil
AIRFLOW_CTX_DAG_ID=dag1
AIRFLOW_CTX_TASK_ID=save_to_parquet
AIRFLOW_CTX_EXECUTION_DATE=2022-11-08T08:00:00+00:00
AIRFLOW_CTX_DAG_RUN_ID=scheduled__2022-11-08T08:00:00+00:00
[2022-12-04 14:23:58,676] {python.py:175} INFO - Done. Returned value was: None
[2022-12-04 14:23:58,691] {taskinstance.py:1277} INFO - Marking task as SUCCESS. dag_id=dag1, task_id=save_to_parquet, execution_date=20221108T080000, start_date=20221204T142358, end_date=20221204T142358
[2022-12-04 14:23:58,754] {local_task_job.py:154} INFO - Task exited with return code 0
[2022-12-04 14:23:58,803] {local_task_job.py:264} INFO - 1 downstream tasks scheduled from follow-on schedule check
