[2022-12-04 10:43:10,863] {taskinstance.py:1032} INFO - Dependencies all met for <TaskInstance: dag1.save_to_csv scheduled__2022-11-01T19:10:00+00:00 [queued]>
[2022-12-04 10:43:11,564] {taskinstance.py:1032} INFO - Dependencies all met for <TaskInstance: dag1.save_to_csv scheduled__2022-11-01T19:10:00+00:00 [queued]>
[2022-12-04 10:43:11,565] {taskinstance.py:1238} INFO - 
--------------------------------------------------------------------------------
[2022-12-04 10:43:11,565] {taskinstance.py:1239} INFO - Starting attempt 1 of 2
[2022-12-04 10:43:11,566] {taskinstance.py:1240} INFO - 
--------------------------------------------------------------------------------
[2022-12-04 10:43:11,677] {taskinstance.py:1259} INFO - Executing <Task(PythonOperator): save_to_csv> on 2022-11-01 19:10:00+00:00
[2022-12-04 10:43:11,695] {standard_task_runner.py:52} INFO - Started process 7740 to run task
[2022-12-04 10:43:11,732] {standard_task_runner.py:76} INFO - Running: ['***', 'tasks', 'run', 'dag1', 'save_to_csv', 'scheduled__2022-11-01T19:10:00+00:00', '--job-id', '3826', '--raw', '--subdir', 'DAGS_FOLDER/AirflowClean2.py', '--cfg-path', '/tmp/tmpjdhfpx7o', '--error-file', '/tmp/tmp5wajoi0s']
[2022-12-04 10:43:11,742] {standard_task_runner.py:77} INFO - Job 3826: Subtask save_to_csv
[2022-12-04 10:43:12,088] {logging_mixin.py:109} INFO - Running <TaskInstance: dag1.save_to_csv scheduled__2022-11-01T19:10:00+00:00 [running]> on host 9e44869ff3ef
[2022-12-04 10:43:12,396] {taskinstance.py:1426} INFO - Exporting the following env vars:
AIRFLOW_CTX_DAG_OWNER=Fadlil
AIRFLOW_CTX_DAG_ID=dag1
AIRFLOW_CTX_TASK_ID=save_to_csv
AIRFLOW_CTX_EXECUTION_DATE=2022-11-01T19:10:00+00:00
AIRFLOW_CTX_DAG_RUN_ID=scheduled__2022-11-01T19:10:00+00:00
[2022-12-04 10:43:12,476] {python.py:175} INFO - Done. Returned value was: None
[2022-12-04 10:43:12,713] {taskinstance.py:1277} INFO - Marking task as SUCCESS. dag_id=dag1, task_id=save_to_csv, execution_date=20221101T191000, start_date=20221204T104310, end_date=20221204T104312
[2022-12-04 10:43:12,809] {local_task_job.py:154} INFO - Task exited with return code 0
[2022-12-04 10:43:13,134] {local_task_job.py:264} INFO - 1 downstream tasks scheduled from follow-on schedule check
