[2022-12-04 09:27:18,886] {taskinstance.py:1032} INFO - Dependencies all met for <TaskInstance: dag1.get_data scheduled__2022-10-29T22:50:00+00:00 [queued]>
[2022-12-04 09:27:19,035] {taskinstance.py:1032} INFO - Dependencies all met for <TaskInstance: dag1.get_data scheduled__2022-10-29T22:50:00+00:00 [queued]>
[2022-12-04 09:27:19,036] {taskinstance.py:1238} INFO - 
--------------------------------------------------------------------------------
[2022-12-04 09:27:19,036] {taskinstance.py:1239} INFO - Starting attempt 1 of 2
[2022-12-04 09:27:19,037] {taskinstance.py:1240} INFO - 
--------------------------------------------------------------------------------
[2022-12-04 09:27:19,131] {taskinstance.py:1259} INFO - Executing <Task(PythonOperator): get_data> on 2022-10-29 22:50:00+00:00
[2022-12-04 09:27:19,153] {standard_task_runner.py:52} INFO - Started process 559 to run task
[2022-12-04 09:27:19,191] {standard_task_runner.py:76} INFO - Running: ['***', 'tasks', 'run', 'dag1', 'get_data', 'scheduled__2022-10-29T22:50:00+00:00', '--job-id', '2297', '--raw', '--subdir', 'DAGS_FOLDER/AirflowClean2.py', '--cfg-path', '/tmp/tmpqxl21p77', '--error-file', '/tmp/tmpka7jtpxm']
[2022-12-04 09:27:19,227] {standard_task_runner.py:77} INFO - Job 2297: Subtask get_data
[2022-12-04 09:27:19,809] {logging_mixin.py:109} INFO - Running <TaskInstance: dag1.get_data scheduled__2022-10-29T22:50:00+00:00 [running]> on host 9e44869ff3ef
[2022-12-04 09:27:20,063] {taskinstance.py:1426} INFO - Exporting the following env vars:
AIRFLOW_CTX_DAG_OWNER=Fadlil
AIRFLOW_CTX_DAG_ID=dag1
AIRFLOW_CTX_TASK_ID=get_data
AIRFLOW_CTX_EXECUTION_DATE=2022-10-29T22:50:00+00:00
AIRFLOW_CTX_DAG_RUN_ID=scheduled__2022-10-29T22:50:00+00:00
[2022-12-04 09:27:20,820] {python.py:175} INFO - Done. Returned value was: None
[2022-12-04 09:27:20,855] {taskinstance.py:1277} INFO - Marking task as SUCCESS. dag_id=dag1, task_id=get_data, execution_date=20221029T225000, start_date=20221204T092718, end_date=20221204T092720
[2022-12-04 09:27:21,013] {local_task_job.py:154} INFO - Task exited with return code 0
[2022-12-04 09:27:21,797] {local_task_job.py:264} INFO - 0 downstream tasks scheduled from follow-on schedule check
