[2022-12-04 11:48:42,827] {taskinstance.py:1032} INFO - Dependencies all met for <TaskInstance: dag1.save_to_parquet scheduled__2022-11-05T04:50:00+00:00 [queued]>
[2022-12-04 11:48:42,974] {taskinstance.py:1032} INFO - Dependencies all met for <TaskInstance: dag1.save_to_parquet scheduled__2022-11-05T04:50:00+00:00 [queued]>
[2022-12-04 11:48:42,979] {taskinstance.py:1238} INFO - 
--------------------------------------------------------------------------------
[2022-12-04 11:48:42,983] {taskinstance.py:1239} INFO - Starting attempt 1 of 2
[2022-12-04 11:48:42,983] {taskinstance.py:1240} INFO - 
--------------------------------------------------------------------------------
[2022-12-04 11:48:43,108] {taskinstance.py:1259} INFO - Executing <Task(PythonOperator): save_to_parquet> on 2022-11-05 04:50:00+00:00
[2022-12-04 11:48:43,136] {standard_task_runner.py:52} INFO - Started process 15342 to run task
[2022-12-04 11:48:43,183] {standard_task_runner.py:76} INFO - Running: ['***', 'tasks', 'run', 'dag1', 'save_to_parquet', 'scheduled__2022-11-05T04:50:00+00:00', '--job-id', '5919', '--raw', '--subdir', 'DAGS_FOLDER/AirflowClean2.py', '--cfg-path', '/tmp/tmpij61k40z', '--error-file', '/tmp/tmpe2p_790l']
[2022-12-04 11:48:43,206] {standard_task_runner.py:77} INFO - Job 5919: Subtask save_to_parquet
[2022-12-04 11:48:43,671] {logging_mixin.py:109} INFO - Running <TaskInstance: dag1.save_to_parquet scheduled__2022-11-05T04:50:00+00:00 [running]> on host 9e44869ff3ef
[2022-12-04 11:48:43,970] {taskinstance.py:1426} INFO - Exporting the following env vars:
AIRFLOW_CTX_DAG_OWNER=Fadlil
AIRFLOW_CTX_DAG_ID=dag1
AIRFLOW_CTX_TASK_ID=save_to_parquet
AIRFLOW_CTX_EXECUTION_DATE=2022-11-05T04:50:00+00:00
AIRFLOW_CTX_DAG_RUN_ID=scheduled__2022-11-05T04:50:00+00:00
[2022-12-04 11:48:44,450] {python.py:175} INFO - Done. Returned value was: None
[2022-12-04 11:48:44,516] {taskinstance.py:1277} INFO - Marking task as SUCCESS. dag_id=dag1, task_id=save_to_parquet, execution_date=20221105T045000, start_date=20221204T114842, end_date=20221204T114844
[2022-12-04 11:48:44,919] {local_task_job.py:154} INFO - Task exited with return code 0
[2022-12-04 11:48:46,271] {local_task_job.py:264} INFO - 0 downstream tasks scheduled from follow-on schedule check
