[2022-12-04 10:57:43,935] {taskinstance.py:1032} INFO - Dependencies all met for <TaskInstance: dag1.save_to_csv scheduled__2022-11-03T08:40:00+00:00 [queued]>
[2022-12-04 10:57:43,979] {taskinstance.py:1032} INFO - Dependencies all met for <TaskInstance: dag1.save_to_csv scheduled__2022-11-03T08:40:00+00:00 [queued]>
[2022-12-04 10:57:43,982] {taskinstance.py:1238} INFO - 
--------------------------------------------------------------------------------
[2022-12-04 10:57:43,983] {taskinstance.py:1239} INFO - Starting attempt 1 of 2
[2022-12-04 10:57:43,983] {taskinstance.py:1240} INFO - 
--------------------------------------------------------------------------------
[2022-12-04 10:57:44,059] {taskinstance.py:1259} INFO - Executing <Task(PythonOperator): save_to_csv> on 2022-11-03 08:40:00+00:00
[2022-12-04 10:57:44,088] {standard_task_runner.py:52} INFO - Started process 10864 to run task
[2022-12-04 10:57:44,150] {standard_task_runner.py:76} INFO - Running: ['***', 'tasks', 'run', 'dag1', 'save_to_csv', 'scheduled__2022-11-03T08:40:00+00:00', '--job-id', '4728', '--raw', '--subdir', 'DAGS_FOLDER/AirflowClean2.py', '--cfg-path', '/tmp/tmp3g9vxff9', '--error-file', '/tmp/tmpjezbzve5']
[2022-12-04 10:57:44,157] {standard_task_runner.py:77} INFO - Job 4728: Subtask save_to_csv
[2022-12-04 10:57:45,235] {logging_mixin.py:109} INFO - Running <TaskInstance: dag1.save_to_csv scheduled__2022-11-03T08:40:00+00:00 [running]> on host 9e44869ff3ef
[2022-12-04 10:57:46,048] {taskinstance.py:1426} INFO - Exporting the following env vars:
AIRFLOW_CTX_DAG_OWNER=Fadlil
AIRFLOW_CTX_DAG_ID=dag1
AIRFLOW_CTX_TASK_ID=save_to_csv
AIRFLOW_CTX_EXECUTION_DATE=2022-11-03T08:40:00+00:00
AIRFLOW_CTX_DAG_RUN_ID=scheduled__2022-11-03T08:40:00+00:00
[2022-12-04 10:57:46,178] {python.py:175} INFO - Done. Returned value was: None
[2022-12-04 10:57:46,919] {taskinstance.py:1277} INFO - Marking task as SUCCESS. dag_id=dag1, task_id=save_to_csv, execution_date=20221103T084000, start_date=20221204T105743, end_date=20221204T105746
[2022-12-04 10:57:47,064] {local_task_job.py:154} INFO - Task exited with return code 0
[2022-12-04 10:57:47,939] {local_task_job.py:264} INFO - 1 downstream tasks scheduled from follow-on schedule check
