[2022-12-04 10:34:48,240] {taskinstance.py:1032} INFO - Dependencies all met for <TaskInstance: dag1.save_to_parquet scheduled__2022-10-31T23:20:00+00:00 [queued]>
[2022-12-04 10:34:48,359] {taskinstance.py:1032} INFO - Dependencies all met for <TaskInstance: dag1.save_to_parquet scheduled__2022-10-31T23:20:00+00:00 [queued]>
[2022-12-04 10:34:48,362] {taskinstance.py:1238} INFO - 
--------------------------------------------------------------------------------
[2022-12-04 10:34:48,365] {taskinstance.py:1239} INFO - Starting attempt 1 of 2
[2022-12-04 10:34:48,367] {taskinstance.py:1240} INFO - 
--------------------------------------------------------------------------------
[2022-12-04 10:34:48,451] {taskinstance.py:1259} INFO - Executing <Task(PythonOperator): save_to_parquet> on 2022-10-31 23:20:00+00:00
[2022-12-04 10:34:48,526] {standard_task_runner.py:76} INFO - Running: ['***', 'tasks', 'run', 'dag1', 'save_to_parquet', 'scheduled__2022-10-31T23:20:00+00:00', '--job-id', '3353', '--raw', '--subdir', 'DAGS_FOLDER/AirflowClean2.py', '--cfg-path', '/tmp/tmp87tfd9x3', '--error-file', '/tmp/tmptmi7vy10']
[2022-12-04 10:34:48,535] {standard_task_runner.py:77} INFO - Job 3353: Subtask save_to_parquet
[2022-12-04 10:34:48,484] {standard_task_runner.py:52} INFO - Started process 6084 to run task
[2022-12-04 10:34:48,738] {logging_mixin.py:109} INFO - Running <TaskInstance: dag1.save_to_parquet scheduled__2022-10-31T23:20:00+00:00 [running]> on host 9e44869ff3ef
[2022-12-04 10:34:49,145] {taskinstance.py:1426} INFO - Exporting the following env vars:
AIRFLOW_CTX_DAG_OWNER=Fadlil
AIRFLOW_CTX_DAG_ID=dag1
AIRFLOW_CTX_TASK_ID=save_to_parquet
AIRFLOW_CTX_EXECUTION_DATE=2022-10-31T23:20:00+00:00
AIRFLOW_CTX_DAG_RUN_ID=scheduled__2022-10-31T23:20:00+00:00
[2022-12-04 10:34:49,187] {python.py:175} INFO - Done. Returned value was: None
[2022-12-04 10:34:49,228] {taskinstance.py:1277} INFO - Marking task as SUCCESS. dag_id=dag1, task_id=save_to_parquet, execution_date=20221031T232000, start_date=20221204T103448, end_date=20221204T103449
[2022-12-04 10:34:49,308] {local_task_job.py:154} INFO - Task exited with return code 0
[2022-12-04 10:34:49,782] {local_task_job.py:264} INFO - 0 downstream tasks scheduled from follow-on schedule check
