[2022-12-04 14:39:51,796] {taskinstance.py:1032} INFO - Dependencies all met for <TaskInstance: dag1.save_to_csv scheduled__2022-11-08T16:00:00+00:00 [queued]>
[2022-12-04 14:39:51,815] {taskinstance.py:1032} INFO - Dependencies all met for <TaskInstance: dag1.save_to_csv scheduled__2022-11-08T16:00:00+00:00 [queued]>
[2022-12-04 14:39:51,816] {taskinstance.py:1238} INFO - 
--------------------------------------------------------------------------------
[2022-12-04 14:39:51,816] {taskinstance.py:1239} INFO - Starting attempt 1 of 2
[2022-12-04 14:39:51,817] {taskinstance.py:1240} INFO - 
--------------------------------------------------------------------------------
[2022-12-04 14:39:51,838] {taskinstance.py:1259} INFO - Executing <Task(PythonOperator): save_to_csv> on 2022-11-08 16:00:00+00:00
[2022-12-04 14:39:51,847] {standard_task_runner.py:52} INFO - Started process 11075 to run task
[2022-12-04 14:39:51,858] {standard_task_runner.py:76} INFO - Running: ['***', 'tasks', 'run', 'dag1', 'save_to_csv', 'scheduled__2022-11-08T16:00:00+00:00', '--job-id', '9035', '--raw', '--subdir', 'DAGS_FOLDER/AirflowClean2.py', '--cfg-path', '/tmp/tmpylsz3wzb', '--error-file', '/tmp/tmpn_1txabt']
[2022-12-04 14:39:51,860] {standard_task_runner.py:77} INFO - Job 9035: Subtask save_to_csv
[2022-12-04 14:39:52,041] {logging_mixin.py:109} INFO - Running <TaskInstance: dag1.save_to_csv scheduled__2022-11-08T16:00:00+00:00 [running]> on host 7a020590adae
[2022-12-04 14:39:52,247] {taskinstance.py:1426} INFO - Exporting the following env vars:
AIRFLOW_CTX_DAG_OWNER=Fadlil
AIRFLOW_CTX_DAG_ID=dag1
AIRFLOW_CTX_TASK_ID=save_to_csv
AIRFLOW_CTX_EXECUTION_DATE=2022-11-08T16:00:00+00:00
AIRFLOW_CTX_DAG_RUN_ID=scheduled__2022-11-08T16:00:00+00:00
[2022-12-04 14:39:52,318] {python.py:175} INFO - Done. Returned value was: None
[2022-12-04 14:39:52,339] {taskinstance.py:1277} INFO - Marking task as SUCCESS. dag_id=dag1, task_id=save_to_csv, execution_date=20221108T160000, start_date=20221204T143951, end_date=20221204T143952
[2022-12-04 14:39:52,395] {local_task_job.py:154} INFO - Task exited with return code 0
[2022-12-04 14:39:52,918] {local_task_job.py:264} INFO - 0 downstream tasks scheduled from follow-on schedule check
