[2022-12-04 09:21:00,919] {taskinstance.py:1032} INFO - Dependencies all met for <TaskInstance: dag1.get_data scheduled__2022-10-29T19:20:00+00:00 [queued]>
[2022-12-04 09:21:01,052] {taskinstance.py:1032} INFO - Dependencies all met for <TaskInstance: dag1.get_data scheduled__2022-10-29T19:20:00+00:00 [queued]>
[2022-12-04 09:21:01,068] {taskinstance.py:1238} INFO - 
--------------------------------------------------------------------------------
[2022-12-04 09:21:01,070] {taskinstance.py:1239} INFO - Starting attempt 1 of 2
[2022-12-04 09:21:01,071] {taskinstance.py:1240} INFO - 
--------------------------------------------------------------------------------
[2022-12-04 09:21:01,180] {taskinstance.py:1259} INFO - Executing <Task(PythonOperator): get_data> on 2022-10-29 19:20:00+00:00
[2022-12-04 09:21:01,194] {standard_task_runner.py:52} INFO - Started process 107 to run task
[2022-12-04 09:21:01,256] {standard_task_runner.py:76} INFO - Running: ['***', 'tasks', 'run', 'dag1', 'get_data', 'scheduled__2022-10-29T19:20:00+00:00', '--job-id', '2216', '--raw', '--subdir', 'DAGS_FOLDER/AirflowClean2.py', '--cfg-path', '/tmp/tmpwiac5doo', '--error-file', '/tmp/tmpc7x2ijzs']
[2022-12-04 09:21:01,263] {standard_task_runner.py:77} INFO - Job 2216: Subtask get_data
[2022-12-04 09:21:01,678] {logging_mixin.py:109} INFO - Running <TaskInstance: dag1.get_data scheduled__2022-10-29T19:20:00+00:00 [running]> on host 9e44869ff3ef
[2022-12-04 09:21:02,013] {taskinstance.py:1426} INFO - Exporting the following env vars:
AIRFLOW_CTX_DAG_OWNER=Fadlil
AIRFLOW_CTX_DAG_ID=dag1
AIRFLOW_CTX_TASK_ID=get_data
AIRFLOW_CTX_EXECUTION_DATE=2022-10-29T19:20:00+00:00
AIRFLOW_CTX_DAG_RUN_ID=scheduled__2022-10-29T19:20:00+00:00
[2022-12-04 09:21:02,886] {python.py:175} INFO - Done. Returned value was: None
[2022-12-04 09:21:03,018] {taskinstance.py:1277} INFO - Marking task as SUCCESS. dag_id=dag1, task_id=get_data, execution_date=20221029T192000, start_date=20221204T092100, end_date=20221204T092103
[2022-12-04 09:21:03,090] {local_task_job.py:154} INFO - Task exited with return code 0
[2022-12-04 09:21:03,219] {local_task_job.py:264} INFO - 1 downstream tasks scheduled from follow-on schedule check
