[2022-12-04 09:21:07,944] {taskinstance.py:1032} INFO - Dependencies all met for <TaskInstance: dag1.save_to_csv scheduled__2022-10-29T18:00:00+00:00 [queued]>
[2022-12-04 09:21:08,034] {taskinstance.py:1032} INFO - Dependencies all met for <TaskInstance: dag1.save_to_csv scheduled__2022-10-29T18:00:00+00:00 [queued]>
[2022-12-04 09:21:08,038] {taskinstance.py:1238} INFO - 
--------------------------------------------------------------------------------
[2022-12-04 09:21:08,043] {taskinstance.py:1239} INFO - Starting attempt 1 of 2
[2022-12-04 09:21:08,045] {taskinstance.py:1240} INFO - 
--------------------------------------------------------------------------------
[2022-12-04 09:21:08,278] {taskinstance.py:1259} INFO - Executing <Task(PythonOperator): save_to_csv> on 2022-10-29 18:00:00+00:00
[2022-12-04 09:21:08,289] {standard_task_runner.py:52} INFO - Started process 135 to run task
[2022-12-04 09:21:08,475] {standard_task_runner.py:76} INFO - Running: ['***', 'tasks', 'run', 'dag1', 'save_to_csv', 'scheduled__2022-10-29T18:00:00+00:00', '--job-id', '2224', '--raw', '--subdir', 'DAGS_FOLDER/AirflowClean2.py', '--cfg-path', '/tmp/tmpq858432g', '--error-file', '/tmp/tmpufwbkhj7']
[2022-12-04 09:21:08,503] {standard_task_runner.py:77} INFO - Job 2224: Subtask save_to_csv
[2022-12-04 09:21:09,101] {logging_mixin.py:109} INFO - Running <TaskInstance: dag1.save_to_csv scheduled__2022-10-29T18:00:00+00:00 [running]> on host 9e44869ff3ef
[2022-12-04 09:21:09,623] {taskinstance.py:1426} INFO - Exporting the following env vars:
AIRFLOW_CTX_DAG_OWNER=Fadlil
AIRFLOW_CTX_DAG_ID=dag1
AIRFLOW_CTX_TASK_ID=save_to_csv
AIRFLOW_CTX_EXECUTION_DATE=2022-10-29T18:00:00+00:00
AIRFLOW_CTX_DAG_RUN_ID=scheduled__2022-10-29T18:00:00+00:00
[2022-12-04 09:21:10,002] {python.py:175} INFO - Done. Returned value was: None
[2022-12-04 09:21:10,097] {taskinstance.py:1277} INFO - Marking task as SUCCESS. dag_id=dag1, task_id=save_to_csv, execution_date=20221029T180000, start_date=20221204T092107, end_date=20221204T092110
[2022-12-04 09:21:10,465] {local_task_job.py:154} INFO - Task exited with return code 0
[2022-12-04 09:21:11,730] {local_task_job.py:264} INFO - 0 downstream tasks scheduled from follow-on schedule check
