[2022-12-04 10:47:16,130] {taskinstance.py:1032} INFO - Dependencies all met for <TaskInstance: dag1.save_to_csv scheduled__2022-11-02T04:40:00+00:00 [queued]>
[2022-12-04 10:47:16,746] {taskinstance.py:1032} INFO - Dependencies all met for <TaskInstance: dag1.save_to_csv scheduled__2022-11-02T04:40:00+00:00 [queued]>
[2022-12-04 10:47:16,750] {taskinstance.py:1238} INFO - 
--------------------------------------------------------------------------------
[2022-12-04 10:47:16,751] {taskinstance.py:1239} INFO - Starting attempt 1 of 2
[2022-12-04 10:47:16,752] {taskinstance.py:1240} INFO - 
--------------------------------------------------------------------------------
[2022-12-04 10:47:16,863] {taskinstance.py:1259} INFO - Executing <Task(PythonOperator): save_to_csv> on 2022-11-02 04:40:00+00:00
[2022-12-04 10:47:16,941] {standard_task_runner.py:52} INFO - Started process 8554 to run task
[2022-12-04 10:47:16,969] {standard_task_runner.py:76} INFO - Running: ['***', 'tasks', 'run', 'dag1', 'save_to_csv', 'scheduled__2022-11-02T04:40:00+00:00', '--job-id', '4056', '--raw', '--subdir', 'DAGS_FOLDER/AirflowClean2.py', '--cfg-path', '/tmp/tmpm1cqn4xk', '--error-file', '/tmp/tmp7wr6mljj']
[2022-12-04 10:47:16,998] {standard_task_runner.py:77} INFO - Job 4056: Subtask save_to_csv
[2022-12-04 10:47:17,494] {logging_mixin.py:109} INFO - Running <TaskInstance: dag1.save_to_csv scheduled__2022-11-02T04:40:00+00:00 [running]> on host 9e44869ff3ef
[2022-12-04 10:47:17,916] {taskinstance.py:1426} INFO - Exporting the following env vars:
AIRFLOW_CTX_DAG_OWNER=Fadlil
AIRFLOW_CTX_DAG_ID=dag1
AIRFLOW_CTX_TASK_ID=save_to_csv
AIRFLOW_CTX_EXECUTION_DATE=2022-11-02T04:40:00+00:00
AIRFLOW_CTX_DAG_RUN_ID=scheduled__2022-11-02T04:40:00+00:00
[2022-12-04 10:47:18,073] {python.py:175} INFO - Done. Returned value was: None
[2022-12-04 10:47:18,165] {taskinstance.py:1277} INFO - Marking task as SUCCESS. dag_id=dag1, task_id=save_to_csv, execution_date=20221102T044000, start_date=20221204T104716, end_date=20221204T104718
[2022-12-04 10:47:18,302] {local_task_job.py:154} INFO - Task exited with return code 0
[2022-12-04 10:47:18,628] {local_task_job.py:264} INFO - 1 downstream tasks scheduled from follow-on schedule check
