[2022-12-04 11:34:48,366] {taskinstance.py:1032} INFO - Dependencies all met for <TaskInstance: dag1.save_to_csv scheduled__2022-11-04T14:40:00+00:00 [queued]>
[2022-12-04 11:34:48,498] {taskinstance.py:1032} INFO - Dependencies all met for <TaskInstance: dag1.save_to_csv scheduled__2022-11-04T14:40:00+00:00 [queued]>
[2022-12-04 11:34:48,514] {taskinstance.py:1238} INFO - 
--------------------------------------------------------------------------------
[2022-12-04 11:34:48,515] {taskinstance.py:1239} INFO - Starting attempt 1 of 2
[2022-12-04 11:34:48,515] {taskinstance.py:1240} INFO - 
--------------------------------------------------------------------------------
[2022-12-04 11:34:48,563] {taskinstance.py:1259} INFO - Executing <Task(PythonOperator): save_to_csv> on 2022-11-04 14:40:00+00:00
[2022-12-04 11:34:48,607] {standard_task_runner.py:52} INFO - Started process 13514 to run task
[2022-12-04 11:34:48,639] {standard_task_runner.py:76} INFO - Running: ['***', 'tasks', 'run', 'dag1', 'save_to_csv', 'scheduled__2022-11-04T14:40:00+00:00', '--job-id', '5459', '--raw', '--subdir', 'DAGS_FOLDER/AirflowClean2.py', '--cfg-path', '/tmp/tmp09vv60k5', '--error-file', '/tmp/tmpcn9n1tsl']
[2022-12-04 11:34:48,640] {standard_task_runner.py:77} INFO - Job 5459: Subtask save_to_csv
[2022-12-04 11:34:49,686] {logging_mixin.py:109} INFO - Running <TaskInstance: dag1.save_to_csv scheduled__2022-11-04T14:40:00+00:00 [running]> on host 9e44869ff3ef
[2022-12-04 11:34:50,455] {taskinstance.py:1426} INFO - Exporting the following env vars:
AIRFLOW_CTX_DAG_OWNER=Fadlil
AIRFLOW_CTX_DAG_ID=dag1
AIRFLOW_CTX_TASK_ID=save_to_csv
AIRFLOW_CTX_EXECUTION_DATE=2022-11-04T14:40:00+00:00
AIRFLOW_CTX_DAG_RUN_ID=scheduled__2022-11-04T14:40:00+00:00
[2022-12-04 11:34:50,574] {python.py:175} INFO - Done. Returned value was: None
[2022-12-04 11:34:51,142] {taskinstance.py:1277} INFO - Marking task as SUCCESS. dag_id=dag1, task_id=save_to_csv, execution_date=20221104T144000, start_date=20221204T113448, end_date=20221204T113451
[2022-12-04 11:34:51,225] {local_task_job.py:154} INFO - Task exited with return code 0
[2022-12-04 11:34:51,395] {local_task_job.py:264} INFO - 1 downstream tasks scheduled from follow-on schedule check
