[2022-12-04 10:59:28,933] {taskinstance.py:1032} INFO - Dependencies all met for <TaskInstance: dag1.local_to_gcs_task scheduled__2022-11-03T12:40:00+00:00 [queued]>
[2022-12-04 10:59:28,963] {taskinstance.py:1032} INFO - Dependencies all met for <TaskInstance: dag1.local_to_gcs_task scheduled__2022-11-03T12:40:00+00:00 [queued]>
[2022-12-04 10:59:28,964] {taskinstance.py:1238} INFO - 
--------------------------------------------------------------------------------
[2022-12-04 10:59:28,964] {taskinstance.py:1239} INFO - Starting attempt 1 of 2
[2022-12-04 10:59:28,965] {taskinstance.py:1240} INFO - 
--------------------------------------------------------------------------------
[2022-12-04 10:59:28,994] {taskinstance.py:1259} INFO - Executing <Task(PythonOperator): local_to_gcs_task> on 2022-11-03 12:40:00+00:00
[2022-12-04 10:59:29,002] {standard_task_runner.py:52} INFO - Started process 11246 to run task
[2022-12-04 10:59:29,007] {standard_task_runner.py:76} INFO - Running: ['***', 'tasks', 'run', 'dag1', 'local_to_gcs_task', 'scheduled__2022-11-03T12:40:00+00:00', '--job-id', '4839', '--raw', '--subdir', 'DAGS_FOLDER/AirflowClean2.py', '--cfg-path', '/tmp/tmpmu3ptgbj', '--error-file', '/tmp/tmp8s9epkge']
[2022-12-04 10:59:29,009] {standard_task_runner.py:77} INFO - Job 4839: Subtask local_to_gcs_task
[2022-12-04 10:59:29,101] {logging_mixin.py:109} INFO - Running <TaskInstance: dag1.local_to_gcs_task scheduled__2022-11-03T12:40:00+00:00 [running]> on host 9e44869ff3ef
[2022-12-04 10:59:29,206] {taskinstance.py:1426} INFO - Exporting the following env vars:
AIRFLOW_CTX_DAG_OWNER=Fadlil
AIRFLOW_CTX_DAG_ID=dag1
AIRFLOW_CTX_TASK_ID=local_to_gcs_task
AIRFLOW_CTX_EXECUTION_DATE=2022-11-03T12:40:00+00:00
AIRFLOW_CTX_DAG_RUN_ID=scheduled__2022-11-03T12:40:00+00:00
[2022-12-04 10:59:29,843] {python.py:175} INFO - Done. Returned value was: None
[2022-12-04 10:59:29,865] {taskinstance.py:1277} INFO - Marking task as SUCCESS. dag_id=dag1, task_id=local_to_gcs_task, execution_date=20221103T124000, start_date=20221204T105928, end_date=20221204T105929
[2022-12-04 10:59:29,912] {local_task_job.py:154} INFO - Task exited with return code 0
[2022-12-04 10:59:29,955] {local_task_job.py:264} INFO - 0 downstream tasks scheduled from follow-on schedule check
