[2022-12-04 14:59:36,637] {taskinstance.py:1032} INFO - Dependencies all met for <TaskInstance: dag1.save_to_csv scheduled__2022-11-09T01:30:00+00:00 [queued]>
[2022-12-04 14:59:36,654] {taskinstance.py:1032} INFO - Dependencies all met for <TaskInstance: dag1.save_to_csv scheduled__2022-11-09T01:30:00+00:00 [queued]>
[2022-12-04 14:59:36,655] {taskinstance.py:1238} INFO - 
--------------------------------------------------------------------------------
[2022-12-04 14:59:36,655] {taskinstance.py:1239} INFO - Starting attempt 1 of 2
[2022-12-04 14:59:36,656] {taskinstance.py:1240} INFO - 
--------------------------------------------------------------------------------
[2022-12-04 14:59:36,671] {taskinstance.py:1259} INFO - Executing <Task(PythonOperator): save_to_csv> on 2022-11-09 01:30:00+00:00
[2022-12-04 14:59:36,677] {standard_task_runner.py:52} INFO - Started process 12819 to run task
[2022-12-04 14:59:36,681] {standard_task_runner.py:76} INFO - Running: ['***', 'tasks', 'run', 'dag1', 'save_to_csv', 'scheduled__2022-11-09T01:30:00+00:00', '--job-id', '9392', '--raw', '--subdir', 'DAGS_FOLDER/AirflowClean2.py', '--cfg-path', '/tmp/tmplmmo3zjk', '--error-file', '/tmp/tmpvvpgb972']
[2022-12-04 14:59:36,683] {standard_task_runner.py:77} INFO - Job 9392: Subtask save_to_csv
[2022-12-04 14:59:36,758] {logging_mixin.py:109} INFO - Running <TaskInstance: dag1.save_to_csv scheduled__2022-11-09T01:30:00+00:00 [running]> on host 7a020590adae
[2022-12-04 14:59:36,840] {taskinstance.py:1426} INFO - Exporting the following env vars:
AIRFLOW_CTX_DAG_OWNER=Fadlil
AIRFLOW_CTX_DAG_ID=dag1
AIRFLOW_CTX_TASK_ID=save_to_csv
AIRFLOW_CTX_EXECUTION_DATE=2022-11-09T01:30:00+00:00
AIRFLOW_CTX_DAG_RUN_ID=scheduled__2022-11-09T01:30:00+00:00
[2022-12-04 14:59:36,878] {python.py:175} INFO - Done. Returned value was: None
[2022-12-04 14:59:36,893] {taskinstance.py:1277} INFO - Marking task as SUCCESS. dag_id=dag1, task_id=save_to_csv, execution_date=20221109T013000, start_date=20221204T145936, end_date=20221204T145936
[2022-12-04 14:59:36,934] {local_task_job.py:154} INFO - Task exited with return code 0
[2022-12-04 14:59:37,030] {local_task_job.py:264} INFO - 1 downstream tasks scheduled from follow-on schedule check
