[2022-12-04 10:50:25,627] {taskinstance.py:1032} INFO - Dependencies all met for <TaskInstance: dag1.local_to_gcs_task scheduled__2022-11-02T12:10:00+00:00 [queued]>
[2022-12-04 10:50:25,659] {taskinstance.py:1032} INFO - Dependencies all met for <TaskInstance: dag1.local_to_gcs_task scheduled__2022-11-02T12:10:00+00:00 [queued]>
[2022-12-04 10:50:25,660] {taskinstance.py:1238} INFO - 
--------------------------------------------------------------------------------
[2022-12-04 10:50:25,660] {taskinstance.py:1239} INFO - Starting attempt 1 of 2
[2022-12-04 10:50:25,661] {taskinstance.py:1240} INFO - 
--------------------------------------------------------------------------------
[2022-12-04 10:50:25,710] {taskinstance.py:1259} INFO - Executing <Task(PythonOperator): local_to_gcs_task> on 2022-11-02 12:10:00+00:00
[2022-12-04 10:50:25,718] {standard_task_runner.py:52} INFO - Started process 9228 to run task
[2022-12-04 10:50:25,727] {standard_task_runner.py:76} INFO - Running: ['***', 'tasks', 'run', 'dag1', 'local_to_gcs_task', 'scheduled__2022-11-02T12:10:00+00:00', '--job-id', '4252', '--raw', '--subdir', 'DAGS_FOLDER/AirflowClean2.py', '--cfg-path', '/tmp/tmp4rzt770w', '--error-file', '/tmp/tmpb3l79b_8']
[2022-12-04 10:50:25,731] {standard_task_runner.py:77} INFO - Job 4252: Subtask local_to_gcs_task
[2022-12-04 10:50:26,311] {logging_mixin.py:109} INFO - Running <TaskInstance: dag1.local_to_gcs_task scheduled__2022-11-02T12:10:00+00:00 [running]> on host 9e44869ff3ef
[2022-12-04 10:50:26,443] {taskinstance.py:1426} INFO - Exporting the following env vars:
AIRFLOW_CTX_DAG_OWNER=Fadlil
AIRFLOW_CTX_DAG_ID=dag1
AIRFLOW_CTX_TASK_ID=local_to_gcs_task
AIRFLOW_CTX_EXECUTION_DATE=2022-11-02T12:10:00+00:00
AIRFLOW_CTX_DAG_RUN_ID=scheduled__2022-11-02T12:10:00+00:00
[2022-12-04 10:50:27,218] {python.py:175} INFO - Done. Returned value was: None
[2022-12-04 10:50:27,257] {taskinstance.py:1277} INFO - Marking task as SUCCESS. dag_id=dag1, task_id=local_to_gcs_task, execution_date=20221102T121000, start_date=20221204T105025, end_date=20221204T105027
[2022-12-04 10:50:27,430] {local_task_job.py:154} INFO - Task exited with return code 0
[2022-12-04 10:50:27,551] {local_task_job.py:264} INFO - 0 downstream tasks scheduled from follow-on schedule check
