[2022-12-04 10:35:40,658] {taskinstance.py:1032} INFO - Dependencies all met for <TaskInstance: dag1.save_to_csv scheduled__2022-11-01T01:00:00+00:00 [queued]>
[2022-12-04 10:35:40,771] {taskinstance.py:1032} INFO - Dependencies all met for <TaskInstance: dag1.save_to_csv scheduled__2022-11-01T01:00:00+00:00 [queued]>
[2022-12-04 10:35:40,773] {taskinstance.py:1238} INFO - 
--------------------------------------------------------------------------------
[2022-12-04 10:35:40,783] {taskinstance.py:1239} INFO - Starting attempt 1 of 2
[2022-12-04 10:35:40,784] {taskinstance.py:1240} INFO - 
--------------------------------------------------------------------------------
[2022-12-04 10:35:40,833] {taskinstance.py:1259} INFO - Executing <Task(PythonOperator): save_to_csv> on 2022-11-01 01:00:00+00:00
[2022-12-04 10:35:40,847] {standard_task_runner.py:76} INFO - Running: ['***', 'tasks', 'run', 'dag1', 'save_to_csv', 'scheduled__2022-11-01T01:00:00+00:00', '--job-id', '3399', '--raw', '--subdir', 'DAGS_FOLDER/AirflowClean2.py', '--cfg-path', '/tmp/tmpc9_tj_20', '--error-file', '/tmp/tmpamfknhrk']
[2022-12-04 10:35:40,849] {standard_task_runner.py:77} INFO - Job 3399: Subtask save_to_csv
[2022-12-04 10:35:40,840] {standard_task_runner.py:52} INFO - Started process 6249 to run task
[2022-12-04 10:35:41,108] {logging_mixin.py:109} INFO - Running <TaskInstance: dag1.save_to_csv scheduled__2022-11-01T01:00:00+00:00 [running]> on host 9e44869ff3ef
[2022-12-04 10:35:41,352] {taskinstance.py:1426} INFO - Exporting the following env vars:
AIRFLOW_CTX_DAG_OWNER=Fadlil
AIRFLOW_CTX_DAG_ID=dag1
AIRFLOW_CTX_TASK_ID=save_to_csv
AIRFLOW_CTX_EXECUTION_DATE=2022-11-01T01:00:00+00:00
AIRFLOW_CTX_DAG_RUN_ID=scheduled__2022-11-01T01:00:00+00:00
[2022-12-04 10:35:41,453] {python.py:175} INFO - Done. Returned value was: None
[2022-12-04 10:35:41,538] {taskinstance.py:1277} INFO - Marking task as SUCCESS. dag_id=dag1, task_id=save_to_csv, execution_date=20221101T010000, start_date=20221204T103540, end_date=20221204T103541
[2022-12-04 10:35:41,669] {local_task_job.py:154} INFO - Task exited with return code 0
[2022-12-04 10:35:41,946] {local_task_job.py:264} INFO - 1 downstream tasks scheduled from follow-on schedule check
