[2022-12-04 10:13:27,087] {taskinstance.py:1032} INFO - Dependencies all met for <TaskInstance: dag1.save_to_parquet scheduled__2022-10-31T08:40:00+00:00 [queued]>
[2022-12-04 10:13:27,178] {taskinstance.py:1032} INFO - Dependencies all met for <TaskInstance: dag1.save_to_parquet scheduled__2022-10-31T08:40:00+00:00 [queued]>
[2022-12-04 10:13:27,191] {taskinstance.py:1238} INFO - 
--------------------------------------------------------------------------------
[2022-12-04 10:13:27,193] {taskinstance.py:1239} INFO - Starting attempt 1 of 2
[2022-12-04 10:13:27,195] {taskinstance.py:1240} INFO - 
--------------------------------------------------------------------------------
[2022-12-04 10:13:27,254] {taskinstance.py:1259} INFO - Executing <Task(PythonOperator): save_to_parquet> on 2022-10-31 08:40:00+00:00
[2022-12-04 10:13:27,270] {standard_task_runner.py:52} INFO - Started process 4183 to run task
[2022-12-04 10:13:27,281] {standard_task_runner.py:76} INFO - Running: ['***', 'tasks', 'run', 'dag1', 'save_to_parquet', 'scheduled__2022-10-31T08:40:00+00:00', '--job-id', '2962', '--raw', '--subdir', 'DAGS_FOLDER/AirflowClean2.py', '--cfg-path', '/tmp/tmpj9k2dod5', '--error-file', '/tmp/tmpipe5kivi']
[2022-12-04 10:13:27,283] {standard_task_runner.py:77} INFO - Job 2962: Subtask save_to_parquet
[2022-12-04 10:13:27,477] {logging_mixin.py:109} INFO - Running <TaskInstance: dag1.save_to_parquet scheduled__2022-10-31T08:40:00+00:00 [running]> on host 9e44869ff3ef
[2022-12-04 10:13:27,715] {taskinstance.py:1426} INFO - Exporting the following env vars:
AIRFLOW_CTX_DAG_OWNER=Fadlil
AIRFLOW_CTX_DAG_ID=dag1
AIRFLOW_CTX_TASK_ID=save_to_parquet
AIRFLOW_CTX_EXECUTION_DATE=2022-10-31T08:40:00+00:00
AIRFLOW_CTX_DAG_RUN_ID=scheduled__2022-10-31T08:40:00+00:00
[2022-12-04 10:13:28,201] {python.py:175} INFO - Done. Returned value was: None
[2022-12-04 10:13:28,257] {taskinstance.py:1277} INFO - Marking task as SUCCESS. dag_id=dag1, task_id=save_to_parquet, execution_date=20221031T084000, start_date=20221204T101327, end_date=20221204T101328
[2022-12-04 10:13:28,369] {local_task_job.py:154} INFO - Task exited with return code 0
[2022-12-04 10:13:28,492] {local_task_job.py:264} INFO - 1 downstream tasks scheduled from follow-on schedule check
