[2022-12-04 11:50:19,723] {taskinstance.py:1032} INFO - Dependencies all met for <TaskInstance: dag1.save_to_parquet scheduled__2022-11-05T07:10:00+00:00 [queued]>
[2022-12-04 11:50:19,896] {taskinstance.py:1032} INFO - Dependencies all met for <TaskInstance: dag1.save_to_parquet scheduled__2022-11-05T07:10:00+00:00 [queued]>
[2022-12-04 11:50:19,909] {taskinstance.py:1238} INFO - 
--------------------------------------------------------------------------------
[2022-12-04 11:50:19,912] {taskinstance.py:1239} INFO - Starting attempt 1 of 2
[2022-12-04 11:50:19,923] {taskinstance.py:1240} INFO - 
--------------------------------------------------------------------------------
[2022-12-04 11:50:20,248] {taskinstance.py:1259} INFO - Executing <Task(PythonOperator): save_to_parquet> on 2022-11-05 07:10:00+00:00
[2022-12-04 11:50:20,435] {standard_task_runner.py:52} INFO - Started process 15577 to run task
[2022-12-04 11:50:20,480] {standard_task_runner.py:76} INFO - Running: ['***', 'tasks', 'run', 'dag1', 'save_to_parquet', 'scheduled__2022-11-05T07:10:00+00:00', '--job-id', '5983', '--raw', '--subdir', 'DAGS_FOLDER/AirflowClean2.py', '--cfg-path', '/tmp/tmpsiw5k3dk', '--error-file', '/tmp/tmp_x5e6jea']
[2022-12-04 11:50:20,540] {standard_task_runner.py:77} INFO - Job 5983: Subtask save_to_parquet
[2022-12-04 11:50:22,262] {logging_mixin.py:109} INFO - Running <TaskInstance: dag1.save_to_parquet scheduled__2022-11-05T07:10:00+00:00 [running]> on host 9e44869ff3ef
[2022-12-04 11:50:23,395] {taskinstance.py:1426} INFO - Exporting the following env vars:
AIRFLOW_CTX_DAG_OWNER=Fadlil
AIRFLOW_CTX_DAG_ID=dag1
AIRFLOW_CTX_TASK_ID=save_to_parquet
AIRFLOW_CTX_EXECUTION_DATE=2022-11-05T07:10:00+00:00
AIRFLOW_CTX_DAG_RUN_ID=scheduled__2022-11-05T07:10:00+00:00
[2022-12-04 11:50:24,543] {python.py:175} INFO - Done. Returned value was: None
[2022-12-04 11:50:25,824] {taskinstance.py:1277} INFO - Marking task as SUCCESS. dag_id=dag1, task_id=save_to_parquet, execution_date=20221105T071000, start_date=20221204T115019, end_date=20221204T115025
[2022-12-04 11:50:26,307] {local_task_job.py:154} INFO - Task exited with return code 0
[2022-12-04 11:50:26,958] {local_task_job.py:264} INFO - 1 downstream tasks scheduled from follow-on schedule check
