[2022-12-04 11:46:25,517] {taskinstance.py:1032} INFO - Dependencies all met for <TaskInstance: dag1.get_data scheduled__2022-11-05T02:20:00+00:00 [queued]>
[2022-12-04 11:46:25,718] {taskinstance.py:1032} INFO - Dependencies all met for <TaskInstance: dag1.get_data scheduled__2022-11-05T02:20:00+00:00 [queued]>
[2022-12-04 11:46:25,736] {taskinstance.py:1238} INFO - 
--------------------------------------------------------------------------------
[2022-12-04 11:46:25,738] {taskinstance.py:1239} INFO - Starting attempt 1 of 2
[2022-12-04 11:46:25,740] {taskinstance.py:1240} INFO - 
--------------------------------------------------------------------------------
[2022-12-04 11:46:25,828] {taskinstance.py:1259} INFO - Executing <Task(PythonOperator): get_data> on 2022-11-05 02:20:00+00:00
[2022-12-04 11:46:25,836] {standard_task_runner.py:52} INFO - Started process 14932 to run task
[2022-12-04 11:46:25,918] {standard_task_runner.py:76} INFO - Running: ['***', 'tasks', 'run', 'dag1', 'get_data', 'scheduled__2022-11-05T02:20:00+00:00', '--job-id', '5804', '--raw', '--subdir', 'DAGS_FOLDER/AirflowClean2.py', '--cfg-path', '/tmp/tmplphxluho', '--error-file', '/tmp/tmpe2_1mi5n']
[2022-12-04 11:46:25,922] {standard_task_runner.py:77} INFO - Job 5804: Subtask get_data
[2022-12-04 11:46:26,439] {logging_mixin.py:109} INFO - Running <TaskInstance: dag1.get_data scheduled__2022-11-05T02:20:00+00:00 [running]> on host 9e44869ff3ef
[2022-12-04 11:46:26,844] {taskinstance.py:1426} INFO - Exporting the following env vars:
AIRFLOW_CTX_DAG_OWNER=Fadlil
AIRFLOW_CTX_DAG_ID=dag1
AIRFLOW_CTX_TASK_ID=get_data
AIRFLOW_CTX_EXECUTION_DATE=2022-11-05T02:20:00+00:00
AIRFLOW_CTX_DAG_RUN_ID=scheduled__2022-11-05T02:20:00+00:00
[2022-12-04 11:46:27,672] {python.py:175} INFO - Done. Returned value was: None
[2022-12-04 11:46:27,755] {taskinstance.py:1277} INFO - Marking task as SUCCESS. dag_id=dag1, task_id=get_data, execution_date=20221105T022000, start_date=20221204T114625, end_date=20221204T114627
[2022-12-04 11:46:27,994] {local_task_job.py:154} INFO - Task exited with return code 0
[2022-12-04 11:46:28,555] {local_task_job.py:264} INFO - 1 downstream tasks scheduled from follow-on schedule check
