[2022-12-04 09:56:02,345] {taskinstance.py:1032} INFO - Dependencies all met for <TaskInstance: dag1.save_to_parquet scheduled__2022-10-30T22:00:00+00:00 [queued]>
[2022-12-04 09:56:02,387] {taskinstance.py:1032} INFO - Dependencies all met for <TaskInstance: dag1.save_to_parquet scheduled__2022-10-30T22:00:00+00:00 [queued]>
[2022-12-04 09:56:02,398] {taskinstance.py:1238} INFO - 
--------------------------------------------------------------------------------
[2022-12-04 09:56:02,399] {taskinstance.py:1239} INFO - Starting attempt 1 of 2
[2022-12-04 09:56:02,399] {taskinstance.py:1240} INFO - 
--------------------------------------------------------------------------------
[2022-12-04 09:56:02,432] {taskinstance.py:1259} INFO - Executing <Task(PythonOperator): save_to_parquet> on 2022-10-30 22:00:00+00:00
[2022-12-04 09:56:02,449] {standard_task_runner.py:52} INFO - Started process 2904 to run task
[2022-12-04 09:56:02,478] {standard_task_runner.py:76} INFO - Running: ['***', 'tasks', 'run', 'dag1', 'save_to_parquet', 'scheduled__2022-10-30T22:00:00+00:00', '--job-id', '2735', '--raw', '--subdir', 'DAGS_FOLDER/AirflowClean2.py', '--cfg-path', '/tmp/tmpgjinvhld', '--error-file', '/tmp/tmp1_or9l7t']
[2022-12-04 09:56:02,483] {standard_task_runner.py:77} INFO - Job 2735: Subtask save_to_parquet
[2022-12-04 09:56:02,782] {logging_mixin.py:109} INFO - Running <TaskInstance: dag1.save_to_parquet scheduled__2022-10-30T22:00:00+00:00 [running]> on host 9e44869ff3ef
[2022-12-04 09:56:04,304] {taskinstance.py:1426} INFO - Exporting the following env vars:
AIRFLOW_CTX_DAG_OWNER=Fadlil
AIRFLOW_CTX_DAG_ID=dag1
AIRFLOW_CTX_TASK_ID=save_to_parquet
AIRFLOW_CTX_EXECUTION_DATE=2022-10-30T22:00:00+00:00
AIRFLOW_CTX_DAG_RUN_ID=scheduled__2022-10-30T22:00:00+00:00
[2022-12-04 09:56:04,457] {python.py:175} INFO - Done. Returned value was: None
[2022-12-04 09:56:04,482] {taskinstance.py:1277} INFO - Marking task as SUCCESS. dag_id=dag1, task_id=save_to_parquet, execution_date=20221030T220000, start_date=20221204T095602, end_date=20221204T095604
[2022-12-04 09:56:04,598] {local_task_job.py:154} INFO - Task exited with return code 0
[2022-12-04 09:56:04,702] {local_task_job.py:264} INFO - 0 downstream tasks scheduled from follow-on schedule check
