[2022-12-04 17:46:03,003] {taskinstance.py:1032} INFO - Dependencies all met for <TaskInstance: dag1.get_data scheduled__2022-11-10T16:20:00+00:00 [queued]>
[2022-12-04 17:46:03,031] {taskinstance.py:1032} INFO - Dependencies all met for <TaskInstance: dag1.get_data scheduled__2022-11-10T16:20:00+00:00 [queued]>
[2022-12-04 17:46:03,032] {taskinstance.py:1238} INFO - 
--------------------------------------------------------------------------------
[2022-12-04 17:46:03,033] {taskinstance.py:1239} INFO - Starting attempt 1 of 2
[2022-12-04 17:46:03,033] {taskinstance.py:1240} INFO - 
--------------------------------------------------------------------------------
[2022-12-04 17:46:03,052] {taskinstance.py:1259} INFO - Executing <Task(PythonOperator): get_data> on 2022-11-10 16:20:00+00:00
[2022-12-04 17:46:03,059] {standard_task_runner.py:52} INFO - Started process 19943 to run task
[2022-12-04 17:46:03,065] {standard_task_runner.py:76} INFO - Running: ['***', 'tasks', 'run', 'dag1', 'get_data', 'scheduled__2022-11-10T16:20:00+00:00', '--job-id', '10867', '--raw', '--subdir', 'DAGS_FOLDER/AirflowClean2.py', '--cfg-path', '/tmp/tmpk9zm2948', '--error-file', '/tmp/tmpc7de3yk2']
[2022-12-04 17:46:03,067] {standard_task_runner.py:77} INFO - Job 10867: Subtask get_data
[2022-12-04 17:46:03,187] {logging_mixin.py:109} INFO - Running <TaskInstance: dag1.get_data scheduled__2022-11-10T16:20:00+00:00 [running]> on host 7a020590adae
[2022-12-04 17:46:03,688] {taskinstance.py:1426} INFO - Exporting the following env vars:
AIRFLOW_CTX_DAG_OWNER=Fadlil
AIRFLOW_CTX_DAG_ID=dag1
AIRFLOW_CTX_TASK_ID=get_data
AIRFLOW_CTX_EXECUTION_DATE=2022-11-10T16:20:00+00:00
AIRFLOW_CTX_DAG_RUN_ID=scheduled__2022-11-10T16:20:00+00:00
[2022-12-04 17:46:04,629] {python.py:175} INFO - Done. Returned value was: None
[2022-12-04 17:46:04,698] {taskinstance.py:1277} INFO - Marking task as SUCCESS. dag_id=dag1, task_id=get_data, execution_date=20221110T162000, start_date=20221204T174603, end_date=20221204T174604
[2022-12-04 17:46:04,840] {local_task_job.py:154} INFO - Task exited with return code 0
[2022-12-04 17:46:05,074] {local_task_job.py:264} INFO - 1 downstream tasks scheduled from follow-on schedule check
