[2022-12-04 13:41:05,358] {taskinstance.py:1032} INFO - Dependencies all met for <TaskInstance: dag1.bigquery_external_table_task scheduled__2022-11-07T10:50:00+00:00 [queued]>
[2022-12-04 13:41:05,377] {taskinstance.py:1032} INFO - Dependencies all met for <TaskInstance: dag1.bigquery_external_table_task scheduled__2022-11-07T10:50:00+00:00 [queued]>
[2022-12-04 13:41:05,378] {taskinstance.py:1238} INFO - 
--------------------------------------------------------------------------------
[2022-12-04 13:41:05,378] {taskinstance.py:1239} INFO - Starting attempt 1 of 2
[2022-12-04 13:41:05,379] {taskinstance.py:1240} INFO - 
--------------------------------------------------------------------------------
[2022-12-04 13:41:05,397] {taskinstance.py:1259} INFO - Executing <Task(BigQueryCreateExternalTableOperator): bigquery_external_table_task> on 2022-11-07 10:50:00+00:00
[2022-12-04 13:41:05,404] {standard_task_runner.py:52} INFO - Started process 5700 to run task
[2022-12-04 13:41:05,409] {standard_task_runner.py:76} INFO - Running: ['***', 'tasks', 'run', 'dag1', 'bigquery_external_table_task', 'scheduled__2022-11-07T10:50:00+00:00', '--job-id', '7912', '--raw', '--subdir', 'DAGS_FOLDER/AirflowClean2.py', '--cfg-path', '/tmp/tmpg3yg5ix5', '--error-file', '/tmp/tmpyjs9vr_x']
[2022-12-04 13:41:05,410] {standard_task_runner.py:77} INFO - Job 7912: Subtask bigquery_external_table_task
[2022-12-04 13:41:05,499] {logging_mixin.py:109} INFO - Running <TaskInstance: dag1.bigquery_external_table_task scheduled__2022-11-07T10:50:00+00:00 [running]> on host 7a020590adae
[2022-12-04 13:41:05,592] {taskinstance.py:1426} INFO - Exporting the following env vars:
AIRFLOW_CTX_DAG_OWNER=Fadlil
AIRFLOW_CTX_DAG_ID=dag1
AIRFLOW_CTX_TASK_ID=bigquery_external_table_task
AIRFLOW_CTX_EXECUTION_DATE=2022-11-07T10:50:00+00:00
AIRFLOW_CTX_DAG_RUN_ID=scheduled__2022-11-07T10:50:00+00:00
[2022-12-04 13:41:05,594] {crypto.py:82} WARNING - empty cryptography key - values will not be stored encrypted.
[2022-12-04 13:41:07,121] {taskinstance.py:1277} INFO - Marking task as SUCCESS. dag_id=dag1, task_id=bigquery_external_table_task, execution_date=20221107T105000, start_date=20221204T134105, end_date=20221204T134107
[2022-12-04 13:41:07,236] {local_task_job.py:154} INFO - Task exited with return code 0
[2022-12-04 13:41:07,906] {local_task_job.py:264} INFO - 0 downstream tasks scheduled from follow-on schedule check
