[2022-12-03 17:47:36,782] {taskinstance.py:1032} INFO - Dependencies all met for <TaskInstance: dag1.save_to_csv scheduled__2022-10-26T13:10:00+00:00 [queued]>
[2022-12-03 17:47:36,859] {taskinstance.py:1032} INFO - Dependencies all met for <TaskInstance: dag1.save_to_csv scheduled__2022-10-26T13:10:00+00:00 [queued]>
[2022-12-03 17:47:36,860] {taskinstance.py:1238} INFO - 
--------------------------------------------------------------------------------
[2022-12-03 17:47:36,861] {taskinstance.py:1239} INFO - Starting attempt 1 of 2
[2022-12-03 17:47:36,862] {taskinstance.py:1240} INFO - 
--------------------------------------------------------------------------------
[2022-12-03 17:47:36,959] {taskinstance.py:1259} INFO - Executing <Task(PythonOperator): save_to_csv> on 2022-10-26 13:10:00+00:00
[2022-12-03 17:47:36,978] {standard_task_runner.py:52} INFO - Started process 580 to run task
[2022-12-03 17:47:36,989] {standard_task_runner.py:76} INFO - Running: ['***', 'tasks', 'run', 'dag1', 'save_to_csv', 'scheduled__2022-10-26T13:10:00+00:00', '--job-id', '317', '--raw', '--subdir', 'DAGS_FOLDER/AirflowClean2.py', '--cfg-path', '/tmp/tmp9tmtiheu', '--error-file', '/tmp/tmpe1d70_w0']
[2022-12-03 17:47:37,032] {standard_task_runner.py:77} INFO - Job 317: Subtask save_to_csv
[2022-12-03 17:47:37,289] {logging_mixin.py:109} INFO - Running <TaskInstance: dag1.save_to_csv scheduled__2022-10-26T13:10:00+00:00 [running]> on host 422c372562ce
[2022-12-03 17:47:37,604] {taskinstance.py:1426} INFO - Exporting the following env vars:
AIRFLOW_CTX_DAG_OWNER=Fadlil
AIRFLOW_CTX_DAG_ID=dag1
AIRFLOW_CTX_TASK_ID=save_to_csv
AIRFLOW_CTX_EXECUTION_DATE=2022-10-26T13:10:00+00:00
AIRFLOW_CTX_DAG_RUN_ID=scheduled__2022-10-26T13:10:00+00:00
[2022-12-03 17:47:37,907] {python.py:175} INFO - Done. Returned value was: None
[2022-12-03 17:47:37,938] {taskinstance.py:1277} INFO - Marking task as SUCCESS. dag_id=dag1, task_id=save_to_csv, execution_date=20221026T131000, start_date=20221203T174736, end_date=20221203T174737
[2022-12-03 17:47:38,054] {local_task_job.py:154} INFO - Task exited with return code 0
[2022-12-03 17:47:38,393] {local_task_job.py:264} INFO - 1 downstream tasks scheduled from follow-on schedule check
