[2022-12-04 11:43:37,374] {taskinstance.py:1032} INFO - Dependencies all met for <TaskInstance: dag1.local_to_gcs_task scheduled__2022-11-04T20:10:00+00:00 [queued]>
[2022-12-04 11:43:37,465] {taskinstance.py:1032} INFO - Dependencies all met for <TaskInstance: dag1.local_to_gcs_task scheduled__2022-11-04T20:10:00+00:00 [queued]>
[2022-12-04 11:43:37,473] {taskinstance.py:1238} INFO - 
--------------------------------------------------------------------------------
[2022-12-04 11:43:37,476] {taskinstance.py:1239} INFO - Starting attempt 1 of 2
[2022-12-04 11:43:37,477] {taskinstance.py:1240} INFO - 
--------------------------------------------------------------------------------
[2022-12-04 11:43:37,656] {taskinstance.py:1259} INFO - Executing <Task(PythonOperator): local_to_gcs_task> on 2022-11-04 20:10:00+00:00
[2022-12-04 11:43:37,725] {standard_task_runner.py:52} INFO - Started process 14395 to run task
[2022-12-04 11:43:37,748] {standard_task_runner.py:76} INFO - Running: ['***', 'tasks', 'run', 'dag1', 'local_to_gcs_task', 'scheduled__2022-11-04T20:10:00+00:00', '--job-id', '5652', '--raw', '--subdir', 'DAGS_FOLDER/AirflowClean2.py', '--cfg-path', '/tmp/tmp3gsqj3xv', '--error-file', '/tmp/tmp7hsg03_1']
[2022-12-04 11:43:37,780] {standard_task_runner.py:77} INFO - Job 5652: Subtask local_to_gcs_task
[2022-12-04 11:43:38,111] {logging_mixin.py:109} INFO - Running <TaskInstance: dag1.local_to_gcs_task scheduled__2022-11-04T20:10:00+00:00 [running]> on host 9e44869ff3ef
[2022-12-04 11:43:38,555] {taskinstance.py:1426} INFO - Exporting the following env vars:
AIRFLOW_CTX_DAG_OWNER=Fadlil
AIRFLOW_CTX_DAG_ID=dag1
AIRFLOW_CTX_TASK_ID=local_to_gcs_task
AIRFLOW_CTX_EXECUTION_DATE=2022-11-04T20:10:00+00:00
AIRFLOW_CTX_DAG_RUN_ID=scheduled__2022-11-04T20:10:00+00:00
[2022-12-04 11:43:39,365] {python.py:175} INFO - Done. Returned value was: None
[2022-12-04 11:43:40,070] {taskinstance.py:1277} INFO - Marking task as SUCCESS. dag_id=dag1, task_id=local_to_gcs_task, execution_date=20221104T201000, start_date=20221204T114337, end_date=20221204T114340
[2022-12-04 11:43:40,270] {local_task_job.py:154} INFO - Task exited with return code 0
[2022-12-04 11:43:40,537] {local_task_job.py:264} INFO - 1 downstream tasks scheduled from follow-on schedule check
