[2022-12-04 05:18:48,351] {taskinstance.py:1032} INFO - Dependencies all met for <TaskInstance: dag1.save_to_csv scheduled__2022-10-29T10:00:00+00:00 [queued]>
[2022-12-04 05:18:48,393] {taskinstance.py:1032} INFO - Dependencies all met for <TaskInstance: dag1.save_to_csv scheduled__2022-10-29T10:00:00+00:00 [queued]>
[2022-12-04 05:18:48,398] {taskinstance.py:1238} INFO - 
--------------------------------------------------------------------------------
[2022-12-04 05:18:48,398] {taskinstance.py:1239} INFO - Starting attempt 1 of 2
[2022-12-04 05:18:48,399] {taskinstance.py:1240} INFO - 
--------------------------------------------------------------------------------
[2022-12-04 05:18:48,469] {taskinstance.py:1259} INFO - Executing <Task(PythonOperator): save_to_csv> on 2022-10-29 10:00:00+00:00
[2022-12-04 05:18:48,492] {standard_task_runner.py:52} INFO - Started process 8210 to run task
[2022-12-04 05:18:48,553] {standard_task_runner.py:76} INFO - Running: ['***', 'tasks', 'run', 'dag1', 'save_to_csv', 'scheduled__2022-10-29T10:00:00+00:00', '--job-id', '1993', '--raw', '--subdir', 'DAGS_FOLDER/AirflowClean2.py', '--cfg-path', '/tmp/tmp8gzhecmb', '--error-file', '/tmp/tmpt8xnum8m']
[2022-12-04 05:18:48,632] {standard_task_runner.py:77} INFO - Job 1993: Subtask save_to_csv
[2022-12-04 05:18:49,016] {logging_mixin.py:109} INFO - Running <TaskInstance: dag1.save_to_csv scheduled__2022-10-29T10:00:00+00:00 [running]> on host 422c372562ce
[2022-12-04 05:18:55,802] {taskinstance.py:1426} INFO - Exporting the following env vars:
AIRFLOW_CTX_DAG_OWNER=Fadlil
AIRFLOW_CTX_DAG_ID=dag1
AIRFLOW_CTX_TASK_ID=save_to_csv
AIRFLOW_CTX_EXECUTION_DATE=2022-10-29T10:00:00+00:00
AIRFLOW_CTX_DAG_RUN_ID=scheduled__2022-10-29T10:00:00+00:00
[2022-12-04 05:19:02,368] {python.py:175} INFO - Done. Returned value was: None
[2022-12-04 05:19:02,861] {taskinstance.py:1277} INFO - Marking task as SUCCESS. dag_id=dag1, task_id=save_to_csv, execution_date=20221029T100000, start_date=20221204T051848, end_date=20221204T051902
[2022-12-04 05:19:03,115] {local_task_job.py:212} WARNING - State of this instance has been externally set to success. Terminating instance.
