[2022-12-04 13:15:04,534] {taskinstance.py:1032} INFO - Dependencies all met for <TaskInstance: dag1.get_data scheduled__2022-11-06T21:30:00+00:00 [queued]>
[2022-12-04 13:15:04,549] {taskinstance.py:1032} INFO - Dependencies all met for <TaskInstance: dag1.get_data scheduled__2022-11-06T21:30:00+00:00 [queued]>
[2022-12-04 13:15:04,550] {taskinstance.py:1238} INFO - 
--------------------------------------------------------------------------------
[2022-12-04 13:15:04,550] {taskinstance.py:1239} INFO - Starting attempt 1 of 2
[2022-12-04 13:15:04,551] {taskinstance.py:1240} INFO - 
--------------------------------------------------------------------------------
[2022-12-04 13:15:04,570] {taskinstance.py:1259} INFO - Executing <Task(PythonOperator): get_data> on 2022-11-06 21:30:00+00:00
[2022-12-04 13:15:04,576] {standard_task_runner.py:52} INFO - Started process 3331 to run task
[2022-12-04 13:15:04,581] {standard_task_runner.py:76} INFO - Running: ['***', 'tasks', 'run', 'dag1', 'get_data', 'scheduled__2022-11-06T21:30:00+00:00', '--job-id', '7400', '--raw', '--subdir', 'DAGS_FOLDER/AirflowClean2.py', '--cfg-path', '/tmp/tmpiomcp5v8', '--error-file', '/tmp/tmpk3abc4po']
[2022-12-04 13:15:04,583] {standard_task_runner.py:77} INFO - Job 7400: Subtask get_data
[2022-12-04 13:15:04,692] {logging_mixin.py:109} INFO - Running <TaskInstance: dag1.get_data scheduled__2022-11-06T21:30:00+00:00 [running]> on host 7a020590adae
[2022-12-04 13:15:04,790] {taskinstance.py:1426} INFO - Exporting the following env vars:
AIRFLOW_CTX_DAG_OWNER=Fadlil
AIRFLOW_CTX_DAG_ID=dag1
AIRFLOW_CTX_TASK_ID=get_data
AIRFLOW_CTX_EXECUTION_DATE=2022-11-06T21:30:00+00:00
AIRFLOW_CTX_DAG_RUN_ID=scheduled__2022-11-06T21:30:00+00:00
[2022-12-04 13:15:05,442] {python.py:175} INFO - Done. Returned value was: None
[2022-12-04 13:15:05,455] {taskinstance.py:1277} INFO - Marking task as SUCCESS. dag_id=dag1, task_id=get_data, execution_date=20221106T213000, start_date=20221204T131504, end_date=20221204T131505
[2022-12-04 13:15:05,514] {local_task_job.py:154} INFO - Task exited with return code 0
[2022-12-04 13:15:05,576] {local_task_job.py:264} INFO - 1 downstream tasks scheduled from follow-on schedule check
