[2022-12-04 13:20:23,383] {taskinstance.py:1032} INFO - Dependencies all met for <TaskInstance: dag1.bigquery_external_table_task scheduled__2022-11-07T00:10:00+00:00 [queued]>
[2022-12-04 13:20:23,450] {taskinstance.py:1032} INFO - Dependencies all met for <TaskInstance: dag1.bigquery_external_table_task scheduled__2022-11-07T00:10:00+00:00 [queued]>
[2022-12-04 13:20:23,466] {taskinstance.py:1238} INFO - 
--------------------------------------------------------------------------------
[2022-12-04 13:20:23,474] {taskinstance.py:1239} INFO - Starting attempt 1 of 2
[2022-12-04 13:20:23,475] {taskinstance.py:1240} INFO - 
--------------------------------------------------------------------------------
[2022-12-04 13:20:23,601] {taskinstance.py:1259} INFO - Executing <Task(BigQueryCreateExternalTableOperator): bigquery_external_table_task> on 2022-11-07 00:10:00+00:00
[2022-12-04 13:20:23,665] {standard_task_runner.py:52} INFO - Started process 3814 to run task
[2022-12-04 13:20:23,676] {standard_task_runner.py:76} INFO - Running: ['***', 'tasks', 'run', 'dag1', 'bigquery_external_table_task', 'scheduled__2022-11-07T00:10:00+00:00', '--job-id', '7503', '--raw', '--subdir', 'DAGS_FOLDER/AirflowClean2.py', '--cfg-path', '/tmp/tmpdd63l0w6', '--error-file', '/tmp/tmpzwadgjen']
[2022-12-04 13:20:23,691] {standard_task_runner.py:77} INFO - Job 7503: Subtask bigquery_external_table_task
[2022-12-04 13:20:24,000] {logging_mixin.py:109} INFO - Running <TaskInstance: dag1.bigquery_external_table_task scheduled__2022-11-07T00:10:00+00:00 [running]> on host 7a020590adae
[2022-12-04 13:20:24,390] {taskinstance.py:1426} INFO - Exporting the following env vars:
AIRFLOW_CTX_DAG_OWNER=Fadlil
AIRFLOW_CTX_DAG_ID=dag1
AIRFLOW_CTX_TASK_ID=bigquery_external_table_task
AIRFLOW_CTX_EXECUTION_DATE=2022-11-07T00:10:00+00:00
AIRFLOW_CTX_DAG_RUN_ID=scheduled__2022-11-07T00:10:00+00:00
[2022-12-04 13:20:24,392] {crypto.py:82} WARNING - empty cryptography key - values will not be stored encrypted.
[2022-12-04 13:20:25,701] {taskinstance.py:1277} INFO - Marking task as SUCCESS. dag_id=dag1, task_id=bigquery_external_table_task, execution_date=20221107T001000, start_date=20221204T132023, end_date=20221204T132025
[2022-12-04 13:20:25,756] {local_task_job.py:154} INFO - Task exited with return code 0
[2022-12-04 13:20:25,848] {local_task_job.py:264} INFO - 1 downstream tasks scheduled from follow-on schedule check
