[2022-12-04 15:04:53,448] {taskinstance.py:1032} INFO - Dependencies all met for <TaskInstance: dag1.bigquery_external_table_task scheduled__2022-11-09T04:20:00+00:00 [queued]>
[2022-12-04 15:04:53,477] {taskinstance.py:1032} INFO - Dependencies all met for <TaskInstance: dag1.bigquery_external_table_task scheduled__2022-11-09T04:20:00+00:00 [queued]>
[2022-12-04 15:04:53,479] {taskinstance.py:1238} INFO - 
--------------------------------------------------------------------------------
[2022-12-04 15:04:53,483] {taskinstance.py:1239} INFO - Starting attempt 1 of 2
[2022-12-04 15:04:53,484] {taskinstance.py:1240} INFO - 
--------------------------------------------------------------------------------
[2022-12-04 15:04:53,517] {taskinstance.py:1259} INFO - Executing <Task(BigQueryCreateExternalTableOperator): bigquery_external_table_task> on 2022-11-09 04:20:00+00:00
[2022-12-04 15:04:53,525] {standard_task_runner.py:52} INFO - Started process 13363 to run task
[2022-12-04 15:04:53,535] {standard_task_runner.py:76} INFO - Running: ['***', 'tasks', 'run', 'dag1', 'bigquery_external_table_task', 'scheduled__2022-11-09T04:20:00+00:00', '--job-id', '9508', '--raw', '--subdir', 'DAGS_FOLDER/AirflowClean2.py', '--cfg-path', '/tmp/tmpt0om1_ft', '--error-file', '/tmp/tmp8ulgs0r8']
[2022-12-04 15:04:53,538] {standard_task_runner.py:77} INFO - Job 9508: Subtask bigquery_external_table_task
[2022-12-04 15:04:53,840] {logging_mixin.py:109} INFO - Running <TaskInstance: dag1.bigquery_external_table_task scheduled__2022-11-09T04:20:00+00:00 [running]> on host 7a020590adae
[2022-12-04 15:04:53,968] {taskinstance.py:1426} INFO - Exporting the following env vars:
AIRFLOW_CTX_DAG_OWNER=Fadlil
AIRFLOW_CTX_DAG_ID=dag1
AIRFLOW_CTX_TASK_ID=bigquery_external_table_task
AIRFLOW_CTX_EXECUTION_DATE=2022-11-09T04:20:00+00:00
AIRFLOW_CTX_DAG_RUN_ID=scheduled__2022-11-09T04:20:00+00:00
[2022-12-04 15:04:53,973] {crypto.py:82} WARNING - empty cryptography key - values will not be stored encrypted.
[2022-12-04 15:04:55,094] {taskinstance.py:1277} INFO - Marking task as SUCCESS. dag_id=dag1, task_id=bigquery_external_table_task, execution_date=20221109T042000, start_date=20221204T150453, end_date=20221204T150455
[2022-12-04 15:04:55,133] {local_task_job.py:154} INFO - Task exited with return code 0
[2022-12-04 15:04:55,178] {local_task_job.py:264} INFO - 1 downstream tasks scheduled from follow-on schedule check
