[2022-12-04 17:34:22,114] {taskinstance.py:1032} INFO - Dependencies all met for <TaskInstance: dag1.get_data scheduled__2022-11-10T11:00:00+00:00 [queued]>
[2022-12-04 17:34:22,191] {taskinstance.py:1032} INFO - Dependencies all met for <TaskInstance: dag1.get_data scheduled__2022-11-10T11:00:00+00:00 [queued]>
[2022-12-04 17:34:22,202] {taskinstance.py:1238} INFO - 
--------------------------------------------------------------------------------
[2022-12-04 17:34:22,204] {taskinstance.py:1239} INFO - Starting attempt 1 of 2
[2022-12-04 17:34:22,205] {taskinstance.py:1240} INFO - 
--------------------------------------------------------------------------------
[2022-12-04 17:34:22,294] {taskinstance.py:1259} INFO - Executing <Task(PythonOperator): get_data> on 2022-11-10 11:00:00+00:00
[2022-12-04 17:34:22,309] {standard_task_runner.py:52} INFO - Started process 18944 to run task
[2022-12-04 17:34:22,335] {standard_task_runner.py:76} INFO - Running: ['***', 'tasks', 'run', 'dag1', 'get_data', 'scheduled__2022-11-10T11:00:00+00:00', '--job-id', '10659', '--raw', '--subdir', 'DAGS_FOLDER/AirflowClean2.py', '--cfg-path', '/tmp/tmp90tqnck8', '--error-file', '/tmp/tmpkmcm6iqr']
[2022-12-04 17:34:22,338] {standard_task_runner.py:77} INFO - Job 10659: Subtask get_data
[2022-12-04 17:34:22,702] {logging_mixin.py:109} INFO - Running <TaskInstance: dag1.get_data scheduled__2022-11-10T11:00:00+00:00 [running]> on host 7a020590adae
[2022-12-04 17:34:22,969] {taskinstance.py:1426} INFO - Exporting the following env vars:
AIRFLOW_CTX_DAG_OWNER=Fadlil
AIRFLOW_CTX_DAG_ID=dag1
AIRFLOW_CTX_TASK_ID=get_data
AIRFLOW_CTX_EXECUTION_DATE=2022-11-10T11:00:00+00:00
AIRFLOW_CTX_DAG_RUN_ID=scheduled__2022-11-10T11:00:00+00:00
[2022-12-04 17:34:23,784] {python.py:175} INFO - Done. Returned value was: None
[2022-12-04 17:34:23,853] {taskinstance.py:1277} INFO - Marking task as SUCCESS. dag_id=dag1, task_id=get_data, execution_date=20221110T110000, start_date=20221204T173422, end_date=20221204T173423
[2022-12-04 17:34:23,989] {local_task_job.py:154} INFO - Task exited with return code 0
[2022-12-04 17:34:24,210] {local_task_job.py:264} INFO - 1 downstream tasks scheduled from follow-on schedule check
