[2022-12-04 10:36:57,372] {taskinstance.py:1032} INFO - Dependencies all met for <TaskInstance: dag1.get_data scheduled__2022-11-01T04:10:00+00:00 [queued]>
[2022-12-04 10:36:57,393] {taskinstance.py:1032} INFO - Dependencies all met for <TaskInstance: dag1.get_data scheduled__2022-11-01T04:10:00+00:00 [queued]>
[2022-12-04 10:36:57,393] {taskinstance.py:1238} INFO - 
--------------------------------------------------------------------------------
[2022-12-04 10:36:57,394] {taskinstance.py:1239} INFO - Starting attempt 1 of 2
[2022-12-04 10:36:57,395] {taskinstance.py:1240} INFO - 
--------------------------------------------------------------------------------
[2022-12-04 10:36:57,429] {taskinstance.py:1259} INFO - Executing <Task(PythonOperator): get_data> on 2022-11-01 04:10:00+00:00
[2022-12-04 10:36:57,441] {standard_task_runner.py:52} INFO - Started process 6491 to run task
[2022-12-04 10:36:57,455] {standard_task_runner.py:76} INFO - Running: ['***', 'tasks', 'run', 'dag1', 'get_data', 'scheduled__2022-11-01T04:10:00+00:00', '--job-id', '3471', '--raw', '--subdir', 'DAGS_FOLDER/AirflowClean2.py', '--cfg-path', '/tmp/tmpay5idb76', '--error-file', '/tmp/tmpc1vk_5ii']
[2022-12-04 10:36:57,457] {standard_task_runner.py:77} INFO - Job 3471: Subtask get_data
[2022-12-04 10:36:57,909] {logging_mixin.py:109} INFO - Running <TaskInstance: dag1.get_data scheduled__2022-11-01T04:10:00+00:00 [running]> on host 9e44869ff3ef
[2022-12-04 10:36:58,009] {taskinstance.py:1426} INFO - Exporting the following env vars:
AIRFLOW_CTX_DAG_OWNER=Fadlil
AIRFLOW_CTX_DAG_ID=dag1
AIRFLOW_CTX_TASK_ID=get_data
AIRFLOW_CTX_EXECUTION_DATE=2022-11-01T04:10:00+00:00
AIRFLOW_CTX_DAG_RUN_ID=scheduled__2022-11-01T04:10:00+00:00
[2022-12-04 10:36:58,858] {python.py:175} INFO - Done. Returned value was: None
[2022-12-04 10:36:59,243] {taskinstance.py:1277} INFO - Marking task as SUCCESS. dag_id=dag1, task_id=get_data, execution_date=20221101T041000, start_date=20221204T103657, end_date=20221204T103659
[2022-12-04 10:36:59,313] {local_task_job.py:154} INFO - Task exited with return code 0
[2022-12-04 10:37:00,673] {local_task_job.py:264} INFO - 0 downstream tasks scheduled from follow-on schedule check
