[2022-12-04 09:29:18,669] {taskinstance.py:1032} INFO - Dependencies all met for <TaskInstance: dag1.save_to_csv scheduled__2022-10-30T06:00:00+00:00 [queued]>
[2022-12-04 09:29:18,698] {taskinstance.py:1032} INFO - Dependencies all met for <TaskInstance: dag1.save_to_csv scheduled__2022-10-30T06:00:00+00:00 [queued]>
[2022-12-04 09:29:18,699] {taskinstance.py:1238} INFO - 
--------------------------------------------------------------------------------
[2022-12-04 09:29:18,699] {taskinstance.py:1239} INFO - Starting attempt 1 of 2
[2022-12-04 09:29:18,700] {taskinstance.py:1240} INFO - 
--------------------------------------------------------------------------------
[2022-12-04 09:29:18,754] {taskinstance.py:1259} INFO - Executing <Task(PythonOperator): save_to_csv> on 2022-10-30 06:00:00+00:00
[2022-12-04 09:29:18,769] {standard_task_runner.py:52} INFO - Started process 1045 to run task
[2022-12-04 09:29:18,816] {standard_task_runner.py:76} INFO - Running: ['***', 'tasks', 'run', 'dag1', 'save_to_csv', 'scheduled__2022-10-30T06:00:00+00:00', '--job-id', '2440', '--raw', '--subdir', 'DAGS_FOLDER/AirflowClean2.py', '--cfg-path', '/tmp/tmpfuub2yr_', '--error-file', '/tmp/tmp4ir_fo06']
[2022-12-04 09:29:18,824] {standard_task_runner.py:77} INFO - Job 2440: Subtask save_to_csv
[2022-12-04 09:29:19,067] {logging_mixin.py:109} INFO - Running <TaskInstance: dag1.save_to_csv scheduled__2022-10-30T06:00:00+00:00 [running]> on host 9e44869ff3ef
[2022-12-04 09:29:19,252] {taskinstance.py:1426} INFO - Exporting the following env vars:
AIRFLOW_CTX_DAG_OWNER=Fadlil
AIRFLOW_CTX_DAG_ID=dag1
AIRFLOW_CTX_TASK_ID=save_to_csv
AIRFLOW_CTX_EXECUTION_DATE=2022-10-30T06:00:00+00:00
AIRFLOW_CTX_DAG_RUN_ID=scheduled__2022-10-30T06:00:00+00:00
[2022-12-04 09:29:19,359] {python.py:175} INFO - Done. Returned value was: None
[2022-12-04 09:29:19,481] {taskinstance.py:1277} INFO - Marking task as SUCCESS. dag_id=dag1, task_id=save_to_csv, execution_date=20221030T060000, start_date=20221204T092918, end_date=20221204T092919
[2022-12-04 09:29:19,609] {local_task_job.py:154} INFO - Task exited with return code 0
[2022-12-04 09:29:19,777] {local_task_job.py:264} INFO - 1 downstream tasks scheduled from follow-on schedule check
