[2022-12-04 03:50:29,393] {taskinstance.py:1032} INFO - Dependencies all met for <TaskInstance: dag1.get_data scheduled__2022-10-27T19:20:00+00:00 [queued]>
[2022-12-04 03:50:29,413] {taskinstance.py:1032} INFO - Dependencies all met for <TaskInstance: dag1.get_data scheduled__2022-10-27T19:20:00+00:00 [queued]>
[2022-12-04 03:50:29,414] {taskinstance.py:1238} INFO - 
--------------------------------------------------------------------------------
[2022-12-04 03:50:29,417] {taskinstance.py:1239} INFO - Starting attempt 1 of 2
[2022-12-04 03:50:29,418] {taskinstance.py:1240} INFO - 
--------------------------------------------------------------------------------
[2022-12-04 03:50:29,453] {taskinstance.py:1259} INFO - Executing <Task(PythonOperator): get_data> on 2022-10-27 19:20:00+00:00
[2022-12-04 03:50:29,458] {standard_task_runner.py:52} INFO - Started process 2995 to run task
[2022-12-04 03:50:29,467] {standard_task_runner.py:76} INFO - Running: ['***', 'tasks', 'run', 'dag1', 'get_data', 'scheduled__2022-10-27T19:20:00+00:00', '--job-id', '1066', '--raw', '--subdir', 'DAGS_FOLDER/AirflowClean2.py', '--cfg-path', '/tmp/tmp1rsrv3_w', '--error-file', '/tmp/tmp6yrpb7gq']
[2022-12-04 03:50:29,505] {standard_task_runner.py:77} INFO - Job 1066: Subtask get_data
[2022-12-04 03:50:29,930] {logging_mixin.py:109} INFO - Running <TaskInstance: dag1.get_data scheduled__2022-10-27T19:20:00+00:00 [running]> on host 422c372562ce
[2022-12-04 03:50:30,150] {taskinstance.py:1426} INFO - Exporting the following env vars:
AIRFLOW_CTX_DAG_OWNER=Fadlil
AIRFLOW_CTX_DAG_ID=dag1
AIRFLOW_CTX_TASK_ID=get_data
AIRFLOW_CTX_EXECUTION_DATE=2022-10-27T19:20:00+00:00
AIRFLOW_CTX_DAG_RUN_ID=scheduled__2022-10-27T19:20:00+00:00
[2022-12-04 03:50:31,079] {python.py:175} INFO - Done. Returned value was: None
[2022-12-04 03:50:31,125] {taskinstance.py:1277} INFO - Marking task as SUCCESS. dag_id=dag1, task_id=get_data, execution_date=20221027T192000, start_date=20221204T035029, end_date=20221204T035031
[2022-12-04 03:50:31,589] {local_task_job.py:154} INFO - Task exited with return code 0
[2022-12-04 03:50:33,369] {local_task_job.py:264} INFO - 1 downstream tasks scheduled from follow-on schedule check
