[2022-12-03 17:53:21,976] {taskinstance.py:1032} INFO - Dependencies all met for <TaskInstance: dag1.save_to_csv scheduled__2022-10-26T16:20:00+00:00 [queued]>
[2022-12-03 17:53:22,161] {taskinstance.py:1032} INFO - Dependencies all met for <TaskInstance: dag1.save_to_csv scheduled__2022-10-26T16:20:00+00:00 [queued]>
[2022-12-03 17:53:22,162] {taskinstance.py:1238} INFO - 
--------------------------------------------------------------------------------
[2022-12-03 17:53:22,163] {taskinstance.py:1239} INFO - Starting attempt 1 of 2
[2022-12-03 17:53:22,163] {taskinstance.py:1240} INFO - 
--------------------------------------------------------------------------------
[2022-12-03 17:53:22,346] {taskinstance.py:1259} INFO - Executing <Task(PythonOperator): save_to_csv> on 2022-10-26 16:20:00+00:00
[2022-12-03 17:53:22,375] {standard_task_runner.py:52} INFO - Started process 1007 to run task
[2022-12-03 17:53:22,425] {standard_task_runner.py:76} INFO - Running: ['***', 'tasks', 'run', 'dag1', 'save_to_csv', 'scheduled__2022-10-26T16:20:00+00:00', '--job-id', '390', '--raw', '--subdir', 'DAGS_FOLDER/AirflowClean2.py', '--cfg-path', '/tmp/tmpdow8ocek', '--error-file', '/tmp/tmpv__1u0ea']
[2022-12-03 17:53:22,441] {standard_task_runner.py:77} INFO - Job 390: Subtask save_to_csv
[2022-12-03 17:53:23,116] {logging_mixin.py:109} INFO - Running <TaskInstance: dag1.save_to_csv scheduled__2022-10-26T16:20:00+00:00 [running]> on host 422c372562ce
[2022-12-03 17:53:23,962] {taskinstance.py:1426} INFO - Exporting the following env vars:
AIRFLOW_CTX_DAG_OWNER=Fadlil
AIRFLOW_CTX_DAG_ID=dag1
AIRFLOW_CTX_TASK_ID=save_to_csv
AIRFLOW_CTX_EXECUTION_DATE=2022-10-26T16:20:00+00:00
AIRFLOW_CTX_DAG_RUN_ID=scheduled__2022-10-26T16:20:00+00:00
[2022-12-03 17:53:24,257] {python.py:175} INFO - Done. Returned value was: None
[2022-12-03 17:53:24,465] {taskinstance.py:1277} INFO - Marking task as SUCCESS. dag_id=dag1, task_id=save_to_csv, execution_date=20221026T162000, start_date=20221203T175321, end_date=20221203T175324
[2022-12-03 17:53:25,114] {local_task_job.py:154} INFO - Task exited with return code 0
[2022-12-03 17:53:25,762] {local_task_job.py:264} INFO - 0 downstream tasks scheduled from follow-on schedule check
