[2022-12-04 14:29:38,376] {taskinstance.py:1032} INFO - Dependencies all met for <TaskInstance: dag1.get_data scheduled__2022-11-08T11:00:00+00:00 [queued]>
[2022-12-04 14:29:38,396] {taskinstance.py:1032} INFO - Dependencies all met for <TaskInstance: dag1.get_data scheduled__2022-11-08T11:00:00+00:00 [queued]>
[2022-12-04 14:29:38,396] {taskinstance.py:1238} INFO - 
--------------------------------------------------------------------------------
[2022-12-04 14:29:38,397] {taskinstance.py:1239} INFO - Starting attempt 1 of 2
[2022-12-04 14:29:38,397] {taskinstance.py:1240} INFO - 
--------------------------------------------------------------------------------
[2022-12-04 14:29:38,419] {taskinstance.py:1259} INFO - Executing <Task(PythonOperator): get_data> on 2022-11-08 11:00:00+00:00
[2022-12-04 14:29:38,426] {standard_task_runner.py:52} INFO - Started process 10137 to run task
[2022-12-04 14:29:38,431] {standard_task_runner.py:76} INFO - Running: ['***', 'tasks', 'run', 'dag1', 'get_data', 'scheduled__2022-11-08T11:00:00+00:00', '--job-id', '8840', '--raw', '--subdir', 'DAGS_FOLDER/AirflowClean2.py', '--cfg-path', '/tmp/tmp8s24tlnq', '--error-file', '/tmp/tmpobzbqcvw']
[2022-12-04 14:29:38,432] {standard_task_runner.py:77} INFO - Job 8840: Subtask get_data
[2022-12-04 14:29:38,505] {logging_mixin.py:109} INFO - Running <TaskInstance: dag1.get_data scheduled__2022-11-08T11:00:00+00:00 [running]> on host 7a020590adae
[2022-12-04 14:29:38,578] {taskinstance.py:1426} INFO - Exporting the following env vars:
AIRFLOW_CTX_DAG_OWNER=Fadlil
AIRFLOW_CTX_DAG_ID=dag1
AIRFLOW_CTX_TASK_ID=get_data
AIRFLOW_CTX_EXECUTION_DATE=2022-11-08T11:00:00+00:00
AIRFLOW_CTX_DAG_RUN_ID=scheduled__2022-11-08T11:00:00+00:00
[2022-12-04 14:29:39,253] {python.py:175} INFO - Done. Returned value was: None
[2022-12-04 14:29:39,489] {taskinstance.py:1277} INFO - Marking task as SUCCESS. dag_id=dag1, task_id=get_data, execution_date=20221108T110000, start_date=20221204T142938, end_date=20221204T142939
[2022-12-04 14:29:39,528] {local_task_job.py:154} INFO - Task exited with return code 0
[2022-12-04 14:29:39,577] {local_task_job.py:264} INFO - 1 downstream tasks scheduled from follow-on schedule check
