[2022-12-04 14:24:04,138] {taskinstance.py:1032} INFO - Dependencies all met for <TaskInstance: dag1.bigquery_external_table_task scheduled__2022-11-08T08:00:00+00:00 [queued]>
[2022-12-04 14:24:04,151] {taskinstance.py:1032} INFO - Dependencies all met for <TaskInstance: dag1.bigquery_external_table_task scheduled__2022-11-08T08:00:00+00:00 [queued]>
[2022-12-04 14:24:04,152] {taskinstance.py:1238} INFO - 
--------------------------------------------------------------------------------
[2022-12-04 14:24:04,152] {taskinstance.py:1239} INFO - Starting attempt 1 of 2
[2022-12-04 14:24:04,153] {taskinstance.py:1240} INFO - 
--------------------------------------------------------------------------------
[2022-12-04 14:24:04,167] {taskinstance.py:1259} INFO - Executing <Task(BigQueryCreateExternalTableOperator): bigquery_external_table_task> on 2022-11-08 08:00:00+00:00
[2022-12-04 14:24:04,174] {standard_task_runner.py:52} INFO - Started process 9581 to run task
[2022-12-04 14:24:04,180] {standard_task_runner.py:76} INFO - Running: ['***', 'tasks', 'run', 'dag1', 'bigquery_external_table_task', 'scheduled__2022-11-08T08:00:00+00:00', '--job-id', '8721', '--raw', '--subdir', 'DAGS_FOLDER/AirflowClean2.py', '--cfg-path', '/tmp/tmpo9nhf2c3', '--error-file', '/tmp/tmpkwukmxq7']
[2022-12-04 14:24:04,181] {standard_task_runner.py:77} INFO - Job 8721: Subtask bigquery_external_table_task
[2022-12-04 14:24:04,266] {logging_mixin.py:109} INFO - Running <TaskInstance: dag1.bigquery_external_table_task scheduled__2022-11-08T08:00:00+00:00 [running]> on host 7a020590adae
[2022-12-04 14:24:04,345] {taskinstance.py:1426} INFO - Exporting the following env vars:
AIRFLOW_CTX_DAG_OWNER=Fadlil
AIRFLOW_CTX_DAG_ID=dag1
AIRFLOW_CTX_TASK_ID=bigquery_external_table_task
AIRFLOW_CTX_EXECUTION_DATE=2022-11-08T08:00:00+00:00
AIRFLOW_CTX_DAG_RUN_ID=scheduled__2022-11-08T08:00:00+00:00
[2022-12-04 14:24:04,350] {crypto.py:82} WARNING - empty cryptography key - values will not be stored encrypted.
[2022-12-04 14:24:05,387] {taskinstance.py:1277} INFO - Marking task as SUCCESS. dag_id=dag1, task_id=bigquery_external_table_task, execution_date=20221108T080000, start_date=20221204T142404, end_date=20221204T142405
[2022-12-04 14:24:05,438] {local_task_job.py:154} INFO - Task exited with return code 0
[2022-12-04 14:24:05,485] {local_task_job.py:264} INFO - 1 downstream tasks scheduled from follow-on schedule check
