[2022-12-04 03:05:45,630] {taskinstance.py:1032} INFO - Dependencies all met for <TaskInstance: dag1.save_to_csv scheduled__2022-10-27T09:20:00+00:00 [queued]>
[2022-12-04 03:05:45,669] {taskinstance.py:1032} INFO - Dependencies all met for <TaskInstance: dag1.save_to_csv scheduled__2022-10-27T09:20:00+00:00 [queued]>
[2022-12-04 03:05:45,673] {taskinstance.py:1238} INFO - 
--------------------------------------------------------------------------------
[2022-12-04 03:05:45,675] {taskinstance.py:1239} INFO - Starting attempt 1 of 2
[2022-12-04 03:05:45,676] {taskinstance.py:1240} INFO - 
--------------------------------------------------------------------------------
[2022-12-04 03:05:45,733] {taskinstance.py:1259} INFO - Executing <Task(PythonOperator): save_to_csv> on 2022-10-27 09:20:00+00:00
[2022-12-04 03:05:45,755] {standard_task_runner.py:52} INFO - Started process 1436 to run task
[2022-12-04 03:05:45,771] {standard_task_runner.py:76} INFO - Running: ['***', 'tasks', 'run', 'dag1', 'save_to_csv', 'scheduled__2022-10-27T09:20:00+00:00', '--job-id', '826', '--raw', '--subdir', 'DAGS_FOLDER/AirflowClean2.py', '--cfg-path', '/tmp/tmpyxr04yp1', '--error-file', '/tmp/tmpwvguexj8']
[2022-12-04 03:05:45,774] {standard_task_runner.py:77} INFO - Job 826: Subtask save_to_csv
[2022-12-04 03:05:46,021] {logging_mixin.py:109} INFO - Running <TaskInstance: dag1.save_to_csv scheduled__2022-10-27T09:20:00+00:00 [running]> on host 422c372562ce
[2022-12-04 03:05:46,250] {taskinstance.py:1426} INFO - Exporting the following env vars:
AIRFLOW_CTX_DAG_OWNER=Fadlil
AIRFLOW_CTX_DAG_ID=dag1
AIRFLOW_CTX_TASK_ID=save_to_csv
AIRFLOW_CTX_EXECUTION_DATE=2022-10-27T09:20:00+00:00
AIRFLOW_CTX_DAG_RUN_ID=scheduled__2022-10-27T09:20:00+00:00
[2022-12-04 03:05:46,439] {python.py:175} INFO - Done. Returned value was: None
[2022-12-04 03:05:46,924] {taskinstance.py:1277} INFO - Marking task as SUCCESS. dag_id=dag1, task_id=save_to_csv, execution_date=20221027T092000, start_date=20221204T030545, end_date=20221204T030546
[2022-12-04 03:05:47,009] {local_task_job.py:154} INFO - Task exited with return code 0
[2022-12-04 03:05:47,230] {local_task_job.py:264} INFO - 1 downstream tasks scheduled from follow-on schedule check
