[2022-12-04 11:05:23,970] {taskinstance.py:1032} INFO - Dependencies all met for <TaskInstance: dag1.get_data scheduled__2022-11-04T04:50:00+00:00 [queued]>
[2022-12-04 11:05:24,104] {taskinstance.py:1032} INFO - Dependencies all met for <TaskInstance: dag1.get_data scheduled__2022-11-04T04:50:00+00:00 [queued]>
[2022-12-04 11:05:24,107] {taskinstance.py:1238} INFO - 
--------------------------------------------------------------------------------
[2022-12-04 11:05:24,108] {taskinstance.py:1239} INFO - Starting attempt 1 of 2
[2022-12-04 11:05:24,108] {taskinstance.py:1240} INFO - 
--------------------------------------------------------------------------------
[2022-12-04 11:05:24,214] {taskinstance.py:1259} INFO - Executing <Task(PythonOperator): get_data> on 2022-11-04 04:50:00+00:00
[2022-12-04 11:05:24,288] {standard_task_runner.py:76} INFO - Running: ['***', 'tasks', 'run', 'dag1', 'get_data', 'scheduled__2022-11-04T04:50:00+00:00', '--job-id', '5207', '--raw', '--subdir', 'DAGS_FOLDER/AirflowClean2.py', '--cfg-path', '/tmp/tmpj89v9saw', '--error-file', '/tmp/tmp2axdx5pi']
[2022-12-04 11:05:24,227] {standard_task_runner.py:52} INFO - Started process 12519 to run task
[2022-12-04 11:05:24,327] {standard_task_runner.py:77} INFO - Job 5207: Subtask get_data
[2022-12-04 11:05:24,854] {logging_mixin.py:109} INFO - Running <TaskInstance: dag1.get_data scheduled__2022-11-04T04:50:00+00:00 [running]> on host 9e44869ff3ef
[2022-12-04 11:05:25,279] {taskinstance.py:1426} INFO - Exporting the following env vars:
AIRFLOW_CTX_DAG_OWNER=Fadlil
AIRFLOW_CTX_DAG_ID=dag1
AIRFLOW_CTX_TASK_ID=get_data
AIRFLOW_CTX_EXECUTION_DATE=2022-11-04T04:50:00+00:00
AIRFLOW_CTX_DAG_RUN_ID=scheduled__2022-11-04T04:50:00+00:00
[2022-12-04 11:05:26,119] {python.py:175} INFO - Done. Returned value was: None
[2022-12-04 11:05:26,780] {taskinstance.py:1277} INFO - Marking task as SUCCESS. dag_id=dag1, task_id=get_data, execution_date=20221104T045000, start_date=20221204T110523, end_date=20221204T110526
[2022-12-04 11:05:26,868] {local_task_job.py:154} INFO - Task exited with return code 0
[2022-12-04 11:05:27,406] {local_task_job.py:264} INFO - 1 downstream tasks scheduled from follow-on schedule check
