[2022-12-04 14:03:19,747] {taskinstance.py:1032} INFO - Dependencies all met for <TaskInstance: dag1.save_to_csv scheduled__2022-11-07T22:10:00+00:00 [queued]>
[2022-12-04 14:03:19,768] {taskinstance.py:1032} INFO - Dependencies all met for <TaskInstance: dag1.save_to_csv scheduled__2022-11-07T22:10:00+00:00 [queued]>
[2022-12-04 14:03:19,769] {taskinstance.py:1238} INFO - 
--------------------------------------------------------------------------------
[2022-12-04 14:03:19,769] {taskinstance.py:1239} INFO - Starting attempt 1 of 2
[2022-12-04 14:03:19,770] {taskinstance.py:1240} INFO - 
--------------------------------------------------------------------------------
[2022-12-04 14:03:19,790] {taskinstance.py:1259} INFO - Executing <Task(PythonOperator): save_to_csv> on 2022-11-07 22:10:00+00:00
[2022-12-04 14:03:19,797] {standard_task_runner.py:52} INFO - Started process 7777 to run task
[2022-12-04 14:03:19,803] {standard_task_runner.py:76} INFO - Running: ['***', 'tasks', 'run', 'dag1', 'save_to_csv', 'scheduled__2022-11-07T22:10:00+00:00', '--job-id', '8346', '--raw', '--subdir', 'DAGS_FOLDER/AirflowClean2.py', '--cfg-path', '/tmp/tmptoj682la', '--error-file', '/tmp/tmpjghx4lns']
[2022-12-04 14:03:19,805] {standard_task_runner.py:77} INFO - Job 8346: Subtask save_to_csv
[2022-12-04 14:03:19,936] {logging_mixin.py:109} INFO - Running <TaskInstance: dag1.save_to_csv scheduled__2022-11-07T22:10:00+00:00 [running]> on host 7a020590adae
[2022-12-04 14:03:20,082] {taskinstance.py:1426} INFO - Exporting the following env vars:
AIRFLOW_CTX_DAG_OWNER=Fadlil
AIRFLOW_CTX_DAG_ID=dag1
AIRFLOW_CTX_TASK_ID=save_to_csv
AIRFLOW_CTX_EXECUTION_DATE=2022-11-07T22:10:00+00:00
AIRFLOW_CTX_DAG_RUN_ID=scheduled__2022-11-07T22:10:00+00:00
[2022-12-04 14:03:20,163] {python.py:175} INFO - Done. Returned value was: None
[2022-12-04 14:03:20,467] {taskinstance.py:1277} INFO - Marking task as SUCCESS. dag_id=dag1, task_id=save_to_csv, execution_date=20221107T221000, start_date=20221204T140319, end_date=20221204T140320
[2022-12-04 14:03:20,687] {local_task_job.py:154} INFO - Task exited with return code 0
[2022-12-04 14:03:21,036] {local_task_job.py:264} INFO - 1 downstream tasks scheduled from follow-on schedule check
