[2022-12-04 12:03:14,628] {taskinstance.py:1032} INFO - Dependencies all met for <TaskInstance: dag1.get_data scheduled__2022-11-05T13:50:00+00:00 [queued]>
[2022-12-04 12:03:14,936] {taskinstance.py:1032} INFO - Dependencies all met for <TaskInstance: dag1.get_data scheduled__2022-11-05T13:50:00+00:00 [queued]>
[2022-12-04 12:03:15,004] {taskinstance.py:1238} INFO - 
--------------------------------------------------------------------------------
[2022-12-04 12:03:15,007] {taskinstance.py:1239} INFO - Starting attempt 1 of 2
[2022-12-04 12:03:15,014] {taskinstance.py:1240} INFO - 
--------------------------------------------------------------------------------
[2022-12-04 12:03:15,152] {taskinstance.py:1259} INFO - Executing <Task(PythonOperator): get_data> on 2022-11-05 13:50:00+00:00
[2022-12-04 12:03:15,230] {standard_task_runner.py:52} INFO - Started process 16660 to run task
[2022-12-04 12:03:15,305] {standard_task_runner.py:76} INFO - Running: ['***', 'tasks', 'run', 'dag1', 'get_data', 'scheduled__2022-11-05T13:50:00+00:00', '--job-id', '6189', '--raw', '--subdir', 'DAGS_FOLDER/AirflowClean2.py', '--cfg-path', '/tmp/tmpyea1pyjq', '--error-file', '/tmp/tmpbs16hu5l']
[2022-12-04 12:03:15,322] {standard_task_runner.py:77} INFO - Job 6189: Subtask get_data
[2022-12-04 12:03:15,844] {logging_mixin.py:109} INFO - Running <TaskInstance: dag1.get_data scheduled__2022-11-05T13:50:00+00:00 [running]> on host 9e44869ff3ef
[2022-12-04 12:03:16,126] {taskinstance.py:1426} INFO - Exporting the following env vars:
AIRFLOW_CTX_DAG_OWNER=Fadlil
AIRFLOW_CTX_DAG_ID=dag1
AIRFLOW_CTX_TASK_ID=get_data
AIRFLOW_CTX_EXECUTION_DATE=2022-11-05T13:50:00+00:00
AIRFLOW_CTX_DAG_RUN_ID=scheduled__2022-11-05T13:50:00+00:00
[2022-12-04 12:03:17,228] {python.py:175} INFO - Done. Returned value was: None
[2022-12-04 12:03:17,388] {taskinstance.py:1277} INFO - Marking task as SUCCESS. dag_id=dag1, task_id=get_data, execution_date=20221105T135000, start_date=20221204T120314, end_date=20221204T120317
[2022-12-04 12:03:17,665] {local_task_job.py:154} INFO - Task exited with return code 0
[2022-12-04 12:03:19,465] {local_task_job.py:264} INFO - 0 downstream tasks scheduled from follow-on schedule check
