[2022-12-04 17:12:49,327] {taskinstance.py:1032} INFO - Dependencies all met for <TaskInstance: dag1.bigquery_external_table_task scheduled__2022-11-10T00:30:00+00:00 [queued]>
[2022-12-04 17:12:49,353] {taskinstance.py:1032} INFO - Dependencies all met for <TaskInstance: dag1.bigquery_external_table_task scheduled__2022-11-10T00:30:00+00:00 [queued]>
[2022-12-04 17:12:49,354] {taskinstance.py:1238} INFO - 
--------------------------------------------------------------------------------
[2022-12-04 17:12:49,356] {taskinstance.py:1239} INFO - Starting attempt 1 of 2
[2022-12-04 17:12:49,357] {taskinstance.py:1240} INFO - 
--------------------------------------------------------------------------------
[2022-12-04 17:12:49,407] {taskinstance.py:1259} INFO - Executing <Task(BigQueryCreateExternalTableOperator): bigquery_external_table_task> on 2022-11-10 00:30:00+00:00
[2022-12-04 17:12:49,431] {standard_task_runner.py:76} INFO - Running: ['***', 'tasks', 'run', 'dag1', 'bigquery_external_table_task', 'scheduled__2022-11-10T00:30:00+00:00', '--job-id', '10273', '--raw', '--subdir', 'DAGS_FOLDER/AirflowClean2.py', '--cfg-path', '/tmp/tmpxuu1uu9r', '--error-file', '/tmp/tmphxd4ujoz']
[2022-12-04 17:12:49,430] {standard_task_runner.py:52} INFO - Started process 17076 to run task
[2022-12-04 17:12:49,435] {standard_task_runner.py:77} INFO - Job 10273: Subtask bigquery_external_table_task
[2022-12-04 17:12:49,543] {logging_mixin.py:109} INFO - Running <TaskInstance: dag1.bigquery_external_table_task scheduled__2022-11-10T00:30:00+00:00 [running]> on host 7a020590adae
[2022-12-04 17:12:49,632] {taskinstance.py:1426} INFO - Exporting the following env vars:
AIRFLOW_CTX_DAG_OWNER=Fadlil
AIRFLOW_CTX_DAG_ID=dag1
AIRFLOW_CTX_TASK_ID=bigquery_external_table_task
AIRFLOW_CTX_EXECUTION_DATE=2022-11-10T00:30:00+00:00
AIRFLOW_CTX_DAG_RUN_ID=scheduled__2022-11-10T00:30:00+00:00
[2022-12-04 17:12:49,634] {crypto.py:82} WARNING - empty cryptography key - values will not be stored encrypted.
[2022-12-04 17:12:51,203] {taskinstance.py:1277} INFO - Marking task as SUCCESS. dag_id=dag1, task_id=bigquery_external_table_task, execution_date=20221110T003000, start_date=20221204T171249, end_date=20221204T171251
[2022-12-04 17:12:51,273] {local_task_job.py:154} INFO - Task exited with return code 0
[2022-12-04 17:12:51,322] {local_task_job.py:264} INFO - 1 downstream tasks scheduled from follow-on schedule check
