[2022-12-04 14:13:46,500] {taskinstance.py:1032} INFO - Dependencies all met for <TaskInstance: dag1.delete_local_file scheduled__2022-11-08T03:00:00+00:00 [queued]>
[2022-12-04 14:13:46,519] {taskinstance.py:1032} INFO - Dependencies all met for <TaskInstance: dag1.delete_local_file scheduled__2022-11-08T03:00:00+00:00 [queued]>
[2022-12-04 14:13:46,520] {taskinstance.py:1238} INFO - 
--------------------------------------------------------------------------------
[2022-12-04 14:13:46,521] {taskinstance.py:1239} INFO - Starting attempt 1 of 2
[2022-12-04 14:13:46,521] {taskinstance.py:1240} INFO - 
--------------------------------------------------------------------------------
[2022-12-04 14:13:46,542] {taskinstance.py:1259} INFO - Executing <Task(PythonOperator): delete_local_file> on 2022-11-08 03:00:00+00:00
[2022-12-04 14:13:46,550] {standard_task_runner.py:52} INFO - Started process 8694 to run task
[2022-12-04 14:13:46,556] {standard_task_runner.py:76} INFO - Running: ['***', 'tasks', 'run', 'dag1', 'delete_local_file', 'scheduled__2022-11-08T03:00:00+00:00', '--job-id', '8535', '--raw', '--subdir', 'DAGS_FOLDER/AirflowClean2.py', '--cfg-path', '/tmp/tmp_9izu0je', '--error-file', '/tmp/tmpv13nt8uo']
[2022-12-04 14:13:46,559] {standard_task_runner.py:77} INFO - Job 8535: Subtask delete_local_file
[2022-12-04 14:13:46,690] {logging_mixin.py:109} INFO - Running <TaskInstance: dag1.delete_local_file scheduled__2022-11-08T03:00:00+00:00 [running]> on host 7a020590adae
[2022-12-04 14:13:46,811] {taskinstance.py:1426} INFO - Exporting the following env vars:
AIRFLOW_CTX_DAG_OWNER=Fadlil
AIRFLOW_CTX_DAG_ID=dag1
AIRFLOW_CTX_TASK_ID=delete_local_file
AIRFLOW_CTX_EXECUTION_DATE=2022-11-08T03:00:00+00:00
AIRFLOW_CTX_DAG_RUN_ID=scheduled__2022-11-08T03:00:00+00:00
[2022-12-04 14:13:46,817] {python.py:175} INFO - Done. Returned value was: None
[2022-12-04 14:13:46,864] {taskinstance.py:1277} INFO - Marking task as SUCCESS. dag_id=dag1, task_id=delete_local_file, execution_date=20221108T030000, start_date=20221204T141346, end_date=20221204T141346
[2022-12-04 14:13:46,934] {local_task_job.py:154} INFO - Task exited with return code 0
[2022-12-04 14:13:47,048] {local_task_job.py:264} INFO - 0 downstream tasks scheduled from follow-on schedule check
