[2022-12-04 10:39:17,251] {taskinstance.py:1032} INFO - Dependencies all met for <TaskInstance: dag1.save_to_parquet scheduled__2022-11-01T09:30:00+00:00 [queued]>
[2022-12-04 10:39:17,342] {taskinstance.py:1032} INFO - Dependencies all met for <TaskInstance: dag1.save_to_parquet scheduled__2022-11-01T09:30:00+00:00 [queued]>
[2022-12-04 10:39:17,354] {taskinstance.py:1238} INFO - 
--------------------------------------------------------------------------------
[2022-12-04 10:39:17,356] {taskinstance.py:1239} INFO - Starting attempt 1 of 2
[2022-12-04 10:39:17,357] {taskinstance.py:1240} INFO - 
--------------------------------------------------------------------------------
[2022-12-04 10:39:17,478] {taskinstance.py:1259} INFO - Executing <Task(PythonOperator): save_to_parquet> on 2022-11-01 09:30:00+00:00
[2022-12-04 10:39:17,546] {standard_task_runner.py:52} INFO - Started process 6977 to run task
[2022-12-04 10:39:17,571] {standard_task_runner.py:76} INFO - Running: ['***', 'tasks', 'run', 'dag1', 'save_to_parquet', 'scheduled__2022-11-01T09:30:00+00:00', '--job-id', '3607', '--raw', '--subdir', 'DAGS_FOLDER/AirflowClean2.py', '--cfg-path', '/tmp/tmp7kv9nun7', '--error-file', '/tmp/tmppw2a_7b2']
[2022-12-04 10:39:17,573] {standard_task_runner.py:77} INFO - Job 3607: Subtask save_to_parquet
[2022-12-04 10:39:18,316] {logging_mixin.py:109} INFO - Running <TaskInstance: dag1.save_to_parquet scheduled__2022-11-01T09:30:00+00:00 [running]> on host 9e44869ff3ef
[2022-12-04 10:39:18,680] {taskinstance.py:1426} INFO - Exporting the following env vars:
AIRFLOW_CTX_DAG_OWNER=Fadlil
AIRFLOW_CTX_DAG_ID=dag1
AIRFLOW_CTX_TASK_ID=save_to_parquet
AIRFLOW_CTX_EXECUTION_DATE=2022-11-01T09:30:00+00:00
AIRFLOW_CTX_DAG_RUN_ID=scheduled__2022-11-01T09:30:00+00:00
[2022-12-04 10:39:18,852] {python.py:175} INFO - Done. Returned value was: None
[2022-12-04 10:39:18,987] {taskinstance.py:1277} INFO - Marking task as SUCCESS. dag_id=dag1, task_id=save_to_parquet, execution_date=20221101T093000, start_date=20221204T103917, end_date=20221204T103918
[2022-12-04 10:39:19,147] {local_task_job.py:154} INFO - Task exited with return code 0
[2022-12-04 10:39:19,419] {local_task_job.py:264} INFO - 1 downstream tasks scheduled from follow-on schedule check
