[2022-12-04 10:39:28,450] {taskinstance.py:1032} INFO - Dependencies all met for <TaskInstance: dag1.save_to_csv scheduled__2022-11-01T10:50:00+00:00 [queued]>
[2022-12-04 10:39:28,531] {taskinstance.py:1032} INFO - Dependencies all met for <TaskInstance: dag1.save_to_csv scheduled__2022-11-01T10:50:00+00:00 [queued]>
[2022-12-04 10:39:28,531] {taskinstance.py:1238} INFO - 
--------------------------------------------------------------------------------
[2022-12-04 10:39:28,532] {taskinstance.py:1239} INFO - Starting attempt 1 of 2
[2022-12-04 10:39:28,537] {taskinstance.py:1240} INFO - 
--------------------------------------------------------------------------------
[2022-12-04 10:39:28,581] {taskinstance.py:1259} INFO - Executing <Task(PythonOperator): save_to_csv> on 2022-11-01 10:50:00+00:00
[2022-12-04 10:39:28,608] {standard_task_runner.py:52} INFO - Started process 7016 to run task
[2022-12-04 10:39:28,646] {standard_task_runner.py:76} INFO - Running: ['***', 'tasks', 'run', 'dag1', 'save_to_csv', 'scheduled__2022-11-01T10:50:00+00:00', '--job-id', '3622', '--raw', '--subdir', 'DAGS_FOLDER/AirflowClean2.py', '--cfg-path', '/tmp/tmp02fw4y1o', '--error-file', '/tmp/tmpfqm4kbpc']
[2022-12-04 10:39:28,648] {standard_task_runner.py:77} INFO - Job 3622: Subtask save_to_csv
[2022-12-04 10:39:29,247] {logging_mixin.py:109} INFO - Running <TaskInstance: dag1.save_to_csv scheduled__2022-11-01T10:50:00+00:00 [running]> on host 9e44869ff3ef
[2022-12-04 10:39:30,235] {taskinstance.py:1426} INFO - Exporting the following env vars:
AIRFLOW_CTX_DAG_OWNER=Fadlil
AIRFLOW_CTX_DAG_ID=dag1
AIRFLOW_CTX_TASK_ID=save_to_csv
AIRFLOW_CTX_EXECUTION_DATE=2022-11-01T10:50:00+00:00
AIRFLOW_CTX_DAG_RUN_ID=scheduled__2022-11-01T10:50:00+00:00
[2022-12-04 10:39:30,403] {python.py:175} INFO - Done. Returned value was: None
[2022-12-04 10:39:30,963] {taskinstance.py:1277} INFO - Marking task as SUCCESS. dag_id=dag1, task_id=save_to_csv, execution_date=20221101T105000, start_date=20221204T103928, end_date=20221204T103930
[2022-12-04 10:39:31,139] {local_task_job.py:154} INFO - Task exited with return code 0
[2022-12-04 10:39:31,454] {local_task_job.py:264} INFO - 1 downstream tasks scheduled from follow-on schedule check
