[2022-12-04 12:04:20,812] {taskinstance.py:1032} INFO - Dependencies all met for <TaskInstance: dag1.local_to_gcs_task scheduled__2022-11-05T14:50:00+00:00 [queued]>
[2022-12-04 12:04:20,946] {taskinstance.py:1032} INFO - Dependencies all met for <TaskInstance: dag1.local_to_gcs_task scheduled__2022-11-05T14:50:00+00:00 [queued]>
[2022-12-04 12:04:20,950] {taskinstance.py:1238} INFO - 
--------------------------------------------------------------------------------
[2022-12-04 12:04:20,950] {taskinstance.py:1239} INFO - Starting attempt 1 of 2
[2022-12-04 12:04:20,951] {taskinstance.py:1240} INFO - 
--------------------------------------------------------------------------------
[2022-12-04 12:04:21,073] {taskinstance.py:1259} INFO - Executing <Task(PythonOperator): local_to_gcs_task> on 2022-11-05 14:50:00+00:00
[2022-12-04 12:04:21,119] {standard_task_runner.py:76} INFO - Running: ['***', 'tasks', 'run', 'dag1', 'local_to_gcs_task', 'scheduled__2022-11-05T14:50:00+00:00', '--job-id', '6228', '--raw', '--subdir', 'DAGS_FOLDER/AirflowClean2.py', '--cfg-path', '/tmp/tmpbrihkjnk', '--error-file', '/tmp/tmpl1fx32qd']
[2022-12-04 12:04:21,095] {standard_task_runner.py:52} INFO - Started process 16800 to run task
[2022-12-04 12:04:21,136] {standard_task_runner.py:77} INFO - Job 6228: Subtask local_to_gcs_task
[2022-12-04 12:04:21,551] {logging_mixin.py:109} INFO - Running <TaskInstance: dag1.local_to_gcs_task scheduled__2022-11-05T14:50:00+00:00 [running]> on host 9e44869ff3ef
[2022-12-04 12:04:22,523] {taskinstance.py:1426} INFO - Exporting the following env vars:
AIRFLOW_CTX_DAG_OWNER=Fadlil
AIRFLOW_CTX_DAG_ID=dag1
AIRFLOW_CTX_TASK_ID=local_to_gcs_task
AIRFLOW_CTX_EXECUTION_DATE=2022-11-05T14:50:00+00:00
AIRFLOW_CTX_DAG_RUN_ID=scheduled__2022-11-05T14:50:00+00:00
[2022-12-04 12:04:24,538] {python.py:175} INFO - Done. Returned value was: None
[2022-12-04 12:04:24,634] {taskinstance.py:1277} INFO - Marking task as SUCCESS. dag_id=dag1, task_id=local_to_gcs_task, execution_date=20221105T145000, start_date=20221204T120420, end_date=20221204T120424
[2022-12-04 12:04:24,904] {local_task_job.py:154} INFO - Task exited with return code 0
[2022-12-04 12:04:27,193] {local_task_job.py:264} INFO - 0 downstream tasks scheduled from follow-on schedule check
