[2022-12-04 17:03:41,100] {taskinstance.py:1032} INFO - Dependencies all met for <TaskInstance: dag1.save_to_parquet scheduled__2022-11-09T20:00:00+00:00 [queued]>
[2022-12-04 17:03:41,207] {taskinstance.py:1032} INFO - Dependencies all met for <TaskInstance: dag1.save_to_parquet scheduled__2022-11-09T20:00:00+00:00 [queued]>
[2022-12-04 17:03:41,213] {taskinstance.py:1238} INFO - 
--------------------------------------------------------------------------------
[2022-12-04 17:03:41,213] {taskinstance.py:1239} INFO - Starting attempt 1 of 2
[2022-12-04 17:03:41,217] {taskinstance.py:1240} INFO - 
--------------------------------------------------------------------------------
[2022-12-04 17:03:41,330] {taskinstance.py:1259} INFO - Executing <Task(PythonOperator): save_to_parquet> on 2022-11-09 20:00:00+00:00
[2022-12-04 17:03:41,351] {standard_task_runner.py:52} INFO - Started process 16240 to run task
[2022-12-04 17:03:41,377] {standard_task_runner.py:76} INFO - Running: ['***', 'tasks', 'run', 'dag1', 'save_to_parquet', 'scheduled__2022-11-09T20:00:00+00:00', '--job-id', '10096', '--raw', '--subdir', 'DAGS_FOLDER/AirflowClean2.py', '--cfg-path', '/tmp/tmpymh92rh_', '--error-file', '/tmp/tmp45xcmgle']
[2022-12-04 17:03:41,383] {standard_task_runner.py:77} INFO - Job 10096: Subtask save_to_parquet
[2022-12-04 17:03:41,821] {logging_mixin.py:109} INFO - Running <TaskInstance: dag1.save_to_parquet scheduled__2022-11-09T20:00:00+00:00 [running]> on host 7a020590adae
[2022-12-04 17:03:42,207] {taskinstance.py:1426} INFO - Exporting the following env vars:
AIRFLOW_CTX_DAG_OWNER=Fadlil
AIRFLOW_CTX_DAG_ID=dag1
AIRFLOW_CTX_TASK_ID=save_to_parquet
AIRFLOW_CTX_EXECUTION_DATE=2022-11-09T20:00:00+00:00
AIRFLOW_CTX_DAG_RUN_ID=scheduled__2022-11-09T20:00:00+00:00
[2022-12-04 17:03:42,386] {python.py:175} INFO - Done. Returned value was: None
[2022-12-04 17:03:42,494] {taskinstance.py:1277} INFO - Marking task as SUCCESS. dag_id=dag1, task_id=save_to_parquet, execution_date=20221109T200000, start_date=20221204T170341, end_date=20221204T170342
[2022-12-04 17:03:42,647] {local_task_job.py:154} INFO - Task exited with return code 0
[2022-12-04 17:03:43,525] {local_task_job.py:264} INFO - 0 downstream tasks scheduled from follow-on schedule check
