[2022-12-04 12:11:27,774] {taskinstance.py:1032} INFO - Dependencies all met for <TaskInstance: dag1.get_data scheduled__2022-11-05T18:10:00+00:00 [queued]>
[2022-12-04 12:11:27,797] {taskinstance.py:1032} INFO - Dependencies all met for <TaskInstance: dag1.get_data scheduled__2022-11-05T18:10:00+00:00 [queued]>
[2022-12-04 12:11:27,797] {taskinstance.py:1238} INFO - 
--------------------------------------------------------------------------------
[2022-12-04 12:11:27,798] {taskinstance.py:1239} INFO - Starting attempt 1 of 2
[2022-12-04 12:11:27,798] {taskinstance.py:1240} INFO - 
--------------------------------------------------------------------------------
[2022-12-04 12:11:27,833] {taskinstance.py:1259} INFO - Executing <Task(PythonOperator): get_data> on 2022-11-05 18:10:00+00:00
[2022-12-04 12:11:27,842] {standard_task_runner.py:52} INFO - Started process 17409 to run task
[2022-12-04 12:11:27,847] {standard_task_runner.py:76} INFO - Running: ['***', 'tasks', 'run', 'dag1', 'get_data', 'scheduled__2022-11-05T18:10:00+00:00', '--job-id', '6356', '--raw', '--subdir', 'DAGS_FOLDER/AirflowClean2.py', '--cfg-path', '/tmp/tmpgo7j3xhu', '--error-file', '/tmp/tmpsdojr6kw']
[2022-12-04 12:11:27,849] {standard_task_runner.py:77} INFO - Job 6356: Subtask get_data
[2022-12-04 12:11:27,955] {logging_mixin.py:109} INFO - Running <TaskInstance: dag1.get_data scheduled__2022-11-05T18:10:00+00:00 [running]> on host 9e44869ff3ef
[2022-12-04 12:11:28,077] {taskinstance.py:1426} INFO - Exporting the following env vars:
AIRFLOW_CTX_DAG_OWNER=Fadlil
AIRFLOW_CTX_DAG_ID=dag1
AIRFLOW_CTX_TASK_ID=get_data
AIRFLOW_CTX_EXECUTION_DATE=2022-11-05T18:10:00+00:00
AIRFLOW_CTX_DAG_RUN_ID=scheduled__2022-11-05T18:10:00+00:00
[2022-12-04 12:11:28,739] {python.py:175} INFO - Done. Returned value was: None
[2022-12-04 12:11:28,757] {taskinstance.py:1277} INFO - Marking task as SUCCESS. dag_id=dag1, task_id=get_data, execution_date=20221105T181000, start_date=20221204T121127, end_date=20221204T121128
[2022-12-04 12:11:28,788] {local_task_job.py:154} INFO - Task exited with return code 0
[2022-12-04 12:11:28,847] {local_task_job.py:264} INFO - 1 downstream tasks scheduled from follow-on schedule check
