[2022-12-04 16:59:36,917] {taskinstance.py:1032} INFO - Dependencies all met for <TaskInstance: dag1.get_data scheduled__2022-11-09T17:50:00+00:00 [queued]>
[2022-12-04 16:59:36,937] {taskinstance.py:1032} INFO - Dependencies all met for <TaskInstance: dag1.get_data scheduled__2022-11-09T17:50:00+00:00 [queued]>
[2022-12-04 16:59:36,938] {taskinstance.py:1238} INFO - 
--------------------------------------------------------------------------------
[2022-12-04 16:59:36,942] {taskinstance.py:1239} INFO - Starting attempt 1 of 2
[2022-12-04 16:59:36,943] {taskinstance.py:1240} INFO - 
--------------------------------------------------------------------------------
[2022-12-04 16:59:36,963] {taskinstance.py:1259} INFO - Executing <Task(PythonOperator): get_data> on 2022-11-09 17:50:00+00:00
[2022-12-04 16:59:36,969] {standard_task_runner.py:52} INFO - Started process 15842 to run task
[2022-12-04 16:59:36,973] {standard_task_runner.py:76} INFO - Running: ['***', 'tasks', 'run', 'dag1', 'get_data', 'scheduled__2022-11-09T17:50:00+00:00', '--job-id', '10017', '--raw', '--subdir', 'DAGS_FOLDER/AirflowClean2.py', '--cfg-path', '/tmp/tmpcxh5gtih', '--error-file', '/tmp/tmpavl39sca']
[2022-12-04 16:59:36,974] {standard_task_runner.py:77} INFO - Job 10017: Subtask get_data
[2022-12-04 16:59:37,040] {logging_mixin.py:109} INFO - Running <TaskInstance: dag1.get_data scheduled__2022-11-09T17:50:00+00:00 [running]> on host 7a020590adae
[2022-12-04 16:59:37,106] {taskinstance.py:1426} INFO - Exporting the following env vars:
AIRFLOW_CTX_DAG_OWNER=Fadlil
AIRFLOW_CTX_DAG_ID=dag1
AIRFLOW_CTX_TASK_ID=get_data
AIRFLOW_CTX_EXECUTION_DATE=2022-11-09T17:50:00+00:00
AIRFLOW_CTX_DAG_RUN_ID=scheduled__2022-11-09T17:50:00+00:00
[2022-12-04 16:59:37,851] {python.py:175} INFO - Done. Returned value was: None
[2022-12-04 16:59:38,105] {taskinstance.py:1277} INFO - Marking task as SUCCESS. dag_id=dag1, task_id=get_data, execution_date=20221109T175000, start_date=20221204T165936, end_date=20221204T165938
[2022-12-04 16:59:38,152] {local_task_job.py:154} INFO - Task exited with return code 0
[2022-12-04 16:59:38,200] {local_task_job.py:264} INFO - 1 downstream tasks scheduled from follow-on schedule check
