[2022-12-04 10:37:24,892] {taskinstance.py:1032} INFO - Dependencies all met for <TaskInstance: dag1.save_to_parquet scheduled__2022-11-01T05:10:00+00:00 [queued]>
[2022-12-04 10:37:25,036] {taskinstance.py:1032} INFO - Dependencies all met for <TaskInstance: dag1.save_to_parquet scheduled__2022-11-01T05:10:00+00:00 [queued]>
[2022-12-04 10:37:25,043] {taskinstance.py:1238} INFO - 
--------------------------------------------------------------------------------
[2022-12-04 10:37:25,065] {taskinstance.py:1239} INFO - Starting attempt 1 of 2
[2022-12-04 10:37:25,065] {taskinstance.py:1240} INFO - 
--------------------------------------------------------------------------------
[2022-12-04 10:37:25,131] {taskinstance.py:1259} INFO - Executing <Task(PythonOperator): save_to_parquet> on 2022-11-01 05:10:00+00:00
[2022-12-04 10:37:25,151] {standard_task_runner.py:76} INFO - Running: ['***', 'tasks', 'run', 'dag1', 'save_to_parquet', 'scheduled__2022-11-01T05:10:00+00:00', '--job-id', '3502', '--raw', '--subdir', 'DAGS_FOLDER/AirflowClean2.py', '--cfg-path', '/tmp/tmpecqafjm4', '--error-file', '/tmp/tmpboc6swy4']
[2022-12-04 10:37:25,169] {standard_task_runner.py:77} INFO - Job 3502: Subtask save_to_parquet
[2022-12-04 10:37:25,142] {standard_task_runner.py:52} INFO - Started process 6603 to run task
[2022-12-04 10:37:26,780] {logging_mixin.py:109} INFO - Running <TaskInstance: dag1.save_to_parquet scheduled__2022-11-01T05:10:00+00:00 [running]> on host 9e44869ff3ef
[2022-12-04 10:37:27,238] {taskinstance.py:1426} INFO - Exporting the following env vars:
AIRFLOW_CTX_DAG_OWNER=Fadlil
AIRFLOW_CTX_DAG_ID=dag1
AIRFLOW_CTX_TASK_ID=save_to_parquet
AIRFLOW_CTX_EXECUTION_DATE=2022-11-01T05:10:00+00:00
AIRFLOW_CTX_DAG_RUN_ID=scheduled__2022-11-01T05:10:00+00:00
[2022-12-04 10:37:27,388] {python.py:175} INFO - Done. Returned value was: None
[2022-12-04 10:37:27,460] {taskinstance.py:1277} INFO - Marking task as SUCCESS. dag_id=dag1, task_id=save_to_parquet, execution_date=20221101T051000, start_date=20221204T103724, end_date=20221204T103727
[2022-12-04 10:37:27,632] {local_task_job.py:154} INFO - Task exited with return code 0
[2022-12-04 10:37:28,305] {local_task_job.py:264} INFO - 1 downstream tasks scheduled from follow-on schedule check
