[2022-12-04 12:46:54,251] {taskinstance.py:1032} INFO - Dependencies all met for <TaskInstance: dag1.bigquery_external_table_task scheduled__2022-11-06T08:00:00+00:00 [queued]>
[2022-12-04 12:46:54,326] {taskinstance.py:1032} INFO - Dependencies all met for <TaskInstance: dag1.bigquery_external_table_task scheduled__2022-11-06T08:00:00+00:00 [queued]>
[2022-12-04 12:46:54,327] {taskinstance.py:1238} INFO - 
--------------------------------------------------------------------------------
[2022-12-04 12:46:54,328] {taskinstance.py:1239} INFO - Starting attempt 1 of 2
[2022-12-04 12:46:54,329] {taskinstance.py:1240} INFO - 
--------------------------------------------------------------------------------
[2022-12-04 12:46:54,430] {taskinstance.py:1259} INFO - Executing <Task(BigQueryCreateExternalTableOperator): bigquery_external_table_task> on 2022-11-06 08:00:00+00:00
[2022-12-04 12:46:54,497] {standard_task_runner.py:76} INFO - Running: ['***', 'tasks', 'run', 'dag1', 'bigquery_external_table_task', 'scheduled__2022-11-06T08:00:00+00:00', '--job-id', '6891', '--raw', '--subdir', 'DAGS_FOLDER/AirflowClean2.py', '--cfg-path', '/tmp/tmp9pst3u9e', '--error-file', '/tmp/tmpctc_kocb']
[2022-12-04 12:46:54,462] {standard_task_runner.py:52} INFO - Started process 884 to run task
[2022-12-04 12:46:54,519] {standard_task_runner.py:77} INFO - Job 6891: Subtask bigquery_external_table_task
[2022-12-04 12:46:54,714] {logging_mixin.py:109} INFO - Running <TaskInstance: dag1.bigquery_external_table_task scheduled__2022-11-06T08:00:00+00:00 [running]> on host 7a020590adae
[2022-12-04 12:46:54,941] {taskinstance.py:1426} INFO - Exporting the following env vars:
AIRFLOW_CTX_DAG_OWNER=Fadlil
AIRFLOW_CTX_DAG_ID=dag1
AIRFLOW_CTX_TASK_ID=bigquery_external_table_task
AIRFLOW_CTX_EXECUTION_DATE=2022-11-06T08:00:00+00:00
AIRFLOW_CTX_DAG_RUN_ID=scheduled__2022-11-06T08:00:00+00:00
[2022-12-04 12:46:54,945] {crypto.py:82} WARNING - empty cryptography key - values will not be stored encrypted.
[2022-12-04 12:46:56,894] {taskinstance.py:1277} INFO - Marking task as SUCCESS. dag_id=dag1, task_id=bigquery_external_table_task, execution_date=20221106T080000, start_date=20221204T124654, end_date=20221204T124656
[2022-12-04 12:46:57,007] {local_task_job.py:154} INFO - Task exited with return code 0
[2022-12-04 12:46:57,216] {local_task_job.py:264} INFO - 1 downstream tasks scheduled from follow-on schedule check
