[2022-12-04 10:39:50,084] {taskinstance.py:1032} INFO - Dependencies all met for <TaskInstance: dag1.get_data scheduled__2022-11-01T11:20:00+00:00 [queued]>
[2022-12-04 10:39:50,137] {taskinstance.py:1032} INFO - Dependencies all met for <TaskInstance: dag1.get_data scheduled__2022-11-01T11:20:00+00:00 [queued]>
[2022-12-04 10:39:50,140] {taskinstance.py:1238} INFO - 
--------------------------------------------------------------------------------
[2022-12-04 10:39:50,142] {taskinstance.py:1239} INFO - Starting attempt 1 of 2
[2022-12-04 10:39:50,143] {taskinstance.py:1240} INFO - 
--------------------------------------------------------------------------------
[2022-12-04 10:39:50,243] {taskinstance.py:1259} INFO - Executing <Task(PythonOperator): get_data> on 2022-11-01 11:20:00+00:00
[2022-12-04 10:39:50,268] {standard_task_runner.py:76} INFO - Running: ['***', 'tasks', 'run', 'dag1', 'get_data', 'scheduled__2022-11-01T11:20:00+00:00', '--job-id', '3639', '--raw', '--subdir', 'DAGS_FOLDER/AirflowClean2.py', '--cfg-path', '/tmp/tmpwoqq1pf5', '--error-file', '/tmp/tmpp2gaym0o']
[2022-12-04 10:39:50,293] {standard_task_runner.py:77} INFO - Job 3639: Subtask get_data
[2022-12-04 10:39:50,261] {standard_task_runner.py:52} INFO - Started process 7078 to run task
[2022-12-04 10:39:50,680] {logging_mixin.py:109} INFO - Running <TaskInstance: dag1.get_data scheduled__2022-11-01T11:20:00+00:00 [running]> on host 9e44869ff3ef
[2022-12-04 10:39:51,495] {taskinstance.py:1426} INFO - Exporting the following env vars:
AIRFLOW_CTX_DAG_OWNER=Fadlil
AIRFLOW_CTX_DAG_ID=dag1
AIRFLOW_CTX_TASK_ID=get_data
AIRFLOW_CTX_EXECUTION_DATE=2022-11-01T11:20:00+00:00
AIRFLOW_CTX_DAG_RUN_ID=scheduled__2022-11-01T11:20:00+00:00
[2022-12-04 10:39:52,323] {python.py:175} INFO - Done. Returned value was: None
[2022-12-04 10:39:52,496] {taskinstance.py:1277} INFO - Marking task as SUCCESS. dag_id=dag1, task_id=get_data, execution_date=20221101T112000, start_date=20221204T103950, end_date=20221204T103952
[2022-12-04 10:39:52,613] {local_task_job.py:154} INFO - Task exited with return code 0
[2022-12-04 10:39:52,772] {local_task_job.py:264} INFO - 1 downstream tasks scheduled from follow-on schedule check
