[2022-12-04 11:45:03,077] {taskinstance.py:1032} INFO - Dependencies all met for <TaskInstance: dag1.bigquery_external_table_task scheduled__2022-11-04T22:00:00+00:00 [queued]>
[2022-12-04 11:45:03,126] {taskinstance.py:1032} INFO - Dependencies all met for <TaskInstance: dag1.bigquery_external_table_task scheduled__2022-11-04T22:00:00+00:00 [queued]>
[2022-12-04 11:45:03,129] {taskinstance.py:1238} INFO - 
--------------------------------------------------------------------------------
[2022-12-04 11:45:03,131] {taskinstance.py:1239} INFO - Starting attempt 1 of 2
[2022-12-04 11:45:03,132] {taskinstance.py:1240} INFO - 
--------------------------------------------------------------------------------
[2022-12-04 11:45:03,204] {taskinstance.py:1259} INFO - Executing <Task(BigQueryCreateExternalTableOperator): bigquery_external_table_task> on 2022-11-04 22:00:00+00:00
[2022-12-04 11:45:03,211] {standard_task_runner.py:52} INFO - Started process 14670 to run task
[2022-12-04 11:45:03,220] {standard_task_runner.py:76} INFO - Running: ['***', 'tasks', 'run', 'dag1', 'bigquery_external_table_task', 'scheduled__2022-11-04T22:00:00+00:00', '--job-id', '5733', '--raw', '--subdir', 'DAGS_FOLDER/AirflowClean2.py', '--cfg-path', '/tmp/tmp1s4ymktf', '--error-file', '/tmp/tmpwt9gqt1f']
[2022-12-04 11:45:03,235] {standard_task_runner.py:77} INFO - Job 5733: Subtask bigquery_external_table_task
[2022-12-04 11:45:03,580] {logging_mixin.py:109} INFO - Running <TaskInstance: dag1.bigquery_external_table_task scheduled__2022-11-04T22:00:00+00:00 [running]> on host 9e44869ff3ef
[2022-12-04 11:45:03,806] {taskinstance.py:1426} INFO - Exporting the following env vars:
AIRFLOW_CTX_DAG_OWNER=Fadlil
AIRFLOW_CTX_DAG_ID=dag1
AIRFLOW_CTX_TASK_ID=bigquery_external_table_task
AIRFLOW_CTX_EXECUTION_DATE=2022-11-04T22:00:00+00:00
AIRFLOW_CTX_DAG_RUN_ID=scheduled__2022-11-04T22:00:00+00:00
[2022-12-04 11:45:03,808] {crypto.py:82} WARNING - empty cryptography key - values will not be stored encrypted.
[2022-12-04 11:45:05,578] {taskinstance.py:1277} INFO - Marking task as SUCCESS. dag_id=dag1, task_id=bigquery_external_table_task, execution_date=20221104T220000, start_date=20221204T114503, end_date=20221204T114505
[2022-12-04 11:45:05,816] {local_task_job.py:154} INFO - Task exited with return code 0
[2022-12-04 11:45:06,005] {local_task_job.py:264} INFO - 0 downstream tasks scheduled from follow-on schedule check
