[2022-12-04 10:32:17,924] {taskinstance.py:1032} INFO - Dependencies all met for <TaskInstance: dag1.save_to_parquet scheduled__2022-10-31T17:30:00+00:00 [queued]>
[2022-12-04 10:32:17,972] {taskinstance.py:1032} INFO - Dependencies all met for <TaskInstance: dag1.save_to_parquet scheduled__2022-10-31T17:30:00+00:00 [queued]>
[2022-12-04 10:32:17,972] {taskinstance.py:1238} INFO - 
--------------------------------------------------------------------------------
[2022-12-04 10:32:17,974] {taskinstance.py:1239} INFO - Starting attempt 1 of 2
[2022-12-04 10:32:17,975] {taskinstance.py:1240} INFO - 
--------------------------------------------------------------------------------
[2022-12-04 10:32:18,004] {taskinstance.py:1259} INFO - Executing <Task(PythonOperator): save_to_parquet> on 2022-10-31 17:30:00+00:00
[2022-12-04 10:32:18,010] {standard_task_runner.py:52} INFO - Started process 5592 to run task
[2022-12-04 10:32:18,027] {standard_task_runner.py:76} INFO - Running: ['***', 'tasks', 'run', 'dag1', 'save_to_parquet', 'scheduled__2022-10-31T17:30:00+00:00', '--job-id', '3216', '--raw', '--subdir', 'DAGS_FOLDER/AirflowClean2.py', '--cfg-path', '/tmp/tmpiizhp99_', '--error-file', '/tmp/tmp_l50b7y9']
[2022-12-04 10:32:18,029] {standard_task_runner.py:77} INFO - Job 3216: Subtask save_to_parquet
[2022-12-04 10:32:18,135] {logging_mixin.py:109} INFO - Running <TaskInstance: dag1.save_to_parquet scheduled__2022-10-31T17:30:00+00:00 [running]> on host 9e44869ff3ef
[2022-12-04 10:32:18,312] {taskinstance.py:1426} INFO - Exporting the following env vars:
AIRFLOW_CTX_DAG_OWNER=Fadlil
AIRFLOW_CTX_DAG_ID=dag1
AIRFLOW_CTX_TASK_ID=save_to_parquet
AIRFLOW_CTX_EXECUTION_DATE=2022-10-31T17:30:00+00:00
AIRFLOW_CTX_DAG_RUN_ID=scheduled__2022-10-31T17:30:00+00:00
[2022-12-04 10:32:18,586] {python.py:175} INFO - Done. Returned value was: None
[2022-12-04 10:32:18,628] {taskinstance.py:1277} INFO - Marking task as SUCCESS. dag_id=dag1, task_id=save_to_parquet, execution_date=20221031T173000, start_date=20221204T103217, end_date=20221204T103218
[2022-12-04 10:32:18,726] {local_task_job.py:154} INFO - Task exited with return code 0
[2022-12-04 10:32:18,827] {local_task_job.py:264} INFO - 1 downstream tasks scheduled from follow-on schedule check
