[2022-12-04 17:30:53,648] {taskinstance.py:1032} INFO - Dependencies all met for <TaskInstance: dag1.bigquery_external_table_task scheduled__2022-11-10T09:00:00+00:00 [queued]>
[2022-12-04 17:30:53,711] {taskinstance.py:1032} INFO - Dependencies all met for <TaskInstance: dag1.bigquery_external_table_task scheduled__2022-11-10T09:00:00+00:00 [queued]>
[2022-12-04 17:30:53,730] {taskinstance.py:1238} INFO - 
--------------------------------------------------------------------------------
[2022-12-04 17:30:53,731] {taskinstance.py:1239} INFO - Starting attempt 1 of 2
[2022-12-04 17:30:53,732] {taskinstance.py:1240} INFO - 
--------------------------------------------------------------------------------
[2022-12-04 17:30:53,886] {taskinstance.py:1259} INFO - Executing <Task(BigQueryCreateExternalTableOperator): bigquery_external_table_task> on 2022-11-10 09:00:00+00:00
[2022-12-04 17:30:53,922] {standard_task_runner.py:52} INFO - Started process 18654 to run task
[2022-12-04 17:30:53,942] {standard_task_runner.py:76} INFO - Running: ['***', 'tasks', 'run', 'dag1', 'bigquery_external_table_task', 'scheduled__2022-11-10T09:00:00+00:00', '--job-id', '10602', '--raw', '--subdir', 'DAGS_FOLDER/AirflowClean2.py', '--cfg-path', '/tmp/tmptac1we24', '--error-file', '/tmp/tmpew1qle7f']
[2022-12-04 17:30:53,943] {standard_task_runner.py:77} INFO - Job 10602: Subtask bigquery_external_table_task
[2022-12-04 17:30:54,197] {logging_mixin.py:109} INFO - Running <TaskInstance: dag1.bigquery_external_table_task scheduled__2022-11-10T09:00:00+00:00 [running]> on host 7a020590adae
[2022-12-04 17:30:54,499] {taskinstance.py:1426} INFO - Exporting the following env vars:
AIRFLOW_CTX_DAG_OWNER=Fadlil
AIRFLOW_CTX_DAG_ID=dag1
AIRFLOW_CTX_TASK_ID=bigquery_external_table_task
AIRFLOW_CTX_EXECUTION_DATE=2022-11-10T09:00:00+00:00
AIRFLOW_CTX_DAG_RUN_ID=scheduled__2022-11-10T09:00:00+00:00
[2022-12-04 17:30:54,509] {crypto.py:82} WARNING - empty cryptography key - values will not be stored encrypted.
[2022-12-04 17:30:55,745] {taskinstance.py:1277} INFO - Marking task as SUCCESS. dag_id=dag1, task_id=bigquery_external_table_task, execution_date=20221110T090000, start_date=20221204T173053, end_date=20221204T173055
[2022-12-04 17:30:55,936] {local_task_job.py:154} INFO - Task exited with return code 0
[2022-12-04 17:30:56,038] {local_task_job.py:264} INFO - 1 downstream tasks scheduled from follow-on schedule check
