[2022-12-04 17:46:57,064] {taskinstance.py:1032} INFO - Dependencies all met for <TaskInstance: dag1.save_to_parquet scheduled__2022-11-10T16:30:00+00:00 [queued]>
[2022-12-04 17:46:57,118] {taskinstance.py:1032} INFO - Dependencies all met for <TaskInstance: dag1.save_to_parquet scheduled__2022-11-10T16:30:00+00:00 [queued]>
[2022-12-04 17:46:57,119] {taskinstance.py:1238} INFO - 
--------------------------------------------------------------------------------
[2022-12-04 17:46:57,120] {taskinstance.py:1239} INFO - Starting attempt 1 of 2
[2022-12-04 17:46:57,123] {taskinstance.py:1240} INFO - 
--------------------------------------------------------------------------------
[2022-12-04 17:46:57,213] {taskinstance.py:1259} INFO - Executing <Task(PythonOperator): save_to_parquet> on 2022-11-10 16:30:00+00:00
[2022-12-04 17:46:57,232] {standard_task_runner.py:76} INFO - Running: ['***', 'tasks', 'run', 'dag1', 'save_to_parquet', 'scheduled__2022-11-10T16:30:00+00:00', '--job-id', '10891', '--raw', '--subdir', 'DAGS_FOLDER/AirflowClean2.py', '--cfg-path', '/tmp/tmptnkfsojl', '--error-file', '/tmp/tmp1sq04t5t']
[2022-12-04 17:46:57,251] {standard_task_runner.py:77} INFO - Job 10891: Subtask save_to_parquet
[2022-12-04 17:46:57,231] {standard_task_runner.py:52} INFO - Started process 20044 to run task
[2022-12-04 17:46:57,464] {logging_mixin.py:109} INFO - Running <TaskInstance: dag1.save_to_parquet scheduled__2022-11-10T16:30:00+00:00 [running]> on host 7a020590adae
[2022-12-04 17:46:57,654] {taskinstance.py:1426} INFO - Exporting the following env vars:
AIRFLOW_CTX_DAG_OWNER=Fadlil
AIRFLOW_CTX_DAG_ID=dag1
AIRFLOW_CTX_TASK_ID=save_to_parquet
AIRFLOW_CTX_EXECUTION_DATE=2022-11-10T16:30:00+00:00
AIRFLOW_CTX_DAG_RUN_ID=scheduled__2022-11-10T16:30:00+00:00
[2022-12-04 17:46:57,706] {python.py:175} INFO - Done. Returned value was: None
[2022-12-04 17:46:57,726] {taskinstance.py:1277} INFO - Marking task as SUCCESS. dag_id=dag1, task_id=save_to_parquet, execution_date=20221110T163000, start_date=20221204T174657, end_date=20221204T174657
[2022-12-04 17:46:57,781] {local_task_job.py:154} INFO - Task exited with return code 0
[2022-12-04 17:46:57,856] {local_task_job.py:264} INFO - 1 downstream tasks scheduled from follow-on schedule check
