[2022-12-04 13:45:47,106] {taskinstance.py:1032} INFO - Dependencies all met for <TaskInstance: dag1.save_to_parquet scheduled__2022-11-07T13:10:00+00:00 [queued]>
[2022-12-04 13:45:47,165] {taskinstance.py:1032} INFO - Dependencies all met for <TaskInstance: dag1.save_to_parquet scheduled__2022-11-07T13:10:00+00:00 [queued]>
[2022-12-04 13:45:47,186] {taskinstance.py:1238} INFO - 
--------------------------------------------------------------------------------
[2022-12-04 13:45:47,187] {taskinstance.py:1239} INFO - Starting attempt 1 of 2
[2022-12-04 13:45:47,187] {taskinstance.py:1240} INFO - 
--------------------------------------------------------------------------------
[2022-12-04 13:45:47,262] {taskinstance.py:1259} INFO - Executing <Task(PythonOperator): save_to_parquet> on 2022-11-07 13:10:00+00:00
[2022-12-04 13:45:47,300] {standard_task_runner.py:52} INFO - Started process 6135 to run task
[2022-12-04 13:45:47,308] {standard_task_runner.py:76} INFO - Running: ['***', 'tasks', 'run', 'dag1', 'save_to_parquet', 'scheduled__2022-11-07T13:10:00+00:00', '--job-id', '8004', '--raw', '--subdir', 'DAGS_FOLDER/AirflowClean2.py', '--cfg-path', '/tmp/tmpaoc4mjsa', '--error-file', '/tmp/tmpinpcprk7']
[2022-12-04 13:45:47,310] {standard_task_runner.py:77} INFO - Job 8004: Subtask save_to_parquet
[2022-12-04 13:45:47,502] {logging_mixin.py:109} INFO - Running <TaskInstance: dag1.save_to_parquet scheduled__2022-11-07T13:10:00+00:00 [running]> on host 7a020590adae
[2022-12-04 13:45:47,761] {taskinstance.py:1426} INFO - Exporting the following env vars:
AIRFLOW_CTX_DAG_OWNER=Fadlil
AIRFLOW_CTX_DAG_ID=dag1
AIRFLOW_CTX_TASK_ID=save_to_parquet
AIRFLOW_CTX_EXECUTION_DATE=2022-11-07T13:10:00+00:00
AIRFLOW_CTX_DAG_RUN_ID=scheduled__2022-11-07T13:10:00+00:00
[2022-12-04 13:45:47,839] {python.py:175} INFO - Done. Returned value was: None
[2022-12-04 13:45:47,869] {taskinstance.py:1277} INFO - Marking task as SUCCESS. dag_id=dag1, task_id=save_to_parquet, execution_date=20221107T131000, start_date=20221204T134547, end_date=20221204T134547
[2022-12-04 13:45:47,980] {local_task_job.py:154} INFO - Task exited with return code 0
[2022-12-04 13:45:48,121] {local_task_job.py:264} INFO - 1 downstream tasks scheduled from follow-on schedule check
