[2022-12-04 15:22:44,326] {taskinstance.py:1032} INFO - Dependencies all met for <TaskInstance: dag1.save_to_csv scheduled__2022-11-09T13:50:00+00:00 [queued]>
[2022-12-04 15:22:44,358] {taskinstance.py:1032} INFO - Dependencies all met for <TaskInstance: dag1.save_to_csv scheduled__2022-11-09T13:50:00+00:00 [queued]>
[2022-12-04 15:22:44,361] {taskinstance.py:1238} INFO - 
--------------------------------------------------------------------------------
[2022-12-04 15:22:44,361] {taskinstance.py:1239} INFO - Starting attempt 1 of 2
[2022-12-04 15:22:44,362] {taskinstance.py:1240} INFO - 
--------------------------------------------------------------------------------
[2022-12-04 15:22:44,405] {taskinstance.py:1259} INFO - Executing <Task(PythonOperator): save_to_csv> on 2022-11-09 13:50:00+00:00
[2022-12-04 15:22:44,419] {standard_task_runner.py:52} INFO - Started process 15083 to run task
[2022-12-04 15:22:44,446] {standard_task_runner.py:76} INFO - Running: ['***', 'tasks', 'run', 'dag1', 'save_to_csv', 'scheduled__2022-11-09T13:50:00+00:00', '--job-id', '9865', '--raw', '--subdir', 'DAGS_FOLDER/AirflowClean2.py', '--cfg-path', '/tmp/tmpkvv4itrf', '--error-file', '/tmp/tmp0sj5rm7z']
[2022-12-04 15:22:44,458] {standard_task_runner.py:77} INFO - Job 9865: Subtask save_to_csv
[2022-12-04 16:51:12,403] {logging_mixin.py:109} INFO - Running <TaskInstance: dag1.save_to_csv scheduled__2022-11-09T13:50:00+00:00 [running]> on host 7a020590adae
[2022-12-04 16:51:13,660] {taskinstance.py:1426} INFO - Exporting the following env vars:
AIRFLOW_CTX_DAG_OWNER=Fadlil
AIRFLOW_CTX_DAG_ID=dag1
AIRFLOW_CTX_TASK_ID=save_to_csv
AIRFLOW_CTX_EXECUTION_DATE=2022-11-09T13:50:00+00:00
AIRFLOW_CTX_DAG_RUN_ID=scheduled__2022-11-09T13:50:00+00:00
[2022-12-04 16:51:16,915] {python.py:175} INFO - Done. Returned value was: None
[2022-12-04 16:51:17,974] {taskinstance.py:1277} INFO - Marking task as SUCCESS. dag_id=dag1, task_id=save_to_csv, execution_date=20221109T135000, start_date=20221204T152244, end_date=20221204T165117
[2022-12-04 16:51:20,705] {local_task_job.py:154} INFO - Task exited with return code 0
[2022-12-04 16:51:22,262] {local_task_job.py:264} INFO - 1 downstream tasks scheduled from follow-on schedule check
