[2022-12-04 11:41:13,500] {taskinstance.py:1032} INFO - Dependencies all met for <TaskInstance: dag1.save_to_csv scheduled__2022-11-04T16:30:00+00:00 [queued]>
[2022-12-04 11:41:13,515] {taskinstance.py:1032} INFO - Dependencies all met for <TaskInstance: dag1.save_to_csv scheduled__2022-11-04T16:30:00+00:00 [queued]>
[2022-12-04 11:41:13,515] {taskinstance.py:1238} INFO - 
--------------------------------------------------------------------------------
[2022-12-04 11:41:13,516] {taskinstance.py:1239} INFO - Starting attempt 1 of 2
[2022-12-04 11:41:13,516] {taskinstance.py:1240} INFO - 
--------------------------------------------------------------------------------
[2022-12-04 11:41:13,534] {taskinstance.py:1259} INFO - Executing <Task(PythonOperator): save_to_csv> on 2022-11-04 16:30:00+00:00
[2022-12-04 11:41:13,542] {standard_task_runner.py:52} INFO - Started process 13964 to run task
[2022-12-04 11:41:13,548] {standard_task_runner.py:76} INFO - Running: ['***', 'tasks', 'run', 'dag1', 'save_to_csv', 'scheduled__2022-11-04T16:30:00+00:00', '--job-id', '5534', '--raw', '--subdir', 'DAGS_FOLDER/AirflowClean2.py', '--cfg-path', '/tmp/tmp8kp_7tkr', '--error-file', '/tmp/tmp3s6t6xx3']
[2022-12-04 11:41:13,550] {standard_task_runner.py:77} INFO - Job 5534: Subtask save_to_csv
[2022-12-04 11:41:13,627] {logging_mixin.py:109} INFO - Running <TaskInstance: dag1.save_to_csv scheduled__2022-11-04T16:30:00+00:00 [running]> on host 9e44869ff3ef
[2022-12-04 11:41:13,713] {taskinstance.py:1426} INFO - Exporting the following env vars:
AIRFLOW_CTX_DAG_OWNER=Fadlil
AIRFLOW_CTX_DAG_ID=dag1
AIRFLOW_CTX_TASK_ID=save_to_csv
AIRFLOW_CTX_EXECUTION_DATE=2022-11-04T16:30:00+00:00
AIRFLOW_CTX_DAG_RUN_ID=scheduled__2022-11-04T16:30:00+00:00
[2022-12-04 11:41:13,803] {python.py:175} INFO - Done. Returned value was: None
[2022-12-04 11:41:13,837] {taskinstance.py:1277} INFO - Marking task as SUCCESS. dag_id=dag1, task_id=save_to_csv, execution_date=20221104T163000, start_date=20221204T114113, end_date=20221204T114113
[2022-12-04 11:41:13,883] {local_task_job.py:154} INFO - Task exited with return code 0
[2022-12-04 11:41:14,013] {local_task_job.py:264} INFO - 1 downstream tasks scheduled from follow-on schedule check
