[2022-12-04 05:20:41,341] {taskinstance.py:1032} INFO - Dependencies all met for <TaskInstance: dag1.save_to_csv scheduled__2022-10-29T11:10:00+00:00 [queued]>
[2022-12-04 05:20:41,418] {taskinstance.py:1032} INFO - Dependencies all met for <TaskInstance: dag1.save_to_csv scheduled__2022-10-29T11:10:00+00:00 [queued]>
[2022-12-04 05:20:41,434] {taskinstance.py:1238} INFO - 
--------------------------------------------------------------------------------
[2022-12-04 05:20:41,442] {taskinstance.py:1239} INFO - Starting attempt 1 of 2
[2022-12-04 05:20:41,443] {taskinstance.py:1240} INFO - 
--------------------------------------------------------------------------------
[2022-12-04 05:20:41,544] {taskinstance.py:1259} INFO - Executing <Task(PythonOperator): save_to_csv> on 2022-10-29 11:10:00+00:00
[2022-12-04 05:20:41,585] {standard_task_runner.py:52} INFO - Started process 8328 to run task
[2022-12-04 05:20:41,612] {standard_task_runner.py:76} INFO - Running: ['***', 'tasks', 'run', 'dag1', 'save_to_csv', 'scheduled__2022-10-29T11:10:00+00:00', '--job-id', '2018', '--raw', '--subdir', 'DAGS_FOLDER/AirflowClean2.py', '--cfg-path', '/tmp/tmpwr713q0u', '--error-file', '/tmp/tmpto9lstzu']
[2022-12-04 05:20:41,616] {standard_task_runner.py:77} INFO - Job 2018: Subtask save_to_csv
[2022-12-04 05:20:41,950] {logging_mixin.py:109} INFO - Running <TaskInstance: dag1.save_to_csv scheduled__2022-10-29T11:10:00+00:00 [running]> on host 422c372562ce
[2022-12-04 05:20:42,300] {taskinstance.py:1426} INFO - Exporting the following env vars:
AIRFLOW_CTX_DAG_OWNER=Fadlil
AIRFLOW_CTX_DAG_ID=dag1
AIRFLOW_CTX_TASK_ID=save_to_csv
AIRFLOW_CTX_EXECUTION_DATE=2022-10-29T11:10:00+00:00
AIRFLOW_CTX_DAG_RUN_ID=scheduled__2022-10-29T11:10:00+00:00
[2022-12-04 05:20:42,537] {python.py:175} INFO - Done. Returned value was: None
[2022-12-04 05:20:43,194] {taskinstance.py:1277} INFO - Marking task as SUCCESS. dag_id=dag1, task_id=save_to_csv, execution_date=20221029T111000, start_date=20221204T052041, end_date=20221204T052043
[2022-12-04 05:20:43,307] {local_task_job.py:154} INFO - Task exited with return code 0
[2022-12-04 05:20:43,475] {local_task_job.py:264} INFO - 1 downstream tasks scheduled from follow-on schedule check
