[2022-12-04 09:58:40,268] {taskinstance.py:1032} INFO - Dependencies all met for <TaskInstance: dag1.get_data scheduled__2022-10-30T23:20:00+00:00 [queued]>
[2022-12-04 09:58:40,287] {taskinstance.py:1032} INFO - Dependencies all met for <TaskInstance: dag1.get_data scheduled__2022-10-30T23:20:00+00:00 [queued]>
[2022-12-04 09:58:40,287] {taskinstance.py:1238} INFO - 
--------------------------------------------------------------------------------
[2022-12-04 09:58:40,288] {taskinstance.py:1239} INFO - Starting attempt 1 of 2
[2022-12-04 09:58:40,289] {taskinstance.py:1240} INFO - 
--------------------------------------------------------------------------------
[2022-12-04 09:58:40,327] {taskinstance.py:1259} INFO - Executing <Task(PythonOperator): get_data> on 2022-10-30 23:20:00+00:00
[2022-12-04 09:58:40,337] {standard_task_runner.py:52} INFO - Started process 3017 to run task
[2022-12-04 09:58:40,343] {standard_task_runner.py:76} INFO - Running: ['***', 'tasks', 'run', 'dag1', 'get_data', 'scheduled__2022-10-30T23:20:00+00:00', '--job-id', '2746', '--raw', '--subdir', 'DAGS_FOLDER/AirflowClean2.py', '--cfg-path', '/tmp/tmpjl_31uvg', '--error-file', '/tmp/tmpc5mmifgu']
[2022-12-04 09:58:40,345] {standard_task_runner.py:77} INFO - Job 2746: Subtask get_data
[2022-12-04 09:58:40,472] {logging_mixin.py:109} INFO - Running <TaskInstance: dag1.get_data scheduled__2022-10-30T23:20:00+00:00 [running]> on host 9e44869ff3ef
[2022-12-04 09:58:40,750] {taskinstance.py:1426} INFO - Exporting the following env vars:
AIRFLOW_CTX_DAG_OWNER=Fadlil
AIRFLOW_CTX_DAG_ID=dag1
AIRFLOW_CTX_TASK_ID=get_data
AIRFLOW_CTX_EXECUTION_DATE=2022-10-30T23:20:00+00:00
AIRFLOW_CTX_DAG_RUN_ID=scheduled__2022-10-30T23:20:00+00:00
[2022-12-04 09:58:41,732] {python.py:175} INFO - Done. Returned value was: None
[2022-12-04 09:58:42,126] {taskinstance.py:1277} INFO - Marking task as SUCCESS. dag_id=dag1, task_id=get_data, execution_date=20221030T232000, start_date=20221204T095840, end_date=20221204T095842
[2022-12-04 09:58:42,244] {local_task_job.py:154} INFO - Task exited with return code 0
[2022-12-04 09:58:42,367] {local_task_job.py:264} INFO - 1 downstream tasks scheduled from follow-on schedule check
