[2022-12-04 17:34:34,751] {taskinstance.py:1032} INFO - Dependencies all met for <TaskInstance: dag1.save_to_csv scheduled__2022-11-10T11:10:00+00:00 [queued]>
[2022-12-04 17:34:34,792] {taskinstance.py:1032} INFO - Dependencies all met for <TaskInstance: dag1.save_to_csv scheduled__2022-11-10T11:10:00+00:00 [queued]>
[2022-12-04 17:34:34,803] {taskinstance.py:1238} INFO - 
--------------------------------------------------------------------------------
[2022-12-04 17:34:34,805] {taskinstance.py:1239} INFO - Starting attempt 1 of 2
[2022-12-04 17:34:34,805] {taskinstance.py:1240} INFO - 
--------------------------------------------------------------------------------
[2022-12-04 17:34:34,882] {taskinstance.py:1259} INFO - Executing <Task(PythonOperator): save_to_csv> on 2022-11-10 11:10:00+00:00
[2022-12-04 17:34:34,898] {standard_task_runner.py:52} INFO - Started process 18974 to run task
[2022-12-04 17:34:34,935] {standard_task_runner.py:76} INFO - Running: ['***', 'tasks', 'run', 'dag1', 'save_to_csv', 'scheduled__2022-11-10T11:10:00+00:00', '--job-id', '10666', '--raw', '--subdir', 'DAGS_FOLDER/AirflowClean2.py', '--cfg-path', '/tmp/tmpe6urxlp4', '--error-file', '/tmp/tmp0n088bey']
[2022-12-04 17:34:34,951] {standard_task_runner.py:77} INFO - Job 10666: Subtask save_to_csv
[2022-12-04 17:34:35,209] {logging_mixin.py:109} INFO - Running <TaskInstance: dag1.save_to_csv scheduled__2022-11-10T11:10:00+00:00 [running]> on host 7a020590adae
[2022-12-04 17:34:35,443] {taskinstance.py:1426} INFO - Exporting the following env vars:
AIRFLOW_CTX_DAG_OWNER=Fadlil
AIRFLOW_CTX_DAG_ID=dag1
AIRFLOW_CTX_TASK_ID=save_to_csv
AIRFLOW_CTX_EXECUTION_DATE=2022-11-10T11:10:00+00:00
AIRFLOW_CTX_DAG_RUN_ID=scheduled__2022-11-10T11:10:00+00:00
[2022-12-04 17:34:35,550] {python.py:175} INFO - Done. Returned value was: None
[2022-12-04 17:34:35,587] {taskinstance.py:1277} INFO - Marking task as SUCCESS. dag_id=dag1, task_id=save_to_csv, execution_date=20221110T111000, start_date=20221204T173434, end_date=20221204T173435
[2022-12-04 17:34:35,694] {local_task_job.py:154} INFO - Task exited with return code 0
[2022-12-04 17:34:35,806] {local_task_job.py:264} INFO - 1 downstream tasks scheduled from follow-on schedule check
