[2022-12-04 10:45:17,561] {taskinstance.py:1032} INFO - Dependencies all met for <TaskInstance: dag1.local_to_gcs_task scheduled__2022-11-01T23:10:00+00:00 [queued]>
[2022-12-04 10:45:17,630] {taskinstance.py:1032} INFO - Dependencies all met for <TaskInstance: dag1.local_to_gcs_task scheduled__2022-11-01T23:10:00+00:00 [queued]>
[2022-12-04 10:45:17,633] {taskinstance.py:1238} INFO - 
--------------------------------------------------------------------------------
[2022-12-04 10:45:17,636] {taskinstance.py:1239} INFO - Starting attempt 1 of 2
[2022-12-04 10:45:17,637] {taskinstance.py:1240} INFO - 
--------------------------------------------------------------------------------
[2022-12-04 10:45:17,691] {taskinstance.py:1259} INFO - Executing <Task(PythonOperator): local_to_gcs_task> on 2022-11-01 23:10:00+00:00
[2022-12-04 10:45:17,699] {standard_task_runner.py:52} INFO - Started process 8161 to run task
[2022-12-04 10:45:17,730] {standard_task_runner.py:76} INFO - Running: ['***', 'tasks', 'run', 'dag1', 'local_to_gcs_task', 'scheduled__2022-11-01T23:10:00+00:00', '--job-id', '3948', '--raw', '--subdir', 'DAGS_FOLDER/AirflowClean2.py', '--cfg-path', '/tmp/tmp476x7koo', '--error-file', '/tmp/tmpat08o4j3']
[2022-12-04 10:45:17,737] {standard_task_runner.py:77} INFO - Job 3948: Subtask local_to_gcs_task
[2022-12-04 10:45:18,166] {logging_mixin.py:109} INFO - Running <TaskInstance: dag1.local_to_gcs_task scheduled__2022-11-01T23:10:00+00:00 [running]> on host 9e44869ff3ef
[2022-12-04 10:45:18,365] {taskinstance.py:1426} INFO - Exporting the following env vars:
AIRFLOW_CTX_DAG_OWNER=Fadlil
AIRFLOW_CTX_DAG_ID=dag1
AIRFLOW_CTX_TASK_ID=local_to_gcs_task
AIRFLOW_CTX_EXECUTION_DATE=2022-11-01T23:10:00+00:00
AIRFLOW_CTX_DAG_RUN_ID=scheduled__2022-11-01T23:10:00+00:00
[2022-12-04 10:45:19,207] {python.py:175} INFO - Done. Returned value was: None
[2022-12-04 10:45:19,247] {taskinstance.py:1277} INFO - Marking task as SUCCESS. dag_id=dag1, task_id=local_to_gcs_task, execution_date=20221101T231000, start_date=20221204T104517, end_date=20221204T104519
[2022-12-04 10:45:19,343] {local_task_job.py:154} INFO - Task exited with return code 0
[2022-12-04 10:45:19,442] {local_task_job.py:264} INFO - 0 downstream tasks scheduled from follow-on schedule check
