[2022-12-04 12:14:09,305] {taskinstance.py:1032} INFO - Dependencies all met for <TaskInstance: dag1.get_data scheduled__2022-11-05T19:00:00+00:00 [queued]>
[2022-12-04 12:14:09,323] {taskinstance.py:1032} INFO - Dependencies all met for <TaskInstance: dag1.get_data scheduled__2022-11-05T19:00:00+00:00 [queued]>
[2022-12-04 12:14:09,324] {taskinstance.py:1238} INFO - 
--------------------------------------------------------------------------------
[2022-12-04 12:14:09,324] {taskinstance.py:1239} INFO - Starting attempt 1 of 2
[2022-12-04 12:14:09,325] {taskinstance.py:1240} INFO - 
--------------------------------------------------------------------------------
[2022-12-04 12:14:09,348] {taskinstance.py:1259} INFO - Executing <Task(PythonOperator): get_data> on 2022-11-05 19:00:00+00:00
[2022-12-04 12:14:09,355] {standard_task_runner.py:52} INFO - Started process 17606 to run task
[2022-12-04 12:14:09,362] {standard_task_runner.py:76} INFO - Running: ['***', 'tasks', 'run', 'dag1', 'get_data', 'scheduled__2022-11-05T19:00:00+00:00', '--job-id', '6391', '--raw', '--subdir', 'DAGS_FOLDER/AirflowClean2.py', '--cfg-path', '/tmp/tmp2bi578ey', '--error-file', '/tmp/tmpbljjczrc']
[2022-12-04 12:14:09,364] {standard_task_runner.py:77} INFO - Job 6391: Subtask get_data
[2022-12-04 12:14:09,457] {logging_mixin.py:109} INFO - Running <TaskInstance: dag1.get_data scheduled__2022-11-05T19:00:00+00:00 [running]> on host 9e44869ff3ef
[2022-12-04 12:14:09,548] {taskinstance.py:1426} INFO - Exporting the following env vars:
AIRFLOW_CTX_DAG_OWNER=Fadlil
AIRFLOW_CTX_DAG_ID=dag1
AIRFLOW_CTX_TASK_ID=get_data
AIRFLOW_CTX_EXECUTION_DATE=2022-11-05T19:00:00+00:00
AIRFLOW_CTX_DAG_RUN_ID=scheduled__2022-11-05T19:00:00+00:00
[2022-12-04 12:14:10,261] {python.py:175} INFO - Done. Returned value was: None
[2022-12-04 12:14:10,716] {taskinstance.py:1277} INFO - Marking task as SUCCESS. dag_id=dag1, task_id=get_data, execution_date=20221105T190000, start_date=20221204T121409, end_date=20221204T121410
[2022-12-04 12:14:10,790] {local_task_job.py:154} INFO - Task exited with return code 0
[2022-12-04 12:14:10,847] {local_task_job.py:264} INFO - 1 downstream tasks scheduled from follow-on schedule check
