[2022-12-04 11:45:47,389] {taskinstance.py:1032} INFO - Dependencies all met for <TaskInstance: dag1.local_to_gcs_task scheduled__2022-11-04T23:40:00+00:00 [queued]>
[2022-12-04 11:45:47,492] {taskinstance.py:1032} INFO - Dependencies all met for <TaskInstance: dag1.local_to_gcs_task scheduled__2022-11-04T23:40:00+00:00 [queued]>
[2022-12-04 11:45:47,500] {taskinstance.py:1238} INFO - 
--------------------------------------------------------------------------------
[2022-12-04 11:45:47,502] {taskinstance.py:1239} INFO - Starting attempt 1 of 2
[2022-12-04 11:45:47,516] {taskinstance.py:1240} INFO - 
--------------------------------------------------------------------------------
[2022-12-04 11:45:47,609] {taskinstance.py:1259} INFO - Executing <Task(PythonOperator): local_to_gcs_task> on 2022-11-04 23:40:00+00:00
[2022-12-04 11:45:47,617] {standard_task_runner.py:52} INFO - Started process 14802 to run task
[2022-12-04 11:45:47,647] {standard_task_runner.py:76} INFO - Running: ['***', 'tasks', 'run', 'dag1', 'local_to_gcs_task', 'scheduled__2022-11-04T23:40:00+00:00', '--job-id', '5770', '--raw', '--subdir', 'DAGS_FOLDER/AirflowClean2.py', '--cfg-path', '/tmp/tmplj03ukbu', '--error-file', '/tmp/tmpo7o0ixv4']
[2022-12-04 11:45:47,651] {standard_task_runner.py:77} INFO - Job 5770: Subtask local_to_gcs_task
[2022-12-04 11:45:47,898] {logging_mixin.py:109} INFO - Running <TaskInstance: dag1.local_to_gcs_task scheduled__2022-11-04T23:40:00+00:00 [running]> on host 9e44869ff3ef
[2022-12-04 11:45:48,207] {taskinstance.py:1426} INFO - Exporting the following env vars:
AIRFLOW_CTX_DAG_OWNER=Fadlil
AIRFLOW_CTX_DAG_ID=dag1
AIRFLOW_CTX_TASK_ID=local_to_gcs_task
AIRFLOW_CTX_EXECUTION_DATE=2022-11-04T23:40:00+00:00
AIRFLOW_CTX_DAG_RUN_ID=scheduled__2022-11-04T23:40:00+00:00
[2022-12-04 11:45:49,170] {python.py:175} INFO - Done. Returned value was: None
[2022-12-04 11:45:49,298] {taskinstance.py:1277} INFO - Marking task as SUCCESS. dag_id=dag1, task_id=local_to_gcs_task, execution_date=20221104T234000, start_date=20221204T114547, end_date=20221204T114549
[2022-12-04 11:45:49,576] {local_task_job.py:154} INFO - Task exited with return code 0
[2022-12-04 11:45:49,834] {local_task_job.py:264} INFO - 1 downstream tasks scheduled from follow-on schedule check
