[2022-12-04 11:06:51,840] {taskinstance.py:1032} INFO - Dependencies all met for <TaskInstance: dag1.local_to_gcs_task scheduled__2022-11-04T07:20:00+00:00 [queued]>
[2022-12-04 11:06:52,005] {taskinstance.py:1032} INFO - Dependencies all met for <TaskInstance: dag1.local_to_gcs_task scheduled__2022-11-04T07:20:00+00:00 [queued]>
[2022-12-04 11:06:52,009] {taskinstance.py:1238} INFO - 
--------------------------------------------------------------------------------
[2022-12-04 11:06:52,011] {taskinstance.py:1239} INFO - Starting attempt 1 of 2
[2022-12-04 11:06:52,013] {taskinstance.py:1240} INFO - 
--------------------------------------------------------------------------------
[2022-12-04 11:06:52,116] {taskinstance.py:1259} INFO - Executing <Task(PythonOperator): local_to_gcs_task> on 2022-11-04 07:20:00+00:00
[2022-12-04 11:06:52,123] {standard_task_runner.py:52} INFO - Started process 12831 to run task
[2022-12-04 11:06:52,138] {standard_task_runner.py:76} INFO - Running: ['***', 'tasks', 'run', 'dag1', 'local_to_gcs_task', 'scheduled__2022-11-04T07:20:00+00:00', '--job-id', '5301', '--raw', '--subdir', 'DAGS_FOLDER/AirflowClean2.py', '--cfg-path', '/tmp/tmpq9jp8fnc', '--error-file', '/tmp/tmp7ffbneu_']
[2022-12-04 11:06:52,144] {standard_task_runner.py:77} INFO - Job 5301: Subtask local_to_gcs_task
[2022-12-04 11:06:52,397] {logging_mixin.py:109} INFO - Running <TaskInstance: dag1.local_to_gcs_task scheduled__2022-11-04T07:20:00+00:00 [running]> on host 9e44869ff3ef
[2022-12-04 11:06:52,490] {taskinstance.py:1426} INFO - Exporting the following env vars:
AIRFLOW_CTX_DAG_OWNER=Fadlil
AIRFLOW_CTX_DAG_ID=dag1
AIRFLOW_CTX_TASK_ID=local_to_gcs_task
AIRFLOW_CTX_EXECUTION_DATE=2022-11-04T07:20:00+00:00
AIRFLOW_CTX_DAG_RUN_ID=scheduled__2022-11-04T07:20:00+00:00
[2022-12-04 11:06:53,917] {python.py:175} INFO - Done. Returned value was: None
[2022-12-04 11:06:54,083] {taskinstance.py:1277} INFO - Marking task as SUCCESS. dag_id=dag1, task_id=local_to_gcs_task, execution_date=20221104T072000, start_date=20221204T110651, end_date=20221204T110654
[2022-12-04 11:06:54,269] {local_task_job.py:154} INFO - Task exited with return code 0
[2022-12-04 11:06:54,464] {local_task_job.py:264} INFO - 0 downstream tasks scheduled from follow-on schedule check
