[2022-12-04 10:59:55,605] {taskinstance.py:1032} INFO - Dependencies all met for <TaskInstance: dag1.local_to_gcs_task scheduled__2022-11-03T13:10:00+00:00 [queued]>
[2022-12-04 10:59:55,694] {taskinstance.py:1032} INFO - Dependencies all met for <TaskInstance: dag1.local_to_gcs_task scheduled__2022-11-03T13:10:00+00:00 [queued]>
[2022-12-04 10:59:55,695] {taskinstance.py:1238} INFO - 
--------------------------------------------------------------------------------
[2022-12-04 10:59:55,705] {taskinstance.py:1239} INFO - Starting attempt 1 of 2
[2022-12-04 10:59:55,710] {taskinstance.py:1240} INFO - 
--------------------------------------------------------------------------------
[2022-12-04 10:59:55,842] {taskinstance.py:1259} INFO - Executing <Task(PythonOperator): local_to_gcs_task> on 2022-11-03 13:10:00+00:00
[2022-12-04 10:59:55,907] {standard_task_runner.py:76} INFO - Running: ['***', 'tasks', 'run', 'dag1', 'local_to_gcs_task', 'scheduled__2022-11-03T13:10:00+00:00', '--job-id', '4869', '--raw', '--subdir', 'DAGS_FOLDER/AirflowClean2.py', '--cfg-path', '/tmp/tmpdla595qf', '--error-file', '/tmp/tmp1q59khod']
[2022-12-04 10:59:55,874] {standard_task_runner.py:52} INFO - Started process 11354 to run task
[2022-12-04 10:59:55,925] {standard_task_runner.py:77} INFO - Job 4869: Subtask local_to_gcs_task
[2022-12-04 10:59:56,267] {logging_mixin.py:109} INFO - Running <TaskInstance: dag1.local_to_gcs_task scheduled__2022-11-03T13:10:00+00:00 [running]> on host 9e44869ff3ef
[2022-12-04 10:59:56,805] {taskinstance.py:1426} INFO - Exporting the following env vars:
AIRFLOW_CTX_DAG_OWNER=Fadlil
AIRFLOW_CTX_DAG_ID=dag1
AIRFLOW_CTX_TASK_ID=local_to_gcs_task
AIRFLOW_CTX_EXECUTION_DATE=2022-11-03T13:10:00+00:00
AIRFLOW_CTX_DAG_RUN_ID=scheduled__2022-11-03T13:10:00+00:00
[2022-12-04 10:59:57,679] {python.py:175} INFO - Done. Returned value was: None
[2022-12-04 10:59:57,732] {taskinstance.py:1277} INFO - Marking task as SUCCESS. dag_id=dag1, task_id=local_to_gcs_task, execution_date=20221103T131000, start_date=20221204T105955, end_date=20221204T105957
[2022-12-04 10:59:57,869] {local_task_job.py:154} INFO - Task exited with return code 0
[2022-12-04 10:59:58,101] {local_task_job.py:264} INFO - 0 downstream tasks scheduled from follow-on schedule check
