[2022-12-04 10:46:10,532] {taskinstance.py:1032} INFO - Dependencies all met for <TaskInstance: dag1.get_data scheduled__2022-11-02T02:40:00+00:00 [queued]>
[2022-12-04 10:46:10,610] {taskinstance.py:1032} INFO - Dependencies all met for <TaskInstance: dag1.get_data scheduled__2022-11-02T02:40:00+00:00 [queued]>
[2022-12-04 10:46:10,610] {taskinstance.py:1238} INFO - 
--------------------------------------------------------------------------------
[2022-12-04 10:46:10,611] {taskinstance.py:1239} INFO - Starting attempt 1 of 2
[2022-12-04 10:46:10,611] {taskinstance.py:1240} INFO - 
--------------------------------------------------------------------------------
[2022-12-04 10:46:10,669] {taskinstance.py:1259} INFO - Executing <Task(PythonOperator): get_data> on 2022-11-02 02:40:00+00:00
[2022-12-04 10:46:10,699] {standard_task_runner.py:52} INFO - Started process 8332 to run task
[2022-12-04 10:46:10,708] {standard_task_runner.py:76} INFO - Running: ['***', 'tasks', 'run', 'dag1', 'get_data', 'scheduled__2022-11-02T02:40:00+00:00', '--job-id', '3996', '--raw', '--subdir', 'DAGS_FOLDER/AirflowClean2.py', '--cfg-path', '/tmp/tmpikr9pa62', '--error-file', '/tmp/tmpk_8m2o22']
[2022-12-04 10:46:10,710] {standard_task_runner.py:77} INFO - Job 3996: Subtask get_data
[2022-12-04 10:46:10,898] {logging_mixin.py:109} INFO - Running <TaskInstance: dag1.get_data scheduled__2022-11-02T02:40:00+00:00 [running]> on host 9e44869ff3ef
[2022-12-04 10:46:11,087] {taskinstance.py:1426} INFO - Exporting the following env vars:
AIRFLOW_CTX_DAG_OWNER=Fadlil
AIRFLOW_CTX_DAG_ID=dag1
AIRFLOW_CTX_TASK_ID=get_data
AIRFLOW_CTX_EXECUTION_DATE=2022-11-02T02:40:00+00:00
AIRFLOW_CTX_DAG_RUN_ID=scheduled__2022-11-02T02:40:00+00:00
[2022-12-04 10:46:11,810] {python.py:175} INFO - Done. Returned value was: None
[2022-12-04 10:46:12,454] {taskinstance.py:1277} INFO - Marking task as SUCCESS. dag_id=dag1, task_id=get_data, execution_date=20221102T024000, start_date=20221204T104610, end_date=20221204T104612
[2022-12-04 10:46:12,535] {local_task_job.py:154} INFO - Task exited with return code 0
[2022-12-04 10:46:12,734] {local_task_job.py:264} INFO - 1 downstream tasks scheduled from follow-on schedule check
