[2022-12-04 10:54:31,495] {taskinstance.py:1032} INFO - Dependencies all met for <TaskInstance: dag1.save_to_csv scheduled__2022-11-03T00:00:00+00:00 [queued]>
[2022-12-04 10:54:31,586] {taskinstance.py:1032} INFO - Dependencies all met for <TaskInstance: dag1.save_to_csv scheduled__2022-11-03T00:00:00+00:00 [queued]>
[2022-12-04 10:54:31,587] {taskinstance.py:1238} INFO - 
--------------------------------------------------------------------------------
[2022-12-04 10:54:31,588] {taskinstance.py:1239} INFO - Starting attempt 1 of 2
[2022-12-04 10:54:31,591] {taskinstance.py:1240} INFO - 
--------------------------------------------------------------------------------
[2022-12-04 10:54:31,707] {taskinstance.py:1259} INFO - Executing <Task(PythonOperator): save_to_csv> on 2022-11-03 00:00:00+00:00
[2022-12-04 10:54:31,717] {standard_task_runner.py:52} INFO - Started process 10163 to run task
[2022-12-04 10:54:31,747] {standard_task_runner.py:76} INFO - Running: ['***', 'tasks', 'run', 'dag1', 'save_to_csv', 'scheduled__2022-11-03T00:00:00+00:00', '--job-id', '4523', '--raw', '--subdir', 'DAGS_FOLDER/AirflowClean2.py', '--cfg-path', '/tmp/tmp1x0g80mc', '--error-file', '/tmp/tmpnc532phj']
[2022-12-04 10:54:31,756] {standard_task_runner.py:77} INFO - Job 4523: Subtask save_to_csv
[2022-12-04 10:54:32,192] {logging_mixin.py:109} INFO - Running <TaskInstance: dag1.save_to_csv scheduled__2022-11-03T00:00:00+00:00 [running]> on host 9e44869ff3ef
[2022-12-04 10:54:32,466] {taskinstance.py:1426} INFO - Exporting the following env vars:
AIRFLOW_CTX_DAG_OWNER=Fadlil
AIRFLOW_CTX_DAG_ID=dag1
AIRFLOW_CTX_TASK_ID=save_to_csv
AIRFLOW_CTX_EXECUTION_DATE=2022-11-03T00:00:00+00:00
AIRFLOW_CTX_DAG_RUN_ID=scheduled__2022-11-03T00:00:00+00:00
[2022-12-04 10:54:32,556] {python.py:175} INFO - Done. Returned value was: None
[2022-12-04 10:54:32,987] {taskinstance.py:1277} INFO - Marking task as SUCCESS. dag_id=dag1, task_id=save_to_csv, execution_date=20221103T000000, start_date=20221204T105431, end_date=20221204T105432
[2022-12-04 10:54:33,166] {local_task_job.py:154} INFO - Task exited with return code 0
[2022-12-04 10:54:33,587] {local_task_job.py:264} INFO - 1 downstream tasks scheduled from follow-on schedule check
