[2022-12-04 09:27:39,222] {taskinstance.py:1032} INFO - Dependencies all met for <TaskInstance: dag1.get_data scheduled__2022-10-30T00:20:00+00:00 [queued]>
[2022-12-04 09:27:39,288] {taskinstance.py:1032} INFO - Dependencies all met for <TaskInstance: dag1.get_data scheduled__2022-10-30T00:20:00+00:00 [queued]>
[2022-12-04 09:27:39,293] {taskinstance.py:1238} INFO - 
--------------------------------------------------------------------------------
[2022-12-04 09:27:39,294] {taskinstance.py:1239} INFO - Starting attempt 1 of 2
[2022-12-04 09:27:39,294] {taskinstance.py:1240} INFO - 
--------------------------------------------------------------------------------
[2022-12-04 09:27:39,341] {taskinstance.py:1259} INFO - Executing <Task(PythonOperator): get_data> on 2022-10-30 00:20:00+00:00
[2022-12-04 09:27:39,352] {standard_task_runner.py:52} INFO - Started process 642 to run task
[2022-12-04 09:27:39,385] {standard_task_runner.py:76} INFO - Running: ['***', 'tasks', 'run', 'dag1', 'get_data', 'scheduled__2022-10-30T00:20:00+00:00', '--job-id', '2324', '--raw', '--subdir', 'DAGS_FOLDER/AirflowClean2.py', '--cfg-path', '/tmp/tmpjciswm5p', '--error-file', '/tmp/tmp4alvzp4d']
[2022-12-04 09:27:39,387] {standard_task_runner.py:77} INFO - Job 2324: Subtask get_data
[2022-12-04 09:27:39,606] {logging_mixin.py:109} INFO - Running <TaskInstance: dag1.get_data scheduled__2022-10-30T00:20:00+00:00 [running]> on host 9e44869ff3ef
[2022-12-04 09:27:39,871] {taskinstance.py:1426} INFO - Exporting the following env vars:
AIRFLOW_CTX_DAG_OWNER=Fadlil
AIRFLOW_CTX_DAG_ID=dag1
AIRFLOW_CTX_TASK_ID=get_data
AIRFLOW_CTX_EXECUTION_DATE=2022-10-30T00:20:00+00:00
AIRFLOW_CTX_DAG_RUN_ID=scheduled__2022-10-30T00:20:00+00:00
[2022-12-04 09:27:40,632] {python.py:175} INFO - Done. Returned value was: None
[2022-12-04 09:27:40,672] {taskinstance.py:1277} INFO - Marking task as SUCCESS. dag_id=dag1, task_id=get_data, execution_date=20221030T002000, start_date=20221204T092739, end_date=20221204T092740
[2022-12-04 09:27:40,794] {local_task_job.py:154} INFO - Task exited with return code 0
[2022-12-04 09:27:40,945] {local_task_job.py:264} INFO - 1 downstream tasks scheduled from follow-on schedule check
