[2022-12-04 12:15:10,816] {taskinstance.py:1032} INFO - Dependencies all met for <TaskInstance: dag1.local_to_gcs_task scheduled__2022-11-05T19:10:00+00:00 [queued]>
[2022-12-04 12:15:10,844] {taskinstance.py:1032} INFO - Dependencies all met for <TaskInstance: dag1.local_to_gcs_task scheduled__2022-11-05T19:10:00+00:00 [queued]>
[2022-12-04 12:15:10,845] {taskinstance.py:1238} INFO - 
--------------------------------------------------------------------------------
[2022-12-04 12:15:10,850] {taskinstance.py:1239} INFO - Starting attempt 1 of 2
[2022-12-04 12:15:10,852] {taskinstance.py:1240} INFO - 
--------------------------------------------------------------------------------
[2022-12-04 12:15:10,894] {taskinstance.py:1259} INFO - Executing <Task(PythonOperator): local_to_gcs_task> on 2022-11-05 19:10:00+00:00
[2022-12-04 12:15:10,903] {standard_task_runner.py:52} INFO - Started process 17677 to run task
[2022-12-04 12:15:10,910] {standard_task_runner.py:76} INFO - Running: ['***', 'tasks', 'run', 'dag1', 'local_to_gcs_task', 'scheduled__2022-11-05T19:10:00+00:00', '--job-id', '6403', '--raw', '--subdir', 'DAGS_FOLDER/AirflowClean2.py', '--cfg-path', '/tmp/tmpj6qebmcl', '--error-file', '/tmp/tmp3wcf160r']
[2022-12-04 12:15:10,926] {standard_task_runner.py:77} INFO - Job 6403: Subtask local_to_gcs_task
[2022-12-04 12:15:11,141] {logging_mixin.py:109} INFO - Running <TaskInstance: dag1.local_to_gcs_task scheduled__2022-11-05T19:10:00+00:00 [running]> on host 9e44869ff3ef
[2022-12-04 12:15:11,314] {taskinstance.py:1426} INFO - Exporting the following env vars:
AIRFLOW_CTX_DAG_OWNER=Fadlil
AIRFLOW_CTX_DAG_ID=dag1
AIRFLOW_CTX_TASK_ID=local_to_gcs_task
AIRFLOW_CTX_EXECUTION_DATE=2022-11-05T19:10:00+00:00
AIRFLOW_CTX_DAG_RUN_ID=scheduled__2022-11-05T19:10:00+00:00
[2022-12-04 12:15:12,200] {python.py:175} INFO - Done. Returned value was: None
[2022-12-04 12:15:12,619] {taskinstance.py:1277} INFO - Marking task as SUCCESS. dag_id=dag1, task_id=local_to_gcs_task, execution_date=20221105T191000, start_date=20221204T121510, end_date=20221204T121512
[2022-12-04 12:15:12,679] {local_task_job.py:154} INFO - Task exited with return code 0
[2022-12-04 12:15:12,778] {local_task_job.py:264} INFO - 1 downstream tasks scheduled from follow-on schedule check
