[2022-12-04 10:13:59,860] {taskinstance.py:1032} INFO - Dependencies all met for <TaskInstance: dag1.save_to_parquet scheduled__2022-10-31T09:10:00+00:00 [queued]>
[2022-12-04 10:13:59,881] {taskinstance.py:1032} INFO - Dependencies all met for <TaskInstance: dag1.save_to_parquet scheduled__2022-10-31T09:10:00+00:00 [queued]>
[2022-12-04 10:13:59,882] {taskinstance.py:1238} INFO - 
--------------------------------------------------------------------------------
[2022-12-04 10:13:59,882] {taskinstance.py:1239} INFO - Starting attempt 1 of 2
[2022-12-04 10:13:59,883] {taskinstance.py:1240} INFO - 
--------------------------------------------------------------------------------
[2022-12-04 10:13:59,909] {taskinstance.py:1259} INFO - Executing <Task(PythonOperator): save_to_parquet> on 2022-10-31 09:10:00+00:00
[2022-12-04 10:13:59,916] {standard_task_runner.py:52} INFO - Started process 4249 to run task
[2022-12-04 10:13:59,924] {standard_task_runner.py:76} INFO - Running: ['***', 'tasks', 'run', 'dag1', 'save_to_parquet', 'scheduled__2022-10-31T09:10:00+00:00', '--job-id', '2984', '--raw', '--subdir', 'DAGS_FOLDER/AirflowClean2.py', '--cfg-path', '/tmp/tmp0n3tz8s3', '--error-file', '/tmp/tmp49chq54e']
[2022-12-04 10:13:59,925] {standard_task_runner.py:77} INFO - Job 2984: Subtask save_to_parquet
[2022-12-04 10:14:00,317] {logging_mixin.py:109} INFO - Running <TaskInstance: dag1.save_to_parquet scheduled__2022-10-31T09:10:00+00:00 [running]> on host 9e44869ff3ef
[2022-12-04 10:14:00,500] {taskinstance.py:1426} INFO - Exporting the following env vars:
AIRFLOW_CTX_DAG_OWNER=Fadlil
AIRFLOW_CTX_DAG_ID=dag1
AIRFLOW_CTX_TASK_ID=save_to_parquet
AIRFLOW_CTX_EXECUTION_DATE=2022-10-31T09:10:00+00:00
AIRFLOW_CTX_DAG_RUN_ID=scheduled__2022-10-31T09:10:00+00:00
[2022-12-04 10:14:00,552] {python.py:175} INFO - Done. Returned value was: None
[2022-12-04 10:14:01,024] {taskinstance.py:1277} INFO - Marking task as SUCCESS. dag_id=dag1, task_id=save_to_parquet, execution_date=20221031T091000, start_date=20221204T101359, end_date=20221204T101401
[2022-12-04 10:14:01,130] {local_task_job.py:154} INFO - Task exited with return code 0
[2022-12-04 10:14:01,288] {local_task_job.py:264} INFO - 1 downstream tasks scheduled from follow-on schedule check
