[2022-12-04 14:48:58,132] {taskinstance.py:1032} INFO - Dependencies all met for <TaskInstance: dag1.bigquery_external_table_task scheduled__2022-11-08T19:50:00+00:00 [queued]>
[2022-12-04 14:48:58,160] {taskinstance.py:1032} INFO - Dependencies all met for <TaskInstance: dag1.bigquery_external_table_task scheduled__2022-11-08T19:50:00+00:00 [queued]>
[2022-12-04 14:48:58,161] {taskinstance.py:1238} INFO - 
--------------------------------------------------------------------------------
[2022-12-04 14:48:58,162] {taskinstance.py:1239} INFO - Starting attempt 1 of 2
[2022-12-04 14:48:58,163] {taskinstance.py:1240} INFO - 
--------------------------------------------------------------------------------
[2022-12-04 14:48:58,216] {taskinstance.py:1259} INFO - Executing <Task(BigQueryCreateExternalTableOperator): bigquery_external_table_task> on 2022-11-08 19:50:00+00:00
[2022-12-04 14:48:58,244] {standard_task_runner.py:52} INFO - Started process 11799 to run task
[2022-12-04 14:48:58,242] {standard_task_runner.py:76} INFO - Running: ['***', 'tasks', 'run', 'dag1', 'bigquery_external_table_task', 'scheduled__2022-11-08T19:50:00+00:00', '--job-id', '9182', '--raw', '--subdir', 'DAGS_FOLDER/AirflowClean2.py', '--cfg-path', '/tmp/tmps0bd2cov', '--error-file', '/tmp/tmpmj5aj141']
[2022-12-04 14:48:58,274] {standard_task_runner.py:77} INFO - Job 9182: Subtask bigquery_external_table_task
[2022-12-04 14:48:58,514] {logging_mixin.py:109} INFO - Running <TaskInstance: dag1.bigquery_external_table_task scheduled__2022-11-08T19:50:00+00:00 [running]> on host 7a020590adae
[2022-12-04 14:48:58,725] {taskinstance.py:1426} INFO - Exporting the following env vars:
AIRFLOW_CTX_DAG_OWNER=Fadlil
AIRFLOW_CTX_DAG_ID=dag1
AIRFLOW_CTX_TASK_ID=bigquery_external_table_task
AIRFLOW_CTX_EXECUTION_DATE=2022-11-08T19:50:00+00:00
AIRFLOW_CTX_DAG_RUN_ID=scheduled__2022-11-08T19:50:00+00:00
[2022-12-04 14:48:58,730] {crypto.py:82} WARNING - empty cryptography key - values will not be stored encrypted.
[2022-12-04 14:49:00,228] {taskinstance.py:1277} INFO - Marking task as SUCCESS. dag_id=dag1, task_id=bigquery_external_table_task, execution_date=20221108T195000, start_date=20221204T144858, end_date=20221204T144900
[2022-12-04 14:49:00,325] {local_task_job.py:154} INFO - Task exited with return code 0
[2022-12-04 14:49:00,423] {local_task_job.py:264} INFO - 1 downstream tasks scheduled from follow-on schedule check
