[2022-12-04 09:28:08,218] {taskinstance.py:1032} INFO - Dependencies all met for <TaskInstance: dag1.save_to_csv scheduled__2022-10-30T01:50:00+00:00 [queued]>
[2022-12-04 09:28:08,364] {taskinstance.py:1032} INFO - Dependencies all met for <TaskInstance: dag1.save_to_csv scheduled__2022-10-30T01:50:00+00:00 [queued]>
[2022-12-04 09:28:08,365] {taskinstance.py:1238} INFO - 
--------------------------------------------------------------------------------
[2022-12-04 09:28:08,372] {taskinstance.py:1239} INFO - Starting attempt 1 of 2
[2022-12-04 09:28:08,373] {taskinstance.py:1240} INFO - 
--------------------------------------------------------------------------------
[2022-12-04 09:28:08,538] {taskinstance.py:1259} INFO - Executing <Task(PythonOperator): save_to_csv> on 2022-10-30 01:50:00+00:00
[2022-12-04 09:28:08,577] {standard_task_runner.py:52} INFO - Started process 771 to run task
[2022-12-04 09:28:08,612] {standard_task_runner.py:76} INFO - Running: ['***', 'tasks', 'run', 'dag1', 'save_to_csv', 'scheduled__2022-10-30T01:50:00+00:00', '--job-id', '2358', '--raw', '--subdir', 'DAGS_FOLDER/AirflowClean2.py', '--cfg-path', '/tmp/tmpb36iatf3', '--error-file', '/tmp/tmpz9rwxliy']
[2022-12-04 09:28:08,634] {standard_task_runner.py:77} INFO - Job 2358: Subtask save_to_csv
[2022-12-04 09:28:08,917] {logging_mixin.py:109} INFO - Running <TaskInstance: dag1.save_to_csv scheduled__2022-10-30T01:50:00+00:00 [running]> on host 9e44869ff3ef
[2022-12-04 09:28:09,142] {taskinstance.py:1426} INFO - Exporting the following env vars:
AIRFLOW_CTX_DAG_OWNER=Fadlil
AIRFLOW_CTX_DAG_ID=dag1
AIRFLOW_CTX_TASK_ID=save_to_csv
AIRFLOW_CTX_EXECUTION_DATE=2022-10-30T01:50:00+00:00
AIRFLOW_CTX_DAG_RUN_ID=scheduled__2022-10-30T01:50:00+00:00
[2022-12-04 09:28:09,273] {python.py:175} INFO - Done. Returned value was: None
[2022-12-04 09:28:09,364] {taskinstance.py:1277} INFO - Marking task as SUCCESS. dag_id=dag1, task_id=save_to_csv, execution_date=20221030T015000, start_date=20221204T092808, end_date=20221204T092809
[2022-12-04 09:28:09,494] {local_task_job.py:154} INFO - Task exited with return code 0
[2022-12-04 09:28:09,764] {local_task_job.py:264} INFO - 1 downstream tasks scheduled from follow-on schedule check
