[2022-12-04 09:28:32,569] {taskinstance.py:1032} INFO - Dependencies all met for <TaskInstance: dag1.save_to_parquet scheduled__2022-10-30T02:50:00+00:00 [queued]>
[2022-12-04 09:28:32,702] {taskinstance.py:1032} INFO - Dependencies all met for <TaskInstance: dag1.save_to_parquet scheduled__2022-10-30T02:50:00+00:00 [queued]>
[2022-12-04 09:28:32,736] {taskinstance.py:1238} INFO - 
--------------------------------------------------------------------------------
[2022-12-04 09:28:32,739] {taskinstance.py:1239} INFO - Starting attempt 1 of 2
[2022-12-04 09:28:32,748] {taskinstance.py:1240} INFO - 
--------------------------------------------------------------------------------
[2022-12-04 09:28:32,846] {taskinstance.py:1259} INFO - Executing <Task(PythonOperator): save_to_parquet> on 2022-10-30 02:50:00+00:00
[2022-12-04 09:28:32,867] {standard_task_runner.py:52} INFO - Started process 873 to run task
[2022-12-04 09:28:32,941] {standard_task_runner.py:76} INFO - Running: ['***', 'tasks', 'run', 'dag1', 'save_to_parquet', 'scheduled__2022-10-30T02:50:00+00:00', '--job-id', '2391', '--raw', '--subdir', 'DAGS_FOLDER/AirflowClean2.py', '--cfg-path', '/tmp/tmpwi9yt1an', '--error-file', '/tmp/tmp0w__hydf']
[2022-12-04 09:28:32,957] {standard_task_runner.py:77} INFO - Job 2391: Subtask save_to_parquet
[2022-12-04 09:28:33,491] {logging_mixin.py:109} INFO - Running <TaskInstance: dag1.save_to_parquet scheduled__2022-10-30T02:50:00+00:00 [running]> on host 9e44869ff3ef
[2022-12-04 09:28:33,834] {taskinstance.py:1426} INFO - Exporting the following env vars:
AIRFLOW_CTX_DAG_OWNER=Fadlil
AIRFLOW_CTX_DAG_ID=dag1
AIRFLOW_CTX_TASK_ID=save_to_parquet
AIRFLOW_CTX_EXECUTION_DATE=2022-10-30T02:50:00+00:00
AIRFLOW_CTX_DAG_RUN_ID=scheduled__2022-10-30T02:50:00+00:00
[2022-12-04 09:28:34,011] {python.py:175} INFO - Done. Returned value was: None
[2022-12-04 09:28:34,142] {taskinstance.py:1277} INFO - Marking task as SUCCESS. dag_id=dag1, task_id=save_to_parquet, execution_date=20221030T025000, start_date=20221204T092832, end_date=20221204T092834
[2022-12-04 09:28:34,255] {local_task_job.py:154} INFO - Task exited with return code 0
[2022-12-04 09:28:34,387] {local_task_job.py:264} INFO - 0 downstream tasks scheduled from follow-on schedule check
