[2022-12-03 17:58:30,373] {taskinstance.py:1032} INFO - Dependencies all met for <TaskInstance: dag1.get_data scheduled__2022-10-26T18:10:00+00:00 [queued]>
[2022-12-03 17:58:30,391] {taskinstance.py:1032} INFO - Dependencies all met for <TaskInstance: dag1.get_data scheduled__2022-10-26T18:10:00+00:00 [queued]>
[2022-12-03 17:58:30,392] {taskinstance.py:1238} INFO - 
--------------------------------------------------------------------------------
[2022-12-03 17:58:30,392] {taskinstance.py:1239} INFO - Starting attempt 1 of 2
[2022-12-03 17:58:30,393] {taskinstance.py:1240} INFO - 
--------------------------------------------------------------------------------
[2022-12-03 17:58:30,422] {taskinstance.py:1259} INFO - Executing <Task(PythonOperator): get_data> on 2022-10-26 18:10:00+00:00
[2022-12-03 17:58:30,427] {standard_task_runner.py:52} INFO - Started process 1285 to run task
[2022-12-03 17:58:30,435] {standard_task_runner.py:76} INFO - Running: ['***', 'tasks', 'run', 'dag1', 'get_data', 'scheduled__2022-10-26T18:10:00+00:00', '--job-id', '423', '--raw', '--subdir', 'DAGS_FOLDER/AirflowClean2.py', '--cfg-path', '/tmp/tmpk9zrkkol', '--error-file', '/tmp/tmpn5kbtmiw']
[2022-12-03 17:58:30,437] {standard_task_runner.py:77} INFO - Job 423: Subtask get_data
[2022-12-03 17:58:30,563] {logging_mixin.py:109} INFO - Running <TaskInstance: dag1.get_data scheduled__2022-10-26T18:10:00+00:00 [running]> on host 422c372562ce
[2022-12-03 17:58:30,762] {taskinstance.py:1426} INFO - Exporting the following env vars:
AIRFLOW_CTX_DAG_OWNER=Fadlil
AIRFLOW_CTX_DAG_ID=dag1
AIRFLOW_CTX_TASK_ID=get_data
AIRFLOW_CTX_EXECUTION_DATE=2022-10-26T18:10:00+00:00
AIRFLOW_CTX_DAG_RUN_ID=scheduled__2022-10-26T18:10:00+00:00
[2022-12-03 17:58:31,512] {python.py:175} INFO - Done. Returned value was: None
[2022-12-03 17:58:31,535] {taskinstance.py:1277} INFO - Marking task as SUCCESS. dag_id=dag1, task_id=get_data, execution_date=20221026T181000, start_date=20221203T175830, end_date=20221203T175831
[2022-12-03 17:58:31,629] {local_task_job.py:154} INFO - Task exited with return code 0
[2022-12-03 17:58:31,728] {local_task_job.py:264} INFO - 1 downstream tasks scheduled from follow-on schedule check
