[2022-12-04 10:59:45,715] {taskinstance.py:1032} INFO - Dependencies all met for <TaskInstance: dag1.get_data scheduled__2022-11-03T14:10:00+00:00 [queued]>
[2022-12-04 10:59:45,846] {taskinstance.py:1032} INFO - Dependencies all met for <TaskInstance: dag1.get_data scheduled__2022-11-03T14:10:00+00:00 [queued]>
[2022-12-04 10:59:45,848] {taskinstance.py:1238} INFO - 
--------------------------------------------------------------------------------
[2022-12-04 10:59:45,866] {taskinstance.py:1239} INFO - Starting attempt 1 of 2
[2022-12-04 10:59:45,867] {taskinstance.py:1240} INFO - 
--------------------------------------------------------------------------------
[2022-12-04 10:59:46,194] {taskinstance.py:1259} INFO - Executing <Task(PythonOperator): get_data> on 2022-11-03 14:10:00+00:00
[2022-12-04 10:59:46,268] {standard_task_runner.py:52} INFO - Started process 11313 to run task
[2022-12-04 10:59:46,326] {standard_task_runner.py:76} INFO - Running: ['***', 'tasks', 'run', 'dag1', 'get_data', 'scheduled__2022-11-03T14:10:00+00:00', '--job-id', '4856', '--raw', '--subdir', 'DAGS_FOLDER/AirflowClean2.py', '--cfg-path', '/tmp/tmplhkuuiif', '--error-file', '/tmp/tmpin04qbp5']
[2022-12-04 10:59:46,335] {standard_task_runner.py:77} INFO - Job 4856: Subtask get_data
[2022-12-04 10:59:46,702] {logging_mixin.py:109} INFO - Running <TaskInstance: dag1.get_data scheduled__2022-11-03T14:10:00+00:00 [running]> on host 9e44869ff3ef
[2022-12-04 10:59:47,316] {taskinstance.py:1426} INFO - Exporting the following env vars:
AIRFLOW_CTX_DAG_OWNER=Fadlil
AIRFLOW_CTX_DAG_ID=dag1
AIRFLOW_CTX_TASK_ID=get_data
AIRFLOW_CTX_EXECUTION_DATE=2022-11-03T14:10:00+00:00
AIRFLOW_CTX_DAG_RUN_ID=scheduled__2022-11-03T14:10:00+00:00
[2022-12-04 10:59:48,138] {python.py:175} INFO - Done. Returned value was: None
[2022-12-04 10:59:49,223] {taskinstance.py:1277} INFO - Marking task as SUCCESS. dag_id=dag1, task_id=get_data, execution_date=20221103T141000, start_date=20221204T105945, end_date=20221204T105949
[2022-12-04 10:59:49,352] {local_task_job.py:154} INFO - Task exited with return code 0
[2022-12-04 10:59:49,616] {local_task_job.py:264} INFO - 1 downstream tasks scheduled from follow-on schedule check
