[2022-12-04 11:43:56,173] {taskinstance.py:1032} INFO - Dependencies all met for <TaskInstance: dag1.save_to_parquet scheduled__2022-11-04T21:20:00+00:00 [queued]>
[2022-12-04 11:43:56,243] {taskinstance.py:1032} INFO - Dependencies all met for <TaskInstance: dag1.save_to_parquet scheduled__2022-11-04T21:20:00+00:00 [queued]>
[2022-12-04 11:43:56,250] {taskinstance.py:1238} INFO - 
--------------------------------------------------------------------------------
[2022-12-04 11:43:56,253] {taskinstance.py:1239} INFO - Starting attempt 1 of 2
[2022-12-04 11:43:56,256] {taskinstance.py:1240} INFO - 
--------------------------------------------------------------------------------
[2022-12-04 11:43:56,358] {taskinstance.py:1259} INFO - Executing <Task(PythonOperator): save_to_parquet> on 2022-11-04 21:20:00+00:00
[2022-12-04 11:43:56,409] {standard_task_runner.py:52} INFO - Started process 14453 to run task
[2022-12-04 11:43:56,439] {standard_task_runner.py:76} INFO - Running: ['***', 'tasks', 'run', 'dag1', 'save_to_parquet', 'scheduled__2022-11-04T21:20:00+00:00', '--job-id', '5673', '--raw', '--subdir', 'DAGS_FOLDER/AirflowClean2.py', '--cfg-path', '/tmp/tmpsv5nhk4x', '--error-file', '/tmp/tmpvsjntsl0']
[2022-12-04 11:43:56,452] {standard_task_runner.py:77} INFO - Job 5673: Subtask save_to_parquet
[2022-12-04 11:43:56,959] {logging_mixin.py:109} INFO - Running <TaskInstance: dag1.save_to_parquet scheduled__2022-11-04T21:20:00+00:00 [running]> on host 9e44869ff3ef
[2022-12-04 11:43:57,343] {taskinstance.py:1426} INFO - Exporting the following env vars:
AIRFLOW_CTX_DAG_OWNER=Fadlil
AIRFLOW_CTX_DAG_ID=dag1
AIRFLOW_CTX_TASK_ID=save_to_parquet
AIRFLOW_CTX_EXECUTION_DATE=2022-11-04T21:20:00+00:00
AIRFLOW_CTX_DAG_RUN_ID=scheduled__2022-11-04T21:20:00+00:00
[2022-12-04 11:43:57,506] {python.py:175} INFO - Done. Returned value was: None
[2022-12-04 11:43:57,554] {taskinstance.py:1277} INFO - Marking task as SUCCESS. dag_id=dag1, task_id=save_to_parquet, execution_date=20221104T212000, start_date=20221204T114356, end_date=20221204T114357
[2022-12-04 11:43:57,937] {local_task_job.py:154} INFO - Task exited with return code 0
[2022-12-04 11:43:58,300] {local_task_job.py:264} INFO - 1 downstream tasks scheduled from follow-on schedule check
