[2022-12-04 14:56:30,646] {taskinstance.py:1032} INFO - Dependencies all met for <TaskInstance: dag1.get_data scheduled__2022-11-08T23:40:00+00:00 [queued]>
[2022-12-04 14:56:30,668] {taskinstance.py:1032} INFO - Dependencies all met for <TaskInstance: dag1.get_data scheduled__2022-11-08T23:40:00+00:00 [queued]>
[2022-12-04 14:56:30,669] {taskinstance.py:1238} INFO - 
--------------------------------------------------------------------------------
[2022-12-04 14:56:30,670] {taskinstance.py:1239} INFO - Starting attempt 1 of 2
[2022-12-04 14:56:30,670] {taskinstance.py:1240} INFO - 
--------------------------------------------------------------------------------
[2022-12-04 14:56:30,715] {taskinstance.py:1259} INFO - Executing <Task(PythonOperator): get_data> on 2022-11-08 23:40:00+00:00
[2022-12-04 14:56:30,721] {standard_task_runner.py:52} INFO - Started process 12487 to run task
[2022-12-04 14:56:30,733] {standard_task_runner.py:76} INFO - Running: ['***', 'tasks', 'run', 'dag1', 'get_data', 'scheduled__2022-11-08T23:40:00+00:00', '--job-id', '9318', '--raw', '--subdir', 'DAGS_FOLDER/AirflowClean2.py', '--cfg-path', '/tmp/tmppdanw633', '--error-file', '/tmp/tmp1lqyufcl']
[2022-12-04 14:56:30,745] {standard_task_runner.py:77} INFO - Job 9318: Subtask get_data
[2022-12-04 14:56:30,887] {logging_mixin.py:109} INFO - Running <TaskInstance: dag1.get_data scheduled__2022-11-08T23:40:00+00:00 [running]> on host 7a020590adae
[2022-12-04 14:56:31,011] {taskinstance.py:1426} INFO - Exporting the following env vars:
AIRFLOW_CTX_DAG_OWNER=Fadlil
AIRFLOW_CTX_DAG_ID=dag1
AIRFLOW_CTX_TASK_ID=get_data
AIRFLOW_CTX_EXECUTION_DATE=2022-11-08T23:40:00+00:00
AIRFLOW_CTX_DAG_RUN_ID=scheduled__2022-11-08T23:40:00+00:00
[2022-12-04 14:56:31,723] {python.py:175} INFO - Done. Returned value was: None
[2022-12-04 14:56:31,744] {taskinstance.py:1277} INFO - Marking task as SUCCESS. dag_id=dag1, task_id=get_data, execution_date=20221108T234000, start_date=20221204T145630, end_date=20221204T145631
[2022-12-04 14:56:31,810] {local_task_job.py:154} INFO - Task exited with return code 0
[2022-12-04 14:56:31,875] {local_task_job.py:264} INFO - 1 downstream tasks scheduled from follow-on schedule check
