[2022-12-04 05:25:37,288] {taskinstance.py:1032} INFO - Dependencies all met for <TaskInstance: dag1.get_data scheduled__2022-10-29T13:00:00+00:00 [queued]>
[2022-12-04 05:25:37,458] {taskinstance.py:1032} INFO - Dependencies all met for <TaskInstance: dag1.get_data scheduled__2022-10-29T13:00:00+00:00 [queued]>
[2022-12-04 05:25:37,459] {taskinstance.py:1238} INFO - 
--------------------------------------------------------------------------------
[2022-12-04 05:25:37,459] {taskinstance.py:1239} INFO - Starting attempt 1 of 2
[2022-12-04 05:25:37,460] {taskinstance.py:1240} INFO - 
--------------------------------------------------------------------------------
[2022-12-04 05:25:37,625] {taskinstance.py:1259} INFO - Executing <Task(PythonOperator): get_data> on 2022-10-29 13:00:00+00:00
[2022-12-04 05:25:37,679] {standard_task_runner.py:76} INFO - Running: ['***', 'tasks', 'run', 'dag1', 'get_data', 'scheduled__2022-10-29T13:00:00+00:00', '--job-id', '2057', '--raw', '--subdir', 'DAGS_FOLDER/AirflowClean2.py', '--cfg-path', '/tmp/tmpa49wvmvc', '--error-file', '/tmp/tmp6xa8jtrr']
[2022-12-04 05:25:37,683] {standard_task_runner.py:77} INFO - Job 2057: Subtask get_data
[2022-12-04 05:25:37,631] {standard_task_runner.py:52} INFO - Started process 8584 to run task
[2022-12-04 05:25:38,136] {logging_mixin.py:109} INFO - Running <TaskInstance: dag1.get_data scheduled__2022-10-29T13:00:00+00:00 [running]> on host 422c372562ce
[2022-12-04 05:25:38,539] {taskinstance.py:1426} INFO - Exporting the following env vars:
AIRFLOW_CTX_DAG_OWNER=Fadlil
AIRFLOW_CTX_DAG_ID=dag1
AIRFLOW_CTX_TASK_ID=get_data
AIRFLOW_CTX_EXECUTION_DATE=2022-10-29T13:00:00+00:00
AIRFLOW_CTX_DAG_RUN_ID=scheduled__2022-10-29T13:00:00+00:00
[2022-12-04 05:25:39,550] {python.py:175} INFO - Done. Returned value was: None
[2022-12-04 05:25:39,596] {taskinstance.py:1277} INFO - Marking task as SUCCESS. dag_id=dag1, task_id=get_data, execution_date=20221029T130000, start_date=20221204T052537, end_date=20221204T052539
[2022-12-04 05:25:39,768] {local_task_job.py:154} INFO - Task exited with return code 0
[2022-12-04 05:25:40,234] {local_task_job.py:264} INFO - 1 downstream tasks scheduled from follow-on schedule check
