[2022-12-04 03:56:11,068] {taskinstance.py:1032} INFO - Dependencies all met for <TaskInstance: dag1.get_data scheduled__2022-10-27T21:20:00+00:00 [queued]>
[2022-12-04 03:56:11,130] {taskinstance.py:1032} INFO - Dependencies all met for <TaskInstance: dag1.get_data scheduled__2022-10-27T21:20:00+00:00 [queued]>
[2022-12-04 03:56:11,131] {taskinstance.py:1238} INFO - 
--------------------------------------------------------------------------------
[2022-12-04 03:56:11,141] {taskinstance.py:1239} INFO - Starting attempt 1 of 2
[2022-12-04 03:56:11,142] {taskinstance.py:1240} INFO - 
--------------------------------------------------------------------------------
[2022-12-04 03:56:11,221] {taskinstance.py:1259} INFO - Executing <Task(PythonOperator): get_data> on 2022-10-27 21:20:00+00:00
[2022-12-04 03:56:11,241] {standard_task_runner.py:52} INFO - Started process 3280 to run task
[2022-12-04 03:56:11,249] {standard_task_runner.py:76} INFO - Running: ['***', 'tasks', 'run', 'dag1', 'get_data', 'scheduled__2022-10-27T21:20:00+00:00', '--job-id', '1109', '--raw', '--subdir', 'DAGS_FOLDER/AirflowClean2.py', '--cfg-path', '/tmp/tmpyb4qvrtl', '--error-file', '/tmp/tmpr33t_0w5']
[2022-12-04 03:56:11,253] {standard_task_runner.py:77} INFO - Job 1109: Subtask get_data
[2022-12-04 03:56:11,399] {logging_mixin.py:109} INFO - Running <TaskInstance: dag1.get_data scheduled__2022-10-27T21:20:00+00:00 [running]> on host 422c372562ce
[2022-12-04 03:56:11,549] {taskinstance.py:1426} INFO - Exporting the following env vars:
AIRFLOW_CTX_DAG_OWNER=Fadlil
AIRFLOW_CTX_DAG_ID=dag1
AIRFLOW_CTX_TASK_ID=get_data
AIRFLOW_CTX_EXECUTION_DATE=2022-10-27T21:20:00+00:00
AIRFLOW_CTX_DAG_RUN_ID=scheduled__2022-10-27T21:20:00+00:00
[2022-12-04 03:56:12,297] {python.py:175} INFO - Done. Returned value was: None
[2022-12-04 03:56:12,322] {taskinstance.py:1277} INFO - Marking task as SUCCESS. dag_id=dag1, task_id=get_data, execution_date=20221027T212000, start_date=20221204T035611, end_date=20221204T035612
[2022-12-04 03:56:12,371] {local_task_job.py:154} INFO - Task exited with return code 0
[2022-12-04 03:56:12,999] {local_task_job.py:264} INFO - 0 downstream tasks scheduled from follow-on schedule check
