[2022-12-04 17:28:25,896] {taskinstance.py:1032} INFO - Dependencies all met for <TaskInstance: dag1.get_data scheduled__2022-11-10T08:30:00+00:00 [queued]>
[2022-12-04 17:28:26,070] {taskinstance.py:1032} INFO - Dependencies all met for <TaskInstance: dag1.get_data scheduled__2022-11-10T08:30:00+00:00 [queued]>
[2022-12-04 17:28:26,099] {taskinstance.py:1238} INFO - 
--------------------------------------------------------------------------------
[2022-12-04 17:28:26,099] {taskinstance.py:1239} INFO - Starting attempt 1 of 2
[2022-12-04 17:28:26,102] {taskinstance.py:1240} INFO - 
--------------------------------------------------------------------------------
[2022-12-04 17:28:26,280] {taskinstance.py:1259} INFO - Executing <Task(PythonOperator): get_data> on 2022-11-10 08:30:00+00:00
[2022-12-04 17:28:26,301] {standard_task_runner.py:52} INFO - Started process 18449 to run task
[2022-12-04 17:28:26,320] {standard_task_runner.py:76} INFO - Running: ['***', 'tasks', 'run', 'dag1', 'get_data', 'scheduled__2022-11-10T08:30:00+00:00', '--job-id', '10557', '--raw', '--subdir', 'DAGS_FOLDER/AirflowClean2.py', '--cfg-path', '/tmp/tmp1o1g16f0', '--error-file', '/tmp/tmpefofyxza']
[2022-12-04 17:28:26,341] {standard_task_runner.py:77} INFO - Job 10557: Subtask get_data
[2022-12-04 17:28:26,779] {logging_mixin.py:109} INFO - Running <TaskInstance: dag1.get_data scheduled__2022-11-10T08:30:00+00:00 [running]> on host 7a020590adae
[2022-12-04 17:28:27,412] {taskinstance.py:1426} INFO - Exporting the following env vars:
AIRFLOW_CTX_DAG_OWNER=Fadlil
AIRFLOW_CTX_DAG_ID=dag1
AIRFLOW_CTX_TASK_ID=get_data
AIRFLOW_CTX_EXECUTION_DATE=2022-11-10T08:30:00+00:00
AIRFLOW_CTX_DAG_RUN_ID=scheduled__2022-11-10T08:30:00+00:00
[2022-12-04 17:28:28,202] {python.py:175} INFO - Done. Returned value was: None
[2022-12-04 17:28:28,250] {taskinstance.py:1277} INFO - Marking task as SUCCESS. dag_id=dag1, task_id=get_data, execution_date=20221110T083000, start_date=20221204T172825, end_date=20221204T172828
[2022-12-04 17:28:28,419] {local_task_job.py:154} INFO - Task exited with return code 0
[2022-12-04 17:28:28,783] {local_task_job.py:264} INFO - 1 downstream tasks scheduled from follow-on schedule check
