[2022-12-03 17:47:46,468] {taskinstance.py:1032} INFO - Dependencies all met for <TaskInstance: dag1.save_to_csv scheduled__2022-10-26T14:00:00+00:00 [queued]>
[2022-12-03 17:47:46,921] {taskinstance.py:1032} INFO - Dependencies all met for <TaskInstance: dag1.save_to_csv scheduled__2022-10-26T14:00:00+00:00 [queued]>
[2022-12-03 17:47:46,931] {taskinstance.py:1238} INFO - 
--------------------------------------------------------------------------------
[2022-12-03 17:47:46,932] {taskinstance.py:1239} INFO - Starting attempt 1 of 2
[2022-12-03 17:47:46,932] {taskinstance.py:1240} INFO - 
--------------------------------------------------------------------------------
[2022-12-03 17:47:47,170] {taskinstance.py:1259} INFO - Executing <Task(PythonOperator): save_to_csv> on 2022-10-26 14:00:00+00:00
[2022-12-03 17:47:47,176] {standard_task_runner.py:52} INFO - Started process 636 to run task
[2022-12-03 17:47:47,232] {standard_task_runner.py:76} INFO - Running: ['***', 'tasks', 'run', 'dag1', 'save_to_csv', 'scheduled__2022-10-26T14:00:00+00:00', '--job-id', '333', '--raw', '--subdir', 'DAGS_FOLDER/AirflowClean2.py', '--cfg-path', '/tmp/tmpq49967jx', '--error-file', '/tmp/tmpazp1wru1']
[2022-12-03 17:47:47,233] {standard_task_runner.py:77} INFO - Job 333: Subtask save_to_csv
[2022-12-03 17:47:47,875] {logging_mixin.py:109} INFO - Running <TaskInstance: dag1.save_to_csv scheduled__2022-10-26T14:00:00+00:00 [running]> on host 422c372562ce
[2022-12-03 17:47:48,561] {taskinstance.py:1426} INFO - Exporting the following env vars:
AIRFLOW_CTX_DAG_OWNER=Fadlil
AIRFLOW_CTX_DAG_ID=dag1
AIRFLOW_CTX_TASK_ID=save_to_csv
AIRFLOW_CTX_EXECUTION_DATE=2022-10-26T14:00:00+00:00
AIRFLOW_CTX_DAG_RUN_ID=scheduled__2022-10-26T14:00:00+00:00
[2022-12-03 17:47:48,959] {python.py:175} INFO - Done. Returned value was: None
[2022-12-03 17:47:49,740] {taskinstance.py:1277} INFO - Marking task as SUCCESS. dag_id=dag1, task_id=save_to_csv, execution_date=20221026T140000, start_date=20221203T174746, end_date=20221203T174749
[2022-12-03 17:47:49,971] {local_task_job.py:154} INFO - Task exited with return code 0
[2022-12-03 17:47:50,771] {local_task_job.py:264} INFO - 0 downstream tasks scheduled from follow-on schedule check
