[2022-12-03 17:59:09,614] {taskinstance.py:1032} INFO - Dependencies all met for <TaskInstance: dag1.get_data scheduled__2022-10-26T19:50:00+00:00 [queued]>
[2022-12-03 17:59:09,774] {taskinstance.py:1032} INFO - Dependencies all met for <TaskInstance: dag1.get_data scheduled__2022-10-26T19:50:00+00:00 [queued]>
[2022-12-03 17:59:09,775] {taskinstance.py:1238} INFO - 
--------------------------------------------------------------------------------
[2022-12-03 17:59:09,777] {taskinstance.py:1239} INFO - Starting attempt 1 of 2
[2022-12-03 17:59:09,777] {taskinstance.py:1240} INFO - 
--------------------------------------------------------------------------------
[2022-12-03 17:59:10,241] {taskinstance.py:1259} INFO - Executing <Task(PythonOperator): get_data> on 2022-10-26 19:50:00+00:00
[2022-12-03 17:59:10,284] {standard_task_runner.py:52} INFO - Started process 1418 to run task
[2022-12-03 17:59:10,343] {standard_task_runner.py:76} INFO - Running: ['***', 'tasks', 'run', 'dag1', 'get_data', 'scheduled__2022-10-26T19:50:00+00:00', '--job-id', '457', '--raw', '--subdir', 'DAGS_FOLDER/AirflowClean2.py', '--cfg-path', '/tmp/tmpt6t_x8ou', '--error-file', '/tmp/tmphjgbxcta']
[2022-12-03 17:59:10,364] {standard_task_runner.py:77} INFO - Job 457: Subtask get_data
[2022-12-03 17:59:11,300] {logging_mixin.py:109} INFO - Running <TaskInstance: dag1.get_data scheduled__2022-10-26T19:50:00+00:00 [running]> on host 422c372562ce
[2022-12-03 17:59:12,149] {taskinstance.py:1426} INFO - Exporting the following env vars:
AIRFLOW_CTX_DAG_OWNER=Fadlil
AIRFLOW_CTX_DAG_ID=dag1
AIRFLOW_CTX_TASK_ID=get_data
AIRFLOW_CTX_EXECUTION_DATE=2022-10-26T19:50:00+00:00
AIRFLOW_CTX_DAG_RUN_ID=scheduled__2022-10-26T19:50:00+00:00
[2022-12-03 17:59:12,984] {python.py:175} INFO - Done. Returned value was: None
[2022-12-03 17:59:13,116] {taskinstance.py:1277} INFO - Marking task as SUCCESS. dag_id=dag1, task_id=get_data, execution_date=20221026T195000, start_date=20221203T175909, end_date=20221203T175913
[2022-12-03 17:59:13,478] {local_task_job.py:154} INFO - Task exited with return code 0
[2022-12-03 17:59:14,932] {local_task_job.py:264} INFO - 0 downstream tasks scheduled from follow-on schedule check
