[2022-12-04 17:11:11,356] {taskinstance.py:1032} INFO - Dependencies all met for <TaskInstance: dag1.local_to_gcs_task scheduled__2022-11-10T00:00:00+00:00 [queued]>
[2022-12-04 17:11:11,390] {taskinstance.py:1032} INFO - Dependencies all met for <TaskInstance: dag1.local_to_gcs_task scheduled__2022-11-10T00:00:00+00:00 [queued]>
[2022-12-04 17:11:11,401] {taskinstance.py:1238} INFO - 
--------------------------------------------------------------------------------
[2022-12-04 17:11:11,407] {taskinstance.py:1239} INFO - Starting attempt 1 of 2
[2022-12-04 17:11:11,408] {taskinstance.py:1240} INFO - 
--------------------------------------------------------------------------------
[2022-12-04 17:11:11,459] {taskinstance.py:1259} INFO - Executing <Task(PythonOperator): local_to_gcs_task> on 2022-11-10 00:00:00+00:00
[2022-12-04 17:11:11,477] {standard_task_runner.py:52} INFO - Started process 16968 to run task
[2022-12-04 17:11:11,494] {standard_task_runner.py:76} INFO - Running: ['***', 'tasks', 'run', 'dag1', 'local_to_gcs_task', 'scheduled__2022-11-10T00:00:00+00:00', '--job-id', '10254', '--raw', '--subdir', 'DAGS_FOLDER/AirflowClean2.py', '--cfg-path', '/tmp/tmpkzh1f3wy', '--error-file', '/tmp/tmpqqjymoqq']
[2022-12-04 17:11:11,497] {standard_task_runner.py:77} INFO - Job 10254: Subtask local_to_gcs_task
[2022-12-04 17:11:11,949] {logging_mixin.py:109} INFO - Running <TaskInstance: dag1.local_to_gcs_task scheduled__2022-11-10T00:00:00+00:00 [running]> on host 7a020590adae
[2022-12-04 17:11:12,527] {taskinstance.py:1426} INFO - Exporting the following env vars:
AIRFLOW_CTX_DAG_OWNER=Fadlil
AIRFLOW_CTX_DAG_ID=dag1
AIRFLOW_CTX_TASK_ID=local_to_gcs_task
AIRFLOW_CTX_EXECUTION_DATE=2022-11-10T00:00:00+00:00
AIRFLOW_CTX_DAG_RUN_ID=scheduled__2022-11-10T00:00:00+00:00
[2022-12-04 17:11:13,982] {python.py:175} INFO - Done. Returned value was: None
[2022-12-04 17:11:14,054] {taskinstance.py:1277} INFO - Marking task as SUCCESS. dag_id=dag1, task_id=local_to_gcs_task, execution_date=20221110T000000, start_date=20221204T171111, end_date=20221204T171114
[2022-12-04 17:11:14,227] {local_task_job.py:154} INFO - Task exited with return code 0
[2022-12-04 17:11:14,427] {local_task_job.py:264} INFO - 1 downstream tasks scheduled from follow-on schedule check
