[2022-12-04 10:57:15,389] {taskinstance.py:1032} INFO - Dependencies all met for <TaskInstance: dag1.local_to_gcs_task scheduled__2022-11-03T06:20:00+00:00 [queued]>
[2022-12-04 10:57:15,426] {taskinstance.py:1032} INFO - Dependencies all met for <TaskInstance: dag1.local_to_gcs_task scheduled__2022-11-03T06:20:00+00:00 [queued]>
[2022-12-04 10:57:15,433] {taskinstance.py:1238} INFO - 
--------------------------------------------------------------------------------
[2022-12-04 10:57:15,433] {taskinstance.py:1239} INFO - Starting attempt 1 of 2
[2022-12-04 10:57:15,434] {taskinstance.py:1240} INFO - 
--------------------------------------------------------------------------------
[2022-12-04 10:57:15,530] {taskinstance.py:1259} INFO - Executing <Task(PythonOperator): local_to_gcs_task> on 2022-11-03 06:20:00+00:00
[2022-12-04 10:57:15,537] {standard_task_runner.py:52} INFO - Started process 10763 to run task
[2022-12-04 10:57:15,551] {standard_task_runner.py:76} INFO - Running: ['***', 'tasks', 'run', 'dag1', 'local_to_gcs_task', 'scheduled__2022-11-03T06:20:00+00:00', '--job-id', '4697', '--raw', '--subdir', 'DAGS_FOLDER/AirflowClean2.py', '--cfg-path', '/tmp/tmpjly4mras', '--error-file', '/tmp/tmpve1d_kib']
[2022-12-04 10:57:15,589] {standard_task_runner.py:77} INFO - Job 4697: Subtask local_to_gcs_task
[2022-12-04 10:57:16,017] {logging_mixin.py:109} INFO - Running <TaskInstance: dag1.local_to_gcs_task scheduled__2022-11-03T06:20:00+00:00 [running]> on host 9e44869ff3ef
[2022-12-04 10:57:16,333] {taskinstance.py:1426} INFO - Exporting the following env vars:
AIRFLOW_CTX_DAG_OWNER=Fadlil
AIRFLOW_CTX_DAG_ID=dag1
AIRFLOW_CTX_TASK_ID=local_to_gcs_task
AIRFLOW_CTX_EXECUTION_DATE=2022-11-03T06:20:00+00:00
AIRFLOW_CTX_DAG_RUN_ID=scheduled__2022-11-03T06:20:00+00:00
[2022-12-04 10:57:17,931] {python.py:175} INFO - Done. Returned value was: None
[2022-12-04 10:57:17,960] {taskinstance.py:1277} INFO - Marking task as SUCCESS. dag_id=dag1, task_id=local_to_gcs_task, execution_date=20221103T062000, start_date=20221204T105715, end_date=20221204T105717
[2022-12-04 10:57:18,053] {local_task_job.py:154} INFO - Task exited with return code 0
[2022-12-04 10:57:18,148] {local_task_job.py:264} INFO - 0 downstream tasks scheduled from follow-on schedule check
