[2022-12-04 17:22:49,704] {taskinstance.py:1032} INFO - Dependencies all met for <TaskInstance: dag1.bigquery_external_table_task scheduled__2022-11-10T05:30:00+00:00 [queued]>
[2022-12-04 17:22:49,773] {taskinstance.py:1032} INFO - Dependencies all met for <TaskInstance: dag1.bigquery_external_table_task scheduled__2022-11-10T05:30:00+00:00 [queued]>
[2022-12-04 17:22:49,774] {taskinstance.py:1238} INFO - 
--------------------------------------------------------------------------------
[2022-12-04 17:22:49,776] {taskinstance.py:1239} INFO - Starting attempt 1 of 2
[2022-12-04 17:22:49,779] {taskinstance.py:1240} INFO - 
--------------------------------------------------------------------------------
[2022-12-04 17:22:49,824] {taskinstance.py:1259} INFO - Executing <Task(BigQueryCreateExternalTableOperator): bigquery_external_table_task> on 2022-11-10 05:30:00+00:00
[2022-12-04 17:22:49,839] {standard_task_runner.py:52} INFO - Started process 18009 to run task
[2022-12-04 17:22:49,864] {standard_task_runner.py:76} INFO - Running: ['***', 'tasks', 'run', 'dag1', 'bigquery_external_table_task', 'scheduled__2022-11-10T05:30:00+00:00', '--job-id', '10471', '--raw', '--subdir', 'DAGS_FOLDER/AirflowClean2.py', '--cfg-path', '/tmp/tmpoteatty0', '--error-file', '/tmp/tmpt1jgllbc']
[2022-12-04 17:22:49,866] {standard_task_runner.py:77} INFO - Job 10471: Subtask bigquery_external_table_task
[2022-12-04 17:22:50,080] {logging_mixin.py:109} INFO - Running <TaskInstance: dag1.bigquery_external_table_task scheduled__2022-11-10T05:30:00+00:00 [running]> on host 7a020590adae
[2022-12-04 17:22:50,457] {taskinstance.py:1426} INFO - Exporting the following env vars:
AIRFLOW_CTX_DAG_OWNER=Fadlil
AIRFLOW_CTX_DAG_ID=dag1
AIRFLOW_CTX_TASK_ID=bigquery_external_table_task
AIRFLOW_CTX_EXECUTION_DATE=2022-11-10T05:30:00+00:00
AIRFLOW_CTX_DAG_RUN_ID=scheduled__2022-11-10T05:30:00+00:00
[2022-12-04 17:22:50,460] {crypto.py:82} WARNING - empty cryptography key - values will not be stored encrypted.
[2022-12-04 17:22:51,884] {taskinstance.py:1277} INFO - Marking task as SUCCESS. dag_id=dag1, task_id=bigquery_external_table_task, execution_date=20221110T053000, start_date=20221204T172249, end_date=20221204T172251
[2022-12-04 17:22:52,075] {local_task_job.py:154} INFO - Task exited with return code 0
[2022-12-04 17:22:53,041] {local_task_job.py:264} INFO - 0 downstream tasks scheduled from follow-on schedule check
