[2022-12-04 14:48:46,053] {taskinstance.py:1032} INFO - Dependencies all met for <TaskInstance: dag1.save_to_csv scheduled__2022-11-08T19:40:00+00:00 [queued]>
[2022-12-04 14:48:46,157] {taskinstance.py:1032} INFO - Dependencies all met for <TaskInstance: dag1.save_to_csv scheduled__2022-11-08T19:40:00+00:00 [queued]>
[2022-12-04 14:48:46,158] {taskinstance.py:1238} INFO - 
--------------------------------------------------------------------------------
[2022-12-04 14:48:46,158] {taskinstance.py:1239} INFO - Starting attempt 1 of 2
[2022-12-04 14:48:46,159] {taskinstance.py:1240} INFO - 
--------------------------------------------------------------------------------
[2022-12-04 14:48:46,236] {taskinstance.py:1259} INFO - Executing <Task(PythonOperator): save_to_csv> on 2022-11-08 19:40:00+00:00
[2022-12-04 14:48:46,243] {standard_task_runner.py:52} INFO - Started process 11766 to run task
[2022-12-04 14:48:46,270] {standard_task_runner.py:76} INFO - Running: ['***', 'tasks', 'run', 'dag1', 'save_to_csv', 'scheduled__2022-11-08T19:40:00+00:00', '--job-id', '9171', '--raw', '--subdir', 'DAGS_FOLDER/AirflowClean2.py', '--cfg-path', '/tmp/tmp84hsiw2k', '--error-file', '/tmp/tmpbtzhrlp6']
[2022-12-04 14:48:46,295] {standard_task_runner.py:77} INFO - Job 9171: Subtask save_to_csv
[2022-12-04 14:48:46,478] {logging_mixin.py:109} INFO - Running <TaskInstance: dag1.save_to_csv scheduled__2022-11-08T19:40:00+00:00 [running]> on host 7a020590adae
[2022-12-04 14:48:46,731] {taskinstance.py:1426} INFO - Exporting the following env vars:
AIRFLOW_CTX_DAG_OWNER=Fadlil
AIRFLOW_CTX_DAG_ID=dag1
AIRFLOW_CTX_TASK_ID=save_to_csv
AIRFLOW_CTX_EXECUTION_DATE=2022-11-08T19:40:00+00:00
AIRFLOW_CTX_DAG_RUN_ID=scheduled__2022-11-08T19:40:00+00:00
[2022-12-04 14:48:46,832] {python.py:175} INFO - Done. Returned value was: None
[2022-12-04 14:48:46,881] {taskinstance.py:1277} INFO - Marking task as SUCCESS. dag_id=dag1, task_id=save_to_csv, execution_date=20221108T194000, start_date=20221204T144846, end_date=20221204T144846
[2022-12-04 14:48:47,064] {local_task_job.py:154} INFO - Task exited with return code 0
[2022-12-04 14:48:47,345] {local_task_job.py:264} INFO - 1 downstream tasks scheduled from follow-on schedule check
