[2022-12-03 17:59:06,791] {taskinstance.py:1032} INFO - Dependencies all met for <TaskInstance: dag1.save_to_csv scheduled__2022-10-26T18:40:00+00:00 [queued]>
[2022-12-03 17:59:06,880] {taskinstance.py:1032} INFO - Dependencies all met for <TaskInstance: dag1.save_to_csv scheduled__2022-10-26T18:40:00+00:00 [queued]>
[2022-12-03 17:59:06,889] {taskinstance.py:1238} INFO - 
--------------------------------------------------------------------------------
[2022-12-03 17:59:06,900] {taskinstance.py:1239} INFO - Starting attempt 1 of 2
[2022-12-03 17:59:06,901] {taskinstance.py:1240} INFO - 
--------------------------------------------------------------------------------
[2022-12-03 17:59:07,015] {taskinstance.py:1259} INFO - Executing <Task(PythonOperator): save_to_csv> on 2022-10-26 18:40:00+00:00
[2022-12-03 17:59:07,021] {standard_task_runner.py:52} INFO - Started process 1405 to run task
[2022-12-03 17:59:07,038] {standard_task_runner.py:76} INFO - Running: ['***', 'tasks', 'run', 'dag1', 'save_to_csv', 'scheduled__2022-10-26T18:40:00+00:00', '--job-id', '454', '--raw', '--subdir', 'DAGS_FOLDER/AirflowClean2.py', '--cfg-path', '/tmp/tmpw1tzrq8v', '--error-file', '/tmp/tmp1as230he']
[2022-12-03 17:59:07,049] {standard_task_runner.py:77} INFO - Job 454: Subtask save_to_csv
[2022-12-03 17:59:07,350] {logging_mixin.py:109} INFO - Running <TaskInstance: dag1.save_to_csv scheduled__2022-10-26T18:40:00+00:00 [running]> on host 422c372562ce
[2022-12-03 17:59:07,745] {taskinstance.py:1426} INFO - Exporting the following env vars:
AIRFLOW_CTX_DAG_OWNER=Fadlil
AIRFLOW_CTX_DAG_ID=dag1
AIRFLOW_CTX_TASK_ID=save_to_csv
AIRFLOW_CTX_EXECUTION_DATE=2022-10-26T18:40:00+00:00
AIRFLOW_CTX_DAG_RUN_ID=scheduled__2022-10-26T18:40:00+00:00
[2022-12-03 17:59:07,891] {python.py:175} INFO - Done. Returned value was: None
[2022-12-03 17:59:07,916] {taskinstance.py:1277} INFO - Marking task as SUCCESS. dag_id=dag1, task_id=save_to_csv, execution_date=20221026T184000, start_date=20221203T175906, end_date=20221203T175907
[2022-12-03 17:59:08,071] {local_task_job.py:154} INFO - Task exited with return code 0
[2022-12-03 17:59:08,402] {local_task_job.py:264} INFO - 1 downstream tasks scheduled from follow-on schedule check
