[2022-12-03 01:43:40,870] {taskinstance.py:1032} INFO - Dependencies all met for <TaskInstance: dag1.get_data scheduled__2022-10-26T04:40:00+00:00 [queued]>
[2022-12-03 01:43:41,122] {taskinstance.py:1032} INFO - Dependencies all met for <TaskInstance: dag1.get_data scheduled__2022-10-26T04:40:00+00:00 [queued]>
[2022-12-03 01:43:41,140] {taskinstance.py:1238} INFO - 
--------------------------------------------------------------------------------
[2022-12-03 01:43:41,142] {taskinstance.py:1239} INFO - Starting attempt 1 of 2
[2022-12-03 01:43:41,163] {taskinstance.py:1240} INFO - 
--------------------------------------------------------------------------------
[2022-12-03 01:43:41,504] {taskinstance.py:1259} INFO - Executing <Task(PythonOperator): get_data> on 2022-10-26 04:40:00+00:00
[2022-12-03 01:43:41,590] {standard_task_runner.py:52} INFO - Started process 289 to run task
[2022-12-03 01:43:41,647] {standard_task_runner.py:76} INFO - Running: ['***', 'tasks', 'run', 'dag1', 'get_data', 'scheduled__2022-10-26T04:40:00+00:00', '--job-id', '74', '--raw', '--subdir', 'DAGS_FOLDER/AirflowClean2.py', '--cfg-path', '/tmp/tmpo653wrea', '--error-file', '/tmp/tmpjit8aak3']
[2022-12-03 01:43:41,668] {standard_task_runner.py:77} INFO - Job 74: Subtask get_data
[2022-12-03 01:43:42,400] {logging_mixin.py:109} INFO - Running <TaskInstance: dag1.get_data scheduled__2022-10-26T04:40:00+00:00 [running]> on host 422c372562ce
[2022-12-03 01:43:43,812] {taskinstance.py:1426} INFO - Exporting the following env vars:
AIRFLOW_CTX_DAG_OWNER=Fadlil
AIRFLOW_CTX_DAG_ID=dag1
AIRFLOW_CTX_TASK_ID=get_data
AIRFLOW_CTX_EXECUTION_DATE=2022-10-26T04:40:00+00:00
AIRFLOW_CTX_DAG_RUN_ID=scheduled__2022-10-26T04:40:00+00:00
[2022-12-03 01:43:48,099] {python.py:175} INFO - Done. Returned value was: None
[2022-12-03 01:43:51,243] {taskinstance.py:1277} INFO - Marking task as SUCCESS. dag_id=dag1, task_id=get_data, execution_date=20221026T044000, start_date=20221203T014340, end_date=20221203T014351
[2022-12-03 01:43:51,740] {local_task_job.py:154} INFO - Task exited with return code 0
[2022-12-03 01:43:52,307] {local_task_job.py:264} INFO - 1 downstream tasks scheduled from follow-on schedule check
