[2022-12-04 13:08:01,167] {taskinstance.py:1032} INFO - Dependencies all met for <TaskInstance: dag1.save_to_csv scheduled__2022-11-06T17:50:00+00:00 [queued]>
[2022-12-04 13:08:01,218] {taskinstance.py:1032} INFO - Dependencies all met for <TaskInstance: dag1.save_to_csv scheduled__2022-11-06T17:50:00+00:00 [queued]>
[2022-12-04 13:08:01,219] {taskinstance.py:1238} INFO - 
--------------------------------------------------------------------------------
[2022-12-04 13:08:01,220] {taskinstance.py:1239} INFO - Starting attempt 1 of 2
[2022-12-04 13:08:01,220] {taskinstance.py:1240} INFO - 
--------------------------------------------------------------------------------
[2022-12-04 13:08:01,318] {taskinstance.py:1259} INFO - Executing <Task(PythonOperator): save_to_csv> on 2022-11-06 17:50:00+00:00
[2022-12-04 13:08:01,328] {standard_task_runner.py:52} INFO - Started process 2683 to run task
[2022-12-04 13:08:01,339] {standard_task_runner.py:76} INFO - Running: ['***', 'tasks', 'run', 'dag1', 'save_to_csv', 'scheduled__2022-11-06T17:50:00+00:00', '--job-id', '7260', '--raw', '--subdir', 'DAGS_FOLDER/AirflowClean2.py', '--cfg-path', '/tmp/tmpb9q442nc', '--error-file', '/tmp/tmp56n39jg1']
[2022-12-04 13:08:01,341] {standard_task_runner.py:77} INFO - Job 7260: Subtask save_to_csv
[2022-12-04 13:08:01,576] {logging_mixin.py:109} INFO - Running <TaskInstance: dag1.save_to_csv scheduled__2022-11-06T17:50:00+00:00 [running]> on host 7a020590adae
[2022-12-04 13:08:01,865] {taskinstance.py:1426} INFO - Exporting the following env vars:
AIRFLOW_CTX_DAG_OWNER=Fadlil
AIRFLOW_CTX_DAG_ID=dag1
AIRFLOW_CTX_TASK_ID=save_to_csv
AIRFLOW_CTX_EXECUTION_DATE=2022-11-06T17:50:00+00:00
AIRFLOW_CTX_DAG_RUN_ID=scheduled__2022-11-06T17:50:00+00:00
[2022-12-04 13:08:02,048] {python.py:175} INFO - Done. Returned value was: None
[2022-12-04 13:08:02,107] {taskinstance.py:1277} INFO - Marking task as SUCCESS. dag_id=dag1, task_id=save_to_csv, execution_date=20221106T175000, start_date=20221204T130801, end_date=20221204T130802
[2022-12-04 13:08:02,237] {local_task_job.py:154} INFO - Task exited with return code 0
[2022-12-04 13:08:02,401] {local_task_job.py:264} INFO - 1 downstream tasks scheduled from follow-on schedule check
