[2022-12-04 14:12:59,273] {taskinstance.py:1032} INFO - Dependencies all met for <TaskInstance: dag1.save_to_parquet scheduled__2022-11-08T02:50:00+00:00 [queued]>
[2022-12-04 14:12:59,499] {taskinstance.py:1032} INFO - Dependencies all met for <TaskInstance: dag1.save_to_parquet scheduled__2022-11-08T02:50:00+00:00 [queued]>
[2022-12-04 14:12:59,539] {taskinstance.py:1238} INFO - 
--------------------------------------------------------------------------------
[2022-12-04 14:12:59,585] {taskinstance.py:1239} INFO - Starting attempt 1 of 2
[2022-12-04 14:12:59,664] {taskinstance.py:1240} INFO - 
--------------------------------------------------------------------------------
[2022-12-04 14:12:59,853] {taskinstance.py:1259} INFO - Executing <Task(PythonOperator): save_to_parquet> on 2022-11-08 02:50:00+00:00
[2022-12-04 14:12:59,883] {standard_task_runner.py:76} INFO - Running: ['***', 'tasks', 'run', 'dag1', 'save_to_parquet', 'scheduled__2022-11-08T02:50:00+00:00', '--job-id', '8521', '--raw', '--subdir', 'DAGS_FOLDER/AirflowClean2.py', '--cfg-path', '/tmp/tmpzsq298ok', '--error-file', '/tmp/tmpe8xpb1hb']
[2022-12-04 14:12:59,874] {standard_task_runner.py:52} INFO - Started process 8631 to run task
[2022-12-04 14:12:59,892] {standard_task_runner.py:77} INFO - Job 8521: Subtask save_to_parquet
[2022-12-04 14:13:00,205] {logging_mixin.py:109} INFO - Running <TaskInstance: dag1.save_to_parquet scheduled__2022-11-08T02:50:00+00:00 [running]> on host 7a020590adae
[2022-12-04 14:13:00,419] {taskinstance.py:1426} INFO - Exporting the following env vars:
AIRFLOW_CTX_DAG_OWNER=Fadlil
AIRFLOW_CTX_DAG_ID=dag1
AIRFLOW_CTX_TASK_ID=save_to_parquet
AIRFLOW_CTX_EXECUTION_DATE=2022-11-08T02:50:00+00:00
AIRFLOW_CTX_DAG_RUN_ID=scheduled__2022-11-08T02:50:00+00:00
[2022-12-04 14:13:00,513] {python.py:175} INFO - Done. Returned value was: None
[2022-12-04 14:13:00,556] {taskinstance.py:1277} INFO - Marking task as SUCCESS. dag_id=dag1, task_id=save_to_parquet, execution_date=20221108T025000, start_date=20221204T141259, end_date=20221204T141300
[2022-12-04 14:13:00,663] {local_task_job.py:154} INFO - Task exited with return code 0
[2022-12-04 14:13:00,760] {local_task_job.py:264} INFO - 1 downstream tasks scheduled from follow-on schedule check
