[2022-12-04 12:58:41,850] {taskinstance.py:1032} INFO - Dependencies all met for <TaskInstance: dag1.save_to_parquet scheduled__2022-11-06T13:40:00+00:00 [queued]>
[2022-12-04 12:58:41,935] {taskinstance.py:1032} INFO - Dependencies all met for <TaskInstance: dag1.save_to_parquet scheduled__2022-11-06T13:40:00+00:00 [queued]>
[2022-12-04 12:58:41,936] {taskinstance.py:1238} INFO - 
--------------------------------------------------------------------------------
[2022-12-04 12:58:41,938] {taskinstance.py:1239} INFO - Starting attempt 1 of 2
[2022-12-04 12:58:41,960] {taskinstance.py:1240} INFO - 
--------------------------------------------------------------------------------
[2022-12-04 12:58:42,060] {taskinstance.py:1259} INFO - Executing <Task(PythonOperator): save_to_parquet> on 2022-11-06 13:40:00+00:00
[2022-12-04 12:58:42,072] {standard_task_runner.py:52} INFO - Started process 1886 to run task
[2022-12-04 12:58:42,115] {standard_task_runner.py:76} INFO - Running: ['***', 'tasks', 'run', 'dag1', 'save_to_parquet', 'scheduled__2022-11-06T13:40:00+00:00', '--job-id', '7097', '--raw', '--subdir', 'DAGS_FOLDER/AirflowClean2.py', '--cfg-path', '/tmp/tmpr0i3er73', '--error-file', '/tmp/tmpeb0y7pkh']
[2022-12-04 12:58:42,117] {standard_task_runner.py:77} INFO - Job 7097: Subtask save_to_parquet
[2022-12-04 12:58:42,402] {logging_mixin.py:109} INFO - Running <TaskInstance: dag1.save_to_parquet scheduled__2022-11-06T13:40:00+00:00 [running]> on host 7a020590adae
[2022-12-04 12:58:42,619] {taskinstance.py:1426} INFO - Exporting the following env vars:
AIRFLOW_CTX_DAG_OWNER=Fadlil
AIRFLOW_CTX_DAG_ID=dag1
AIRFLOW_CTX_TASK_ID=save_to_parquet
AIRFLOW_CTX_EXECUTION_DATE=2022-11-06T13:40:00+00:00
AIRFLOW_CTX_DAG_RUN_ID=scheduled__2022-11-06T13:40:00+00:00
[2022-12-04 12:58:42,714] {python.py:175} INFO - Done. Returned value was: None
[2022-12-04 12:58:42,815] {taskinstance.py:1277} INFO - Marking task as SUCCESS. dag_id=dag1, task_id=save_to_parquet, execution_date=20221106T134000, start_date=20221204T125841, end_date=20221204T125842
[2022-12-04 12:58:42,905] {local_task_job.py:154} INFO - Task exited with return code 0
[2022-12-04 12:58:43,026] {local_task_job.py:264} INFO - 1 downstream tasks scheduled from follow-on schedule check
