[2022-12-04 11:04:11,261] {taskinstance.py:1032} INFO - Dependencies all met for <TaskInstance: dag1.local_to_gcs_task scheduled__2022-11-04T00:00:00+00:00 [queued]>
[2022-12-04 11:04:11,332] {taskinstance.py:1032} INFO - Dependencies all met for <TaskInstance: dag1.local_to_gcs_task scheduled__2022-11-04T00:00:00+00:00 [queued]>
[2022-12-04 11:04:11,349] {taskinstance.py:1238} INFO - 
--------------------------------------------------------------------------------
[2022-12-04 11:04:11,359] {taskinstance.py:1239} INFO - Starting attempt 1 of 2
[2022-12-04 11:04:11,360] {taskinstance.py:1240} INFO - 
--------------------------------------------------------------------------------
[2022-12-04 11:04:11,444] {taskinstance.py:1259} INFO - Executing <Task(PythonOperator): local_to_gcs_task> on 2022-11-04 00:00:00+00:00
[2022-12-04 11:04:11,486] {standard_task_runner.py:52} INFO - Started process 12253 to run task
[2022-12-04 11:04:11,513] {standard_task_runner.py:76} INFO - Running: ['***', 'tasks', 'run', 'dag1', 'local_to_gcs_task', 'scheduled__2022-11-04T00:00:00+00:00', '--job-id', '5129', '--raw', '--subdir', 'DAGS_FOLDER/AirflowClean2.py', '--cfg-path', '/tmp/tmpmtmnn7bq', '--error-file', '/tmp/tmp7508k4in']
[2022-12-04 11:04:11,570] {standard_task_runner.py:77} INFO - Job 5129: Subtask local_to_gcs_task
[2022-12-04 11:04:12,195] {logging_mixin.py:109} INFO - Running <TaskInstance: dag1.local_to_gcs_task scheduled__2022-11-04T00:00:00+00:00 [running]> on host 9e44869ff3ef
[2022-12-04 11:04:12,543] {taskinstance.py:1426} INFO - Exporting the following env vars:
AIRFLOW_CTX_DAG_OWNER=Fadlil
AIRFLOW_CTX_DAG_ID=dag1
AIRFLOW_CTX_TASK_ID=local_to_gcs_task
AIRFLOW_CTX_EXECUTION_DATE=2022-11-04T00:00:00+00:00
AIRFLOW_CTX_DAG_RUN_ID=scheduled__2022-11-04T00:00:00+00:00
[2022-12-04 11:04:13,644] {python.py:175} INFO - Done. Returned value was: None
[2022-12-04 11:04:14,051] {taskinstance.py:1277} INFO - Marking task as SUCCESS. dag_id=dag1, task_id=local_to_gcs_task, execution_date=20221104T000000, start_date=20221204T110411, end_date=20221204T110414
[2022-12-04 11:04:14,161] {local_task_job.py:154} INFO - Task exited with return code 0
[2022-12-04 11:04:14,364] {local_task_job.py:264} INFO - 0 downstream tasks scheduled from follow-on schedule check
