[2022-12-04 12:05:01,600] {taskinstance.py:1032} INFO - Dependencies all met for <TaskInstance: dag1.save_to_csv scheduled__2022-11-05T15:10:00+00:00 [queued]>
[2022-12-04 12:05:01,621] {taskinstance.py:1032} INFO - Dependencies all met for <TaskInstance: dag1.save_to_csv scheduled__2022-11-05T15:10:00+00:00 [queued]>
[2022-12-04 12:05:01,621] {taskinstance.py:1238} INFO - 
--------------------------------------------------------------------------------
[2022-12-04 12:05:01,622] {taskinstance.py:1239} INFO - Starting attempt 1 of 2
[2022-12-04 12:05:01,622] {taskinstance.py:1240} INFO - 
--------------------------------------------------------------------------------
[2022-12-04 12:05:01,642] {taskinstance.py:1259} INFO - Executing <Task(PythonOperator): save_to_csv> on 2022-11-05 15:10:00+00:00
[2022-12-04 12:05:01,652] {standard_task_runner.py:52} INFO - Started process 16869 to run task
[2022-12-04 12:05:01,660] {standard_task_runner.py:76} INFO - Running: ['***', 'tasks', 'run', 'dag1', 'save_to_csv', 'scheduled__2022-11-05T15:10:00+00:00', '--job-id', '6246', '--raw', '--subdir', 'DAGS_FOLDER/AirflowClean2.py', '--cfg-path', '/tmp/tmpcuhvkij5', '--error-file', '/tmp/tmp8kou72r3']
[2022-12-04 12:05:01,662] {standard_task_runner.py:77} INFO - Job 6246: Subtask save_to_csv
[2022-12-04 12:05:01,815] {logging_mixin.py:109} INFO - Running <TaskInstance: dag1.save_to_csv scheduled__2022-11-05T15:10:00+00:00 [running]> on host 9e44869ff3ef
[2022-12-04 12:05:02,059] {taskinstance.py:1426} INFO - Exporting the following env vars:
AIRFLOW_CTX_DAG_OWNER=Fadlil
AIRFLOW_CTX_DAG_ID=dag1
AIRFLOW_CTX_TASK_ID=save_to_csv
AIRFLOW_CTX_EXECUTION_DATE=2022-11-05T15:10:00+00:00
AIRFLOW_CTX_DAG_RUN_ID=scheduled__2022-11-05T15:10:00+00:00
[2022-12-04 12:05:02,184] {python.py:175} INFO - Done. Returned value was: None
[2022-12-04 12:05:02,226] {taskinstance.py:1277} INFO - Marking task as SUCCESS. dag_id=dag1, task_id=save_to_csv, execution_date=20221105T151000, start_date=20221204T120501, end_date=20221204T120502
[2022-12-04 12:05:02,346] {local_task_job.py:154} INFO - Task exited with return code 0
[2022-12-04 12:05:03,601] {local_task_job.py:264} INFO - 0 downstream tasks scheduled from follow-on schedule check
