[2022-12-04 13:36:47,388] {taskinstance.py:1032} INFO - Dependencies all met for <TaskInstance: dag1.save_to_parquet scheduled__2022-11-07T08:20:00+00:00 [queued]>
[2022-12-04 13:36:47,475] {taskinstance.py:1032} INFO - Dependencies all met for <TaskInstance: dag1.save_to_parquet scheduled__2022-11-07T08:20:00+00:00 [queued]>
[2022-12-04 13:36:47,477] {taskinstance.py:1238} INFO - 
--------------------------------------------------------------------------------
[2022-12-04 13:36:47,479] {taskinstance.py:1239} INFO - Starting attempt 1 of 2
[2022-12-04 13:36:47,480] {taskinstance.py:1240} INFO - 
--------------------------------------------------------------------------------
[2022-12-04 13:36:47,539] {taskinstance.py:1259} INFO - Executing <Task(PythonOperator): save_to_parquet> on 2022-11-07 08:20:00+00:00
[2022-12-04 13:36:47,561] {standard_task_runner.py:52} INFO - Started process 5288 to run task
[2022-12-04 13:36:47,571] {standard_task_runner.py:76} INFO - Running: ['***', 'tasks', 'run', 'dag1', 'save_to_parquet', 'scheduled__2022-11-07T08:20:00+00:00', '--job-id', '7824', '--raw', '--subdir', 'DAGS_FOLDER/AirflowClean2.py', '--cfg-path', '/tmp/tmpq3f2t2v2', '--error-file', '/tmp/tmpfsjhfd7j']
[2022-12-04 13:36:47,576] {standard_task_runner.py:77} INFO - Job 7824: Subtask save_to_parquet
[2022-12-04 13:36:47,801] {logging_mixin.py:109} INFO - Running <TaskInstance: dag1.save_to_parquet scheduled__2022-11-07T08:20:00+00:00 [running]> on host 7a020590adae
[2022-12-04 13:36:48,122] {taskinstance.py:1426} INFO - Exporting the following env vars:
AIRFLOW_CTX_DAG_OWNER=Fadlil
AIRFLOW_CTX_DAG_ID=dag1
AIRFLOW_CTX_TASK_ID=save_to_parquet
AIRFLOW_CTX_EXECUTION_DATE=2022-11-07T08:20:00+00:00
AIRFLOW_CTX_DAG_RUN_ID=scheduled__2022-11-07T08:20:00+00:00
[2022-12-04 13:36:48,221] {python.py:175} INFO - Done. Returned value was: None
[2022-12-04 13:36:48,304] {taskinstance.py:1277} INFO - Marking task as SUCCESS. dag_id=dag1, task_id=save_to_parquet, execution_date=20221107T082000, start_date=20221204T133647, end_date=20221204T133648
[2022-12-04 13:36:48,448] {local_task_job.py:154} INFO - Task exited with return code 0
[2022-12-04 13:36:49,352] {local_task_job.py:264} INFO - 0 downstream tasks scheduled from follow-on schedule check
