[2022-12-04 04:04:59,845] {taskinstance.py:1032} INFO - Dependencies all met for <TaskInstance: dag1.save_to_csv scheduled__2022-10-28T01:40:00+00:00 [queued]>
[2022-12-04 04:05:00,010] {taskinstance.py:1032} INFO - Dependencies all met for <TaskInstance: dag1.save_to_csv scheduled__2022-10-28T01:40:00+00:00 [queued]>
[2022-12-04 04:05:00,032] {taskinstance.py:1238} INFO - 
--------------------------------------------------------------------------------
[2022-12-04 04:05:00,048] {taskinstance.py:1239} INFO - Starting attempt 1 of 2
[2022-12-04 04:05:00,057] {taskinstance.py:1240} INFO - 
--------------------------------------------------------------------------------
[2022-12-04 04:05:00,174] {taskinstance.py:1259} INFO - Executing <Task(PythonOperator): save_to_csv> on 2022-10-28 01:40:00+00:00
[2022-12-04 04:05:00,328] {standard_task_runner.py:76} INFO - Running: ['***', 'tasks', 'run', 'dag1', 'save_to_csv', 'scheduled__2022-10-28T01:40:00+00:00', '--job-id', '1221', '--raw', '--subdir', 'DAGS_FOLDER/AirflowClean2.py', '--cfg-path', '/tmp/tmpc5924ftj', '--error-file', '/tmp/tmpalr_dy70']
[2022-12-04 04:05:00,257] {standard_task_runner.py:52} INFO - Started process 3895 to run task
[2022-12-04 04:05:00,407] {standard_task_runner.py:77} INFO - Job 1221: Subtask save_to_csv
[2022-12-04 04:05:01,019] {logging_mixin.py:109} INFO - Running <TaskInstance: dag1.save_to_csv scheduled__2022-10-28T01:40:00+00:00 [running]> on host 422c372562ce
[2022-12-04 04:05:01,765] {taskinstance.py:1426} INFO - Exporting the following env vars:
AIRFLOW_CTX_DAG_OWNER=Fadlil
AIRFLOW_CTX_DAG_ID=dag1
AIRFLOW_CTX_TASK_ID=save_to_csv
AIRFLOW_CTX_EXECUTION_DATE=2022-10-28T01:40:00+00:00
AIRFLOW_CTX_DAG_RUN_ID=scheduled__2022-10-28T01:40:00+00:00
[2022-12-04 04:05:02,079] {python.py:175} INFO - Done. Returned value was: None
[2022-12-04 04:05:02,230] {taskinstance.py:1277} INFO - Marking task as SUCCESS. dag_id=dag1, task_id=save_to_csv, execution_date=20221028T014000, start_date=20221204T040459, end_date=20221204T040502
[2022-12-04 04:05:02,630] {local_task_job.py:154} INFO - Task exited with return code 0
[2022-12-04 04:05:03,016] {local_task_job.py:264} INFO - 1 downstream tasks scheduled from follow-on schedule check
