[2022-12-04 17:10:29,355] {taskinstance.py:1032} INFO - Dependencies all met for <TaskInstance: dag1.save_to_parquet scheduled__2022-11-09T23:50:00+00:00 [queued]>
[2022-12-04 17:10:29,369] {taskinstance.py:1032} INFO - Dependencies all met for <TaskInstance: dag1.save_to_parquet scheduled__2022-11-09T23:50:00+00:00 [queued]>
[2022-12-04 17:10:29,370] {taskinstance.py:1238} INFO - 
--------------------------------------------------------------------------------
[2022-12-04 17:10:29,370] {taskinstance.py:1239} INFO - Starting attempt 1 of 2
[2022-12-04 17:10:29,371] {taskinstance.py:1240} INFO - 
--------------------------------------------------------------------------------
[2022-12-04 17:10:29,387] {taskinstance.py:1259} INFO - Executing <Task(PythonOperator): save_to_parquet> on 2022-11-09 23:50:00+00:00
[2022-12-04 17:10:29,393] {standard_task_runner.py:52} INFO - Started process 16920 to run task
[2022-12-04 17:10:29,397] {standard_task_runner.py:76} INFO - Running: ['***', 'tasks', 'run', 'dag1', 'save_to_parquet', 'scheduled__2022-11-09T23:50:00+00:00', '--job-id', '10247', '--raw', '--subdir', 'DAGS_FOLDER/AirflowClean2.py', '--cfg-path', '/tmp/tmpra9nq9qz', '--error-file', '/tmp/tmp0quzrs23']
[2022-12-04 17:10:29,399] {standard_task_runner.py:77} INFO - Job 10247: Subtask save_to_parquet
[2022-12-04 17:10:29,467] {logging_mixin.py:109} INFO - Running <TaskInstance: dag1.save_to_parquet scheduled__2022-11-09T23:50:00+00:00 [running]> on host 7a020590adae
[2022-12-04 17:10:29,538] {taskinstance.py:1426} INFO - Exporting the following env vars:
AIRFLOW_CTX_DAG_OWNER=Fadlil
AIRFLOW_CTX_DAG_ID=dag1
AIRFLOW_CTX_TASK_ID=save_to_parquet
AIRFLOW_CTX_EXECUTION_DATE=2022-11-09T23:50:00+00:00
AIRFLOW_CTX_DAG_RUN_ID=scheduled__2022-11-09T23:50:00+00:00
[2022-12-04 17:10:29,573] {python.py:175} INFO - Done. Returned value was: None
[2022-12-04 17:10:29,595] {taskinstance.py:1277} INFO - Marking task as SUCCESS. dag_id=dag1, task_id=save_to_parquet, execution_date=20221109T235000, start_date=20221204T171029, end_date=20221204T171029
[2022-12-04 17:10:29,651] {local_task_job.py:154} INFO - Task exited with return code 0
[2022-12-04 17:10:29,698] {local_task_job.py:264} INFO - 1 downstream tasks scheduled from follow-on schedule check
