[2022-12-04 09:53:37,833] {taskinstance.py:1032} INFO - Dependencies all met for <TaskInstance: dag1.save_to_csv scheduled__2022-10-30T14:30:00+00:00 [queued]>
[2022-12-04 09:53:37,886] {taskinstance.py:1032} INFO - Dependencies all met for <TaskInstance: dag1.save_to_csv scheduled__2022-10-30T14:30:00+00:00 [queued]>
[2022-12-04 09:53:37,892] {taskinstance.py:1238} INFO - 
--------------------------------------------------------------------------------
[2022-12-04 09:53:37,893] {taskinstance.py:1239} INFO - Starting attempt 1 of 2
[2022-12-04 09:53:37,893] {taskinstance.py:1240} INFO - 
--------------------------------------------------------------------------------
[2022-12-04 09:53:37,940] {taskinstance.py:1259} INFO - Executing <Task(PythonOperator): save_to_csv> on 2022-10-30 14:30:00+00:00
[2022-12-04 09:53:37,947] {standard_task_runner.py:52} INFO - Started process 2416 to run task
[2022-12-04 09:53:37,963] {standard_task_runner.py:76} INFO - Running: ['***', 'tasks', 'run', 'dag1', 'save_to_csv', 'scheduled__2022-10-30T14:30:00+00:00', '--job-id', '2597', '--raw', '--subdir', 'DAGS_FOLDER/AirflowClean2.py', '--cfg-path', '/tmp/tmp8qevo4f7', '--error-file', '/tmp/tmpk7izc8e7']
[2022-12-04 09:53:37,965] {standard_task_runner.py:77} INFO - Job 2597: Subtask save_to_csv
[2022-12-04 09:53:38,754] {logging_mixin.py:109} INFO - Running <TaskInstance: dag1.save_to_csv scheduled__2022-10-30T14:30:00+00:00 [running]> on host 9e44869ff3ef
[2022-12-04 09:53:39,050] {taskinstance.py:1426} INFO - Exporting the following env vars:
AIRFLOW_CTX_DAG_OWNER=Fadlil
AIRFLOW_CTX_DAG_ID=dag1
AIRFLOW_CTX_TASK_ID=save_to_csv
AIRFLOW_CTX_EXECUTION_DATE=2022-10-30T14:30:00+00:00
AIRFLOW_CTX_DAG_RUN_ID=scheduled__2022-10-30T14:30:00+00:00
[2022-12-04 09:53:39,275] {python.py:175} INFO - Done. Returned value was: None
[2022-12-04 09:53:39,328] {taskinstance.py:1277} INFO - Marking task as SUCCESS. dag_id=dag1, task_id=save_to_csv, execution_date=20221030T143000, start_date=20221204T095337, end_date=20221204T095339
[2022-12-04 09:53:39,435] {local_task_job.py:154} INFO - Task exited with return code 0
[2022-12-04 09:53:40,043] {local_task_job.py:264} INFO - 1 downstream tasks scheduled from follow-on schedule check
