[2022-12-03 17:59:19,872] {taskinstance.py:1032} INFO - Dependencies all met for <TaskInstance: dag1.save_to_csv scheduled__2022-10-26T19:50:00+00:00 [queued]>
[2022-12-03 17:59:19,956] {taskinstance.py:1032} INFO - Dependencies all met for <TaskInstance: dag1.save_to_csv scheduled__2022-10-26T19:50:00+00:00 [queued]>
[2022-12-03 17:59:19,957] {taskinstance.py:1238} INFO - 
--------------------------------------------------------------------------------
[2022-12-03 17:59:19,957] {taskinstance.py:1239} INFO - Starting attempt 1 of 2
[2022-12-03 17:59:19,958] {taskinstance.py:1240} INFO - 
--------------------------------------------------------------------------------
[2022-12-03 17:59:20,076] {taskinstance.py:1259} INFO - Executing <Task(PythonOperator): save_to_csv> on 2022-10-26 19:50:00+00:00
[2022-12-03 17:59:20,082] {standard_task_runner.py:52} INFO - Started process 1460 to run task
[2022-12-03 17:59:20,087] {standard_task_runner.py:76} INFO - Running: ['***', 'tasks', 'run', 'dag1', 'save_to_csv', 'scheduled__2022-10-26T19:50:00+00:00', '--job-id', '471', '--raw', '--subdir', 'DAGS_FOLDER/AirflowClean2.py', '--cfg-path', '/tmp/tmpff68zbmh', '--error-file', '/tmp/tmpn6rsjexd']
[2022-12-03 17:59:20,150] {standard_task_runner.py:77} INFO - Job 471: Subtask save_to_csv
[2022-12-03 17:59:20,648] {logging_mixin.py:109} INFO - Running <TaskInstance: dag1.save_to_csv scheduled__2022-10-26T19:50:00+00:00 [running]> on host 422c372562ce
[2022-12-03 17:59:21,350] {taskinstance.py:1426} INFO - Exporting the following env vars:
AIRFLOW_CTX_DAG_OWNER=Fadlil
AIRFLOW_CTX_DAG_ID=dag1
AIRFLOW_CTX_TASK_ID=save_to_csv
AIRFLOW_CTX_EXECUTION_DATE=2022-10-26T19:50:00+00:00
AIRFLOW_CTX_DAG_RUN_ID=scheduled__2022-10-26T19:50:00+00:00
[2022-12-03 17:59:21,624] {python.py:175} INFO - Done. Returned value was: None
[2022-12-03 17:59:22,349] {taskinstance.py:1277} INFO - Marking task as SUCCESS. dag_id=dag1, task_id=save_to_csv, execution_date=20221026T195000, start_date=20221203T175919, end_date=20221203T175922
[2022-12-03 17:59:22,540] {local_task_job.py:154} INFO - Task exited with return code 0
[2022-12-03 17:59:22,698] {local_task_job.py:264} INFO - 1 downstream tasks scheduled from follow-on schedule check
