[2022-12-04 11:43:49,787] {taskinstance.py:1032} INFO - Dependencies all met for <TaskInstance: dag1.save_to_csv scheduled__2022-11-04T21:20:00+00:00 [queued]>
[2022-12-04 11:43:49,931] {taskinstance.py:1032} INFO - Dependencies all met for <TaskInstance: dag1.save_to_csv scheduled__2022-11-04T21:20:00+00:00 [queued]>
[2022-12-04 11:43:49,934] {taskinstance.py:1238} INFO - 
--------------------------------------------------------------------------------
[2022-12-04 11:43:49,938] {taskinstance.py:1239} INFO - Starting attempt 1 of 2
[2022-12-04 11:43:49,941] {taskinstance.py:1240} INFO - 
--------------------------------------------------------------------------------
[2022-12-04 11:43:50,075] {taskinstance.py:1259} INFO - Executing <Task(PythonOperator): save_to_csv> on 2022-11-04 21:20:00+00:00
[2022-12-04 11:43:50,130] {standard_task_runner.py:52} INFO - Started process 14432 to run task
[2022-12-04 11:43:50,178] {standard_task_runner.py:76} INFO - Running: ['***', 'tasks', 'run', 'dag1', 'save_to_csv', 'scheduled__2022-11-04T21:20:00+00:00', '--job-id', '5665', '--raw', '--subdir', 'DAGS_FOLDER/AirflowClean2.py', '--cfg-path', '/tmp/tmp_8mx_0lf', '--error-file', '/tmp/tmpdyddbpff']
[2022-12-04 11:43:50,185] {standard_task_runner.py:77} INFO - Job 5665: Subtask save_to_csv
[2022-12-04 11:43:50,427] {logging_mixin.py:109} INFO - Running <TaskInstance: dag1.save_to_csv scheduled__2022-11-04T21:20:00+00:00 [running]> on host 9e44869ff3ef
[2022-12-04 11:43:50,737] {taskinstance.py:1426} INFO - Exporting the following env vars:
AIRFLOW_CTX_DAG_OWNER=Fadlil
AIRFLOW_CTX_DAG_ID=dag1
AIRFLOW_CTX_TASK_ID=save_to_csv
AIRFLOW_CTX_EXECUTION_DATE=2022-11-04T21:20:00+00:00
AIRFLOW_CTX_DAG_RUN_ID=scheduled__2022-11-04T21:20:00+00:00
[2022-12-04 11:43:50,932] {python.py:175} INFO - Done. Returned value was: None
[2022-12-04 11:43:51,044] {taskinstance.py:1277} INFO - Marking task as SUCCESS. dag_id=dag1, task_id=save_to_csv, execution_date=20221104T212000, start_date=20221204T114349, end_date=20221204T114351
[2022-12-04 11:43:51,255] {local_task_job.py:154} INFO - Task exited with return code 0
[2022-12-04 11:43:52,454] {local_task_job.py:264} INFO - 0 downstream tasks scheduled from follow-on schedule check
