[2022-12-04 10:13:31,837] {taskinstance.py:1032} INFO - Dependencies all met for <TaskInstance: dag1.save_to_parquet scheduled__2022-10-31T08:50:00+00:00 [queued]>
[2022-12-04 10:13:31,969] {taskinstance.py:1032} INFO - Dependencies all met for <TaskInstance: dag1.save_to_parquet scheduled__2022-10-31T08:50:00+00:00 [queued]>
[2022-12-04 10:13:31,979] {taskinstance.py:1238} INFO - 
--------------------------------------------------------------------------------
[2022-12-04 10:13:31,981] {taskinstance.py:1239} INFO - Starting attempt 1 of 2
[2022-12-04 10:13:31,982] {taskinstance.py:1240} INFO - 
--------------------------------------------------------------------------------
[2022-12-04 10:13:32,203] {taskinstance.py:1259} INFO - Executing <Task(PythonOperator): save_to_parquet> on 2022-10-31 08:50:00+00:00
[2022-12-04 10:13:32,218] {standard_task_runner.py:52} INFO - Started process 4200 to run task
[2022-12-04 10:13:32,239] {standard_task_runner.py:76} INFO - Running: ['***', 'tasks', 'run', 'dag1', 'save_to_parquet', 'scheduled__2022-10-31T08:50:00+00:00', '--job-id', '2969', '--raw', '--subdir', 'DAGS_FOLDER/AirflowClean2.py', '--cfg-path', '/tmp/tmpajwmboug', '--error-file', '/tmp/tmpd464n22b']
[2022-12-04 10:13:32,241] {standard_task_runner.py:77} INFO - Job 2969: Subtask save_to_parquet
[2022-12-04 10:13:32,473] {logging_mixin.py:109} INFO - Running <TaskInstance: dag1.save_to_parquet scheduled__2022-10-31T08:50:00+00:00 [running]> on host 9e44869ff3ef
[2022-12-04 10:13:32,962] {taskinstance.py:1426} INFO - Exporting the following env vars:
AIRFLOW_CTX_DAG_OWNER=Fadlil
AIRFLOW_CTX_DAG_ID=dag1
AIRFLOW_CTX_TASK_ID=save_to_parquet
AIRFLOW_CTX_EXECUTION_DATE=2022-10-31T08:50:00+00:00
AIRFLOW_CTX_DAG_RUN_ID=scheduled__2022-10-31T08:50:00+00:00
[2022-12-04 10:13:33,058] {python.py:175} INFO - Done. Returned value was: None
[2022-12-04 10:13:33,091] {taskinstance.py:1277} INFO - Marking task as SUCCESS. dag_id=dag1, task_id=save_to_parquet, execution_date=20221031T085000, start_date=20221204T101331, end_date=20221204T101333
[2022-12-04 10:13:33,181] {local_task_job.py:154} INFO - Task exited with return code 0
[2022-12-04 10:13:33,657] {local_task_job.py:264} INFO - 0 downstream tasks scheduled from follow-on schedule check
