[2022-12-04 04:53:02,869] {taskinstance.py:1032} INFO - Dependencies all met for <TaskInstance: dag1.save_to_csv scheduled__2022-10-28T23:50:00+00:00 [queued]>
[2022-12-04 04:53:02,931] {taskinstance.py:1032} INFO - Dependencies all met for <TaskInstance: dag1.save_to_csv scheduled__2022-10-28T23:50:00+00:00 [queued]>
[2022-12-04 04:53:02,944] {taskinstance.py:1238} INFO - 
--------------------------------------------------------------------------------
[2022-12-04 04:53:02,946] {taskinstance.py:1239} INFO - Starting attempt 1 of 2
[2022-12-04 04:53:02,946] {taskinstance.py:1240} INFO - 
--------------------------------------------------------------------------------
[2022-12-04 04:53:03,065] {taskinstance.py:1259} INFO - Executing <Task(PythonOperator): save_to_csv> on 2022-10-28 23:50:00+00:00
[2022-12-04 04:53:03,081] {standard_task_runner.py:52} INFO - Started process 6844 to run task
[2022-12-04 04:53:03,092] {standard_task_runner.py:76} INFO - Running: ['***', 'tasks', 'run', 'dag1', 'save_to_csv', 'scheduled__2022-10-28T23:50:00+00:00', '--job-id', '1745', '--raw', '--subdir', 'DAGS_FOLDER/AirflowClean2.py', '--cfg-path', '/tmp/tmp3v5_0j14', '--error-file', '/tmp/tmpqidcd5xv']
[2022-12-04 04:53:03,126] {standard_task_runner.py:77} INFO - Job 1745: Subtask save_to_csv
[2022-12-04 04:53:03,954] {logging_mixin.py:109} INFO - Running <TaskInstance: dag1.save_to_csv scheduled__2022-10-28T23:50:00+00:00 [running]> on host 422c372562ce
[2022-12-04 04:53:05,020] {taskinstance.py:1426} INFO - Exporting the following env vars:
AIRFLOW_CTX_DAG_OWNER=Fadlil
AIRFLOW_CTX_DAG_ID=dag1
AIRFLOW_CTX_TASK_ID=save_to_csv
AIRFLOW_CTX_EXECUTION_DATE=2022-10-28T23:50:00+00:00
AIRFLOW_CTX_DAG_RUN_ID=scheduled__2022-10-28T23:50:00+00:00
[2022-12-04 04:53:05,403] {python.py:175} INFO - Done. Returned value was: None
[2022-12-04 04:53:05,514] {taskinstance.py:1277} INFO - Marking task as SUCCESS. dag_id=dag1, task_id=save_to_csv, execution_date=20221028T235000, start_date=20221204T045302, end_date=20221204T045305
[2022-12-04 04:53:05,802] {local_task_job.py:154} INFO - Task exited with return code 0
[2022-12-04 04:53:08,231] {local_task_job.py:264} INFO - 0 downstream tasks scheduled from follow-on schedule check
