[2022-12-04 11:31:11,318] {taskinstance.py:1032} INFO - Dependencies all met for <TaskInstance: dag1.save_to_parquet scheduled__2022-11-04T13:50:00+00:00 [queued]>
[2022-12-04 11:31:11,403] {taskinstance.py:1032} INFO - Dependencies all met for <TaskInstance: dag1.save_to_parquet scheduled__2022-11-04T13:50:00+00:00 [queued]>
[2022-12-04 11:31:11,408] {taskinstance.py:1238} INFO - 
--------------------------------------------------------------------------------
[2022-12-04 11:31:11,409] {taskinstance.py:1239} INFO - Starting attempt 1 of 2
[2022-12-04 11:31:11,410] {taskinstance.py:1240} INFO - 
--------------------------------------------------------------------------------
[2022-12-04 11:31:11,514] {taskinstance.py:1259} INFO - Executing <Task(PythonOperator): save_to_parquet> on 2022-11-04 13:50:00+00:00
[2022-12-04 11:31:11,551] {standard_task_runner.py:52} INFO - Started process 13308 to run task
[2022-12-04 11:31:11,627] {standard_task_runner.py:76} INFO - Running: ['***', 'tasks', 'run', 'dag1', 'save_to_parquet', 'scheduled__2022-11-04T13:50:00+00:00', '--job-id', '5430', '--raw', '--subdir', 'DAGS_FOLDER/AirflowClean2.py', '--cfg-path', '/tmp/tmpkg28v_gs', '--error-file', '/tmp/tmpxh865elf']
[2022-12-04 11:31:11,639] {standard_task_runner.py:77} INFO - Job 5430: Subtask save_to_parquet
[2022-12-04 11:31:12,591] {logging_mixin.py:109} INFO - Running <TaskInstance: dag1.save_to_parquet scheduled__2022-11-04T13:50:00+00:00 [running]> on host 9e44869ff3ef
[2022-12-04 11:31:13,223] {taskinstance.py:1426} INFO - Exporting the following env vars:
AIRFLOW_CTX_DAG_OWNER=Fadlil
AIRFLOW_CTX_DAG_ID=dag1
AIRFLOW_CTX_TASK_ID=save_to_parquet
AIRFLOW_CTX_EXECUTION_DATE=2022-11-04T13:50:00+00:00
AIRFLOW_CTX_DAG_RUN_ID=scheduled__2022-11-04T13:50:00+00:00
[2022-12-04 11:31:13,528] {python.py:175} INFO - Done. Returned value was: None
[2022-12-04 11:31:13,825] {taskinstance.py:1277} INFO - Marking task as SUCCESS. dag_id=dag1, task_id=save_to_parquet, execution_date=20221104T135000, start_date=20221204T113111, end_date=20221204T113113
[2022-12-04 11:31:14,872] {local_task_job.py:154} INFO - Task exited with return code 0
[2022-12-04 11:31:15,148] {local_task_job.py:264} INFO - 1 downstream tasks scheduled from follow-on schedule check
