[2022-12-04 10:43:09,752] {taskinstance.py:1032} INFO - Dependencies all met for <TaskInstance: dag1.save_to_csv scheduled__2022-11-01T19:00:00+00:00 [queued]>
[2022-12-04 10:43:09,817] {taskinstance.py:1032} INFO - Dependencies all met for <TaskInstance: dag1.save_to_csv scheduled__2022-11-01T19:00:00+00:00 [queued]>
[2022-12-04 10:43:09,818] {taskinstance.py:1238} INFO - 
--------------------------------------------------------------------------------
[2022-12-04 10:43:09,819] {taskinstance.py:1239} INFO - Starting attempt 1 of 2
[2022-12-04 10:43:09,822] {taskinstance.py:1240} INFO - 
--------------------------------------------------------------------------------
[2022-12-04 10:43:10,002] {taskinstance.py:1259} INFO - Executing <Task(PythonOperator): save_to_csv> on 2022-11-01 19:00:00+00:00
[2022-12-04 10:43:10,021] {standard_task_runner.py:52} INFO - Started process 7736 to run task
[2022-12-04 10:43:10,047] {standard_task_runner.py:76} INFO - Running: ['***', 'tasks', 'run', 'dag1', 'save_to_csv', 'scheduled__2022-11-01T19:00:00+00:00', '--job-id', '3824', '--raw', '--subdir', 'DAGS_FOLDER/AirflowClean2.py', '--cfg-path', '/tmp/tmpk4iafxc3', '--error-file', '/tmp/tmpadht6sgi']
[2022-12-04 10:43:10,052] {standard_task_runner.py:77} INFO - Job 3824: Subtask save_to_csv
[2022-12-04 10:43:10,312] {logging_mixin.py:109} INFO - Running <TaskInstance: dag1.save_to_csv scheduled__2022-11-01T19:00:00+00:00 [running]> on host 9e44869ff3ef
[2022-12-04 10:43:10,520] {taskinstance.py:1426} INFO - Exporting the following env vars:
AIRFLOW_CTX_DAG_OWNER=Fadlil
AIRFLOW_CTX_DAG_ID=dag1
AIRFLOW_CTX_TASK_ID=save_to_csv
AIRFLOW_CTX_EXECUTION_DATE=2022-11-01T19:00:00+00:00
AIRFLOW_CTX_DAG_RUN_ID=scheduled__2022-11-01T19:00:00+00:00
[2022-12-04 10:43:10,680] {python.py:175} INFO - Done. Returned value was: None
[2022-12-04 10:43:10,842] {taskinstance.py:1277} INFO - Marking task as SUCCESS. dag_id=dag1, task_id=save_to_csv, execution_date=20221101T190000, start_date=20221204T104309, end_date=20221204T104310
[2022-12-04 10:43:10,924] {local_task_job.py:154} INFO - Task exited with return code 0
[2022-12-04 10:43:11,068] {local_task_job.py:264} INFO - 1 downstream tasks scheduled from follow-on schedule check
