[2022-12-04 10:37:28,648] {taskinstance.py:1032} INFO - Dependencies all met for <TaskInstance: dag1.local_to_gcs_task scheduled__2022-11-01T05:00:00+00:00 [queued]>
[2022-12-04 10:37:28,713] {taskinstance.py:1032} INFO - Dependencies all met for <TaskInstance: dag1.local_to_gcs_task scheduled__2022-11-01T05:00:00+00:00 [queued]>
[2022-12-04 10:37:28,715] {taskinstance.py:1238} INFO - 
--------------------------------------------------------------------------------
[2022-12-04 10:37:28,719] {taskinstance.py:1239} INFO - Starting attempt 1 of 2
[2022-12-04 10:37:28,720] {taskinstance.py:1240} INFO - 
--------------------------------------------------------------------------------
[2022-12-04 10:37:28,814] {taskinstance.py:1259} INFO - Executing <Task(PythonOperator): local_to_gcs_task> on 2022-11-01 05:00:00+00:00
[2022-12-04 10:37:28,823] {standard_task_runner.py:52} INFO - Started process 6611 to run task
[2022-12-04 10:37:28,874] {standard_task_runner.py:76} INFO - Running: ['***', 'tasks', 'run', 'dag1', 'local_to_gcs_task', 'scheduled__2022-11-01T05:00:00+00:00', '--job-id', '3504', '--raw', '--subdir', 'DAGS_FOLDER/AirflowClean2.py', '--cfg-path', '/tmp/tmpf47ydxk7', '--error-file', '/tmp/tmp2ve2xhui']
[2022-12-04 10:37:28,882] {standard_task_runner.py:77} INFO - Job 3504: Subtask local_to_gcs_task
[2022-12-04 10:37:29,139] {logging_mixin.py:109} INFO - Running <TaskInstance: dag1.local_to_gcs_task scheduled__2022-11-01T05:00:00+00:00 [running]> on host 9e44869ff3ef
[2022-12-04 10:37:29,394] {taskinstance.py:1426} INFO - Exporting the following env vars:
AIRFLOW_CTX_DAG_OWNER=Fadlil
AIRFLOW_CTX_DAG_ID=dag1
AIRFLOW_CTX_TASK_ID=local_to_gcs_task
AIRFLOW_CTX_EXECUTION_DATE=2022-11-01T05:00:00+00:00
AIRFLOW_CTX_DAG_RUN_ID=scheduled__2022-11-01T05:00:00+00:00
[2022-12-04 10:37:30,149] {python.py:175} INFO - Done. Returned value was: None
[2022-12-04 10:37:30,209] {taskinstance.py:1277} INFO - Marking task as SUCCESS. dag_id=dag1, task_id=local_to_gcs_task, execution_date=20221101T050000, start_date=20221204T103728, end_date=20221204T103730
[2022-12-04 10:37:30,307] {local_task_job.py:154} INFO - Task exited with return code 0
[2022-12-04 10:37:30,423] {local_task_job.py:264} INFO - 0 downstream tasks scheduled from follow-on schedule check
