[2022-12-04 09:28:35,618] {taskinstance.py:1032} INFO - Dependencies all met for <TaskInstance: dag1.save_to_parquet scheduled__2022-10-30T03:10:00+00:00 [queued]>
[2022-12-04 09:28:35,739] {taskinstance.py:1032} INFO - Dependencies all met for <TaskInstance: dag1.save_to_parquet scheduled__2022-10-30T03:10:00+00:00 [queued]>
[2022-12-04 09:28:35,742] {taskinstance.py:1238} INFO - 
--------------------------------------------------------------------------------
[2022-12-04 09:28:35,754] {taskinstance.py:1239} INFO - Starting attempt 1 of 2
[2022-12-04 09:28:35,755] {taskinstance.py:1240} INFO - 
--------------------------------------------------------------------------------
[2022-12-04 09:28:35,884] {taskinstance.py:1259} INFO - Executing <Task(PythonOperator): save_to_parquet> on 2022-10-30 03:10:00+00:00
[2022-12-04 09:28:35,904] {standard_task_runner.py:52} INFO - Started process 885 to run task
[2022-12-04 09:28:35,917] {standard_task_runner.py:76} INFO - Running: ['***', 'tasks', 'run', 'dag1', 'save_to_parquet', 'scheduled__2022-10-30T03:10:00+00:00', '--job-id', '2394', '--raw', '--subdir', 'DAGS_FOLDER/AirflowClean2.py', '--cfg-path', '/tmp/tmpivkjvz5c', '--error-file', '/tmp/tmpg1yc8f2t']
[2022-12-04 09:28:35,920] {standard_task_runner.py:77} INFO - Job 2394: Subtask save_to_parquet
[2022-12-04 09:28:36,286] {logging_mixin.py:109} INFO - Running <TaskInstance: dag1.save_to_parquet scheduled__2022-10-30T03:10:00+00:00 [running]> on host 9e44869ff3ef
[2022-12-04 09:28:36,633] {taskinstance.py:1426} INFO - Exporting the following env vars:
AIRFLOW_CTX_DAG_OWNER=Fadlil
AIRFLOW_CTX_DAG_ID=dag1
AIRFLOW_CTX_TASK_ID=save_to_parquet
AIRFLOW_CTX_EXECUTION_DATE=2022-10-30T03:10:00+00:00
AIRFLOW_CTX_DAG_RUN_ID=scheduled__2022-10-30T03:10:00+00:00
[2022-12-04 09:28:36,829] {python.py:175} INFO - Done. Returned value was: None
[2022-12-04 09:28:37,505] {taskinstance.py:1277} INFO - Marking task as SUCCESS. dag_id=dag1, task_id=save_to_parquet, execution_date=20221030T031000, start_date=20221204T092835, end_date=20221204T092837
[2022-12-04 09:28:37,660] {local_task_job.py:154} INFO - Task exited with return code 0
[2022-12-04 09:28:37,809] {local_task_job.py:264} INFO - 0 downstream tasks scheduled from follow-on schedule check
