[2022-12-04 12:50:48,245] {taskinstance.py:1032} INFO - Dependencies all met for <TaskInstance: dag1.save_to_csv scheduled__2022-11-06T09:30:00+00:00 [queued]>
[2022-12-04 12:50:48,268] {taskinstance.py:1032} INFO - Dependencies all met for <TaskInstance: dag1.save_to_csv scheduled__2022-11-06T09:30:00+00:00 [queued]>
[2022-12-04 12:50:48,270] {taskinstance.py:1238} INFO - 
--------------------------------------------------------------------------------
[2022-12-04 12:50:48,270] {taskinstance.py:1239} INFO - Starting attempt 1 of 2
[2022-12-04 12:50:48,271] {taskinstance.py:1240} INFO - 
--------------------------------------------------------------------------------
[2022-12-04 12:50:48,308] {taskinstance.py:1259} INFO - Executing <Task(PythonOperator): save_to_csv> on 2022-11-06 09:30:00+00:00
[2022-12-04 12:50:48,321] {standard_task_runner.py:52} INFO - Started process 1132 to run task
[2022-12-04 12:50:48,334] {standard_task_runner.py:76} INFO - Running: ['***', 'tasks', 'run', 'dag1', 'save_to_csv', 'scheduled__2022-11-06T09:30:00+00:00', '--job-id', '6933', '--raw', '--subdir', 'DAGS_FOLDER/AirflowClean2.py', '--cfg-path', '/tmp/tmpatyyp2qr', '--error-file', '/tmp/tmp011k_qoy']
[2022-12-04 12:50:48,337] {standard_task_runner.py:77} INFO - Job 6933: Subtask save_to_csv
[2022-12-04 12:50:48,437] {logging_mixin.py:109} INFO - Running <TaskInstance: dag1.save_to_csv scheduled__2022-11-06T09:30:00+00:00 [running]> on host 7a020590adae
[2022-12-04 12:50:48,512] {taskinstance.py:1426} INFO - Exporting the following env vars:
AIRFLOW_CTX_DAG_OWNER=Fadlil
AIRFLOW_CTX_DAG_ID=dag1
AIRFLOW_CTX_TASK_ID=save_to_csv
AIRFLOW_CTX_EXECUTION_DATE=2022-11-06T09:30:00+00:00
AIRFLOW_CTX_DAG_RUN_ID=scheduled__2022-11-06T09:30:00+00:00
[2022-12-04 12:50:48,561] {python.py:175} INFO - Done. Returned value was: None
[2022-12-04 12:50:48,573] {taskinstance.py:1277} INFO - Marking task as SUCCESS. dag_id=dag1, task_id=save_to_csv, execution_date=20221106T093000, start_date=20221204T125048, end_date=20221204T125048
[2022-12-04 12:50:48,631] {local_task_job.py:154} INFO - Task exited with return code 0
[2022-12-04 12:50:48,726] {local_task_job.py:264} INFO - 1 downstream tasks scheduled from follow-on schedule check
