[2022-12-04 12:18:20,735] {taskinstance.py:1032} INFO - Dependencies all met for <TaskInstance: dag1.local_to_gcs_task scheduled__2022-11-05T20:40:00+00:00 [queued]>
[2022-12-04 12:18:20,805] {taskinstance.py:1032} INFO - Dependencies all met for <TaskInstance: dag1.local_to_gcs_task scheduled__2022-11-05T20:40:00+00:00 [queued]>
[2022-12-04 12:18:20,806] {taskinstance.py:1238} INFO - 
--------------------------------------------------------------------------------
[2022-12-04 12:18:20,807] {taskinstance.py:1239} INFO - Starting attempt 1 of 2
[2022-12-04 12:18:20,813] {taskinstance.py:1240} INFO - 
--------------------------------------------------------------------------------
[2022-12-04 12:18:20,855] {taskinstance.py:1259} INFO - Executing <Task(PythonOperator): local_to_gcs_task> on 2022-11-05 20:40:00+00:00
[2022-12-04 12:18:20,907] {standard_task_runner.py:52} INFO - Started process 17922 to run task
[2022-12-04 12:18:20,941] {standard_task_runner.py:76} INFO - Running: ['***', 'tasks', 'run', 'dag1', 'local_to_gcs_task', 'scheduled__2022-11-05T20:40:00+00:00', '--job-id', '6453', '--raw', '--subdir', 'DAGS_FOLDER/AirflowClean2.py', '--cfg-path', '/tmp/tmpjg43b8x5', '--error-file', '/tmp/tmpug1km1yi']
[2022-12-04 12:18:20,958] {standard_task_runner.py:77} INFO - Job 6453: Subtask local_to_gcs_task
[2022-12-04 12:18:21,336] {logging_mixin.py:109} INFO - Running <TaskInstance: dag1.local_to_gcs_task scheduled__2022-11-05T20:40:00+00:00 [running]> on host 9e44869ff3ef
[2022-12-04 12:18:21,677] {taskinstance.py:1426} INFO - Exporting the following env vars:
AIRFLOW_CTX_DAG_OWNER=Fadlil
AIRFLOW_CTX_DAG_ID=dag1
AIRFLOW_CTX_TASK_ID=local_to_gcs_task
AIRFLOW_CTX_EXECUTION_DATE=2022-11-05T20:40:00+00:00
AIRFLOW_CTX_DAG_RUN_ID=scheduled__2022-11-05T20:40:00+00:00
[2022-12-04 12:18:22,618] {python.py:175} INFO - Done. Returned value was: None
[2022-12-04 12:18:22,732] {taskinstance.py:1277} INFO - Marking task as SUCCESS. dag_id=dag1, task_id=local_to_gcs_task, execution_date=20221105T204000, start_date=20221204T121820, end_date=20221204T121822
[2022-12-04 12:18:22,836] {local_task_job.py:154} INFO - Task exited with return code 0
[2022-12-04 12:18:23,060] {local_task_job.py:264} INFO - 1 downstream tasks scheduled from follow-on schedule check
