[2022-12-04 10:48:18,745] {taskinstance.py:1032} INFO - Dependencies all met for <TaskInstance: dag1.get_data scheduled__2022-11-02T07:30:00+00:00 [queued]>
[2022-12-04 10:48:18,822] {taskinstance.py:1032} INFO - Dependencies all met for <TaskInstance: dag1.get_data scheduled__2022-11-02T07:30:00+00:00 [queued]>
[2022-12-04 10:48:18,830] {taskinstance.py:1238} INFO - 
--------------------------------------------------------------------------------
[2022-12-04 10:48:18,841] {taskinstance.py:1239} INFO - Starting attempt 1 of 2
[2022-12-04 10:48:18,843] {taskinstance.py:1240} INFO - 
--------------------------------------------------------------------------------
[2022-12-04 10:48:18,933] {taskinstance.py:1259} INFO - Executing <Task(PythonOperator): get_data> on 2022-11-02 07:30:00+00:00
[2022-12-04 10:48:18,945] {standard_task_runner.py:52} INFO - Started process 8760 to run task
[2022-12-04 10:48:18,957] {standard_task_runner.py:76} INFO - Running: ['***', 'tasks', 'run', 'dag1', 'get_data', 'scheduled__2022-11-02T07:30:00+00:00', '--job-id', '4116', '--raw', '--subdir', 'DAGS_FOLDER/AirflowClean2.py', '--cfg-path', '/tmp/tmp414nc0t4', '--error-file', '/tmp/tmpd37kwn2e']
[2022-12-04 10:48:18,982] {standard_task_runner.py:77} INFO - Job 4116: Subtask get_data
[2022-12-04 10:48:19,330] {logging_mixin.py:109} INFO - Running <TaskInstance: dag1.get_data scheduled__2022-11-02T07:30:00+00:00 [running]> on host 9e44869ff3ef
[2022-12-04 10:48:19,764] {taskinstance.py:1426} INFO - Exporting the following env vars:
AIRFLOW_CTX_DAG_OWNER=Fadlil
AIRFLOW_CTX_DAG_ID=dag1
AIRFLOW_CTX_TASK_ID=get_data
AIRFLOW_CTX_EXECUTION_DATE=2022-11-02T07:30:00+00:00
AIRFLOW_CTX_DAG_RUN_ID=scheduled__2022-11-02T07:30:00+00:00
[2022-12-04 10:48:20,506] {python.py:175} INFO - Done. Returned value was: None
[2022-12-04 10:48:21,138] {taskinstance.py:1277} INFO - Marking task as SUCCESS. dag_id=dag1, task_id=get_data, execution_date=20221102T073000, start_date=20221204T104818, end_date=20221204T104821
[2022-12-04 10:48:21,321] {local_task_job.py:154} INFO - Task exited with return code 0
[2022-12-04 10:48:21,540] {local_task_job.py:264} INFO - 1 downstream tasks scheduled from follow-on schedule check
