[2022-12-04 17:03:56,651] {taskinstance.py:1032} INFO - Dependencies all met for <TaskInstance: dag1.delete_local_file scheduled__2022-11-09T19:20:00+00:00 [queued]>
[2022-12-04 17:03:56,721] {taskinstance.py:1032} INFO - Dependencies all met for <TaskInstance: dag1.delete_local_file scheduled__2022-11-09T19:20:00+00:00 [queued]>
[2022-12-04 17:03:56,722] {taskinstance.py:1238} INFO - 
--------------------------------------------------------------------------------
[2022-12-04 17:03:56,723] {taskinstance.py:1239} INFO - Starting attempt 1 of 2
[2022-12-04 17:03:56,723] {taskinstance.py:1240} INFO - 
--------------------------------------------------------------------------------
[2022-12-04 17:03:56,787] {taskinstance.py:1259} INFO - Executing <Task(PythonOperator): delete_local_file> on 2022-11-09 19:20:00+00:00
[2022-12-04 17:03:56,796] {standard_task_runner.py:52} INFO - Started process 16293 to run task
[2022-12-04 17:03:56,818] {standard_task_runner.py:76} INFO - Running: ['***', 'tasks', 'run', 'dag1', 'delete_local_file', 'scheduled__2022-11-09T19:20:00+00:00', '--job-id', '10113', '--raw', '--subdir', 'DAGS_FOLDER/AirflowClean2.py', '--cfg-path', '/tmp/tmp5bed_885', '--error-file', '/tmp/tmpfh7hl_t7']
[2022-12-04 17:03:56,824] {standard_task_runner.py:77} INFO - Job 10113: Subtask delete_local_file
[2022-12-04 17:03:57,087] {logging_mixin.py:109} INFO - Running <TaskInstance: dag1.delete_local_file scheduled__2022-11-09T19:20:00+00:00 [running]> on host 7a020590adae
[2022-12-04 17:03:57,326] {taskinstance.py:1426} INFO - Exporting the following env vars:
AIRFLOW_CTX_DAG_OWNER=Fadlil
AIRFLOW_CTX_DAG_ID=dag1
AIRFLOW_CTX_TASK_ID=delete_local_file
AIRFLOW_CTX_EXECUTION_DATE=2022-11-09T19:20:00+00:00
AIRFLOW_CTX_DAG_RUN_ID=scheduled__2022-11-09T19:20:00+00:00
[2022-12-04 17:03:57,334] {python.py:175} INFO - Done. Returned value was: None
[2022-12-04 17:03:57,370] {taskinstance.py:1277} INFO - Marking task as SUCCESS. dag_id=dag1, task_id=delete_local_file, execution_date=20221109T192000, start_date=20221204T170356, end_date=20221204T170357
[2022-12-04 17:03:57,508] {local_task_job.py:154} INFO - Task exited with return code 0
[2022-12-04 17:03:57,701] {local_task_job.py:264} INFO - 0 downstream tasks scheduled from follow-on schedule check
