[2022-12-04 09:54:34,073] {taskinstance.py:1032} INFO - Dependencies all met for <TaskInstance: dag1.get_data scheduled__2022-10-30T18:00:00+00:00 [queued]>
[2022-12-04 09:54:34,285] {taskinstance.py:1032} INFO - Dependencies all met for <TaskInstance: dag1.get_data scheduled__2022-10-30T18:00:00+00:00 [queued]>
[2022-12-04 09:54:34,287] {taskinstance.py:1238} INFO - 
--------------------------------------------------------------------------------
[2022-12-04 09:54:34,287] {taskinstance.py:1239} INFO - Starting attempt 1 of 2
[2022-12-04 09:54:34,288] {taskinstance.py:1240} INFO - 
--------------------------------------------------------------------------------
[2022-12-04 09:54:34,394] {taskinstance.py:1259} INFO - Executing <Task(PythonOperator): get_data> on 2022-10-30 18:00:00+00:00
[2022-12-04 09:54:34,416] {standard_task_runner.py:52} INFO - Started process 2604 to run task
[2022-12-04 09:54:34,430] {standard_task_runner.py:76} INFO - Running: ['***', 'tasks', 'run', 'dag1', 'get_data', 'scheduled__2022-10-30T18:00:00+00:00', '--job-id', '2651', '--raw', '--subdir', 'DAGS_FOLDER/AirflowClean2.py', '--cfg-path', '/tmp/tmpk9hrdans', '--error-file', '/tmp/tmp0b311ebl']
[2022-12-04 09:54:34,446] {standard_task_runner.py:77} INFO - Job 2651: Subtask get_data
[2022-12-04 09:54:34,648] {logging_mixin.py:109} INFO - Running <TaskInstance: dag1.get_data scheduled__2022-10-30T18:00:00+00:00 [running]> on host 9e44869ff3ef
[2022-12-04 09:54:34,844] {taskinstance.py:1426} INFO - Exporting the following env vars:
AIRFLOW_CTX_DAG_OWNER=Fadlil
AIRFLOW_CTX_DAG_ID=dag1
AIRFLOW_CTX_TASK_ID=get_data
AIRFLOW_CTX_EXECUTION_DATE=2022-10-30T18:00:00+00:00
AIRFLOW_CTX_DAG_RUN_ID=scheduled__2022-10-30T18:00:00+00:00
[2022-12-04 09:54:35,550] {python.py:175} INFO - Done. Returned value was: None
[2022-12-04 09:54:35,610] {taskinstance.py:1277} INFO - Marking task as SUCCESS. dag_id=dag1, task_id=get_data, execution_date=20221030T180000, start_date=20221204T095434, end_date=20221204T095435
[2022-12-04 09:54:35,652] {local_task_job.py:154} INFO - Task exited with return code 0
[2022-12-04 09:54:35,742] {local_task_job.py:264} INFO - 1 downstream tasks scheduled from follow-on schedule check
