[2022-12-04 09:28:39,226] {taskinstance.py:1032} INFO - Dependencies all met for <TaskInstance: dag1.save_to_csv scheduled__2022-10-30T04:10:00+00:00 [queued]>
[2022-12-04 09:28:39,344] {taskinstance.py:1032} INFO - Dependencies all met for <TaskInstance: dag1.save_to_csv scheduled__2022-10-30T04:10:00+00:00 [queued]>
[2022-12-04 09:28:39,359] {taskinstance.py:1238} INFO - 
--------------------------------------------------------------------------------
[2022-12-04 09:28:39,360] {taskinstance.py:1239} INFO - Starting attempt 1 of 2
[2022-12-04 09:28:39,360] {taskinstance.py:1240} INFO - 
--------------------------------------------------------------------------------
[2022-12-04 09:28:39,473] {taskinstance.py:1259} INFO - Executing <Task(PythonOperator): save_to_csv> on 2022-10-30 04:10:00+00:00
[2022-12-04 09:28:39,480] {standard_task_runner.py:52} INFO - Started process 903 to run task
[2022-12-04 09:28:39,514] {standard_task_runner.py:76} INFO - Running: ['***', 'tasks', 'run', 'dag1', 'save_to_csv', 'scheduled__2022-10-30T04:10:00+00:00', '--job-id', '2399', '--raw', '--subdir', 'DAGS_FOLDER/AirflowClean2.py', '--cfg-path', '/tmp/tmpfetpdiv8', '--error-file', '/tmp/tmptyvk72q4']
[2022-12-04 09:28:39,516] {standard_task_runner.py:77} INFO - Job 2399: Subtask save_to_csv
[2022-12-04 09:28:39,814] {logging_mixin.py:109} INFO - Running <TaskInstance: dag1.save_to_csv scheduled__2022-10-30T04:10:00+00:00 [running]> on host 9e44869ff3ef
[2022-12-04 09:28:40,023] {taskinstance.py:1426} INFO - Exporting the following env vars:
AIRFLOW_CTX_DAG_OWNER=Fadlil
AIRFLOW_CTX_DAG_ID=dag1
AIRFLOW_CTX_TASK_ID=save_to_csv
AIRFLOW_CTX_EXECUTION_DATE=2022-10-30T04:10:00+00:00
AIRFLOW_CTX_DAG_RUN_ID=scheduled__2022-10-30T04:10:00+00:00
[2022-12-04 09:28:40,115] {python.py:175} INFO - Done. Returned value was: None
[2022-12-04 09:28:40,175] {taskinstance.py:1277} INFO - Marking task as SUCCESS. dag_id=dag1, task_id=save_to_csv, execution_date=20221030T041000, start_date=20221204T092839, end_date=20221204T092840
[2022-12-04 09:28:40,299] {local_task_job.py:154} INFO - Task exited with return code 0
[2022-12-04 09:28:40,690] {local_task_job.py:264} INFO - 0 downstream tasks scheduled from follow-on schedule check
