[2022-12-04 11:43:20,685] {taskinstance.py:1032} INFO - Dependencies all met for <TaskInstance: dag1.bigquery_external_table_task scheduled__2022-11-04T20:00:00+00:00 [queued]>
[2022-12-04 11:43:20,710] {taskinstance.py:1032} INFO - Dependencies all met for <TaskInstance: dag1.bigquery_external_table_task scheduled__2022-11-04T20:00:00+00:00 [queued]>
[2022-12-04 11:43:20,710] {taskinstance.py:1238} INFO - 
--------------------------------------------------------------------------------
[2022-12-04 11:43:20,711] {taskinstance.py:1239} INFO - Starting attempt 1 of 2
[2022-12-04 11:43:20,711] {taskinstance.py:1240} INFO - 
--------------------------------------------------------------------------------
[2022-12-04 11:43:20,770] {taskinstance.py:1259} INFO - Executing <Task(BigQueryCreateExternalTableOperator): bigquery_external_table_task> on 2022-11-04 20:00:00+00:00
[2022-12-04 11:43:20,778] {standard_task_runner.py:52} INFO - Started process 14337 to run task
[2022-12-04 11:43:20,790] {standard_task_runner.py:76} INFO - Running: ['***', 'tasks', 'run', 'dag1', 'bigquery_external_table_task', 'scheduled__2022-11-04T20:00:00+00:00', '--job-id', '5639', '--raw', '--subdir', 'DAGS_FOLDER/AirflowClean2.py', '--cfg-path', '/tmp/tmps0lkx8bu', '--error-file', '/tmp/tmpz3ut5zqm']
[2022-12-04 11:43:20,793] {standard_task_runner.py:77} INFO - Job 5639: Subtask bigquery_external_table_task
[2022-12-04 11:43:21,035] {logging_mixin.py:109} INFO - Running <TaskInstance: dag1.bigquery_external_table_task scheduled__2022-11-04T20:00:00+00:00 [running]> on host 9e44869ff3ef
[2022-12-04 11:43:21,194] {taskinstance.py:1426} INFO - Exporting the following env vars:
AIRFLOW_CTX_DAG_OWNER=Fadlil
AIRFLOW_CTX_DAG_ID=dag1
AIRFLOW_CTX_TASK_ID=bigquery_external_table_task
AIRFLOW_CTX_EXECUTION_DATE=2022-11-04T20:00:00+00:00
AIRFLOW_CTX_DAG_RUN_ID=scheduled__2022-11-04T20:00:00+00:00
[2022-12-04 11:43:21,200] {crypto.py:82} WARNING - empty cryptography key - values will not be stored encrypted.
[2022-12-04 11:43:22,361] {taskinstance.py:1277} INFO - Marking task as SUCCESS. dag_id=dag1, task_id=bigquery_external_table_task, execution_date=20221104T200000, start_date=20221204T114320, end_date=20221204T114322
[2022-12-04 11:43:22,445] {local_task_job.py:154} INFO - Task exited with return code 0
[2022-12-04 11:43:22,870] {local_task_job.py:264} INFO - 0 downstream tasks scheduled from follow-on schedule check
