[2022-12-04 13:00:06,160] {taskinstance.py:1032} INFO - Dependencies all met for <TaskInstance: dag1.save_to_csv scheduled__2022-11-06T14:20:00+00:00 [queued]>
[2022-12-04 13:00:06,178] {taskinstance.py:1032} INFO - Dependencies all met for <TaskInstance: dag1.save_to_csv scheduled__2022-11-06T14:20:00+00:00 [queued]>
[2022-12-04 13:00:06,179] {taskinstance.py:1238} INFO - 
--------------------------------------------------------------------------------
[2022-12-04 13:00:06,179] {taskinstance.py:1239} INFO - Starting attempt 1 of 2
[2022-12-04 13:00:06,180] {taskinstance.py:1240} INFO - 
--------------------------------------------------------------------------------
[2022-12-04 13:00:06,206] {taskinstance.py:1259} INFO - Executing <Task(PythonOperator): save_to_csv> on 2022-11-06 14:20:00+00:00
[2022-12-04 13:00:06,214] {standard_task_runner.py:52} INFO - Started process 2003 to run task
[2022-12-04 13:00:06,219] {standard_task_runner.py:76} INFO - Running: ['***', 'tasks', 'run', 'dag1', 'save_to_csv', 'scheduled__2022-11-06T14:20:00+00:00', '--job-id', '7122', '--raw', '--subdir', 'DAGS_FOLDER/AirflowClean2.py', '--cfg-path', '/tmp/tmpwjwc3495', '--error-file', '/tmp/tmpqffc696r']
[2022-12-04 13:00:06,221] {standard_task_runner.py:77} INFO - Job 7122: Subtask save_to_csv
[2022-12-04 13:00:06,289] {logging_mixin.py:109} INFO - Running <TaskInstance: dag1.save_to_csv scheduled__2022-11-06T14:20:00+00:00 [running]> on host 7a020590adae
[2022-12-04 13:00:06,377] {taskinstance.py:1426} INFO - Exporting the following env vars:
AIRFLOW_CTX_DAG_OWNER=Fadlil
AIRFLOW_CTX_DAG_ID=dag1
AIRFLOW_CTX_TASK_ID=save_to_csv
AIRFLOW_CTX_EXECUTION_DATE=2022-11-06T14:20:00+00:00
AIRFLOW_CTX_DAG_RUN_ID=scheduled__2022-11-06T14:20:00+00:00
[2022-12-04 13:00:06,424] {python.py:175} INFO - Done. Returned value was: None
[2022-12-04 13:00:06,767] {taskinstance.py:1277} INFO - Marking task as SUCCESS. dag_id=dag1, task_id=save_to_csv, execution_date=20221106T142000, start_date=20221204T130006, end_date=20221204T130006
[2022-12-04 13:00:06,833] {local_task_job.py:154} INFO - Task exited with return code 0
[2022-12-04 13:00:06,885] {local_task_job.py:264} INFO - 1 downstream tasks scheduled from follow-on schedule check
