[2022-12-04 09:51:54,646] {taskinstance.py:1032} INFO - Dependencies all met for <TaskInstance: dag1.get_data scheduled__2022-10-30T09:50:00+00:00 [queued]>
[2022-12-04 09:51:54,706] {taskinstance.py:1032} INFO - Dependencies all met for <TaskInstance: dag1.get_data scheduled__2022-10-30T09:50:00+00:00 [queued]>
[2022-12-04 09:51:54,707] {taskinstance.py:1238} INFO - 
--------------------------------------------------------------------------------
[2022-12-04 09:51:54,708] {taskinstance.py:1239} INFO - Starting attempt 1 of 2
[2022-12-04 09:51:54,709] {taskinstance.py:1240} INFO - 
--------------------------------------------------------------------------------
[2022-12-04 09:51:54,831] {taskinstance.py:1259} INFO - Executing <Task(PythonOperator): get_data> on 2022-10-30 09:50:00+00:00
[2022-12-04 09:51:54,905] {standard_task_runner.py:52} INFO - Started process 2088 to run task
[2022-12-04 09:51:54,949] {standard_task_runner.py:76} INFO - Running: ['***', 'tasks', 'run', 'dag1', 'get_data', 'scheduled__2022-10-30T09:50:00+00:00', '--job-id', '2501', '--raw', '--subdir', 'DAGS_FOLDER/AirflowClean2.py', '--cfg-path', '/tmp/tmp72tf3ldp', '--error-file', '/tmp/tmp1djz9twn']
[2022-12-04 09:51:54,951] {standard_task_runner.py:77} INFO - Job 2501: Subtask get_data
[2022-12-04 09:51:55,446] {logging_mixin.py:109} INFO - Running <TaskInstance: dag1.get_data scheduled__2022-10-30T09:50:00+00:00 [running]> on host 9e44869ff3ef
[2022-12-04 09:51:55,674] {taskinstance.py:1426} INFO - Exporting the following env vars:
AIRFLOW_CTX_DAG_OWNER=Fadlil
AIRFLOW_CTX_DAG_ID=dag1
AIRFLOW_CTX_TASK_ID=get_data
AIRFLOW_CTX_EXECUTION_DATE=2022-10-30T09:50:00+00:00
AIRFLOW_CTX_DAG_RUN_ID=scheduled__2022-10-30T09:50:00+00:00
[2022-12-04 09:51:57,235] {python.py:175} INFO - Done. Returned value was: None
[2022-12-04 09:51:57,807] {taskinstance.py:1277} INFO - Marking task as SUCCESS. dag_id=dag1, task_id=get_data, execution_date=20221030T095000, start_date=20221204T095154, end_date=20221204T095157
[2022-12-04 09:51:57,941] {local_task_job.py:154} INFO - Task exited with return code 0
[2022-12-04 09:51:58,185] {local_task_job.py:264} INFO - 1 downstream tasks scheduled from follow-on schedule check
