[2022-12-04 11:00:15,965] {taskinstance.py:1032} INFO - Dependencies all met for <TaskInstance: dag1.get_data scheduled__2022-11-03T15:00:00+00:00 [queued]>
[2022-12-04 11:00:15,980] {taskinstance.py:1032} INFO - Dependencies all met for <TaskInstance: dag1.get_data scheduled__2022-11-03T15:00:00+00:00 [queued]>
[2022-12-04 11:00:15,981] {taskinstance.py:1238} INFO - 
--------------------------------------------------------------------------------
[2022-12-04 11:00:15,981] {taskinstance.py:1239} INFO - Starting attempt 1 of 2
[2022-12-04 11:00:15,981] {taskinstance.py:1240} INFO - 
--------------------------------------------------------------------------------
[2022-12-04 11:00:15,996] {taskinstance.py:1259} INFO - Executing <Task(PythonOperator): get_data> on 2022-11-03 15:00:00+00:00
[2022-12-04 11:00:16,002] {standard_task_runner.py:52} INFO - Started process 11412 to run task
[2022-12-04 11:00:16,008] {standard_task_runner.py:76} INFO - Running: ['***', 'tasks', 'run', 'dag1', 'get_data', 'scheduled__2022-11-03T15:00:00+00:00', '--job-id', '4889', '--raw', '--subdir', 'DAGS_FOLDER/AirflowClean2.py', '--cfg-path', '/tmp/tmp0lab4nla', '--error-file', '/tmp/tmpw88pm475']
[2022-12-04 11:00:16,009] {standard_task_runner.py:77} INFO - Job 4889: Subtask get_data
[2022-12-04 11:00:16,076] {logging_mixin.py:109} INFO - Running <TaskInstance: dag1.get_data scheduled__2022-11-03T15:00:00+00:00 [running]> on host 9e44869ff3ef
[2022-12-04 11:00:16,146] {taskinstance.py:1426} INFO - Exporting the following env vars:
AIRFLOW_CTX_DAG_OWNER=Fadlil
AIRFLOW_CTX_DAG_ID=dag1
AIRFLOW_CTX_TASK_ID=get_data
AIRFLOW_CTX_EXECUTION_DATE=2022-11-03T15:00:00+00:00
AIRFLOW_CTX_DAG_RUN_ID=scheduled__2022-11-03T15:00:00+00:00
[2022-12-04 11:00:16,801] {python.py:175} INFO - Done. Returned value was: None
[2022-12-04 11:00:16,822] {taskinstance.py:1277} INFO - Marking task as SUCCESS. dag_id=dag1, task_id=get_data, execution_date=20221103T150000, start_date=20221204T110015, end_date=20221204T110016
[2022-12-04 11:00:16,868] {local_task_job.py:154} INFO - Task exited with return code 0
[2022-12-04 11:00:17,128] {local_task_job.py:264} INFO - 1 downstream tasks scheduled from follow-on schedule check
