[2022-12-04 17:46:08,275] {taskinstance.py:1032} INFO - Dependencies all met for <TaskInstance: dag1.save_to_csv scheduled__2022-11-10T16:00:00+00:00 [queued]>
[2022-12-04 17:46:08,317] {taskinstance.py:1032} INFO - Dependencies all met for <TaskInstance: dag1.save_to_csv scheduled__2022-11-10T16:00:00+00:00 [queued]>
[2022-12-04 17:46:08,318] {taskinstance.py:1238} INFO - 
--------------------------------------------------------------------------------
[2022-12-04 17:46:08,318] {taskinstance.py:1239} INFO - Starting attempt 1 of 2
[2022-12-04 17:46:08,319] {taskinstance.py:1240} INFO - 
--------------------------------------------------------------------------------
[2022-12-04 17:46:08,379] {taskinstance.py:1259} INFO - Executing <Task(PythonOperator): save_to_csv> on 2022-11-10 16:00:00+00:00
[2022-12-04 17:46:08,387] {standard_task_runner.py:52} INFO - Started process 19958 to run task
[2022-12-04 17:46:08,398] {standard_task_runner.py:76} INFO - Running: ['***', 'tasks', 'run', 'dag1', 'save_to_csv', 'scheduled__2022-11-10T16:00:00+00:00', '--job-id', '10868', '--raw', '--subdir', 'DAGS_FOLDER/AirflowClean2.py', '--cfg-path', '/tmp/tmpgmv2oej8', '--error-file', '/tmp/tmpf9ar9fdx']
[2022-12-04 17:46:08,414] {standard_task_runner.py:77} INFO - Job 10868: Subtask save_to_csv
[2022-12-04 17:46:08,816] {logging_mixin.py:109} INFO - Running <TaskInstance: dag1.save_to_csv scheduled__2022-11-10T16:00:00+00:00 [running]> on host 7a020590adae
[2022-12-04 17:46:09,036] {taskinstance.py:1426} INFO - Exporting the following env vars:
AIRFLOW_CTX_DAG_OWNER=Fadlil
AIRFLOW_CTX_DAG_ID=dag1
AIRFLOW_CTX_TASK_ID=save_to_csv
AIRFLOW_CTX_EXECUTION_DATE=2022-11-10T16:00:00+00:00
AIRFLOW_CTX_DAG_RUN_ID=scheduled__2022-11-10T16:00:00+00:00
[2022-12-04 17:46:09,249] {python.py:175} INFO - Done. Returned value was: None
[2022-12-04 17:46:10,246] {taskinstance.py:1277} INFO - Marking task as SUCCESS. dag_id=dag1, task_id=save_to_csv, execution_date=20221110T160000, start_date=20221204T174608, end_date=20221204T174610
[2022-12-04 17:46:10,447] {local_task_job.py:154} INFO - Task exited with return code 0
[2022-12-04 17:46:10,828] {local_task_job.py:264} INFO - 1 downstream tasks scheduled from follow-on schedule check
