[2022-12-04 09:26:48,590] {taskinstance.py:1032} INFO - Dependencies all met for <TaskInstance: dag1.save_to_csv scheduled__2022-10-29T20:20:00+00:00 [queued]>
[2022-12-04 09:26:48,681] {taskinstance.py:1032} INFO - Dependencies all met for <TaskInstance: dag1.save_to_csv scheduled__2022-10-29T20:20:00+00:00 [queued]>
[2022-12-04 09:26:48,691] {taskinstance.py:1238} INFO - 
--------------------------------------------------------------------------------
[2022-12-04 09:26:48,701] {taskinstance.py:1239} INFO - Starting attempt 1 of 2
[2022-12-04 09:26:48,703] {taskinstance.py:1240} INFO - 
--------------------------------------------------------------------------------
[2022-12-04 09:26:48,774] {taskinstance.py:1259} INFO - Executing <Task(PythonOperator): save_to_csv> on 2022-10-29 20:20:00+00:00
[2022-12-04 09:26:48,783] {standard_task_runner.py:52} INFO - Started process 446 to run task
[2022-12-04 09:26:48,937] {standard_task_runner.py:76} INFO - Running: ['***', 'tasks', 'run', 'dag1', 'save_to_csv', 'scheduled__2022-10-29T20:20:00+00:00', '--job-id', '2263', '--raw', '--subdir', 'DAGS_FOLDER/AirflowClean2.py', '--cfg-path', '/tmp/tmpx43fwx2j', '--error-file', '/tmp/tmpkt3n4dpc']
[2022-12-04 09:26:48,973] {standard_task_runner.py:77} INFO - Job 2263: Subtask save_to_csv
[2022-12-04 09:26:49,937] {logging_mixin.py:109} INFO - Running <TaskInstance: dag1.save_to_csv scheduled__2022-10-29T20:20:00+00:00 [running]> on host 9e44869ff3ef
[2022-12-04 09:26:50,877] {taskinstance.py:1426} INFO - Exporting the following env vars:
AIRFLOW_CTX_DAG_OWNER=Fadlil
AIRFLOW_CTX_DAG_ID=dag1
AIRFLOW_CTX_TASK_ID=save_to_csv
AIRFLOW_CTX_EXECUTION_DATE=2022-10-29T20:20:00+00:00
AIRFLOW_CTX_DAG_RUN_ID=scheduled__2022-10-29T20:20:00+00:00
[2022-12-04 09:26:50,966] {python.py:175} INFO - Done. Returned value was: None
[2022-12-04 09:26:51,152] {taskinstance.py:1277} INFO - Marking task as SUCCESS. dag_id=dag1, task_id=save_to_csv, execution_date=20221029T202000, start_date=20221204T092648, end_date=20221204T092651
[2022-12-04 09:26:51,361] {local_task_job.py:154} INFO - Task exited with return code 0
[2022-12-04 09:26:51,537] {local_task_job.py:264} INFO - 1 downstream tasks scheduled from follow-on schedule check
