[2022-12-04 14:07:30,355] {taskinstance.py:1032} INFO - Dependencies all met for <TaskInstance: dag1.get_data scheduled__2022-11-08T00:20:00+00:00 [queued]>
[2022-12-04 14:07:30,374] {taskinstance.py:1032} INFO - Dependencies all met for <TaskInstance: dag1.get_data scheduled__2022-11-08T00:20:00+00:00 [queued]>
[2022-12-04 14:07:30,375] {taskinstance.py:1238} INFO - 
--------------------------------------------------------------------------------
[2022-12-04 14:07:30,376] {taskinstance.py:1239} INFO - Starting attempt 1 of 2
[2022-12-04 14:07:30,376] {taskinstance.py:1240} INFO - 
--------------------------------------------------------------------------------
[2022-12-04 14:07:30,400] {taskinstance.py:1259} INFO - Executing <Task(PythonOperator): get_data> on 2022-11-08 00:20:00+00:00
[2022-12-04 14:07:30,410] {standard_task_runner.py:52} INFO - Started process 8164 to run task
[2022-12-04 14:07:30,416] {standard_task_runner.py:76} INFO - Running: ['***', 'tasks', 'run', 'dag1', 'get_data', 'scheduled__2022-11-08T00:20:00+00:00', '--job-id', '8430', '--raw', '--subdir', 'DAGS_FOLDER/AirflowClean2.py', '--cfg-path', '/tmp/tmpzgudsl1p', '--error-file', '/tmp/tmpsdabtcpo']
[2022-12-04 14:07:30,419] {standard_task_runner.py:77} INFO - Job 8430: Subtask get_data
[2022-12-04 14:07:30,536] {logging_mixin.py:109} INFO - Running <TaskInstance: dag1.get_data scheduled__2022-11-08T00:20:00+00:00 [running]> on host 7a020590adae
[2022-12-04 14:07:30,789] {taskinstance.py:1426} INFO - Exporting the following env vars:
AIRFLOW_CTX_DAG_OWNER=Fadlil
AIRFLOW_CTX_DAG_ID=dag1
AIRFLOW_CTX_TASK_ID=get_data
AIRFLOW_CTX_EXECUTION_DATE=2022-11-08T00:20:00+00:00
AIRFLOW_CTX_DAG_RUN_ID=scheduled__2022-11-08T00:20:00+00:00
[2022-12-04 14:07:31,496] {python.py:175} INFO - Done. Returned value was: None
[2022-12-04 14:07:31,684] {taskinstance.py:1277} INFO - Marking task as SUCCESS. dag_id=dag1, task_id=get_data, execution_date=20221108T002000, start_date=20221204T140730, end_date=20221204T140731
[2022-12-04 14:07:31,728] {local_task_job.py:154} INFO - Task exited with return code 0
[2022-12-04 14:07:31,797] {local_task_job.py:264} INFO - 1 downstream tasks scheduled from follow-on schedule check
