[2022-12-04 03:11:14,708] {taskinstance.py:1032} INFO - Dependencies all met for <TaskInstance: dag1.get_data scheduled__2022-10-27T11:50:00+00:00 [queued]>
[2022-12-04 03:11:14,943] {taskinstance.py:1032} INFO - Dependencies all met for <TaskInstance: dag1.get_data scheduled__2022-10-27T11:50:00+00:00 [queued]>
[2022-12-04 03:11:14,945] {taskinstance.py:1238} INFO - 
--------------------------------------------------------------------------------
[2022-12-04 03:11:14,945] {taskinstance.py:1239} INFO - Starting attempt 1 of 2
[2022-12-04 03:11:14,952] {taskinstance.py:1240} INFO - 
--------------------------------------------------------------------------------
[2022-12-04 03:11:15,134] {taskinstance.py:1259} INFO - Executing <Task(PythonOperator): get_data> on 2022-10-27 11:50:00+00:00
[2022-12-04 03:11:15,177] {standard_task_runner.py:52} INFO - Started process 1797 to run task
[2022-12-04 03:11:15,189] {standard_task_runner.py:76} INFO - Running: ['***', 'tasks', 'run', 'dag1', 'get_data', 'scheduled__2022-10-27T11:50:00+00:00', '--job-id', '878', '--raw', '--subdir', 'DAGS_FOLDER/AirflowClean2.py', '--cfg-path', '/tmp/tmpo1f5_781', '--error-file', '/tmp/tmpckwg3pwn']
[2022-12-04 03:11:15,275] {standard_task_runner.py:77} INFO - Job 878: Subtask get_data
[2022-12-04 03:11:15,736] {logging_mixin.py:109} INFO - Running <TaskInstance: dag1.get_data scheduled__2022-10-27T11:50:00+00:00 [running]> on host 422c372562ce
[2022-12-04 03:11:16,302] {taskinstance.py:1426} INFO - Exporting the following env vars:
AIRFLOW_CTX_DAG_OWNER=Fadlil
AIRFLOW_CTX_DAG_ID=dag1
AIRFLOW_CTX_TASK_ID=get_data
AIRFLOW_CTX_EXECUTION_DATE=2022-10-27T11:50:00+00:00
AIRFLOW_CTX_DAG_RUN_ID=scheduled__2022-10-27T11:50:00+00:00
[2022-12-04 03:11:17,293] {python.py:175} INFO - Done. Returned value was: None
[2022-12-04 03:11:17,799] {taskinstance.py:1277} INFO - Marking task as SUCCESS. dag_id=dag1, task_id=get_data, execution_date=20221027T115000, start_date=20221204T031114, end_date=20221204T031117
[2022-12-04 03:11:18,002] {local_task_job.py:154} INFO - Task exited with return code 0
[2022-12-04 03:11:18,392] {local_task_job.py:264} INFO - 1 downstream tasks scheduled from follow-on schedule check
