[2022-12-04 13:38:23,235] {taskinstance.py:1032} INFO - Dependencies all met for <TaskInstance: dag1.save_to_parquet scheduled__2022-11-07T09:10:00+00:00 [queued]>
[2022-12-04 13:38:23,249] {taskinstance.py:1032} INFO - Dependencies all met for <TaskInstance: dag1.save_to_parquet scheduled__2022-11-07T09:10:00+00:00 [queued]>
[2022-12-04 13:38:23,249] {taskinstance.py:1238} INFO - 
--------------------------------------------------------------------------------
[2022-12-04 13:38:23,250] {taskinstance.py:1239} INFO - Starting attempt 1 of 2
[2022-12-04 13:38:23,250] {taskinstance.py:1240} INFO - 
--------------------------------------------------------------------------------
[2022-12-04 13:38:23,270] {taskinstance.py:1259} INFO - Executing <Task(PythonOperator): save_to_parquet> on 2022-11-07 09:10:00+00:00
[2022-12-04 13:38:23,277] {standard_task_runner.py:52} INFO - Started process 5412 to run task
[2022-12-04 13:38:23,282] {standard_task_runner.py:76} INFO - Running: ['***', 'tasks', 'run', 'dag1', 'save_to_parquet', 'scheduled__2022-11-07T09:10:00+00:00', '--job-id', '7848', '--raw', '--subdir', 'DAGS_FOLDER/AirflowClean2.py', '--cfg-path', '/tmp/tmp_ge7iapj', '--error-file', '/tmp/tmptkm8kswy']
[2022-12-04 13:38:23,283] {standard_task_runner.py:77} INFO - Job 7848: Subtask save_to_parquet
[2022-12-04 13:38:23,425] {logging_mixin.py:109} INFO - Running <TaskInstance: dag1.save_to_parquet scheduled__2022-11-07T09:10:00+00:00 [running]> on host 7a020590adae
[2022-12-04 13:38:23,597] {taskinstance.py:1426} INFO - Exporting the following env vars:
AIRFLOW_CTX_DAG_OWNER=Fadlil
AIRFLOW_CTX_DAG_ID=dag1
AIRFLOW_CTX_TASK_ID=save_to_parquet
AIRFLOW_CTX_EXECUTION_DATE=2022-11-07T09:10:00+00:00
AIRFLOW_CTX_DAG_RUN_ID=scheduled__2022-11-07T09:10:00+00:00
[2022-12-04 13:38:23,657] {python.py:175} INFO - Done. Returned value was: None
[2022-12-04 13:38:23,672] {taskinstance.py:1277} INFO - Marking task as SUCCESS. dag_id=dag1, task_id=save_to_parquet, execution_date=20221107T091000, start_date=20221204T133823, end_date=20221204T133823
[2022-12-04 13:38:23,736] {local_task_job.py:154} INFO - Task exited with return code 0
[2022-12-04 13:38:24,234] {local_task_job.py:264} INFO - 0 downstream tasks scheduled from follow-on schedule check
