[2022-12-04 11:40:33,505] {taskinstance.py:1032} INFO - Dependencies all met for <TaskInstance: dag1.bigquery_external_table_task scheduled__2022-11-04T11:40:00+00:00 [queued]>
[2022-12-04 11:40:33,579] {taskinstance.py:1032} INFO - Dependencies all met for <TaskInstance: dag1.bigquery_external_table_task scheduled__2022-11-04T11:40:00+00:00 [queued]>
[2022-12-04 11:40:33,583] {taskinstance.py:1238} INFO - 
--------------------------------------------------------------------------------
[2022-12-04 11:40:33,583] {taskinstance.py:1239} INFO - Starting attempt 2 of 2
[2022-12-04 11:40:33,587] {taskinstance.py:1240} INFO - 
--------------------------------------------------------------------------------
[2022-12-04 11:40:33,667] {taskinstance.py:1259} INFO - Executing <Task(BigQueryCreateExternalTableOperator): bigquery_external_table_task> on 2022-11-04 11:40:00+00:00
[2022-12-04 11:40:33,720] {standard_task_runner.py:52} INFO - Started process 13854 to run task
[2022-12-04 11:40:33,747] {standard_task_runner.py:76} INFO - Running: ['***', 'tasks', 'run', 'dag1', 'bigquery_external_table_task', 'scheduled__2022-11-04T11:40:00+00:00', '--job-id', '5502', '--raw', '--subdir', 'DAGS_FOLDER/AirflowClean2.py', '--cfg-path', '/tmp/tmpw8erq5rc', '--error-file', '/tmp/tmpwvtktodp']
[2022-12-04 11:40:33,749] {standard_task_runner.py:77} INFO - Job 5502: Subtask bigquery_external_table_task
[2022-12-04 11:40:33,939] {logging_mixin.py:109} INFO - Running <TaskInstance: dag1.bigquery_external_table_task scheduled__2022-11-04T11:40:00+00:00 [running]> on host 9e44869ff3ef
[2022-12-04 11:40:34,138] {taskinstance.py:1426} INFO - Exporting the following env vars:
AIRFLOW_CTX_DAG_OWNER=Fadlil
AIRFLOW_CTX_DAG_ID=dag1
AIRFLOW_CTX_TASK_ID=bigquery_external_table_task
AIRFLOW_CTX_EXECUTION_DATE=2022-11-04T11:40:00+00:00
AIRFLOW_CTX_DAG_RUN_ID=scheduled__2022-11-04T11:40:00+00:00
[2022-12-04 11:40:34,140] {crypto.py:82} WARNING - empty cryptography key - values will not be stored encrypted.
[2022-12-04 11:40:35,433] {taskinstance.py:1277} INFO - Marking task as SUCCESS. dag_id=dag1, task_id=bigquery_external_table_task, execution_date=20221104T114000, start_date=20221204T114033, end_date=20221204T114035
[2022-12-04 11:40:35,614] {local_task_job.py:154} INFO - Task exited with return code 0
[2022-12-04 11:40:35,745] {local_task_job.py:264} INFO - 0 downstream tasks scheduled from follow-on schedule check
