[2022-12-04 09:28:53,555] {taskinstance.py:1032} INFO - Dependencies all met for <TaskInstance: dag1.save_to_csv scheduled__2022-10-30T04:40:00+00:00 [queued]>
[2022-12-04 09:28:53,596] {taskinstance.py:1032} INFO - Dependencies all met for <TaskInstance: dag1.save_to_csv scheduled__2022-10-30T04:40:00+00:00 [queued]>
[2022-12-04 09:28:53,613] {taskinstance.py:1238} INFO - 
--------------------------------------------------------------------------------
[2022-12-04 09:28:53,626] {taskinstance.py:1239} INFO - Starting attempt 1 of 2
[2022-12-04 09:28:53,626] {taskinstance.py:1240} INFO - 
--------------------------------------------------------------------------------
[2022-12-04 09:28:53,785] {taskinstance.py:1259} INFO - Executing <Task(PythonOperator): save_to_csv> on 2022-10-30 04:40:00+00:00
[2022-12-04 09:28:53,810] {standard_task_runner.py:52} INFO - Started process 953 to run task
[2022-12-04 09:28:53,937] {standard_task_runner.py:76} INFO - Running: ['***', 'tasks', 'run', 'dag1', 'save_to_csv', 'scheduled__2022-10-30T04:40:00+00:00', '--job-id', '2415', '--raw', '--subdir', 'DAGS_FOLDER/AirflowClean2.py', '--cfg-path', '/tmp/tmp784l5pmv', '--error-file', '/tmp/tmppleqsd6o']
[2022-12-04 09:28:53,958] {standard_task_runner.py:77} INFO - Job 2415: Subtask save_to_csv
[2022-12-04 09:28:54,485] {logging_mixin.py:109} INFO - Running <TaskInstance: dag1.save_to_csv scheduled__2022-10-30T04:40:00+00:00 [running]> on host 9e44869ff3ef
[2022-12-04 09:28:54,797] {taskinstance.py:1426} INFO - Exporting the following env vars:
AIRFLOW_CTX_DAG_OWNER=Fadlil
AIRFLOW_CTX_DAG_ID=dag1
AIRFLOW_CTX_TASK_ID=save_to_csv
AIRFLOW_CTX_EXECUTION_DATE=2022-10-30T04:40:00+00:00
AIRFLOW_CTX_DAG_RUN_ID=scheduled__2022-10-30T04:40:00+00:00
[2022-12-04 09:28:54,884] {python.py:175} INFO - Done. Returned value was: None
[2022-12-04 09:28:54,952] {taskinstance.py:1277} INFO - Marking task as SUCCESS. dag_id=dag1, task_id=save_to_csv, execution_date=20221030T044000, start_date=20221204T092853, end_date=20221204T092854
[2022-12-04 09:28:55,033] {local_task_job.py:154} INFO - Task exited with return code 0
[2022-12-04 09:28:55,199] {local_task_job.py:264} INFO - 1 downstream tasks scheduled from follow-on schedule check
