[2022-12-04 12:02:04,800] {taskinstance.py:1032} INFO - Dependencies all met for <TaskInstance: dag1.save_to_csv scheduled__2022-11-05T13:10:00+00:00 [queued]>
[2022-12-04 12:02:04,823] {taskinstance.py:1032} INFO - Dependencies all met for <TaskInstance: dag1.save_to_csv scheduled__2022-11-05T13:10:00+00:00 [queued]>
[2022-12-04 12:02:04,824] {taskinstance.py:1238} INFO - 
--------------------------------------------------------------------------------
[2022-12-04 12:02:04,824] {taskinstance.py:1239} INFO - Starting attempt 1 of 2
[2022-12-04 12:02:04,825] {taskinstance.py:1240} INFO - 
--------------------------------------------------------------------------------
[2022-12-04 12:02:04,842] {taskinstance.py:1259} INFO - Executing <Task(PythonOperator): save_to_csv> on 2022-11-05 13:10:00+00:00
[2022-12-04 12:02:04,850] {standard_task_runner.py:52} INFO - Started process 16567 to run task
[2022-12-04 12:02:04,855] {standard_task_runner.py:76} INFO - Running: ['***', 'tasks', 'run', 'dag1', 'save_to_csv', 'scheduled__2022-11-05T13:10:00+00:00', '--job-id', '6172', '--raw', '--subdir', 'DAGS_FOLDER/AirflowClean2.py', '--cfg-path', '/tmp/tmp5q8um_0r', '--error-file', '/tmp/tmpr5q1_frd']
[2022-12-04 12:02:04,857] {standard_task_runner.py:77} INFO - Job 6172: Subtask save_to_csv
[2022-12-04 12:02:04,940] {logging_mixin.py:109} INFO - Running <TaskInstance: dag1.save_to_csv scheduled__2022-11-05T13:10:00+00:00 [running]> on host 9e44869ff3ef
[2022-12-04 12:02:05,036] {taskinstance.py:1426} INFO - Exporting the following env vars:
AIRFLOW_CTX_DAG_OWNER=Fadlil
AIRFLOW_CTX_DAG_ID=dag1
AIRFLOW_CTX_TASK_ID=save_to_csv
AIRFLOW_CTX_EXECUTION_DATE=2022-11-05T13:10:00+00:00
AIRFLOW_CTX_DAG_RUN_ID=scheduled__2022-11-05T13:10:00+00:00
[2022-12-04 12:02:05,090] {python.py:175} INFO - Done. Returned value was: None
[2022-12-04 12:02:05,812] {taskinstance.py:1277} INFO - Marking task as SUCCESS. dag_id=dag1, task_id=save_to_csv, execution_date=20221105T131000, start_date=20221204T120204, end_date=20221204T120205
[2022-12-04 12:02:05,881] {local_task_job.py:154} INFO - Task exited with return code 0
[2022-12-04 12:02:06,079] {local_task_job.py:264} INFO - 1 downstream tasks scheduled from follow-on schedule check
