[2022-12-04 17:09:53,493] {taskinstance.py:1032} INFO - Dependencies all met for <TaskInstance: dag1.get_data scheduled__2022-11-09T23:40:00+00:00 [queued]>
[2022-12-04 17:09:53,535] {taskinstance.py:1032} INFO - Dependencies all met for <TaskInstance: dag1.get_data scheduled__2022-11-09T23:40:00+00:00 [queued]>
[2022-12-04 17:09:53,562] {taskinstance.py:1238} INFO - 
--------------------------------------------------------------------------------
[2022-12-04 17:09:53,572] {taskinstance.py:1239} INFO - Starting attempt 1 of 2
[2022-12-04 17:09:53,575] {taskinstance.py:1240} INFO - 
--------------------------------------------------------------------------------
[2022-12-04 17:09:53,715] {taskinstance.py:1259} INFO - Executing <Task(PythonOperator): get_data> on 2022-11-09 23:40:00+00:00
[2022-12-04 17:09:53,753] {standard_task_runner.py:52} INFO - Started process 16836 to run task
[2022-12-04 17:09:53,801] {standard_task_runner.py:76} INFO - Running: ['***', 'tasks', 'run', 'dag1', 'get_data', 'scheduled__2022-11-09T23:40:00+00:00', '--job-id', '10225', '--raw', '--subdir', 'DAGS_FOLDER/AirflowClean2.py', '--cfg-path', '/tmp/tmpj4r976o3', '--error-file', '/tmp/tmpholvbmrc']
[2022-12-04 17:09:53,821] {standard_task_runner.py:77} INFO - Job 10225: Subtask get_data
[2022-12-04 17:09:54,319] {logging_mixin.py:109} INFO - Running <TaskInstance: dag1.get_data scheduled__2022-11-09T23:40:00+00:00 [running]> on host 7a020590adae
[2022-12-04 17:09:54,439] {taskinstance.py:1426} INFO - Exporting the following env vars:
AIRFLOW_CTX_DAG_OWNER=Fadlil
AIRFLOW_CTX_DAG_ID=dag1
AIRFLOW_CTX_TASK_ID=get_data
AIRFLOW_CTX_EXECUTION_DATE=2022-11-09T23:40:00+00:00
AIRFLOW_CTX_DAG_RUN_ID=scheduled__2022-11-09T23:40:00+00:00
[2022-12-04 17:09:55,092] {python.py:175} INFO - Done. Returned value was: None
[2022-12-04 17:09:55,201] {taskinstance.py:1277} INFO - Marking task as SUCCESS. dag_id=dag1, task_id=get_data, execution_date=20221109T234000, start_date=20221204T170953, end_date=20221204T170955
[2022-12-04 17:09:55,242] {local_task_job.py:154} INFO - Task exited with return code 0
[2022-12-04 17:09:55,312] {local_task_job.py:264} INFO - 1 downstream tasks scheduled from follow-on schedule check
