[2022-12-04 17:12:14,996] {taskinstance.py:1032} INFO - Dependencies all met for <TaskInstance: dag1.local_to_gcs_task scheduled__2022-11-10T00:20:00+00:00 [queued]>
[2022-12-04 17:12:15,011] {taskinstance.py:1032} INFO - Dependencies all met for <TaskInstance: dag1.local_to_gcs_task scheduled__2022-11-10T00:20:00+00:00 [queued]>
[2022-12-04 17:12:15,011] {taskinstance.py:1238} INFO - 
--------------------------------------------------------------------------------
[2022-12-04 17:12:15,011] {taskinstance.py:1239} INFO - Starting attempt 1 of 2
[2022-12-04 17:12:15,012] {taskinstance.py:1240} INFO - 
--------------------------------------------------------------------------------
[2022-12-04 17:12:15,034] {taskinstance.py:1259} INFO - Executing <Task(PythonOperator): local_to_gcs_task> on 2022-11-10 00:20:00+00:00
[2022-12-04 17:12:15,059] {standard_task_runner.py:52} INFO - Started process 17031 to run task
[2022-12-04 17:12:15,071] {standard_task_runner.py:76} INFO - Running: ['***', 'tasks', 'run', 'dag1', 'local_to_gcs_task', 'scheduled__2022-11-10T00:20:00+00:00', '--job-id', '10266', '--raw', '--subdir', 'DAGS_FOLDER/AirflowClean2.py', '--cfg-path', '/tmp/tmpn9hlykw8', '--error-file', '/tmp/tmpyxi085qg']
[2022-12-04 17:12:15,076] {standard_task_runner.py:77} INFO - Job 10266: Subtask local_to_gcs_task
[2022-12-04 17:12:15,203] {logging_mixin.py:109} INFO - Running <TaskInstance: dag1.local_to_gcs_task scheduled__2022-11-10T00:20:00+00:00 [running]> on host 7a020590adae
[2022-12-04 17:12:15,300] {taskinstance.py:1426} INFO - Exporting the following env vars:
AIRFLOW_CTX_DAG_OWNER=Fadlil
AIRFLOW_CTX_DAG_ID=dag1
AIRFLOW_CTX_TASK_ID=local_to_gcs_task
AIRFLOW_CTX_EXECUTION_DATE=2022-11-10T00:20:00+00:00
AIRFLOW_CTX_DAG_RUN_ID=scheduled__2022-11-10T00:20:00+00:00
[2022-12-04 17:12:15,993] {python.py:175} INFO - Done. Returned value was: None
[2022-12-04 17:12:16,014] {taskinstance.py:1277} INFO - Marking task as SUCCESS. dag_id=dag1, task_id=local_to_gcs_task, execution_date=20221110T002000, start_date=20221204T171214, end_date=20221204T171216
[2022-12-04 17:12:16,055] {local_task_job.py:154} INFO - Task exited with return code 0
[2022-12-04 17:12:16,118] {local_task_job.py:264} INFO - 1 downstream tasks scheduled from follow-on schedule check
