[2022-12-03 14:08:58,549] {taskinstance.py:1032} INFO - Dependencies all met for <TaskInstance: dag1.save_to_csv scheduled__2022-10-26T05:00:00+00:00 [queued]>
[2022-12-03 14:08:58,694] {taskinstance.py:1032} INFO - Dependencies all met for <TaskInstance: dag1.save_to_csv scheduled__2022-10-26T05:00:00+00:00 [queued]>
[2022-12-03 14:08:58,695] {taskinstance.py:1238} INFO - 
--------------------------------------------------------------------------------
[2022-12-03 14:08:58,696] {taskinstance.py:1239} INFO - Starting attempt 1 of 2
[2022-12-03 14:08:58,698] {taskinstance.py:1240} INFO - 
--------------------------------------------------------------------------------
[2022-12-03 14:08:58,750] {taskinstance.py:1259} INFO - Executing <Task(PythonOperator): save_to_csv> on 2022-10-26 05:00:00+00:00
[2022-12-03 14:08:58,756] {standard_task_runner.py:52} INFO - Started process 199 to run task
[2022-12-03 14:08:58,791] {standard_task_runner.py:76} INFO - Running: ['***', 'tasks', 'run', 'dag1', 'save_to_csv', 'scheduled__2022-10-26T05:00:00+00:00', '--job-id', '124', '--raw', '--subdir', 'DAGS_FOLDER/AirflowClean2.py', '--cfg-path', '/tmp/tmptolyk03p', '--error-file', '/tmp/tmp6_1x3yf4']
[2022-12-03 14:08:58,794] {standard_task_runner.py:77} INFO - Job 124: Subtask save_to_csv
[2022-12-03 14:08:59,088] {logging_mixin.py:109} INFO - Running <TaskInstance: dag1.save_to_csv scheduled__2022-10-26T05:00:00+00:00 [running]> on host 422c372562ce
[2022-12-03 14:08:59,396] {taskinstance.py:1426} INFO - Exporting the following env vars:
AIRFLOW_CTX_DAG_OWNER=Fadlil
AIRFLOW_CTX_DAG_ID=dag1
AIRFLOW_CTX_TASK_ID=save_to_csv
AIRFLOW_CTX_EXECUTION_DATE=2022-10-26T05:00:00+00:00
AIRFLOW_CTX_DAG_RUN_ID=scheduled__2022-10-26T05:00:00+00:00
[2022-12-03 14:08:59,626] {python.py:175} INFO - Done. Returned value was: None
[2022-12-03 14:08:59,672] {taskinstance.py:1277} INFO - Marking task as SUCCESS. dag_id=dag1, task_id=save_to_csv, execution_date=20221026T050000, start_date=20221203T140858, end_date=20221203T140859
[2022-12-03 14:08:59,833] {local_task_job.py:154} INFO - Task exited with return code 0
[2022-12-03 14:08:59,995] {local_task_job.py:264} INFO - 1 downstream tasks scheduled from follow-on schedule check
