[2022-12-04 10:32:37,749] {taskinstance.py:1032} INFO - Dependencies all met for <TaskInstance: dag1.get_data scheduled__2022-10-31T18:20:00+00:00 [queued]>
[2022-12-04 10:32:37,896] {taskinstance.py:1032} INFO - Dependencies all met for <TaskInstance: dag1.get_data scheduled__2022-10-31T18:20:00+00:00 [queued]>
[2022-12-04 10:32:37,905] {taskinstance.py:1238} INFO - 
--------------------------------------------------------------------------------
[2022-12-04 10:32:37,905] {taskinstance.py:1239} INFO - Starting attempt 1 of 2
[2022-12-04 10:32:37,909] {taskinstance.py:1240} INFO - 
--------------------------------------------------------------------------------
[2022-12-04 10:32:38,039] {taskinstance.py:1259} INFO - Executing <Task(PythonOperator): get_data> on 2022-10-31 18:20:00+00:00
[2022-12-04 10:32:38,045] {standard_task_runner.py:52} INFO - Started process 5649 to run task
[2022-12-04 10:32:38,120] {standard_task_runner.py:76} INFO - Running: ['***', 'tasks', 'run', 'dag1', 'get_data', 'scheduled__2022-10-31T18:20:00+00:00', '--job-id', '3230', '--raw', '--subdir', 'DAGS_FOLDER/AirflowClean2.py', '--cfg-path', '/tmp/tmp1xiwav2b', '--error-file', '/tmp/tmp9k3m2aku']
[2022-12-04 10:32:38,135] {standard_task_runner.py:77} INFO - Job 3230: Subtask get_data
[2022-12-04 10:32:38,671] {logging_mixin.py:109} INFO - Running <TaskInstance: dag1.get_data scheduled__2022-10-31T18:20:00+00:00 [running]> on host 9e44869ff3ef
[2022-12-04 10:32:38,948] {taskinstance.py:1426} INFO - Exporting the following env vars:
AIRFLOW_CTX_DAG_OWNER=Fadlil
AIRFLOW_CTX_DAG_ID=dag1
AIRFLOW_CTX_TASK_ID=get_data
AIRFLOW_CTX_EXECUTION_DATE=2022-10-31T18:20:00+00:00
AIRFLOW_CTX_DAG_RUN_ID=scheduled__2022-10-31T18:20:00+00:00
[2022-12-04 10:32:39,891] {python.py:175} INFO - Done. Returned value was: None
[2022-12-04 10:32:40,018] {taskinstance.py:1277} INFO - Marking task as SUCCESS. dag_id=dag1, task_id=get_data, execution_date=20221031T182000, start_date=20221204T103237, end_date=20221204T103240
[2022-12-04 10:32:40,226] {local_task_job.py:154} INFO - Task exited with return code 0
[2022-12-04 10:32:41,105] {local_task_job.py:264} INFO - 1 downstream tasks scheduled from follow-on schedule check
