[2022-12-04 10:55:07,050] {taskinstance.py:1032} INFO - Dependencies all met for <TaskInstance: dag1.local_to_gcs_task scheduled__2022-11-03T00:30:00+00:00 [queued]>
[2022-12-04 10:55:07,227] {taskinstance.py:1032} INFO - Dependencies all met for <TaskInstance: dag1.local_to_gcs_task scheduled__2022-11-03T00:30:00+00:00 [queued]>
[2022-12-04 10:55:07,229] {taskinstance.py:1238} INFO - 
--------------------------------------------------------------------------------
[2022-12-04 10:55:07,233] {taskinstance.py:1239} INFO - Starting attempt 1 of 2
[2022-12-04 10:55:07,239] {taskinstance.py:1240} INFO - 
--------------------------------------------------------------------------------
[2022-12-04 10:55:07,306] {taskinstance.py:1259} INFO - Executing <Task(PythonOperator): local_to_gcs_task> on 2022-11-03 00:30:00+00:00
[2022-12-04 10:55:07,316] {standard_task_runner.py:52} INFO - Started process 10293 to run task
[2022-12-04 10:55:07,346] {standard_task_runner.py:76} INFO - Running: ['***', 'tasks', 'run', 'dag1', 'local_to_gcs_task', 'scheduled__2022-11-03T00:30:00+00:00', '--job-id', '4560', '--raw', '--subdir', 'DAGS_FOLDER/AirflowClean2.py', '--cfg-path', '/tmp/tmpenrr9ium', '--error-file', '/tmp/tmp4zt_y2wh']
[2022-12-04 10:55:07,361] {standard_task_runner.py:77} INFO - Job 4560: Subtask local_to_gcs_task
[2022-12-04 10:55:08,737] {logging_mixin.py:109} INFO - Running <TaskInstance: dag1.local_to_gcs_task scheduled__2022-11-03T00:30:00+00:00 [running]> on host 9e44869ff3ef
[2022-12-04 10:55:09,093] {taskinstance.py:1426} INFO - Exporting the following env vars:
AIRFLOW_CTX_DAG_OWNER=Fadlil
AIRFLOW_CTX_DAG_ID=dag1
AIRFLOW_CTX_TASK_ID=local_to_gcs_task
AIRFLOW_CTX_EXECUTION_DATE=2022-11-03T00:30:00+00:00
AIRFLOW_CTX_DAG_RUN_ID=scheduled__2022-11-03T00:30:00+00:00
[2022-12-04 10:55:09,860] {python.py:175} INFO - Done. Returned value was: None
[2022-12-04 10:55:09,985] {taskinstance.py:1277} INFO - Marking task as SUCCESS. dag_id=dag1, task_id=local_to_gcs_task, execution_date=20221103T003000, start_date=20221204T105507, end_date=20221204T105509
[2022-12-04 10:55:10,115] {local_task_job.py:154} INFO - Task exited with return code 0
[2022-12-04 10:55:10,446] {local_task_job.py:264} INFO - 0 downstream tasks scheduled from follow-on schedule check
