[2022-12-04 13:45:38,968] {taskinstance.py:1032} INFO - Dependencies all met for <TaskInstance: dag1.get_data scheduled__2022-11-07T13:20:00+00:00 [queued]>
[2022-12-04 13:45:38,988] {taskinstance.py:1032} INFO - Dependencies all met for <TaskInstance: dag1.get_data scheduled__2022-11-07T13:20:00+00:00 [queued]>
[2022-12-04 13:45:38,989] {taskinstance.py:1238} INFO - 
--------------------------------------------------------------------------------
[2022-12-04 13:45:38,990] {taskinstance.py:1239} INFO - Starting attempt 1 of 2
[2022-12-04 13:45:38,990] {taskinstance.py:1240} INFO - 
--------------------------------------------------------------------------------
[2022-12-04 13:45:39,096] {taskinstance.py:1259} INFO - Executing <Task(PythonOperator): get_data> on 2022-11-07 13:20:00+00:00
[2022-12-04 13:45:39,104] {standard_task_runner.py:52} INFO - Started process 6108 to run task
[2022-12-04 13:45:39,109] {standard_task_runner.py:76} INFO - Running: ['***', 'tasks', 'run', 'dag1', 'get_data', 'scheduled__2022-11-07T13:20:00+00:00', '--job-id', '7997', '--raw', '--subdir', 'DAGS_FOLDER/AirflowClean2.py', '--cfg-path', '/tmp/tmp7vjqice4', '--error-file', '/tmp/tmpkfy6cgae']
[2022-12-04 13:45:39,125] {standard_task_runner.py:77} INFO - Job 7997: Subtask get_data
[2022-12-04 13:45:39,304] {logging_mixin.py:109} INFO - Running <TaskInstance: dag1.get_data scheduled__2022-11-07T13:20:00+00:00 [running]> on host 7a020590adae
[2022-12-04 13:45:39,430] {taskinstance.py:1426} INFO - Exporting the following env vars:
AIRFLOW_CTX_DAG_OWNER=Fadlil
AIRFLOW_CTX_DAG_ID=dag1
AIRFLOW_CTX_TASK_ID=get_data
AIRFLOW_CTX_EXECUTION_DATE=2022-11-07T13:20:00+00:00
AIRFLOW_CTX_DAG_RUN_ID=scheduled__2022-11-07T13:20:00+00:00
[2022-12-04 13:45:40,279] {python.py:175} INFO - Done. Returned value was: None
[2022-12-04 13:45:40,312] {taskinstance.py:1277} INFO - Marking task as SUCCESS. dag_id=dag1, task_id=get_data, execution_date=20221107T132000, start_date=20221204T134538, end_date=20221204T134540
[2022-12-04 13:45:40,422] {local_task_job.py:154} INFO - Task exited with return code 0
[2022-12-04 13:45:40,608] {local_task_job.py:264} INFO - 1 downstream tasks scheduled from follow-on schedule check
