[2022-12-04 13:28:54,978] {taskinstance.py:1032} INFO - Dependencies all met for <TaskInstance: dag1.save_to_csv scheduled__2022-11-07T04:20:00+00:00 [queued]>
[2022-12-04 13:28:55,051] {taskinstance.py:1032} INFO - Dependencies all met for <TaskInstance: dag1.save_to_csv scheduled__2022-11-07T04:20:00+00:00 [queued]>
[2022-12-04 13:28:55,052] {taskinstance.py:1238} INFO - 
--------------------------------------------------------------------------------
[2022-12-04 13:28:55,056] {taskinstance.py:1239} INFO - Starting attempt 1 of 2
[2022-12-04 13:28:55,057] {taskinstance.py:1240} INFO - 
--------------------------------------------------------------------------------
[2022-12-04 13:28:55,088] {taskinstance.py:1259} INFO - Executing <Task(PythonOperator): save_to_csv> on 2022-11-07 04:20:00+00:00
[2022-12-04 13:28:55,097] {standard_task_runner.py:52} INFO - Started process 4552 to run task
[2022-12-04 13:28:55,108] {standard_task_runner.py:76} INFO - Running: ['***', 'tasks', 'run', 'dag1', 'save_to_csv', 'scheduled__2022-11-07T04:20:00+00:00', '--job-id', '7664', '--raw', '--subdir', 'DAGS_FOLDER/AirflowClean2.py', '--cfg-path', '/tmp/tmp7ffh9mbd', '--error-file', '/tmp/tmpflatmbji']
[2022-12-04 13:28:55,109] {standard_task_runner.py:77} INFO - Job 7664: Subtask save_to_csv
[2022-12-04 13:28:55,214] {logging_mixin.py:109} INFO - Running <TaskInstance: dag1.save_to_csv scheduled__2022-11-07T04:20:00+00:00 [running]> on host 7a020590adae
[2022-12-04 13:28:55,350] {taskinstance.py:1426} INFO - Exporting the following env vars:
AIRFLOW_CTX_DAG_OWNER=Fadlil
AIRFLOW_CTX_DAG_ID=dag1
AIRFLOW_CTX_TASK_ID=save_to_csv
AIRFLOW_CTX_EXECUTION_DATE=2022-11-07T04:20:00+00:00
AIRFLOW_CTX_DAG_RUN_ID=scheduled__2022-11-07T04:20:00+00:00
[2022-12-04 13:28:55,423] {python.py:175} INFO - Done. Returned value was: None
[2022-12-04 13:28:55,451] {taskinstance.py:1277} INFO - Marking task as SUCCESS. dag_id=dag1, task_id=save_to_csv, execution_date=20221107T042000, start_date=20221204T132854, end_date=20221204T132855
[2022-12-04 13:28:55,522] {local_task_job.py:154} INFO - Task exited with return code 0
[2022-12-04 13:28:55,641] {local_task_job.py:264} INFO - 1 downstream tasks scheduled from follow-on schedule check
