[2022-12-04 17:09:58,084] {taskinstance.py:1032} INFO - Dependencies all met for <TaskInstance: dag1.save_to_csv scheduled__2022-11-09T23:30:00+00:00 [queued]>
[2022-12-04 17:09:58,142] {taskinstance.py:1032} INFO - Dependencies all met for <TaskInstance: dag1.save_to_csv scheduled__2022-11-09T23:30:00+00:00 [queued]>
[2022-12-04 17:09:58,143] {taskinstance.py:1238} INFO - 
--------------------------------------------------------------------------------
[2022-12-04 17:09:58,146] {taskinstance.py:1239} INFO - Starting attempt 1 of 2
[2022-12-04 17:09:58,152] {taskinstance.py:1240} INFO - 
--------------------------------------------------------------------------------
[2022-12-04 17:09:58,290] {taskinstance.py:1259} INFO - Executing <Task(PythonOperator): save_to_csv> on 2022-11-09 23:30:00+00:00
[2022-12-04 17:09:58,458] {standard_task_runner.py:52} INFO - Started process 16858 to run task
[2022-12-04 17:09:58,511] {standard_task_runner.py:76} INFO - Running: ['***', 'tasks', 'run', 'dag1', 'save_to_csv', 'scheduled__2022-11-09T23:30:00+00:00', '--job-id', '10226', '--raw', '--subdir', 'DAGS_FOLDER/AirflowClean2.py', '--cfg-path', '/tmp/tmp9u3a53d5', '--error-file', '/tmp/tmpl2l53vv9']
[2022-12-04 17:09:58,517] {standard_task_runner.py:77} INFO - Job 10226: Subtask save_to_csv
[2022-12-04 17:09:58,933] {logging_mixin.py:109} INFO - Running <TaskInstance: dag1.save_to_csv scheduled__2022-11-09T23:30:00+00:00 [running]> on host 7a020590adae
[2022-12-04 17:09:59,238] {taskinstance.py:1426} INFO - Exporting the following env vars:
AIRFLOW_CTX_DAG_OWNER=Fadlil
AIRFLOW_CTX_DAG_ID=dag1
AIRFLOW_CTX_TASK_ID=save_to_csv
AIRFLOW_CTX_EXECUTION_DATE=2022-11-09T23:30:00+00:00
AIRFLOW_CTX_DAG_RUN_ID=scheduled__2022-11-09T23:30:00+00:00
[2022-12-04 17:09:59,344] {python.py:175} INFO - Done. Returned value was: None
[2022-12-04 17:10:00,123] {taskinstance.py:1277} INFO - Marking task as SUCCESS. dag_id=dag1, task_id=save_to_csv, execution_date=20221109T233000, start_date=20221204T170958, end_date=20221204T171000
[2022-12-04 17:10:00,252] {local_task_job.py:154} INFO - Task exited with return code 0
[2022-12-04 17:10:00,418] {local_task_job.py:264} INFO - 1 downstream tasks scheduled from follow-on schedule check
