[2022-12-04 14:18:22,467] {taskinstance.py:1032} INFO - Dependencies all met for <TaskInstance: dag1.get_data scheduled__2022-11-08T05:10:00+00:00 [queued]>
[2022-12-04 14:18:22,483] {taskinstance.py:1032} INFO - Dependencies all met for <TaskInstance: dag1.get_data scheduled__2022-11-08T05:10:00+00:00 [queued]>
[2022-12-04 14:18:22,483] {taskinstance.py:1238} INFO - 
--------------------------------------------------------------------------------
[2022-12-04 14:18:22,484] {taskinstance.py:1239} INFO - Starting attempt 1 of 2
[2022-12-04 14:18:22,485] {taskinstance.py:1240} INFO - 
--------------------------------------------------------------------------------
[2022-12-04 14:18:22,522] {taskinstance.py:1259} INFO - Executing <Task(PythonOperator): get_data> on 2022-11-08 05:10:00+00:00
[2022-12-04 14:18:22,566] {standard_task_runner.py:52} INFO - Started process 9091 to run task
[2022-12-04 14:18:22,570] {standard_task_runner.py:76} INFO - Running: ['***', 'tasks', 'run', 'dag1', 'get_data', 'scheduled__2022-11-08T05:10:00+00:00', '--job-id', '8617', '--raw', '--subdir', 'DAGS_FOLDER/AirflowClean2.py', '--cfg-path', '/tmp/tmp8zeahq35', '--error-file', '/tmp/tmpxf0p_t1n']
[2022-12-04 14:18:22,572] {standard_task_runner.py:77} INFO - Job 8617: Subtask get_data
[2022-12-04 14:18:22,677] {logging_mixin.py:109} INFO - Running <TaskInstance: dag1.get_data scheduled__2022-11-08T05:10:00+00:00 [running]> on host 7a020590adae
[2022-12-04 14:18:22,761] {taskinstance.py:1426} INFO - Exporting the following env vars:
AIRFLOW_CTX_DAG_OWNER=Fadlil
AIRFLOW_CTX_DAG_ID=dag1
AIRFLOW_CTX_TASK_ID=get_data
AIRFLOW_CTX_EXECUTION_DATE=2022-11-08T05:10:00+00:00
AIRFLOW_CTX_DAG_RUN_ID=scheduled__2022-11-08T05:10:00+00:00
[2022-12-04 14:18:23,452] {python.py:175} INFO - Done. Returned value was: None
[2022-12-04 14:18:23,469] {taskinstance.py:1277} INFO - Marking task as SUCCESS. dag_id=dag1, task_id=get_data, execution_date=20221108T051000, start_date=20221204T141822, end_date=20221204T141823
[2022-12-04 14:18:23,518] {local_task_job.py:154} INFO - Task exited with return code 0
[2022-12-04 14:18:23,595] {local_task_job.py:264} INFO - 1 downstream tasks scheduled from follow-on schedule check
