[2022-12-03 17:42:05,054] {taskinstance.py:1032} INFO - Dependencies all met for <TaskInstance: dag1.get_data scheduled__2022-10-26T12:00:00+00:00 [queued]>
[2022-12-03 17:42:05,211] {taskinstance.py:1032} INFO - Dependencies all met for <TaskInstance: dag1.get_data scheduled__2022-10-26T12:00:00+00:00 [queued]>
[2022-12-03 17:42:05,213] {taskinstance.py:1238} INFO - 
--------------------------------------------------------------------------------
[2022-12-03 17:42:05,219] {taskinstance.py:1239} INFO - Starting attempt 1 of 2
[2022-12-03 17:42:05,230] {taskinstance.py:1240} INFO - 
--------------------------------------------------------------------------------
[2022-12-03 17:42:05,433] {taskinstance.py:1259} INFO - Executing <Task(PythonOperator): get_data> on 2022-10-26 12:00:00+00:00
[2022-12-03 17:42:05,476] {standard_task_runner.py:52} INFO - Started process 241 to run task
[2022-12-03 17:42:05,489] {standard_task_runner.py:76} INFO - Running: ['***', 'tasks', 'run', 'dag1', 'get_data', 'scheduled__2022-10-26T12:00:00+00:00', '--job-id', '265', '--raw', '--subdir', 'DAGS_FOLDER/AirflowClean2.py', '--cfg-path', '/tmp/tmp5mndnn11', '--error-file', '/tmp/tmpzcfa3vvf']
[2022-12-03 17:42:05,571] {standard_task_runner.py:77} INFO - Job 265: Subtask get_data
[2022-12-03 17:42:06,116] {logging_mixin.py:109} INFO - Running <TaskInstance: dag1.get_data scheduled__2022-10-26T12:00:00+00:00 [running]> on host 422c372562ce
[2022-12-03 17:42:06,714] {taskinstance.py:1426} INFO - Exporting the following env vars:
AIRFLOW_CTX_DAG_OWNER=Fadlil
AIRFLOW_CTX_DAG_ID=dag1
AIRFLOW_CTX_TASK_ID=get_data
AIRFLOW_CTX_EXECUTION_DATE=2022-10-26T12:00:00+00:00
AIRFLOW_CTX_DAG_RUN_ID=scheduled__2022-10-26T12:00:00+00:00
[2022-12-03 17:42:07,728] {python.py:175} INFO - Done. Returned value was: None
[2022-12-03 17:42:07,761] {taskinstance.py:1277} INFO - Marking task as SUCCESS. dag_id=dag1, task_id=get_data, execution_date=20221026T120000, start_date=20221203T174205, end_date=20221203T174207
[2022-12-03 17:42:07,882] {local_task_job.py:154} INFO - Task exited with return code 0
[2022-12-03 17:42:08,414] {local_task_job.py:264} INFO - 1 downstream tasks scheduled from follow-on schedule check
