[2022-12-04 17:34:25,915] {taskinstance.py:1032} INFO - Dependencies all met for <TaskInstance: dag1.save_to_csv scheduled__2022-11-10T10:40:00+00:00 [queued]>
[2022-12-04 17:34:26,050] {taskinstance.py:1032} INFO - Dependencies all met for <TaskInstance: dag1.save_to_csv scheduled__2022-11-10T10:40:00+00:00 [queued]>
[2022-12-04 17:34:26,130] {taskinstance.py:1238} INFO - 
--------------------------------------------------------------------------------
[2022-12-04 17:34:26,195] {taskinstance.py:1239} INFO - Starting attempt 1 of 2
[2022-12-04 17:34:26,244] {taskinstance.py:1240} INFO - 
--------------------------------------------------------------------------------
[2022-12-04 17:34:26,544] {taskinstance.py:1259} INFO - Executing <Task(PythonOperator): save_to_csv> on 2022-11-10 10:40:00+00:00
[2022-12-04 17:34:26,703] {standard_task_runner.py:52} INFO - Started process 18952 to run task
[2022-12-04 17:34:26,844] {standard_task_runner.py:76} INFO - Running: ['***', 'tasks', 'run', 'dag1', 'save_to_csv', 'scheduled__2022-11-10T10:40:00+00:00', '--job-id', '10662', '--raw', '--subdir', 'DAGS_FOLDER/AirflowClean2.py', '--cfg-path', '/tmp/tmpngmqyx_r', '--error-file', '/tmp/tmpx7flz3m7']
[2022-12-04 17:34:26,859] {standard_task_runner.py:77} INFO - Job 10662: Subtask save_to_csv
[2022-12-04 17:34:27,706] {logging_mixin.py:109} INFO - Running <TaskInstance: dag1.save_to_csv scheduled__2022-11-10T10:40:00+00:00 [running]> on host 7a020590adae
[2022-12-04 17:34:28,190] {taskinstance.py:1426} INFO - Exporting the following env vars:
AIRFLOW_CTX_DAG_OWNER=Fadlil
AIRFLOW_CTX_DAG_ID=dag1
AIRFLOW_CTX_TASK_ID=save_to_csv
AIRFLOW_CTX_EXECUTION_DATE=2022-11-10T10:40:00+00:00
AIRFLOW_CTX_DAG_RUN_ID=scheduled__2022-11-10T10:40:00+00:00
[2022-12-04 17:34:28,403] {python.py:175} INFO - Done. Returned value was: None
[2022-12-04 17:34:28,913] {taskinstance.py:1277} INFO - Marking task as SUCCESS. dag_id=dag1, task_id=save_to_csv, execution_date=20221110T104000, start_date=20221204T173425, end_date=20221204T173428
[2022-12-04 17:34:29,134] {local_task_job.py:154} INFO - Task exited with return code 0
[2022-12-04 17:34:29,397] {local_task_job.py:264} INFO - 1 downstream tasks scheduled from follow-on schedule check
