[2022-12-04 09:55:25,153] {taskinstance.py:1032} INFO - Dependencies all met for <TaskInstance: dag1.save_to_parquet scheduled__2022-10-30T20:00:00+00:00 [queued]>
[2022-12-04 09:55:25,296] {taskinstance.py:1032} INFO - Dependencies all met for <TaskInstance: dag1.save_to_parquet scheduled__2022-10-30T20:00:00+00:00 [queued]>
[2022-12-04 09:55:25,301] {taskinstance.py:1238} INFO - 
--------------------------------------------------------------------------------
[2022-12-04 09:55:25,301] {taskinstance.py:1239} INFO - Starting attempt 1 of 2
[2022-12-04 09:55:25,302] {taskinstance.py:1240} INFO - 
--------------------------------------------------------------------------------
[2022-12-04 09:55:25,637] {taskinstance.py:1259} INFO - Executing <Task(PythonOperator): save_to_parquet> on 2022-10-30 20:00:00+00:00
[2022-12-04 09:55:25,789] {standard_task_runner.py:52} INFO - Started process 2792 to run task
[2022-12-04 09:55:25,811] {standard_task_runner.py:76} INFO - Running: ['***', 'tasks', 'run', 'dag1', 'save_to_parquet', 'scheduled__2022-10-30T20:00:00+00:00', '--job-id', '2701', '--raw', '--subdir', 'DAGS_FOLDER/AirflowClean2.py', '--cfg-path', '/tmp/tmpf5p8fxyk', '--error-file', '/tmp/tmpkzs_7cl0']
[2022-12-04 09:55:25,865] {standard_task_runner.py:77} INFO - Job 2701: Subtask save_to_parquet
[2022-12-04 09:55:26,581] {logging_mixin.py:109} INFO - Running <TaskInstance: dag1.save_to_parquet scheduled__2022-10-30T20:00:00+00:00 [running]> on host 9e44869ff3ef
[2022-12-04 09:55:27,029] {taskinstance.py:1426} INFO - Exporting the following env vars:
AIRFLOW_CTX_DAG_OWNER=Fadlil
AIRFLOW_CTX_DAG_ID=dag1
AIRFLOW_CTX_TASK_ID=save_to_parquet
AIRFLOW_CTX_EXECUTION_DATE=2022-10-30T20:00:00+00:00
AIRFLOW_CTX_DAG_RUN_ID=scheduled__2022-10-30T20:00:00+00:00
[2022-12-04 09:55:27,338] {python.py:175} INFO - Done. Returned value was: None
[2022-12-04 09:55:27,378] {taskinstance.py:1277} INFO - Marking task as SUCCESS. dag_id=dag1, task_id=save_to_parquet, execution_date=20221030T200000, start_date=20221204T095525, end_date=20221204T095527
[2022-12-04 09:55:27,556] {local_task_job.py:154} INFO - Task exited with return code 0
[2022-12-04 09:55:27,676] {local_task_job.py:264} INFO - 0 downstream tasks scheduled from follow-on schedule check
