[2022-12-04 05:25:30,639] {taskinstance.py:1032} INFO - Dependencies all met for <TaskInstance: dag1.get_data scheduled__2022-10-29T12:50:00+00:00 [queued]>
[2022-12-04 05:25:31,019] {taskinstance.py:1032} INFO - Dependencies all met for <TaskInstance: dag1.get_data scheduled__2022-10-29T12:50:00+00:00 [queued]>
[2022-12-04 05:25:31,029] {taskinstance.py:1238} INFO - 
--------------------------------------------------------------------------------
[2022-12-04 05:25:31,030] {taskinstance.py:1239} INFO - Starting attempt 1 of 2
[2022-12-04 05:25:31,031] {taskinstance.py:1240} INFO - 
--------------------------------------------------------------------------------
[2022-12-04 05:25:31,142] {taskinstance.py:1259} INFO - Executing <Task(PythonOperator): get_data> on 2022-10-29 12:50:00+00:00
[2022-12-04 05:25:31,182] {standard_task_runner.py:52} INFO - Started process 8571 to run task
[2022-12-04 05:25:31,220] {standard_task_runner.py:76} INFO - Running: ['***', 'tasks', 'run', 'dag1', 'get_data', 'scheduled__2022-10-29T12:50:00+00:00', '--job-id', '2055', '--raw', '--subdir', 'DAGS_FOLDER/AirflowClean2.py', '--cfg-path', '/tmp/tmpb0i1vtk8', '--error-file', '/tmp/tmptn8oxlcc']
[2022-12-04 05:25:31,238] {standard_task_runner.py:77} INFO - Job 2055: Subtask get_data
[2022-12-04 05:25:31,692] {logging_mixin.py:109} INFO - Running <TaskInstance: dag1.get_data scheduled__2022-10-29T12:50:00+00:00 [running]> on host 422c372562ce
[2022-12-04 05:25:32,447] {taskinstance.py:1426} INFO - Exporting the following env vars:
AIRFLOW_CTX_DAG_OWNER=Fadlil
AIRFLOW_CTX_DAG_ID=dag1
AIRFLOW_CTX_TASK_ID=get_data
AIRFLOW_CTX_EXECUTION_DATE=2022-10-29T12:50:00+00:00
AIRFLOW_CTX_DAG_RUN_ID=scheduled__2022-10-29T12:50:00+00:00
[2022-12-04 05:25:33,635] {python.py:175} INFO - Done. Returned value was: None
[2022-12-04 05:25:34,139] {taskinstance.py:1277} INFO - Marking task as SUCCESS. dag_id=dag1, task_id=get_data, execution_date=20221029T125000, start_date=20221204T052530, end_date=20221204T052534
[2022-12-04 05:25:34,664] {local_task_job.py:154} INFO - Task exited with return code 0
[2022-12-04 05:25:34,866] {local_task_job.py:264} INFO - 1 downstream tasks scheduled from follow-on schedule check
