[2022-12-04 17:49:59,290] {taskinstance.py:1032} INFO - Dependencies all met for <TaskInstance: dag1.local_to_gcs_task scheduled__2022-11-10T18:10:00+00:00 [queued]>
[2022-12-04 17:49:59,312] {taskinstance.py:1032} INFO - Dependencies all met for <TaskInstance: dag1.local_to_gcs_task scheduled__2022-11-10T18:10:00+00:00 [queued]>
[2022-12-04 17:49:59,313] {taskinstance.py:1238} INFO - 
--------------------------------------------------------------------------------
[2022-12-04 17:49:59,313] {taskinstance.py:1239} INFO - Starting attempt 1 of 2
[2022-12-04 17:49:59,314] {taskinstance.py:1240} INFO - 
--------------------------------------------------------------------------------
[2022-12-04 17:49:59,350] {taskinstance.py:1259} INFO - Executing <Task(PythonOperator): local_to_gcs_task> on 2022-11-10 18:10:00+00:00
[2022-12-04 17:49:59,365] {standard_task_runner.py:52} INFO - Started process 20347 to run task
[2022-12-04 17:49:59,392] {standard_task_runner.py:76} INFO - Running: ['***', 'tasks', 'run', 'dag1', 'local_to_gcs_task', 'scheduled__2022-11-10T18:10:00+00:00', '--job-id', '10959', '--raw', '--subdir', 'DAGS_FOLDER/AirflowClean2.py', '--cfg-path', '/tmp/tmp8rg725z2', '--error-file', '/tmp/tmpcx_z7wtg']
[2022-12-04 17:49:59,394] {standard_task_runner.py:77} INFO - Job 10959: Subtask local_to_gcs_task
[2022-12-04 17:49:59,477] {logging_mixin.py:109} INFO - Running <TaskInstance: dag1.local_to_gcs_task scheduled__2022-11-10T18:10:00+00:00 [running]> on host 7a020590adae
[2022-12-04 17:49:59,562] {taskinstance.py:1426} INFO - Exporting the following env vars:
AIRFLOW_CTX_DAG_OWNER=Fadlil
AIRFLOW_CTX_DAG_ID=dag1
AIRFLOW_CTX_TASK_ID=local_to_gcs_task
AIRFLOW_CTX_EXECUTION_DATE=2022-11-10T18:10:00+00:00
AIRFLOW_CTX_DAG_RUN_ID=scheduled__2022-11-10T18:10:00+00:00
[2022-12-04 17:50:00,244] {python.py:175} INFO - Done. Returned value was: None
[2022-12-04 17:50:00,666] {taskinstance.py:1277} INFO - Marking task as SUCCESS. dag_id=dag1, task_id=local_to_gcs_task, execution_date=20221110T181000, start_date=20221204T174959, end_date=20221204T175000
[2022-12-04 17:50:00,793] {local_task_job.py:154} INFO - Task exited with return code 0
[2022-12-04 17:50:00,982] {local_task_job.py:264} INFO - 1 downstream tasks scheduled from follow-on schedule check
