[2022-12-04 11:05:23,956] {taskinstance.py:1032} INFO - Dependencies all met for <TaskInstance: dag1.save_to_csv scheduled__2022-11-04T04:10:00+00:00 [queued]>
[2022-12-04 11:05:24,103] {taskinstance.py:1032} INFO - Dependencies all met for <TaskInstance: dag1.save_to_csv scheduled__2022-11-04T04:10:00+00:00 [queued]>
[2022-12-04 11:05:24,103] {taskinstance.py:1238} INFO - 
--------------------------------------------------------------------------------
[2022-12-04 11:05:24,107] {taskinstance.py:1239} INFO - Starting attempt 1 of 2
[2022-12-04 11:05:24,107] {taskinstance.py:1240} INFO - 
--------------------------------------------------------------------------------
[2022-12-04 11:05:24,256] {taskinstance.py:1259} INFO - Executing <Task(PythonOperator): save_to_csv> on 2022-11-04 04:10:00+00:00
[2022-12-04 11:05:24,317] {standard_task_runner.py:52} INFO - Started process 12521 to run task
[2022-12-04 11:05:24,384] {standard_task_runner.py:76} INFO - Running: ['***', 'tasks', 'run', 'dag1', 'save_to_csv', 'scheduled__2022-11-04T04:10:00+00:00', '--job-id', '5208', '--raw', '--subdir', 'DAGS_FOLDER/AirflowClean2.py', '--cfg-path', '/tmp/tmpg6rdi6ku', '--error-file', '/tmp/tmpf07x22s7']
[2022-12-04 11:05:24,397] {standard_task_runner.py:77} INFO - Job 5208: Subtask save_to_csv
[2022-12-04 11:05:24,959] {logging_mixin.py:109} INFO - Running <TaskInstance: dag1.save_to_csv scheduled__2022-11-04T04:10:00+00:00 [running]> on host 9e44869ff3ef
[2022-12-04 11:05:25,486] {taskinstance.py:1426} INFO - Exporting the following env vars:
AIRFLOW_CTX_DAG_OWNER=Fadlil
AIRFLOW_CTX_DAG_ID=dag1
AIRFLOW_CTX_TASK_ID=save_to_csv
AIRFLOW_CTX_EXECUTION_DATE=2022-11-04T04:10:00+00:00
AIRFLOW_CTX_DAG_RUN_ID=scheduled__2022-11-04T04:10:00+00:00
[2022-12-04 11:05:25,696] {python.py:175} INFO - Done. Returned value was: None
[2022-12-04 11:05:27,163] {taskinstance.py:1277} INFO - Marking task as SUCCESS. dag_id=dag1, task_id=save_to_csv, execution_date=20221104T041000, start_date=20221204T110523, end_date=20221204T110527
[2022-12-04 11:05:27,324] {local_task_job.py:154} INFO - Task exited with return code 0
[2022-12-04 11:05:27,681] {local_task_job.py:264} INFO - 1 downstream tasks scheduled from follow-on schedule check
