[2022-12-04 10:42:05,180] {taskinstance.py:1032} INFO - Dependencies all met for <TaskInstance: dag1.get_data scheduled__2022-11-01T16:50:00+00:00 [queued]>
[2022-12-04 10:42:05,270] {taskinstance.py:1032} INFO - Dependencies all met for <TaskInstance: dag1.get_data scheduled__2022-11-01T16:50:00+00:00 [queued]>
[2022-12-04 10:42:05,283] {taskinstance.py:1238} INFO - 
--------------------------------------------------------------------------------
[2022-12-04 10:42:05,284] {taskinstance.py:1239} INFO - Starting attempt 1 of 2
[2022-12-04 10:42:05,286] {taskinstance.py:1240} INFO - 
--------------------------------------------------------------------------------
[2022-12-04 10:42:05,342] {taskinstance.py:1259} INFO - Executing <Task(PythonOperator): get_data> on 2022-11-01 16:50:00+00:00
[2022-12-04 10:42:05,350] {standard_task_runner.py:52} INFO - Started process 7512 to run task
[2022-12-04 10:42:05,370] {standard_task_runner.py:76} INFO - Running: ['***', 'tasks', 'run', 'dag1', 'get_data', 'scheduled__2022-11-01T16:50:00+00:00', '--job-id', '3761', '--raw', '--subdir', 'DAGS_FOLDER/AirflowClean2.py', '--cfg-path', '/tmp/tmpaubfs7he', '--error-file', '/tmp/tmpqqmjywfl']
[2022-12-04 10:42:05,371] {standard_task_runner.py:77} INFO - Job 3761: Subtask get_data
[2022-12-04 10:42:05,566] {logging_mixin.py:109} INFO - Running <TaskInstance: dag1.get_data scheduled__2022-11-01T16:50:00+00:00 [running]> on host 9e44869ff3ef
[2022-12-04 10:42:05,749] {taskinstance.py:1426} INFO - Exporting the following env vars:
AIRFLOW_CTX_DAG_OWNER=Fadlil
AIRFLOW_CTX_DAG_ID=dag1
AIRFLOW_CTX_TASK_ID=get_data
AIRFLOW_CTX_EXECUTION_DATE=2022-11-01T16:50:00+00:00
AIRFLOW_CTX_DAG_RUN_ID=scheduled__2022-11-01T16:50:00+00:00
[2022-12-04 10:42:06,543] {python.py:175} INFO - Done. Returned value was: None
[2022-12-04 10:42:07,316] {taskinstance.py:1277} INFO - Marking task as SUCCESS. dag_id=dag1, task_id=get_data, execution_date=20221101T165000, start_date=20221204T104205, end_date=20221204T104207
[2022-12-04 10:42:07,457] {local_task_job.py:154} INFO - Task exited with return code 0
[2022-12-04 10:42:07,628] {local_task_job.py:264} INFO - 1 downstream tasks scheduled from follow-on schedule check
