[2022-12-04 14:34:25,143] {taskinstance.py:1032} INFO - Dependencies all met for <TaskInstance: dag1.save_to_csv scheduled__2022-11-08T13:00:00+00:00 [queued]>
[2022-12-04 14:34:25,179] {taskinstance.py:1032} INFO - Dependencies all met for <TaskInstance: dag1.save_to_csv scheduled__2022-11-08T13:00:00+00:00 [queued]>
[2022-12-04 14:34:25,180] {taskinstance.py:1238} INFO - 
--------------------------------------------------------------------------------
[2022-12-04 14:34:25,181] {taskinstance.py:1239} INFO - Starting attempt 1 of 2
[2022-12-04 14:34:25,183] {taskinstance.py:1240} INFO - 
--------------------------------------------------------------------------------
[2022-12-04 14:34:25,238] {taskinstance.py:1259} INFO - Executing <Task(PythonOperator): save_to_csv> on 2022-11-08 13:00:00+00:00
[2022-12-04 14:34:25,309] {standard_task_runner.py:52} INFO - Started process 10531 to run task
[2022-12-04 14:34:25,324] {standard_task_runner.py:76} INFO - Running: ['***', 'tasks', 'run', 'dag1', 'save_to_csv', 'scheduled__2022-11-08T13:00:00+00:00', '--job-id', '8917', '--raw', '--subdir', 'DAGS_FOLDER/AirflowClean2.py', '--cfg-path', '/tmp/tmpuy3zc5uv', '--error-file', '/tmp/tmp51g6zgsn']
[2022-12-04 14:34:25,352] {standard_task_runner.py:77} INFO - Job 8917: Subtask save_to_csv
[2022-12-04 14:34:25,679] {logging_mixin.py:109} INFO - Running <TaskInstance: dag1.save_to_csv scheduled__2022-11-08T13:00:00+00:00 [running]> on host 7a020590adae
[2022-12-04 14:34:25,892] {taskinstance.py:1426} INFO - Exporting the following env vars:
AIRFLOW_CTX_DAG_OWNER=Fadlil
AIRFLOW_CTX_DAG_ID=dag1
AIRFLOW_CTX_TASK_ID=save_to_csv
AIRFLOW_CTX_EXECUTION_DATE=2022-11-08T13:00:00+00:00
AIRFLOW_CTX_DAG_RUN_ID=scheduled__2022-11-08T13:00:00+00:00
[2022-12-04 14:34:25,991] {python.py:175} INFO - Done. Returned value was: None
[2022-12-04 14:34:26,032] {taskinstance.py:1277} INFO - Marking task as SUCCESS. dag_id=dag1, task_id=save_to_csv, execution_date=20221108T130000, start_date=20221204T143425, end_date=20221204T143426
[2022-12-04 14:34:26,081] {local_task_job.py:154} INFO - Task exited with return code 0
[2022-12-04 14:34:26,194] {local_task_job.py:264} INFO - 1 downstream tasks scheduled from follow-on schedule check
