[2022-12-04 11:59:17,082] {taskinstance.py:1032} INFO - Dependencies all met for <TaskInstance: dag1.get_data scheduled__2022-11-05T12:20:00+00:00 [queued]>
[2022-12-04 11:59:17,120] {taskinstance.py:1032} INFO - Dependencies all met for <TaskInstance: dag1.get_data scheduled__2022-11-05T12:20:00+00:00 [queued]>
[2022-12-04 11:59:17,121] {taskinstance.py:1238} INFO - 
--------------------------------------------------------------------------------
[2022-12-04 11:59:17,122] {taskinstance.py:1239} INFO - Starting attempt 1 of 2
[2022-12-04 11:59:17,122] {taskinstance.py:1240} INFO - 
--------------------------------------------------------------------------------
[2022-12-04 11:59:17,147] {taskinstance.py:1259} INFO - Executing <Task(PythonOperator): get_data> on 2022-11-05 12:20:00+00:00
[2022-12-04 11:59:17,158] {standard_task_runner.py:52} INFO - Started process 16383 to run task
[2022-12-04 11:59:17,168] {standard_task_runner.py:76} INFO - Running: ['***', 'tasks', 'run', 'dag1', 'get_data', 'scheduled__2022-11-05T12:20:00+00:00', '--job-id', '6141', '--raw', '--subdir', 'DAGS_FOLDER/AirflowClean2.py', '--cfg-path', '/tmp/tmpgqg3w5io', '--error-file', '/tmp/tmpdv_iipj4']
[2022-12-04 11:59:17,170] {standard_task_runner.py:77} INFO - Job 6141: Subtask get_data
[2022-12-04 11:59:17,270] {logging_mixin.py:109} INFO - Running <TaskInstance: dag1.get_data scheduled__2022-11-05T12:20:00+00:00 [running]> on host 9e44869ff3ef
[2022-12-04 11:59:17,353] {taskinstance.py:1426} INFO - Exporting the following env vars:
AIRFLOW_CTX_DAG_OWNER=Fadlil
AIRFLOW_CTX_DAG_ID=dag1
AIRFLOW_CTX_TASK_ID=get_data
AIRFLOW_CTX_EXECUTION_DATE=2022-11-05T12:20:00+00:00
AIRFLOW_CTX_DAG_RUN_ID=scheduled__2022-11-05T12:20:00+00:00
[2022-12-04 11:59:18,066] {python.py:175} INFO - Done. Returned value was: None
[2022-12-04 11:59:18,422] {taskinstance.py:1277} INFO - Marking task as SUCCESS. dag_id=dag1, task_id=get_data, execution_date=20221105T122000, start_date=20221204T115917, end_date=20221204T115918
[2022-12-04 11:59:18,601] {local_task_job.py:154} INFO - Task exited with return code 0
[2022-12-04 11:59:18,791] {local_task_job.py:264} INFO - 1 downstream tasks scheduled from follow-on schedule check
