[2022-12-04 10:08:11,337] {taskinstance.py:1032} INFO - Dependencies all met for <TaskInstance: dag1.get_data scheduled__2022-10-31T07:30:00+00:00 [queued]>
[2022-12-04 10:08:11,397] {taskinstance.py:1032} INFO - Dependencies all met for <TaskInstance: dag1.get_data scheduled__2022-10-31T07:30:00+00:00 [queued]>
[2022-12-04 10:08:11,399] {taskinstance.py:1238} INFO - 
--------------------------------------------------------------------------------
[2022-12-04 10:08:11,409] {taskinstance.py:1239} INFO - Starting attempt 1 of 2
[2022-12-04 10:08:11,410] {taskinstance.py:1240} INFO - 
--------------------------------------------------------------------------------
[2022-12-04 10:08:11,489] {taskinstance.py:1259} INFO - Executing <Task(PythonOperator): get_data> on 2022-10-31 07:30:00+00:00
[2022-12-04 10:08:11,496] {standard_task_runner.py:52} INFO - Started process 3863 to run task
[2022-12-04 10:08:11,526] {standard_task_runner.py:76} INFO - Running: ['***', 'tasks', 'run', 'dag1', 'get_data', 'scheduled__2022-10-31T07:30:00+00:00', '--job-id', '2921', '--raw', '--subdir', 'DAGS_FOLDER/AirflowClean2.py', '--cfg-path', '/tmp/tmp0ki9t69c', '--error-file', '/tmp/tmp7wqyz6dz']
[2022-12-04 10:08:11,528] {standard_task_runner.py:77} INFO - Job 2921: Subtask get_data
[2022-12-04 10:08:11,887] {logging_mixin.py:109} INFO - Running <TaskInstance: dag1.get_data scheduled__2022-10-31T07:30:00+00:00 [running]> on host 9e44869ff3ef
[2022-12-04 10:08:12,431] {taskinstance.py:1426} INFO - Exporting the following env vars:
AIRFLOW_CTX_DAG_OWNER=Fadlil
AIRFLOW_CTX_DAG_ID=dag1
AIRFLOW_CTX_TASK_ID=get_data
AIRFLOW_CTX_EXECUTION_DATE=2022-10-31T07:30:00+00:00
AIRFLOW_CTX_DAG_RUN_ID=scheduled__2022-10-31T07:30:00+00:00
[2022-12-04 10:08:13,139] {python.py:175} INFO - Done. Returned value was: None
[2022-12-04 10:08:13,189] {taskinstance.py:1277} INFO - Marking task as SUCCESS. dag_id=dag1, task_id=get_data, execution_date=20221031T073000, start_date=20221204T100811, end_date=20221204T100813
[2022-12-04 10:08:13,306] {local_task_job.py:154} INFO - Task exited with return code 0
[2022-12-04 10:08:13,571] {local_task_job.py:264} INFO - 1 downstream tasks scheduled from follow-on schedule check
