[2022-12-04 09:03:53,235] {taskinstance.py:1032} INFO - Dependencies all met for <TaskInstance: dag1.get_data scheduled__2022-10-29T17:50:00+00:00 [queued]>
[2022-12-04 09:03:53,377] {taskinstance.py:1032} INFO - Dependencies all met for <TaskInstance: dag1.get_data scheduled__2022-10-29T17:50:00+00:00 [queued]>
[2022-12-04 09:03:53,394] {taskinstance.py:1238} INFO - 
--------------------------------------------------------------------------------
[2022-12-04 09:03:53,404] {taskinstance.py:1239} INFO - Starting attempt 1 of 2
[2022-12-04 09:03:53,413] {taskinstance.py:1240} INFO - 
--------------------------------------------------------------------------------
[2022-12-04 09:03:53,698] {taskinstance.py:1259} INFO - Executing <Task(PythonOperator): get_data> on 2022-10-29 17:50:00+00:00
[2022-12-04 09:03:53,747] {standard_task_runner.py:52} INFO - Started process 181 to run task
[2022-12-04 09:03:53,789] {standard_task_runner.py:76} INFO - Running: ['***', 'tasks', 'run', 'dag1', 'get_data', 'scheduled__2022-10-29T17:50:00+00:00', '--job-id', '2186', '--raw', '--subdir', 'DAGS_FOLDER/AirflowClean2.py', '--cfg-path', '/tmp/tmpofrxo018', '--error-file', '/tmp/tmpq8ltwmvc']
[2022-12-04 09:03:53,798] {standard_task_runner.py:77} INFO - Job 2186: Subtask get_data
[2022-12-04 09:03:54,245] {logging_mixin.py:109} INFO - Running <TaskInstance: dag1.get_data scheduled__2022-10-29T17:50:00+00:00 [running]> on host 422c372562ce
[2022-12-04 09:03:54,495] {taskinstance.py:1426} INFO - Exporting the following env vars:
AIRFLOW_CTX_DAG_OWNER=Fadlil
AIRFLOW_CTX_DAG_ID=dag1
AIRFLOW_CTX_TASK_ID=get_data
AIRFLOW_CTX_EXECUTION_DATE=2022-10-29T17:50:00+00:00
AIRFLOW_CTX_DAG_RUN_ID=scheduled__2022-10-29T17:50:00+00:00
[2022-12-04 09:03:55,360] {python.py:175} INFO - Done. Returned value was: None
[2022-12-04 09:03:55,434] {taskinstance.py:1277} INFO - Marking task as SUCCESS. dag_id=dag1, task_id=get_data, execution_date=20221029T175000, start_date=20221204T090353, end_date=20221204T090355
[2022-12-04 09:03:55,534] {local_task_job.py:154} INFO - Task exited with return code 0
[2022-12-04 09:03:57,265] {local_task_job.py:264} INFO - 0 downstream tasks scheduled from follow-on schedule check
