[2022-12-04 11:03:52,396] {taskinstance.py:1032} INFO - Dependencies all met for <TaskInstance: dag1.save_to_csv scheduled__2022-11-03T23:50:00+00:00 [queued]>
[2022-12-04 11:03:52,449] {taskinstance.py:1032} INFO - Dependencies all met for <TaskInstance: dag1.save_to_csv scheduled__2022-11-03T23:50:00+00:00 [queued]>
[2022-12-04 11:03:52,462] {taskinstance.py:1238} INFO - 
--------------------------------------------------------------------------------
[2022-12-04 11:03:52,464] {taskinstance.py:1239} INFO - Starting attempt 1 of 2
[2022-12-04 11:03:52,465] {taskinstance.py:1240} INFO - 
--------------------------------------------------------------------------------
[2022-12-04 11:03:52,540] {taskinstance.py:1259} INFO - Executing <Task(PythonOperator): save_to_csv> on 2022-11-03 23:50:00+00:00
[2022-12-04 11:03:52,561] {standard_task_runner.py:52} INFO - Started process 12175 to run task
[2022-12-04 11:03:52,586] {standard_task_runner.py:76} INFO - Running: ['***', 'tasks', 'run', 'dag1', 'save_to_csv', 'scheduled__2022-11-03T23:50:00+00:00', '--job-id', '5109', '--raw', '--subdir', 'DAGS_FOLDER/AirflowClean2.py', '--cfg-path', '/tmp/tmpz9nm42ow', '--error-file', '/tmp/tmp56ej5g2v']
[2022-12-04 11:03:52,595] {standard_task_runner.py:77} INFO - Job 5109: Subtask save_to_csv
[2022-12-04 11:03:53,035] {logging_mixin.py:109} INFO - Running <TaskInstance: dag1.save_to_csv scheduled__2022-11-03T23:50:00+00:00 [running]> on host 9e44869ff3ef
[2022-12-04 11:03:53,496] {taskinstance.py:1426} INFO - Exporting the following env vars:
AIRFLOW_CTX_DAG_OWNER=Fadlil
AIRFLOW_CTX_DAG_ID=dag1
AIRFLOW_CTX_TASK_ID=save_to_csv
AIRFLOW_CTX_EXECUTION_DATE=2022-11-03T23:50:00+00:00
AIRFLOW_CTX_DAG_RUN_ID=scheduled__2022-11-03T23:50:00+00:00
[2022-12-04 11:03:53,660] {python.py:175} INFO - Done. Returned value was: None
[2022-12-04 11:03:53,827] {taskinstance.py:1277} INFO - Marking task as SUCCESS. dag_id=dag1, task_id=save_to_csv, execution_date=20221103T235000, start_date=20221204T110352, end_date=20221204T110353
[2022-12-04 11:03:53,964] {local_task_job.py:154} INFO - Task exited with return code 0
[2022-12-04 11:03:54,224] {local_task_job.py:264} INFO - 1 downstream tasks scheduled from follow-on schedule check
