[2022-12-04 05:06:15,539] {taskinstance.py:1032} INFO - Dependencies all met for <TaskInstance: dag1.get_data scheduled__2022-10-29T04:50:00+00:00 [queued]>
[2022-12-04 05:06:15,566] {taskinstance.py:1032} INFO - Dependencies all met for <TaskInstance: dag1.get_data scheduled__2022-10-29T04:50:00+00:00 [queued]>
[2022-12-04 05:06:15,567] {taskinstance.py:1238} INFO - 
--------------------------------------------------------------------------------
[2022-12-04 05:06:15,567] {taskinstance.py:1239} INFO - Starting attempt 1 of 2
[2022-12-04 05:06:15,578] {taskinstance.py:1240} INFO - 
--------------------------------------------------------------------------------
[2022-12-04 05:06:15,654] {taskinstance.py:1259} INFO - Executing <Task(PythonOperator): get_data> on 2022-10-29 04:50:00+00:00
[2022-12-04 05:06:15,679] {standard_task_runner.py:52} INFO - Started process 7570 to run task
[2022-12-04 05:06:15,719] {standard_task_runner.py:76} INFO - Running: ['***', 'tasks', 'run', 'dag1', 'get_data', 'scheduled__2022-10-29T04:50:00+00:00', '--job-id', '1867', '--raw', '--subdir', 'DAGS_FOLDER/AirflowClean2.py', '--cfg-path', '/tmp/tmpb7mc1eiv', '--error-file', '/tmp/tmpeahuu1q1']
[2022-12-04 05:06:15,728] {standard_task_runner.py:77} INFO - Job 1867: Subtask get_data
[2022-12-04 05:06:16,135] {logging_mixin.py:109} INFO - Running <TaskInstance: dag1.get_data scheduled__2022-10-29T04:50:00+00:00 [running]> on host 422c372562ce
[2022-12-04 05:06:16,777] {taskinstance.py:1426} INFO - Exporting the following env vars:
AIRFLOW_CTX_DAG_OWNER=Fadlil
AIRFLOW_CTX_DAG_ID=dag1
AIRFLOW_CTX_TASK_ID=get_data
AIRFLOW_CTX_EXECUTION_DATE=2022-10-29T04:50:00+00:00
AIRFLOW_CTX_DAG_RUN_ID=scheduled__2022-10-29T04:50:00+00:00
[2022-12-04 05:06:17,873] {python.py:175} INFO - Done. Returned value was: None
[2022-12-04 05:06:18,521] {taskinstance.py:1277} INFO - Marking task as SUCCESS. dag_id=dag1, task_id=get_data, execution_date=20221029T045000, start_date=20221204T050615, end_date=20221204T050618
[2022-12-04 05:06:18,723] {local_task_job.py:154} INFO - Task exited with return code 0
[2022-12-04 05:06:19,214] {local_task_job.py:264} INFO - 1 downstream tasks scheduled from follow-on schedule check
