[2022-12-04 11:45:37,547] {taskinstance.py:1032} INFO - Dependencies all met for <TaskInstance: dag1.save_to_parquet scheduled__2022-11-05T00:00:00+00:00 [queued]>
[2022-12-04 11:45:37,745] {taskinstance.py:1032} INFO - Dependencies all met for <TaskInstance: dag1.save_to_parquet scheduled__2022-11-05T00:00:00+00:00 [queued]>
[2022-12-04 11:45:37,752] {taskinstance.py:1238} INFO - 
--------------------------------------------------------------------------------
[2022-12-04 11:45:37,756] {taskinstance.py:1239} INFO - Starting attempt 1 of 2
[2022-12-04 11:45:37,757] {taskinstance.py:1240} INFO - 
--------------------------------------------------------------------------------
[2022-12-04 11:45:37,888] {taskinstance.py:1259} INFO - Executing <Task(PythonOperator): save_to_parquet> on 2022-11-05 00:00:00+00:00
[2022-12-04 11:45:37,957] {standard_task_runner.py:52} INFO - Started process 14775 to run task
[2022-12-04 11:45:38,145] {standard_task_runner.py:76} INFO - Running: ['***', 'tasks', 'run', 'dag1', 'save_to_parquet', 'scheduled__2022-11-05T00:00:00+00:00', '--job-id', '5761', '--raw', '--subdir', 'DAGS_FOLDER/AirflowClean2.py', '--cfg-path', '/tmp/tmppqnn2rm1', '--error-file', '/tmp/tmpw5gc8_jh']
[2022-12-04 11:45:38,182] {standard_task_runner.py:77} INFO - Job 5761: Subtask save_to_parquet
[2022-12-04 11:45:38,569] {logging_mixin.py:109} INFO - Running <TaskInstance: dag1.save_to_parquet scheduled__2022-11-05T00:00:00+00:00 [running]> on host 9e44869ff3ef
[2022-12-04 11:45:38,744] {taskinstance.py:1426} INFO - Exporting the following env vars:
AIRFLOW_CTX_DAG_OWNER=Fadlil
AIRFLOW_CTX_DAG_ID=dag1
AIRFLOW_CTX_TASK_ID=save_to_parquet
AIRFLOW_CTX_EXECUTION_DATE=2022-11-05T00:00:00+00:00
AIRFLOW_CTX_DAG_RUN_ID=scheduled__2022-11-05T00:00:00+00:00
[2022-12-04 11:45:38,895] {python.py:175} INFO - Done. Returned value was: None
[2022-12-04 11:45:38,955] {taskinstance.py:1277} INFO - Marking task as SUCCESS. dag_id=dag1, task_id=save_to_parquet, execution_date=20221105T000000, start_date=20221204T114537, end_date=20221204T114538
[2022-12-04 11:45:39,139] {local_task_job.py:154} INFO - Task exited with return code 0
[2022-12-04 11:45:39,344] {local_task_job.py:264} INFO - 1 downstream tasks scheduled from follow-on schedule check
