[2022-12-04 11:48:32,413] {taskinstance.py:1032} INFO - Dependencies all met for <TaskInstance: dag1.get_data scheduled__2022-11-05T06:00:00+00:00 [queued]>
[2022-12-04 11:48:32,505] {taskinstance.py:1032} INFO - Dependencies all met for <TaskInstance: dag1.get_data scheduled__2022-11-05T06:00:00+00:00 [queued]>
[2022-12-04 11:48:32,521] {taskinstance.py:1238} INFO - 
--------------------------------------------------------------------------------
[2022-12-04 11:48:32,531] {taskinstance.py:1239} INFO - Starting attempt 1 of 2
[2022-12-04 11:48:32,534] {taskinstance.py:1240} INFO - 
--------------------------------------------------------------------------------
[2022-12-04 11:48:32,625] {taskinstance.py:1259} INFO - Executing <Task(PythonOperator): get_data> on 2022-11-05 06:00:00+00:00
[2022-12-04 11:48:32,636] {standard_task_runner.py:52} INFO - Started process 15315 to run task
[2022-12-04 11:48:32,687] {standard_task_runner.py:76} INFO - Running: ['***', 'tasks', 'run', 'dag1', 'get_data', 'scheduled__2022-11-05T06:00:00+00:00', '--job-id', '5912', '--raw', '--subdir', 'DAGS_FOLDER/AirflowClean2.py', '--cfg-path', '/tmp/tmp5mq4ggox', '--error-file', '/tmp/tmp5qzqp331']
[2022-12-04 11:48:32,700] {standard_task_runner.py:77} INFO - Job 5912: Subtask get_data
[2022-12-04 11:48:33,105] {logging_mixin.py:109} INFO - Running <TaskInstance: dag1.get_data scheduled__2022-11-05T06:00:00+00:00 [running]> on host 9e44869ff3ef
[2022-12-04 11:48:34,033] {taskinstance.py:1426} INFO - Exporting the following env vars:
AIRFLOW_CTX_DAG_OWNER=Fadlil
AIRFLOW_CTX_DAG_ID=dag1
AIRFLOW_CTX_TASK_ID=get_data
AIRFLOW_CTX_EXECUTION_DATE=2022-11-05T06:00:00+00:00
AIRFLOW_CTX_DAG_RUN_ID=scheduled__2022-11-05T06:00:00+00:00
[2022-12-04 11:48:34,947] {python.py:175} INFO - Done. Returned value was: None
[2022-12-04 11:48:35,961] {taskinstance.py:1277} INFO - Marking task as SUCCESS. dag_id=dag1, task_id=get_data, execution_date=20221105T060000, start_date=20221204T114832, end_date=20221204T114835
[2022-12-04 11:48:36,191] {local_task_job.py:154} INFO - Task exited with return code 0
[2022-12-04 11:48:36,512] {local_task_job.py:264} INFO - 1 downstream tasks scheduled from follow-on schedule check
