[2022-12-04 10:43:39,517] {taskinstance.py:1032} INFO - Dependencies all met for <TaskInstance: dag1.get_data scheduled__2022-11-01T20:40:00+00:00 [queued]>
[2022-12-04 10:43:39,579] {taskinstance.py:1032} INFO - Dependencies all met for <TaskInstance: dag1.get_data scheduled__2022-11-01T20:40:00+00:00 [queued]>
[2022-12-04 10:43:39,580] {taskinstance.py:1238} INFO - 
--------------------------------------------------------------------------------
[2022-12-04 10:43:39,581] {taskinstance.py:1239} INFO - Starting attempt 1 of 2
[2022-12-04 10:43:39,582] {taskinstance.py:1240} INFO - 
--------------------------------------------------------------------------------
[2022-12-04 10:43:39,666] {taskinstance.py:1259} INFO - Executing <Task(PythonOperator): get_data> on 2022-11-01 20:40:00+00:00
[2022-12-04 10:43:39,687] {standard_task_runner.py:52} INFO - Started process 7821 to run task
[2022-12-04 10:43:39,696] {standard_task_runner.py:76} INFO - Running: ['***', 'tasks', 'run', 'dag1', 'get_data', 'scheduled__2022-11-01T20:40:00+00:00', '--job-id', '3850', '--raw', '--subdir', 'DAGS_FOLDER/AirflowClean2.py', '--cfg-path', '/tmp/tmp61hy6pa2', '--error-file', '/tmp/tmp02l51uwq']
[2022-12-04 10:43:39,703] {standard_task_runner.py:77} INFO - Job 3850: Subtask get_data
[2022-12-04 10:43:39,921] {logging_mixin.py:109} INFO - Running <TaskInstance: dag1.get_data scheduled__2022-11-01T20:40:00+00:00 [running]> on host 9e44869ff3ef
[2022-12-04 10:43:40,199] {taskinstance.py:1426} INFO - Exporting the following env vars:
AIRFLOW_CTX_DAG_OWNER=Fadlil
AIRFLOW_CTX_DAG_ID=dag1
AIRFLOW_CTX_TASK_ID=get_data
AIRFLOW_CTX_EXECUTION_DATE=2022-11-01T20:40:00+00:00
AIRFLOW_CTX_DAG_RUN_ID=scheduled__2022-11-01T20:40:00+00:00
[2022-12-04 10:43:40,905] {python.py:175} INFO - Done. Returned value was: None
[2022-12-04 10:43:40,946] {taskinstance.py:1277} INFO - Marking task as SUCCESS. dag_id=dag1, task_id=get_data, execution_date=20221101T204000, start_date=20221204T104339, end_date=20221204T104340
[2022-12-04 10:43:41,039] {local_task_job.py:154} INFO - Task exited with return code 0
[2022-12-04 10:43:41,175] {local_task_job.py:264} INFO - 1 downstream tasks scheduled from follow-on schedule check
