[2022-12-04 12:08:22,884] {taskinstance.py:1032} INFO - Dependencies all met for <TaskInstance: dag1.local_to_gcs_task scheduled__2022-11-05T16:00:00+00:00 [queued]>
[2022-12-04 12:08:22,909] {taskinstance.py:1032} INFO - Dependencies all met for <TaskInstance: dag1.local_to_gcs_task scheduled__2022-11-05T16:00:00+00:00 [queued]>
[2022-12-04 12:08:22,909] {taskinstance.py:1238} INFO - 
--------------------------------------------------------------------------------
[2022-12-04 12:08:22,910] {taskinstance.py:1239} INFO - Starting attempt 1 of 2
[2022-12-04 12:08:22,911] {taskinstance.py:1240} INFO - 
--------------------------------------------------------------------------------
[2022-12-04 12:08:22,948] {taskinstance.py:1259} INFO - Executing <Task(PythonOperator): local_to_gcs_task> on 2022-11-05 16:00:00+00:00
[2022-12-04 12:08:22,967] {standard_task_runner.py:52} INFO - Started process 17080 to run task
[2022-12-04 12:08:22,989] {standard_task_runner.py:76} INFO - Running: ['***', 'tasks', 'run', 'dag1', 'local_to_gcs_task', 'scheduled__2022-11-05T16:00:00+00:00', '--job-id', '6278', '--raw', '--subdir', 'DAGS_FOLDER/AirflowClean2.py', '--cfg-path', '/tmp/tmp8owfi8sp', '--error-file', '/tmp/tmp4ajibz2i']
[2022-12-04 12:08:22,992] {standard_task_runner.py:77} INFO - Job 6278: Subtask local_to_gcs_task
[2022-12-04 12:08:23,206] {logging_mixin.py:109} INFO - Running <TaskInstance: dag1.local_to_gcs_task scheduled__2022-11-05T16:00:00+00:00 [running]> on host 9e44869ff3ef
[2022-12-04 12:08:23,372] {taskinstance.py:1426} INFO - Exporting the following env vars:
AIRFLOW_CTX_DAG_OWNER=Fadlil
AIRFLOW_CTX_DAG_ID=dag1
AIRFLOW_CTX_TASK_ID=local_to_gcs_task
AIRFLOW_CTX_EXECUTION_DATE=2022-11-05T16:00:00+00:00
AIRFLOW_CTX_DAG_RUN_ID=scheduled__2022-11-05T16:00:00+00:00
[2022-12-04 12:08:24,218] {python.py:175} INFO - Done. Returned value was: None
[2022-12-04 12:08:24,656] {taskinstance.py:1277} INFO - Marking task as SUCCESS. dag_id=dag1, task_id=local_to_gcs_task, execution_date=20221105T160000, start_date=20221204T120822, end_date=20221204T120824
[2022-12-04 12:08:24,746] {local_task_job.py:154} INFO - Task exited with return code 0
[2022-12-04 12:08:24,840] {local_task_job.py:264} INFO - 1 downstream tasks scheduled from follow-on schedule check
