[2022-12-04 02:48:08,052] {taskinstance.py:1032} INFO - Dependencies all met for <TaskInstance: dag1.save_to_csv scheduled__2022-10-26T23:50:00+00:00 [queued]>
[2022-12-04 02:48:08,928] {taskinstance.py:1032} INFO - Dependencies all met for <TaskInstance: dag1.save_to_csv scheduled__2022-10-26T23:50:00+00:00 [queued]>
[2022-12-04 02:48:08,939] {taskinstance.py:1238} INFO - 
--------------------------------------------------------------------------------
[2022-12-04 02:48:08,953] {taskinstance.py:1239} INFO - Starting attempt 1 of 2
[2022-12-04 02:48:08,955] {taskinstance.py:1240} INFO - 
--------------------------------------------------------------------------------
[2022-12-04 02:48:09,336] {taskinstance.py:1259} INFO - Executing <Task(PythonOperator): save_to_csv> on 2022-10-26 23:50:00+00:00
[2022-12-04 02:48:09,375] {standard_task_runner.py:52} INFO - Started process 201 to run task
[2022-12-04 02:48:09,476] {standard_task_runner.py:76} INFO - Running: ['***', 'tasks', 'run', 'dag1', 'save_to_csv', 'scheduled__2022-10-26T23:50:00+00:00', '--job-id', '615', '--raw', '--subdir', 'DAGS_FOLDER/AirflowClean2.py', '--cfg-path', '/tmp/tmpln1kekzo', '--error-file', '/tmp/tmpz3i30w3o']
[2022-12-04 02:48:09,515] {standard_task_runner.py:77} INFO - Job 615: Subtask save_to_csv
[2022-12-04 02:48:10,344] {logging_mixin.py:109} INFO - Running <TaskInstance: dag1.save_to_csv scheduled__2022-10-26T23:50:00+00:00 [running]> on host 422c372562ce
[2022-12-04 02:48:11,527] {taskinstance.py:1426} INFO - Exporting the following env vars:
AIRFLOW_CTX_DAG_OWNER=Fadlil
AIRFLOW_CTX_DAG_ID=dag1
AIRFLOW_CTX_TASK_ID=save_to_csv
AIRFLOW_CTX_EXECUTION_DATE=2022-10-26T23:50:00+00:00
AIRFLOW_CTX_DAG_RUN_ID=scheduled__2022-10-26T23:50:00+00:00
[2022-12-04 02:48:12,621] {python.py:175} INFO - Done. Returned value was: None
[2022-12-04 02:48:13,801] {taskinstance.py:1277} INFO - Marking task as SUCCESS. dag_id=dag1, task_id=save_to_csv, execution_date=20221026T235000, start_date=20221204T024808, end_date=20221204T024813
[2022-12-04 02:48:14,470] {local_task_job.py:154} INFO - Task exited with return code 0
[2022-12-04 02:48:15,427] {local_task_job.py:264} INFO - 1 downstream tasks scheduled from follow-on schedule check
