[2022-12-04 17:10:00,900] {taskinstance.py:1032} INFO - Dependencies all met for <TaskInstance: dag1.save_to_csv scheduled__2022-11-09T23:40:00+00:00 [queued]>
[2022-12-04 17:10:00,943] {taskinstance.py:1032} INFO - Dependencies all met for <TaskInstance: dag1.save_to_csv scheduled__2022-11-09T23:40:00+00:00 [queued]>
[2022-12-04 17:10:00,950] {taskinstance.py:1238} INFO - 
--------------------------------------------------------------------------------
[2022-12-04 17:10:00,962] {taskinstance.py:1239} INFO - Starting attempt 1 of 2
[2022-12-04 17:10:00,963] {taskinstance.py:1240} INFO - 
--------------------------------------------------------------------------------
[2022-12-04 17:10:01,004] {taskinstance.py:1259} INFO - Executing <Task(PythonOperator): save_to_csv> on 2022-11-09 23:40:00+00:00
[2022-12-04 17:10:01,012] {standard_task_runner.py:52} INFO - Started process 16866 to run task
[2022-12-04 17:10:01,036] {standard_task_runner.py:76} INFO - Running: ['***', 'tasks', 'run', 'dag1', 'save_to_csv', 'scheduled__2022-11-09T23:40:00+00:00', '--job-id', '10232', '--raw', '--subdir', 'DAGS_FOLDER/AirflowClean2.py', '--cfg-path', '/tmp/tmpt5dnah78', '--error-file', '/tmp/tmparh_uydk']
[2022-12-04 17:10:01,042] {standard_task_runner.py:77} INFO - Job 10232: Subtask save_to_csv
[2022-12-04 17:10:01,411] {logging_mixin.py:109} INFO - Running <TaskInstance: dag1.save_to_csv scheduled__2022-11-09T23:40:00+00:00 [running]> on host 7a020590adae
[2022-12-04 17:10:01,811] {taskinstance.py:1426} INFO - Exporting the following env vars:
AIRFLOW_CTX_DAG_OWNER=Fadlil
AIRFLOW_CTX_DAG_ID=dag1
AIRFLOW_CTX_TASK_ID=save_to_csv
AIRFLOW_CTX_EXECUTION_DATE=2022-11-09T23:40:00+00:00
AIRFLOW_CTX_DAG_RUN_ID=scheduled__2022-11-09T23:40:00+00:00
[2022-12-04 17:10:01,898] {python.py:175} INFO - Done. Returned value was: None
[2022-12-04 17:10:02,246] {taskinstance.py:1277} INFO - Marking task as SUCCESS. dag_id=dag1, task_id=save_to_csv, execution_date=20221109T234000, start_date=20221204T171000, end_date=20221204T171002
[2022-12-04 17:10:02,359] {local_task_job.py:154} INFO - Task exited with return code 0
[2022-12-04 17:10:02,510] {local_task_job.py:264} INFO - 1 downstream tasks scheduled from follow-on schedule check
