[2022-12-03 14:09:11,090] {taskinstance.py:1032} INFO - Dependencies all met for <TaskInstance: dag1.get_data scheduled__2022-10-26T07:00:00+00:00 [queued]>
[2022-12-03 14:09:11,180] {taskinstance.py:1032} INFO - Dependencies all met for <TaskInstance: dag1.get_data scheduled__2022-10-26T07:00:00+00:00 [queued]>
[2022-12-03 14:09:11,182] {taskinstance.py:1238} INFO - 
--------------------------------------------------------------------------------
[2022-12-03 14:09:11,188] {taskinstance.py:1239} INFO - Starting attempt 1 of 2
[2022-12-03 14:09:11,192] {taskinstance.py:1240} INFO - 
--------------------------------------------------------------------------------
[2022-12-03 14:09:11,328] {taskinstance.py:1259} INFO - Executing <Task(PythonOperator): get_data> on 2022-10-26 07:00:00+00:00
[2022-12-03 14:09:11,366] {standard_task_runner.py:52} INFO - Started process 263 to run task
[2022-12-03 14:09:11,413] {standard_task_runner.py:76} INFO - Running: ['***', 'tasks', 'run', 'dag1', 'get_data', 'scheduled__2022-10-26T07:00:00+00:00', '--job-id', '142', '--raw', '--subdir', 'DAGS_FOLDER/AirflowClean2.py', '--cfg-path', '/tmp/tmpne26x73f', '--error-file', '/tmp/tmptzn_8j8a']
[2022-12-03 14:09:11,467] {standard_task_runner.py:77} INFO - Job 142: Subtask get_data
[2022-12-03 14:09:11,730] {logging_mixin.py:109} INFO - Running <TaskInstance: dag1.get_data scheduled__2022-10-26T07:00:00+00:00 [running]> on host 422c372562ce
[2022-12-03 14:09:12,434] {taskinstance.py:1426} INFO - Exporting the following env vars:
AIRFLOW_CTX_DAG_OWNER=Fadlil
AIRFLOW_CTX_DAG_ID=dag1
AIRFLOW_CTX_TASK_ID=get_data
AIRFLOW_CTX_EXECUTION_DATE=2022-10-26T07:00:00+00:00
AIRFLOW_CTX_DAG_RUN_ID=scheduled__2022-10-26T07:00:00+00:00
[2022-12-03 14:09:13,611] {python.py:175} INFO - Done. Returned value was: None
[2022-12-03 14:09:13,660] {taskinstance.py:1277} INFO - Marking task as SUCCESS. dag_id=dag1, task_id=get_data, execution_date=20221026T070000, start_date=20221203T140911, end_date=20221203T140913
[2022-12-03 14:09:13,996] {local_task_job.py:154} INFO - Task exited with return code 0
[2022-12-03 14:09:14,216] {local_task_job.py:264} INFO - 1 downstream tasks scheduled from follow-on schedule check
