[2022-12-04 09:27:18,132] {taskinstance.py:1032} INFO - Dependencies all met for <TaskInstance: dag1.save_to_csv scheduled__2022-10-29T22:20:00+00:00 [queued]>
[2022-12-04 09:27:18,274] {taskinstance.py:1032} INFO - Dependencies all met for <TaskInstance: dag1.save_to_csv scheduled__2022-10-29T22:20:00+00:00 [queued]>
[2022-12-04 09:27:18,278] {taskinstance.py:1238} INFO - 
--------------------------------------------------------------------------------
[2022-12-04 09:27:18,279] {taskinstance.py:1239} INFO - Starting attempt 1 of 2
[2022-12-04 09:27:18,280] {taskinstance.py:1240} INFO - 
--------------------------------------------------------------------------------
[2022-12-04 09:27:18,386] {taskinstance.py:1259} INFO - Executing <Task(PythonOperator): save_to_csv> on 2022-10-29 22:20:00+00:00
[2022-12-04 09:27:18,404] {standard_task_runner.py:52} INFO - Started process 554 to run task
[2022-12-04 09:27:18,430] {standard_task_runner.py:76} INFO - Running: ['***', 'tasks', 'run', 'dag1', 'save_to_csv', 'scheduled__2022-10-29T22:20:00+00:00', '--job-id', '2296', '--raw', '--subdir', 'DAGS_FOLDER/AirflowClean2.py', '--cfg-path', '/tmp/tmp2fothruy', '--error-file', '/tmp/tmp5x4iups0']
[2022-12-04 09:27:18,432] {standard_task_runner.py:77} INFO - Job 2296: Subtask save_to_csv
[2022-12-04 09:27:18,675] {logging_mixin.py:109} INFO - Running <TaskInstance: dag1.save_to_csv scheduled__2022-10-29T22:20:00+00:00 [running]> on host 9e44869ff3ef
[2022-12-04 09:27:18,828] {taskinstance.py:1426} INFO - Exporting the following env vars:
AIRFLOW_CTX_DAG_OWNER=Fadlil
AIRFLOW_CTX_DAG_ID=dag1
AIRFLOW_CTX_TASK_ID=save_to_csv
AIRFLOW_CTX_EXECUTION_DATE=2022-10-29T22:20:00+00:00
AIRFLOW_CTX_DAG_RUN_ID=scheduled__2022-10-29T22:20:00+00:00
[2022-12-04 09:27:18,995] {python.py:175} INFO - Done. Returned value was: None
[2022-12-04 09:27:19,085] {taskinstance.py:1277} INFO - Marking task as SUCCESS. dag_id=dag1, task_id=save_to_csv, execution_date=20221029T222000, start_date=20221204T092718, end_date=20221204T092719
[2022-12-04 09:27:19,305] {local_task_job.py:154} INFO - Task exited with return code 0
[2022-12-04 09:27:19,641] {local_task_job.py:264} INFO - 1 downstream tasks scheduled from follow-on schedule check
