[2022-12-04 14:35:18,729] {taskinstance.py:1032} INFO - Dependencies all met for <TaskInstance: dag1.local_to_gcs_task scheduled__2022-11-08T13:10:00+00:00 [queued]>
[2022-12-04 14:35:18,756] {taskinstance.py:1032} INFO - Dependencies all met for <TaskInstance: dag1.local_to_gcs_task scheduled__2022-11-08T13:10:00+00:00 [queued]>
[2022-12-04 14:35:18,756] {taskinstance.py:1238} INFO - 
--------------------------------------------------------------------------------
[2022-12-04 14:35:18,757] {taskinstance.py:1239} INFO - Starting attempt 1 of 2
[2022-12-04 14:35:18,757] {taskinstance.py:1240} INFO - 
--------------------------------------------------------------------------------
[2022-12-04 14:35:18,905] {taskinstance.py:1259} INFO - Executing <Task(PythonOperator): local_to_gcs_task> on 2022-11-08 13:10:00+00:00
[2022-12-04 14:35:18,938] {standard_task_runner.py:52} INFO - Started process 10603 to run task
[2022-12-04 14:35:18,954] {standard_task_runner.py:76} INFO - Running: ['***', 'tasks', 'run', 'dag1', 'local_to_gcs_task', 'scheduled__2022-11-08T13:10:00+00:00', '--job-id', '8932', '--raw', '--subdir', 'DAGS_FOLDER/AirflowClean2.py', '--cfg-path', '/tmp/tmp0u07oecl', '--error-file', '/tmp/tmpr2o8fqdl']
[2022-12-04 14:35:18,958] {standard_task_runner.py:77} INFO - Job 8932: Subtask local_to_gcs_task
[2022-12-04 14:35:19,105] {logging_mixin.py:109} INFO - Running <TaskInstance: dag1.local_to_gcs_task scheduled__2022-11-08T13:10:00+00:00 [running]> on host 7a020590adae
[2022-12-04 14:35:19,208] {taskinstance.py:1426} INFO - Exporting the following env vars:
AIRFLOW_CTX_DAG_OWNER=Fadlil
AIRFLOW_CTX_DAG_ID=dag1
AIRFLOW_CTX_TASK_ID=local_to_gcs_task
AIRFLOW_CTX_EXECUTION_DATE=2022-11-08T13:10:00+00:00
AIRFLOW_CTX_DAG_RUN_ID=scheduled__2022-11-08T13:10:00+00:00
[2022-12-04 14:35:19,873] {python.py:175} INFO - Done. Returned value was: None
[2022-12-04 14:35:19,893] {taskinstance.py:1277} INFO - Marking task as SUCCESS. dag_id=dag1, task_id=local_to_gcs_task, execution_date=20221108T131000, start_date=20221204T143518, end_date=20221204T143519
[2022-12-04 14:35:19,934] {local_task_job.py:154} INFO - Task exited with return code 0
[2022-12-04 14:35:20,030] {local_task_job.py:264} INFO - 1 downstream tasks scheduled from follow-on schedule check
