[2022-12-04 12:11:31,759] {taskinstance.py:1032} INFO - Dependencies all met for <TaskInstance: dag1.save_to_csv scheduled__2022-11-05T18:00:00+00:00 [queued]>
[2022-12-04 12:11:31,779] {taskinstance.py:1032} INFO - Dependencies all met for <TaskInstance: dag1.save_to_csv scheduled__2022-11-05T18:00:00+00:00 [queued]>
[2022-12-04 12:11:31,779] {taskinstance.py:1238} INFO - 
--------------------------------------------------------------------------------
[2022-12-04 12:11:31,780] {taskinstance.py:1239} INFO - Starting attempt 1 of 2
[2022-12-04 12:11:31,780] {taskinstance.py:1240} INFO - 
--------------------------------------------------------------------------------
[2022-12-04 12:11:31,808] {taskinstance.py:1259} INFO - Executing <Task(PythonOperator): save_to_csv> on 2022-11-05 18:00:00+00:00
[2022-12-04 12:11:31,817] {standard_task_runner.py:52} INFO - Started process 17415 to run task
[2022-12-04 12:11:31,825] {standard_task_runner.py:76} INFO - Running: ['***', 'tasks', 'run', 'dag1', 'save_to_csv', 'scheduled__2022-11-05T18:00:00+00:00', '--job-id', '6358', '--raw', '--subdir', 'DAGS_FOLDER/AirflowClean2.py', '--cfg-path', '/tmp/tmp22axxwdv', '--error-file', '/tmp/tmpj5xc_nf0']
[2022-12-04 12:11:31,827] {standard_task_runner.py:77} INFO - Job 6358: Subtask save_to_csv
[2022-12-04 12:11:32,045] {logging_mixin.py:109} INFO - Running <TaskInstance: dag1.save_to_csv scheduled__2022-11-05T18:00:00+00:00 [running]> on host 9e44869ff3ef
[2022-12-04 12:11:32,261] {taskinstance.py:1426} INFO - Exporting the following env vars:
AIRFLOW_CTX_DAG_OWNER=Fadlil
AIRFLOW_CTX_DAG_ID=dag1
AIRFLOW_CTX_TASK_ID=save_to_csv
AIRFLOW_CTX_EXECUTION_DATE=2022-11-05T18:00:00+00:00
AIRFLOW_CTX_DAG_RUN_ID=scheduled__2022-11-05T18:00:00+00:00
[2022-12-04 12:11:32,312] {python.py:175} INFO - Done. Returned value was: None
[2022-12-04 12:11:32,706] {taskinstance.py:1277} INFO - Marking task as SUCCESS. dag_id=dag1, task_id=save_to_csv, execution_date=20221105T180000, start_date=20221204T121131, end_date=20221204T121132
[2022-12-04 12:11:32,780] {local_task_job.py:154} INFO - Task exited with return code 0
[2022-12-04 12:11:32,881] {local_task_job.py:264} INFO - 1 downstream tasks scheduled from follow-on schedule check
