[2022-12-04 10:00:20,703] {taskinstance.py:1032} INFO - Dependencies all met for <TaskInstance: dag1.save_to_csv scheduled__2022-10-31T03:30:00+00:00 [queued]>
[2022-12-04 10:00:20,760] {taskinstance.py:1032} INFO - Dependencies all met for <TaskInstance: dag1.save_to_csv scheduled__2022-10-31T03:30:00+00:00 [queued]>
[2022-12-04 10:00:20,773] {taskinstance.py:1238} INFO - 
--------------------------------------------------------------------------------
[2022-12-04 10:00:20,777] {taskinstance.py:1239} INFO - Starting attempt 1 of 2
[2022-12-04 10:00:20,778] {taskinstance.py:1240} INFO - 
--------------------------------------------------------------------------------
[2022-12-04 10:00:20,859] {taskinstance.py:1259} INFO - Executing <Task(PythonOperator): save_to_csv> on 2022-10-31 03:30:00+00:00
[2022-12-04 10:00:20,886] {standard_task_runner.py:52} INFO - Started process 3312 to run task
[2022-12-04 10:00:20,920] {standard_task_runner.py:76} INFO - Running: ['***', 'tasks', 'run', 'dag1', 'save_to_csv', 'scheduled__2022-10-31T03:30:00+00:00', '--job-id', '2827', '--raw', '--subdir', 'DAGS_FOLDER/AirflowClean2.py', '--cfg-path', '/tmp/tmptj4jxgii', '--error-file', '/tmp/tmpk9reeulf']
[2022-12-04 10:00:20,925] {standard_task_runner.py:77} INFO - Job 2827: Subtask save_to_csv
[2022-12-04 10:00:21,230] {logging_mixin.py:109} INFO - Running <TaskInstance: dag1.save_to_csv scheduled__2022-10-31T03:30:00+00:00 [running]> on host 9e44869ff3ef
[2022-12-04 10:00:21,506] {taskinstance.py:1426} INFO - Exporting the following env vars:
AIRFLOW_CTX_DAG_OWNER=Fadlil
AIRFLOW_CTX_DAG_ID=dag1
AIRFLOW_CTX_TASK_ID=save_to_csv
AIRFLOW_CTX_EXECUTION_DATE=2022-10-31T03:30:00+00:00
AIRFLOW_CTX_DAG_RUN_ID=scheduled__2022-10-31T03:30:00+00:00
[2022-12-04 10:00:21,721] {python.py:175} INFO - Done. Returned value was: None
[2022-12-04 10:00:22,684] {taskinstance.py:1277} INFO - Marking task as SUCCESS. dag_id=dag1, task_id=save_to_csv, execution_date=20221031T033000, start_date=20221204T100020, end_date=20221204T100022
[2022-12-04 10:00:22,763] {local_task_job.py:154} INFO - Task exited with return code 0
[2022-12-04 10:00:22,841] {local_task_job.py:264} INFO - 1 downstream tasks scheduled from follow-on schedule check
