[2022-12-04 13:07:56,743] {taskinstance.py:1032} INFO - Dependencies all met for <TaskInstance: dag1.get_data scheduled__2022-11-06T17:50:00+00:00 [queued]>
[2022-12-04 13:07:56,768] {taskinstance.py:1032} INFO - Dependencies all met for <TaskInstance: dag1.get_data scheduled__2022-11-06T17:50:00+00:00 [queued]>
[2022-12-04 13:07:56,769] {taskinstance.py:1238} INFO - 
--------------------------------------------------------------------------------
[2022-12-04 13:07:56,771] {taskinstance.py:1239} INFO - Starting attempt 1 of 2
[2022-12-04 13:07:56,779] {taskinstance.py:1240} INFO - 
--------------------------------------------------------------------------------
[2022-12-04 13:07:56,814] {taskinstance.py:1259} INFO - Executing <Task(PythonOperator): get_data> on 2022-11-06 17:50:00+00:00
[2022-12-04 13:07:56,827] {standard_task_runner.py:52} INFO - Started process 2668 to run task
[2022-12-04 13:07:56,834] {standard_task_runner.py:76} INFO - Running: ['***', 'tasks', 'run', 'dag1', 'get_data', 'scheduled__2022-11-06T17:50:00+00:00', '--job-id', '7258', '--raw', '--subdir', 'DAGS_FOLDER/AirflowClean2.py', '--cfg-path', '/tmp/tmpajxyvrdy', '--error-file', '/tmp/tmpicp7ojn2']
[2022-12-04 13:07:56,836] {standard_task_runner.py:77} INFO - Job 7258: Subtask get_data
[2022-12-04 13:07:56,962] {logging_mixin.py:109} INFO - Running <TaskInstance: dag1.get_data scheduled__2022-11-06T17:50:00+00:00 [running]> on host 7a020590adae
[2022-12-04 13:07:57,139] {taskinstance.py:1426} INFO - Exporting the following env vars:
AIRFLOW_CTX_DAG_OWNER=Fadlil
AIRFLOW_CTX_DAG_ID=dag1
AIRFLOW_CTX_TASK_ID=get_data
AIRFLOW_CTX_EXECUTION_DATE=2022-11-06T17:50:00+00:00
AIRFLOW_CTX_DAG_RUN_ID=scheduled__2022-11-06T17:50:00+00:00
[2022-12-04 13:07:57,814] {python.py:175} INFO - Done. Returned value was: None
[2022-12-04 13:07:57,830] {taskinstance.py:1277} INFO - Marking task as SUCCESS. dag_id=dag1, task_id=get_data, execution_date=20221106T175000, start_date=20221204T130756, end_date=20221204T130757
[2022-12-04 13:07:57,899] {local_task_job.py:154} INFO - Task exited with return code 0
[2022-12-04 13:07:58,657] {local_task_job.py:264} INFO - 0 downstream tasks scheduled from follow-on schedule check
