[2022-12-04 11:47:02,034] {taskinstance.py:1032} INFO - Dependencies all met for <TaskInstance: dag1.bigquery_external_table_task scheduled__2022-11-05T02:00:00+00:00 [queued]>
[2022-12-04 11:47:02,286] {taskinstance.py:1032} INFO - Dependencies all met for <TaskInstance: dag1.bigquery_external_table_task scheduled__2022-11-05T02:00:00+00:00 [queued]>
[2022-12-04 11:47:02,292] {taskinstance.py:1238} INFO - 
--------------------------------------------------------------------------------
[2022-12-04 11:47:02,297] {taskinstance.py:1239} INFO - Starting attempt 1 of 2
[2022-12-04 11:47:02,299] {taskinstance.py:1240} INFO - 
--------------------------------------------------------------------------------
[2022-12-04 11:47:02,503] {taskinstance.py:1259} INFO - Executing <Task(BigQueryCreateExternalTableOperator): bigquery_external_table_task> on 2022-11-05 02:00:00+00:00
[2022-12-04 11:47:02,539] {standard_task_runner.py:76} INFO - Running: ['***', 'tasks', 'run', 'dag1', 'bigquery_external_table_task', 'scheduled__2022-11-05T02:00:00+00:00', '--job-id', '5841', '--raw', '--subdir', 'DAGS_FOLDER/AirflowClean2.py', '--cfg-path', '/tmp/tmpz6xtfa1x', '--error-file', '/tmp/tmp01l0ft_t']
[2022-12-04 11:47:02,542] {standard_task_runner.py:77} INFO - Job 5841: Subtask bigquery_external_table_task
[2022-12-04 11:47:02,520] {standard_task_runner.py:52} INFO - Started process 15049 to run task
[2022-12-04 11:47:02,871] {logging_mixin.py:109} INFO - Running <TaskInstance: dag1.bigquery_external_table_task scheduled__2022-11-05T02:00:00+00:00 [running]> on host 9e44869ff3ef
[2022-12-04 11:47:03,161] {taskinstance.py:1426} INFO - Exporting the following env vars:
AIRFLOW_CTX_DAG_OWNER=Fadlil
AIRFLOW_CTX_DAG_ID=dag1
AIRFLOW_CTX_TASK_ID=bigquery_external_table_task
AIRFLOW_CTX_EXECUTION_DATE=2022-11-05T02:00:00+00:00
AIRFLOW_CTX_DAG_RUN_ID=scheduled__2022-11-05T02:00:00+00:00
[2022-12-04 11:47:03,176] {crypto.py:82} WARNING - empty cryptography key - values will not be stored encrypted.
[2022-12-04 11:47:04,876] {taskinstance.py:1277} INFO - Marking task as SUCCESS. dag_id=dag1, task_id=bigquery_external_table_task, execution_date=20221105T020000, start_date=20221204T114702, end_date=20221204T114704
[2022-12-04 11:47:04,996] {local_task_job.py:154} INFO - Task exited with return code 0
[2022-12-04 11:47:05,110] {local_task_job.py:264} INFO - 0 downstream tasks scheduled from follow-on schedule check
