[2022-12-04 13:09:53,537] {taskinstance.py:1032} INFO - Dependencies all met for <TaskInstance: dag1.local_to_gcs_task scheduled__2022-11-06T18:50:00+00:00 [queued]>
[2022-12-04 13:09:53,555] {taskinstance.py:1032} INFO - Dependencies all met for <TaskInstance: dag1.local_to_gcs_task scheduled__2022-11-06T18:50:00+00:00 [queued]>
[2022-12-04 13:09:53,556] {taskinstance.py:1238} INFO - 
--------------------------------------------------------------------------------
[2022-12-04 13:09:53,557] {taskinstance.py:1239} INFO - Starting attempt 1 of 2
[2022-12-04 13:09:53,558] {taskinstance.py:1240} INFO - 
--------------------------------------------------------------------------------
[2022-12-04 13:09:53,587] {taskinstance.py:1259} INFO - Executing <Task(PythonOperator): local_to_gcs_task> on 2022-11-06 18:50:00+00:00
[2022-12-04 13:09:53,595] {standard_task_runner.py:52} INFO - Started process 2862 to run task
[2022-12-04 13:09:53,601] {standard_task_runner.py:76} INFO - Running: ['***', 'tasks', 'run', 'dag1', 'local_to_gcs_task', 'scheduled__2022-11-06T18:50:00+00:00', '--job-id', '7302', '--raw', '--subdir', 'DAGS_FOLDER/AirflowClean2.py', '--cfg-path', '/tmp/tmpbqxaah_p', '--error-file', '/tmp/tmp58jv2ehp']
[2022-12-04 13:09:53,603] {standard_task_runner.py:77} INFO - Job 7302: Subtask local_to_gcs_task
[2022-12-04 13:09:53,695] {logging_mixin.py:109} INFO - Running <TaskInstance: dag1.local_to_gcs_task scheduled__2022-11-06T18:50:00+00:00 [running]> on host 7a020590adae
[2022-12-04 13:09:53,773] {taskinstance.py:1426} INFO - Exporting the following env vars:
AIRFLOW_CTX_DAG_OWNER=Fadlil
AIRFLOW_CTX_DAG_ID=dag1
AIRFLOW_CTX_TASK_ID=local_to_gcs_task
AIRFLOW_CTX_EXECUTION_DATE=2022-11-06T18:50:00+00:00
AIRFLOW_CTX_DAG_RUN_ID=scheduled__2022-11-06T18:50:00+00:00
[2022-12-04 13:09:55,194] {python.py:175} INFO - Done. Returned value was: None
[2022-12-04 13:09:55,232] {taskinstance.py:1277} INFO - Marking task as SUCCESS. dag_id=dag1, task_id=local_to_gcs_task, execution_date=20221106T185000, start_date=20221204T130953, end_date=20221204T130955
[2022-12-04 13:09:55,310] {local_task_job.py:154} INFO - Task exited with return code 0
[2022-12-04 13:09:55,416] {local_task_job.py:264} INFO - 1 downstream tasks scheduled from follow-on schedule check
