[2022-12-04 13:04:53,718] {taskinstance.py:1032} INFO - Dependencies all met for <TaskInstance: dag1.bigquery_external_table_task scheduled__2022-11-06T16:20:00+00:00 [queued]>
[2022-12-04 13:04:53,744] {taskinstance.py:1032} INFO - Dependencies all met for <TaskInstance: dag1.bigquery_external_table_task scheduled__2022-11-06T16:20:00+00:00 [queued]>
[2022-12-04 13:04:53,745] {taskinstance.py:1238} INFO - 
--------------------------------------------------------------------------------
[2022-12-04 13:04:53,745] {taskinstance.py:1239} INFO - Starting attempt 1 of 2
[2022-12-04 13:04:53,746] {taskinstance.py:1240} INFO - 
--------------------------------------------------------------------------------
[2022-12-04 13:04:53,771] {taskinstance.py:1259} INFO - Executing <Task(BigQueryCreateExternalTableOperator): bigquery_external_table_task> on 2022-11-06 16:20:00+00:00
[2022-12-04 13:04:53,778] {standard_task_runner.py:52} INFO - Started process 2445 to run task
[2022-12-04 13:04:53,789] {standard_task_runner.py:76} INFO - Running: ['***', 'tasks', 'run', 'dag1', 'bigquery_external_table_task', 'scheduled__2022-11-06T16:20:00+00:00', '--job-id', '7221', '--raw', '--subdir', 'DAGS_FOLDER/AirflowClean2.py', '--cfg-path', '/tmp/tmp5i12qi_q', '--error-file', '/tmp/tmpdu68k3_m']
[2022-12-04 13:04:53,791] {standard_task_runner.py:77} INFO - Job 7221: Subtask bigquery_external_table_task
[2022-12-04 13:04:53,922] {logging_mixin.py:109} INFO - Running <TaskInstance: dag1.bigquery_external_table_task scheduled__2022-11-06T16:20:00+00:00 [running]> on host 7a020590adae
[2022-12-04 13:04:54,065] {taskinstance.py:1426} INFO - Exporting the following env vars:
AIRFLOW_CTX_DAG_OWNER=Fadlil
AIRFLOW_CTX_DAG_ID=dag1
AIRFLOW_CTX_TASK_ID=bigquery_external_table_task
AIRFLOW_CTX_EXECUTION_DATE=2022-11-06T16:20:00+00:00
AIRFLOW_CTX_DAG_RUN_ID=scheduled__2022-11-06T16:20:00+00:00
[2022-12-04 13:04:54,068] {crypto.py:82} WARNING - empty cryptography key - values will not be stored encrypted.
[2022-12-04 13:04:55,722] {taskinstance.py:1277} INFO - Marking task as SUCCESS. dag_id=dag1, task_id=bigquery_external_table_task, execution_date=20221106T162000, start_date=20221204T130453, end_date=20221204T130455
[2022-12-04 13:04:55,807] {local_task_job.py:154} INFO - Task exited with return code 0
[2022-12-04 13:04:56,194] {local_task_job.py:264} INFO - 1 downstream tasks scheduled from follow-on schedule check
