[2022-12-04 02:59:42,240] {taskinstance.py:1032} INFO - Dependencies all met for <TaskInstance: dag1.save_to_csv scheduled__2022-10-27T05:40:00+00:00 [queued]>
[2022-12-04 02:59:42,352] {taskinstance.py:1032} INFO - Dependencies all met for <TaskInstance: dag1.save_to_csv scheduled__2022-10-27T05:40:00+00:00 [queued]>
[2022-12-04 02:59:42,353] {taskinstance.py:1238} INFO - 
--------------------------------------------------------------------------------
[2022-12-04 02:59:42,353] {taskinstance.py:1239} INFO - Starting attempt 1 of 2
[2022-12-04 02:59:42,354] {taskinstance.py:1240} INFO - 
--------------------------------------------------------------------------------
[2022-12-04 02:59:42,470] {taskinstance.py:1259} INFO - Executing <Task(PythonOperator): save_to_csv> on 2022-10-27 05:40:00+00:00
[2022-12-04 02:59:42,565] {standard_task_runner.py:52} INFO - Started process 961 to run task
[2022-12-04 02:59:42,628] {standard_task_runner.py:76} INFO - Running: ['***', 'tasks', 'run', 'dag1', 'save_to_csv', 'scheduled__2022-10-27T05:40:00+00:00', '--job-id', '742', '--raw', '--subdir', 'DAGS_FOLDER/AirflowClean2.py', '--cfg-path', '/tmp/tmpd56vv09m', '--error-file', '/tmp/tmpw8d2nhzu']
[2022-12-04 02:59:42,633] {standard_task_runner.py:77} INFO - Job 742: Subtask save_to_csv
[2022-12-04 02:59:43,134] {logging_mixin.py:109} INFO - Running <TaskInstance: dag1.save_to_csv scheduled__2022-10-27T05:40:00+00:00 [running]> on host 422c372562ce
[2022-12-04 02:59:43,384] {taskinstance.py:1426} INFO - Exporting the following env vars:
AIRFLOW_CTX_DAG_OWNER=Fadlil
AIRFLOW_CTX_DAG_ID=dag1
AIRFLOW_CTX_TASK_ID=save_to_csv
AIRFLOW_CTX_EXECUTION_DATE=2022-10-27T05:40:00+00:00
AIRFLOW_CTX_DAG_RUN_ID=scheduled__2022-10-27T05:40:00+00:00
[2022-12-04 02:59:43,559] {python.py:175} INFO - Done. Returned value was: None
[2022-12-04 02:59:43,628] {taskinstance.py:1277} INFO - Marking task as SUCCESS. dag_id=dag1, task_id=save_to_csv, execution_date=20221027T054000, start_date=20221204T025942, end_date=20221204T025943
[2022-12-04 02:59:43,725] {local_task_job.py:154} INFO - Task exited with return code 0
[2022-12-04 02:59:43,781] {local_task_job.py:264} INFO - 1 downstream tasks scheduled from follow-on schedule check
