[2022-12-04 17:16:13,682] {taskinstance.py:1032} INFO - Dependencies all met for <TaskInstance: dag1.save_to_parquet scheduled__2022-11-10T02:20:00+00:00 [queued]>
[2022-12-04 17:16:13,735] {taskinstance.py:1032} INFO - Dependencies all met for <TaskInstance: dag1.save_to_parquet scheduled__2022-11-10T02:20:00+00:00 [queued]>
[2022-12-04 17:16:13,740] {taskinstance.py:1238} INFO - 
--------------------------------------------------------------------------------
[2022-12-04 17:16:13,741] {taskinstance.py:1239} INFO - Starting attempt 1 of 2
[2022-12-04 17:16:13,745] {taskinstance.py:1240} INFO - 
--------------------------------------------------------------------------------
[2022-12-04 17:16:13,804] {taskinstance.py:1259} INFO - Executing <Task(PythonOperator): save_to_parquet> on 2022-11-10 02:20:00+00:00
[2022-12-04 17:16:13,812] {standard_task_runner.py:52} INFO - Started process 17394 to run task
[2022-12-04 17:16:13,848] {standard_task_runner.py:76} INFO - Running: ['***', 'tasks', 'run', 'dag1', 'save_to_parquet', 'scheduled__2022-11-10T02:20:00+00:00', '--job-id', '10339', '--raw', '--subdir', 'DAGS_FOLDER/AirflowClean2.py', '--cfg-path', '/tmp/tmpe4jmznsw', '--error-file', '/tmp/tmpzi03kyrx']
[2022-12-04 17:16:13,865] {standard_task_runner.py:77} INFO - Job 10339: Subtask save_to_parquet
[2022-12-04 17:16:14,104] {logging_mixin.py:109} INFO - Running <TaskInstance: dag1.save_to_parquet scheduled__2022-11-10T02:20:00+00:00 [running]> on host 7a020590adae
[2022-12-04 17:16:14,411] {taskinstance.py:1426} INFO - Exporting the following env vars:
AIRFLOW_CTX_DAG_OWNER=Fadlil
AIRFLOW_CTX_DAG_ID=dag1
AIRFLOW_CTX_TASK_ID=save_to_parquet
AIRFLOW_CTX_EXECUTION_DATE=2022-11-10T02:20:00+00:00
AIRFLOW_CTX_DAG_RUN_ID=scheduled__2022-11-10T02:20:00+00:00
[2022-12-04 17:16:14,583] {python.py:175} INFO - Done. Returned value was: None
[2022-12-04 17:16:14,974] {taskinstance.py:1277} INFO - Marking task as SUCCESS. dag_id=dag1, task_id=save_to_parquet, execution_date=20221110T022000, start_date=20221204T171613, end_date=20221204T171614
[2022-12-04 17:16:15,287] {local_task_job.py:154} INFO - Task exited with return code 0
[2022-12-04 17:16:15,421] {local_task_job.py:264} INFO - 1 downstream tasks scheduled from follow-on schedule check
