[2022-12-04 17:50:28,858] {taskinstance.py:1032} INFO - Dependencies all met for <TaskInstance: dag1.get_data scheduled__2022-11-10T18:30:00+00:00 [queued]>
[2022-12-04 17:50:28,881] {taskinstance.py:1032} INFO - Dependencies all met for <TaskInstance: dag1.get_data scheduled__2022-11-10T18:30:00+00:00 [queued]>
[2022-12-04 17:50:28,882] {taskinstance.py:1238} INFO - 
--------------------------------------------------------------------------------
[2022-12-04 17:50:28,883] {taskinstance.py:1239} INFO - Starting attempt 1 of 2
[2022-12-04 17:50:28,883] {taskinstance.py:1240} INFO - 
--------------------------------------------------------------------------------
[2022-12-04 17:50:28,911] {taskinstance.py:1259} INFO - Executing <Task(PythonOperator): get_data> on 2022-11-10 18:30:00+00:00
[2022-12-04 17:50:28,923] {standard_task_runner.py:52} INFO - Started process 20386 to run task
[2022-12-04 17:50:28,930] {standard_task_runner.py:76} INFO - Running: ['***', 'tasks', 'run', 'dag1', 'get_data', 'scheduled__2022-11-10T18:30:00+00:00', '--job-id', '10966', '--raw', '--subdir', 'DAGS_FOLDER/AirflowClean2.py', '--cfg-path', '/tmp/tmp227zhaer', '--error-file', '/tmp/tmpdpzflroa']
[2022-12-04 17:50:28,932] {standard_task_runner.py:77} INFO - Job 10966: Subtask get_data
[2022-12-04 17:50:29,008] {logging_mixin.py:109} INFO - Running <TaskInstance: dag1.get_data scheduled__2022-11-10T18:30:00+00:00 [running]> on host 7a020590adae
[2022-12-04 17:50:29,105] {taskinstance.py:1426} INFO - Exporting the following env vars:
AIRFLOW_CTX_DAG_OWNER=Fadlil
AIRFLOW_CTX_DAG_ID=dag1
AIRFLOW_CTX_TASK_ID=get_data
AIRFLOW_CTX_EXECUTION_DATE=2022-11-10T18:30:00+00:00
AIRFLOW_CTX_DAG_RUN_ID=scheduled__2022-11-10T18:30:00+00:00
[2022-12-04 17:50:29,887] {python.py:175} INFO - Done. Returned value was: None
[2022-12-04 17:50:30,087] {taskinstance.py:1277} INFO - Marking task as SUCCESS. dag_id=dag1, task_id=get_data, execution_date=20221110T183000, start_date=20221204T175028, end_date=20221204T175030
[2022-12-04 17:50:30,164] {local_task_job.py:154} INFO - Task exited with return code 0
[2022-12-04 17:50:30,318] {local_task_job.py:264} INFO - 1 downstream tasks scheduled from follow-on schedule check
