[2022-12-04 11:46:35,044] {taskinstance.py:1032} INFO - Dependencies all met for <TaskInstance: dag1.save_to_csv scheduled__2022-11-05T02:10:00+00:00 [queued]>
[2022-12-04 11:46:35,205] {taskinstance.py:1032} INFO - Dependencies all met for <TaskInstance: dag1.save_to_csv scheduled__2022-11-05T02:10:00+00:00 [queued]>
[2022-12-04 11:46:35,210] {taskinstance.py:1238} INFO - 
--------------------------------------------------------------------------------
[2022-12-04 11:46:35,210] {taskinstance.py:1239} INFO - Starting attempt 1 of 2
[2022-12-04 11:46:35,215] {taskinstance.py:1240} INFO - 
--------------------------------------------------------------------------------
[2022-12-04 11:46:35,325] {taskinstance.py:1259} INFO - Executing <Task(PythonOperator): save_to_csv> on 2022-11-05 02:10:00+00:00
[2022-12-04 11:46:35,342] {standard_task_runner.py:52} INFO - Started process 14963 to run task
[2022-12-04 11:46:35,397] {standard_task_runner.py:76} INFO - Running: ['***', 'tasks', 'run', 'dag1', 'save_to_csv', 'scheduled__2022-11-05T02:10:00+00:00', '--job-id', '5814', '--raw', '--subdir', 'DAGS_FOLDER/AirflowClean2.py', '--cfg-path', '/tmp/tmp4ii1gy52', '--error-file', '/tmp/tmpcx_r3121']
[2022-12-04 11:46:35,408] {standard_task_runner.py:77} INFO - Job 5814: Subtask save_to_csv
[2022-12-04 11:46:35,963] {logging_mixin.py:109} INFO - Running <TaskInstance: dag1.save_to_csv scheduled__2022-11-05T02:10:00+00:00 [running]> on host 9e44869ff3ef
[2022-12-04 11:46:36,245] {taskinstance.py:1426} INFO - Exporting the following env vars:
AIRFLOW_CTX_DAG_OWNER=Fadlil
AIRFLOW_CTX_DAG_ID=dag1
AIRFLOW_CTX_TASK_ID=save_to_csv
AIRFLOW_CTX_EXECUTION_DATE=2022-11-05T02:10:00+00:00
AIRFLOW_CTX_DAG_RUN_ID=scheduled__2022-11-05T02:10:00+00:00
[2022-12-04 11:46:36,381] {python.py:175} INFO - Done. Returned value was: None
[2022-12-04 11:46:36,831] {taskinstance.py:1277} INFO - Marking task as SUCCESS. dag_id=dag1, task_id=save_to_csv, execution_date=20221105T021000, start_date=20221204T114635, end_date=20221204T114636
[2022-12-04 11:46:37,110] {local_task_job.py:154} INFO - Task exited with return code 0
[2022-12-04 11:46:37,700] {local_task_job.py:264} INFO - 1 downstream tasks scheduled from follow-on schedule check
