[2022-12-04 13:29:26,314] {taskinstance.py:1032} INFO - Dependencies all met for <TaskInstance: dag1.get_data scheduled__2022-11-07T04:50:00+00:00 [queued]>
[2022-12-04 13:29:26,337] {taskinstance.py:1032} INFO - Dependencies all met for <TaskInstance: dag1.get_data scheduled__2022-11-07T04:50:00+00:00 [queued]>
[2022-12-04 13:29:26,338] {taskinstance.py:1238} INFO - 
--------------------------------------------------------------------------------
[2022-12-04 13:29:26,338] {taskinstance.py:1239} INFO - Starting attempt 1 of 2
[2022-12-04 13:29:26,339] {taskinstance.py:1240} INFO - 
--------------------------------------------------------------------------------
[2022-12-04 13:29:26,369] {taskinstance.py:1259} INFO - Executing <Task(PythonOperator): get_data> on 2022-11-07 04:50:00+00:00
[2022-12-04 13:29:26,381] {standard_task_runner.py:52} INFO - Started process 4613 to run task
[2022-12-04 13:29:26,395] {standard_task_runner.py:76} INFO - Running: ['***', 'tasks', 'run', 'dag1', 'get_data', 'scheduled__2022-11-07T04:50:00+00:00', '--job-id', '7679', '--raw', '--subdir', 'DAGS_FOLDER/AirflowClean2.py', '--cfg-path', '/tmp/tmpbs5_bfj0', '--error-file', '/tmp/tmpeoxs9hmt']
[2022-12-04 13:29:26,397] {standard_task_runner.py:77} INFO - Job 7679: Subtask get_data
[2022-12-04 13:29:26,576] {logging_mixin.py:109} INFO - Running <TaskInstance: dag1.get_data scheduled__2022-11-07T04:50:00+00:00 [running]> on host 7a020590adae
[2022-12-04 13:29:26,768] {taskinstance.py:1426} INFO - Exporting the following env vars:
AIRFLOW_CTX_DAG_OWNER=Fadlil
AIRFLOW_CTX_DAG_ID=dag1
AIRFLOW_CTX_TASK_ID=get_data
AIRFLOW_CTX_EXECUTION_DATE=2022-11-07T04:50:00+00:00
AIRFLOW_CTX_DAG_RUN_ID=scheduled__2022-11-07T04:50:00+00:00
[2022-12-04 13:29:27,455] {python.py:175} INFO - Done. Returned value was: None
[2022-12-04 13:29:27,478] {taskinstance.py:1277} INFO - Marking task as SUCCESS. dag_id=dag1, task_id=get_data, execution_date=20221107T045000, start_date=20221204T132926, end_date=20221204T132927
[2022-12-04 13:29:27,561] {local_task_job.py:154} INFO - Task exited with return code 0
[2022-12-04 13:29:27,644] {local_task_job.py:264} INFO - 1 downstream tasks scheduled from follow-on schedule check
