[2022-12-04 10:55:17,816] {taskinstance.py:1032} INFO - Dependencies all met for <TaskInstance: dag1.save_to_parquet scheduled__2022-11-03T01:50:00+00:00 [queued]>
[2022-12-04 10:55:18,415] {taskinstance.py:1032} INFO - Dependencies all met for <TaskInstance: dag1.save_to_parquet scheduled__2022-11-03T01:50:00+00:00 [queued]>
[2022-12-04 10:55:18,415] {taskinstance.py:1238} INFO - 
--------------------------------------------------------------------------------
[2022-12-04 10:55:18,416] {taskinstance.py:1239} INFO - Starting attempt 1 of 2
[2022-12-04 10:55:18,418] {taskinstance.py:1240} INFO - 
--------------------------------------------------------------------------------
[2022-12-04 10:55:18,484] {taskinstance.py:1259} INFO - Executing <Task(PythonOperator): save_to_parquet> on 2022-11-03 01:50:00+00:00
[2022-12-04 10:55:18,496] {standard_task_runner.py:52} INFO - Started process 10346 to run task
[2022-12-04 10:55:18,512] {standard_task_runner.py:76} INFO - Running: ['***', 'tasks', 'run', 'dag1', 'save_to_parquet', 'scheduled__2022-11-03T01:50:00+00:00', '--job-id', '4577', '--raw', '--subdir', 'DAGS_FOLDER/AirflowClean2.py', '--cfg-path', '/tmp/tmpverqvgao', '--error-file', '/tmp/tmpd1ny86g9']
[2022-12-04 10:55:18,525] {standard_task_runner.py:77} INFO - Job 4577: Subtask save_to_parquet
[2022-12-04 10:55:18,901] {logging_mixin.py:109} INFO - Running <TaskInstance: dag1.save_to_parquet scheduled__2022-11-03T01:50:00+00:00 [running]> on host 9e44869ff3ef
[2022-12-04 10:55:19,177] {taskinstance.py:1426} INFO - Exporting the following env vars:
AIRFLOW_CTX_DAG_OWNER=Fadlil
AIRFLOW_CTX_DAG_ID=dag1
AIRFLOW_CTX_TASK_ID=save_to_parquet
AIRFLOW_CTX_EXECUTION_DATE=2022-11-03T01:50:00+00:00
AIRFLOW_CTX_DAG_RUN_ID=scheduled__2022-11-03T01:50:00+00:00
[2022-12-04 10:55:19,319] {python.py:175} INFO - Done. Returned value was: None
[2022-12-04 10:55:19,390] {taskinstance.py:1277} INFO - Marking task as SUCCESS. dag_id=dag1, task_id=save_to_parquet, execution_date=20221103T015000, start_date=20221204T105517, end_date=20221204T105519
[2022-12-04 10:55:19,607] {local_task_job.py:154} INFO - Task exited with return code 0
[2022-12-04 10:55:19,698] {local_task_job.py:264} INFO - 1 downstream tasks scheduled from follow-on schedule check
