[2022-12-04 09:51:38,212] {taskinstance.py:1032} INFO - Dependencies all met for <TaskInstance: dag1.save_to_csv scheduled__2022-10-30T08:40:00+00:00 [queued]>
[2022-12-04 09:51:38,239] {taskinstance.py:1032} INFO - Dependencies all met for <TaskInstance: dag1.save_to_csv scheduled__2022-10-30T08:40:00+00:00 [queued]>
[2022-12-04 09:51:38,240] {taskinstance.py:1238} INFO - 
--------------------------------------------------------------------------------
[2022-12-04 09:51:38,241] {taskinstance.py:1239} INFO - Starting attempt 1 of 2
[2022-12-04 09:51:38,242] {taskinstance.py:1240} INFO - 
--------------------------------------------------------------------------------
[2022-12-04 09:51:38,277] {taskinstance.py:1259} INFO - Executing <Task(PythonOperator): save_to_csv> on 2022-10-30 08:40:00+00:00
[2022-12-04 09:51:38,284] {standard_task_runner.py:52} INFO - Started process 2024 to run task
[2022-12-04 09:51:38,300] {standard_task_runner.py:76} INFO - Running: ['***', 'tasks', 'run', 'dag1', 'save_to_csv', 'scheduled__2022-10-30T08:40:00+00:00', '--job-id', '2486', '--raw', '--subdir', 'DAGS_FOLDER/AirflowClean2.py', '--cfg-path', '/tmp/tmpwrq4oswr', '--error-file', '/tmp/tmp_ygk511y']
[2022-12-04 09:51:38,305] {standard_task_runner.py:77} INFO - Job 2486: Subtask save_to_csv
[2022-12-04 09:51:38,427] {logging_mixin.py:109} INFO - Running <TaskInstance: dag1.save_to_csv scheduled__2022-10-30T08:40:00+00:00 [running]> on host 9e44869ff3ef
[2022-12-04 09:51:38,669] {taskinstance.py:1426} INFO - Exporting the following env vars:
AIRFLOW_CTX_DAG_OWNER=Fadlil
AIRFLOW_CTX_DAG_ID=dag1
AIRFLOW_CTX_TASK_ID=save_to_csv
AIRFLOW_CTX_EXECUTION_DATE=2022-10-30T08:40:00+00:00
AIRFLOW_CTX_DAG_RUN_ID=scheduled__2022-10-30T08:40:00+00:00
[2022-12-04 09:51:38,708] {python.py:175} INFO - Done. Returned value was: None
[2022-12-04 09:51:38,725] {taskinstance.py:1277} INFO - Marking task as SUCCESS. dag_id=dag1, task_id=save_to_csv, execution_date=20221030T084000, start_date=20221204T095138, end_date=20221204T095138
[2022-12-04 09:51:38,757] {local_task_job.py:154} INFO - Task exited with return code 0
[2022-12-04 09:51:38,802] {local_task_job.py:264} INFO - 1 downstream tasks scheduled from follow-on schedule check
