[2022-12-04 04:02:50,791] {taskinstance.py:1032} INFO - Dependencies all met for <TaskInstance: dag1.save_to_csv scheduled__2022-10-28T00:20:00+00:00 [queued]>
[2022-12-04 04:02:50,852] {taskinstance.py:1032} INFO - Dependencies all met for <TaskInstance: dag1.save_to_csv scheduled__2022-10-28T00:20:00+00:00 [queued]>
[2022-12-04 04:02:50,853] {taskinstance.py:1238} INFO - 
--------------------------------------------------------------------------------
[2022-12-04 04:02:50,858] {taskinstance.py:1239} INFO - Starting attempt 1 of 2
[2022-12-04 04:02:50,859] {taskinstance.py:1240} INFO - 
--------------------------------------------------------------------------------
[2022-12-04 04:02:50,937] {taskinstance.py:1259} INFO - Executing <Task(PythonOperator): save_to_csv> on 2022-10-28 00:20:00+00:00
[2022-12-04 04:02:50,951] {standard_task_runner.py:52} INFO - Started process 3704 to run task
[2022-12-04 04:02:50,958] {standard_task_runner.py:76} INFO - Running: ['***', 'tasks', 'run', 'dag1', 'save_to_csv', 'scheduled__2022-10-28T00:20:00+00:00', '--job-id', '1180', '--raw', '--subdir', 'DAGS_FOLDER/AirflowClean2.py', '--cfg-path', '/tmp/tmpszwdjxji', '--error-file', '/tmp/tmp5sr2ti5f']
[2022-12-04 04:02:50,966] {standard_task_runner.py:77} INFO - Job 1180: Subtask save_to_csv
[2022-12-04 04:02:51,079] {logging_mixin.py:109} INFO - Running <TaskInstance: dag1.save_to_csv scheduled__2022-10-28T00:20:00+00:00 [running]> on host 422c372562ce
[2022-12-04 04:02:51,190] {taskinstance.py:1426} INFO - Exporting the following env vars:
AIRFLOW_CTX_DAG_OWNER=Fadlil
AIRFLOW_CTX_DAG_ID=dag1
AIRFLOW_CTX_TASK_ID=save_to_csv
AIRFLOW_CTX_EXECUTION_DATE=2022-10-28T00:20:00+00:00
AIRFLOW_CTX_DAG_RUN_ID=scheduled__2022-10-28T00:20:00+00:00
[2022-12-04 04:02:51,289] {python.py:175} INFO - Done. Returned value was: None
[2022-12-04 04:02:51,314] {taskinstance.py:1277} INFO - Marking task as SUCCESS. dag_id=dag1, task_id=save_to_csv, execution_date=20221028T002000, start_date=20221204T040250, end_date=20221204T040251
[2022-12-04 04:02:51,398] {local_task_job.py:154} INFO - Task exited with return code 0
[2022-12-04 04:02:51,476] {local_task_job.py:264} INFO - 1 downstream tasks scheduled from follow-on schedule check
