[2022-12-04 11:47:51,617] {taskinstance.py:1032} INFO - Dependencies all met for <TaskInstance: dag1.local_to_gcs_task scheduled__2022-11-05T03:20:00+00:00 [queued]>
[2022-12-04 11:47:51,708] {taskinstance.py:1032} INFO - Dependencies all met for <TaskInstance: dag1.local_to_gcs_task scheduled__2022-11-05T03:20:00+00:00 [queued]>
[2022-12-04 11:47:51,742] {taskinstance.py:1238} INFO - 
--------------------------------------------------------------------------------
[2022-12-04 11:47:51,747] {taskinstance.py:1239} INFO - Starting attempt 1 of 2
[2022-12-04 11:47:51,758] {taskinstance.py:1240} INFO - 
--------------------------------------------------------------------------------
[2022-12-04 11:47:52,079] {taskinstance.py:1259} INFO - Executing <Task(PythonOperator): local_to_gcs_task> on 2022-11-05 03:20:00+00:00
[2022-12-04 11:47:52,307] {standard_task_runner.py:52} INFO - Started process 15205 to run task
[2022-12-04 11:47:52,338] {standard_task_runner.py:76} INFO - Running: ['***', 'tasks', 'run', 'dag1', 'local_to_gcs_task', 'scheduled__2022-11-05T03:20:00+00:00', '--job-id', '5881', '--raw', '--subdir', 'DAGS_FOLDER/AirflowClean2.py', '--cfg-path', '/tmp/tmp4iw761ag', '--error-file', '/tmp/tmpz6de6yw9']
[2022-12-04 11:47:52,352] {standard_task_runner.py:77} INFO - Job 5881: Subtask local_to_gcs_task
[2022-12-04 11:47:52,870] {logging_mixin.py:109} INFO - Running <TaskInstance: dag1.local_to_gcs_task scheduled__2022-11-05T03:20:00+00:00 [running]> on host 9e44869ff3ef
[2022-12-04 11:47:53,509] {taskinstance.py:1426} INFO - Exporting the following env vars:
AIRFLOW_CTX_DAG_OWNER=Fadlil
AIRFLOW_CTX_DAG_ID=dag1
AIRFLOW_CTX_TASK_ID=local_to_gcs_task
AIRFLOW_CTX_EXECUTION_DATE=2022-11-05T03:20:00+00:00
AIRFLOW_CTX_DAG_RUN_ID=scheduled__2022-11-05T03:20:00+00:00
[2022-12-04 11:47:54,385] {python.py:175} INFO - Done. Returned value was: None
[2022-12-04 11:47:54,405] {taskinstance.py:1277} INFO - Marking task as SUCCESS. dag_id=dag1, task_id=local_to_gcs_task, execution_date=20221105T032000, start_date=20221204T114751, end_date=20221204T114754
[2022-12-04 11:47:54,486] {local_task_job.py:154} INFO - Task exited with return code 0
[2022-12-04 11:47:54,588] {local_task_job.py:264} INFO - 1 downstream tasks scheduled from follow-on schedule check
