[2022-12-04 03:11:05,403] {taskinstance.py:1032} INFO - Dependencies all met for <TaskInstance: dag1.get_data scheduled__2022-10-27T11:00:00+00:00 [queued]>
[2022-12-04 03:11:05,421] {taskinstance.py:1032} INFO - Dependencies all met for <TaskInstance: dag1.get_data scheduled__2022-10-27T11:00:00+00:00 [queued]>
[2022-12-04 03:11:05,422] {taskinstance.py:1238} INFO - 
--------------------------------------------------------------------------------
[2022-12-04 03:11:05,422] {taskinstance.py:1239} INFO - Starting attempt 1 of 2
[2022-12-04 03:11:05,423] {taskinstance.py:1240} INFO - 
--------------------------------------------------------------------------------
[2022-12-04 03:11:05,448] {taskinstance.py:1259} INFO - Executing <Task(PythonOperator): get_data> on 2022-10-27 11:00:00+00:00
[2022-12-04 03:11:05,454] {standard_task_runner.py:52} INFO - Started process 1753 to run task
[2022-12-04 03:11:05,463] {standard_task_runner.py:76} INFO - Running: ['***', 'tasks', 'run', 'dag1', 'get_data', 'scheduled__2022-10-27T11:00:00+00:00', '--job-id', '868', '--raw', '--subdir', 'DAGS_FOLDER/AirflowClean2.py', '--cfg-path', '/tmp/tmpgix2ahjj', '--error-file', '/tmp/tmp77_x1nvx']
[2022-12-04 03:11:05,465] {standard_task_runner.py:77} INFO - Job 868: Subtask get_data
[2022-12-04 03:11:05,647] {logging_mixin.py:109} INFO - Running <TaskInstance: dag1.get_data scheduled__2022-10-27T11:00:00+00:00 [running]> on host 422c372562ce
[2022-12-04 03:11:05,786] {taskinstance.py:1426} INFO - Exporting the following env vars:
AIRFLOW_CTX_DAG_OWNER=Fadlil
AIRFLOW_CTX_DAG_ID=dag1
AIRFLOW_CTX_TASK_ID=get_data
AIRFLOW_CTX_EXECUTION_DATE=2022-10-27T11:00:00+00:00
AIRFLOW_CTX_DAG_RUN_ID=scheduled__2022-10-27T11:00:00+00:00
[2022-12-04 03:11:06,532] {python.py:175} INFO - Done. Returned value was: None
[2022-12-04 03:11:06,558] {taskinstance.py:1277} INFO - Marking task as SUCCESS. dag_id=dag1, task_id=get_data, execution_date=20221027T110000, start_date=20221204T031105, end_date=20221204T031106
[2022-12-04 03:11:06,619] {local_task_job.py:154} INFO - Task exited with return code 0
[2022-12-04 03:11:07,298] {local_task_job.py:264} INFO - 0 downstream tasks scheduled from follow-on schedule check
