[2022-12-04 11:04:32,745] {taskinstance.py:1032} INFO - Dependencies all met for <TaskInstance: dag1.get_data scheduled__2022-11-04T02:20:00+00:00 [queued]>
[2022-12-04 11:04:32,776] {taskinstance.py:1032} INFO - Dependencies all met for <TaskInstance: dag1.get_data scheduled__2022-11-04T02:20:00+00:00 [queued]>
[2022-12-04 11:04:32,780] {taskinstance.py:1238} INFO - 
--------------------------------------------------------------------------------
[2022-12-04 11:04:32,781] {taskinstance.py:1239} INFO - Starting attempt 1 of 2
[2022-12-04 11:04:32,782] {taskinstance.py:1240} INFO - 
--------------------------------------------------------------------------------
[2022-12-04 11:04:32,839] {taskinstance.py:1259} INFO - Executing <Task(PythonOperator): get_data> on 2022-11-04 02:20:00+00:00
[2022-12-04 11:04:32,871] {standard_task_runner.py:52} INFO - Started process 12317 to run task
[2022-12-04 11:04:32,881] {standard_task_runner.py:76} INFO - Running: ['***', 'tasks', 'run', 'dag1', 'get_data', 'scheduled__2022-11-04T02:20:00+00:00', '--job-id', '5151', '--raw', '--subdir', 'DAGS_FOLDER/AirflowClean2.py', '--cfg-path', '/tmp/tmp84ho1fzb', '--error-file', '/tmp/tmpttvxpbc9']
[2022-12-04 11:04:32,893] {standard_task_runner.py:77} INFO - Job 5151: Subtask get_data
[2022-12-04 11:04:33,212] {logging_mixin.py:109} INFO - Running <TaskInstance: dag1.get_data scheduled__2022-11-04T02:20:00+00:00 [running]> on host 9e44869ff3ef
[2022-12-04 11:04:33,598] {taskinstance.py:1426} INFO - Exporting the following env vars:
AIRFLOW_CTX_DAG_OWNER=Fadlil
AIRFLOW_CTX_DAG_ID=dag1
AIRFLOW_CTX_TASK_ID=get_data
AIRFLOW_CTX_EXECUTION_DATE=2022-11-04T02:20:00+00:00
AIRFLOW_CTX_DAG_RUN_ID=scheduled__2022-11-04T02:20:00+00:00
[2022-12-04 11:04:34,412] {python.py:175} INFO - Done. Returned value was: None
[2022-12-04 11:04:34,498] {taskinstance.py:1277} INFO - Marking task as SUCCESS. dag_id=dag1, task_id=get_data, execution_date=20221104T022000, start_date=20221204T110432, end_date=20221204T110434
[2022-12-04 11:04:34,661] {local_task_job.py:154} INFO - Task exited with return code 0
[2022-12-04 11:04:35,295] {local_task_job.py:264} INFO - 0 downstream tasks scheduled from follow-on schedule check
