[2022-12-04 09:56:04,661] {taskinstance.py:1032} INFO - Dependencies all met for <TaskInstance: dag1.save_to_parquet scheduled__2022-10-30T22:10:00+00:00 [queued]>
[2022-12-04 09:56:04,711] {taskinstance.py:1032} INFO - Dependencies all met for <TaskInstance: dag1.save_to_parquet scheduled__2022-10-30T22:10:00+00:00 [queued]>
[2022-12-04 09:56:04,712] {taskinstance.py:1238} INFO - 
--------------------------------------------------------------------------------
[2022-12-04 09:56:04,712] {taskinstance.py:1239} INFO - Starting attempt 1 of 2
[2022-12-04 09:56:04,713] {taskinstance.py:1240} INFO - 
--------------------------------------------------------------------------------
[2022-12-04 09:56:04,760] {taskinstance.py:1259} INFO - Executing <Task(PythonOperator): save_to_parquet> on 2022-10-30 22:10:00+00:00
[2022-12-04 09:56:04,776] {standard_task_runner.py:52} INFO - Started process 2914 to run task
[2022-12-04 09:56:04,802] {standard_task_runner.py:76} INFO - Running: ['***', 'tasks', 'run', 'dag1', 'save_to_parquet', 'scheduled__2022-10-30T22:10:00+00:00', '--job-id', '2739', '--raw', '--subdir', 'DAGS_FOLDER/AirflowClean2.py', '--cfg-path', '/tmp/tmpawkjhnjg', '--error-file', '/tmp/tmpjrr8zgjw']
[2022-12-04 09:56:04,823] {standard_task_runner.py:77} INFO - Job 2739: Subtask save_to_parquet
[2022-12-04 09:56:05,497] {logging_mixin.py:109} INFO - Running <TaskInstance: dag1.save_to_parquet scheduled__2022-10-30T22:10:00+00:00 [running]> on host 9e44869ff3ef
[2022-12-04 09:56:05,697] {taskinstance.py:1426} INFO - Exporting the following env vars:
AIRFLOW_CTX_DAG_OWNER=Fadlil
AIRFLOW_CTX_DAG_ID=dag1
AIRFLOW_CTX_TASK_ID=save_to_parquet
AIRFLOW_CTX_EXECUTION_DATE=2022-10-30T22:10:00+00:00
AIRFLOW_CTX_DAG_RUN_ID=scheduled__2022-10-30T22:10:00+00:00
[2022-12-04 09:56:05,811] {python.py:175} INFO - Done. Returned value was: None
[2022-12-04 09:56:05,879] {taskinstance.py:1277} INFO - Marking task as SUCCESS. dag_id=dag1, task_id=save_to_parquet, execution_date=20221030T221000, start_date=20221204T095604, end_date=20221204T095605
[2022-12-04 09:56:06,006] {local_task_job.py:154} INFO - Task exited with return code 0
[2022-12-04 09:56:07,810] {local_task_job.py:264} INFO - 0 downstream tasks scheduled from follow-on schedule check
