[2022-12-04 13:25:01,196] {taskinstance.py:1032} INFO - Dependencies all met for <TaskInstance: dag1.get_data scheduled__2022-11-07T02:50:00+00:00 [queued]>
[2022-12-04 13:25:01,215] {taskinstance.py:1032} INFO - Dependencies all met for <TaskInstance: dag1.get_data scheduled__2022-11-07T02:50:00+00:00 [queued]>
[2022-12-04 13:25:01,217] {taskinstance.py:1238} INFO - 
--------------------------------------------------------------------------------
[2022-12-04 13:25:01,218] {taskinstance.py:1239} INFO - Starting attempt 1 of 2
[2022-12-04 13:25:01,219] {taskinstance.py:1240} INFO - 
--------------------------------------------------------------------------------
[2022-12-04 13:25:01,248] {taskinstance.py:1259} INFO - Executing <Task(PythonOperator): get_data> on 2022-11-07 02:50:00+00:00
[2022-12-04 13:25:01,257] {standard_task_runner.py:52} INFO - Started process 4235 to run task
[2022-12-04 13:25:01,264] {standard_task_runner.py:76} INFO - Running: ['***', 'tasks', 'run', 'dag1', 'get_data', 'scheduled__2022-11-07T02:50:00+00:00', '--job-id', '7597', '--raw', '--subdir', 'DAGS_FOLDER/AirflowClean2.py', '--cfg-path', '/tmp/tmpd60dswvw', '--error-file', '/tmp/tmpdna2kpn1']
[2022-12-04 13:25:01,267] {standard_task_runner.py:77} INFO - Job 7597: Subtask get_data
[2022-12-04 13:25:01,600] {logging_mixin.py:109} INFO - Running <TaskInstance: dag1.get_data scheduled__2022-11-07T02:50:00+00:00 [running]> on host 7a020590adae
[2022-12-04 13:25:01,846] {taskinstance.py:1426} INFO - Exporting the following env vars:
AIRFLOW_CTX_DAG_OWNER=Fadlil
AIRFLOW_CTX_DAG_ID=dag1
AIRFLOW_CTX_TASK_ID=get_data
AIRFLOW_CTX_EXECUTION_DATE=2022-11-07T02:50:00+00:00
AIRFLOW_CTX_DAG_RUN_ID=scheduled__2022-11-07T02:50:00+00:00
[2022-12-04 13:25:02,550] {python.py:175} INFO - Done. Returned value was: None
[2022-12-04 13:25:02,582] {taskinstance.py:1277} INFO - Marking task as SUCCESS. dag_id=dag1, task_id=get_data, execution_date=20221107T025000, start_date=20221204T132501, end_date=20221204T132502
[2022-12-04 13:25:02,644] {local_task_job.py:154} INFO - Task exited with return code 0
[2022-12-04 13:25:02,827] {local_task_job.py:264} INFO - 1 downstream tasks scheduled from follow-on schedule check
