[2022-12-04 10:34:00,615] {taskinstance.py:1032} INFO - Dependencies all met for <TaskInstance: dag1.local_to_gcs_task scheduled__2022-10-31T20:30:00+00:00 [queued]>
[2022-12-04 10:34:00,704] {taskinstance.py:1032} INFO - Dependencies all met for <TaskInstance: dag1.local_to_gcs_task scheduled__2022-10-31T20:30:00+00:00 [queued]>
[2022-12-04 10:34:00,706] {taskinstance.py:1238} INFO - 
--------------------------------------------------------------------------------
[2022-12-04 10:34:00,717] {taskinstance.py:1239} INFO - Starting attempt 1 of 2
[2022-12-04 10:34:00,720] {taskinstance.py:1240} INFO - 
--------------------------------------------------------------------------------
[2022-12-04 10:34:00,821] {taskinstance.py:1259} INFO - Executing <Task(PythonOperator): local_to_gcs_task> on 2022-10-31 20:30:00+00:00
[2022-12-04 10:34:00,837] {standard_task_runner.py:52} INFO - Started process 5923 to run task
[2022-12-04 10:34:00,848] {standard_task_runner.py:76} INFO - Running: ['***', 'tasks', 'run', 'dag1', 'local_to_gcs_task', 'scheduled__2022-10-31T20:30:00+00:00', '--job-id', '3307', '--raw', '--subdir', 'DAGS_FOLDER/AirflowClean2.py', '--cfg-path', '/tmp/tmpxrph5171', '--error-file', '/tmp/tmpjqka9ml3']
[2022-12-04 10:34:00,850] {standard_task_runner.py:77} INFO - Job 3307: Subtask local_to_gcs_task
[2022-12-04 10:34:01,154] {logging_mixin.py:109} INFO - Running <TaskInstance: dag1.local_to_gcs_task scheduled__2022-10-31T20:30:00+00:00 [running]> on host 9e44869ff3ef
[2022-12-04 10:34:01,400] {taskinstance.py:1426} INFO - Exporting the following env vars:
AIRFLOW_CTX_DAG_OWNER=Fadlil
AIRFLOW_CTX_DAG_ID=dag1
AIRFLOW_CTX_TASK_ID=local_to_gcs_task
AIRFLOW_CTX_EXECUTION_DATE=2022-10-31T20:30:00+00:00
AIRFLOW_CTX_DAG_RUN_ID=scheduled__2022-10-31T20:30:00+00:00
[2022-12-04 10:34:02,968] {python.py:175} INFO - Done. Returned value was: None
[2022-12-04 10:34:03,738] {taskinstance.py:1277} INFO - Marking task as SUCCESS. dag_id=dag1, task_id=local_to_gcs_task, execution_date=20221031T203000, start_date=20221204T103400, end_date=20221204T103403
[2022-12-04 10:34:03,915] {local_task_job.py:154} INFO - Task exited with return code 0
[2022-12-04 10:34:04,120] {local_task_job.py:264} INFO - 0 downstream tasks scheduled from follow-on schedule check
