[2022-12-04 03:05:11,366] {taskinstance.py:1032} INFO - Dependencies all met for <TaskInstance: dag1.get_data scheduled__2022-10-27T07:40:00+00:00 [queued]>
[2022-12-04 03:05:11,447] {taskinstance.py:1032} INFO - Dependencies all met for <TaskInstance: dag1.get_data scheduled__2022-10-27T07:40:00+00:00 [queued]>
[2022-12-04 03:05:11,448] {taskinstance.py:1238} INFO - 
--------------------------------------------------------------------------------
[2022-12-04 03:05:11,448] {taskinstance.py:1239} INFO - Starting attempt 1 of 2
[2022-12-04 03:05:11,449] {taskinstance.py:1240} INFO - 
--------------------------------------------------------------------------------
[2022-12-04 03:05:11,538] {taskinstance.py:1259} INFO - Executing <Task(PythonOperator): get_data> on 2022-10-27 07:40:00+00:00
[2022-12-04 03:05:11,543] {standard_task_runner.py:52} INFO - Started process 1309 to run task
[2022-12-04 03:05:11,548] {standard_task_runner.py:76} INFO - Running: ['***', 'tasks', 'run', 'dag1', 'get_data', 'scheduled__2022-10-27T07:40:00+00:00', '--job-id', '791', '--raw', '--subdir', 'DAGS_FOLDER/AirflowClean2.py', '--cfg-path', '/tmp/tmptwrx824u', '--error-file', '/tmp/tmprl40o3ge']
[2022-12-04 03:05:11,556] {standard_task_runner.py:77} INFO - Job 791: Subtask get_data
[2022-12-04 03:05:11,729] {logging_mixin.py:109} INFO - Running <TaskInstance: dag1.get_data scheduled__2022-10-27T07:40:00+00:00 [running]> on host 422c372562ce
[2022-12-04 03:05:11,901] {taskinstance.py:1426} INFO - Exporting the following env vars:
AIRFLOW_CTX_DAG_OWNER=Fadlil
AIRFLOW_CTX_DAG_ID=dag1
AIRFLOW_CTX_TASK_ID=get_data
AIRFLOW_CTX_EXECUTION_DATE=2022-10-27T07:40:00+00:00
AIRFLOW_CTX_DAG_RUN_ID=scheduled__2022-10-27T07:40:00+00:00
[2022-12-04 03:05:12,670] {python.py:175} INFO - Done. Returned value was: None
[2022-12-04 03:05:12,700] {taskinstance.py:1277} INFO - Marking task as SUCCESS. dag_id=dag1, task_id=get_data, execution_date=20221027T074000, start_date=20221204T030511, end_date=20221204T030512
[2022-12-04 03:05:12,789] {local_task_job.py:154} INFO - Task exited with return code 0
[2022-12-04 03:05:13,047] {local_task_job.py:264} INFO - 0 downstream tasks scheduled from follow-on schedule check
