[2022-12-04 12:10:14,714] {taskinstance.py:1032} INFO - Dependencies all met for <TaskInstance: dag1.save_to_parquet scheduled__2022-11-05T16:40:00+00:00 [queued]>
[2022-12-04 12:10:14,790] {taskinstance.py:1032} INFO - Dependencies all met for <TaskInstance: dag1.save_to_parquet scheduled__2022-11-05T16:40:00+00:00 [queued]>
[2022-12-04 12:10:14,791] {taskinstance.py:1238} INFO - 
--------------------------------------------------------------------------------
[2022-12-04 12:10:14,792] {taskinstance.py:1239} INFO - Starting attempt 1 of 2
[2022-12-04 12:10:14,792] {taskinstance.py:1240} INFO - 
--------------------------------------------------------------------------------
[2022-12-04 12:10:14,819] {taskinstance.py:1259} INFO - Executing <Task(PythonOperator): save_to_parquet> on 2022-11-05 16:40:00+00:00
[2022-12-04 12:10:14,828] {standard_task_runner.py:52} INFO - Started process 17258 to run task
[2022-12-04 12:10:14,841] {standard_task_runner.py:76} INFO - Running: ['***', 'tasks', 'run', 'dag1', 'save_to_parquet', 'scheduled__2022-11-05T16:40:00+00:00', '--job-id', '6317', '--raw', '--subdir', 'DAGS_FOLDER/AirflowClean2.py', '--cfg-path', '/tmp/tmpy8o_2fvr', '--error-file', '/tmp/tmpxwo7yjy3']
[2022-12-04 12:10:14,844] {standard_task_runner.py:77} INFO - Job 6317: Subtask save_to_parquet
[2022-12-04 12:10:14,955] {logging_mixin.py:109} INFO - Running <TaskInstance: dag1.save_to_parquet scheduled__2022-11-05T16:40:00+00:00 [running]> on host 9e44869ff3ef
[2022-12-04 12:10:15,135] {taskinstance.py:1426} INFO - Exporting the following env vars:
AIRFLOW_CTX_DAG_OWNER=Fadlil
AIRFLOW_CTX_DAG_ID=dag1
AIRFLOW_CTX_TASK_ID=save_to_parquet
AIRFLOW_CTX_EXECUTION_DATE=2022-11-05T16:40:00+00:00
AIRFLOW_CTX_DAG_RUN_ID=scheduled__2022-11-05T16:40:00+00:00
[2022-12-04 12:10:15,231] {python.py:175} INFO - Done. Returned value was: None
[2022-12-04 12:10:15,255] {taskinstance.py:1277} INFO - Marking task as SUCCESS. dag_id=dag1, task_id=save_to_parquet, execution_date=20221105T164000, start_date=20221204T121014, end_date=20221204T121015
[2022-12-04 12:10:15,342] {local_task_job.py:154} INFO - Task exited with return code 0
[2022-12-04 12:10:15,481] {local_task_job.py:264} INFO - 1 downstream tasks scheduled from follow-on schedule check
