[2022-12-04 09:54:20,126] {taskinstance.py:1032} INFO - Dependencies all met for <TaskInstance: dag1.save_to_parquet scheduled__2022-10-30T16:30:00+00:00 [queued]>
[2022-12-04 09:54:20,214] {taskinstance.py:1032} INFO - Dependencies all met for <TaskInstance: dag1.save_to_parquet scheduled__2022-10-30T16:30:00+00:00 [queued]>
[2022-12-04 09:54:20,215] {taskinstance.py:1238} INFO - 
--------------------------------------------------------------------------------
[2022-12-04 09:54:20,215] {taskinstance.py:1239} INFO - Starting attempt 1 of 2
[2022-12-04 09:54:20,216] {taskinstance.py:1240} INFO - 
--------------------------------------------------------------------------------
[2022-12-04 09:54:20,303] {taskinstance.py:1259} INFO - Executing <Task(PythonOperator): save_to_parquet> on 2022-10-30 16:30:00+00:00
[2022-12-04 09:54:20,321] {standard_task_runner.py:52} INFO - Started process 2564 to run task
[2022-12-04 09:54:20,332] {standard_task_runner.py:76} INFO - Running: ['***', 'tasks', 'run', 'dag1', 'save_to_parquet', 'scheduled__2022-10-30T16:30:00+00:00', '--job-id', '2639', '--raw', '--subdir', 'DAGS_FOLDER/AirflowClean2.py', '--cfg-path', '/tmp/tmpuu439xh5', '--error-file', '/tmp/tmpbamq2ftc']
[2022-12-04 09:54:20,363] {standard_task_runner.py:77} INFO - Job 2639: Subtask save_to_parquet
[2022-12-04 09:54:20,970] {logging_mixin.py:109} INFO - Running <TaskInstance: dag1.save_to_parquet scheduled__2022-10-30T16:30:00+00:00 [running]> on host 9e44869ff3ef
[2022-12-04 09:54:21,201] {taskinstance.py:1426} INFO - Exporting the following env vars:
AIRFLOW_CTX_DAG_OWNER=Fadlil
AIRFLOW_CTX_DAG_ID=dag1
AIRFLOW_CTX_TASK_ID=save_to_parquet
AIRFLOW_CTX_EXECUTION_DATE=2022-10-30T16:30:00+00:00
AIRFLOW_CTX_DAG_RUN_ID=scheduled__2022-10-30T16:30:00+00:00
[2022-12-04 09:54:21,369] {python.py:175} INFO - Done. Returned value was: None
[2022-12-04 09:54:21,422] {taskinstance.py:1277} INFO - Marking task as SUCCESS. dag_id=dag1, task_id=save_to_parquet, execution_date=20221030T163000, start_date=20221204T095420, end_date=20221204T095421
[2022-12-04 09:54:22,557] {local_task_job.py:154} INFO - Task exited with return code 0
[2022-12-04 09:54:22,702] {local_task_job.py:264} INFO - 0 downstream tasks scheduled from follow-on schedule check
