[2022-12-04 11:46:58,243] {taskinstance.py:1032} INFO - Dependencies all met for <TaskInstance: dag1.bigquery_external_table_task scheduled__2022-11-05T01:40:00+00:00 [queued]>
[2022-12-04 11:46:58,412] {taskinstance.py:1032} INFO - Dependencies all met for <TaskInstance: dag1.bigquery_external_table_task scheduled__2022-11-05T01:40:00+00:00 [queued]>
[2022-12-04 11:46:58,426] {taskinstance.py:1238} INFO - 
--------------------------------------------------------------------------------
[2022-12-04 11:46:58,428] {taskinstance.py:1239} INFO - Starting attempt 1 of 2
[2022-12-04 11:46:58,433] {taskinstance.py:1240} INFO - 
--------------------------------------------------------------------------------
[2022-12-04 11:46:58,528] {taskinstance.py:1259} INFO - Executing <Task(BigQueryCreateExternalTableOperator): bigquery_external_table_task> on 2022-11-05 01:40:00+00:00
[2022-12-04 11:46:58,540] {standard_task_runner.py:52} INFO - Started process 15037 to run task
[2022-12-04 11:46:58,561] {standard_task_runner.py:76} INFO - Running: ['***', 'tasks', 'run', 'dag1', 'bigquery_external_table_task', 'scheduled__2022-11-05T01:40:00+00:00', '--job-id', '5835', '--raw', '--subdir', 'DAGS_FOLDER/AirflowClean2.py', '--cfg-path', '/tmp/tmppnhmymzl', '--error-file', '/tmp/tmpojrkn_ye']
[2022-12-04 11:46:58,574] {standard_task_runner.py:77} INFO - Job 5835: Subtask bigquery_external_table_task
[2022-12-04 11:46:58,891] {logging_mixin.py:109} INFO - Running <TaskInstance: dag1.bigquery_external_table_task scheduled__2022-11-05T01:40:00+00:00 [running]> on host 9e44869ff3ef
[2022-12-04 11:46:59,158] {taskinstance.py:1426} INFO - Exporting the following env vars:
AIRFLOW_CTX_DAG_OWNER=Fadlil
AIRFLOW_CTX_DAG_ID=dag1
AIRFLOW_CTX_TASK_ID=bigquery_external_table_task
AIRFLOW_CTX_EXECUTION_DATE=2022-11-05T01:40:00+00:00
AIRFLOW_CTX_DAG_RUN_ID=scheduled__2022-11-05T01:40:00+00:00
[2022-12-04 11:46:59,162] {crypto.py:82} WARNING - empty cryptography key - values will not be stored encrypted.
[2022-12-04 11:47:00,600] {taskinstance.py:1277} INFO - Marking task as SUCCESS. dag_id=dag1, task_id=bigquery_external_table_task, execution_date=20221105T014000, start_date=20221204T114658, end_date=20221204T114700
[2022-12-04 11:47:00,752] {local_task_job.py:154} INFO - Task exited with return code 0
[2022-12-04 11:47:01,013] {local_task_job.py:264} INFO - 0 downstream tasks scheduled from follow-on schedule check
