[2022-12-04 04:46:36,315] {taskinstance.py:1032} INFO - Dependencies all met for <TaskInstance: dag1.save_to_csv scheduled__2022-10-28T20:20:00+00:00 [queued]>
[2022-12-04 04:46:36,477] {taskinstance.py:1032} INFO - Dependencies all met for <TaskInstance: dag1.save_to_csv scheduled__2022-10-28T20:20:00+00:00 [queued]>
[2022-12-04 04:46:36,487] {taskinstance.py:1238} INFO - 
--------------------------------------------------------------------------------
[2022-12-04 04:46:36,491] {taskinstance.py:1239} INFO - Starting attempt 1 of 2
[2022-12-04 04:46:36,492] {taskinstance.py:1240} INFO - 
--------------------------------------------------------------------------------
[2022-12-04 04:46:36,616] {taskinstance.py:1259} INFO - Executing <Task(PythonOperator): save_to_csv> on 2022-10-28 20:20:00+00:00
[2022-12-04 04:46:36,626] {standard_task_runner.py:52} INFO - Started process 6433 to run task
[2022-12-04 04:46:36,691] {standard_task_runner.py:76} INFO - Running: ['***', 'tasks', 'run', 'dag1', 'save_to_csv', 'scheduled__2022-10-28T20:20:00+00:00', '--job-id', '1672', '--raw', '--subdir', 'DAGS_FOLDER/AirflowClean2.py', '--cfg-path', '/tmp/tmpzft09357', '--error-file', '/tmp/tmpbfxj5n70']
[2022-12-04 04:46:36,699] {standard_task_runner.py:77} INFO - Job 1672: Subtask save_to_csv
[2022-12-04 04:46:37,376] {logging_mixin.py:109} INFO - Running <TaskInstance: dag1.save_to_csv scheduled__2022-10-28T20:20:00+00:00 [running]> on host 422c372562ce
[2022-12-04 04:46:38,029] {taskinstance.py:1426} INFO - Exporting the following env vars:
AIRFLOW_CTX_DAG_OWNER=Fadlil
AIRFLOW_CTX_DAG_ID=dag1
AIRFLOW_CTX_TASK_ID=save_to_csv
AIRFLOW_CTX_EXECUTION_DATE=2022-10-28T20:20:00+00:00
AIRFLOW_CTX_DAG_RUN_ID=scheduled__2022-10-28T20:20:00+00:00
[2022-12-04 04:46:38,414] {python.py:175} INFO - Done. Returned value was: None
[2022-12-04 04:46:39,498] {taskinstance.py:1277} INFO - Marking task as SUCCESS. dag_id=dag1, task_id=save_to_csv, execution_date=20221028T202000, start_date=20221204T044636, end_date=20221204T044639
[2022-12-04 04:46:39,709] {local_task_job.py:154} INFO - Task exited with return code 0
[2022-12-04 04:46:40,183] {local_task_job.py:264} INFO - 1 downstream tasks scheduled from follow-on schedule check
