[2022-12-04 04:52:36,789] {taskinstance.py:1032} INFO - Dependencies all met for <TaskInstance: dag1.get_data scheduled__2022-10-28T23:00:00+00:00 [queued]>
[2022-12-04 04:52:36,818] {taskinstance.py:1032} INFO - Dependencies all met for <TaskInstance: dag1.get_data scheduled__2022-10-28T23:00:00+00:00 [queued]>
[2022-12-04 04:52:36,819] {taskinstance.py:1238} INFO - 
--------------------------------------------------------------------------------
[2022-12-04 04:52:36,819] {taskinstance.py:1239} INFO - Starting attempt 1 of 2
[2022-12-04 04:52:36,821] {taskinstance.py:1240} INFO - 
--------------------------------------------------------------------------------
[2022-12-04 04:52:36,888] {taskinstance.py:1259} INFO - Executing <Task(PythonOperator): get_data> on 2022-10-28 23:00:00+00:00
[2022-12-04 04:52:36,899] {standard_task_runner.py:52} INFO - Started process 6782 to run task
[2022-12-04 04:52:36,911] {standard_task_runner.py:76} INFO - Running: ['***', 'tasks', 'run', 'dag1', 'get_data', 'scheduled__2022-10-28T23:00:00+00:00', '--job-id', '1731', '--raw', '--subdir', 'DAGS_FOLDER/AirflowClean2.py', '--cfg-path', '/tmp/tmp6pz2mpdu', '--error-file', '/tmp/tmp1c2qv_us']
[2022-12-04 04:52:36,934] {standard_task_runner.py:77} INFO - Job 1731: Subtask get_data
[2022-12-04 04:52:37,125] {logging_mixin.py:109} INFO - Running <TaskInstance: dag1.get_data scheduled__2022-10-28T23:00:00+00:00 [running]> on host 422c372562ce
[2022-12-04 04:52:37,429] {taskinstance.py:1426} INFO - Exporting the following env vars:
AIRFLOW_CTX_DAG_OWNER=Fadlil
AIRFLOW_CTX_DAG_ID=dag1
AIRFLOW_CTX_TASK_ID=get_data
AIRFLOW_CTX_EXECUTION_DATE=2022-10-28T23:00:00+00:00
AIRFLOW_CTX_DAG_RUN_ID=scheduled__2022-10-28T23:00:00+00:00
[2022-12-04 04:52:38,359] {python.py:175} INFO - Done. Returned value was: None
[2022-12-04 04:52:39,458] {taskinstance.py:1277} INFO - Marking task as SUCCESS. dag_id=dag1, task_id=get_data, execution_date=20221028T230000, start_date=20221204T045236, end_date=20221204T045239
[2022-12-04 04:52:39,628] {local_task_job.py:154} INFO - Task exited with return code 0
[2022-12-04 04:52:39,874] {local_task_job.py:264} INFO - 1 downstream tasks scheduled from follow-on schedule check
