[2022-12-04 13:38:47,936] {taskinstance.py:1032} INFO - Dependencies all met for <TaskInstance: dag1.save_to_csv scheduled__2022-11-07T09:20:00+00:00 [queued]>
[2022-12-04 13:38:47,955] {taskinstance.py:1032} INFO - Dependencies all met for <TaskInstance: dag1.save_to_csv scheduled__2022-11-07T09:20:00+00:00 [queued]>
[2022-12-04 13:38:47,956] {taskinstance.py:1238} INFO - 
--------------------------------------------------------------------------------
[2022-12-04 13:38:47,956] {taskinstance.py:1239} INFO - Starting attempt 1 of 2
[2022-12-04 13:38:47,957] {taskinstance.py:1240} INFO - 
--------------------------------------------------------------------------------
[2022-12-04 13:38:47,975] {taskinstance.py:1259} INFO - Executing <Task(PythonOperator): save_to_csv> on 2022-11-07 09:20:00+00:00
[2022-12-04 13:38:47,983] {standard_task_runner.py:52} INFO - Started process 5437 to run task
[2022-12-04 13:38:47,987] {standard_task_runner.py:76} INFO - Running: ['***', 'tasks', 'run', 'dag1', 'save_to_csv', 'scheduled__2022-11-07T09:20:00+00:00', '--job-id', '7853', '--raw', '--subdir', 'DAGS_FOLDER/AirflowClean2.py', '--cfg-path', '/tmp/tmpm7iqxfvm', '--error-file', '/tmp/tmpz12tc4u9']
[2022-12-04 13:38:47,989] {standard_task_runner.py:77} INFO - Job 7853: Subtask save_to_csv
[2022-12-04 13:38:48,064] {logging_mixin.py:109} INFO - Running <TaskInstance: dag1.save_to_csv scheduled__2022-11-07T09:20:00+00:00 [running]> on host 7a020590adae
[2022-12-04 13:38:48,147] {taskinstance.py:1426} INFO - Exporting the following env vars:
AIRFLOW_CTX_DAG_OWNER=Fadlil
AIRFLOW_CTX_DAG_ID=dag1
AIRFLOW_CTX_TASK_ID=save_to_csv
AIRFLOW_CTX_EXECUTION_DATE=2022-11-07T09:20:00+00:00
AIRFLOW_CTX_DAG_RUN_ID=scheduled__2022-11-07T09:20:00+00:00
[2022-12-04 13:38:48,184] {python.py:175} INFO - Done. Returned value was: None
[2022-12-04 13:38:48,198] {taskinstance.py:1277} INFO - Marking task as SUCCESS. dag_id=dag1, task_id=save_to_csv, execution_date=20221107T092000, start_date=20221204T133847, end_date=20221204T133848
[2022-12-04 13:38:48,240] {local_task_job.py:154} INFO - Task exited with return code 0
[2022-12-04 13:38:48,369] {local_task_job.py:264} INFO - 1 downstream tasks scheduled from follow-on schedule check
