[2022-12-04 13:16:56,288] {taskinstance.py:1032} INFO - Dependencies all met for <TaskInstance: dag1.save_to_parquet scheduled__2022-11-06T23:00:00+00:00 [queued]>
[2022-12-04 13:16:56,304] {taskinstance.py:1032} INFO - Dependencies all met for <TaskInstance: dag1.save_to_parquet scheduled__2022-11-06T23:00:00+00:00 [queued]>
[2022-12-04 13:16:56,304] {taskinstance.py:1238} INFO - 
--------------------------------------------------------------------------------
[2022-12-04 13:16:56,305] {taskinstance.py:1239} INFO - Starting attempt 1 of 2
[2022-12-04 13:16:56,305] {taskinstance.py:1240} INFO - 
--------------------------------------------------------------------------------
[2022-12-04 13:16:56,320] {taskinstance.py:1259} INFO - Executing <Task(PythonOperator): save_to_parquet> on 2022-11-06 23:00:00+00:00
[2022-12-04 13:16:56,326] {standard_task_runner.py:52} INFO - Started process 3557 to run task
[2022-12-04 13:16:56,331] {standard_task_runner.py:76} INFO - Running: ['***', 'tasks', 'run', 'dag1', 'save_to_parquet', 'scheduled__2022-11-06T23:00:00+00:00', '--job-id', '7456', '--raw', '--subdir', 'DAGS_FOLDER/AirflowClean2.py', '--cfg-path', '/tmp/tmprnzms5fz', '--error-file', '/tmp/tmpyju9paig']
[2022-12-04 13:16:56,332] {standard_task_runner.py:77} INFO - Job 7456: Subtask save_to_parquet
[2022-12-04 13:16:56,411] {logging_mixin.py:109} INFO - Running <TaskInstance: dag1.save_to_parquet scheduled__2022-11-06T23:00:00+00:00 [running]> on host 7a020590adae
[2022-12-04 13:16:56,498] {taskinstance.py:1426} INFO - Exporting the following env vars:
AIRFLOW_CTX_DAG_OWNER=Fadlil
AIRFLOW_CTX_DAG_ID=dag1
AIRFLOW_CTX_TASK_ID=save_to_parquet
AIRFLOW_CTX_EXECUTION_DATE=2022-11-06T23:00:00+00:00
AIRFLOW_CTX_DAG_RUN_ID=scheduled__2022-11-06T23:00:00+00:00
[2022-12-04 13:16:56,535] {python.py:175} INFO - Done. Returned value was: None
[2022-12-04 13:16:56,552] {taskinstance.py:1277} INFO - Marking task as SUCCESS. dag_id=dag1, task_id=save_to_parquet, execution_date=20221106T230000, start_date=20221204T131656, end_date=20221204T131656
[2022-12-04 13:16:56,584] {local_task_job.py:154} INFO - Task exited with return code 0
[2022-12-04 13:16:56,635] {local_task_job.py:264} INFO - 1 downstream tasks scheduled from follow-on schedule check
