[2022-12-04 10:47:11,820] {taskinstance.py:1032} INFO - Dependencies all met for <TaskInstance: dag1.get_data scheduled__2022-11-02T05:00:00+00:00 [queued]>
[2022-12-04 10:47:11,905] {taskinstance.py:1032} INFO - Dependencies all met for <TaskInstance: dag1.get_data scheduled__2022-11-02T05:00:00+00:00 [queued]>
[2022-12-04 10:47:11,906] {taskinstance.py:1238} INFO - 
--------------------------------------------------------------------------------
[2022-12-04 10:47:11,907] {taskinstance.py:1239} INFO - Starting attempt 1 of 2
[2022-12-04 10:47:11,910] {taskinstance.py:1240} INFO - 
--------------------------------------------------------------------------------
[2022-12-04 10:47:12,128] {taskinstance.py:1259} INFO - Executing <Task(PythonOperator): get_data> on 2022-11-02 05:00:00+00:00
[2022-12-04 10:47:12,252] {standard_task_runner.py:52} INFO - Started process 8539 to run task
[2022-12-04 10:47:12,318] {standard_task_runner.py:76} INFO - Running: ['***', 'tasks', 'run', 'dag1', 'get_data', 'scheduled__2022-11-02T05:00:00+00:00', '--job-id', '4052', '--raw', '--subdir', 'DAGS_FOLDER/AirflowClean2.py', '--cfg-path', '/tmp/tmpoi5l3xis', '--error-file', '/tmp/tmp4f7l_6ye']
[2022-12-04 10:47:12,323] {standard_task_runner.py:77} INFO - Job 4052: Subtask get_data
[2022-12-04 10:47:12,985] {logging_mixin.py:109} INFO - Running <TaskInstance: dag1.get_data scheduled__2022-11-02T05:00:00+00:00 [running]> on host 9e44869ff3ef
[2022-12-04 10:47:13,230] {taskinstance.py:1426} INFO - Exporting the following env vars:
AIRFLOW_CTX_DAG_OWNER=Fadlil
AIRFLOW_CTX_DAG_ID=dag1
AIRFLOW_CTX_TASK_ID=get_data
AIRFLOW_CTX_EXECUTION_DATE=2022-11-02T05:00:00+00:00
AIRFLOW_CTX_DAG_RUN_ID=scheduled__2022-11-02T05:00:00+00:00
[2022-12-04 10:47:14,099] {python.py:175} INFO - Done. Returned value was: None
[2022-12-04 10:47:14,598] {taskinstance.py:1277} INFO - Marking task as SUCCESS. dag_id=dag1, task_id=get_data, execution_date=20221102T050000, start_date=20221204T104711, end_date=20221204T104714
[2022-12-04 10:47:14,723] {local_task_job.py:154} INFO - Task exited with return code 0
[2022-12-04 10:47:15,108] {local_task_job.py:264} INFO - 1 downstream tasks scheduled from follow-on schedule check
