[2022-12-04 12:59:36,368] {taskinstance.py:1032} INFO - Dependencies all met for <TaskInstance: dag1.local_to_gcs_task scheduled__2022-11-06T14:10:00+00:00 [queued]>
[2022-12-04 12:59:36,387] {taskinstance.py:1032} INFO - Dependencies all met for <TaskInstance: dag1.local_to_gcs_task scheduled__2022-11-06T14:10:00+00:00 [queued]>
[2022-12-04 12:59:36,388] {taskinstance.py:1238} INFO - 
--------------------------------------------------------------------------------
[2022-12-04 12:59:36,388] {taskinstance.py:1239} INFO - Starting attempt 1 of 2
[2022-12-04 12:59:36,389] {taskinstance.py:1240} INFO - 
--------------------------------------------------------------------------------
[2022-12-04 12:59:36,408] {taskinstance.py:1259} INFO - Executing <Task(PythonOperator): local_to_gcs_task> on 2022-11-06 14:10:00+00:00
[2022-12-04 12:59:36,414] {standard_task_runner.py:52} INFO - Started process 1972 to run task
[2022-12-04 12:59:36,418] {standard_task_runner.py:76} INFO - Running: ['***', 'tasks', 'run', 'dag1', 'local_to_gcs_task', 'scheduled__2022-11-06T14:10:00+00:00', '--job-id', '7118', '--raw', '--subdir', 'DAGS_FOLDER/AirflowClean2.py', '--cfg-path', '/tmp/tmpkyivv038', '--error-file', '/tmp/tmpbxgq5vo5']
[2022-12-04 12:59:36,419] {standard_task_runner.py:77} INFO - Job 7118: Subtask local_to_gcs_task
[2022-12-04 12:59:36,501] {logging_mixin.py:109} INFO - Running <TaskInstance: dag1.local_to_gcs_task scheduled__2022-11-06T14:10:00+00:00 [running]> on host 7a020590adae
[2022-12-04 12:59:36,582] {taskinstance.py:1426} INFO - Exporting the following env vars:
AIRFLOW_CTX_DAG_OWNER=Fadlil
AIRFLOW_CTX_DAG_ID=dag1
AIRFLOW_CTX_TASK_ID=local_to_gcs_task
AIRFLOW_CTX_EXECUTION_DATE=2022-11-06T14:10:00+00:00
AIRFLOW_CTX_DAG_RUN_ID=scheduled__2022-11-06T14:10:00+00:00
[2022-12-04 12:59:37,220] {python.py:175} INFO - Done. Returned value was: None
[2022-12-04 12:59:37,507] {taskinstance.py:1277} INFO - Marking task as SUCCESS. dag_id=dag1, task_id=local_to_gcs_task, execution_date=20221106T141000, start_date=20221204T125936, end_date=20221204T125937
[2022-12-04 12:59:37,557] {local_task_job.py:154} INFO - Task exited with return code 0
[2022-12-04 12:59:37,615] {local_task_job.py:264} INFO - 1 downstream tasks scheduled from follow-on schedule check
