[2022-12-04 17:34:39,420] {taskinstance.py:1032} INFO - Dependencies all met for <TaskInstance: dag1.local_to_gcs_task scheduled__2022-11-10T10:40:00+00:00 [queued]>
[2022-12-04 17:34:39,475] {taskinstance.py:1032} INFO - Dependencies all met for <TaskInstance: dag1.local_to_gcs_task scheduled__2022-11-10T10:40:00+00:00 [queued]>
[2022-12-04 17:34:39,475] {taskinstance.py:1238} INFO - 
--------------------------------------------------------------------------------
[2022-12-04 17:34:39,476] {taskinstance.py:1239} INFO - Starting attempt 1 of 2
[2022-12-04 17:34:39,476] {taskinstance.py:1240} INFO - 
--------------------------------------------------------------------------------
[2022-12-04 17:34:39,520] {taskinstance.py:1259} INFO - Executing <Task(PythonOperator): local_to_gcs_task> on 2022-11-10 10:40:00+00:00
[2022-12-04 17:34:39,527] {standard_task_runner.py:52} INFO - Started process 18988 to run task
[2022-12-04 17:34:39,554] {standard_task_runner.py:76} INFO - Running: ['***', 'tasks', 'run', 'dag1', 'local_to_gcs_task', 'scheduled__2022-11-10T10:40:00+00:00', '--job-id', '10670', '--raw', '--subdir', 'DAGS_FOLDER/AirflowClean2.py', '--cfg-path', '/tmp/tmpkxp41i31', '--error-file', '/tmp/tmpljbnpywr']
[2022-12-04 17:34:39,559] {standard_task_runner.py:77} INFO - Job 10670: Subtask local_to_gcs_task
[2022-12-04 17:34:39,746] {logging_mixin.py:109} INFO - Running <TaskInstance: dag1.local_to_gcs_task scheduled__2022-11-10T10:40:00+00:00 [running]> on host 7a020590adae
[2022-12-04 17:34:39,882] {taskinstance.py:1426} INFO - Exporting the following env vars:
AIRFLOW_CTX_DAG_OWNER=Fadlil
AIRFLOW_CTX_DAG_ID=dag1
AIRFLOW_CTX_TASK_ID=local_to_gcs_task
AIRFLOW_CTX_EXECUTION_DATE=2022-11-10T10:40:00+00:00
AIRFLOW_CTX_DAG_RUN_ID=scheduled__2022-11-10T10:40:00+00:00
[2022-12-04 17:34:41,584] {python.py:175} INFO - Done. Returned value was: None
[2022-12-04 17:34:41,827] {taskinstance.py:1277} INFO - Marking task as SUCCESS. dag_id=dag1, task_id=local_to_gcs_task, execution_date=20221110T104000, start_date=20221204T173439, end_date=20221204T173441
[2022-12-04 17:34:41,957] {local_task_job.py:154} INFO - Task exited with return code 0
[2022-12-04 17:34:42,203] {local_task_job.py:264} INFO - 1 downstream tasks scheduled from follow-on schedule check
