[2022-12-04 12:50:55,619] {taskinstance.py:1032} INFO - Dependencies all met for <TaskInstance: dag1.local_to_gcs_task scheduled__2022-11-06T09:20:00+00:00 [queued]>
[2022-12-04 12:50:55,670] {taskinstance.py:1032} INFO - Dependencies all met for <TaskInstance: dag1.local_to_gcs_task scheduled__2022-11-06T09:20:00+00:00 [queued]>
[2022-12-04 12:50:55,675] {taskinstance.py:1238} INFO - 
--------------------------------------------------------------------------------
[2022-12-04 12:50:55,688] {taskinstance.py:1239} INFO - Starting attempt 1 of 2
[2022-12-04 12:50:55,695] {taskinstance.py:1240} INFO - 
--------------------------------------------------------------------------------
[2022-12-04 12:50:55,749] {taskinstance.py:1259} INFO - Executing <Task(PythonOperator): local_to_gcs_task> on 2022-11-06 09:20:00+00:00
[2022-12-04 12:50:55,760] {standard_task_runner.py:52} INFO - Started process 1152 to run task
[2022-12-04 12:50:55,774] {standard_task_runner.py:76} INFO - Running: ['***', 'tasks', 'run', 'dag1', 'local_to_gcs_task', 'scheduled__2022-11-06T09:20:00+00:00', '--job-id', '6937', '--raw', '--subdir', 'DAGS_FOLDER/AirflowClean2.py', '--cfg-path', '/tmp/tmpjkonw93x', '--error-file', '/tmp/tmphf1gsmjh']
[2022-12-04 12:50:55,787] {standard_task_runner.py:77} INFO - Job 6937: Subtask local_to_gcs_task
[2022-12-04 12:50:55,916] {logging_mixin.py:109} INFO - Running <TaskInstance: dag1.local_to_gcs_task scheduled__2022-11-06T09:20:00+00:00 [running]> on host 7a020590adae
[2022-12-04 12:50:56,088] {taskinstance.py:1426} INFO - Exporting the following env vars:
AIRFLOW_CTX_DAG_OWNER=Fadlil
AIRFLOW_CTX_DAG_ID=dag1
AIRFLOW_CTX_TASK_ID=local_to_gcs_task
AIRFLOW_CTX_EXECUTION_DATE=2022-11-06T09:20:00+00:00
AIRFLOW_CTX_DAG_RUN_ID=scheduled__2022-11-06T09:20:00+00:00
[2022-12-04 12:50:56,988] {python.py:175} INFO - Done. Returned value was: None
[2022-12-04 12:50:57,451] {taskinstance.py:1277} INFO - Marking task as SUCCESS. dag_id=dag1, task_id=local_to_gcs_task, execution_date=20221106T092000, start_date=20221204T125055, end_date=20221204T125057
[2022-12-04 12:50:57,516] {local_task_job.py:154} INFO - Task exited with return code 0
[2022-12-04 12:50:57,645] {local_task_job.py:264} INFO - 1 downstream tasks scheduled from follow-on schedule check
