[2022-12-04 03:57:46,934] {taskinstance.py:1032} INFO - Dependencies all met for <TaskInstance: dag1.get_data scheduled__2022-10-27T21:50:00+00:00 [queued]>
[2022-12-04 03:57:46,992] {taskinstance.py:1032} INFO - Dependencies all met for <TaskInstance: dag1.get_data scheduled__2022-10-27T21:50:00+00:00 [queued]>
[2022-12-04 03:57:46,993] {taskinstance.py:1238} INFO - 
--------------------------------------------------------------------------------
[2022-12-04 03:57:46,993] {taskinstance.py:1239} INFO - Starting attempt 1 of 2
[2022-12-04 03:57:46,997] {taskinstance.py:1240} INFO - 
--------------------------------------------------------------------------------
[2022-12-04 03:57:47,071] {taskinstance.py:1259} INFO - Executing <Task(PythonOperator): get_data> on 2022-10-27 21:50:00+00:00
[2022-12-04 03:57:47,083] {standard_task_runner.py:52} INFO - Started process 3371 to run task
[2022-12-04 03:57:47,113] {standard_task_runner.py:76} INFO - Running: ['***', 'tasks', 'run', 'dag1', 'get_data', 'scheduled__2022-10-27T21:50:00+00:00', '--job-id', '1124', '--raw', '--subdir', 'DAGS_FOLDER/AirflowClean2.py', '--cfg-path', '/tmp/tmpcx4j4h8p', '--error-file', '/tmp/tmpp314f0n_']
[2022-12-04 03:57:47,129] {standard_task_runner.py:77} INFO - Job 1124: Subtask get_data
[2022-12-04 03:57:47,415] {logging_mixin.py:109} INFO - Running <TaskInstance: dag1.get_data scheduled__2022-10-27T21:50:00+00:00 [running]> on host 422c372562ce
[2022-12-04 03:57:47,659] {taskinstance.py:1426} INFO - Exporting the following env vars:
AIRFLOW_CTX_DAG_OWNER=Fadlil
AIRFLOW_CTX_DAG_ID=dag1
AIRFLOW_CTX_TASK_ID=get_data
AIRFLOW_CTX_EXECUTION_DATE=2022-10-27T21:50:00+00:00
AIRFLOW_CTX_DAG_RUN_ID=scheduled__2022-10-27T21:50:00+00:00
[2022-12-04 03:57:48,613] {python.py:175} INFO - Done. Returned value was: None
[2022-12-04 03:57:48,686] {taskinstance.py:1277} INFO - Marking task as SUCCESS. dag_id=dag1, task_id=get_data, execution_date=20221027T215000, start_date=20221204T035746, end_date=20221204T035748
[2022-12-04 03:57:48,800] {local_task_job.py:154} INFO - Task exited with return code 0
[2022-12-04 03:57:48,920] {local_task_job.py:264} INFO - 1 downstream tasks scheduled from follow-on schedule check
