[2022-12-04 10:47:03,144] {taskinstance.py:1032} INFO - Dependencies all met for <TaskInstance: dag1.get_data scheduled__2022-11-02T04:00:00+00:00 [queued]>
[2022-12-04 10:47:03,168] {taskinstance.py:1032} INFO - Dependencies all met for <TaskInstance: dag1.get_data scheduled__2022-11-02T04:00:00+00:00 [queued]>
[2022-12-04 10:47:03,169] {taskinstance.py:1238} INFO - 
--------------------------------------------------------------------------------
[2022-12-04 10:47:03,170] {taskinstance.py:1239} INFO - Starting attempt 1 of 2
[2022-12-04 10:47:03,170] {taskinstance.py:1240} INFO - 
--------------------------------------------------------------------------------
[2022-12-04 10:47:03,205] {taskinstance.py:1259} INFO - Executing <Task(PythonOperator): get_data> on 2022-11-02 04:00:00+00:00
[2022-12-04 10:47:03,216] {standard_task_runner.py:52} INFO - Started process 8495 to run task
[2022-12-04 10:47:03,230] {standard_task_runner.py:76} INFO - Running: ['***', 'tasks', 'run', 'dag1', 'get_data', 'scheduled__2022-11-02T04:00:00+00:00', '--job-id', '4042', '--raw', '--subdir', 'DAGS_FOLDER/AirflowClean2.py', '--cfg-path', '/tmp/tmpag8u4bit', '--error-file', '/tmp/tmp_u713iaj']
[2022-12-04 10:47:03,251] {standard_task_runner.py:77} INFO - Job 4042: Subtask get_data
[2022-12-04 10:47:03,567] {logging_mixin.py:109} INFO - Running <TaskInstance: dag1.get_data scheduled__2022-11-02T04:00:00+00:00 [running]> on host 9e44869ff3ef
[2022-12-04 10:47:03,822] {taskinstance.py:1426} INFO - Exporting the following env vars:
AIRFLOW_CTX_DAG_OWNER=Fadlil
AIRFLOW_CTX_DAG_ID=dag1
AIRFLOW_CTX_TASK_ID=get_data
AIRFLOW_CTX_EXECUTION_DATE=2022-11-02T04:00:00+00:00
AIRFLOW_CTX_DAG_RUN_ID=scheduled__2022-11-02T04:00:00+00:00
[2022-12-04 10:47:04,573] {python.py:175} INFO - Done. Returned value was: None
[2022-12-04 10:47:04,895] {taskinstance.py:1277} INFO - Marking task as SUCCESS. dag_id=dag1, task_id=get_data, execution_date=20221102T040000, start_date=20221204T104703, end_date=20221204T104704
[2022-12-04 10:47:05,028] {local_task_job.py:154} INFO - Task exited with return code 0
[2022-12-04 10:47:05,191] {local_task_job.py:264} INFO - 1 downstream tasks scheduled from follow-on schedule check
