[2022-12-04 17:44:30,804] {taskinstance.py:1032} INFO - Dependencies all met for <TaskInstance: dag1.save_to_csv scheduled__2022-11-10T15:30:00+00:00 [queued]>
[2022-12-04 17:44:30,825] {taskinstance.py:1032} INFO - Dependencies all met for <TaskInstance: dag1.save_to_csv scheduled__2022-11-10T15:30:00+00:00 [queued]>
[2022-12-04 17:44:30,827] {taskinstance.py:1238} INFO - 
--------------------------------------------------------------------------------
[2022-12-04 17:44:30,828] {taskinstance.py:1239} INFO - Starting attempt 1 of 2
[2022-12-04 17:44:30,829] {taskinstance.py:1240} INFO - 
--------------------------------------------------------------------------------
[2022-12-04 17:44:30,865] {taskinstance.py:1259} INFO - Executing <Task(PythonOperator): save_to_csv> on 2022-11-10 15:30:00+00:00
[2022-12-04 17:44:30,873] {standard_task_runner.py:52} INFO - Started process 19836 to run task
[2022-12-04 17:44:30,899] {standard_task_runner.py:76} INFO - Running: ['***', 'tasks', 'run', 'dag1', 'save_to_csv', 'scheduled__2022-11-10T15:30:00+00:00', '--job-id', '10844', '--raw', '--subdir', 'DAGS_FOLDER/AirflowClean2.py', '--cfg-path', '/tmp/tmpi4dp_77a', '--error-file', '/tmp/tmpshhc9xpy']
[2022-12-04 17:44:30,902] {standard_task_runner.py:77} INFO - Job 10844: Subtask save_to_csv
[2022-12-04 17:44:31,005] {logging_mixin.py:109} INFO - Running <TaskInstance: dag1.save_to_csv scheduled__2022-11-10T15:30:00+00:00 [running]> on host 7a020590adae
[2022-12-04 17:44:31,105] {taskinstance.py:1426} INFO - Exporting the following env vars:
AIRFLOW_CTX_DAG_OWNER=Fadlil
AIRFLOW_CTX_DAG_ID=dag1
AIRFLOW_CTX_TASK_ID=save_to_csv
AIRFLOW_CTX_EXECUTION_DATE=2022-11-10T15:30:00+00:00
AIRFLOW_CTX_DAG_RUN_ID=scheduled__2022-11-10T15:30:00+00:00
[2022-12-04 17:44:31,157] {python.py:175} INFO - Done. Returned value was: None
[2022-12-04 17:44:31,762] {taskinstance.py:1277} INFO - Marking task as SUCCESS. dag_id=dag1, task_id=save_to_csv, execution_date=20221110T153000, start_date=20221204T174430, end_date=20221204T174431
[2022-12-04 17:44:31,833] {local_task_job.py:154} INFO - Task exited with return code 0
[2022-12-04 17:44:31,940] {local_task_job.py:264} INFO - 1 downstream tasks scheduled from follow-on schedule check
