[2022-12-04 11:01:56,552] {taskinstance.py:1032} INFO - Dependencies all met for <TaskInstance: dag1.save_to_parquet scheduled__2022-11-03T19:00:00+00:00 [queued]>
[2022-12-04 11:01:57,707] {taskinstance.py:1032} INFO - Dependencies all met for <TaskInstance: dag1.save_to_parquet scheduled__2022-11-03T19:00:00+00:00 [queued]>
[2022-12-04 11:01:57,723] {taskinstance.py:1238} INFO - 
--------------------------------------------------------------------------------
[2022-12-04 11:01:57,727] {taskinstance.py:1239} INFO - Starting attempt 1 of 2
[2022-12-04 11:01:57,727] {taskinstance.py:1240} INFO - 
--------------------------------------------------------------------------------
[2022-12-04 11:01:57,798] {taskinstance.py:1259} INFO - Executing <Task(PythonOperator): save_to_parquet> on 2022-11-03 19:00:00+00:00
[2022-12-04 11:01:57,806] {standard_task_runner.py:52} INFO - Started process 11802 to run task
[2022-12-04 11:01:57,894] {standard_task_runner.py:76} INFO - Running: ['***', 'tasks', 'run', 'dag1', 'save_to_parquet', 'scheduled__2022-11-03T19:00:00+00:00', '--job-id', '4998', '--raw', '--subdir', 'DAGS_FOLDER/AirflowClean2.py', '--cfg-path', '/tmp/tmp4y3g114s', '--error-file', '/tmp/tmp0b7ohsbh']
[2022-12-04 11:01:57,913] {standard_task_runner.py:77} INFO - Job 4998: Subtask save_to_parquet
[2022-12-04 11:01:58,259] {logging_mixin.py:109} INFO - Running <TaskInstance: dag1.save_to_parquet scheduled__2022-11-03T19:00:00+00:00 [running]> on host 9e44869ff3ef
[2022-12-04 11:01:58,529] {taskinstance.py:1426} INFO - Exporting the following env vars:
AIRFLOW_CTX_DAG_OWNER=Fadlil
AIRFLOW_CTX_DAG_ID=dag1
AIRFLOW_CTX_TASK_ID=save_to_parquet
AIRFLOW_CTX_EXECUTION_DATE=2022-11-03T19:00:00+00:00
AIRFLOW_CTX_DAG_RUN_ID=scheduled__2022-11-03T19:00:00+00:00
[2022-12-04 11:01:58,698] {python.py:175} INFO - Done. Returned value was: None
[2022-12-04 11:01:58,746] {taskinstance.py:1277} INFO - Marking task as SUCCESS. dag_id=dag1, task_id=save_to_parquet, execution_date=20221103T190000, start_date=20221204T110156, end_date=20221204T110158
[2022-12-04 11:01:58,834] {local_task_job.py:154} INFO - Task exited with return code 0
[2022-12-04 11:01:59,019] {local_task_job.py:264} INFO - 1 downstream tasks scheduled from follow-on schedule check
