[2022-12-04 10:43:48,782] {taskinstance.py:1032} INFO - Dependencies all met for <TaskInstance: dag1.save_to_parquet scheduled__2022-11-01T20:30:00+00:00 [queued]>
[2022-12-04 10:43:48,822] {taskinstance.py:1032} INFO - Dependencies all met for <TaskInstance: dag1.save_to_parquet scheduled__2022-11-01T20:30:00+00:00 [queued]>
[2022-12-04 10:43:48,830] {taskinstance.py:1238} INFO - 
--------------------------------------------------------------------------------
[2022-12-04 10:43:48,831] {taskinstance.py:1239} INFO - Starting attempt 1 of 2
[2022-12-04 10:43:48,833] {taskinstance.py:1240} INFO - 
--------------------------------------------------------------------------------
[2022-12-04 10:43:48,874] {taskinstance.py:1259} INFO - Executing <Task(PythonOperator): save_to_parquet> on 2022-11-01 20:30:00+00:00
[2022-12-04 10:43:48,887] {standard_task_runner.py:52} INFO - Started process 7865 to run task
[2022-12-04 10:43:48,903] {standard_task_runner.py:76} INFO - Running: ['***', 'tasks', 'run', 'dag1', 'save_to_parquet', 'scheduled__2022-11-01T20:30:00+00:00', '--job-id', '3862', '--raw', '--subdir', 'DAGS_FOLDER/AirflowClean2.py', '--cfg-path', '/tmp/tmpn23xus6d', '--error-file', '/tmp/tmpx7_z_z3h']
[2022-12-04 10:43:48,910] {standard_task_runner.py:77} INFO - Job 3862: Subtask save_to_parquet
[2022-12-04 10:43:49,574] {logging_mixin.py:109} INFO - Running <TaskInstance: dag1.save_to_parquet scheduled__2022-11-01T20:30:00+00:00 [running]> on host 9e44869ff3ef
[2022-12-04 10:43:50,510] {taskinstance.py:1426} INFO - Exporting the following env vars:
AIRFLOW_CTX_DAG_OWNER=Fadlil
AIRFLOW_CTX_DAG_ID=dag1
AIRFLOW_CTX_TASK_ID=save_to_parquet
AIRFLOW_CTX_EXECUTION_DATE=2022-11-01T20:30:00+00:00
AIRFLOW_CTX_DAG_RUN_ID=scheduled__2022-11-01T20:30:00+00:00
[2022-12-04 10:43:50,645] {python.py:175} INFO - Done. Returned value was: None
[2022-12-04 10:43:50,700] {taskinstance.py:1277} INFO - Marking task as SUCCESS. dag_id=dag1, task_id=save_to_parquet, execution_date=20221101T203000, start_date=20221204T104348, end_date=20221204T104350
[2022-12-04 10:43:50,855] {local_task_job.py:154} INFO - Task exited with return code 0
[2022-12-04 10:43:50,967] {local_task_job.py:264} INFO - 1 downstream tasks scheduled from follow-on schedule check
