[2022-12-04 09:27:24,736] {taskinstance.py:1032} INFO - Dependencies all met for <TaskInstance: dag1.save_to_csv scheduled__2022-10-29T22:50:00+00:00 [queued]>
[2022-12-04 09:27:24,771] {taskinstance.py:1032} INFO - Dependencies all met for <TaskInstance: dag1.save_to_csv scheduled__2022-10-29T22:50:00+00:00 [queued]>
[2022-12-04 09:27:24,772] {taskinstance.py:1238} INFO - 
--------------------------------------------------------------------------------
[2022-12-04 09:27:24,776] {taskinstance.py:1239} INFO - Starting attempt 1 of 2
[2022-12-04 09:27:24,777] {taskinstance.py:1240} INFO - 
--------------------------------------------------------------------------------
[2022-12-04 09:27:24,860] {taskinstance.py:1259} INFO - Executing <Task(PythonOperator): save_to_csv> on 2022-10-29 22:50:00+00:00
[2022-12-04 09:27:24,872] {standard_task_runner.py:52} INFO - Started process 589 to run task
[2022-12-04 09:27:24,918] {standard_task_runner.py:76} INFO - Running: ['***', 'tasks', 'run', 'dag1', 'save_to_csv', 'scheduled__2022-10-29T22:50:00+00:00', '--job-id', '2307', '--raw', '--subdir', 'DAGS_FOLDER/AirflowClean2.py', '--cfg-path', '/tmp/tmpy1pqywpd', '--error-file', '/tmp/tmpvyud4lol']
[2022-12-04 09:27:24,922] {standard_task_runner.py:77} INFO - Job 2307: Subtask save_to_csv
[2022-12-04 09:27:25,080] {logging_mixin.py:109} INFO - Running <TaskInstance: dag1.save_to_csv scheduled__2022-10-29T22:50:00+00:00 [running]> on host 9e44869ff3ef
[2022-12-04 09:27:25,224] {taskinstance.py:1426} INFO - Exporting the following env vars:
AIRFLOW_CTX_DAG_OWNER=Fadlil
AIRFLOW_CTX_DAG_ID=dag1
AIRFLOW_CTX_TASK_ID=save_to_csv
AIRFLOW_CTX_EXECUTION_DATE=2022-10-29T22:50:00+00:00
AIRFLOW_CTX_DAG_RUN_ID=scheduled__2022-10-29T22:50:00+00:00
[2022-12-04 09:27:25,292] {python.py:175} INFO - Done. Returned value was: None
[2022-12-04 09:27:25,441] {taskinstance.py:1277} INFO - Marking task as SUCCESS. dag_id=dag1, task_id=save_to_csv, execution_date=20221029T225000, start_date=20221204T092724, end_date=20221204T092725
[2022-12-04 09:27:25,528] {local_task_job.py:154} INFO - Task exited with return code 0
[2022-12-04 09:27:25,684] {local_task_job.py:264} INFO - 1 downstream tasks scheduled from follow-on schedule check
