[2022-12-04 10:55:15,855] {taskinstance.py:1032} INFO - Dependencies all met for <TaskInstance: dag1.local_to_gcs_task scheduled__2022-11-03T01:10:00+00:00 [queued]>
[2022-12-04 10:55:15,913] {taskinstance.py:1032} INFO - Dependencies all met for <TaskInstance: dag1.local_to_gcs_task scheduled__2022-11-03T01:10:00+00:00 [queued]>
[2022-12-04 10:55:15,919] {taskinstance.py:1238} INFO - 
--------------------------------------------------------------------------------
[2022-12-04 10:55:15,931] {taskinstance.py:1239} INFO - Starting attempt 1 of 2
[2022-12-04 10:55:15,941] {taskinstance.py:1240} INFO - 
--------------------------------------------------------------------------------
[2022-12-04 10:55:15,983] {taskinstance.py:1259} INFO - Executing <Task(PythonOperator): local_to_gcs_task> on 2022-11-03 01:10:00+00:00
[2022-12-04 10:55:16,014] {standard_task_runner.py:52} INFO - Started process 10342 to run task
[2022-12-04 10:55:16,088] {standard_task_runner.py:76} INFO - Running: ['***', 'tasks', 'run', 'dag1', 'local_to_gcs_task', 'scheduled__2022-11-03T01:10:00+00:00', '--job-id', '4573', '--raw', '--subdir', 'DAGS_FOLDER/AirflowClean2.py', '--cfg-path', '/tmp/tmpao7_w1r_', '--error-file', '/tmp/tmpoj9_bp65']
[2022-12-04 10:55:16,122] {standard_task_runner.py:77} INFO - Job 4573: Subtask local_to_gcs_task
[2022-12-04 10:55:16,544] {logging_mixin.py:109} INFO - Running <TaskInstance: dag1.local_to_gcs_task scheduled__2022-11-03T01:10:00+00:00 [running]> on host 9e44869ff3ef
[2022-12-04 10:55:16,810] {taskinstance.py:1426} INFO - Exporting the following env vars:
AIRFLOW_CTX_DAG_OWNER=Fadlil
AIRFLOW_CTX_DAG_ID=dag1
AIRFLOW_CTX_TASK_ID=local_to_gcs_task
AIRFLOW_CTX_EXECUTION_DATE=2022-11-03T01:10:00+00:00
AIRFLOW_CTX_DAG_RUN_ID=scheduled__2022-11-03T01:10:00+00:00
[2022-12-04 10:55:17,878] {python.py:175} INFO - Done. Returned value was: None
[2022-12-04 10:55:17,944] {taskinstance.py:1277} INFO - Marking task as SUCCESS. dag_id=dag1, task_id=local_to_gcs_task, execution_date=20221103T011000, start_date=20221204T105515, end_date=20221204T105517
[2022-12-04 10:55:18,109] {local_task_job.py:154} INFO - Task exited with return code 0
[2022-12-04 10:55:18,631] {local_task_job.py:264} INFO - 0 downstream tasks scheduled from follow-on schedule check
