[2022-12-04 12:03:45,087] {taskinstance.py:1032} INFO - Dependencies all met for <TaskInstance: dag1.save_to_csv scheduled__2022-11-05T14:30:00+00:00 [queued]>
[2022-12-04 12:03:45,124] {taskinstance.py:1032} INFO - Dependencies all met for <TaskInstance: dag1.save_to_csv scheduled__2022-11-05T14:30:00+00:00 [queued]>
[2022-12-04 12:03:45,135] {taskinstance.py:1238} INFO - 
--------------------------------------------------------------------------------
[2022-12-04 12:03:45,135] {taskinstance.py:1239} INFO - Starting attempt 1 of 2
[2022-12-04 12:03:45,136] {taskinstance.py:1240} INFO - 
--------------------------------------------------------------------------------
[2022-12-04 12:03:45,264] {taskinstance.py:1259} INFO - Executing <Task(PythonOperator): save_to_csv> on 2022-11-05 14:30:00+00:00
[2022-12-04 12:03:45,302] {standard_task_runner.py:76} INFO - Running: ['***', 'tasks', 'run', 'dag1', 'save_to_csv', 'scheduled__2022-11-05T14:30:00+00:00', '--job-id', '6206', '--raw', '--subdir', 'DAGS_FOLDER/AirflowClean2.py', '--cfg-path', '/tmp/tmpg71y8772', '--error-file', '/tmp/tmpetbzlic7']
[2022-12-04 12:03:45,307] {standard_task_runner.py:77} INFO - Job 6206: Subtask save_to_csv
[2022-12-04 12:03:45,314] {standard_task_runner.py:52} INFO - Started process 16733 to run task
[2022-12-04 12:03:45,850] {logging_mixin.py:109} INFO - Running <TaskInstance: dag1.save_to_csv scheduled__2022-11-05T14:30:00+00:00 [running]> on host 9e44869ff3ef
[2022-12-04 12:03:46,369] {taskinstance.py:1426} INFO - Exporting the following env vars:
AIRFLOW_CTX_DAG_OWNER=Fadlil
AIRFLOW_CTX_DAG_ID=dag1
AIRFLOW_CTX_TASK_ID=save_to_csv
AIRFLOW_CTX_EXECUTION_DATE=2022-11-05T14:30:00+00:00
AIRFLOW_CTX_DAG_RUN_ID=scheduled__2022-11-05T14:30:00+00:00
[2022-12-04 12:03:46,704] {python.py:175} INFO - Done. Returned value was: None
[2022-12-04 12:03:47,853] {taskinstance.py:1277} INFO - Marking task as SUCCESS. dag_id=dag1, task_id=save_to_csv, execution_date=20221105T143000, start_date=20221204T120345, end_date=20221204T120347
[2022-12-04 12:03:48,394] {local_task_job.py:154} INFO - Task exited with return code 0
[2022-12-04 12:03:49,292] {local_task_job.py:264} INFO - 1 downstream tasks scheduled from follow-on schedule check
