[2022-12-04 11:59:57,639] {taskinstance.py:1032} INFO - Dependencies all met for <TaskInstance: dag1.save_to_parquet scheduled__2022-11-05T12:30:00+00:00 [queued]>
[2022-12-04 11:59:57,653] {taskinstance.py:1032} INFO - Dependencies all met for <TaskInstance: dag1.save_to_parquet scheduled__2022-11-05T12:30:00+00:00 [queued]>
[2022-12-04 11:59:57,653] {taskinstance.py:1238} INFO - 
--------------------------------------------------------------------------------
[2022-12-04 11:59:57,654] {taskinstance.py:1239} INFO - Starting attempt 1 of 2
[2022-12-04 11:59:57,654] {taskinstance.py:1240} INFO - 
--------------------------------------------------------------------------------
[2022-12-04 11:59:57,678] {taskinstance.py:1259} INFO - Executing <Task(PythonOperator): save_to_parquet> on 2022-11-05 12:30:00+00:00
[2022-12-04 11:59:57,685] {standard_task_runner.py:52} INFO - Started process 16425 to run task
[2022-12-04 11:59:57,690] {standard_task_runner.py:76} INFO - Running: ['***', 'tasks', 'run', 'dag1', 'save_to_parquet', 'scheduled__2022-11-05T12:30:00+00:00', '--job-id', '6149', '--raw', '--subdir', 'DAGS_FOLDER/AirflowClean2.py', '--cfg-path', '/tmp/tmpau_mvp70', '--error-file', '/tmp/tmp6x3euhkg']
[2022-12-04 11:59:57,691] {standard_task_runner.py:77} INFO - Job 6149: Subtask save_to_parquet
[2022-12-04 11:59:57,771] {logging_mixin.py:109} INFO - Running <TaskInstance: dag1.save_to_parquet scheduled__2022-11-05T12:30:00+00:00 [running]> on host 9e44869ff3ef
[2022-12-04 11:59:57,854] {taskinstance.py:1426} INFO - Exporting the following env vars:
AIRFLOW_CTX_DAG_OWNER=Fadlil
AIRFLOW_CTX_DAG_ID=dag1
AIRFLOW_CTX_TASK_ID=save_to_parquet
AIRFLOW_CTX_EXECUTION_DATE=2022-11-05T12:30:00+00:00
AIRFLOW_CTX_DAG_RUN_ID=scheduled__2022-11-05T12:30:00+00:00
[2022-12-04 11:59:57,889] {python.py:175} INFO - Done. Returned value was: None
[2022-12-04 11:59:57,903] {taskinstance.py:1277} INFO - Marking task as SUCCESS. dag_id=dag1, task_id=save_to_parquet, execution_date=20221105T123000, start_date=20221204T115957, end_date=20221204T115957
[2022-12-04 11:59:57,943] {local_task_job.py:154} INFO - Task exited with return code 0
[2022-12-04 11:59:57,998] {local_task_job.py:264} INFO - 1 downstream tasks scheduled from follow-on schedule check
