[2022-12-03 14:14:31,700] {taskinstance.py:1032} INFO - Dependencies all met for <TaskInstance: dag1.get_data scheduled__2022-10-26T07:40:00+00:00 [queued]>
[2022-12-03 14:14:31,750] {taskinstance.py:1032} INFO - Dependencies all met for <TaskInstance: dag1.get_data scheduled__2022-10-26T07:40:00+00:00 [queued]>
[2022-12-03 14:14:31,759] {taskinstance.py:1238} INFO - 
--------------------------------------------------------------------------------
[2022-12-03 14:14:31,760] {taskinstance.py:1239} INFO - Starting attempt 1 of 2
[2022-12-03 14:14:31,760] {taskinstance.py:1240} INFO - 
--------------------------------------------------------------------------------
[2022-12-03 14:14:31,841] {taskinstance.py:1259} INFO - Executing <Task(PythonOperator): get_data> on 2022-10-26 07:40:00+00:00
[2022-12-03 14:14:31,910] {standard_task_runner.py:52} INFO - Started process 568 to run task
[2022-12-03 14:14:31,974] {standard_task_runner.py:76} INFO - Running: ['***', 'tasks', 'run', 'dag1', 'get_data', 'scheduled__2022-10-26T07:40:00+00:00', '--job-id', '181', '--raw', '--subdir', 'DAGS_FOLDER/AirflowClean2.py', '--cfg-path', '/tmp/tmp0u73s5z8', '--error-file', '/tmp/tmpabpb9bm3']
[2022-12-03 14:14:31,986] {standard_task_runner.py:77} INFO - Job 181: Subtask get_data
[2022-12-03 14:14:32,178] {logging_mixin.py:109} INFO - Running <TaskInstance: dag1.get_data scheduled__2022-10-26T07:40:00+00:00 [running]> on host 422c372562ce
[2022-12-03 14:14:32,484] {taskinstance.py:1426} INFO - Exporting the following env vars:
AIRFLOW_CTX_DAG_OWNER=Fadlil
AIRFLOW_CTX_DAG_ID=dag1
AIRFLOW_CTX_TASK_ID=get_data
AIRFLOW_CTX_EXECUTION_DATE=2022-10-26T07:40:00+00:00
AIRFLOW_CTX_DAG_RUN_ID=scheduled__2022-10-26T07:40:00+00:00
[2022-12-03 14:14:33,376] {python.py:175} INFO - Done. Returned value was: None
[2022-12-03 14:14:33,490] {taskinstance.py:1277} INFO - Marking task as SUCCESS. dag_id=dag1, task_id=get_data, execution_date=20221026T074000, start_date=20221203T141431, end_date=20221203T141433
[2022-12-03 14:14:33,592] {local_task_job.py:154} INFO - Task exited with return code 0
[2022-12-03 14:14:33,789] {local_task_job.py:264} INFO - 1 downstream tasks scheduled from follow-on schedule check
