[2022-12-04 11:03:22,308] {taskinstance.py:1032} INFO - Dependencies all met for <TaskInstance: dag1.save_to_csv scheduled__2022-11-03T22:40:00+00:00 [queued]>
[2022-12-04 11:03:22,511] {taskinstance.py:1032} INFO - Dependencies all met for <TaskInstance: dag1.save_to_csv scheduled__2022-11-03T22:40:00+00:00 [queued]>
[2022-12-04 11:03:22,520] {taskinstance.py:1238} INFO - 
--------------------------------------------------------------------------------
[2022-12-04 11:03:22,527] {taskinstance.py:1239} INFO - Starting attempt 1 of 2
[2022-12-04 11:03:22,531] {taskinstance.py:1240} INFO - 
--------------------------------------------------------------------------------
[2022-12-04 11:03:22,791] {taskinstance.py:1259} INFO - Executing <Task(PythonOperator): save_to_csv> on 2022-11-03 22:40:00+00:00
[2022-12-04 11:03:22,799] {standard_task_runner.py:52} INFO - Started process 12086 to run task
[2022-12-04 11:03:22,909] {standard_task_runner.py:76} INFO - Running: ['***', 'tasks', 'run', 'dag1', 'save_to_csv', 'scheduled__2022-11-03T22:40:00+00:00', '--job-id', '5081', '--raw', '--subdir', 'DAGS_FOLDER/AirflowClean2.py', '--cfg-path', '/tmp/tmp8lpgcge6', '--error-file', '/tmp/tmp7v0408e3']
[2022-12-04 11:03:22,928] {standard_task_runner.py:77} INFO - Job 5081: Subtask save_to_csv
[2022-12-04 11:03:23,920] {logging_mixin.py:109} INFO - Running <TaskInstance: dag1.save_to_csv scheduled__2022-11-03T22:40:00+00:00 [running]> on host 9e44869ff3ef
[2022-12-04 11:03:24,250] {taskinstance.py:1426} INFO - Exporting the following env vars:
AIRFLOW_CTX_DAG_OWNER=Fadlil
AIRFLOW_CTX_DAG_ID=dag1
AIRFLOW_CTX_TASK_ID=save_to_csv
AIRFLOW_CTX_EXECUTION_DATE=2022-11-03T22:40:00+00:00
AIRFLOW_CTX_DAG_RUN_ID=scheduled__2022-11-03T22:40:00+00:00
[2022-12-04 11:03:24,691] {python.py:175} INFO - Done. Returned value was: None
[2022-12-04 11:03:25,873] {taskinstance.py:1277} INFO - Marking task as SUCCESS. dag_id=dag1, task_id=save_to_csv, execution_date=20221103T224000, start_date=20221204T110322, end_date=20221204T110325
[2022-12-04 11:03:26,023] {local_task_job.py:154} INFO - Task exited with return code 0
[2022-12-04 11:03:26,406] {local_task_job.py:264} INFO - 1 downstream tasks scheduled from follow-on schedule check
