[2022-12-04 11:42:40,767] {taskinstance.py:1032} INFO - Dependencies all met for <TaskInstance: dag1.save_to_parquet scheduled__2022-11-04T18:30:00+00:00 [queued]>
[2022-12-04 11:42:40,908] {taskinstance.py:1032} INFO - Dependencies all met for <TaskInstance: dag1.save_to_parquet scheduled__2022-11-04T18:30:00+00:00 [queued]>
[2022-12-04 11:42:40,912] {taskinstance.py:1238} INFO - 
--------------------------------------------------------------------------------
[2022-12-04 11:42:40,913] {taskinstance.py:1239} INFO - Starting attempt 1 of 2
[2022-12-04 11:42:40,919] {taskinstance.py:1240} INFO - 
--------------------------------------------------------------------------------
[2022-12-04 11:42:41,008] {taskinstance.py:1259} INFO - Executing <Task(PythonOperator): save_to_parquet> on 2022-11-04 18:30:00+00:00
[2022-12-04 11:42:41,102] {standard_task_runner.py:52} INFO - Started process 14218 to run task
[2022-12-04 11:42:41,152] {standard_task_runner.py:76} INFO - Running: ['***', 'tasks', 'run', 'dag1', 'save_to_parquet', 'scheduled__2022-11-04T18:30:00+00:00', '--job-id', '5603', '--raw', '--subdir', 'DAGS_FOLDER/AirflowClean2.py', '--cfg-path', '/tmp/tmplfc5v7p1', '--error-file', '/tmp/tmp222xevf4']
[2022-12-04 11:42:41,213] {standard_task_runner.py:77} INFO - Job 5603: Subtask save_to_parquet
[2022-12-04 11:42:41,772] {logging_mixin.py:109} INFO - Running <TaskInstance: dag1.save_to_parquet scheduled__2022-11-04T18:30:00+00:00 [running]> on host 9e44869ff3ef
[2022-12-04 11:42:42,884] {taskinstance.py:1426} INFO - Exporting the following env vars:
AIRFLOW_CTX_DAG_OWNER=Fadlil
AIRFLOW_CTX_DAG_ID=dag1
AIRFLOW_CTX_TASK_ID=save_to_parquet
AIRFLOW_CTX_EXECUTION_DATE=2022-11-04T18:30:00+00:00
AIRFLOW_CTX_DAG_RUN_ID=scheduled__2022-11-04T18:30:00+00:00
[2022-12-04 11:42:43,146] {python.py:175} INFO - Done. Returned value was: None
[2022-12-04 11:42:43,621] {taskinstance.py:1277} INFO - Marking task as SUCCESS. dag_id=dag1, task_id=save_to_parquet, execution_date=20221104T183000, start_date=20221204T114240, end_date=20221204T114243
[2022-12-04 11:42:43,791] {local_task_job.py:154} INFO - Task exited with return code 0
[2022-12-04 11:42:44,141] {local_task_job.py:264} INFO - 1 downstream tasks scheduled from follow-on schedule check
