[2022-12-04 05:34:23,352] {taskinstance.py:1032} INFO - Dependencies all met for <TaskInstance: dag1.save_to_csv scheduled__2022-10-29T15:50:00+00:00 [queued]>
[2022-12-04 05:34:26,743] {taskinstance.py:1032} INFO - Dependencies all met for <TaskInstance: dag1.save_to_csv scheduled__2022-10-29T15:50:00+00:00 [queued]>
[2022-12-04 05:34:27,062] {taskinstance.py:1238} INFO - 
--------------------------------------------------------------------------------
[2022-12-04 05:34:27,065] {taskinstance.py:1239} INFO - Starting attempt 1 of 2
[2022-12-04 05:34:27,083] {taskinstance.py:1240} INFO - 
--------------------------------------------------------------------------------
[2022-12-04 05:34:27,593] {taskinstance.py:1259} INFO - Executing <Task(PythonOperator): save_to_csv> on 2022-10-29 15:50:00+00:00
[2022-12-04 05:34:27,694] {standard_task_runner.py:52} INFO - Started process 8955 to run task
[2022-12-04 05:34:27,728] {standard_task_runner.py:76} INFO - Running: ['***', 'tasks', 'run', 'dag1', 'save_to_csv', 'scheduled__2022-10-29T15:50:00+00:00', '--job-id', '2130', '--raw', '--subdir', 'DAGS_FOLDER/AirflowClean2.py', '--cfg-path', '/tmp/tmpru3k8mx4', '--error-file', '/tmp/tmp2c16ldox']
[2022-12-04 05:34:29,216] {standard_task_runner.py:77} INFO - Job 2130: Subtask save_to_csv
[2022-12-04 05:34:30,385] {logging_mixin.py:109} INFO - Running <TaskInstance: dag1.save_to_csv scheduled__2022-10-29T15:50:00+00:00 [running]> on host 422c372562ce
[2022-12-04 05:34:44,969] {taskinstance.py:1426} INFO - Exporting the following env vars:
AIRFLOW_CTX_DAG_OWNER=Fadlil
AIRFLOW_CTX_DAG_ID=dag1
AIRFLOW_CTX_TASK_ID=save_to_csv
AIRFLOW_CTX_EXECUTION_DATE=2022-10-29T15:50:00+00:00
AIRFLOW_CTX_DAG_RUN_ID=scheduled__2022-10-29T15:50:00+00:00
[2022-12-04 05:34:58,157] {python.py:175} INFO - Done. Returned value was: None
[2022-12-04 05:34:59,650] {taskinstance.py:1277} INFO - Marking task as SUCCESS. dag_id=dag1, task_id=save_to_csv, execution_date=20221029T155000, start_date=20221204T053426, end_date=20221204T053459
[2022-12-04 05:35:00,047] {local_task_job.py:154} INFO - Task exited with return code 0
[2022-12-04 05:35:02,169] {local_task_job.py:264} INFO - 1 downstream tasks scheduled from follow-on schedule check
