[2022-12-04 04:16:54,303] {taskinstance.py:1032} INFO - Dependencies all met for <TaskInstance: dag1.save_to_csv scheduled__2022-10-28T07:20:00+00:00 [queued]>
[2022-12-04 04:16:54,441] {taskinstance.py:1032} INFO - Dependencies all met for <TaskInstance: dag1.save_to_csv scheduled__2022-10-28T07:20:00+00:00 [queued]>
[2022-12-04 04:16:54,446] {taskinstance.py:1238} INFO - 
--------------------------------------------------------------------------------
[2022-12-04 04:16:54,455] {taskinstance.py:1239} INFO - Starting attempt 1 of 2
[2022-12-04 04:16:54,456] {taskinstance.py:1240} INFO - 
--------------------------------------------------------------------------------
[2022-12-04 04:16:54,688] {taskinstance.py:1259} INFO - Executing <Task(PythonOperator): save_to_csv> on 2022-10-28 07:20:00+00:00
[2022-12-04 04:16:54,705] {standard_task_runner.py:52} INFO - Started process 4640 to run task
[2022-12-04 04:16:54,804] {standard_task_runner.py:76} INFO - Running: ['***', 'tasks', 'run', 'dag1', 'save_to_csv', 'scheduled__2022-10-28T07:20:00+00:00', '--job-id', '1353', '--raw', '--subdir', 'DAGS_FOLDER/AirflowClean2.py', '--cfg-path', '/tmp/tmpw6p5hgvm', '--error-file', '/tmp/tmp_9skayiu']
[2022-12-04 04:16:54,806] {standard_task_runner.py:77} INFO - Job 1353: Subtask save_to_csv
[2022-12-04 04:16:55,357] {logging_mixin.py:109} INFO - Running <TaskInstance: dag1.save_to_csv scheduled__2022-10-28T07:20:00+00:00 [running]> on host 422c372562ce
[2022-12-04 04:16:55,906] {taskinstance.py:1426} INFO - Exporting the following env vars:
AIRFLOW_CTX_DAG_OWNER=Fadlil
AIRFLOW_CTX_DAG_ID=dag1
AIRFLOW_CTX_TASK_ID=save_to_csv
AIRFLOW_CTX_EXECUTION_DATE=2022-10-28T07:20:00+00:00
AIRFLOW_CTX_DAG_RUN_ID=scheduled__2022-10-28T07:20:00+00:00
[2022-12-04 04:16:56,234] {python.py:175} INFO - Done. Returned value was: None
[2022-12-04 04:16:56,532] {taskinstance.py:1277} INFO - Marking task as SUCCESS. dag_id=dag1, task_id=save_to_csv, execution_date=20221028T072000, start_date=20221204T041654, end_date=20221204T041656
[2022-12-04 04:16:56,683] {local_task_job.py:154} INFO - Task exited with return code 0
[2022-12-04 04:16:56,950] {local_task_job.py:264} INFO - 1 downstream tasks scheduled from follow-on schedule check
