[2022-12-04 14:34:23,387] {taskinstance.py:1032} INFO - Dependencies all met for <TaskInstance: dag1.save_to_csv scheduled__2022-11-08T12:50:00+00:00 [queued]>
[2022-12-04 14:34:23,467] {taskinstance.py:1032} INFO - Dependencies all met for <TaskInstance: dag1.save_to_csv scheduled__2022-11-08T12:50:00+00:00 [queued]>
[2022-12-04 14:34:23,501] {taskinstance.py:1238} INFO - 
--------------------------------------------------------------------------------
[2022-12-04 14:34:23,503] {taskinstance.py:1239} INFO - Starting attempt 1 of 2
[2022-12-04 14:34:23,514] {taskinstance.py:1240} INFO - 
--------------------------------------------------------------------------------
[2022-12-04 14:34:23,632] {taskinstance.py:1259} INFO - Executing <Task(PythonOperator): save_to_csv> on 2022-11-08 12:50:00+00:00
[2022-12-04 14:34:23,670] {standard_task_runner.py:52} INFO - Started process 10530 to run task
[2022-12-04 14:34:23,675] {standard_task_runner.py:76} INFO - Running: ['***', 'tasks', 'run', 'dag1', 'save_to_csv', 'scheduled__2022-11-08T12:50:00+00:00', '--job-id', '8916', '--raw', '--subdir', 'DAGS_FOLDER/AirflowClean2.py', '--cfg-path', '/tmp/tmp0jkekjfk', '--error-file', '/tmp/tmpip3ogfv8']
[2022-12-04 14:34:23,703] {standard_task_runner.py:77} INFO - Job 8916: Subtask save_to_csv
[2022-12-04 14:34:24,017] {logging_mixin.py:109} INFO - Running <TaskInstance: dag1.save_to_csv scheduled__2022-11-08T12:50:00+00:00 [running]> on host 7a020590adae
[2022-12-04 14:34:24,324] {taskinstance.py:1426} INFO - Exporting the following env vars:
AIRFLOW_CTX_DAG_OWNER=Fadlil
AIRFLOW_CTX_DAG_ID=dag1
AIRFLOW_CTX_TASK_ID=save_to_csv
AIRFLOW_CTX_EXECUTION_DATE=2022-11-08T12:50:00+00:00
AIRFLOW_CTX_DAG_RUN_ID=scheduled__2022-11-08T12:50:00+00:00
[2022-12-04 14:34:24,498] {python.py:175} INFO - Done. Returned value was: None
[2022-12-04 14:34:25,134] {taskinstance.py:1277} INFO - Marking task as SUCCESS. dag_id=dag1, task_id=save_to_csv, execution_date=20221108T125000, start_date=20221204T143423, end_date=20221204T143425
[2022-12-04 14:34:25,222] {local_task_job.py:154} INFO - Task exited with return code 0
[2022-12-04 14:34:25,464] {local_task_job.py:264} INFO - 1 downstream tasks scheduled from follow-on schedule check
