[2022-12-04 14:31:39,981] {taskinstance.py:1032} INFO - Dependencies all met for <TaskInstance: dag1.save_to_csv scheduled__2022-11-08T12:10:00+00:00 [queued]>
[2022-12-04 14:31:40,027] {taskinstance.py:1032} INFO - Dependencies all met for <TaskInstance: dag1.save_to_csv scheduled__2022-11-08T12:10:00+00:00 [queued]>
[2022-12-04 14:31:40,028] {taskinstance.py:1238} INFO - 
--------------------------------------------------------------------------------
[2022-12-04 14:31:40,028] {taskinstance.py:1239} INFO - Starting attempt 1 of 2
[2022-12-04 14:31:40,029] {taskinstance.py:1240} INFO - 
--------------------------------------------------------------------------------
[2022-12-04 14:31:40,057] {taskinstance.py:1259} INFO - Executing <Task(PythonOperator): save_to_csv> on 2022-11-08 12:10:00+00:00
[2022-12-04 14:31:40,064] {standard_task_runner.py:52} INFO - Started process 10327 to run task
[2022-12-04 14:31:40,070] {standard_task_runner.py:76} INFO - Running: ['***', 'tasks', 'run', 'dag1', 'save_to_csv', 'scheduled__2022-11-08T12:10:00+00:00', '--job-id', '8879', '--raw', '--subdir', 'DAGS_FOLDER/AirflowClean2.py', '--cfg-path', '/tmp/tmprg4n711y', '--error-file', '/tmp/tmpo35gs_2g']
[2022-12-04 14:31:40,072] {standard_task_runner.py:77} INFO - Job 8879: Subtask save_to_csv
[2022-12-04 14:31:40,213] {logging_mixin.py:109} INFO - Running <TaskInstance: dag1.save_to_csv scheduled__2022-11-08T12:10:00+00:00 [running]> on host 7a020590adae
[2022-12-04 14:31:40,286] {taskinstance.py:1426} INFO - Exporting the following env vars:
AIRFLOW_CTX_DAG_OWNER=Fadlil
AIRFLOW_CTX_DAG_ID=dag1
AIRFLOW_CTX_TASK_ID=save_to_csv
AIRFLOW_CTX_EXECUTION_DATE=2022-11-08T12:10:00+00:00
AIRFLOW_CTX_DAG_RUN_ID=scheduled__2022-11-08T12:10:00+00:00
[2022-12-04 14:31:40,321] {python.py:175} INFO - Done. Returned value was: None
[2022-12-04 14:31:40,337] {taskinstance.py:1277} INFO - Marking task as SUCCESS. dag_id=dag1, task_id=save_to_csv, execution_date=20221108T121000, start_date=20221204T143139, end_date=20221204T143140
[2022-12-04 14:31:40,377] {local_task_job.py:154} INFO - Task exited with return code 0
[2022-12-04 14:31:40,424] {local_task_job.py:264} INFO - 1 downstream tasks scheduled from follow-on schedule check
