[2022-12-04 10:32:21,164] {taskinstance.py:1032} INFO - Dependencies all met for <TaskInstance: dag1.save_to_parquet scheduled__2022-10-31T17:50:00+00:00 [queued]>
[2022-12-04 10:32:21,187] {taskinstance.py:1032} INFO - Dependencies all met for <TaskInstance: dag1.save_to_parquet scheduled__2022-10-31T17:50:00+00:00 [queued]>
[2022-12-04 10:32:21,189] {taskinstance.py:1238} INFO - 
--------------------------------------------------------------------------------
[2022-12-04 10:32:21,200] {taskinstance.py:1239} INFO - Starting attempt 1 of 2
[2022-12-04 10:32:21,201] {taskinstance.py:1240} INFO - 
--------------------------------------------------------------------------------
[2022-12-04 10:32:21,239] {taskinstance.py:1259} INFO - Executing <Task(PythonOperator): save_to_parquet> on 2022-10-31 17:50:00+00:00
[2022-12-04 10:32:21,247] {standard_task_runner.py:52} INFO - Started process 5614 to run task
[2022-12-04 10:32:21,257] {standard_task_runner.py:76} INFO - Running: ['***', 'tasks', 'run', 'dag1', 'save_to_parquet', 'scheduled__2022-10-31T17:50:00+00:00', '--job-id', '3219', '--raw', '--subdir', 'DAGS_FOLDER/AirflowClean2.py', '--cfg-path', '/tmp/tmpzjofb9_5', '--error-file', '/tmp/tmpw_n7ak1p']
[2022-12-04 10:32:21,262] {standard_task_runner.py:77} INFO - Job 3219: Subtask save_to_parquet
[2022-12-04 10:32:21,421] {logging_mixin.py:109} INFO - Running <TaskInstance: dag1.save_to_parquet scheduled__2022-10-31T17:50:00+00:00 [running]> on host 9e44869ff3ef
[2022-12-04 10:32:21,718] {taskinstance.py:1426} INFO - Exporting the following env vars:
AIRFLOW_CTX_DAG_OWNER=Fadlil
AIRFLOW_CTX_DAG_ID=dag1
AIRFLOW_CTX_TASK_ID=save_to_parquet
AIRFLOW_CTX_EXECUTION_DATE=2022-10-31T17:50:00+00:00
AIRFLOW_CTX_DAG_RUN_ID=scheduled__2022-10-31T17:50:00+00:00
[2022-12-04 10:32:22,047] {python.py:175} INFO - Done. Returned value was: None
[2022-12-04 10:32:22,265] {taskinstance.py:1277} INFO - Marking task as SUCCESS. dag_id=dag1, task_id=save_to_parquet, execution_date=20221031T175000, start_date=20221204T103221, end_date=20221204T103222
[2022-12-04 10:32:22,340] {local_task_job.py:154} INFO - Task exited with return code 0
[2022-12-04 10:32:22,453] {local_task_job.py:264} INFO - 1 downstream tasks scheduled from follow-on schedule check
