[2022-12-04 12:26:20,025] {taskinstance.py:1032} INFO - Dependencies all met for <TaskInstance: dag1.local_to_gcs_task scheduled__2022-11-06T00:30:00+00:00 [queued]>
[2022-12-04 12:26:20,042] {taskinstance.py:1032} INFO - Dependencies all met for <TaskInstance: dag1.local_to_gcs_task scheduled__2022-11-06T00:30:00+00:00 [queued]>
[2022-12-04 12:26:20,043] {taskinstance.py:1238} INFO - 
--------------------------------------------------------------------------------
[2022-12-04 12:26:20,043] {taskinstance.py:1239} INFO - Starting attempt 1 of 2
[2022-12-04 12:26:20,043] {taskinstance.py:1240} INFO - 
--------------------------------------------------------------------------------
[2022-12-04 12:26:20,059] {taskinstance.py:1259} INFO - Executing <Task(PythonOperator): local_to_gcs_task> on 2022-11-06 00:30:00+00:00
[2022-12-04 12:26:20,066] {standard_task_runner.py:52} INFO - Started process 18607 to run task
[2022-12-04 12:26:20,071] {standard_task_runner.py:76} INFO - Running: ['***', 'tasks', 'run', 'dag1', 'local_to_gcs_task', 'scheduled__2022-11-06T00:30:00+00:00', '--job-id', '6598', '--raw', '--subdir', 'DAGS_FOLDER/AirflowClean2.py', '--cfg-path', '/tmp/tmpu6hlwj7e', '--error-file', '/tmp/tmpmbxguvpl']
[2022-12-04 12:26:20,073] {standard_task_runner.py:77} INFO - Job 6598: Subtask local_to_gcs_task
[2022-12-04 12:26:20,168] {logging_mixin.py:109} INFO - Running <TaskInstance: dag1.local_to_gcs_task scheduled__2022-11-06T00:30:00+00:00 [running]> on host 9e44869ff3ef
[2022-12-04 12:26:20,280] {taskinstance.py:1426} INFO - Exporting the following env vars:
AIRFLOW_CTX_DAG_OWNER=Fadlil
AIRFLOW_CTX_DAG_ID=dag1
AIRFLOW_CTX_TASK_ID=local_to_gcs_task
AIRFLOW_CTX_EXECUTION_DATE=2022-11-06T00:30:00+00:00
AIRFLOW_CTX_DAG_RUN_ID=scheduled__2022-11-06T00:30:00+00:00
[2022-12-04 12:26:21,013] {python.py:175} INFO - Done. Returned value was: None
[2022-12-04 12:26:21,352] {taskinstance.py:1277} INFO - Marking task as SUCCESS. dag_id=dag1, task_id=local_to_gcs_task, execution_date=20221106T003000, start_date=20221204T122620, end_date=20221204T122621
[2022-12-04 12:26:21,453] {local_task_job.py:154} INFO - Task exited with return code 0
[2022-12-04 12:26:21,544] {local_task_job.py:264} INFO - 1 downstream tasks scheduled from follow-on schedule check
