[2022-12-04 11:04:04,272] {taskinstance.py:1032} INFO - Dependencies all met for <TaskInstance: dag1.save_to_parquet scheduled__2022-11-04T00:20:00+00:00 [queued]>
[2022-12-04 11:04:04,347] {taskinstance.py:1032} INFO - Dependencies all met for <TaskInstance: dag1.save_to_parquet scheduled__2022-11-04T00:20:00+00:00 [queued]>
[2022-12-04 11:04:04,350] {taskinstance.py:1238} INFO - 
--------------------------------------------------------------------------------
[2022-12-04 11:04:04,351] {taskinstance.py:1239} INFO - Starting attempt 1 of 2
[2022-12-04 11:04:04,356] {taskinstance.py:1240} INFO - 
--------------------------------------------------------------------------------
[2022-12-04 11:04:04,430] {taskinstance.py:1259} INFO - Executing <Task(PythonOperator): save_to_parquet> on 2022-11-04 00:20:00+00:00
[2022-12-04 11:04:04,473] {standard_task_runner.py:52} INFO - Started process 12227 to run task
[2022-12-04 11:04:04,479] {standard_task_runner.py:76} INFO - Running: ['***', 'tasks', 'run', 'dag1', 'save_to_parquet', 'scheduled__2022-11-04T00:20:00+00:00', '--job-id', '5123', '--raw', '--subdir', 'DAGS_FOLDER/AirflowClean2.py', '--cfg-path', '/tmp/tmp5p89rtdy', '--error-file', '/tmp/tmpqc06trj0']
[2022-12-04 11:04:04,483] {standard_task_runner.py:77} INFO - Job 5123: Subtask save_to_parquet
[2022-12-04 11:04:05,446] {logging_mixin.py:109} INFO - Running <TaskInstance: dag1.save_to_parquet scheduled__2022-11-04T00:20:00+00:00 [running]> on host 9e44869ff3ef
[2022-12-04 11:04:06,014] {taskinstance.py:1426} INFO - Exporting the following env vars:
AIRFLOW_CTX_DAG_OWNER=Fadlil
AIRFLOW_CTX_DAG_ID=dag1
AIRFLOW_CTX_TASK_ID=save_to_parquet
AIRFLOW_CTX_EXECUTION_DATE=2022-11-04T00:20:00+00:00
AIRFLOW_CTX_DAG_RUN_ID=scheduled__2022-11-04T00:20:00+00:00
[2022-12-04 11:04:06,185] {python.py:175} INFO - Done. Returned value was: None
[2022-12-04 11:04:06,504] {taskinstance.py:1277} INFO - Marking task as SUCCESS. dag_id=dag1, task_id=save_to_parquet, execution_date=20221104T002000, start_date=20221204T110404, end_date=20221204T110406
[2022-12-04 11:04:06,824] {local_task_job.py:154} INFO - Task exited with return code 0
[2022-12-04 11:04:08,963] {local_task_job.py:264} INFO - 0 downstream tasks scheduled from follow-on schedule check
