[2022-12-04 14:05:22,985] {taskinstance.py:1032} INFO - Dependencies all met for <TaskInstance: dag1.get_data scheduled__2022-11-07T23:20:00+00:00 [queued]>
[2022-12-04 14:05:23,001] {taskinstance.py:1032} INFO - Dependencies all met for <TaskInstance: dag1.get_data scheduled__2022-11-07T23:20:00+00:00 [queued]>
[2022-12-04 14:05:23,002] {taskinstance.py:1238} INFO - 
--------------------------------------------------------------------------------
[2022-12-04 14:05:23,003] {taskinstance.py:1239} INFO - Starting attempt 1 of 2
[2022-12-04 14:05:23,003] {taskinstance.py:1240} INFO - 
--------------------------------------------------------------------------------
[2022-12-04 14:05:23,024] {taskinstance.py:1259} INFO - Executing <Task(PythonOperator): get_data> on 2022-11-07 23:20:00+00:00
[2022-12-04 14:05:23,032] {standard_task_runner.py:52} INFO - Started process 7987 to run task
[2022-12-04 14:05:23,037] {standard_task_runner.py:76} INFO - Running: ['***', 'tasks', 'run', 'dag1', 'get_data', 'scheduled__2022-11-07T23:20:00+00:00', '--job-id', '8394', '--raw', '--subdir', 'DAGS_FOLDER/AirflowClean2.py', '--cfg-path', '/tmp/tmp_49_v1bu', '--error-file', '/tmp/tmpgkhs8li2']
[2022-12-04 14:05:23,039] {standard_task_runner.py:77} INFO - Job 8394: Subtask get_data
[2022-12-04 14:05:23,120] {logging_mixin.py:109} INFO - Running <TaskInstance: dag1.get_data scheduled__2022-11-07T23:20:00+00:00 [running]> on host 7a020590adae
[2022-12-04 14:05:23,195] {taskinstance.py:1426} INFO - Exporting the following env vars:
AIRFLOW_CTX_DAG_OWNER=Fadlil
AIRFLOW_CTX_DAG_ID=dag1
AIRFLOW_CTX_TASK_ID=get_data
AIRFLOW_CTX_EXECUTION_DATE=2022-11-07T23:20:00+00:00
AIRFLOW_CTX_DAG_RUN_ID=scheduled__2022-11-07T23:20:00+00:00
[2022-12-04 14:05:23,910] {python.py:175} INFO - Done. Returned value was: None
[2022-12-04 14:05:24,016] {taskinstance.py:1277} INFO - Marking task as SUCCESS. dag_id=dag1, task_id=get_data, execution_date=20221107T232000, start_date=20221204T140522, end_date=20221204T140524
[2022-12-04 14:05:24,093] {local_task_job.py:154} INFO - Task exited with return code 0
[2022-12-04 14:05:24,176] {local_task_job.py:264} INFO - 1 downstream tasks scheduled from follow-on schedule check
