[2022-12-03 18:03:42,447] {taskinstance.py:1032} INFO - Dependencies all met for <TaskInstance: dag1.get_data scheduled__2022-10-26T20:40:00+00:00 [queued]>
[2022-12-03 18:03:42,467] {taskinstance.py:1032} INFO - Dependencies all met for <TaskInstance: dag1.get_data scheduled__2022-10-26T20:40:00+00:00 [queued]>
[2022-12-03 18:03:42,468] {taskinstance.py:1238} INFO - 
--------------------------------------------------------------------------------
[2022-12-03 18:03:42,468] {taskinstance.py:1239} INFO - Starting attempt 1 of 2
[2022-12-03 18:03:42,469] {taskinstance.py:1240} INFO - 
--------------------------------------------------------------------------------
[2022-12-03 18:03:42,498] {taskinstance.py:1259} INFO - Executing <Task(PythonOperator): get_data> on 2022-10-26 20:40:00+00:00
[2022-12-03 18:03:42,512] {standard_task_runner.py:52} INFO - Started process 1664 to run task
[2022-12-03 18:03:42,525] {standard_task_runner.py:76} INFO - Running: ['***', 'tasks', 'run', 'dag1', 'get_data', 'scheduled__2022-10-26T20:40:00+00:00', '--job-id', '485', '--raw', '--subdir', 'DAGS_FOLDER/AirflowClean2.py', '--cfg-path', '/tmp/tmppp2lrxhs', '--error-file', '/tmp/tmp6n9cw306']
[2022-12-03 18:03:42,550] {standard_task_runner.py:77} INFO - Job 485: Subtask get_data
[2022-12-03 18:03:42,744] {logging_mixin.py:109} INFO - Running <TaskInstance: dag1.get_data scheduled__2022-10-26T20:40:00+00:00 [running]> on host 422c372562ce
[2022-12-03 18:03:42,880] {taskinstance.py:1426} INFO - Exporting the following env vars:
AIRFLOW_CTX_DAG_OWNER=Fadlil
AIRFLOW_CTX_DAG_ID=dag1
AIRFLOW_CTX_TASK_ID=get_data
AIRFLOW_CTX_EXECUTION_DATE=2022-10-26T20:40:00+00:00
AIRFLOW_CTX_DAG_RUN_ID=scheduled__2022-10-26T20:40:00+00:00
[2022-12-03 18:03:43,673] {python.py:175} INFO - Done. Returned value was: None
[2022-12-03 18:03:43,702] {taskinstance.py:1277} INFO - Marking task as SUCCESS. dag_id=dag1, task_id=get_data, execution_date=20221026T204000, start_date=20221203T180342, end_date=20221203T180343
[2022-12-03 18:03:43,793] {local_task_job.py:154} INFO - Task exited with return code 0
[2022-12-03 18:03:43,870] {local_task_job.py:264} INFO - 1 downstream tasks scheduled from follow-on schedule check
