[2022-12-04 09:55:36,334] {taskinstance.py:1032} INFO - Dependencies all met for <TaskInstance: dag1.get_data scheduled__2022-10-30T21:20:00+00:00 [queued]>
[2022-12-04 09:55:36,401] {taskinstance.py:1032} INFO - Dependencies all met for <TaskInstance: dag1.get_data scheduled__2022-10-30T21:20:00+00:00 [queued]>
[2022-12-04 09:55:36,412] {taskinstance.py:1238} INFO - 
--------------------------------------------------------------------------------
[2022-12-04 09:55:36,413] {taskinstance.py:1239} INFO - Starting attempt 1 of 2
[2022-12-04 09:55:36,416] {taskinstance.py:1240} INFO - 
--------------------------------------------------------------------------------
[2022-12-04 09:55:36,450] {taskinstance.py:1259} INFO - Executing <Task(PythonOperator): get_data> on 2022-10-30 21:20:00+00:00
[2022-12-04 09:55:36,486] {standard_task_runner.py:76} INFO - Running: ['***', 'tasks', 'run', 'dag1', 'get_data', 'scheduled__2022-10-30T21:20:00+00:00', '--job-id', '2713', '--raw', '--subdir', 'DAGS_FOLDER/AirflowClean2.py', '--cfg-path', '/tmp/tmp8ml_3r2h', '--error-file', '/tmp/tmpinj4kl7v']
[2022-12-04 09:55:36,458] {standard_task_runner.py:52} INFO - Started process 2819 to run task
[2022-12-04 09:55:36,508] {standard_task_runner.py:77} INFO - Job 2713: Subtask get_data
[2022-12-04 09:55:36,867] {logging_mixin.py:109} INFO - Running <TaskInstance: dag1.get_data scheduled__2022-10-30T21:20:00+00:00 [running]> on host 9e44869ff3ef
[2022-12-04 09:55:37,271] {taskinstance.py:1426} INFO - Exporting the following env vars:
AIRFLOW_CTX_DAG_OWNER=Fadlil
AIRFLOW_CTX_DAG_ID=dag1
AIRFLOW_CTX_TASK_ID=get_data
AIRFLOW_CTX_EXECUTION_DATE=2022-10-30T21:20:00+00:00
AIRFLOW_CTX_DAG_RUN_ID=scheduled__2022-10-30T21:20:00+00:00
[2022-12-04 09:55:37,956] {python.py:175} INFO - Done. Returned value was: None
[2022-12-04 09:55:37,999] {taskinstance.py:1277} INFO - Marking task as SUCCESS. dag_id=dag1, task_id=get_data, execution_date=20221030T212000, start_date=20221204T095536, end_date=20221204T095537
[2022-12-04 09:55:38,093] {local_task_job.py:154} INFO - Task exited with return code 0
[2022-12-04 09:55:38,240] {local_task_job.py:264} INFO - 1 downstream tasks scheduled from follow-on schedule check
