[2022-12-04 09:27:40,555] {taskinstance.py:1032} INFO - Dependencies all met for <TaskInstance: dag1.get_data scheduled__2022-10-30T00:30:00+00:00 [queued]>
[2022-12-04 09:27:40,621] {taskinstance.py:1032} INFO - Dependencies all met for <TaskInstance: dag1.get_data scheduled__2022-10-30T00:30:00+00:00 [queued]>
[2022-12-04 09:27:40,626] {taskinstance.py:1238} INFO - 
--------------------------------------------------------------------------------
[2022-12-04 09:27:40,628] {taskinstance.py:1239} INFO - Starting attempt 1 of 2
[2022-12-04 09:27:40,629] {taskinstance.py:1240} INFO - 
--------------------------------------------------------------------------------
[2022-12-04 09:27:40,724] {taskinstance.py:1259} INFO - Executing <Task(PythonOperator): get_data> on 2022-10-30 00:30:00+00:00
[2022-12-04 09:27:40,736] {standard_task_runner.py:52} INFO - Started process 650 to run task
[2022-12-04 09:27:40,753] {standard_task_runner.py:76} INFO - Running: ['***', 'tasks', 'run', 'dag1', 'get_data', 'scheduled__2022-10-30T00:30:00+00:00', '--job-id', '2325', '--raw', '--subdir', 'DAGS_FOLDER/AirflowClean2.py', '--cfg-path', '/tmp/tmpl7ggc652', '--error-file', '/tmp/tmpkg3uk1fo']
[2022-12-04 09:27:40,784] {standard_task_runner.py:77} INFO - Job 2325: Subtask get_data
[2022-12-04 09:27:41,070] {logging_mixin.py:109} INFO - Running <TaskInstance: dag1.get_data scheduled__2022-10-30T00:30:00+00:00 [running]> on host 9e44869ff3ef
[2022-12-04 09:27:41,317] {taskinstance.py:1426} INFO - Exporting the following env vars:
AIRFLOW_CTX_DAG_OWNER=Fadlil
AIRFLOW_CTX_DAG_ID=dag1
AIRFLOW_CTX_TASK_ID=get_data
AIRFLOW_CTX_EXECUTION_DATE=2022-10-30T00:30:00+00:00
AIRFLOW_CTX_DAG_RUN_ID=scheduled__2022-10-30T00:30:00+00:00
[2022-12-04 09:27:42,258] {python.py:175} INFO - Done. Returned value was: None
[2022-12-04 09:27:42,316] {taskinstance.py:1277} INFO - Marking task as SUCCESS. dag_id=dag1, task_id=get_data, execution_date=20221030T003000, start_date=20221204T092740, end_date=20221204T092742
[2022-12-04 09:27:42,411] {local_task_job.py:154} INFO - Task exited with return code 0
[2022-12-04 09:27:42,624] {local_task_job.py:264} INFO - 1 downstream tasks scheduled from follow-on schedule check
