[2022-12-04 14:52:33,948] {taskinstance.py:1032} INFO - Dependencies all met for <TaskInstance: dag1.local_to_gcs_task scheduled__2022-11-08T21:30:00+00:00 [queued]>
[2022-12-04 14:52:33,972] {taskinstance.py:1032} INFO - Dependencies all met for <TaskInstance: dag1.local_to_gcs_task scheduled__2022-11-08T21:30:00+00:00 [queued]>
[2022-12-04 14:52:33,972] {taskinstance.py:1238} INFO - 
--------------------------------------------------------------------------------
[2022-12-04 14:52:33,973] {taskinstance.py:1239} INFO - Starting attempt 1 of 2
[2022-12-04 14:52:33,973] {taskinstance.py:1240} INFO - 
--------------------------------------------------------------------------------
[2022-12-04 14:52:33,991] {taskinstance.py:1259} INFO - Executing <Task(PythonOperator): local_to_gcs_task> on 2022-11-08 21:30:00+00:00
[2022-12-04 14:52:34,047] {standard_task_runner.py:52} INFO - Started process 12119 to run task
[2022-12-04 14:52:34,061] {standard_task_runner.py:76} INFO - Running: ['***', 'tasks', 'run', 'dag1', 'local_to_gcs_task', 'scheduled__2022-11-08T21:30:00+00:00', '--job-id', '9243', '--raw', '--subdir', 'DAGS_FOLDER/AirflowClean2.py', '--cfg-path', '/tmp/tmpwoaj63qe', '--error-file', '/tmp/tmp_orpjete']
[2022-12-04 14:52:34,063] {standard_task_runner.py:77} INFO - Job 9243: Subtask local_to_gcs_task
[2022-12-04 14:52:34,177] {logging_mixin.py:109} INFO - Running <TaskInstance: dag1.local_to_gcs_task scheduled__2022-11-08T21:30:00+00:00 [running]> on host 7a020590adae
[2022-12-04 14:52:34,259] {taskinstance.py:1426} INFO - Exporting the following env vars:
AIRFLOW_CTX_DAG_OWNER=Fadlil
AIRFLOW_CTX_DAG_ID=dag1
AIRFLOW_CTX_TASK_ID=local_to_gcs_task
AIRFLOW_CTX_EXECUTION_DATE=2022-11-08T21:30:00+00:00
AIRFLOW_CTX_DAG_RUN_ID=scheduled__2022-11-08T21:30:00+00:00
[2022-12-04 14:52:34,926] {python.py:175} INFO - Done. Returned value was: None
[2022-12-04 14:52:34,980] {taskinstance.py:1277} INFO - Marking task as SUCCESS. dag_id=dag1, task_id=local_to_gcs_task, execution_date=20221108T213000, start_date=20221204T145233, end_date=20221204T145234
[2022-12-04 14:52:35,042] {local_task_job.py:154} INFO - Task exited with return code 0
[2022-12-04 14:52:35,109] {local_task_job.py:264} INFO - 1 downstream tasks scheduled from follow-on schedule check
