[2022-12-04 10:52:06,605] {taskinstance.py:1032} INFO - Dependencies all met for <TaskInstance: dag1.get_data scheduled__2022-11-02T17:20:00+00:00 [queued]>
[2022-12-04 10:52:06,658] {taskinstance.py:1032} INFO - Dependencies all met for <TaskInstance: dag1.get_data scheduled__2022-11-02T17:20:00+00:00 [queued]>
[2022-12-04 10:52:06,658] {taskinstance.py:1238} INFO - 
--------------------------------------------------------------------------------
[2022-12-04 10:52:06,659] {taskinstance.py:1239} INFO - Starting attempt 1 of 2
[2022-12-04 10:52:06,660] {taskinstance.py:1240} INFO - 
--------------------------------------------------------------------------------
[2022-12-04 10:52:06,719] {taskinstance.py:1259} INFO - Executing <Task(PythonOperator): get_data> on 2022-11-02 17:20:00+00:00
[2022-12-04 10:52:06,771] {standard_task_runner.py:52} INFO - Started process 9617 to run task
[2022-12-04 10:52:06,777] {standard_task_runner.py:76} INFO - Running: ['***', 'tasks', 'run', 'dag1', 'get_data', 'scheduled__2022-11-02T17:20:00+00:00', '--job-id', '4362', '--raw', '--subdir', 'DAGS_FOLDER/AirflowClean2.py', '--cfg-path', '/tmp/tmp9kqu7fqa', '--error-file', '/tmp/tmpe9kgn2li']
[2022-12-04 10:52:06,779] {standard_task_runner.py:77} INFO - Job 4362: Subtask get_data
[2022-12-04 10:52:07,221] {logging_mixin.py:109} INFO - Running <TaskInstance: dag1.get_data scheduled__2022-11-02T17:20:00+00:00 [running]> on host 9e44869ff3ef
[2022-12-04 10:52:07,641] {taskinstance.py:1426} INFO - Exporting the following env vars:
AIRFLOW_CTX_DAG_OWNER=Fadlil
AIRFLOW_CTX_DAG_ID=dag1
AIRFLOW_CTX_TASK_ID=get_data
AIRFLOW_CTX_EXECUTION_DATE=2022-11-02T17:20:00+00:00
AIRFLOW_CTX_DAG_RUN_ID=scheduled__2022-11-02T17:20:00+00:00
[2022-12-04 10:52:08,570] {python.py:175} INFO - Done. Returned value was: None
[2022-12-04 10:52:09,008] {taskinstance.py:1277} INFO - Marking task as SUCCESS. dag_id=dag1, task_id=get_data, execution_date=20221102T172000, start_date=20221204T105206, end_date=20221204T105209
[2022-12-04 10:52:09,152] {local_task_job.py:154} INFO - Task exited with return code 0
[2022-12-04 10:52:09,440] {local_task_job.py:264} INFO - 1 downstream tasks scheduled from follow-on schedule check
