[2022-12-04 15:04:40,422] {taskinstance.py:1032} INFO - Dependencies all met for <TaskInstance: dag1.get_data scheduled__2022-11-09T04:10:00+00:00 [queued]>
[2022-12-04 15:04:40,455] {taskinstance.py:1032} INFO - Dependencies all met for <TaskInstance: dag1.get_data scheduled__2022-11-09T04:10:00+00:00 [queued]>
[2022-12-04 15:04:40,457] {taskinstance.py:1238} INFO - 
--------------------------------------------------------------------------------
[2022-12-04 15:04:40,475] {taskinstance.py:1239} INFO - Starting attempt 1 of 2
[2022-12-04 15:04:40,475] {taskinstance.py:1240} INFO - 
--------------------------------------------------------------------------------
[2022-12-04 15:04:40,509] {taskinstance.py:1259} INFO - Executing <Task(PythonOperator): get_data> on 2022-11-09 04:10:00+00:00
[2022-12-04 15:04:40,522] {standard_task_runner.py:52} INFO - Started process 13328 to run task
[2022-12-04 15:04:40,541] {standard_task_runner.py:76} INFO - Running: ['***', 'tasks', 'run', 'dag1', 'get_data', 'scheduled__2022-11-09T04:10:00+00:00', '--job-id', '9500', '--raw', '--subdir', 'DAGS_FOLDER/AirflowClean2.py', '--cfg-path', '/tmp/tmpwolqp04t', '--error-file', '/tmp/tmpx9kf_jfy']
[2022-12-04 15:04:40,544] {standard_task_runner.py:77} INFO - Job 9500: Subtask get_data
[2022-12-04 15:04:40,629] {logging_mixin.py:109} INFO - Running <TaskInstance: dag1.get_data scheduled__2022-11-09T04:10:00+00:00 [running]> on host 7a020590adae
[2022-12-04 15:04:40,723] {taskinstance.py:1426} INFO - Exporting the following env vars:
AIRFLOW_CTX_DAG_OWNER=Fadlil
AIRFLOW_CTX_DAG_ID=dag1
AIRFLOW_CTX_TASK_ID=get_data
AIRFLOW_CTX_EXECUTION_DATE=2022-11-09T04:10:00+00:00
AIRFLOW_CTX_DAG_RUN_ID=scheduled__2022-11-09T04:10:00+00:00
[2022-12-04 15:04:41,411] {python.py:175} INFO - Done. Returned value was: None
[2022-12-04 15:04:41,426] {taskinstance.py:1277} INFO - Marking task as SUCCESS. dag_id=dag1, task_id=get_data, execution_date=20221109T041000, start_date=20221204T150440, end_date=20221204T150441
[2022-12-04 15:04:41,472] {local_task_job.py:154} INFO - Task exited with return code 0
[2022-12-04 15:04:41,522] {local_task_job.py:264} INFO - 1 downstream tasks scheduled from follow-on schedule check
