[2022-12-04 12:18:12,531] {taskinstance.py:1032} INFO - Dependencies all met for <TaskInstance: dag1.save_to_parquet scheduled__2022-11-05T20:20:00+00:00 [queued]>
[2022-12-04 12:18:12,590] {taskinstance.py:1032} INFO - Dependencies all met for <TaskInstance: dag1.save_to_parquet scheduled__2022-11-05T20:20:00+00:00 [queued]>
[2022-12-04 12:18:12,604] {taskinstance.py:1238} INFO - 
--------------------------------------------------------------------------------
[2022-12-04 12:18:12,607] {taskinstance.py:1239} INFO - Starting attempt 1 of 2
[2022-12-04 12:18:12,608] {taskinstance.py:1240} INFO - 
--------------------------------------------------------------------------------
[2022-12-04 12:18:12,643] {taskinstance.py:1259} INFO - Executing <Task(PythonOperator): save_to_parquet> on 2022-11-05 20:20:00+00:00
[2022-12-04 12:18:12,651] {standard_task_runner.py:52} INFO - Started process 17902 to run task
[2022-12-04 12:18:12,682] {standard_task_runner.py:76} INFO - Running: ['***', 'tasks', 'run', 'dag1', 'save_to_parquet', 'scheduled__2022-11-05T20:20:00+00:00', '--job-id', '6446', '--raw', '--subdir', 'DAGS_FOLDER/AirflowClean2.py', '--cfg-path', '/tmp/tmpslrynzgq', '--error-file', '/tmp/tmp2qcqnivk']
[2022-12-04 12:18:12,686] {standard_task_runner.py:77} INFO - Job 6446: Subtask save_to_parquet
[2022-12-04 12:18:12,950] {logging_mixin.py:109} INFO - Running <TaskInstance: dag1.save_to_parquet scheduled__2022-11-05T20:20:00+00:00 [running]> on host 9e44869ff3ef
[2022-12-04 12:18:13,190] {taskinstance.py:1426} INFO - Exporting the following env vars:
AIRFLOW_CTX_DAG_OWNER=Fadlil
AIRFLOW_CTX_DAG_ID=dag1
AIRFLOW_CTX_TASK_ID=save_to_parquet
AIRFLOW_CTX_EXECUTION_DATE=2022-11-05T20:20:00+00:00
AIRFLOW_CTX_DAG_RUN_ID=scheduled__2022-11-05T20:20:00+00:00
[2022-12-04 12:18:13,353] {python.py:175} INFO - Done. Returned value was: None
[2022-12-04 12:18:13,434] {taskinstance.py:1277} INFO - Marking task as SUCCESS. dag_id=dag1, task_id=save_to_parquet, execution_date=20221105T202000, start_date=20221204T121812, end_date=20221204T121813
[2022-12-04 12:18:13,514] {local_task_job.py:154} INFO - Task exited with return code 0
[2022-12-04 12:18:13,633] {local_task_job.py:264} INFO - 1 downstream tasks scheduled from follow-on schedule check
