[2022-12-04 17:02:01,655] {taskinstance.py:1032} INFO - Dependencies all met for <TaskInstance: dag1.delete_local_file scheduled__2022-11-09T18:30:00+00:00 [queued]>
[2022-12-04 17:02:01,670] {taskinstance.py:1032} INFO - Dependencies all met for <TaskInstance: dag1.delete_local_file scheduled__2022-11-09T18:30:00+00:00 [queued]>
[2022-12-04 17:02:01,670] {taskinstance.py:1238} INFO - 
--------------------------------------------------------------------------------
[2022-12-04 17:02:01,670] {taskinstance.py:1239} INFO - Starting attempt 1 of 2
[2022-12-04 17:02:01,671] {taskinstance.py:1240} INFO - 
--------------------------------------------------------------------------------
[2022-12-04 17:02:01,688] {taskinstance.py:1259} INFO - Executing <Task(PythonOperator): delete_local_file> on 2022-11-09 18:30:00+00:00
[2022-12-04 17:02:01,695] {standard_task_runner.py:52} INFO - Started process 16023 to run task
[2022-12-04 17:02:01,699] {standard_task_runner.py:76} INFO - Running: ['***', 'tasks', 'run', 'dag1', 'delete_local_file', 'scheduled__2022-11-09T18:30:00+00:00', '--job-id', '10046', '--raw', '--subdir', 'DAGS_FOLDER/AirflowClean2.py', '--cfg-path', '/tmp/tmplqlahq5a', '--error-file', '/tmp/tmpjk9ig2pd']
[2022-12-04 17:02:01,700] {standard_task_runner.py:77} INFO - Job 10046: Subtask delete_local_file
[2022-12-04 17:02:01,774] {logging_mixin.py:109} INFO - Running <TaskInstance: dag1.delete_local_file scheduled__2022-11-09T18:30:00+00:00 [running]> on host 7a020590adae
[2022-12-04 17:02:01,876] {taskinstance.py:1426} INFO - Exporting the following env vars:
AIRFLOW_CTX_DAG_OWNER=Fadlil
AIRFLOW_CTX_DAG_ID=dag1
AIRFLOW_CTX_TASK_ID=delete_local_file
AIRFLOW_CTX_EXECUTION_DATE=2022-11-09T18:30:00+00:00
AIRFLOW_CTX_DAG_RUN_ID=scheduled__2022-11-09T18:30:00+00:00
[2022-12-04 17:02:01,879] {python.py:175} INFO - Done. Returned value was: None
[2022-12-04 17:02:01,894] {taskinstance.py:1277} INFO - Marking task as SUCCESS. dag_id=dag1, task_id=delete_local_file, execution_date=20221109T183000, start_date=20221204T170201, end_date=20221204T170201
[2022-12-04 17:02:01,952] {local_task_job.py:154} INFO - Task exited with return code 0
[2022-12-04 17:02:02,003] {local_task_job.py:264} INFO - 0 downstream tasks scheduled from follow-on schedule check
