[2022-12-02 17:25:07,794] {taskinstance.py:1032} INFO - Dependencies all met for <TaskInstance: dag1.save_to_csv scheduled__2022-10-26T01:00:00+00:00 [queued]>
[2022-12-02 17:25:08,458] {taskinstance.py:1032} INFO - Dependencies all met for <TaskInstance: dag1.save_to_csv scheduled__2022-10-26T01:00:00+00:00 [queued]>
[2022-12-02 17:25:08,467] {taskinstance.py:1238} INFO - 
--------------------------------------------------------------------------------
[2022-12-02 17:25:08,499] {taskinstance.py:1239} INFO - Starting attempt 1 of 2
[2022-12-02 17:25:08,528] {taskinstance.py:1240} INFO - 
--------------------------------------------------------------------------------
[2022-12-02 17:25:08,860] {taskinstance.py:1259} INFO - Executing <Task(PythonOperator): save_to_csv> on 2022-10-26 01:00:00+00:00
[2022-12-02 17:25:08,965] {standard_task_runner.py:52} INFO - Started process 204 to run task
[2022-12-02 17:25:09,292] {standard_task_runner.py:76} INFO - Running: ['***', 'tasks', 'run', 'dag1', 'save_to_csv', 'scheduled__2022-10-26T01:00:00+00:00', '--job-id', '25', '--raw', '--subdir', 'DAGS_FOLDER/AirflowClean2.py', '--cfg-path', '/tmp/tmpa8h90tgy', '--error-file', '/tmp/tmpewo2z7dr']
[2022-12-02 17:25:09,492] {standard_task_runner.py:77} INFO - Job 25: Subtask save_to_csv
[2022-12-02 17:25:11,638] {logging_mixin.py:109} INFO - Running <TaskInstance: dag1.save_to_csv scheduled__2022-10-26T01:00:00+00:00 [running]> on host 422c372562ce
[2022-12-02 17:25:13,764] {taskinstance.py:1426} INFO - Exporting the following env vars:
AIRFLOW_CTX_DAG_OWNER=Fadlil
AIRFLOW_CTX_DAG_ID=dag1
AIRFLOW_CTX_TASK_ID=save_to_csv
AIRFLOW_CTX_EXECUTION_DATE=2022-10-26T01:00:00+00:00
AIRFLOW_CTX_DAG_RUN_ID=scheduled__2022-10-26T01:00:00+00:00
[2022-12-02 17:25:19,569] {python.py:175} INFO - Done. Returned value was: None
[2022-12-02 17:25:21,521] {taskinstance.py:1277} INFO - Marking task as SUCCESS. dag_id=dag1, task_id=save_to_csv, execution_date=20221026T010000, start_date=20221202T172507, end_date=20221202T172521
[2022-12-02 17:25:23,292] {local_task_job.py:154} INFO - Task exited with return code 0
[2022-12-02 17:25:24,648] {local_task_job.py:264} INFO - 1 downstream tasks scheduled from follow-on schedule check
