[2022-12-04 04:16:39,947] {taskinstance.py:1032} INFO - Dependencies all met for <TaskInstance: dag1.get_data scheduled__2022-10-28T07:10:00+00:00 [queued]>
[2022-12-04 04:16:40,022] {taskinstance.py:1032} INFO - Dependencies all met for <TaskInstance: dag1.get_data scheduled__2022-10-28T07:10:00+00:00 [queued]>
[2022-12-04 04:16:40,023] {taskinstance.py:1238} INFO - 
--------------------------------------------------------------------------------
[2022-12-04 04:16:40,028] {taskinstance.py:1239} INFO - Starting attempt 1 of 2
[2022-12-04 04:16:40,029] {taskinstance.py:1240} INFO - 
--------------------------------------------------------------------------------
[2022-12-04 04:16:40,226] {taskinstance.py:1259} INFO - Executing <Task(PythonOperator): get_data> on 2022-10-28 07:10:00+00:00
[2022-12-04 04:16:40,278] {standard_task_runner.py:76} INFO - Running: ['***', 'tasks', 'run', 'dag1', 'get_data', 'scheduled__2022-10-28T07:10:00+00:00', '--job-id', '1345', '--raw', '--subdir', 'DAGS_FOLDER/AirflowClean2.py', '--cfg-path', '/tmp/tmpuautnyg8', '--error-file', '/tmp/tmpasl21hzy']
[2022-12-04 04:16:40,259] {standard_task_runner.py:52} INFO - Started process 4613 to run task
[2022-12-04 04:16:40,317] {standard_task_runner.py:77} INFO - Job 1345: Subtask get_data
[2022-12-04 04:16:40,821] {logging_mixin.py:109} INFO - Running <TaskInstance: dag1.get_data scheduled__2022-10-28T07:10:00+00:00 [running]> on host 422c372562ce
[2022-12-04 04:16:41,144] {taskinstance.py:1426} INFO - Exporting the following env vars:
AIRFLOW_CTX_DAG_OWNER=Fadlil
AIRFLOW_CTX_DAG_ID=dag1
AIRFLOW_CTX_TASK_ID=get_data
AIRFLOW_CTX_EXECUTION_DATE=2022-10-28T07:10:00+00:00
AIRFLOW_CTX_DAG_RUN_ID=scheduled__2022-10-28T07:10:00+00:00
[2022-12-04 04:16:42,129] {python.py:175} INFO - Done. Returned value was: None
[2022-12-04 04:16:42,689] {taskinstance.py:1277} INFO - Marking task as SUCCESS. dag_id=dag1, task_id=get_data, execution_date=20221028T071000, start_date=20221204T041639, end_date=20221204T041642
[2022-12-04 04:16:42,809] {local_task_job.py:154} INFO - Task exited with return code 0
[2022-12-04 04:16:43,112] {local_task_job.py:264} INFO - 1 downstream tasks scheduled from follow-on schedule check
