[2022-12-04 12:10:12,689] {taskinstance.py:1032} INFO - Dependencies all met for <TaskInstance: dag1.save_to_csv scheduled__2022-11-05T17:00:00+00:00 [queued]>
[2022-12-04 12:10:12,748] {taskinstance.py:1032} INFO - Dependencies all met for <TaskInstance: dag1.save_to_csv scheduled__2022-11-05T17:00:00+00:00 [queued]>
[2022-12-04 12:10:12,749] {taskinstance.py:1238} INFO - 
--------------------------------------------------------------------------------
[2022-12-04 12:10:12,750] {taskinstance.py:1239} INFO - Starting attempt 1 of 2
[2022-12-04 12:10:12,751] {taskinstance.py:1240} INFO - 
--------------------------------------------------------------------------------
[2022-12-04 12:10:12,811] {taskinstance.py:1259} INFO - Executing <Task(PythonOperator): save_to_csv> on 2022-11-05 17:00:00+00:00
[2022-12-04 12:10:12,821] {standard_task_runner.py:52} INFO - Started process 17252 to run task
[2022-12-04 12:10:12,837] {standard_task_runner.py:76} INFO - Running: ['***', 'tasks', 'run', 'dag1', 'save_to_csv', 'scheduled__2022-11-05T17:00:00+00:00', '--job-id', '6315', '--raw', '--subdir', 'DAGS_FOLDER/AirflowClean2.py', '--cfg-path', '/tmp/tmpk011je2w', '--error-file', '/tmp/tmpwjmjoz7j']
[2022-12-04 12:10:12,848] {standard_task_runner.py:77} INFO - Job 6315: Subtask save_to_csv
[2022-12-04 12:10:13,172] {logging_mixin.py:109} INFO - Running <TaskInstance: dag1.save_to_csv scheduled__2022-11-05T17:00:00+00:00 [running]> on host 9e44869ff3ef
[2022-12-04 12:10:13,469] {taskinstance.py:1426} INFO - Exporting the following env vars:
AIRFLOW_CTX_DAG_OWNER=Fadlil
AIRFLOW_CTX_DAG_ID=dag1
AIRFLOW_CTX_TASK_ID=save_to_csv
AIRFLOW_CTX_EXECUTION_DATE=2022-11-05T17:00:00+00:00
AIRFLOW_CTX_DAG_RUN_ID=scheduled__2022-11-05T17:00:00+00:00
[2022-12-04 12:10:13,589] {python.py:175} INFO - Done. Returned value was: None
[2022-12-04 12:10:14,133] {taskinstance.py:1277} INFO - Marking task as SUCCESS. dag_id=dag1, task_id=save_to_csv, execution_date=20221105T170000, start_date=20221204T121012, end_date=20221204T121014
[2022-12-04 12:10:14,233] {local_task_job.py:154} INFO - Task exited with return code 0
[2022-12-04 12:10:14,488] {local_task_job.py:264} INFO - 1 downstream tasks scheduled from follow-on schedule check
