[2022-12-04 10:44:33,001] {taskinstance.py:1032} INFO - Dependencies all met for <TaskInstance: dag1.save_to_csv scheduled__2022-11-01T22:00:00+00:00 [queued]>
[2022-12-04 10:44:33,059] {taskinstance.py:1032} INFO - Dependencies all met for <TaskInstance: dag1.save_to_csv scheduled__2022-11-01T22:00:00+00:00 [queued]>
[2022-12-04 10:44:33,062] {taskinstance.py:1238} INFO - 
--------------------------------------------------------------------------------
[2022-12-04 10:44:33,066] {taskinstance.py:1239} INFO - Starting attempt 1 of 2
[2022-12-04 10:44:33,067] {taskinstance.py:1240} INFO - 
--------------------------------------------------------------------------------
[2022-12-04 10:44:33,148] {taskinstance.py:1259} INFO - Executing <Task(PythonOperator): save_to_csv> on 2022-11-01 22:00:00+00:00
[2022-12-04 10:44:33,155] {standard_task_runner.py:52} INFO - Started process 8011 to run task
[2022-12-04 10:44:33,170] {standard_task_runner.py:76} INFO - Running: ['***', 'tasks', 'run', 'dag1', 'save_to_csv', 'scheduled__2022-11-01T22:00:00+00:00', '--job-id', '3903', '--raw', '--subdir', 'DAGS_FOLDER/AirflowClean2.py', '--cfg-path', '/tmp/tmp8x7w6xoc', '--error-file', '/tmp/tmpdw7r_6ts']
[2022-12-04 10:44:33,180] {standard_task_runner.py:77} INFO - Job 3903: Subtask save_to_csv
[2022-12-04 10:44:33,756] {logging_mixin.py:109} INFO - Running <TaskInstance: dag1.save_to_csv scheduled__2022-11-01T22:00:00+00:00 [running]> on host 9e44869ff3ef
[2022-12-04 10:44:33,929] {taskinstance.py:1426} INFO - Exporting the following env vars:
AIRFLOW_CTX_DAG_OWNER=Fadlil
AIRFLOW_CTX_DAG_ID=dag1
AIRFLOW_CTX_TASK_ID=save_to_csv
AIRFLOW_CTX_EXECUTION_DATE=2022-11-01T22:00:00+00:00
AIRFLOW_CTX_DAG_RUN_ID=scheduled__2022-11-01T22:00:00+00:00
[2022-12-04 10:44:34,050] {python.py:175} INFO - Done. Returned value was: None
[2022-12-04 10:44:34,089] {taskinstance.py:1277} INFO - Marking task as SUCCESS. dag_id=dag1, task_id=save_to_csv, execution_date=20221101T220000, start_date=20221204T104433, end_date=20221204T104434
[2022-12-04 10:44:34,205] {local_task_job.py:154} INFO - Task exited with return code 0
[2022-12-04 10:44:35,130] {local_task_job.py:264} INFO - 0 downstream tasks scheduled from follow-on schedule check
