[2022-12-04 11:07:13,835] {taskinstance.py:1032} INFO - Dependencies all met for <TaskInstance: dag1.save_to_parquet scheduled__2022-11-04T08:40:00+00:00 [queued]>
[2022-12-04 11:07:13,885] {taskinstance.py:1032} INFO - Dependencies all met for <TaskInstance: dag1.save_to_parquet scheduled__2022-11-04T08:40:00+00:00 [queued]>
[2022-12-04 11:07:13,886] {taskinstance.py:1238} INFO - 
--------------------------------------------------------------------------------
[2022-12-04 11:07:13,886] {taskinstance.py:1239} INFO - Starting attempt 1 of 2
[2022-12-04 11:07:13,887] {taskinstance.py:1240} INFO - 
--------------------------------------------------------------------------------
[2022-12-04 11:07:13,935] {taskinstance.py:1259} INFO - Executing <Task(PythonOperator): save_to_parquet> on 2022-11-04 08:40:00+00:00
[2022-12-04 11:07:13,943] {standard_task_runner.py:52} INFO - Started process 12910 to run task
[2022-12-04 11:07:13,965] {standard_task_runner.py:76} INFO - Running: ['***', 'tasks', 'run', 'dag1', 'save_to_parquet', 'scheduled__2022-11-04T08:40:00+00:00', '--job-id', '5321', '--raw', '--subdir', 'DAGS_FOLDER/AirflowClean2.py', '--cfg-path', '/tmp/tmp99qew2lf', '--error-file', '/tmp/tmp665voj0f']
[2022-12-04 11:07:13,969] {standard_task_runner.py:77} INFO - Job 5321: Subtask save_to_parquet
[2022-12-04 11:07:14,218] {logging_mixin.py:109} INFO - Running <TaskInstance: dag1.save_to_parquet scheduled__2022-11-04T08:40:00+00:00 [running]> on host 9e44869ff3ef
[2022-12-04 11:07:14,486] {taskinstance.py:1426} INFO - Exporting the following env vars:
AIRFLOW_CTX_DAG_OWNER=Fadlil
AIRFLOW_CTX_DAG_ID=dag1
AIRFLOW_CTX_TASK_ID=save_to_parquet
AIRFLOW_CTX_EXECUTION_DATE=2022-11-04T08:40:00+00:00
AIRFLOW_CTX_DAG_RUN_ID=scheduled__2022-11-04T08:40:00+00:00
[2022-12-04 11:07:14,594] {python.py:175} INFO - Done. Returned value was: None
[2022-12-04 11:07:14,638] {taskinstance.py:1277} INFO - Marking task as SUCCESS. dag_id=dag1, task_id=save_to_parquet, execution_date=20221104T084000, start_date=20221204T110713, end_date=20221204T110714
[2022-12-04 11:07:14,734] {local_task_job.py:154} INFO - Task exited with return code 0
[2022-12-04 11:07:14,913] {local_task_job.py:264} INFO - 1 downstream tasks scheduled from follow-on schedule check
