[2022-12-04 03:00:05,283] {taskinstance.py:1032} INFO - Dependencies all met for <TaskInstance: dag1.get_data scheduled__2022-10-27T07:10:00+00:00 [queued]>
[2022-12-04 03:00:05,348] {taskinstance.py:1032} INFO - Dependencies all met for <TaskInstance: dag1.get_data scheduled__2022-10-27T07:10:00+00:00 [queued]>
[2022-12-04 03:00:05,352] {taskinstance.py:1238} INFO - 
--------------------------------------------------------------------------------
[2022-12-04 03:00:05,365] {taskinstance.py:1239} INFO - Starting attempt 1 of 2
[2022-12-04 03:00:05,366] {taskinstance.py:1240} INFO - 
--------------------------------------------------------------------------------
[2022-12-04 03:00:05,449] {taskinstance.py:1259} INFO - Executing <Task(PythonOperator): get_data> on 2022-10-27 07:10:00+00:00
[2022-12-04 03:00:05,455] {standard_task_runner.py:52} INFO - Started process 1035 to run task
[2022-12-04 03:00:05,509] {standard_task_runner.py:76} INFO - Running: ['***', 'tasks', 'run', 'dag1', 'get_data', 'scheduled__2022-10-27T07:10:00+00:00', '--job-id', '761', '--raw', '--subdir', 'DAGS_FOLDER/AirflowClean2.py', '--cfg-path', '/tmp/tmp4nkaqvyc', '--error-file', '/tmp/tmpostqva7v']
[2022-12-04 03:00:05,513] {standard_task_runner.py:77} INFO - Job 761: Subtask get_data
[2022-12-04 03:00:05,798] {logging_mixin.py:109} INFO - Running <TaskInstance: dag1.get_data scheduled__2022-10-27T07:10:00+00:00 [running]> on host 422c372562ce
[2022-12-04 03:00:05,983] {taskinstance.py:1426} INFO - Exporting the following env vars:
AIRFLOW_CTX_DAG_OWNER=Fadlil
AIRFLOW_CTX_DAG_ID=dag1
AIRFLOW_CTX_TASK_ID=get_data
AIRFLOW_CTX_EXECUTION_DATE=2022-10-27T07:10:00+00:00
AIRFLOW_CTX_DAG_RUN_ID=scheduled__2022-10-27T07:10:00+00:00
[2022-12-04 03:00:06,845] {python.py:175} INFO - Done. Returned value was: None
[2022-12-04 03:00:07,310] {taskinstance.py:1277} INFO - Marking task as SUCCESS. dag_id=dag1, task_id=get_data, execution_date=20221027T071000, start_date=20221204T030005, end_date=20221204T030007
[2022-12-04 03:00:07,444] {local_task_job.py:154} INFO - Task exited with return code 0
[2022-12-04 03:00:07,996] {local_task_job.py:264} INFO - 1 downstream tasks scheduled from follow-on schedule check
