[2022-12-04 09:54:19,285] {taskinstance.py:1032} INFO - Dependencies all met for <TaskInstance: dag1.save_to_csv scheduled__2022-10-30T17:00:00+00:00 [queued]>
[2022-12-04 09:54:20,074] {taskinstance.py:1032} INFO - Dependencies all met for <TaskInstance: dag1.save_to_csv scheduled__2022-10-30T17:00:00+00:00 [queued]>
[2022-12-04 09:54:20,082] {taskinstance.py:1238} INFO - 
--------------------------------------------------------------------------------
[2022-12-04 09:54:20,093] {taskinstance.py:1239} INFO - Starting attempt 1 of 2
[2022-12-04 09:54:20,094] {taskinstance.py:1240} INFO - 
--------------------------------------------------------------------------------
[2022-12-04 09:54:20,184] {taskinstance.py:1259} INFO - Executing <Task(PythonOperator): save_to_csv> on 2022-10-30 17:00:00+00:00
[2022-12-04 09:54:20,209] {standard_task_runner.py:52} INFO - Started process 2563 to run task
[2022-12-04 09:54:20,230] {standard_task_runner.py:76} INFO - Running: ['***', 'tasks', 'run', 'dag1', 'save_to_csv', 'scheduled__2022-10-30T17:00:00+00:00', '--job-id', '2637', '--raw', '--subdir', 'DAGS_FOLDER/AirflowClean2.py', '--cfg-path', '/tmp/tmprcl1pifh', '--error-file', '/tmp/tmpu2llmyq4']
[2022-12-04 09:54:20,253] {standard_task_runner.py:77} INFO - Job 2637: Subtask save_to_csv
[2022-12-04 09:54:20,475] {logging_mixin.py:109} INFO - Running <TaskInstance: dag1.save_to_csv scheduled__2022-10-30T17:00:00+00:00 [running]> on host 9e44869ff3ef
[2022-12-04 09:54:20,763] {taskinstance.py:1426} INFO - Exporting the following env vars:
AIRFLOW_CTX_DAG_OWNER=Fadlil
AIRFLOW_CTX_DAG_ID=dag1
AIRFLOW_CTX_TASK_ID=save_to_csv
AIRFLOW_CTX_EXECUTION_DATE=2022-10-30T17:00:00+00:00
AIRFLOW_CTX_DAG_RUN_ID=scheduled__2022-10-30T17:00:00+00:00
[2022-12-04 09:54:21,024] {python.py:175} INFO - Done. Returned value was: None
[2022-12-04 09:54:21,059] {taskinstance.py:1277} INFO - Marking task as SUCCESS. dag_id=dag1, task_id=save_to_csv, execution_date=20221030T170000, start_date=20221204T095419, end_date=20221204T095421
[2022-12-04 09:54:21,201] {local_task_job.py:154} INFO - Task exited with return code 0
[2022-12-04 09:54:21,300] {local_task_job.py:264} INFO - 1 downstream tasks scheduled from follow-on schedule check
