[2022-12-04 10:42:20,435] {taskinstance.py:1032} INFO - Dependencies all met for <TaskInstance: dag1.local_to_gcs_task scheduled__2022-11-01T16:30:00+00:00 [queued]>
[2022-12-04 10:42:20,463] {taskinstance.py:1032} INFO - Dependencies all met for <TaskInstance: dag1.local_to_gcs_task scheduled__2022-11-01T16:30:00+00:00 [queued]>
[2022-12-04 10:42:20,473] {taskinstance.py:1238} INFO - 
--------------------------------------------------------------------------------
[2022-12-04 10:42:20,474] {taskinstance.py:1239} INFO - Starting attempt 1 of 2
[2022-12-04 10:42:20,474] {taskinstance.py:1240} INFO - 
--------------------------------------------------------------------------------
[2022-12-04 10:42:20,513] {taskinstance.py:1259} INFO - Executing <Task(PythonOperator): local_to_gcs_task> on 2022-11-01 16:30:00+00:00
[2022-12-04 10:42:20,522] {standard_task_runner.py:52} INFO - Started process 7567 to run task
[2022-12-04 10:42:20,539] {standard_task_runner.py:76} INFO - Running: ['***', 'tasks', 'run', 'dag1', 'local_to_gcs_task', 'scheduled__2022-11-01T16:30:00+00:00', '--job-id', '3777', '--raw', '--subdir', 'DAGS_FOLDER/AirflowClean2.py', '--cfg-path', '/tmp/tmpfdvi2y9t', '--error-file', '/tmp/tmpdj6at3n1']
[2022-12-04 10:42:20,553] {standard_task_runner.py:77} INFO - Job 3777: Subtask local_to_gcs_task
[2022-12-04 10:42:20,804] {logging_mixin.py:109} INFO - Running <TaskInstance: dag1.local_to_gcs_task scheduled__2022-11-01T16:30:00+00:00 [running]> on host 9e44869ff3ef
[2022-12-04 10:42:20,982] {taskinstance.py:1426} INFO - Exporting the following env vars:
AIRFLOW_CTX_DAG_OWNER=Fadlil
AIRFLOW_CTX_DAG_ID=dag1
AIRFLOW_CTX_TASK_ID=local_to_gcs_task
AIRFLOW_CTX_EXECUTION_DATE=2022-11-01T16:30:00+00:00
AIRFLOW_CTX_DAG_RUN_ID=scheduled__2022-11-01T16:30:00+00:00
[2022-12-04 10:42:21,699] {python.py:175} INFO - Done. Returned value was: None
[2022-12-04 10:42:21,812] {taskinstance.py:1277} INFO - Marking task as SUCCESS. dag_id=dag1, task_id=local_to_gcs_task, execution_date=20221101T163000, start_date=20221204T104220, end_date=20221204T104221
[2022-12-04 10:42:21,881] {local_task_job.py:154} INFO - Task exited with return code 0
[2022-12-04 10:42:22,042] {local_task_job.py:264} INFO - 0 downstream tasks scheduled from follow-on schedule check
