[2022-12-04 11:40:26,288] {taskinstance.py:1032} INFO - Dependencies all met for <TaskInstance: dag1.bigquery_external_table_task scheduled__2022-11-04T14:50:00+00:00 [queued]>
[2022-12-04 11:40:26,459] {taskinstance.py:1032} INFO - Dependencies all met for <TaskInstance: dag1.bigquery_external_table_task scheduled__2022-11-04T14:50:00+00:00 [queued]>
[2022-12-04 11:40:26,475] {taskinstance.py:1238} INFO - 
--------------------------------------------------------------------------------
[2022-12-04 11:40:26,475] {taskinstance.py:1239} INFO - Starting attempt 2 of 2
[2022-12-04 11:40:26,476] {taskinstance.py:1240} INFO - 
--------------------------------------------------------------------------------
[2022-12-04 11:40:26,645] {taskinstance.py:1259} INFO - Executing <Task(BigQueryCreateExternalTableOperator): bigquery_external_table_task> on 2022-11-04 14:50:00+00:00
[2022-12-04 11:40:26,785] {standard_task_runner.py:76} INFO - Running: ['***', 'tasks', 'run', 'dag1', 'bigquery_external_table_task', 'scheduled__2022-11-04T14:50:00+00:00', '--job-id', '5498', '--raw', '--subdir', 'DAGS_FOLDER/AirflowClean2.py', '--cfg-path', '/tmp/tmprh5b0r3i', '--error-file', '/tmp/tmphb75pvdp']
[2022-12-04 11:40:26,805] {standard_task_runner.py:77} INFO - Job 5498: Subtask bigquery_external_table_task
[2022-12-04 11:40:26,703] {standard_task_runner.py:52} INFO - Started process 13845 to run task
[2022-12-04 11:40:27,773] {logging_mixin.py:109} INFO - Running <TaskInstance: dag1.bigquery_external_table_task scheduled__2022-11-04T14:50:00+00:00 [running]> on host 9e44869ff3ef
[2022-12-04 11:40:28,227] {taskinstance.py:1426} INFO - Exporting the following env vars:
AIRFLOW_CTX_DAG_OWNER=Fadlil
AIRFLOW_CTX_DAG_ID=dag1
AIRFLOW_CTX_TASK_ID=bigquery_external_table_task
AIRFLOW_CTX_EXECUTION_DATE=2022-11-04T14:50:00+00:00
AIRFLOW_CTX_DAG_RUN_ID=scheduled__2022-11-04T14:50:00+00:00
[2022-12-04 11:40:28,243] {crypto.py:82} WARNING - empty cryptography key - values will not be stored encrypted.
[2022-12-04 11:40:30,403] {taskinstance.py:1277} INFO - Marking task as SUCCESS. dag_id=dag1, task_id=bigquery_external_table_task, execution_date=20221104T145000, start_date=20221204T114026, end_date=20221204T114030
[2022-12-04 11:40:30,557] {local_task_job.py:154} INFO - Task exited with return code 0
[2022-12-04 11:40:30,736] {local_task_job.py:264} INFO - 0 downstream tasks scheduled from follow-on schedule check
