[2022-12-04 10:46:15,361] {taskinstance.py:1032} INFO - Dependencies all met for <TaskInstance: dag1.save_to_csv scheduled__2022-11-02T02:30:00+00:00 [queued]>
[2022-12-04 10:46:15,462] {taskinstance.py:1032} INFO - Dependencies all met for <TaskInstance: dag1.save_to_csv scheduled__2022-11-02T02:30:00+00:00 [queued]>
[2022-12-04 10:46:15,467] {taskinstance.py:1238} INFO - 
--------------------------------------------------------------------------------
[2022-12-04 10:46:15,473] {taskinstance.py:1239} INFO - Starting attempt 1 of 2
[2022-12-04 10:46:15,483] {taskinstance.py:1240} INFO - 
--------------------------------------------------------------------------------
[2022-12-04 10:46:15,557] {taskinstance.py:1259} INFO - Executing <Task(PythonOperator): save_to_csv> on 2022-11-02 02:30:00+00:00
[2022-12-04 10:46:15,585] {standard_task_runner.py:52} INFO - Started process 8353 to run task
[2022-12-04 10:46:15,596] {standard_task_runner.py:76} INFO - Running: ['***', 'tasks', 'run', 'dag1', 'save_to_csv', 'scheduled__2022-11-02T02:30:00+00:00', '--job-id', '4000', '--raw', '--subdir', 'DAGS_FOLDER/AirflowClean2.py', '--cfg-path', '/tmp/tmpqea_ackh', '--error-file', '/tmp/tmpe16e65ox']
[2022-12-04 10:46:15,601] {standard_task_runner.py:77} INFO - Job 4000: Subtask save_to_csv
[2022-12-04 10:46:16,449] {logging_mixin.py:109} INFO - Running <TaskInstance: dag1.save_to_csv scheduled__2022-11-02T02:30:00+00:00 [running]> on host 9e44869ff3ef
[2022-12-04 10:46:16,724] {taskinstance.py:1426} INFO - Exporting the following env vars:
AIRFLOW_CTX_DAG_OWNER=Fadlil
AIRFLOW_CTX_DAG_ID=dag1
AIRFLOW_CTX_TASK_ID=save_to_csv
AIRFLOW_CTX_EXECUTION_DATE=2022-11-02T02:30:00+00:00
AIRFLOW_CTX_DAG_RUN_ID=scheduled__2022-11-02T02:30:00+00:00
[2022-12-04 10:46:16,846] {python.py:175} INFO - Done. Returned value was: None
[2022-12-04 10:46:16,882] {taskinstance.py:1277} INFO - Marking task as SUCCESS. dag_id=dag1, task_id=save_to_csv, execution_date=20221102T023000, start_date=20221204T104615, end_date=20221204T104616
[2022-12-04 10:46:17,137] {local_task_job.py:154} INFO - Task exited with return code 0
[2022-12-04 10:46:17,845] {local_task_job.py:264} INFO - 1 downstream tasks scheduled from follow-on schedule check
