[2022-12-04 12:45:51,726] {taskinstance.py:1032} INFO - Dependencies all met for <TaskInstance: dag1.save_to_csv scheduled__2022-11-06T07:10:00+00:00 [queued]>
[2022-12-04 12:45:51,741] {taskinstance.py:1032} INFO - Dependencies all met for <TaskInstance: dag1.save_to_csv scheduled__2022-11-06T07:10:00+00:00 [queued]>
[2022-12-04 12:45:51,741] {taskinstance.py:1238} INFO - 
--------------------------------------------------------------------------------
[2022-12-04 12:45:51,742] {taskinstance.py:1239} INFO - Starting attempt 1 of 2
[2022-12-04 12:45:51,742] {taskinstance.py:1240} INFO - 
--------------------------------------------------------------------------------
[2022-12-04 12:45:51,758] {taskinstance.py:1259} INFO - Executing <Task(PythonOperator): save_to_csv> on 2022-11-06 07:10:00+00:00
[2022-12-04 12:45:51,765] {standard_task_runner.py:52} INFO - Started process 722 to run task
[2022-12-04 12:45:51,770] {standard_task_runner.py:76} INFO - Running: ['***', 'tasks', 'run', 'dag1', 'save_to_csv', 'scheduled__2022-11-06T07:10:00+00:00', '--job-id', '6847', '--raw', '--subdir', 'DAGS_FOLDER/AirflowClean2.py', '--cfg-path', '/tmp/tmpbo8nieui', '--error-file', '/tmp/tmp4cm5_kyw']
[2022-12-04 12:45:51,771] {standard_task_runner.py:77} INFO - Job 6847: Subtask save_to_csv
[2022-12-04 12:45:51,847] {logging_mixin.py:109} INFO - Running <TaskInstance: dag1.save_to_csv scheduled__2022-11-06T07:10:00+00:00 [running]> on host 7a020590adae
[2022-12-04 12:45:51,940] {taskinstance.py:1426} INFO - Exporting the following env vars:
AIRFLOW_CTX_DAG_OWNER=Fadlil
AIRFLOW_CTX_DAG_ID=dag1
AIRFLOW_CTX_TASK_ID=save_to_csv
AIRFLOW_CTX_EXECUTION_DATE=2022-11-06T07:10:00+00:00
AIRFLOW_CTX_DAG_RUN_ID=scheduled__2022-11-06T07:10:00+00:00
[2022-12-04 12:45:52,002] {python.py:175} INFO - Done. Returned value was: None
[2022-12-04 12:45:52,026] {taskinstance.py:1277} INFO - Marking task as SUCCESS. dag_id=dag1, task_id=save_to_csv, execution_date=20221106T071000, start_date=20221204T124551, end_date=20221204T124552
[2022-12-04 12:45:52,102] {local_task_job.py:154} INFO - Task exited with return code 0
[2022-12-04 12:45:52,188] {local_task_job.py:264} INFO - 1 downstream tasks scheduled from follow-on schedule check
