[2022-12-04 12:10:34,583] {taskinstance.py:1032} INFO - Dependencies all met for <TaskInstance: dag1.get_data scheduled__2022-11-05T17:30:00+00:00 [queued]>
[2022-12-04 12:10:34,773] {taskinstance.py:1032} INFO - Dependencies all met for <TaskInstance: dag1.get_data scheduled__2022-11-05T17:30:00+00:00 [queued]>
[2022-12-04 12:10:34,778] {taskinstance.py:1238} INFO - 
--------------------------------------------------------------------------------
[2022-12-04 12:10:34,839] {taskinstance.py:1239} INFO - Starting attempt 1 of 2
[2022-12-04 12:10:34,859] {taskinstance.py:1240} INFO - 
--------------------------------------------------------------------------------
[2022-12-04 12:10:35,071] {taskinstance.py:1259} INFO - Executing <Task(PythonOperator): get_data> on 2022-11-05 17:30:00+00:00
[2022-12-04 12:10:35,102] {standard_task_runner.py:52} INFO - Started process 17308 to run task
[2022-12-04 12:10:35,162] {standard_task_runner.py:76} INFO - Running: ['***', 'tasks', 'run', 'dag1', 'get_data', 'scheduled__2022-11-05T17:30:00+00:00', '--job-id', '6330', '--raw', '--subdir', 'DAGS_FOLDER/AirflowClean2.py', '--cfg-path', '/tmp/tmpijzcok9y', '--error-file', '/tmp/tmpgwfnp4f9']
[2022-12-04 12:10:35,209] {standard_task_runner.py:77} INFO - Job 6330: Subtask get_data
[2022-12-04 12:10:36,125] {logging_mixin.py:109} INFO - Running <TaskInstance: dag1.get_data scheduled__2022-11-05T17:30:00+00:00 [running]> on host 9e44869ff3ef
[2022-12-04 12:10:36,799] {taskinstance.py:1426} INFO - Exporting the following env vars:
AIRFLOW_CTX_DAG_OWNER=Fadlil
AIRFLOW_CTX_DAG_ID=dag1
AIRFLOW_CTX_TASK_ID=get_data
AIRFLOW_CTX_EXECUTION_DATE=2022-11-05T17:30:00+00:00
AIRFLOW_CTX_DAG_RUN_ID=scheduled__2022-11-05T17:30:00+00:00
[2022-12-04 12:10:37,836] {python.py:175} INFO - Done. Returned value was: None
[2022-12-04 12:10:38,323] {taskinstance.py:1277} INFO - Marking task as SUCCESS. dag_id=dag1, task_id=get_data, execution_date=20221105T173000, start_date=20221204T121034, end_date=20221204T121038
[2022-12-04 12:10:38,593] {local_task_job.py:154} INFO - Task exited with return code 0
[2022-12-04 12:10:39,091] {local_task_job.py:264} INFO - 1 downstream tasks scheduled from follow-on schedule check
