[2022-12-04 10:52:03,448] {taskinstance.py:1032} INFO - Dependencies all met for <TaskInstance: dag1.save_to_csv scheduled__2022-11-02T16:50:00+00:00 [queued]>
[2022-12-04 10:52:03,476] {taskinstance.py:1032} INFO - Dependencies all met for <TaskInstance: dag1.save_to_csv scheduled__2022-11-02T16:50:00+00:00 [queued]>
[2022-12-04 10:52:03,483] {taskinstance.py:1238} INFO - 
--------------------------------------------------------------------------------
[2022-12-04 10:52:03,483] {taskinstance.py:1239} INFO - Starting attempt 1 of 2
[2022-12-04 10:52:03,484] {taskinstance.py:1240} INFO - 
--------------------------------------------------------------------------------
[2022-12-04 10:52:03,570] {taskinstance.py:1259} INFO - Executing <Task(PythonOperator): save_to_csv> on 2022-11-02 16:50:00+00:00
[2022-12-04 10:52:03,584] {standard_task_runner.py:52} INFO - Started process 9601 to run task
[2022-12-04 10:52:03,602] {standard_task_runner.py:76} INFO - Running: ['***', 'tasks', 'run', 'dag1', 'save_to_csv', 'scheduled__2022-11-02T16:50:00+00:00', '--job-id', '4357', '--raw', '--subdir', 'DAGS_FOLDER/AirflowClean2.py', '--cfg-path', '/tmp/tmp2ke2z2zp', '--error-file', '/tmp/tmpdon8o8jy']
[2022-12-04 10:52:03,621] {standard_task_runner.py:77} INFO - Job 4357: Subtask save_to_csv
[2022-12-04 10:52:03,871] {logging_mixin.py:109} INFO - Running <TaskInstance: dag1.save_to_csv scheduled__2022-11-02T16:50:00+00:00 [running]> on host 9e44869ff3ef
[2022-12-04 10:52:04,101] {taskinstance.py:1426} INFO - Exporting the following env vars:
AIRFLOW_CTX_DAG_OWNER=Fadlil
AIRFLOW_CTX_DAG_ID=dag1
AIRFLOW_CTX_TASK_ID=save_to_csv
AIRFLOW_CTX_EXECUTION_DATE=2022-11-02T16:50:00+00:00
AIRFLOW_CTX_DAG_RUN_ID=scheduled__2022-11-02T16:50:00+00:00
[2022-12-04 10:52:04,209] {python.py:175} INFO - Done. Returned value was: None
[2022-12-04 10:52:04,265] {taskinstance.py:1277} INFO - Marking task as SUCCESS. dag_id=dag1, task_id=save_to_csv, execution_date=20221102T165000, start_date=20221204T105203, end_date=20221204T105204
[2022-12-04 10:52:04,335] {local_task_job.py:154} INFO - Task exited with return code 0
[2022-12-04 10:52:04,539] {local_task_job.py:264} INFO - 1 downstream tasks scheduled from follow-on schedule check
