[2022-12-03 17:53:17,077] {taskinstance.py:1032} INFO - Dependencies all met for <TaskInstance: dag1.get_data scheduled__2022-10-26T16:30:00+00:00 [queued]>
[2022-12-03 17:53:17,261] {taskinstance.py:1032} INFO - Dependencies all met for <TaskInstance: dag1.get_data scheduled__2022-10-26T16:30:00+00:00 [queued]>
[2022-12-03 17:53:17,270] {taskinstance.py:1238} INFO - 
--------------------------------------------------------------------------------
[2022-12-03 17:53:17,271] {taskinstance.py:1239} INFO - Starting attempt 1 of 2
[2022-12-03 17:53:17,271] {taskinstance.py:1240} INFO - 
--------------------------------------------------------------------------------
[2022-12-03 17:53:17,409] {taskinstance.py:1259} INFO - Executing <Task(PythonOperator): get_data> on 2022-10-26 16:30:00+00:00
[2022-12-03 17:53:17,458] {standard_task_runner.py:52} INFO - Started process 977 to run task
[2022-12-03 17:53:17,550] {standard_task_runner.py:76} INFO - Running: ['***', 'tasks', 'run', 'dag1', 'get_data', 'scheduled__2022-10-26T16:30:00+00:00', '--job-id', '380', '--raw', '--subdir', 'DAGS_FOLDER/AirflowClean2.py', '--cfg-path', '/tmp/tmpy9wj5mp5', '--error-file', '/tmp/tmp22fvcfgq']
[2022-12-03 17:53:17,559] {standard_task_runner.py:77} INFO - Job 380: Subtask get_data
[2022-12-03 17:53:17,996] {logging_mixin.py:109} INFO - Running <TaskInstance: dag1.get_data scheduled__2022-10-26T16:30:00+00:00 [running]> on host 422c372562ce
[2022-12-03 17:53:18,378] {taskinstance.py:1426} INFO - Exporting the following env vars:
AIRFLOW_CTX_DAG_OWNER=Fadlil
AIRFLOW_CTX_DAG_ID=dag1
AIRFLOW_CTX_TASK_ID=get_data
AIRFLOW_CTX_EXECUTION_DATE=2022-10-26T16:30:00+00:00
AIRFLOW_CTX_DAG_RUN_ID=scheduled__2022-10-26T16:30:00+00:00
[2022-12-03 17:53:19,213] {python.py:175} INFO - Done. Returned value was: None
[2022-12-03 17:53:19,930] {taskinstance.py:1277} INFO - Marking task as SUCCESS. dag_id=dag1, task_id=get_data, execution_date=20221026T163000, start_date=20221203T175317, end_date=20221203T175319
[2022-12-03 17:53:20,072] {local_task_job.py:154} INFO - Task exited with return code 0
[2022-12-03 17:53:20,288] {local_task_job.py:264} INFO - 1 downstream tasks scheduled from follow-on schedule check
