[2022-12-04 10:57:06,364] {taskinstance.py:1032} INFO - Dependencies all met for <TaskInstance: dag1.save_to_csv scheduled__2022-11-03T06:50:00+00:00 [queued]>
[2022-12-04 10:57:06,496] {taskinstance.py:1032} INFO - Dependencies all met for <TaskInstance: dag1.save_to_csv scheduled__2022-11-03T06:50:00+00:00 [queued]>
[2022-12-04 10:57:06,497] {taskinstance.py:1238} INFO - 
--------------------------------------------------------------------------------
[2022-12-04 10:57:06,498] {taskinstance.py:1239} INFO - Starting attempt 1 of 2
[2022-12-04 10:57:06,499] {taskinstance.py:1240} INFO - 
--------------------------------------------------------------------------------
[2022-12-04 10:57:06,595] {taskinstance.py:1259} INFO - Executing <Task(PythonOperator): save_to_csv> on 2022-11-03 06:50:00+00:00
[2022-12-04 10:57:06,607] {standard_task_runner.py:52} INFO - Started process 10724 to run task
[2022-12-04 10:57:06,658] {standard_task_runner.py:76} INFO - Running: ['***', 'tasks', 'run', 'dag1', 'save_to_csv', 'scheduled__2022-11-03T06:50:00+00:00', '--job-id', '4686', '--raw', '--subdir', 'DAGS_FOLDER/AirflowClean2.py', '--cfg-path', '/tmp/tmpbw7j3iox', '--error-file', '/tmp/tmpccl4p5ed']
[2022-12-04 10:57:06,663] {standard_task_runner.py:77} INFO - Job 4686: Subtask save_to_csv
[2022-12-04 10:57:07,241] {logging_mixin.py:109} INFO - Running <TaskInstance: dag1.save_to_csv scheduled__2022-11-03T06:50:00+00:00 [running]> on host 9e44869ff3ef
[2022-12-04 10:57:08,587] {taskinstance.py:1426} INFO - Exporting the following env vars:
AIRFLOW_CTX_DAG_OWNER=Fadlil
AIRFLOW_CTX_DAG_ID=dag1
AIRFLOW_CTX_TASK_ID=save_to_csv
AIRFLOW_CTX_EXECUTION_DATE=2022-11-03T06:50:00+00:00
AIRFLOW_CTX_DAG_RUN_ID=scheduled__2022-11-03T06:50:00+00:00
[2022-12-04 10:57:08,676] {python.py:175} INFO - Done. Returned value was: None
[2022-12-04 10:57:09,022] {taskinstance.py:1277} INFO - Marking task as SUCCESS. dag_id=dag1, task_id=save_to_csv, execution_date=20221103T065000, start_date=20221204T105706, end_date=20221204T105709
[2022-12-04 10:57:09,132] {local_task_job.py:154} INFO - Task exited with return code 0
[2022-12-04 10:57:09,232] {local_task_job.py:264} INFO - 1 downstream tasks scheduled from follow-on schedule check
