[2022-12-04 03:57:54,795] {taskinstance.py:1032} INFO - Dependencies all met for <TaskInstance: dag1.save_to_csv scheduled__2022-10-27T21:50:00+00:00 [queued]>
[2022-12-04 03:57:54,859] {taskinstance.py:1032} INFO - Dependencies all met for <TaskInstance: dag1.save_to_csv scheduled__2022-10-27T21:50:00+00:00 [queued]>
[2022-12-04 03:57:54,869] {taskinstance.py:1238} INFO - 
--------------------------------------------------------------------------------
[2022-12-04 03:57:54,878] {taskinstance.py:1239} INFO - Starting attempt 1 of 2
[2022-12-04 03:57:54,887] {taskinstance.py:1240} INFO - 
--------------------------------------------------------------------------------
[2022-12-04 03:57:55,012] {taskinstance.py:1259} INFO - Executing <Task(PythonOperator): save_to_csv> on 2022-10-27 21:50:00+00:00
[2022-12-04 03:57:55,024] {standard_task_runner.py:52} INFO - Started process 3398 to run task
[2022-12-04 03:57:55,068] {standard_task_runner.py:76} INFO - Running: ['***', 'tasks', 'run', 'dag1', 'save_to_csv', 'scheduled__2022-10-27T21:50:00+00:00', '--job-id', '1130', '--raw', '--subdir', 'DAGS_FOLDER/AirflowClean2.py', '--cfg-path', '/tmp/tmp9s2cdymo', '--error-file', '/tmp/tmpebw2t_sr']
[2022-12-04 03:57:55,073] {standard_task_runner.py:77} INFO - Job 1130: Subtask save_to_csv
[2022-12-04 03:57:55,610] {logging_mixin.py:109} INFO - Running <TaskInstance: dag1.save_to_csv scheduled__2022-10-27T21:50:00+00:00 [running]> on host 422c372562ce
[2022-12-04 03:57:56,123] {taskinstance.py:1426} INFO - Exporting the following env vars:
AIRFLOW_CTX_DAG_OWNER=Fadlil
AIRFLOW_CTX_DAG_ID=dag1
AIRFLOW_CTX_TASK_ID=save_to_csv
AIRFLOW_CTX_EXECUTION_DATE=2022-10-27T21:50:00+00:00
AIRFLOW_CTX_DAG_RUN_ID=scheduled__2022-10-27T21:50:00+00:00
[2022-12-04 03:57:56,523] {python.py:175} INFO - Done. Returned value was: None
[2022-12-04 03:57:57,406] {taskinstance.py:1277} INFO - Marking task as SUCCESS. dag_id=dag1, task_id=save_to_csv, execution_date=20221027T215000, start_date=20221204T035754, end_date=20221204T035757
[2022-12-04 03:57:57,960] {local_task_job.py:154} INFO - Task exited with return code 0
[2022-12-04 03:57:58,464] {local_task_job.py:264} INFO - 1 downstream tasks scheduled from follow-on schedule check
