[2022-12-04 10:36:59,266] {taskinstance.py:1032} INFO - Dependencies all met for <TaskInstance: dag1.get_data scheduled__2022-11-01T04:30:00+00:00 [queued]>
[2022-12-04 10:36:59,306] {taskinstance.py:1032} INFO - Dependencies all met for <TaskInstance: dag1.get_data scheduled__2022-11-01T04:30:00+00:00 [queued]>
[2022-12-04 10:36:59,306] {taskinstance.py:1238} INFO - 
--------------------------------------------------------------------------------
[2022-12-04 10:36:59,307] {taskinstance.py:1239} INFO - Starting attempt 1 of 2
[2022-12-04 10:36:59,307] {taskinstance.py:1240} INFO - 
--------------------------------------------------------------------------------
[2022-12-04 10:36:59,410] {taskinstance.py:1259} INFO - Executing <Task(PythonOperator): get_data> on 2022-11-01 04:30:00+00:00
[2022-12-04 10:36:59,419] {standard_task_runner.py:52} INFO - Started process 6497 to run task
[2022-12-04 10:36:59,448] {standard_task_runner.py:76} INFO - Running: ['***', 'tasks', 'run', 'dag1', 'get_data', 'scheduled__2022-11-01T04:30:00+00:00', '--job-id', '3473', '--raw', '--subdir', 'DAGS_FOLDER/AirflowClean2.py', '--cfg-path', '/tmp/tmp3hq8zgc_', '--error-file', '/tmp/tmpfe4ir1bo']
[2022-12-04 10:36:59,454] {standard_task_runner.py:77} INFO - Job 3473: Subtask get_data
[2022-12-04 10:36:59,688] {logging_mixin.py:109} INFO - Running <TaskInstance: dag1.get_data scheduled__2022-11-01T04:30:00+00:00 [running]> on host 9e44869ff3ef
[2022-12-04 10:36:59,966] {taskinstance.py:1426} INFO - Exporting the following env vars:
AIRFLOW_CTX_DAG_OWNER=Fadlil
AIRFLOW_CTX_DAG_ID=dag1
AIRFLOW_CTX_TASK_ID=get_data
AIRFLOW_CTX_EXECUTION_DATE=2022-11-01T04:30:00+00:00
AIRFLOW_CTX_DAG_RUN_ID=scheduled__2022-11-01T04:30:00+00:00
[2022-12-04 10:37:00,815] {python.py:175} INFO - Done. Returned value was: None
[2022-12-04 10:37:00,867] {taskinstance.py:1277} INFO - Marking task as SUCCESS. dag_id=dag1, task_id=get_data, execution_date=20221101T043000, start_date=20221204T103659, end_date=20221204T103700
[2022-12-04 10:37:01,013] {local_task_job.py:154} INFO - Task exited with return code 0
[2022-12-04 10:37:01,110] {local_task_job.py:264} INFO - 1 downstream tasks scheduled from follow-on schedule check
