[2022-12-04 10:42:30,301] {taskinstance.py:1032} INFO - Dependencies all met for <TaskInstance: dag1.get_data scheduled__2022-11-01T17:30:00+00:00 [queued]>
[2022-12-04 10:42:30,674] {taskinstance.py:1032} INFO - Dependencies all met for <TaskInstance: dag1.get_data scheduled__2022-11-01T17:30:00+00:00 [queued]>
[2022-12-04 10:42:30,675] {taskinstance.py:1238} INFO - 
--------------------------------------------------------------------------------
[2022-12-04 10:42:30,676] {taskinstance.py:1239} INFO - Starting attempt 1 of 2
[2022-12-04 10:42:30,677] {taskinstance.py:1240} INFO - 
--------------------------------------------------------------------------------
[2022-12-04 10:42:30,734] {taskinstance.py:1259} INFO - Executing <Task(PythonOperator): get_data> on 2022-11-01 17:30:00+00:00
[2022-12-04 10:42:30,750] {standard_task_runner.py:76} INFO - Running: ['***', 'tasks', 'run', 'dag1', 'get_data', 'scheduled__2022-11-01T17:30:00+00:00', '--job-id', '3784', '--raw', '--subdir', 'DAGS_FOLDER/AirflowClean2.py', '--cfg-path', '/tmp/tmpuublgh4g', '--error-file', '/tmp/tmp6gjfd_rc']
[2022-12-04 10:42:30,743] {standard_task_runner.py:52} INFO - Started process 7595 to run task
[2022-12-04 10:42:30,807] {standard_task_runner.py:77} INFO - Job 3784: Subtask get_data
[2022-12-04 10:42:31,177] {logging_mixin.py:109} INFO - Running <TaskInstance: dag1.get_data scheduled__2022-11-01T17:30:00+00:00 [running]> on host 9e44869ff3ef
[2022-12-04 10:42:31,380] {taskinstance.py:1426} INFO - Exporting the following env vars:
AIRFLOW_CTX_DAG_OWNER=Fadlil
AIRFLOW_CTX_DAG_ID=dag1
AIRFLOW_CTX_TASK_ID=get_data
AIRFLOW_CTX_EXECUTION_DATE=2022-11-01T17:30:00+00:00
AIRFLOW_CTX_DAG_RUN_ID=scheduled__2022-11-01T17:30:00+00:00
[2022-12-04 10:42:32,293] {python.py:175} INFO - Done. Returned value was: None
[2022-12-04 10:42:32,771] {taskinstance.py:1277} INFO - Marking task as SUCCESS. dag_id=dag1, task_id=get_data, execution_date=20221101T173000, start_date=20221204T104230, end_date=20221204T104232
[2022-12-04 10:42:32,945] {local_task_job.py:154} INFO - Task exited with return code 0
[2022-12-04 10:42:33,157] {local_task_job.py:264} INFO - 1 downstream tasks scheduled from follow-on schedule check
