[2022-12-04 09:53:47,068] {taskinstance.py:1032} INFO - Dependencies all met for <TaskInstance: dag1.save_to_csv scheduled__2022-10-30T15:20:00+00:00 [queued]>
[2022-12-04 09:53:47,222] {taskinstance.py:1032} INFO - Dependencies all met for <TaskInstance: dag1.save_to_csv scheduled__2022-10-30T15:20:00+00:00 [queued]>
[2022-12-04 09:53:47,252] {taskinstance.py:1238} INFO - 
--------------------------------------------------------------------------------
[2022-12-04 09:53:47,259] {taskinstance.py:1239} INFO - Starting attempt 1 of 2
[2022-12-04 09:53:47,275] {taskinstance.py:1240} INFO - 
--------------------------------------------------------------------------------
[2022-12-04 09:53:47,385] {taskinstance.py:1259} INFO - Executing <Task(PythonOperator): save_to_csv> on 2022-10-30 15:20:00+00:00
[2022-12-04 09:53:47,393] {standard_task_runner.py:52} INFO - Started process 2450 to run task
[2022-12-04 09:53:47,414] {standard_task_runner.py:76} INFO - Running: ['***', 'tasks', 'run', 'dag1', 'save_to_csv', 'scheduled__2022-10-30T15:20:00+00:00', '--job-id', '2604', '--raw', '--subdir', 'DAGS_FOLDER/AirflowClean2.py', '--cfg-path', '/tmp/tmpadk3bs8w', '--error-file', '/tmp/tmpryxpoi5l']
[2022-12-04 09:53:47,418] {standard_task_runner.py:77} INFO - Job 2604: Subtask save_to_csv
[2022-12-04 09:53:48,130] {logging_mixin.py:109} INFO - Running <TaskInstance: dag1.save_to_csv scheduled__2022-10-30T15:20:00+00:00 [running]> on host 9e44869ff3ef
[2022-12-04 09:53:48,966] {taskinstance.py:1426} INFO - Exporting the following env vars:
AIRFLOW_CTX_DAG_OWNER=Fadlil
AIRFLOW_CTX_DAG_ID=dag1
AIRFLOW_CTX_TASK_ID=save_to_csv
AIRFLOW_CTX_EXECUTION_DATE=2022-10-30T15:20:00+00:00
AIRFLOW_CTX_DAG_RUN_ID=scheduled__2022-10-30T15:20:00+00:00
[2022-12-04 09:53:49,171] {python.py:175} INFO - Done. Returned value was: None
[2022-12-04 09:53:49,208] {taskinstance.py:1277} INFO - Marking task as SUCCESS. dag_id=dag1, task_id=save_to_csv, execution_date=20221030T152000, start_date=20221204T095347, end_date=20221204T095349
[2022-12-04 09:53:49,314] {local_task_job.py:154} INFO - Task exited with return code 0
[2022-12-04 09:53:49,451] {local_task_job.py:264} INFO - 1 downstream tasks scheduled from follow-on schedule check
